Log file open, 09/11/18 20:52:10
LogWindows: Failed to load 'aqProf.dll' (GetLastError=126)
LogWindows: File 'aqProf.dll' does not exist
LogWindows: Failed to load 'VtuneApi.dll' (GetLastError=126)
LogWindows: File 'VtuneApi.dll' does not exist
LogWindows: Failed to load 'VtuneApi32e.dll' (GetLastError=126)
LogWindows: File 'VtuneApi32e.dll' does not exist
LogInit: Display: Running engine for game: BeyondHuman
LogPlatformFile: Not using cached read wrapper
LogTaskGraph: Started task graph with 5 named threads and 23 total threads with 3 sets of task threads.
LogStats: Stats thread started at 0.292611
LogD3D11RHI: Loaded GFSDK_Aftermath_Lib.x64.dll
LogICUInternationalization: Display: ICU TimeZone Detection - Raw Offset: +0:00, Platform Override: ''
LogPluginManager: Mounting plugin Paper2D
LogPluginManager: Mounting plugin AISupport
LogPluginManager: Mounting plugin LightPropagationVolume
LogPluginManager: Mounting plugin CLionSourceCodeAccess
LogPluginManager: Mounting plugin CodeLiteSourceCodeAccess
LogPluginManager: Mounting plugin GitSourceControl
LogPluginManager: Mounting plugin KDevelopSourceCodeAccess
LogPluginManager: Mounting plugin NullSourceCodeAccess
LogPluginManager: Mounting plugin PerforceSourceControl
LogPluginManager: Mounting plugin SubversionSourceControl
LogPluginManager: Mounting plugin UObjectPlugin
LogPluginManager: Mounting plugin VisualStudioCodeSourceCodeAccess
LogPluginManager: Mounting plugin VisualStudioSourceCodeAccess
LogPluginManager: Mounting plugin XCodeSourceCodeAccess
LogPluginManager: Mounting plugin AssetManagerEditor
LogPluginManager: Mounting plugin CryptoKeys
LogPluginManager: Mounting plugin DataValidation
LogPluginManager: Mounting plugin FacialAnimation
LogPluginManager: Mounting plugin GameplayTagsEditor
LogPluginManager: Mounting plugin MacGraphicsSwitching
LogPluginManager: Mounting plugin MeshEditor
LogPluginManager: Mounting plugin MobileLauncherProfileWizard
LogPluginManager: Mounting plugin PluginBrowser
LogPluginManager: Mounting plugin SpeedTreeImporter
LogPluginManager: Mounting plugin DatasmithContent
LogPluginManager: Mounting plugin AlembicImporter
LogPluginManager: Mounting plugin AppleImageUtils
LogPluginManager: Mounting plugin AppleVision
LogPluginManager: Mounting plugin BackChannel
LogPluginManager: Mounting plugin CharacterAI
LogPluginManager: Mounting plugin GeometryCache
LogPluginManager: Mounting plugin HTML5Networking
LogPluginManager: Mounting plugin ProxyLODPlugin
LogPluginManager: Mounting plugin MagicLeap
LogPluginManager: Mounting plugin MagicLeapEmulator
LogPluginManager: Mounting plugin MagicLeapMedia
LogPluginManager: Mounting plugin Substance
LogPluginManager: Mounting plugin AndroidMedia
LogPluginManager: Mounting plugin AvfMedia
LogPluginManager: Mounting plugin ImgMedia
LogPluginManager: Mounting plugin LinearTimecode
LogPluginManager: Mounting plugin MediaCompositing
LogPluginManager: Mounting plugin MediaPlayerEditor
LogPluginManager: Mounting plugin WmfMedia
LogPluginManager: Mounting plugin TcpMessaging
LogPluginManager: Mounting plugin UdpMessaging
LogPluginManager: Mounting plugin ActorSequence
LogPluginManager: Mounting plugin LevelSequenceEditor
LogPluginManager: Mounting plugin MatineeToLevelSequence
LogPluginManager: Mounting plugin NetcodeUnitTest
LogPluginManager: Mounting plugin NUTUnrealEngine4
LogPluginManager: Mounting plugin OnlineSubsystemGooglePlay
LogPluginManager: Mounting plugin OnlineSubsystemIOS
LogPluginManager: Mounting plugin OnlineSubsystem
LogPluginManager: Mounting plugin OnlineSubsystemNull
LogPluginManager: Mounting plugin OnlineSubsystemUtils
LogPluginManager: Mounting plugin LauncherChunkInstaller
LogPluginManager: Mounting plugin AndroidDeviceProfileSelector
LogPluginManager: Mounting plugin AndroidMoviePlayer
LogPluginManager: Mounting plugin AndroidPermission
LogPluginManager: Mounting plugin AppleMoviePlayer
LogPluginManager: Mounting plugin ArchVisCharacter
LogPluginManager: Mounting plugin AudioCapture
LogPluginManager: Mounting plugin CableComponent
LogPluginManager: Mounting plugin CustomMeshComponent
LogPluginManager: Mounting plugin EditableMesh
LogPluginManager: Mounting plugin ExampleDeviceProfileSelector
LogPluginManager: Mounting plugin GoogleCloudMessaging
LogPluginManager: Mounting plugin ImmediatePhysics
LogPluginManager: Mounting plugin IOSDeviceProfileSelector
LogPluginManager: Mounting plugin LinuxDeviceProfileSelector
LogPluginManager: Mounting plugin LocationServicesBPLibrary
LogPluginManager: Mounting plugin MobilePatchingUtils
LogPluginManager: Mounting plugin OculusVR
LogPluginManager: Plugin shader directory ../../../Engine/Plugins/Runtime/Oculus/OculusVR/Shaders found
LogPluginManager: Mapping shader source directory ../../../Engine/Plugins/Runtime/Oculus/OculusVR/Shaders to virtual directory /Plugin/OculusVR
LogPluginManager: Mounting plugin PhysXVehicles
LogPluginManager: Mounting plugin ProceduralMeshComponent
LogPluginManager: Mounting plugin RuntimePhysXCooking
LogPluginManager: Mounting plugin SteamVR
LogPluginManager: Mounting plugin WindowsMoviePlayer
LogStreaming: Display: Took  0.100s to configure plugins.
LogInit: Using libcurl 7.55.1-DEV
LogInit:  - built for x86_64-pc-win32
LogInit:  - supports SSL with OpenSSL/1.0.2h
LogInit:  - supports HTTP deflate (compression) using libz 1.2.8
LogInit:  - other features:
LogInit:      CURL_VERSION_SSL
LogInit:      CURL_VERSION_LIBZ
LogInit:      CURL_VERSION_IPV6
LogInit:      CURL_VERSION_ASYNCHDNS
LogInit:      CURL_VERSION_LARGEFILE
LogInit:      CURL_VERSION_IDN
LogInit:  CurlRequestOptions (configurable via config and command line):
LogInit:  - bVerifyPeer = false  - Libcurl will NOT verify peer certificate
LogInit:  - bUseHttpProxy = false  - Libcurl will NOT use HTTP proxy
LogInit:  - bDontReuseConnections = false  - Libcurl will reuse connections
LogInit:  - CertBundlePath = nullptr  - Libcurl will use whatever was configured at build time.
LogInit:  - MaxHostConnections = 16  - Libcurl will limit the number of connections to a host
LogInit:  - LocalHostAddr = Default
LogInit:  - BufferSize = 65536
LogInit: WinSock: version 1.1 (2.2), MaxSocks=32767, MaxUdp=65467
LogInit: Build: ++UE4+Release-4.20-CL-4212847
LogInit: Engine Version: 4.20.0-4212847+++UE4+Release-4.20
LogInit: Compatible Engine Version: 4.20.0-4212847+++UE4+Release-4.20
LogInit: Net CL: 4212847
LogInit: OS: Windows 10 (), CPU:        Intel(R) Core(TM) i7-2600K CPU @ 3.40GHz, GPU: NVIDIA GeForce GTX 970
LogInit: Compiled (64-bit): Jul 14 2018 09:51:14
LogInit: Compiled with Visual C++: 19.13.26129.00
LogInit: Build Configuration: Development
LogInit: Branch Name: ++UE4+Release-4.20
LogInit: Command Line:  
LogInit: Base Directory: C:/Program Files/Epic Games/UE_4.20/Engine/Binaries/Win64/
LogInit: Installed Engine Build: 1
LogDevObjectVersion: Number of dev versions registered: 20
LogDevObjectVersion:   Dev-Blueprints (B0D832E4-1F89-4F0D-ACCF-7EB736FD4AA2): 10
LogDevObjectVersion:   Dev-Build (E1C64328-A22C-4D53-A36C-8E866417BD8C): 0
LogDevObjectVersion:   Dev-Core (375EC13C-06E4-48FB-B500-84F0262A717E): 2
LogDevObjectVersion:   Dev-Editor (E4B068ED-F494-42E9-A231-DA0B2E46BB41): 24
LogDevObjectVersion:   Dev-Framework (CFFC743F-43B0-4480-9391-14DF171D2073): 34
LogDevObjectVersion:   Dev-Mobile (B02B49B5-BB20-44E9-A304-32B752E40360): 2
LogDevObjectVersion:   Dev-Networking (A4E4105C-59A1-49B5-A7C5-40C4547EDFEE): 0
LogDevObjectVersion:   Dev-Online (39C831C9-5AE6-47DC-9A44-9C173E1C8E7C): 0
LogDevObjectVersion:   Dev-Physics (78F01B33-EBEA-4F98-B9B4-84EACCB95AA2): 0
LogDevObjectVersion:   Dev-Platform (6631380F-2D4D-43E0-8009-CF276956A95A): 0
LogDevObjectVersion:   Dev-Rendering (12F88B9F-8875-4AFC-A67C-D90C383ABD29): 26
LogDevObjectVersion:   Dev-Sequencer (7B5AE74C-D270-4C10-A958-57980B212A5A): 9
LogDevObjectVersion:   Dev-VR (D7296918-1DD6-4BDD-9DE2-64A83CC13884): 2
LogDevObjectVersion:   Dev-LoadTimes (C2A15278-BFE7-4AFE-6C17-90FF531DF755): 1
LogDevObjectVersion:   Private-Geometry (6EACA3D4-40EC-4CC1-B786-8BED09428FC5): 3
LogDevObjectVersion:   Dev-AnimPhys (29E575DD-E0A3-4627-9D10-D276232CDCEA): 17
LogDevObjectVersion:   Dev-ReflectionCapture (6B266CEC-1EC7-4B8F-A30B-E4D90942FC07): 1
LogDevObjectVersion:   Dev-Automation (0DF73D61-A23F-47EA-B727-89E90C41499A): 1
LogDevObjectVersion:   FortniteMain (601D1886-AC64-4F84-AA16-D3DE0DEAC7D6): 12
LogDevObjectVersion:   Dev-Enterprise (9DFFBCD6-494F-0158-E221-12823C92A888): 1
LogStreaming: Display: Took  0.002s to delete old logs.
LogInit: Presizing for max 8388607 objects, including 0 objects not considered by GC, pre-allocating 0 bytes for permanent pool.
LogInit: Object subsystem initialized
[2018.09.11-19.52.11:139][  0]LogInit: Selected Device Profile: [Windows]
[2018.09.11-19.52.11:139][  0]LogInit: Applying CVar settings loaded from the selected device profile: [Windows]
[2018.09.11-19.52.11:148][  0]LogHAL: Display: Platform has ~ 16 GB [17160146944 / 17179869184 / 16], which maps to Larger [LargestMinGB=32, LargerMinGB=12, DefaultMinGB=8, SmallerMinGB=6, SmallestMinGB=0)
[2018.09.11-19.52.11:148][  0]LogInit: Setting Device Profile CVar: [[r.Vulkan.UseRealUBs:1]]
[2018.09.11-19.52.11:148][  0]LogInit: Going up to parent DeviceProfile []
[2018.09.11-19.52.11:148][  0]LogInit: Computer: DESKTOP-45O6R3R
[2018.09.11-19.52.11:148][  0]LogInit: User: mikey
[2018.09.11-19.52.11:148][  0]LogInit: CPU Page size=4096, Cores=4
[2018.09.11-19.52.11:148][  0]LogInit: High frequency timer resolution =3.331195 MHz
[2018.09.11-19.52.11:149][  0]LogMemory: Memory total: Physical=16.0GB (16GB approx)
[2018.09.11-19.52.11:149][  0]LogMemory: Platform Memory Stats for Windows
[2018.09.11-19.52.11:149][  0]LogMemory: Process Physical Memory: 100.06 MB used, 100.06 MB peak
[2018.09.11-19.52.11:149][  0]LogMemory: Process Virtual Memory: 91.09 MB used, 91.09 MB peak
[2018.09.11-19.52.11:149][  0]LogMemory: Physical Memory: 5308.69 MB used,  11056.50 MB free, 16365.19 MB total
[2018.09.11-19.52.11:149][  0]LogMemory: Virtual Memory: 4640.43 MB used,  11056.50 MB free, 134217728.00 MB total
[2018.09.11-19.52.11:174][  0]LogInit: Using OS detected language (en-US).
[2018.09.11-19.52.11:174][  0]LogInit: Using OS detected locale (en-GB).
[2018.09.11-19.52.11:175][  0]LogTextLocalizationManager: No specific localization for 'en-US' exists, so the 'en' localization will be used.
[2018.09.11-19.52.11:614][  0]LogStreaming: Display: Took  0.440s to InitEngineTextLocalization.
[2018.09.11-19.52.11:614][  0]LogInit: Setting process to per monitor DPI aware
[2018.09.11-19.52.11:658][  0]LogSlate: New Slate User Created.  User Index 0, Is Virtual User: 0
[2018.09.11-19.52.11:658][  0]LogSlate: Slate User Registered.  User Index 0, Is Virtual User: 0
[2018.09.11-19.52.11:956][  0]LogHMD: Failed to initialize OpenVR with code 126
[2018.09.11-19.52.11:956][  0]LogD3D11RHI: D3D11 adapters:
[2018.09.11-19.52.12:013][  0]LogD3D11RHI:    0. 'NVIDIA GeForce GTX 970' (Feature Level 11_0)
[2018.09.11-19.52.12:013][  0]LogD3D11RHI:       4058/0/8182 MB DedicatedVideo/DedicatedSystem/SharedSystem, Outputs:3, VendorId:0x10de
[2018.09.11-19.52.12:017][  0]LogD3D11RHI:    1. 'Microsoft Basic Render Driver' (Feature Level 11_0)
[2018.09.11-19.52.12:017][  0]LogD3D11RHI:       0/0/8182 MB DedicatedVideo/DedicatedSystem/SharedSystem, Outputs:0, VendorId:0x1414
[2018.09.11-19.52.12:017][  0]LogD3D11RHI: Chosen D3D11 Adapter: 0
[2018.09.11-19.52.12:024][  0]LogD3D11RHI: Creating new Direct3DDevice
[2018.09.11-19.52.12:024][  0]LogD3D11RHI:     GPU DeviceId: 0x13c2 (for the marketing name, search the web for "GPU Device Id")
[2018.09.11-19.52.12:024][  0]LogWindows: EnumDisplayDevices:
[2018.09.11-19.52.12:024][  0]LogWindows:    0. 'NVIDIA GeForce GTX 970' (P:1 D:1)
[2018.09.11-19.52.12:024][  0]LogWindows:    1. 'NVIDIA GeForce GTX 970' (P:0 D:1)
[2018.09.11-19.52.12:024][  0]LogWindows:    2. 'NVIDIA GeForce GTX 970' (P:0 D:1)
[2018.09.11-19.52.12:024][  0]LogWindows:    3. 'NVIDIA GeForce GTX 970' (P:0 D:0)
[2018.09.11-19.52.12:025][  0]LogWindows: DebugString: FoundDriverCount:4 
[2018.09.11-19.52.12:025][  0]LogD3D11RHI:     Adapter Name: NVIDIA GeForce GTX 970
[2018.09.11-19.52.12:025][  0]LogD3D11RHI:   Driver Version: 388.13 (internal:23.21.13.8813, unified:388.13)
[2018.09.11-19.52.12:025][  0]LogD3D11RHI:      Driver Date: 10-27-2017
[2018.09.11-19.52.12:025][  0]LogRHI: Texture pool is 2840 MB (70% of 4058 MB)
[2018.09.11-19.52.12:062][  0]LogD3D11RHI: Async texture creation enabled
[2018.09.11-19.52.12:073][  0]LogD3D11RHI: GPU Timing Frequency: 1000.000000 (Debug: 2 1)
[2018.09.11-19.52.12:226][  0]LogShaderCompilers: Guid format shader working directory is 16 characters bigger than the processId version (E:/Unreal Projects/BeyondHuman/Intermediate/Shaders/WorkingDirectory/2604/).
[2018.09.11-19.52.12:226][  0]LogShaderCompilers: Cleaned the shader compiler working directory 'C:/Users/mikey/AppData/Local/Temp/UnrealShaderWorkingDir/AE065CB34209B4EDA0322881A5B60887/'.
[2018.09.11-19.52.13:135][  0]LogTemp: Display: Loaded TP AllDesktopTargetPlatform
[2018.09.11-19.52.13:151][  0]LogTemp: Display: Loaded TP MacClientTargetPlatform
[2018.09.11-19.52.13:166][  0]LogTemp: Display: Loaded TP MacNoEditorTargetPlatform
[2018.09.11-19.52.13:181][  0]LogTemp: Display: Loaded TP MacServerTargetPlatform
[2018.09.11-19.52.13:197][  0]LogTemp: Display: Loaded TP MacTargetPlatform
[2018.09.11-19.52.13:212][  0]LogTemp: Display: Loaded TP WindowsClientTargetPlatform
[2018.09.11-19.52.13:227][  0]LogTemp: Display: Loaded TP WindowsNoEditorTargetPlatform
[2018.09.11-19.52.13:242][  0]LogTemp: Display: Loaded TP WindowsServerTargetPlatform
[2018.09.11-19.52.13:250][  0]LogTemp: Display: Loaded TP WindowsTargetPlatform
[2018.09.11-19.52.13:336][  0]LogTemp: Display: Loaded TP AndroidTargetPlatform
[2018.09.11-19.52.13:336][  0]LogTemp: Display: Loaded TP AndroidTargetPlatform
[2018.09.11-19.52.13:336][  0]LogTemp: Display: Loaded TP AndroidTargetPlatform
[2018.09.11-19.52.13:336][  0]LogTemp: Display: Loaded TP AndroidTargetPlatform
[2018.09.11-19.52.13:336][  0]LogTemp: Display: Loaded TP AndroidTargetPlatform
[2018.09.11-19.52.13:336][  0]LogTemp: Display: Loaded TP AndroidTargetPlatform
[2018.09.11-19.52.13:336][  0]LogTemp: Display: Loaded TP AndroidTargetPlatform
[2018.09.11-19.52.13:336][  0]LogTemp: Display: Loaded TP AndroidTargetPlatform
[2018.09.11-19.52.13:336][  0]LogTemp: Display: Loaded TP AndroidTargetPlatform
[2018.09.11-19.52.13:336][  0]LogTemp: Display: Loaded TP AndroidTargetPlatform
[2018.09.11-19.52.13:336][  0]LogTemp: Display: Loaded TP AndroidTargetPlatform
[2018.09.11-19.52.13:336][  0]LogTemp: Display: Loaded TP AndroidTargetPlatform
[2018.09.11-19.52.13:336][  0]LogTemp: Display: Loaded TP AndroidTargetPlatform
[2018.09.11-19.52.13:336][  0]LogTemp: Display: Loaded TP AndroidTargetPlatform
[2018.09.11-19.52.13:336][  0]LogTemp: Display: Loaded TP AndroidTargetPlatform
[2018.09.11-19.52.13:336][  0]LogTemp: Display: Loaded TP AndroidTargetPlatform
[2018.09.11-19.52.13:336][  0]LogTemp: Display: Loaded TP AndroidTargetPlatform
[2018.09.11-19.52.13:336][  0]LogTemp: Display: Loaded TP AndroidTargetPlatform
[2018.09.11-19.52.13:338][  0]LogTemp: Display: Loaded TP HTML5TargetPlatform
[2018.09.11-19.52.13:402][  0]LogTemp: Display: Loaded TP IOSTargetPlatform
[2018.09.11-19.52.13:402][  0]LogTemp: Display: Loaded TP IOSTargetPlatform
[2018.09.11-19.52.13:429][  0]LogTemp: Display: Loaded TP TVOSTargetPlatform
[2018.09.11-19.52.13:429][  0]LogTemp: Display: Loaded TP TVOSTargetPlatform
[2018.09.11-19.52.13:443][  0]LogTemp: Display: Loaded TP LinuxClientTargetPlatform
[2018.09.11-19.52.13:457][  0]LogTemp: Display: Loaded TP LinuxNoEditorTargetPlatform
[2018.09.11-19.52.13:471][  0]LogTemp: Display: Loaded TP LinuxServerTargetPlatform
[2018.09.11-19.52.13:486][  0]LogTemp: Display: Loaded TP LinuxTargetPlatform
[2018.09.11-19.52.13:496][  0]LogTemp: Display: Loaded TP LuminTargetPlatform
[2018.09.11-19.52.13:496][  0]LogTargetPlatformManager: Display: Building Assets For Windows
[2018.09.11-19.52.13:560][  0]LogXGEController: Cleaning working directory: C:/Users/mikey/AppData/Local/Temp/UnrealXGEWorkingDir/
[2018.09.11-19.52.13:560][  0]LogXGEController: Cannot use XGE Controller as Incredibuild is not installed on this machine.
[2018.09.11-19.52.13:560][  0]LogShaderCompilers: Cannot use XGE Shader Compiler as Incredibuild is not installed on this machine.
[2018.09.11-19.52.13:560][  0]LogShaderCompilers: Display: Using Local Shader Compiler.
[2018.09.11-19.52.14:448][  0]LogDerivedDataCache: Display: Max Cache Size: 512 MB
[2018.09.11-19.52.14:553][  0]LogDerivedDataCache: Loaded boot cache 0.10s 71MB C:/Users/mikey/AppData/Local/UnrealEngine/4.20/DerivedDataCache/Boot.ddc.
[2018.09.11-19.52.14:553][  0]LogDerivedDataCache: Display: Loaded Boot cache: C:/Users/mikey/AppData/Local/UnrealEngine/4.20/DerivedDataCache/Boot.ddc
[2018.09.11-19.52.14:553][  0]LogDerivedDataCache: FDerivedDataBackendGraph:  Pak pak cache file E:/Unreal Projects/BeyondHuman/DerivedDataCache/DDC.ddp not found, will not use a pak cache.
[2018.09.11-19.52.14:553][  0]LogDerivedDataCache: Unable to find inner node Pak for hierarchical cache Hierarchy.
[2018.09.11-19.52.14:554][  0]LogDerivedDataCache: FDerivedDataBackendGraph:  CompressedPak pak cache file E:/Unreal Projects/BeyondHuman/DerivedDataCache/Compressed.ddp not found, will not use a pak cache.
[2018.09.11-19.52.14:554][  0]LogDerivedDataCache: Unable to find inner node CompressedPak for hierarchical cache Hierarchy.
[2018.09.11-19.52.14:569][  0]LogDerivedDataCache: Display: Pak cache opened for reading ../../../Engine/DerivedDataCache/Compressed.ddp.
[2018.09.11-19.52.14:582][  0]LogDerivedDataCache: Using Local data cache path C:/Users/mikey/AppData/Local/UnrealEngine/Common/DerivedDataCache: Writable
[2018.09.11-19.52.14:582][  0]LogDerivedDataCache: Shared data cache path not found in *engine.ini, will not use an Shared cache.
[2018.09.11-19.52.14:582][  0]LogDerivedDataCache: Unable to find inner node Shared for hierarchical cache Hierarchy.
[2018.09.11-19.52.14:602][  0]LogMaterial: Verifying Global Shaders for PCD3D_SM5
[2018.09.11-19.52.14:604][  0]LogSlate: Using FreeType 2.6.0
[2018.09.11-19.52.14:605][  0]LogSlate: SlateFontServices - WITH_FREETYPE: 1, WITH_HARFBUZZ: 1
[2018.09.11-19.52.14:689][  0]LogAssetRegistry: FAssetRegistry took 0.0262 seconds to start up
[2018.09.11-19.52.15:102][  0]LogInit: Selected Device Profile: [Windows]
[2018.09.11-19.52.15:261][  0]LogSimplygon: Simplygon DLL not present - disabling.
[2018.09.11-19.52.15:265][  0]LogMeshReduction: Using SimplygonSwarm for distributed automatic mesh merging
[2018.09.11-19.52.15:265][  0]LogMeshReduction: Using ProxyLODMeshReduction for automatic mesh merging
[2018.09.11-19.52.15:265][  0]LogMeshReduction: Using QuadricMeshReduction for automatic static mesh reduction
[2018.09.11-19.52.15:265][  0]LogMeshReduction: No automatic skeletal mesh reduction module available
[2018.09.11-19.52.15:299][  0]LogNetVersion: BeyondHuman 1.0.0, NetCL: 4212847, EngineNetVer: 5, GameNetVer: 0 (Checksum: 671501493)
[2018.09.11-19.52.15:851][  0]LogPackageLocalizationCache: Processed 11 localized package path(s) for 2 prioritized culture(s) in 0.091061 seconds
[2018.09.11-19.52.15:857][  0]LogUObjectArray: 38425 objects as part of root set at end of initial load.
[2018.09.11-19.52.15:857][  0]LogUObjectAllocator: 6690872 out of 0 bytes used by permanent object pool.
[2018.09.11-19.52.15:858][  0]LogUObjectArray: CloseDisregardForGC: 0/0 objects in disregard for GC pool
[2018.09.11-19.52.16:841][  0]LogSubstanceCoreModule: Substance [CPU] Engine Loaded, Max Texture Size = 2048
[2018.09.11-19.52.16:845][  0]LogTcpMessaging: Initializing TcpMessaging bridge
[2018.09.11-19.52.16:858][  0]LogUdpMessaging: Initializing bridge on interface 0.0.0.0:0 to multicast group 230.0.0.1:6666.
[2018.09.11-19.52.17:023][  0]SourceControl: Source control is disabled
[2018.09.11-19.52.17:024][  0]SourceControl: Source control is disabled
[2018.09.11-19.52.17:025][  0]SourceControl: Source control is disabled
[2018.09.11-19.52.17:026][  0]SourceControl: Source control is disabled
[2018.09.11-19.52.17:210][  0]LogAndroidPermission: UAndroidPermissionCallbackProxy::GetInstance
[2018.09.11-19.52.17:324][  0]LogOcInput: OculusInput pre-init called
[2018.09.11-19.52.17:478][  0]LogEngine: Initializing Engine...
[2018.09.11-19.52.17:497][  0]LogHMD: Failed to initialize OpenVR with code 126
[2018.09.11-19.52.17:498][  0]LogStats: UGameplayTagsManager::ConstructGameplayTagTree: ImportINI prefixes -  0.000 s
[2018.09.11-19.52.17:498][  0]LogStats: UGameplayTagsManager::ConstructGameplayTagTree: Construct from data asset -  0.000 s
[2018.09.11-19.52.17:498][  0]LogStats: UGameplayTagsManager::ConstructGameplayTagTree: ImportINI -  0.000 s
[2018.09.11-19.52.17:498][  0]LogStats: UGameplayTagsManager::ConstructGameplayTagTree: GameplayTagTreeChangedEvent.Broadcast -  0.000 s
[2018.09.11-19.52.17:745][  0]LogInit: Initializing FReadOnlyCVARCache
[2018.09.11-19.52.17:762][  0]LogAIModule: Creating AISystem for world Untitled
[2018.09.11-19.52.17:817][  0]LogInit: XAudio2 using 'Speakers (High Definition Audio Device)' : 2 channels at 44.1 kHz using 16 bits per sample (channel mask 0x3)
[2018.09.11-19.52.17:836][  0]LogInit: FAudioDevice initialized.
[2018.09.11-19.52.17:837][  0]LogNetVersion: Set ProjectVersion to 1.0.0.0. Version Checksum will be recalculated on next use.
[2018.09.11-19.52.17:910][  0]LogDerivedDataCache: Saved boot cache 0.07s 71MB C:/Users/mikey/AppData/Local/UnrealEngine/4.20/DerivedDataCache/Boot.ddc.
[2018.09.11-19.52.17:910][  0]LogInit: Texture streaming: Enabled
[2018.09.11-19.52.17:929][  0]LogEngineSessionManager: EngineSessionManager initialized
[2018.09.11-19.52.17:941][  0]LogInit: Transaction tracking system initialized
[2018.09.11-19.52.17:963][  0]BlueprintLog: New page: Editor Load
[2018.09.11-19.52.18:051][  0]LocalizationService: Localization service is disabled
[2018.09.11-19.52.18:326][  0]LogCook: Display: Max memory allowance for cook 16384mb min free memory 0mb
[2018.09.11-19.52.18:326][  0]LogCook: Display: Mobile HDR setting 1
[2018.09.11-19.52.18:326][  0]LogGameplayTags: Display: UGameplayTagsManager::DoneAddingNativeTags. DelegateIsBound: 0
[2018.09.11-19.52.18:326][  0]LogStats: UGameplayTagsManager::ConstructGameplayTagTree: ImportINI prefixes -  0.000 s
[2018.09.11-19.52.18:326][  0]LogStats: UGameplayTagsManager::ConstructGameplayTagTree: Construct from data asset -  0.000 s
[2018.09.11-19.52.18:326][  0]LogStats: UGameplayTagsManager::ConstructGameplayTagTree: ImportINI -  0.000 s
[2018.09.11-19.52.18:326][  0]LogStats: UGameplayTagsManager::ConstructGameplayTagTree: GameplayTagTreeChangedEvent.Broadcast -  0.000 s
[2018.09.11-19.52.18:472][  0]LogFileCache: Scanning file cache for directory 'E:/Unreal Projects/BeyondHuman/Content/' took 0.02s
[2018.09.11-19.52.18:472][  0]SourceControl: Source control is disabled
[2018.09.11-19.52.18:472][  0]Cmd: MAP LOAD FILE="E:/Unreal Projects/BeyondHuman/Content/Maps/Meshing.umap" TEMPLATE=0 SHOWPROGRESS=1 FEATURELEVEL=3
[2018.09.11-19.52.18:472][  0]LightingResults: New page: Lighting Build
[2018.09.11-19.52.18:475][  0]MapCheck: New page: Map Check
[2018.09.11-19.52.18:475][  0]LightingResults: New page: Lighting Build
[2018.09.11-19.52.31:340][  0]LogAIModule: Creating AISystem for world Meshing
[2018.09.11-19.52.31:450][  0]LogEditorServer: Finished looking for orphan Actors (0.000 secs)
[2018.09.11-19.52.31:482][  0]Cmd: MAP CHECKDEP NOCLEARLOG
[2018.09.11-19.52.31:692][  0]MapCheck: Map check complete: 0 Error(s), 0 Warning(s), took 208.845ms to complete.
[2018.09.11-19.52.31:692][  0]LogFileHelpers: Loading map 'Meshing' took 13.220
[2018.09.11-19.52.31:838][  0]LogSlate: Updating window title bar state: overlay mode, drag disabled, window buttons hidden, title bar hidden
[2018.09.11-19.52.31:846][  0]LogSlate: Updating window title bar state: overlay mode, drag disabled, window buttons hidden, title bar hidden
[2018.09.11-19.52.31:855][  0]LogSlate: Updating window title bar state: overlay mode, drag disabled, window buttons hidden, title bar hidden
[2018.09.11-19.52.31:864][  0]LogSlate: Updating window title bar state: overlay mode, drag disabled, window buttons hidden, title bar hidden
[2018.09.11-19.52.31:871][  0]LogCollectionManager: Loaded 0 collections in 0.001456 seconds
[2018.09.11-19.52.31:914][  0]LogFileCache: Scanning file cache for directory 'E:/Unreal Projects/BeyondHuman/Saved/Collections/' took 0.01s
[2018.09.11-19.52.31:914][  0]LogFileCache: Scanning file cache for directory 'E:/Unreal Projects/BeyondHuman/Content/Developers/mikey/Collections/' took 0.01s
[2018.09.11-19.52.31:914][  0]LogFileCache: Scanning file cache for directory 'E:/Unreal Projects/BeyondHuman/Content/Collections/' took 0.00s
[2018.09.11-19.52.31:914][  0]LogCollectionManager: Rebuilt the GUID cache for 0 collections in 0.000000 seconds
[2018.09.11-19.52.31:924][  0]LogContentBrowser: Native class hierarchy populated in 0.0099 seconds. Added 2586 classes and 609 folders.
[2018.09.11-19.52.31:930][  0]LogContentBrowser: Native class hierarchy updated for 'WidgetCarousel' in 0.0003 seconds. Added 0 classes and 0 folders.
[2018.09.11-19.52.32:064][  0]LogContentBrowser: Native class hierarchy updated for 'AddContentDialog' in 0.0003 seconds. Added 0 classes and 0 folders.
[2018.09.11-19.52.32:070][  0]LogContentBrowser: Native class hierarchy updated for 'SceneOutliner' in 0.0003 seconds. Added 1 classes and 2 folders.
[2018.09.11-19.52.32:116][  0]LogSlate: Took 0.001555 seconds to synchronously load lazily loaded font '../../../Engine/Content/Slate/Fonts/Roboto-Regular.ttf' (155K)
[2018.09.11-19.52.32:120][  0]LogSlate: Took 0.001567 seconds to synchronously load lazily loaded font '../../../Engine/Content/Slate/Fonts/Roboto-Bold.ttf' (160K)
[2018.09.11-19.52.32:131][  0]LogSlate: Took 0.001657 seconds to synchronously load lazily loaded font '../../../Engine/Content/Editor/Slate/Fonts/FontAwesome.ttf' (139K)
[2018.09.11-19.52.32:244][  0]LogRenderer: Reallocating scene render targets to support 1236x492 Format 10 NumSamples 1 (Frame:1).
[2018.09.11-19.52.32:490][  0]LogContentBrowser: Native class hierarchy updated for 'HierarchicalLODOutliner' in 0.0003 seconds. Added 0 classes and 0 folders.
[2018.09.11-19.52.32:490][  0]LogLoad: (Engine Initialization) Total time: 23.10 seconds
[2018.09.11-19.52.32:490][  0]LogLoad: (Engine Initialization) Total Blueprint compile time: 0.00 seconds
[2018.09.11-19.52.32:526][  0]LogContentStreaming: Texture pool size now 3000 MB
[2018.09.11-19.52.32:614][  0]LogRenderer: Reallocating scene render targets to support 1236x508 Format 10 NumSamples 1 (Frame:2).
[2018.09.11-19.52.32:614][  0]LogSlate: Took 0.006078 seconds to synchronously load lazily loaded font '../../../Engine/Content/Slate/Fonts/Roboto-Light.ttf' (167K)
[2018.09.11-19.52.32:668][  1]LogSubstanceLiveLink: Warning: Unable to send data along socket, closing connection
[2018.09.11-19.52.32:694][  1]LogAssetRegistry: Asset discovery search completed in 18.0273 seconds
[2018.09.11-19.52.32:696][  1]LogCollectionManager: Rebuilt the object cache for 0 collections in 0.000001 seconds (found 0 objects)
[2018.09.11-19.52.32:696][  1]LogCollectionManager: Fixed up redirectors for 0 collections in 0.000076 seconds (updated 0 objects)
[2018.09.11-19.53.50:188][991]LogEditorViewport: Clicking on Actor (LMB): StaticMeshActor (Ground)
[2018.09.11-19.54.01:315][536]LogEditorViewport: Clicking on Actor (LMB): StaticMeshActor (TunnelCorner (6))
[2018.09.11-19.54.22:232][782]LogEditorViewport: Clicking on Actor (LMB): StaticMeshActor (BuildingEntrance)
[2018.09.11-19.54.41:137][704]LogEditorViewport: Clicking on Actor (LMB): StaticMeshActor (BuildingEntrance)
[2018.09.11-19.56.48:371][214]LogEditorViewport: Clicking on Actor (LMB): StaticMeshActor (TunnelCorner (6))
[2018.09.11-19.56.54:461][661]LogEditorViewport: Clicking on Actor (LMB): StaticMeshActor (BuildingEntrance)
[2018.09.11-19.56.56:091][745]LogEditorViewport: Clicking on Actor (LMB): StaticMeshActor (TunnelCorner (6))
[2018.09.11-20.01.25:432][ 91]LogEditorViewport: Clicking on Actor (LMB): StaticMeshActor (BuildingEntrance)
[2018.09.11-20.01.25:895][114]LogEditorViewport: Clicking on Actor (context menu): StaticMeshActor (BuildingEntrance)
[2018.09.11-20.01.25:952][114]LogSlate: FSceneViewport::OnFocusLost() reason 2
[2018.09.11-20.01.26:757][184]LogSlate: FSceneViewport::OnFocusLost() reason 2
[2018.09.11-20.01.39:417][311]LogEditorFactories: Performing atomic reimport of [E:/Dropbox (Personal)/Docs/Projects/Beyond Human/Exports/Buildings/BuildingEntrance.fbx]
[2018.09.11-20.01.39:490][311]LogSlate: Took 0.000287 seconds to synchronously load lazily loaded font '../../../Engine/Content/Slate/Fonts/Roboto-Light.ttf' (167K)
[2018.09.11-20.01.39:517][311]LogFbx: Loading FBX Scene from E:/Dropbox (Personal)/Docs/Projects/Beyond Human/Exports/Buildings/BuildingEntrance.fbx
[2018.09.11-20.01.39:540][311]LogFbx: FBX Scene Loaded Succesfully
[2018.09.11-20.01.39:972][311]LogStaticMesh: Building static mesh BuildingEntrance...
[2018.09.11-20.01.40:404][311]LogStaticMesh: Built static mesh [0.43s] /Game/Meshes/BuildingEntrance.BuildingEntrance
[2018.09.11-20.01.40:553][311]LogEditorFactories: -- imported successfully
[2018.09.11-20.02.32:805][758]Cmd: OBJ SAVEPACKAGE PACKAGE="/Game/Maps/Meshing" FILE="E:/Unreal Projects/BeyondHuman/Saved/Autosaves/Game/Maps/Meshing_Auto1.umap" SILENT=true AUTOSAVING=true KEEPDIRTY=false
[2018.09.11-20.02.33:397][758]LogSavePackage: Moving 'E:/Unreal Projects/BeyondHuman/Saved/Meshing_Auto1AF3073A24273DF1F5BE041B79DBE00F0.tmp' to 'E:/Unreal Projects/BeyondHuman/Saved/Autosaves/Game/Maps/Meshing_Auto1.umap'
[2018.09.11-20.02.33:400][758]LogFileHelpers: Editor autosave (incl. sublevels) for '/Game/Maps/Meshing' took 0.642
[2018.09.11-20.02.33:400][758]LogFileHelpers: Editor autosave (incl. sublevels) for all levels took 0.642
[2018.09.11-20.02.33:405][758]OBJ SavePackage: Generating thumbnails for [1] asset(s) in package [/Game/Meshes/BuildingEntrance] ([1] browsable assets)...
[2018.09.11-20.02.33:422][758]OBJ SavePackage:     Rendered thumbnail for [StaticMesh /Game/Meshes/BuildingEntrance.BuildingEntrance]
[2018.09.11-20.02.33:423][758]OBJ SavePackage: Finished generating thumbnails for package [/Game/Meshes/BuildingEntrance]
[2018.09.11-20.02.33:423][758]Cmd: OBJ SAVEPACKAGE PACKAGE="/Game/Meshes/BuildingEntrance" FILE="E:/Unreal Projects/BeyondHuman/Saved/Autosaves/Game/Meshes/BuildingEntrance_Auto1.uasset" SILENT=false AUTOSAVING=true
[2018.09.11-20.02.33:445][758]LogSavePackage: Moving 'E:/Unreal Projects/BeyondHuman/Saved/BuildingEntrance_Auto1FA7749AD4C1E33B372F9368CEAA8150F.tmp' to 'E:/Unreal Projects/BeyondHuman/Saved/Autosaves/Game/Meshes/BuildingEntrance_Auto1.uasset'
[2018.09.11-20.02.33:463][758]LogFileHelpers: Auto-saving content packages took 0.058
[2018.09.11-20.03.07:414][860]LogSlate: FSceneViewport::OnFocusLost() reason 2
[2018.09.11-20.03.57:684][457]LogSlate: FSceneViewport::OnFocusLost() reason 2
[2018.09.11-20.03.59:958][599]LogEditorFactories: Performing atomic reimport of [E:/Dropbox (Personal)/Docs/Projects/Beyond Human/Exports/Buildings/BuildingEntrance.fbx]
[2018.09.11-20.04.00:008][599]LogFbx: Loading FBX Scene from E:/Dropbox (Personal)/Docs/Projects/Beyond Human/Exports/Buildings/BuildingEntrance.fbx
[2018.09.11-20.04.00:031][599]LogFbx: FBX Scene Loaded Succesfully
[2018.09.11-20.04.00:435][599]LogStaticMesh: Building static mesh BuildingEntrance...
[2018.09.11-20.04.00:873][599]LogStaticMesh: Built static mesh [0.44s] /Game/Meshes/BuildingEntrance.BuildingEntrance
[2018.09.11-20.04.01:024][599]LogEditorFactories: -- imported successfully
[2018.09.11-20.04.04:030][814]LogEditorViewport: Clicking on Actor (LMB): BP_WallLightA_C (BP_WallLightA15)
[2018.09.11-20.04.07:430][ 91]LogEditorViewport: Clicking on Actor (LMB): StaticMeshActor (TunnelCorner (6))
[2018.09.11-20.04.12:640][529]LogEditorViewport: Clicking on Actor (LMB): BP_WallLightA_C (BP_WallLightA15)
[2018.09.11-20.04.15:325][764]LogEditorViewport: Clicking on Actor (LMB): StaticMeshActor (TunnelCorner (6))
[2018.09.11-20.04.23:131][ 75]LogSlate: FSceneViewport::OnFocusLost() reason 2
[2018.09.11-20.05.03:655][502]LogSlate: FSceneViewport::OnFocusLost() reason 2
[2018.09.11-20.05.04:977][566]LogEditorViewport: Clicking on Actor (LMB): StaticMeshActor (BuildingEntrance)
[2018.09.11-20.05.05:488][589]LogEditorViewport: Clicking on Actor (context menu): StaticMeshActor (BuildingEntrance)
[2018.09.11-20.05.05:544][589]LogSlate: FSceneViewport::OnFocusLost() reason 2
[2018.09.11-20.05.06:606][682]LogSlate: FSceneViewport::OnFocusLost() reason 2
[2018.09.11-20.05.08:700][829]LogEditorFactories: Performing atomic reimport of [E:/Dropbox (Personal)/Docs/Projects/Beyond Human/Exports/Buildings/BuildingEntrance.fbx]
[2018.09.11-20.05.08:748][829]LogFbx: Loading FBX Scene from E:/Dropbox (Personal)/Docs/Projects/Beyond Human/Exports/Buildings/BuildingEntrance.fbx
[2018.09.11-20.05.08:770][829]LogFbx: FBX Scene Loaded Succesfully
[2018.09.11-20.05.09:139][829]LogStaticMesh: Building static mesh BuildingEntrance...
[2018.09.11-20.05.09:556][829]LogStaticMesh: Built static mesh [0.42s] /Game/Meshes/BuildingEntrance.BuildingEntrance
[2018.09.11-20.05.09:702][829]LogEditorFactories: -- imported successfully
[2018.09.11-20.05.12:703][962]LogEditorViewport: Clicking on Actor (LMB): Ultra_Dynamic_Sky_BP_C (Ultra_Dynamic_Sky_BP)
[2018.09.11-20.05.16:025][103]LogSlate: FSceneViewport::OnFocusLost() reason 0
[2018.09.11-20.05.16:980][105]LogSlate: Window 'Save Content' being destroyed
[2018.09.11-20.05.17:225][105]Cmd: OBJ SAVEPACKAGE PACKAGE="/Game/Maps/Meshing" FILE="E:/Unreal Projects/BeyondHuman/Content/Maps/Meshing.umap" SILENT=true AUTOSAVING=false KEEPDIRTY=false
[2018.09.11-20.05.17:763][105]LogSavePackage: Moving 'E:/Unreal Projects/BeyondHuman/Saved/Meshing923623D04C0E7232C2A11A8002082551.tmp' to 'E:/Unreal Projects/BeyondHuman/Content/Maps/Meshing.umap'
[2018.09.11-20.05.17:786][105]LogFileHelpers: Saving map 'Meshing' took 0.768
[2018.09.11-20.05.17:806][105]Cmd: OBJ SAVEPACKAGE PACKAGE="/Game/Meshes/BuildingEntrance" FILE="E:/Unreal Projects/BeyondHuman/Content/Meshes/BuildingEntrance.uasset" SILENT=true
[2018.09.11-20.05.17:824][105]LogSavePackage: Moving 'E:/Unreal Projects/BeyondHuman/Saved/BuildingEntrance6B91542743F28BF79E35A2959BB99113.tmp' to 'E:/Unreal Projects/BeyondHuman/Content/Meshes/BuildingEntrance.uasset'
[2018.09.11-20.05.36:424][485]LogEditorViewport: Clicking on Actor (LMB): StaticMeshActor (Ground)
[2018.09.11-20.05.40:043][670]LogEditorViewport: Clicking on Actor (LMB): StaticMeshActor (Cube)
[2018.09.11-20.05.52:552][912]LogSlate: FSceneViewport::OnFocusLost() reason 2
[2018.09.11-20.06.05:297][351]LogSlate: FSceneViewport::OnFocusLost() reason 0
[2018.09.11-20.06.31:224][422]LogEditorViewport: Clicking on Actor (LMB): StaticMeshActor (CrateLRG)
[2018.09.11-20.06.37:396][654]LogEditorViewport: Clicking on Actor (LMB): StaticMeshActor (Ground)
[2018.09.11-20.06.49:141][ 97]LogEditorViewport: Clicking on Actor (LMB): StaticMeshActor (BuildingAngled)
[2018.09.11-20.07.05:430][742]LogEditorViewport: Clicking on Actor (LMB): Ultra_Dynamic_Sky_BP_C (Ultra_Dynamic_Sky_BP)
[2018.09.11-20.07.08:684][877]LogSlate: FSceneViewport::OnFocusLost() reason 2
[2018.09.11-20.07.11:281][109]LogEditorViewport: Clicking on Actor (LMB): StaticMeshActor (Cube)
[2018.09.11-20.07.13:762][199]LogEditorViewport: Clicking on Actor (LMB): Ultra_Dynamic_Sky_BP_C (Ultra_Dynamic_Sky_BP)
[2018.09.11-20.07.25:535][627]LogSlate: FSceneViewport::OnFocusLost() reason 0
[2018.09.11-20.07.26:615][631]LogSlate: Window 'Save Content' being destroyed
[2018.09.11-20.07.26:646][631]LogSlate: FSceneViewport::OnFocusLost() reason 2
[2018.09.11-20.07.26:859][631]Cmd: OBJ SAVEPACKAGE PACKAGE="/Game/Maps/Meshing" FILE="E:/Unreal Projects/BeyondHuman/Content/Maps/Meshing.umap" SILENT=true AUTOSAVING=false KEEPDIRTY=false
[2018.09.11-20.07.27:409][631]LogSavePackage: Moving 'E:/Unreal Projects/BeyondHuman/Saved/Meshing43767CF94EB565CE32FA5EB8477EDA9F.tmp' to 'E:/Unreal Projects/BeyondHuman/Content/Maps/Meshing.umap'
[2018.09.11-20.07.27:434][631]LogFileHelpers: Saving map 'Meshing' took 0.783
[2018.09.11-20.08.11:049][170]LogSlate: FSceneViewport::OnFocusLost() reason 0
[2018.09.11-20.08.12:412][214]LogSlate: Window 'BeyondHuman - Unreal Editor' being destroyed
[2018.09.11-20.08.12:599][215]Cmd: QUIT_EDITOR
[2018.09.11-20.08.12:616][215]LogWindowsTextInputMethodSystem: Display: IME system now deactivated.
[2018.09.11-20.08.12:633][215]LogExit: Preparing to exit.
[2018.09.11-20.08.13:413][215]LogExit: Editor shut down
[2018.09.11-20.08.13:413][215]LogExit: Transaction tracking system shut down
[2018.09.11-20.08.13:907][215]LogExit: Object subsystem successfully closed.
[2018.09.11-20.08.13:934][215]LogShaderCompilers: Display: Shaders left to compile 0
[2018.09.11-20.08.13:939][215]LogD3D11RHI: Shutdown
[2018.09.11-20.08.13:939][215]LogD3D11RHI: CleanupD3DDevice
[2018.09.11-20.08.13:944][215]LogD3D11RHI: ~FD3D11DynamicRHI
[2018.09.11-20.08.13:976][215]LogModuleManager: Shutting down and abandoning module MeshBuilder (620)
[2018.09.11-20.08.13:976][215]LogModuleManager: Shutting down and abandoning module HierarchicalLODOutliner (618)
[2018.09.11-20.08.13:976][215]LogModuleManager: Shutting down and abandoning module SceneOutliner (616)
[2018.09.11-20.08.13:976][215]LogModuleManager: Shutting down and abandoning module AddContentDialog (614)
[2018.09.11-20.08.13:976][215]LogModuleManager: Shutting down and abandoning module WidgetCarousel (613)
[2018.09.11-20.08.13:976][215]LogModuleManager: Shutting down and abandoning module EditorWidgets (610)
[2018.09.11-20.08.13:976][215]LogModuleManager: Shutting down and abandoning module CollectionManager (608)
[2018.09.11-20.08.13:976][215]LogModuleManager: Shutting down and abandoning module StatsViewer (606)
[2018.09.11-20.08.13:976][215]LogModuleManager: Shutting down and abandoning module FoliageEdit (604)
[2018.09.11-20.08.13:976][215]LogModuleManager: Shutting down and abandoning module LandscapeEditor (602)
[2018.09.11-20.08.13:977][215]LogModuleManager: Shutting down and abandoning module MeshPaintMode (600)
[2018.09.11-20.08.13:977][215]LogModuleManager: Shutting down and abandoning module SceneDepthPickerMode (598)
[2018.09.11-20.08.13:977][215]LogModuleManager: Shutting down and abandoning module ActorPickerMode (596)
[2018.09.11-20.08.13:977][215]LogModuleManager: Shutting down and abandoning module GeometryMode (594)
[2018.09.11-20.08.13:977][215]LogModuleManager: Shutting down and abandoning module TextureAlignMode (592)
[2018.09.11-20.08.13:977][215]LogModuleManager: Shutting down and abandoning module BspMode (590)
[2018.09.11-20.08.13:977][215]LogModuleManager: Shutting down and abandoning module PIEPreviewDeviceProfileSelector (588)
[2018.09.11-20.08.13:977][215]LogModuleManager: Shutting down and abandoning module SequenceRecorderSections (586)
[2018.09.11-20.08.13:977][215]LogModuleManager: Shutting down and abandoning module AutomationWorker (584)
[2018.09.11-20.08.13:977][215]LogModuleManager: Shutting down and abandoning module AudioCaptureEditor (582)
[2018.09.11-20.08.13:977][215]LogModuleManager: Shutting down and abandoning module SequenceRecorder (581)
[2018.09.11-20.08.13:977][215]LogModuleManager: Shutting down and abandoning module MatineeToLevelSequence (578)
[2018.09.11-20.08.13:977][215]LogModuleManager: Shutting down and abandoning module LevelSequenceEditor (576)
[2018.09.11-20.08.13:977][215]LogModuleManager: Shutting down and abandoning module PlacementMode (575)
[2018.09.11-20.08.13:977][215]LogModuleManager: Shutting down and abandoning module MaterialEditor (574)
[2018.09.11-20.08.13:977][215]LogModuleManager: Shutting down and abandoning module WmfMediaFactory (570)
[2018.09.11-20.08.13:977][215]LogModuleManager: Shutting down and abandoning module WmfMediaEditor (568)
[2018.09.11-20.08.13:977][215]LogModuleManager: Shutting down and abandoning module MediaPlayerEditor (566)
[2018.09.11-20.08.13:977][215]LogModuleManager: Shutting down and abandoning module OpenExrWrapper (564)
[2018.09.11-20.08.13:977][215]LogModuleManager: Shutting down and abandoning module ImgMediaFactory (562)
[2018.09.11-20.08.13:977][215]LogModuleManager: Shutting down and abandoning module ImgMediaEditor (560)
[2018.09.11-20.08.13:977][215]LogModuleManager: Shutting down and abandoning module AvfMediaFactory (558)
[2018.09.11-20.08.13:977][215]LogModuleManager: Shutting down and abandoning module AvfMediaEditor (556)
[2018.09.11-20.08.13:977][215]LogModuleManager: Shutting down and abandoning module AndroidMediaFactory (554)
[2018.09.11-20.08.13:977][215]LogModuleManager: Shutting down and abandoning module AndroidMediaEditor (552)
[2018.09.11-20.08.13:977][215]LogModuleManager: Shutting down and abandoning module MagicLeapCameraPreviewFactory (550)
[2018.09.11-20.08.13:977][215]LogModuleManager: Shutting down and abandoning module MagicLeapMediaFactory (548)
[2018.09.11-20.08.13:977][215]LogModuleManager: Shutting down and abandoning module MagicLeapMediaEditor (546)
[2018.09.11-20.08.13:977][215]LogModuleManager: Shutting down and abandoning module CharacterAI (544)
[2018.09.11-20.08.13:977][215]LogModuleManager: Shutting down and abandoning module SmartSnapping (542)
[2018.09.11-20.08.13:977][215]LogModuleManager: Shutting down and abandoning module SessionServices (540)
[2018.09.11-20.08.13:977][215]LogModuleManager: Shutting down and abandoning module ViewportSnapping (538)
[2018.09.11-20.08.13:978][215]LogModuleManager: Shutting down and abandoning module ViewportInteraction (536)
[2018.09.11-20.08.13:978][215]LogModuleManager: Shutting down and abandoning module ClothPainter (534)
[2018.09.11-20.08.13:978][215]LogModuleManager: Shutting down and abandoning module SkeletalMeshEditor (533)
[2018.09.11-20.08.13:978][215]LogModuleManager: Shutting down and abandoning module LogVisualizer (530)
[2018.09.11-20.08.13:978][215]LogModuleManager: Shutting down and abandoning module IntroTutorials (528)
[2018.09.11-20.08.13:978][215]LogModuleManager: Shutting down and abandoning module GameProjectGeneration (527)
[2018.09.11-20.08.13:978][215]LogModuleManager: Shutting down and abandoning module LuminPlatformEditor (524)
[2018.09.11-20.08.13:978][215]LogModuleManager: Shutting down and abandoning module IOSPlatformEditor (522)
[2018.09.11-20.08.13:978][215]LogModuleManager: Shutting down and abandoning module HTML5PlatformEditor (520)
[2018.09.11-20.08.13:978][215]LogModuleManager: Shutting down and abandoning module AndroidPlatformEditor (518)
[2018.09.11-20.08.13:978][215]LogModuleManager: Shutting down and abandoning module AndroidDeviceDetection (517)
[2018.09.11-20.08.14:603][215]LogModuleManager: Shutting down and abandoning module WindowsPlatformEditor (514)
[2018.09.11-20.08.14:603][215]LogModuleManager: Shutting down and abandoning module LuminRuntimeSettings (512)
[2018.09.11-20.08.14:603][215]LogModuleManager: Shutting down and abandoning module IOSRuntimeSettings (510)
[2018.09.11-20.08.14:603][215]LogModuleManager: Shutting down and abandoning module AndroidRuntimeSettings (508)
[2018.09.11-20.08.14:603][215]LogModuleManager: Shutting down and abandoning module InputBindingEditor (506)
[2018.09.11-20.08.14:603][215]LogModuleManager: Shutting down and abandoning module MergeActors (504)
[2018.09.11-20.08.14:603][215]LogModuleManager: Shutting down and abandoning module LocalizationDashboard (502)
[2018.09.11-20.08.14:603][215]LogModuleManager: Shutting down and abandoning module LocalizationService (501)
[2018.09.11-20.08.14:603][215]LogModuleManager: Shutting down and abandoning module HardwareTargeting (498)
[2018.09.11-20.08.14:603][215]LogModuleManager: Shutting down and abandoning module DeviceProfileEditor (496)
[2018.09.11-20.08.14:603][215]LogModuleManager: Shutting down and abandoning module UndoHistory (494)
[2018.09.11-20.08.14:603][215]LogModuleManager: Shutting down and abandoning module XmlParser (492)
[2018.09.11-20.08.14:603][215]LogModuleManager: Shutting down and abandoning module Blutility (490)
[2018.09.11-20.08.14:603][215]LogModuleManager: Shutting down and abandoning module ProjectSettingsViewer (488)
[2018.09.11-20.08.14:603][215]LogModuleManager: Shutting down and abandoning module ProjectTargetPlatformEditor (487)
[2018.09.11-20.08.14:604][215]LogModuleManager: Shutting down and abandoning module EditorSettingsViewer (484)
[2018.09.11-20.08.14:604][215]LogModuleManager: Shutting down and abandoning module SettingsEditor (482)
[2018.09.11-20.08.14:604][215]LogModuleManager: Shutting down and abandoning module ProjectLauncher (480)
[2018.09.11-20.08.14:604][215]LogModuleManager: Shutting down and abandoning module SessionFrontend (478)
[2018.09.11-20.08.14:604][215]LogModuleManager: Shutting down and abandoning module ProfilerClient (476)
[2018.09.11-20.08.14:604][215]LogModuleManager: Shutting down and abandoning module DeviceManager (474)
[2018.09.11-20.08.14:604][215]LogModuleManager: Shutting down and abandoning module TargetDeviceServices (473)
[2018.09.11-20.08.14:659][215]LogModuleManager: Shutting down and abandoning module AutomationController (470)
[2018.09.11-20.08.14:659][215]LogModuleManager: Shutting down and abandoning module AutomationWindow (468)
[2018.09.11-20.08.14:659][215]LogModuleManager: Shutting down and abandoning module Layers (466)
[2018.09.11-20.08.14:659][215]LogModuleManager: Shutting down and abandoning module ComponentVisualizers (464)
[2018.09.11-20.08.14:659][215]LogModuleManager: Shutting down and abandoning module DetailCustomizations (462)
[2018.09.11-20.08.14:659][215]LogModuleManager: Shutting down and abandoning module PackagesDialog (460)
[2018.09.11-20.08.14:659][215]LogModuleManager: Shutting down and abandoning module Persona (458)
[2018.09.11-20.08.14:659][215]LogModuleManager: Shutting down and abandoning module AdvancedPreviewScene (457)
[2018.09.11-20.08.14:659][215]LogModuleManager: Shutting down and abandoning module AnimGraph (455)
[2018.09.11-20.08.14:659][215]LogModuleManager: Shutting down and abandoning module Kismet (452)
[2018.09.11-20.08.14:660][215]LogModuleManager: Shutting down and abandoning module GraphEditor (450)
[2018.09.11-20.08.14:660][215]LogModuleManager: Shutting down and abandoning module ClassViewer (448)
[2018.09.11-20.08.14:660][215]LogModuleManager: Shutting down and abandoning module Toolbox (446)
[2018.09.11-20.08.14:660][215]LogModuleManager: Shutting down and abandoning module ModuleUI (444)
[2018.09.11-20.08.14:660][215]LogModuleManager: Shutting down and abandoning module MovieSceneTools (442)
[2018.09.11-20.08.14:660][215]LogModuleManager: Shutting down and abandoning module OutputLog (440)
[2018.09.11-20.08.14:660][215]LogModuleManager: Shutting down and abandoning module GammaUI (438)
[2018.09.11-20.08.14:660][215]LogModuleManager: Shutting down and abandoning module Documentation (436)
[2018.09.11-20.08.14:660][215]LogModuleManager: Shutting down and abandoning module MovieSceneTracks (434)
[2018.09.11-20.08.14:660][215]LogModuleManager: Shutting down and abandoning module MovieScene (432)
[2018.09.11-20.08.14:660][215]LogModuleManager: Shutting down and abandoning module StreamingPauseRendering (430)
[2018.09.11-20.08.14:660][215]LogModuleManager: Shutting down and abandoning module LauncherPlatform (428)
[2018.09.11-20.08.14:660][215]LogModuleManager: Shutting down and abandoning module AnalyticsET (426)
[2018.09.11-20.08.14:660][215]LogModuleManager: Shutting down and abandoning module PortalServices (424)
[2018.09.11-20.08.14:660][215]LogModuleManager: Shutting down and abandoning module PortalRpc (422)
[2018.09.11-20.08.14:660][215]LogModuleManager: Shutting down and abandoning module MessagingRpc (420)
[2018.09.11-20.08.14:660][215]LogModuleManager: Shutting down and abandoning module AIModule (418)
[2018.09.11-20.08.14:660][215]LogModuleManager: Shutting down and abandoning module GameplayDebugger (417)
[2018.09.11-20.08.14:660][215]LogModuleManager: Shutting down and abandoning module AITestSuite (415)
[2018.09.11-20.08.14:660][215]LogModuleManager: Shutting down and abandoning module NavigationSystem (413)
[2018.09.11-20.08.14:660][215]LogModuleManager: Shutting down and abandoning module DesktopPlatform (410)
[2018.09.11-20.08.14:660][215]LogModuleManager: Shutting down and abandoning module ProfilerService (408)
[2018.09.11-20.08.14:826][215]LogModuleManager: Shutting down and abandoning module TaskGraph (406)
[2018.09.11-20.08.14:826][215]LogModuleManager: Shutting down and abandoning module SubstanceLiveLink (404)
[2018.09.11-20.08.14:826][215]LogModuleManager: Shutting down and abandoning module SubstanceSource (402)
[2018.09.11-20.08.14:827][215]LogModuleManager: Shutting down and abandoning module SubstanceEditor (400)
[2018.09.11-20.08.14:827][215]LogModuleManager: Shutting down and abandoning module SteamVRController (398)
[2018.09.11-20.08.14:827][215]LogModuleManager: Shutting down and abandoning module ProceduralMeshComponentEditor (396)
[2018.09.11-20.08.14:827][215]LogModuleManager: Shutting down and abandoning module ProceduralMeshComponent (394)
[2018.09.11-20.08.14:827][215]LogModuleManager: Shutting down and abandoning module OculusInput (392)
[2018.09.11-20.08.14:827][215]LogModuleManager: Shutting down and abandoning module MobilePatchingUtils (390)
[2018.09.11-20.08.14:827][215]LogModuleManager: Shutting down and abandoning module EditableMesh (388)
[2018.09.11-20.08.14:827][215]LogModuleManager: Shutting down and abandoning module CustomMeshComponent (386)
[2018.09.11-20.08.14:827][215]LogModuleManager: Shutting down and abandoning module CableComponent (384)
[2018.09.11-20.08.14:827][215]LogModuleManager: Shutting down and abandoning module AudioCapture (382)
[2018.09.11-20.08.14:827][215]LogModuleManager: Shutting down and abandoning module ArchVisCharacter (380)
[2018.09.11-20.08.14:827][215]LogModuleManager: Shutting down and abandoning module AndroidPermission (378)
[2018.09.11-20.08.14:827][215]LogModuleManager: Shutting down and abandoning module NUTUnrealEngine4 (376)
[2018.09.11-20.08.14:827][215]LogModuleManager: Shutting down and abandoning module NetcodeUnitTest (374)
[2018.09.11-20.08.14:827][215]LogModuleManager: Shutting down and abandoning module MediaCompositingEditor (372)
[2018.09.11-20.08.14:827][215]LogModuleManager: Shutting down and abandoning module MediaCompositing (370)
[2018.09.11-20.08.14:827][215]LogModuleManager: Shutting down and abandoning module LinearTimecode (368)
[2018.09.11-20.08.14:827][215]LogModuleManager: Shutting down and abandoning module ImgMedia (366)
[2018.09.11-20.08.14:830][215]LogModuleManager: Shutting down and abandoning module HTML5Networking (364)
[2018.09.11-20.08.14:830][215]LogModuleManager: Shutting down and abandoning module GeometryCacheTracks (362)
[2018.09.11-20.08.14:830][215]LogModuleManager: Shutting down and abandoning module GeometryCacheSequencer (360)
[2018.09.11-20.08.14:830][215]LogModuleManager: Shutting down and abandoning module BackChannel (358)
[2018.09.11-20.08.14:830][215]LogModuleManager: Shutting down and abandoning module AppleVision (356)
[2018.09.11-20.08.14:830][215]LogModuleManager: Shutting down and abandoning module AppleImageUtils (354)
[2018.09.11-20.08.14:830][215]LogModuleManager: Shutting down and abandoning module AlembicImporter (352)
[2018.09.11-20.08.14:830][215]LogModuleManager: Shutting down and abandoning module AlembicLibrary (351)
[2018.09.11-20.08.14:830][215]LogModuleManager: Shutting down and abandoning module GeometryCache (350)
[2018.09.11-20.08.14:830][215]LogModuleManager: Shutting down and abandoning module GeometryCacheEd (349)
[2018.09.11-20.08.14:830][215]LogModuleManager: Shutting down and abandoning module DatasmithContentEditor (344)
[2018.09.11-20.08.14:830][215]LogModuleManager: Shutting down and abandoning module DatasmithContent (342)
[2018.09.11-20.08.14:831][215]LogModuleManager: Shutting down and abandoning module SpeedTreeImporter (340)
[2018.09.11-20.08.14:831][215]LogModuleManager: Shutting down and abandoning module PluginBrowser (338)
[2018.09.11-20.08.14:831][215]LogModuleManager: Shutting down and abandoning module MobileLauncherProfileWizard (336)
[2018.09.11-20.08.14:831][215]LogModuleManager: Shutting down and abandoning module PolygonModeling (334)
[2018.09.11-20.08.14:831][215]LogModuleManager: Shutting down and abandoning module MeshEditor (332)
[2018.09.11-20.08.14:831][215]LogModuleManager: Shutting down and abandoning module CryptoKeysOpenSSL (330)
[2018.09.11-20.08.14:831][215]LogModuleManager: Shutting down and abandoning module CryptoKeys (328)
[2018.09.11-20.08.14:831][215]LogModuleManager: Shutting down and abandoning module VisualStudioSourceCodeAccess (326)
[2018.09.11-20.08.14:831][215]LogModuleManager: Shutting down and abandoning module VisualStudioCodeSourceCodeAccess (324)
[2018.09.11-20.08.14:831][215]LogModuleManager: Shutting down and abandoning module UObjectPlugin (322)
[2018.09.11-20.08.14:831][215]LogModuleManager: Shutting down and abandoning module SubversionSourceControl (320)
[2018.09.11-20.08.14:831][215]LogModuleManager: Shutting down and abandoning module PerforceSourceControl (318)
[2018.09.11-20.08.14:831][215]LogModuleManager: Shutting down and abandoning module GitSourceControl (316)
[2018.09.11-20.08.14:831][215]LogModuleManager: Shutting down and abandoning module SourceControl (315)
[2018.09.11-20.08.14:831][215]LogModuleManager: Shutting down and abandoning module CLionSourceCodeAccess (312)
[2018.09.11-20.08.14:831][215]LogModuleManager: Shutting down and abandoning module LightPropagationVolumeEditor (310)
[2018.09.11-20.08.14:832][215]LogModuleManager: Shutting down and abandoning module PaperTiledImporter (308)
[2018.09.11-20.08.14:832][215]LogModuleManager: Shutting down and abandoning module PaperSpriteSheetImporter (306)
[2018.09.11-20.08.14:832][215]LogModuleManager: Shutting down and abandoning module Paper2DEditor (304)
[2018.09.11-20.08.14:832][215]LogModuleManager: Shutting down and abandoning module MeshPaint (303)
[2018.09.11-20.08.14:832][215]LogModuleManager: Shutting down and abandoning module RuntimePhysXCooking (300)
[2018.09.11-20.08.14:832][215]LogModuleManager: Shutting down and abandoning module PhysXVehiclesEditor (298)
[2018.09.11-20.08.14:832][215]LogModuleManager: Shutting down and abandoning module PhysXVehicles (296)
[2018.09.11-20.08.14:832][215]LogModuleManager: Shutting down and abandoning module OculusEditor (294)
[2018.09.11-20.08.14:832][215]LogModuleManager: Shutting down and abandoning module LocationServicesBPLibrary (292)
[2018.09.11-20.08.14:832][215]LogModuleManager: Shutting down and abandoning module ImmediatePhysicsEditor (290)
[2018.09.11-20.08.14:832][215]LogModuleManager: Shutting down and abandoning module ImmediatePhysics (288)
[2018.09.11-20.08.14:832][215]LogModuleManager: Shutting down and abandoning module ActorSequence (286)
[2018.09.11-20.08.14:832][215]LogModuleManager: Shutting down and abandoning module UdpMessaging (284)
[2018.09.11-20.08.14:933][215]LogModuleManager: Shutting down and abandoning module TcpMessaging (282)
[2018.09.11-20.08.15:034][215]LogModuleManager: Shutting down and abandoning module SubstanceCore (280)
[2018.09.11-20.08.15:034][215]LogModuleManager: Shutting down and abandoning module MagicLeapAudio (278)
[2018.09.11-20.08.15:034][215]LogModuleManager: Shutting down and abandoning module GameplayTagsEditor (276)
[2018.09.11-20.08.15:034][215]LogModuleManager: Shutting down and abandoning module FacialAnimationEditor (274)
[2018.09.11-20.08.15:034][215]LogModuleManager: Shutting down and abandoning module FacialAnimation (272)
[2018.09.11-20.08.15:034][215]LogModuleManager: Shutting down and abandoning module DataValidation (270)
[2018.09.11-20.08.15:034][215]LogModuleManager: Shutting down and abandoning module AssetManagerEditor (268)
[2018.09.11-20.08.15:034][215]LogModuleManager: Shutting down and abandoning module LevelEditor (267)
[2018.09.11-20.08.15:035][215]LogModuleManager: Shutting down and abandoning module PixelInspectorModule (266)
[2018.09.11-20.08.15:035][215]LogModuleManager: Shutting down and abandoning module CommonMenuExtensions (264)
[2018.09.11-20.08.15:035][215]LogModuleManager: Shutting down and abandoning module MainFrame (262)
[2018.09.11-20.08.15:035][215]LogModuleManager: Shutting down and abandoning module HotReload (261)
[2018.09.11-20.08.15:035][215]LogModuleManager: Shutting down and abandoning module ContentBrowser (257)
[2018.09.11-20.08.15:036][215]LogModuleManager: Shutting down and abandoning module TreeMap (255)
[2018.09.11-20.08.15:036][215]LogModuleManager: Shutting down and abandoning module LightPropagationVolumeRuntime (252)
[2018.09.11-20.08.15:036][215]LogModuleManager: Shutting down and abandoning module AISupportModule (250)
[2018.09.11-20.08.15:036][215]LogModuleManager: Shutting down and abandoning module Paper2D (248)
[2018.09.11-20.08.15:036][215]LogModuleManager: Shutting down and abandoning module WindowsMoviePlayer (246)
[2018.09.11-20.08.15:036][215]LogModuleManager: Shutting down and abandoning module WmfMedia (244)
[2018.09.11-20.08.15:040][215]LogModuleManager: Shutting down and abandoning module Media (243)
[2018.09.11-20.08.15:046][215]LogModuleManager: Shutting down and abandoning module PacketHandler (240)
[2018.09.11-20.08.15:046][215]LogModuleManager: Shutting down and abandoning module ClothingSystemEditor (238)
[2018.09.11-20.08.15:046][215]LogModuleManager: Shutting down and abandoning module ClothingSystemRuntime (236)
[2018.09.11-20.08.15:046][215]LogModuleManager: Shutting down and abandoning module MediaAssets (234)
[2018.09.11-20.08.15:046][215]LogModuleManager: Shutting down and abandoning module Overlay (232)
[2018.09.11-20.08.15:046][215]LogModuleManager: Shutting down and abandoning module OverlayEditor (231)
[2018.09.11-20.08.15:046][215]LogModuleManager: Shutting down and abandoning module VREditor (228)
[2018.09.11-20.08.15:046][215]LogModuleManager: Shutting down and abandoning module StringTableEditor (226)
[2018.09.11-20.08.15:046][215]LogModuleManager: Shutting down and abandoning module GameplayTasksEditor (224)
[2018.09.11-20.08.15:047][215]LogModuleManager: Shutting down and abandoning module BehaviorTreeEditor (222)
[2018.09.11-20.08.15:047][215]LogModuleManager: Shutting down and abandoning module FunctionalTesting (220)
[2018.09.11-20.08.15:047][215]LogModuleManager: Shutting down and abandoning module CollisionAnalyzer (218)
[2018.09.11-20.08.15:047][215]LogModuleManager: Shutting down and abandoning module WorkspaceMenuStructure (217)
[2018.09.11-20.08.15:047][215]LogModuleManager: Shutting down and abandoning module UMG (214)
[2018.09.11-20.08.15:047][215]LogModuleManager: Shutting down and abandoning module UMGEditor (213)
[2018.09.11-20.08.15:047][215]LogModuleManager: Shutting down and abandoning module Sequencer (212)
[2018.09.11-20.08.15:047][215]LogModuleManager: Shutting down and abandoning module MessageLog (209)
[2018.09.11-20.08.15:047][215]LogModuleManager: Shutting down and abandoning module SlateReflector (204)
[2018.09.11-20.08.15:047][215]LogModuleManager: Shutting down and abandoning module Slate (202)
[2018.09.11-20.08.15:047][215]LogModuleManager: Shutting down and abandoning module EditorStyle (200)
[2018.09.11-20.08.15:049][215]LogModuleManager: Shutting down and abandoning module MRMesh (198)
[2018.09.11-20.08.15:049][215]LogModuleManager: Shutting down and abandoning module SourceCodeAccess (196)
[2018.09.11-20.08.15:049][215]LogModuleManager: Shutting down and abandoning module HeadMountedDisplay (194)
[2018.09.11-20.08.15:049][215]LogModuleManager: Shutting down and abandoning module XAudio2 (192)
[2018.09.11-20.08.15:049][215]LogModuleManager: Shutting down and abandoning module Networking (190)
[2018.09.11-20.08.15:049][215]LogModuleManager: Shutting down and abandoning module Core (188)
[2018.09.11-20.08.15:049][215]LogModuleManager: Shutting down and abandoning module LevelSequence (186)
[2018.09.11-20.08.15:049][215]LogModuleManager: Shutting down and abandoning module KismetCompiler (184)
[2018.09.11-20.08.15:049][215]LogModuleManager: Shutting down and abandoning module MeshUtilities (182)
[2018.09.11-20.08.15:049][215]LogModuleManager: Shutting down and abandoning module MeshMergeUtilities (181)
[2018.09.11-20.08.15:049][215]LogModuleManager: Shutting down and abandoning module MeshReductionInterface (180)
[2018.09.11-20.08.15:049][215]LogModuleManager: Shutting down and abandoning module SimplygonSwarm (179)
[2018.09.11-20.08.15:049][215]LogModuleManager: Shutting down and abandoning module ProxyLODMeshReduction (177)
[2018.09.11-20.08.15:049][215]LogModuleManager: Shutting down and abandoning module SimplygonMeshReduction (175)
[2018.09.11-20.08.15:049][215]LogModuleManager: Shutting down and abandoning module QuadricMeshReduction (173)
[2018.09.11-20.08.15:049][215]LogModuleManager: Shutting down and abandoning module MaterialBaking (169)
[2018.09.11-20.08.15:049][215]LogModuleManager: Shutting down and abandoning module DirectoryWatcher (165)
[2018.09.11-20.08.15:049][215]LogModuleManager: Shutting down and abandoning module DerivedDataCache (162)
[2018.09.11-20.08.15:092][215]LogDerivedDataCache: Shutdown
[2018.09.11-20.08.15:092][215]LogModuleManager: Shutting down and abandoning module XGEController (160)
[2018.09.11-20.08.15:092][215]LogXGEController: Cleaning working directory: C:/Users/mikey/AppData/Local/Temp/UnrealXGEWorkingDir/
[2018.09.11-20.08.15:093][215]LogModuleManager: Shutting down and abandoning module TargetPlatform (158)
[2018.09.11-20.08.15:093][215]LogModuleManager: Shutting down and abandoning module VulkanShaderFormat (157)
[2018.09.11-20.08.15:093][215]LogModuleManager: Shutting down and abandoning module ShaderFormatVectorVM (155)
[2018.09.11-20.08.15:093][215]LogModuleManager: Shutting down and abandoning module ShaderFormatOpenGL (153)
[2018.09.11-20.08.15:093][215]LogModuleManager: Shutting down and abandoning module ShaderFormatD3D (151)
[2018.09.11-20.08.15:093][215]LogModuleManager: Shutting down and abandoning module MetalShaderFormat (149)
[2018.09.11-20.08.15:093][215]LogModuleManager: Shutting down and abandoning module TextureFormatUncompressed (147)
[2018.09.11-20.08.15:093][215]LogModuleManager: Shutting down and abandoning module TextureFormatPVR (145)
[2018.09.11-20.08.15:093][215]LogModuleManager: Shutting down and abandoning module TextureFormatDXT (143)
[2018.09.11-20.08.15:093][215]LogModuleManager: Shutting down and abandoning module TextureFormatIntelISPCTexComp (141)
[2018.09.11-20.08.15:093][215]LogModuleManager: Shutting down and abandoning module TextureFormatASTC (139)
[2018.09.11-20.08.15:093][215]LogModuleManager: Shutting down and abandoning module ImageWrapper (138)
[2018.09.11-20.08.15:093][215]LogModuleManager: Shutting down and abandoning module TextureFormatAndroid (135)
[2018.09.11-20.08.15:093][215]LogModuleManager: Shutting down and abandoning module AudioFormatOpus (133)
[2018.09.11-20.08.15:093][215]LogModuleManager: Shutting down and abandoning module AudioFormatOgg (131)
[2018.09.11-20.08.15:093][215]LogModuleManager: Shutting down and abandoning module AudioFormatADPCM (129)
[2018.09.11-20.08.15:093][215]LogModuleManager: Shutting down and abandoning module LuminTargetPlatform (127)
[2018.09.11-20.08.15:093][215]LogModuleManager: Shutting down and abandoning module LinuxTargetPlatform (125)
[2018.09.11-20.08.15:093][215]LogModuleManager: Shutting down and abandoning module LinuxServerTargetPlatform (123)
[2018.09.11-20.08.15:093][215]LogModuleManager: Shutting down and abandoning module LinuxNoEditorTargetPlatform (121)
[2018.09.11-20.08.15:093][215]LogModuleManager: Shutting down and abandoning module LinuxClientTargetPlatform (119)
[2018.09.11-20.08.15:093][215]LogModuleManager: Shutting down and abandoning module TVOSTargetPlatform (117)
[2018.09.11-20.08.15:094][215]LogModuleManager: Shutting down and abandoning module Messaging (115)
[2018.09.11-20.08.15:094][215]LogModuleManager: Shutting down and abandoning module IOSTargetPlatform (113)
[2018.09.11-20.08.15:095][215]LogModuleManager: Shutting down and abandoning module HTML5TargetPlatform (111)
[2018.09.11-20.08.15:095][215]LogModuleManager: Shutting down and abandoning module AndroidTargetPlatform (109)
[2018.09.11-20.08.15:103][215]LogModuleManager: Shutting down and abandoning module WindowsTargetPlatform (107)
[2018.09.11-20.08.15:103][215]LogModuleManager: Shutting down and abandoning module WindowsServerTargetPlatform (105)
[2018.09.11-20.08.15:103][215]LogModuleManager: Shutting down and abandoning module WindowsNoEditorTargetPlatform (103)
[2018.09.11-20.08.15:103][215]LogModuleManager: Shutting down and abandoning module WindowsClientTargetPlatform (101)
[2018.09.11-20.08.15:103][215]LogModuleManager: Shutting down and abandoning module MacTargetPlatform (99)
[2018.09.11-20.08.15:103][215]LogModuleManager: Shutting down and abandoning module MacServerTargetPlatform (97)
[2018.09.11-20.08.15:103][215]LogModuleManager: Shutting down and abandoning module MacNoEditorTargetPlatform (95)
[2018.09.11-20.08.15:103][215]LogModuleManager: Shutting down and abandoning module MacClientTargetPlatform (93)
[2018.09.11-20.08.15:103][215]LogModuleManager: Shutting down and abandoning module AllDesktopTargetPlatform (91)
[2018.09.11-20.08.15:103][215]LogModuleManager: Shutting down and abandoning module InputCore (88)
[2018.09.11-20.08.15:103][215]LogModuleManager: Shutting down and abandoning module Settings (86)
[2018.09.11-20.08.15:103][215]LogModuleManager: Shutting down and abandoning module PhysXCooking (84)
[2018.09.11-20.08.15:103][215]LogModuleManager: Shutting down and abandoning module SteamVR (82)
[2018.09.11-20.08.15:103][215]LogModuleManager: Shutting down and abandoning module OculusHMD (80)
[2018.09.11-20.08.15:103][215]LogModuleManager: Shutting down and abandoning module ExampleDeviceProfileSelector (78)
[2018.09.11-20.08.15:103][215]LogModuleManager: Shutting down and abandoning module LauncherChunkInstaller (76)
[2018.09.11-20.08.15:103][215]LogModuleManager: Shutting down and abandoning module OnlineBlueprintSupport (74)
[2018.09.11-20.08.15:103][215]LogModuleManager: Shutting down and abandoning module OnlineSubsystem (70)
[2018.09.11-20.08.15:104][215]LogModuleManager: Shutting down and abandoning module XMPP (65)
[2018.09.11-20.08.15:104][215]LogModuleManager: Shutting down and abandoning module WebSockets (64)
[2018.09.11-20.08.15:137][215]LogModuleManager: Shutting down and abandoning module HTTP (61)
[2018.09.11-20.08.15:137][215]LogHttp: Display: Http module shutting down, but needs to wait on 1 outstanding Http requests:
[2018.09.11-20.08.15:137][215]LogHttp: Display: 	verb=[POST] url=[https://datarouter.ol.epicgames.com/datarouter/api/v1/public/data?SessionID=%7B6437FE24-4BFB-D838-7261-AD944A5FDB5D%7D&AppID=UEEditor.Rocket.Release&AppVersion=4.20.0-4212847%2B%2B%2BUE4%2BRelease-4.20&UserID=ec07022c4af9fd51145d0db19289c0e8%7C9aea4035aae84fc6a50e2bbd0bcac9c5%7Ccbe8bf3f-5855-4af8-b073-42d59ac0a56b&AppEnvironment=datacollector-binary&UploadType=eteventstream] status=Processing
[2018.09.11-20.08.15:158][215]LogModuleManager: Shutting down and abandoning module SSL (60)
[2018.09.11-20.08.15:159][215]LogModuleManager: Shutting down and abandoning module MagicLeapEmulator (56)
[2018.09.11-20.08.15:160][215]LogModuleManager: Shutting down and abandoning module MagicLeapPrivileges (54)
[2018.09.11-20.08.15:160][215]LogModuleManager: Shutting down and abandoning module MagicLeapIdentity (52)
[2018.09.11-20.08.15:160][215]LogModuleManager: Shutting down and abandoning module MagicLeapHelperVulkan (50)
[2018.09.11-20.08.15:160][215]LogModuleManager: Shutting down and abandoning module MagicLeapHelperOpenGL (48)
[2018.09.11-20.08.15:160][215]LogModuleManager: Shutting down and abandoning module MagicLeapSecureStorage (46)
[2018.09.11-20.08.15:160][215]LogModuleManager: Shutting down and abandoning module MagicLeapGestures (44)
[2018.09.11-20.08.15:160][215]LogModuleManager: Shutting down and abandoning module MagicLeapEyeTracker (42)
[2018.09.11-20.08.15:160][215]LogModuleManager: Shutting down and abandoning module MagicLeapController (40)
[2018.09.11-20.08.15:160][215]LogSlate: Slate User Destroyed.  User Index 0, Is Virtual User: 0
[2018.09.11-20.08.15:160][215]LogModuleManager: Shutting down and abandoning module MagicLeap (38)
[2018.09.11-20.08.15:160][215]LogModuleManager: Shutting down and abandoning module AnimationModifiers (36)
[2018.09.11-20.08.15:160][215]LogModuleManager: Shutting down and abandoning module PropertyEditor (35)
[2018.09.11-20.08.15:160][215]LogModuleManager: Shutting down and abandoning module AudioEditor (32)
[2018.09.11-20.08.15:160][215]LogModuleManager: Shutting down and abandoning module TextureCompressor (30)
[2018.09.11-20.08.15:160][215]LogModuleManager: Shutting down and abandoning module ShaderCore (28)
[2018.09.11-20.08.15:160][215]LogModuleManager: Shutting down and abandoning module Landscape (26)
[2018.09.11-20.08.15:160][215]LogModuleManager: Shutting down and abandoning module SlateRHIRenderer (24)
[2018.09.11-20.08.15:161][215]LogModuleManager: Shutting down and abandoning module OpenGLDrv (22)
[2018.09.11-20.08.15:161][215]LogModuleManager: Shutting down and abandoning module D3D11RHI (20)
[2018.09.11-20.08.15:161][215]LogModuleManager: Shutting down and abandoning module AnimGraphRuntime (18)
[2018.09.11-20.08.15:161][215]LogModuleManager: Shutting down and abandoning module Renderer (16)
[2018.09.11-20.08.15:161][215]LogModuleManager: Shutting down and abandoning module Engine (14)
[2018.09.11-20.08.15:161][215]LogModuleManager: Shutting down and abandoning module CoreUObject (12)
[2018.09.11-20.08.15:161][215]LogModuleManager: Shutting down and abandoning module NetworkFile (10)
[2018.09.11-20.08.15:161][215]LogModuleManager: Shutting down and abandoning module CookedIterativeFile (8)
[2018.09.11-20.08.15:161][215]LogModuleManager: Shutting down and abandoning module StreamingFile (6)
[2018.09.11-20.08.15:161][215]LogModuleManager: Shutting down and abandoning module SandboxFile (4)
[2018.09.11-20.08.15:161][215]LogModuleManager: Shutting down and abandoning module PakFile (2)
[2018.09.11-20.08.15:167][215]LogExit: Exiting.
[2018.09.11-20.08.15:174][215]Log file closed, 09/11/18 21:08:15
