Log file open, 07/30/18 22:34:58
LogWindows: Failed to load 'aqProf.dll' (GetLastError=126)
LogWindows: File 'aqProf.dll' does not exist
LogWindows: Failed to load 'VtuneApi.dll' (GetLastError=126)
LogWindows: File 'VtuneApi.dll' does not exist
LogWindows: Failed to load 'VtuneApi32e.dll' (GetLastError=126)
LogWindows: File 'VtuneApi32e.dll' does not exist
LogInit: Display: Running engine for game: BeyondHuman
LogPlatformFile: Not using cached read wrapper
LogTaskGraph: Started task graph with 5 named threads and 23 total threads with 3 sets of task threads.
LogStats: Stats thread started at 0.446919
LogD3D11RHI: Loaded GFSDK_Aftermath_Lib.x64.dll
LogICUInternationalization: Display: ICU TimeZone Detection - Raw Offset: +0:00, Platform Override: ''
LogPluginManager: Mounting plugin Paper2D
LogPluginManager: Mounting plugin AISupport
LogPluginManager: Mounting plugin LightPropagationVolume
LogPluginManager: Mounting plugin CLionSourceCodeAccess
LogPluginManager: Mounting plugin CodeLiteSourceCodeAccess
LogPluginManager: Mounting plugin GitSourceControl
LogPluginManager: Mounting plugin KDevelopSourceCodeAccess
LogPluginManager: Mounting plugin NullSourceCodeAccess
LogPluginManager: Mounting plugin PerforceSourceControl
LogPluginManager: Mounting plugin SubversionSourceControl
LogPluginManager: Mounting plugin UObjectPlugin
LogPluginManager: Mounting plugin VisualStudioCodeSourceCodeAccess
LogPluginManager: Mounting plugin VisualStudioSourceCodeAccess
LogPluginManager: Mounting plugin XCodeSourceCodeAccess
LogPluginManager: Mounting plugin AssetManagerEditor
LogPluginManager: Mounting plugin CryptoKeys
LogPluginManager: Mounting plugin DataValidation
LogPluginManager: Mounting plugin FacialAnimation
LogPluginManager: Mounting plugin GameplayTagsEditor
LogPluginManager: Mounting plugin MacGraphicsSwitching
LogPluginManager: Mounting plugin MeshEditor
LogPluginManager: Mounting plugin MobileLauncherProfileWizard
LogPluginManager: Mounting plugin PluginBrowser
LogPluginManager: Mounting plugin SpeedTreeImporter
LogPluginManager: Mounting plugin DatasmithContent
LogPluginManager: Mounting plugin AlembicImporter
LogPluginManager: Mounting plugin AppleImageUtils
LogPluginManager: Mounting plugin AppleVision
LogPluginManager: Mounting plugin BackChannel
LogPluginManager: Mounting plugin CharacterAI
LogPluginManager: Mounting plugin GeometryCache
LogPluginManager: Mounting plugin HTML5Networking
LogPluginManager: Mounting plugin ProxyLODPlugin
LogPluginManager: Mounting plugin MagicLeap
LogPluginManager: Mounting plugin MagicLeapEmulator
LogPluginManager: Mounting plugin MagicLeapMedia
LogPluginManager: Mounting plugin Substance
LogPluginManager: Mounting plugin AndroidMedia
LogPluginManager: Mounting plugin AvfMedia
LogPluginManager: Mounting plugin ImgMedia
LogPluginManager: Mounting plugin LinearTimecode
LogPluginManager: Mounting plugin MediaCompositing
LogPluginManager: Mounting plugin MediaPlayerEditor
LogPluginManager: Mounting plugin WmfMedia
LogPluginManager: Mounting plugin TcpMessaging
LogPluginManager: Mounting plugin UdpMessaging
LogPluginManager: Mounting plugin ActorSequence
LogPluginManager: Mounting plugin LevelSequenceEditor
LogPluginManager: Mounting plugin MatineeToLevelSequence
LogPluginManager: Mounting plugin NetcodeUnitTest
LogPluginManager: Mounting plugin NUTUnrealEngine4
LogPluginManager: Mounting plugin OnlineSubsystemGooglePlay
LogPluginManager: Mounting plugin OnlineSubsystemIOS
LogPluginManager: Mounting plugin OnlineSubsystem
LogPluginManager: Mounting plugin OnlineSubsystemNull
LogPluginManager: Mounting plugin OnlineSubsystemUtils
LogPluginManager: Mounting plugin LauncherChunkInstaller
LogPluginManager: Mounting plugin AndroidDeviceProfileSelector
LogPluginManager: Mounting plugin AndroidMoviePlayer
LogPluginManager: Mounting plugin AndroidPermission
LogPluginManager: Mounting plugin AppleMoviePlayer
LogPluginManager: Mounting plugin ArchVisCharacter
LogPluginManager: Mounting plugin AudioCapture
LogPluginManager: Mounting plugin CableComponent
LogPluginManager: Mounting plugin CustomMeshComponent
LogPluginManager: Mounting plugin EditableMesh
LogPluginManager: Mounting plugin ExampleDeviceProfileSelector
LogPluginManager: Mounting plugin GoogleCloudMessaging
LogPluginManager: Mounting plugin ImmediatePhysics
LogPluginManager: Mounting plugin IOSDeviceProfileSelector
LogPluginManager: Mounting plugin LinuxDeviceProfileSelector
LogPluginManager: Mounting plugin LocationServicesBPLibrary
LogPluginManager: Mounting plugin MobilePatchingUtils
LogPluginManager: Mounting plugin OculusVR
LogPluginManager: Plugin shader directory ../../../Engine/Plugins/Runtime/Oculus/OculusVR/Shaders found
LogPluginManager: Mapping shader source directory ../../../Engine/Plugins/Runtime/Oculus/OculusVR/Shaders to virtual directory /Plugin/OculusVR
LogPluginManager: Mounting plugin PhysXVehicles
LogPluginManager: Mounting plugin ProceduralMeshComponent
LogPluginManager: Mounting plugin RuntimePhysXCooking
LogPluginManager: Mounting plugin SteamVR
LogPluginManager: Mounting plugin WindowsMoviePlayer
LogStreaming: Display: Took  0.263s to configure plugins.
LogInit: Using libcurl 7.55.1-DEV
LogInit:  - built for x86_64-pc-win32
LogInit:  - supports SSL with OpenSSL/1.0.2h
LogInit:  - supports HTTP deflate (compression) using libz 1.2.8
LogInit:  - other features:
LogInit:      CURL_VERSION_SSL
LogInit:      CURL_VERSION_LIBZ
LogInit:      CURL_VERSION_IPV6
LogInit:      CURL_VERSION_ASYNCHDNS
LogInit:      CURL_VERSION_LARGEFILE
LogInit:      CURL_VERSION_IDN
LogInit:  CurlRequestOptions (configurable via config and command line):
LogInit:  - bVerifyPeer = false  - Libcurl will NOT verify peer certificate
LogInit:  - bUseHttpProxy = false  - Libcurl will NOT use HTTP proxy
LogInit:  - bDontReuseConnections = false  - Libcurl will reuse connections
LogInit:  - CertBundlePath = nullptr  - Libcurl will use whatever was configured at build time.
LogInit:  - MaxHostConnections = 16  - Libcurl will limit the number of connections to a host
LogInit:  - LocalHostAddr = Default
LogInit:  - BufferSize = 65536
LogInit: WinSock: version 1.1 (2.2), MaxSocks=32767, MaxUdp=65467
LogInit: Build: ++UE4+Release-4.20-CL-4212847
LogInit: Engine Version: 4.20.0-4212847+++UE4+Release-4.20
LogInit: Compatible Engine Version: 4.20.0-4212847+++UE4+Release-4.20
LogInit: Net CL: 4212847
LogInit: OS: Windows 10 (), CPU:        Intel(R) Core(TM) i7-2600K CPU @ 3.40GHz, GPU: NVIDIA GeForce GTX 970
LogInit: Compiled (64-bit): Jul 14 2018 09:51:14
LogInit: Compiled with Visual C++: 19.13.26129.00
LogInit: Build Configuration: Development
LogInit: Branch Name: ++UE4+Release-4.20
LogInit: Command Line:  
LogInit: Base Directory: C:/Program Files/Epic Games/UE_4.20/Engine/Binaries/Win64/
LogInit: Installed Engine Build: 1
LogDevObjectVersion: Number of dev versions registered: 20
LogDevObjectVersion:   Dev-Blueprints (B0D832E4-1F89-4F0D-ACCF-7EB736FD4AA2): 10
LogDevObjectVersion:   Dev-Build (E1C64328-A22C-4D53-A36C-8E866417BD8C): 0
LogDevObjectVersion:   Dev-Core (375EC13C-06E4-48FB-B500-84F0262A717E): 2
LogDevObjectVersion:   Dev-Editor (E4B068ED-F494-42E9-A231-DA0B2E46BB41): 24
LogDevObjectVersion:   Dev-Framework (CFFC743F-43B0-4480-9391-14DF171D2073): 34
LogDevObjectVersion:   Dev-Mobile (B02B49B5-BB20-44E9-A304-32B752E40360): 2
LogDevObjectVersion:   Dev-Networking (A4E4105C-59A1-49B5-A7C5-40C4547EDFEE): 0
LogDevObjectVersion:   Dev-Online (39C831C9-5AE6-47DC-9A44-9C173E1C8E7C): 0
LogDevObjectVersion:   Dev-Physics (78F01B33-EBEA-4F98-B9B4-84EACCB95AA2): 0
LogDevObjectVersion:   Dev-Platform (6631380F-2D4D-43E0-8009-CF276956A95A): 0
LogDevObjectVersion:   Dev-Rendering (12F88B9F-8875-4AFC-A67C-D90C383ABD29): 26
LogDevObjectVersion:   Dev-Sequencer (7B5AE74C-D270-4C10-A958-57980B212A5A): 9
LogDevObjectVersion:   Dev-VR (D7296918-1DD6-4BDD-9DE2-64A83CC13884): 2
LogDevObjectVersion:   Dev-LoadTimes (C2A15278-BFE7-4AFE-6C17-90FF531DF755): 1
LogDevObjectVersion:   Private-Geometry (6EACA3D4-40EC-4CC1-B786-8BED09428FC5): 3
LogDevObjectVersion:   Dev-AnimPhys (29E575DD-E0A3-4627-9D10-D276232CDCEA): 17
LogDevObjectVersion:   Dev-ReflectionCapture (6B266CEC-1EC7-4B8F-A30B-E4D90942FC07): 1
LogDevObjectVersion:   Dev-Automation (0DF73D61-A23F-47EA-B727-89E90C41499A): 1
LogDevObjectVersion:   FortniteMain (601D1886-AC64-4F84-AA16-D3DE0DEAC7D6): 12
LogDevObjectVersion:   Dev-Enterprise (9DFFBCD6-494F-0158-E221-12823C92A888): 1
LogStreaming: Display: Took  0.001s to delete old logs.
LogInit: Presizing for max 8388607 objects, including 0 objects not considered by GC, pre-allocating 0 bytes for permanent pool.
LogInit: Object subsystem initialized
[2018.07.30-21.34.59:504][  0]LogInit: Selected Device Profile: [Windows]
[2018.07.30-21.34.59:505][  0]LogInit: Applying CVar settings loaded from the selected device profile: [Windows]
[2018.07.30-21.34.59:532][  0]LogHAL: Display: Platform has ~ 16 GB [17160146944 / 17179869184 / 16], which maps to Larger [LargestMinGB=32, LargerMinGB=12, DefaultMinGB=8, SmallerMinGB=6, SmallestMinGB=0)
[2018.07.30-21.34.59:533][  0]LogInit: Setting Device Profile CVar: [[r.Vulkan.UseRealUBs:1]]
[2018.07.30-21.34.59:534][  0]LogInit: Going up to parent DeviceProfile []
[2018.07.30-21.34.59:536][  0]LogInit: Computer: DESKTOP-45O6R3R
[2018.07.30-21.34.59:537][  0]LogInit: User: mikey
[2018.07.30-21.34.59:537][  0]LogInit: CPU Page size=4096, Cores=4
[2018.07.30-21.34.59:537][  0]LogInit: High frequency timer resolution =3.331197 MHz
[2018.07.30-21.34.59:537][  0]LogMemory: Memory total: Physical=16.0GB (16GB approx)
[2018.07.30-21.34.59:537][  0]LogMemory: Platform Memory Stats for Windows
[2018.07.30-21.34.59:537][  0]LogMemory: Process Physical Memory: 99.50 MB used, 99.50 MB peak
[2018.07.30-21.34.59:537][  0]LogMemory: Process Virtual Memory: 90.94 MB used, 90.94 MB peak
[2018.07.30-21.34.59:537][  0]LogMemory: Physical Memory: 7465.04 MB used,  8900.15 MB free, 16365.19 MB total
[2018.07.30-21.34.59:537][  0]LogMemory: Virtual Memory: 4639.31 MB used,  8900.15 MB free, 134217728.00 MB total
[2018.07.30-21.34.59:759][  0]LogInit: Using OS detected language (en-US).
[2018.07.30-21.34.59:759][  0]LogInit: Using OS detected locale (en-GB).
[2018.07.30-21.34.59:761][  0]LogTextLocalizationManager: No specific localization for 'en-US' exists, so the 'en' localization will be used.
[2018.07.30-21.35.00:239][  0]LogStreaming: Display: Took  0.479s to InitEngineTextLocalization.
[2018.07.30-21.35.00:239][  0]LogInit: Setting process to per monitor DPI aware
[2018.07.30-21.35.00:341][  0]LogSlate: New Slate User Created.  User Index 0, Is Virtual User: 0
[2018.07.30-21.35.00:341][  0]LogSlate: Slate User Registered.  User Index 0, Is Virtual User: 0
[2018.07.30-21.35.00:841][  0]LogHMD: Failed to initialize OpenVR with code 126
[2018.07.30-21.35.00:841][  0]LogD3D11RHI: D3D11 adapters:
[2018.07.30-21.35.00:902][  0]LogD3D11RHI:    0. 'NVIDIA GeForce GTX 970' (Feature Level 11_0)
[2018.07.30-21.35.00:902][  0]LogD3D11RHI:       4058/0/8182 MB DedicatedVideo/DedicatedSystem/SharedSystem, Outputs:3, VendorId:0x10de
[2018.07.30-21.35.00:904][  0]LogD3D11RHI:    1. 'Microsoft Basic Render Driver' (Feature Level 11_0)
[2018.07.30-21.35.00:904][  0]LogD3D11RHI:       0/0/8182 MB DedicatedVideo/DedicatedSystem/SharedSystem, Outputs:0, VendorId:0x1414
[2018.07.30-21.35.00:904][  0]LogD3D11RHI: Chosen D3D11 Adapter: 0
[2018.07.30-21.35.00:913][  0]LogD3D11RHI: Creating new Direct3DDevice
[2018.07.30-21.35.00:913][  0]LogD3D11RHI:     GPU DeviceId: 0x13c2 (for the marketing name, search the web for "GPU Device Id")
[2018.07.30-21.35.00:913][  0]LogWindows: EnumDisplayDevices:
[2018.07.30-21.35.00:913][  0]LogWindows:    0. 'NVIDIA GeForce GTX 970' (P:1 D:1)
[2018.07.30-21.35.00:914][  0]LogWindows:    1. 'NVIDIA GeForce GTX 970' (P:0 D:1)
[2018.07.30-21.35.00:914][  0]LogWindows:    2. 'NVIDIA GeForce GTX 970' (P:0 D:1)
[2018.07.30-21.35.00:914][  0]LogWindows:    3. 'NVIDIA GeForce GTX 970' (P:0 D:0)
[2018.07.30-21.35.00:915][  0]LogWindows: DebugString: FoundDriverCount:4 
[2018.07.30-21.35.00:915][  0]LogD3D11RHI:     Adapter Name: NVIDIA GeForce GTX 970
[2018.07.30-21.35.00:915][  0]LogD3D11RHI:   Driver Version: 388.13 (internal:23.21.13.8813, unified:388.13)
[2018.07.30-21.35.00:915][  0]LogD3D11RHI:      Driver Date: 10-27-2017
[2018.07.30-21.35.00:915][  0]LogRHI: Texture pool is 2840 MB (70% of 4058 MB)
[2018.07.30-21.35.00:958][  0]LogD3D11RHI: Async texture creation enabled
[2018.07.30-21.35.00:986][  0]LogD3D11RHI: GPU Timing Frequency: 1000.000000 (Debug: 2 1)
[2018.07.30-21.35.01:141][  0]LogShaderCompilers: Guid format shader working directory is 15 characters bigger than the processId version (E:/Unreal Projects/BeyondHuman/Intermediate/Shaders/WorkingDirectory/11344/).
[2018.07.30-21.35.01:141][  0]LogShaderCompilers: Cleaned the shader compiler working directory 'C:/Users/mikey/AppData/Local/Temp/UnrealShaderWorkingDir/07211BA84AB5603F3418BBA62C58CF25/'.
[2018.07.30-21.35.02:409][  0]LogTemp: Display: Loaded TP AllDesktopTargetPlatform
[2018.07.30-21.35.02:433][  0]LogTemp: Display: Loaded TP MacClientTargetPlatform
[2018.07.30-21.35.02:449][  0]LogTemp: Display: Loaded TP MacNoEditorTargetPlatform
[2018.07.30-21.35.02:467][  0]LogTemp: Display: Loaded TP MacServerTargetPlatform
[2018.07.30-21.35.02:489][  0]LogTemp: Display: Loaded TP MacTargetPlatform
[2018.07.30-21.35.02:507][  0]LogTemp: Display: Loaded TP WindowsClientTargetPlatform
[2018.07.30-21.35.02:525][  0]LogTemp: Display: Loaded TP WindowsNoEditorTargetPlatform
[2018.07.30-21.35.02:547][  0]LogTemp: Display: Loaded TP WindowsServerTargetPlatform
[2018.07.30-21.35.02:557][  0]LogTemp: Display: Loaded TP WindowsTargetPlatform
[2018.07.30-21.35.02:653][  0]LogTemp: Display: Loaded TP AndroidTargetPlatform
[2018.07.30-21.35.02:653][  0]LogTemp: Display: Loaded TP AndroidTargetPlatform
[2018.07.30-21.35.02:653][  0]LogTemp: Display: Loaded TP AndroidTargetPlatform
[2018.07.30-21.35.02:653][  0]LogTemp: Display: Loaded TP AndroidTargetPlatform
[2018.07.30-21.35.02:653][  0]LogTemp: Display: Loaded TP AndroidTargetPlatform
[2018.07.30-21.35.02:653][  0]LogTemp: Display: Loaded TP AndroidTargetPlatform
[2018.07.30-21.35.02:653][  0]LogTemp: Display: Loaded TP AndroidTargetPlatform
[2018.07.30-21.35.02:653][  0]LogTemp: Display: Loaded TP AndroidTargetPlatform
[2018.07.30-21.35.02:653][  0]LogTemp: Display: Loaded TP AndroidTargetPlatform
[2018.07.30-21.35.02:653][  0]LogTemp: Display: Loaded TP AndroidTargetPlatform
[2018.07.30-21.35.02:653][  0]LogTemp: Display: Loaded TP AndroidTargetPlatform
[2018.07.30-21.35.02:653][  0]LogTemp: Display: Loaded TP AndroidTargetPlatform
[2018.07.30-21.35.02:653][  0]LogTemp: Display: Loaded TP AndroidTargetPlatform
[2018.07.30-21.35.02:653][  0]LogTemp: Display: Loaded TP AndroidTargetPlatform
[2018.07.30-21.35.02:653][  0]LogTemp: Display: Loaded TP AndroidTargetPlatform
[2018.07.30-21.35.02:653][  0]LogTemp: Display: Loaded TP AndroidTargetPlatform
[2018.07.30-21.35.02:653][  0]LogTemp: Display: Loaded TP AndroidTargetPlatform
[2018.07.30-21.35.02:653][  0]LogTemp: Display: Loaded TP AndroidTargetPlatform
[2018.07.30-21.35.02:663][  0]LogTemp: Display: Loaded TP HTML5TargetPlatform
[2018.07.30-21.35.02:741][  0]LogTemp: Display: Loaded TP IOSTargetPlatform
[2018.07.30-21.35.02:741][  0]LogTemp: Display: Loaded TP IOSTargetPlatform
[2018.07.30-21.35.02:776][  0]LogTemp: Display: Loaded TP TVOSTargetPlatform
[2018.07.30-21.35.02:776][  0]LogTemp: Display: Loaded TP TVOSTargetPlatform
[2018.07.30-21.35.02:792][  0]LogTemp: Display: Loaded TP LinuxClientTargetPlatform
[2018.07.30-21.35.02:809][  0]LogTemp: Display: Loaded TP LinuxNoEditorTargetPlatform
[2018.07.30-21.35.02:827][  0]LogTemp: Display: Loaded TP LinuxServerTargetPlatform
[2018.07.30-21.35.02:854][  0]LogTemp: Display: Loaded TP LinuxTargetPlatform
[2018.07.30-21.35.02:865][  0]LogTemp: Display: Loaded TP LuminTargetPlatform
[2018.07.30-21.35.02:865][  0]LogTargetPlatformManager: Display: Building Assets For Windows
[2018.07.30-21.35.03:100][  0]LogXGEController: Cleaning working directory: C:/Users/mikey/AppData/Local/Temp/UnrealXGEWorkingDir/
[2018.07.30-21.35.03:101][  0]LogXGEController: Cannot use XGE Controller as Incredibuild is not installed on this machine.
[2018.07.30-21.35.03:101][  0]LogShaderCompilers: Cannot use XGE Shader Compiler as Incredibuild is not installed on this machine.
[2018.07.30-21.35.03:101][  0]LogShaderCompilers: Display: Using Local Shader Compiler.
[2018.07.30-21.35.04:194][  0]LogDerivedDataCache: Display: Max Cache Size: 512 MB
[2018.07.30-21.35.04:504][  0]LogDerivedDataCache: Loaded boot cache 0.31s 71MB C:/Users/mikey/AppData/Local/UnrealEngine/4.20/DerivedDataCache/Boot.ddc.
[2018.07.30-21.35.04:505][  0]LogDerivedDataCache: Display: Loaded Boot cache: C:/Users/mikey/AppData/Local/UnrealEngine/4.20/DerivedDataCache/Boot.ddc
[2018.07.30-21.35.04:505][  0]LogDerivedDataCache: FDerivedDataBackendGraph:  Pak pak cache file E:/Unreal Projects/BeyondHuman/DerivedDataCache/DDC.ddp not found, will not use a pak cache.
[2018.07.30-21.35.04:505][  0]LogDerivedDataCache: Unable to find inner node Pak for hierarchical cache Hierarchy.
[2018.07.30-21.35.04:505][  0]LogDerivedDataCache: FDerivedDataBackendGraph:  CompressedPak pak cache file E:/Unreal Projects/BeyondHuman/DerivedDataCache/Compressed.ddp not found, will not use a pak cache.
[2018.07.30-21.35.04:505][  0]LogDerivedDataCache: Unable to find inner node CompressedPak for hierarchical cache Hierarchy.
[2018.07.30-21.35.04:531][  0]LogDerivedDataCache: Display: Pak cache opened for reading ../../../Engine/DerivedDataCache/Compressed.ddp.
[2018.07.30-21.35.04:544][  0]LogDerivedDataCache: Using Local data cache path C:/Users/mikey/AppData/Local/UnrealEngine/Common/DerivedDataCache: Writable
[2018.07.30-21.35.04:544][  0]LogDerivedDataCache: Shared data cache path not found in *engine.ini, will not use an Shared cache.
[2018.07.30-21.35.04:544][  0]LogDerivedDataCache: Unable to find inner node Shared for hierarchical cache Hierarchy.
[2018.07.30-21.35.04:574][  0]LogMaterial: Verifying Global Shaders for PCD3D_SM5
[2018.07.30-21.35.04:582][  0]LogSlate: Using FreeType 2.6.0
[2018.07.30-21.35.04:586][  0]LogSlate: SlateFontServices - WITH_FREETYPE: 1, WITH_HARFBUZZ: 1
[2018.07.30-21.35.04:759][  0]LogAssetRegistry: FAssetRegistry took 0.0302 seconds to start up
[2018.07.30-21.35.05:272][  0]LogInit: Selected Device Profile: [Windows]
[2018.07.30-21.35.05:591][  0]LogSimplygon: Simplygon DLL not present - disabling.
[2018.07.30-21.35.05:617][  0]LogMeshReduction: Using SimplygonSwarm for distributed automatic mesh merging
[2018.07.30-21.35.05:617][  0]LogMeshReduction: Using ProxyLODMeshReduction for automatic mesh merging
[2018.07.30-21.35.05:618][  0]LogMeshReduction: Using QuadricMeshReduction for automatic static mesh reduction
[2018.07.30-21.35.05:618][  0]LogMeshReduction: No automatic skeletal mesh reduction module available
[2018.07.30-21.35.05:676][  0]LogNetVersion: BeyondHuman 1.0.0, NetCL: 4212847, EngineNetVer: 5, GameNetVer: 0 (Checksum: 671501493)
[2018.07.30-21.35.06:600][  0]LogPackageLocalizationCache: Processed 11 localized package path(s) for 2 prioritized culture(s) in 0.103639 seconds
[2018.07.30-21.35.06:609][  0]LogUObjectArray: 38425 objects as part of root set at end of initial load.
[2018.07.30-21.35.06:609][  0]LogUObjectAllocator: 6690864 out of 0 bytes used by permanent object pool.
[2018.07.30-21.35.06:609][  0]LogUObjectArray: CloseDisregardForGC: 0/0 objects in disregard for GC pool
[2018.07.30-21.35.08:963][  0]LogSubstanceCoreModule: Substance [CPU] Engine Loaded, Max Texture Size = 2048
[2018.07.30-21.35.08:979][  0]LogTcpMessaging: Initializing TcpMessaging bridge
[2018.07.30-21.35.08:997][  0]LogUdpMessaging: Initializing bridge on interface 0.0.0.0:0 to multicast group 230.0.0.1:6666.
[2018.07.30-21.35.09:340][  0]SourceControl: Source control is disabled
[2018.07.30-21.35.09:340][  0]SourceControl: Source control is disabled
[2018.07.30-21.35.09:358][  0]SourceControl: Source control is disabled
[2018.07.30-21.35.09:365][  0]SourceControl: Source control is disabled
[2018.07.30-21.35.09:807][  0]LogAndroidPermission: UAndroidPermissionCallbackProxy::GetInstance
[2018.07.30-21.35.09:960][  0]LogOcInput: OculusInput pre-init called
[2018.07.30-21.35.10:224][  0]LogEngine: Initializing Engine...
[2018.07.30-21.35.10:247][  0]LogHMD: Failed to initialize OpenVR with code 126
[2018.07.30-21.35.10:250][  0]LogStats: UGameplayTagsManager::ConstructGameplayTagTree: ImportINI prefixes -  0.000 s
[2018.07.30-21.35.10:250][  0]LogStats: UGameplayTagsManager::ConstructGameplayTagTree: Construct from data asset -  0.000 s
[2018.07.30-21.35.10:250][  0]LogStats: UGameplayTagsManager::ConstructGameplayTagTree: ImportINI -  0.000 s
[2018.07.30-21.35.10:251][  0]LogStats: UGameplayTagsManager::ConstructGameplayTagTree: GameplayTagTreeChangedEvent.Broadcast -  0.000 s
[2018.07.30-21.35.10:528][  0]LogInit: Initializing FReadOnlyCVARCache
[2018.07.30-21.35.10:574][  0]LogAIModule: Creating AISystem for world Untitled
[2018.07.30-21.35.10:634][  0]LogInit: XAudio2 using 'Speakers (High Definition Audio Device)' : 2 channels at 44.1 kHz using 16 bits per sample (channel mask 0x3)
[2018.07.30-21.35.10:656][  0]LogInit: FAudioDevice initialized.
[2018.07.30-21.35.10:657][  0]LogNetVersion: Set ProjectVersion to 1.0.0.0. Version Checksum will be recalculated on next use.
[2018.07.30-21.35.10:738][  0]LogDerivedDataCache: Saved boot cache 0.08s 71MB C:/Users/mikey/AppData/Local/UnrealEngine/4.20/DerivedDataCache/Boot.ddc.
[2018.07.30-21.35.10:758][  0]LogInit: Texture streaming: Enabled
[2018.07.30-21.35.10:798][  0]LogEngineSessionManager: EngineSessionManager initialized
[2018.07.30-21.35.10:819][  0]LogInit: Transaction tracking system initialized
[2018.07.30-21.35.10:887][  0]BlueprintLog: New page: Editor Load
[2018.07.30-21.35.11:172][  0]LocalizationService: Localization service is disabled
[2018.07.30-21.35.11:690][  0]LogCook: Display: Max memory allowance for cook 16384mb min free memory 0mb
[2018.07.30-21.35.11:690][  0]LogCook: Display: Mobile HDR setting 1
[2018.07.30-21.35.11:691][  0]LogGameplayTags: Display: UGameplayTagsManager::DoneAddingNativeTags. DelegateIsBound: 0
[2018.07.30-21.35.11:691][  0]LogStats: UGameplayTagsManager::ConstructGameplayTagTree: ImportINI prefixes -  0.000 s
[2018.07.30-21.35.11:691][  0]LogStats: UGameplayTagsManager::ConstructGameplayTagTree: Construct from data asset -  0.000 s
[2018.07.30-21.35.11:691][  0]LogStats: UGameplayTagsManager::ConstructGameplayTagTree: ImportINI -  0.000 s
[2018.07.30-21.35.11:691][  0]LogStats: UGameplayTagsManager::ConstructGameplayTagTree: GameplayTagTreeChangedEvent.Broadcast -  0.000 s
[2018.07.30-21.35.12:068][  0]LogFileCache: Scanning file cache for directory 'E:/Unreal Projects/BeyondHuman/Content/' took 0.01s
[2018.07.30-21.35.12:068][  0]SourceControl: Source control is disabled
[2018.07.30-21.35.12:069][  0]Cmd: MAP LOAD FILE="E:/Unreal Projects/BeyondHuman/Content/Maps/Meshing.umap" TEMPLATE=0 SHOWPROGRESS=1 FEATURELEVEL=3
[2018.07.30-21.35.12:079][  0]LightingResults: New page: Lighting Build
[2018.07.30-21.35.12:088][  0]MapCheck: New page: Map Check
[2018.07.30-21.35.12:088][  0]LightingResults: New page: Lighting Build
[2018.07.30-21.35.24:021][  0]LogAIModule: Creating AISystem for world Meshing
[2018.07.30-21.35.24:111][  0]LogEditorServer: Finished looking for orphan Actors (0.000 secs)
[2018.07.30-21.35.24:144][  0]Cmd: MAP CHECKDEP NOCLEARLOG
[2018.07.30-21.35.24:306][  0]MapCheck: Map check complete: 0 Error(s), 0 Warning(s), took 161.86ms to complete.
[2018.07.30-21.35.24:306][  0]LogFileHelpers: Loading map 'Meshing' took 12.237
[2018.07.30-21.35.24:532][  0]LogSlate: Updating window title bar state: overlay mode, drag disabled, window buttons hidden, title bar hidden
[2018.07.30-21.35.24:542][  0]LogSlate: Updating window title bar state: overlay mode, drag disabled, window buttons hidden, title bar hidden
[2018.07.30-21.35.24:552][  0]LogSlate: Updating window title bar state: overlay mode, drag disabled, window buttons hidden, title bar hidden
[2018.07.30-21.35.24:561][  0]LogSlate: Updating window title bar state: overlay mode, drag disabled, window buttons hidden, title bar hidden
[2018.07.30-21.35.24:579][  0]LogCollectionManager: Loaded 0 collections in 0.001763 seconds
[2018.07.30-21.35.24:649][  0]LogFileCache: Scanning file cache for directory 'E:/Unreal Projects/BeyondHuman/Saved/Collections/' took 0.01s
[2018.07.30-21.35.24:649][  0]LogFileCache: Scanning file cache for directory 'E:/Unreal Projects/BeyondHuman/Content/Developers/mikey/Collections/' took 0.01s
[2018.07.30-21.35.24:649][  0]LogFileCache: Scanning file cache for directory 'E:/Unreal Projects/BeyondHuman/Content/Collections/' took 0.01s
[2018.07.30-21.35.24:649][  0]LogCollectionManager: Rebuilt the GUID cache for 0 collections in 0.000001 seconds
[2018.07.30-21.35.24:664][  0]LogContentBrowser: Native class hierarchy populated in 0.0124 seconds. Added 2586 classes and 609 folders.
[2018.07.30-21.35.24:677][  0]LogContentBrowser: Native class hierarchy updated for 'WidgetCarousel' in 0.0003 seconds. Added 0 classes and 0 folders.
[2018.07.30-21.35.24:829][  0]LogContentBrowser: Native class hierarchy updated for 'AddContentDialog' in 0.0003 seconds. Added 0 classes and 0 folders.
[2018.07.30-21.35.24:844][  0]LogContentBrowser: Native class hierarchy updated for 'SceneOutliner' in 0.0004 seconds. Added 1 classes and 2 folders.
[2018.07.30-21.35.24:936][  0]LogSlate: Took 0.001426 seconds to synchronously load lazily loaded font '../../../Engine/Content/Slate/Fonts/Roboto-Regular.ttf' (155K)
[2018.07.30-21.35.24:945][  0]LogSlate: Took 0.006663 seconds to synchronously load lazily loaded font '../../../Engine/Content/Slate/Fonts/Roboto-Bold.ttf' (160K)
[2018.07.30-21.35.24:961][  0]LogSlate: Took 0.005477 seconds to synchronously load lazily loaded font '../../../Engine/Content/Editor/Slate/Fonts/FontAwesome.ttf' (139K)
[2018.07.30-21.35.25:074][  0]LogRenderer: Reallocating scene render targets to support 1236x472 Format 9 NumSamples 1 (Frame:1).
[2018.07.30-21.35.25:310][  0]LogContentBrowser: Native class hierarchy updated for 'HierarchicalLODOutliner' in 0.0004 seconds. Added 0 classes and 0 folders.
[2018.07.30-21.35.25:310][  0]LogLoad: (Engine Initialization) Total time: 28.94 seconds
[2018.07.30-21.35.25:310][  0]LogLoad: (Engine Initialization) Total Blueprint compile time: 0.00 seconds
[2018.07.30-21.35.25:322][  0]LogSlate: FSceneViewport::OnFocusLost() reason 0
[2018.07.30-21.35.25:322][  0]LogWindowsTextInputMethodSystem: Display: IME system now deactivated.
[2018.07.30-21.35.25:346][  0]LogContentStreaming: Texture pool size now 3000 MB
[2018.07.30-21.35.25:419][  0]LogRenderer: Reallocating scene render targets to support 1236x488 Format 9 NumSamples 1 (Frame:2).
[2018.07.30-21.35.25:419][  0]LogSlate: Took 0.001623 seconds to synchronously load lazily loaded font '../../../Engine/Content/Slate/Fonts/Roboto-Light.ttf' (167K)
[2018.07.30-21.35.25:467][  1]LogSubstanceLiveLink: Warning: Unable to send data along socket, closing connection
[2018.07.30-21.35.25:500][  1]LogAssetRegistry: Asset discovery search completed in 20.7642 seconds
[2018.07.30-21.35.25:503][  1]LogCollectionManager: Rebuilt the object cache for 0 collections in 0.000001 seconds (found 0 objects)
[2018.07.30-21.35.25:503][  1]LogCollectionManager: Fixed up redirectors for 0 collections in 0.000060 seconds (updated 0 objects)
[2018.07.30-21.36.06:593][331]LogEditorViewport: Clicking on Actor (LMB): StaticMeshActor (BuildingTall)
[2018.07.30-21.36.07:124][357]LogEditorViewport: Clicking on Actor (context menu): StaticMeshActor (BuildingTall)
[2018.07.30-21.36.07:182][357]LogSlate: FSceneViewport::OnFocusLost() reason 2
[2018.07.30-21.36.08:236][437]LogSlate: FSceneViewport::OnFocusLost() reason 2
[2018.07.30-21.36.10:464][569]LogEditorFactories: Performing atomic reimport of [E:/Dropbox (Personal)/Docs/Projects/Beyond Human/Exports/Buildings/BuildingTall.fbx]
[2018.07.30-21.36.10:600][569]LogSlate: Took 0.000352 seconds to synchronously load lazily loaded font '../../../Engine/Content/Slate/Fonts/Roboto-Light.ttf' (167K)
[2018.07.30-21.36.10:656][569]LogFbx: Loading FBX Scene from E:/Dropbox (Personal)/Docs/Projects/Beyond Human/Exports/Buildings/BuildingTall.fbx
[2018.07.30-21.36.10:698][569]LogFbx: FBX Scene Loaded Succesfully
[2018.07.30-21.36.11:555][569]LogStaticMesh: Building static mesh BuildingTall...
[2018.07.30-21.36.12:526][569]LogStaticMesh: Built static mesh [0.97s] /Game/Meshes/BuildingTall.BuildingTall
[2018.07.30-21.36.19:222][569]LogSlate: Window 'Reimport Material Conflicts Resolution' being destroyed
[2018.07.30-21.36.19:252][569]LogEditorFactories: -- imported successfully
[2018.07.30-21.36.33:272][331]LogSlate: FSceneViewport::OnFocusLost() reason 0
[2018.07.30-21.36.35:771][471]LogEditorViewport: Clicking on Actor (LMB): StaticMeshActor (WallBack)
[2018.07.30-21.36.40:903][724]LogSlate: FSceneViewport::OnFocusLost() reason 0
[2018.07.30-21.36.44:416][883]LogSlate: FSceneViewport::OnFocusLost() reason 0
[2018.07.30-21.36.46:923][ 42]LogSlate: FSceneViewport::OnFocusLost() reason 0
[2018.07.30-21.36.51:559][379]LogEditorViewport: Clicking on Actor (LMB): StaticMeshActor (BuildingAngled)
[2018.07.30-21.36.58:782][896]LogSlate: FSceneViewport::OnFocusLost() reason 0
[2018.07.30-21.37.06:591][486]LogEditorViewport: Clicking on Actor (LMB): BP_StandingLight_C (BP_StandingLight2)
[2018.07.30-21.37.07:646][545]LogEditorViewport: Clicking on Actor (LMB): StaticMeshActor (WallBack)
[2018.07.30-21.37.16:079][160]LogEditorViewport: Clicking on Actor (LMB): StaticMeshActor (BuildingTall)
[2018.07.30-21.37.16:120][160]LogEditorViewport: Clicking on Component (LMB): StaticMeshComponent (StaticMeshComponent0)
[2018.07.30-21.37.28:725][ 33]LogEditorViewport: Clicking on Actor (LMB): StaticMeshActor (WallLeft)
[2018.07.30-21.37.41:023][856]LogEditorViewport: Clicking on Actor (LMB): StaticMeshActor (WallLeft)
[2018.07.30-21.37.41:797][894]LogEditorViewport: Clicking on Actor (LMB): StaticMeshActor (TunnelSlope)
[2018.07.30-21.37.51:070][575]LogSlate: FSceneViewport::OnFocusLost() reason 0
[2018.07.30-21.38.06:958][589]LogSlate: FSceneViewport::OnFocusLost() reason 0
[2018.07.30-21.39.42:195][913]LogEditorViewport: Clicking on Actor (LMB): StaticMeshActor (BuildingRound)
[2018.07.30-21.40.00:607][382]LogEditorViewport: Clicking on Actor (LMB): StaticMeshActor (WallLeft)
[2018.07.30-21.40.08:170][835]LogSlate: FSceneViewport::OnFocusLost() reason 0
[2018.07.30-21.40.17:369][391]LogSlate: FSceneViewport::OnFocusLost() reason 0
[2018.07.30-21.40.20:772][492]LogSlate: Window 'Save Content' being destroyed
[2018.07.30-21.40.20:992][492]Cmd: OBJ SAVEPACKAGE PACKAGE="/Game/Maps/Meshing" FILE="E:/Unreal Projects/BeyondHuman/Content/Maps/Meshing.umap" SILENT=true AUTOSAVING=false KEEPDIRTY=false
[2018.07.30-21.40.21:415][492]LogSavePackage: Moving 'E:/Unreal Projects/BeyondHuman/Saved/Meshing84A27BAD463D81D33897E8BD6B5410EF.tmp' to 'E:/Unreal Projects/BeyondHuman/Content/Maps/Meshing.umap'
[2018.07.30-21.40.21:432][492]LogFileHelpers: Saving map 'Meshing' took 0.608
[2018.07.30-21.40.21:450][492]Cmd: OBJ SAVEPACKAGE PACKAGE="/Game/Meshes/BuildingTall" FILE="E:/Unreal Projects/BeyondHuman/Content/Meshes/BuildingTall.uasset" SILENT=true
[2018.07.30-21.40.21:475][492]LogSavePackage: Moving 'E:/Unreal Projects/BeyondHuman/Saved/BuildingTall19DD72FF489B72BA475952BE3EBA0029.tmp' to 'E:/Unreal Projects/BeyondHuman/Content/Meshes/BuildingTall.uasset'
[2018.07.30-21.54.49:138][325]LogEditorFactories: Performing atomic reimport of [E:/Dropbox (Personal)/Docs/Projects/Beyond Human/Exports/Buildings/BuildingTall.fbx]
[2018.07.30-21.54.49:211][325]LogFbx: Loading FBX Scene from E:/Dropbox (Personal)/Docs/Projects/Beyond Human/Exports/Buildings/BuildingTall.fbx
[2018.07.30-21.54.49:242][325]LogFbx: FBX Scene Loaded Succesfully
[2018.07.30-21.54.49:868][325]LogStaticMesh: Building static mesh BuildingTall...
[2018.07.30-21.54.50:758][325]LogStaticMesh: Built static mesh [0.89s] /Game/Meshes/BuildingTall.BuildingTall
[2018.07.30-21.54.51:012][325]LogEditorFactories: -- imported successfully
[2018.07.30-21.55.00:329][ 70]LogEditorViewport: Clicking on Actor (LMB): StaticMeshActor (BuildingTall)
[2018.07.30-21.55.03:884][329]LogSlate: FSceneViewport::OnFocusLost() reason 0
[2018.07.30-21.55.09:121][668]LogSlate: FSceneViewport::OnFocusLost() reason 0
[2018.07.30-21.55.11:166][782]Cmd: TRANSACTION UNDO
[2018.07.30-21.55.11:166][782]LogEditorTransaction: Undo Replace component used material
[2018.07.30-21.55.18:274][191]Cmd: TRANSACTION UNDO
[2018.07.30-21.55.18:274][191]LogEditorTransaction: Undo Replace component used material
[2018.07.30-21.55.22:305][453]LogSlate: FSceneViewport::OnFocusLost() reason 0
[2018.07.30-21.55.32:333][296]Cmd: TRANSACTION UNDO
[2018.07.30-21.55.32:333][296]LogEditorTransaction: Undo Replace component used material
[2018.07.30-21.55.35:649][564]LogSlate: Took 0.002401 seconds to synchronously load lazily loaded font '../../../Engine/Content/Slate/Fonts/Roboto-Italic.ttf' (157K)
[2018.07.30-21.55.37:585][700]LogSlate: FSceneViewport::OnFocusLost() reason 0
[2018.07.30-21.55.50:184][802]LogEditorViewport: Clicking on Actor (LMB): StaticMeshActor (Ground)
[2018.07.30-21.55.51:182][858]LogEditorViewport: Clicking on Actor (LMB): StaticMeshActor (Ladder)
[2018.07.30-21.55.52:935][951]LogEditorViewport: Clicking on Actor (LMB): StaticMeshActor (BuildingTall)
[2018.07.30-21.56.00:128][337]LogSlate: FSceneViewport::OnFocusLost() reason 0
[2018.07.30-21.56.46:192][  6]Cmd: OBJ SAVEPACKAGE PACKAGE="/Game/Maps/Meshing" FILE="E:/Unreal Projects/BeyondHuman/Saved/Autosaves/Game/Maps/Meshing_Auto1.umap" SILENT=true AUTOSAVING=true KEEPDIRTY=false
[2018.07.30-21.56.46:552][  6]LogSavePackage: Moving 'E:/Unreal Projects/BeyondHuman/Saved/Meshing_Auto10BB886FD43029C088BD7BDA8F494F05F.tmp' to 'E:/Unreal Projects/BeyondHuman/Saved/Autosaves/Game/Maps/Meshing_Auto1.umap'
[2018.07.30-21.56.46:562][  6]LogFileHelpers: Editor autosave (incl. sublevels) for '/Game/Maps/Meshing' took 0.413
[2018.07.30-21.56.46:562][  6]LogFileHelpers: Editor autosave (incl. sublevels) for all levels took 0.413
[2018.07.30-21.56.46:563][  6]OBJ SavePackage: Generating thumbnails for [1] asset(s) in package [/Game/Meshes/BuildingTall] ([1] browsable assets)...
[2018.07.30-21.56.46:577][  6]OBJ SavePackage:     Rendered thumbnail for [StaticMesh /Game/Meshes/BuildingTall.BuildingTall]
[2018.07.30-21.56.46:577][  6]OBJ SavePackage: Finished generating thumbnails for package [/Game/Meshes/BuildingTall]
[2018.07.30-21.56.46:577][  6]Cmd: OBJ SAVEPACKAGE PACKAGE="/Game/Meshes/BuildingTall" FILE="E:/Unreal Projects/BeyondHuman/Saved/Autosaves/Game/Meshes/BuildingTall_Auto1.uasset" SILENT=false AUTOSAVING=true
[2018.07.30-21.56.46:600][  6]LogSavePackage: Moving 'E:/Unreal Projects/BeyondHuman/Saved/BuildingTall_Auto1CF9F23E747F5E9E84B7ADDA6CE1677DA.tmp' to 'E:/Unreal Projects/BeyondHuman/Saved/Autosaves/Game/Meshes/BuildingTall_Auto1.uasset'
[2018.07.30-21.56.46:601][  6]LogFileHelpers: Auto-saving content packages took 0.038
[2018.07.30-21.57.06:151][ 66]LogSlate: FSceneViewport::OnFocusLost() reason 2
[2018.07.30-21.57.08:728][202]LogEditorFactories: Performing atomic reimport of [E:/Dropbox (Personal)/Docs/Projects/Beyond Human/Exports/Buildings/BuildingTall.fbx]
[2018.07.30-21.57.08:796][202]LogFbx: Loading FBX Scene from E:/Dropbox (Personal)/Docs/Projects/Beyond Human/Exports/Buildings/BuildingTall.fbx
[2018.07.30-21.57.08:827][202]LogFbx: FBX Scene Loaded Succesfully
[2018.07.30-21.57.09:470][202]LogStaticMesh: Building static mesh BuildingTall...
[2018.07.30-21.57.10:370][202]LogStaticMesh: Built static mesh [0.90s] /Game/Meshes/BuildingTall.BuildingTall
[2018.07.30-21.57.10:610][202]LogEditorFactories: -- imported successfully
[2018.07.30-21.57.27:225][200]Cmd: TRANSACTION UNDO
[2018.07.30-21.57.27:225][200]LogEditorTransaction: Undo Create Actors
[2018.07.30-21.57.29:781][355]LogSlate: FSceneViewport::OnFocusLost() reason 0
[2018.07.30-21.57.36:580][804]LogSlate: FSceneViewport::OnFocusLost() reason 0
[2018.07.30-21.57.39:796][964]LogEditorViewport: Clicking on Actor (LMB): StaticMeshActor (BuildingTall)
[2018.07.30-21.57.40:756][ 34]Cmd: DELETE
[2018.07.30-21.57.40:756][ 34]Cmd: ACTOR DELETE
[2018.07.30-21.57.40:775][ 34]LogEditorActor: Deleted Actor: StaticMeshActor
[2018.07.30-21.57.40:820][ 34]LogEditorActor: Deleted 1 Actors (0.057 secs)
[2018.07.30-21.57.43:404][222]LogSlate: FSceneViewport::OnFocusLost() reason 0
[2018.07.30-21.57.48:314][532]LogSlate: Window 'Delete Assets' being destroyed
[2018.07.30-21.57.59:557][632]LogFactory: FactoryCreateFile: StaticMesh with FbxFactory (0 0 E:/Dropbox (Personal)/Docs/Projects/Beyond Human/Exports/Buildings/BuildingTall.fbx)
[2018.07.30-21.57.59:570][632]LogFbx: Loading FBX Scene from E:/Dropbox (Personal)/Docs/Projects/Beyond Human/Exports/Buildings/BuildingTall.fbx
[2018.07.30-21.57.59:602][632]LogFbx: FBX Scene Loaded Succesfully
[2018.07.30-21.58.11:650][632]LogSlate: Window 'FBX Import Options' being destroyed
[2018.07.30-21.58.12:224][632]LogStaticMesh: Building static mesh BuildingTall...
[2018.07.30-21.58.13:109][632]LogStaticMesh: Built static mesh [0.89s] /Game/Meshes/BuildingTall.BuildingTall
[2018.07.30-21.58.14:837][701]LogActorFactory: Actor Factory created BuildingTall
[2018.07.30-21.58.15:132][718]LogActorFactory: Actor Factory created BuildingTall
[2018.07.30-21.58.18:019][879]LogSlate: FSceneViewport::OnFocusLost() reason 0
[2018.07.30-21.58.41:473][196]LogSlate: FSceneViewport::OnFocusLost() reason 0
[2018.07.30-21.58.47:314][647]LogEditorViewport: Clicking on Actor (LMB): StaticMeshActor (WallBack)
[2018.07.30-21.58.58:940][371]LogSlate: FSceneViewport::OnFocusLost() reason 0
[2018.07.30-21.59.00:752][379]LogSlate: Window 'Save Content' being destroyed
[2018.07.30-21.59.00:965][379]Cmd: OBJ SAVEPACKAGE PACKAGE="/Game/Maps/Meshing" FILE="E:/Unreal Projects/BeyondHuman/Content/Maps/Meshing.umap" SILENT=true AUTOSAVING=false KEEPDIRTY=false
[2018.07.30-21.59.01:359][379]LogSavePackage: Moving 'E:/Unreal Projects/BeyondHuman/Saved/MeshingEC6D58D1474A88188762B69B18A71468.tmp' to 'E:/Unreal Projects/BeyondHuman/Content/Maps/Meshing.umap'
[2018.07.30-21.59.01:377][379]LogFileHelpers: Saving map 'Meshing' took 0.577
[2018.07.30-21.59.01:392][379]Cmd: OBJ SAVEPACKAGE PACKAGE="/Game/Meshes/BuildingTall" FILE="E:/Unreal Projects/BeyondHuman/Content/Meshes/BuildingTall.uasset" SILENT=true
[2018.07.30-21.59.01:408][379]LogSavePackage: Moving 'E:/Unreal Projects/BeyondHuman/Saved/BuildingTall1F78F6A544F1397E869C6996CE31C9D5.tmp' to 'E:/Unreal Projects/BeyondHuman/Content/Meshes/BuildingTall.uasset'
[2018.07.30-21.59.15:552][ 56]LogEditorViewport: Clicking on Actor (LMB): StaticMeshActor (BanisterX4 (4))
[2018.07.30-21.59.22:078][452]LogSlate: FSceneViewport::OnFocusLost() reason 0
[2018.07.30-21.59.26:064][687]LogEditorViewport: Clicking on Actor (LMB): StaticMeshActor (TunnelSlope)
[2018.07.30-21.59.27:275][760]LogEditorViewport: Clicking on Actor (LMB): StaticMeshActor (WallLeft)
[2018.07.30-21.59.28:541][837]LogEditorViewport: Clicking on Actor (LMB): StaticMeshActor (TunnelSlope)
[2018.07.30-22.01.25:618][248]LogEditorViewport: Clicking on Actor (LMB): StaticMeshActor (BuildingAngled)
[2018.07.30-22.01.37:239][151]LogEditorViewport: Clicking on Actor (LMB): StaticMeshActor (WallRight)
[2018.07.30-22.01.40:432][382]LogEditorViewport: Clicking on Actor (LMB): StaticMeshActor (Stairs (2))
[2018.07.30-22.02.13:265][879]LogEditorViewport: Clicking on Actor (LMB): StaticMeshActor (BuildingRound)
[2018.07.30-22.02.14:176][945]LogEditorViewport: Clicking on Actor (LMB): StaticMeshActor (BuildingRound)
[2018.07.30-22.02.17:496][160]LogEditorViewport: Clicking on Actor (LMB): StaticMeshActor (Generator)
[2018.07.30-22.02.18:448][215]LogEditorViewport: Clicking on Actor (LMB): StaticMeshActor (WallRight)
[2018.07.30-22.02.19:410][270]LogEditorViewport: Clicking on Actor (LMB): BP_StandingLight_C (BP_StandingLight9)
[2018.07.30-22.02.20:808][350]LogEditorViewport: Clicking on Actor (LMB): StaticMeshActor (BuildingRound)
[2018.07.30-22.02.25:868][671]LogEditorViewport: Clicking on Actor (LMB): StaticMeshActor (BuildingAngled)
[2018.07.30-22.02.25:911][671]LogEditorViewport: Clicking on Component (LMB): StaticMeshComponent (StaticMeshComponent0)
[2018.07.30-22.02.28:172][795]LogSlate: FSceneViewport::OnFocusLost() reason 0
[2018.07.30-22.02.33:413][ 99]LogSlate: FSceneViewport::OnFocusLost() reason 0
[2018.07.30-22.02.33:521][103]LogSlate: Window 'BeyondHuman - Unreal Editor' being destroyed
[2018.07.30-22.02.33:709][104]Cmd: QUIT_EDITOR
[2018.07.30-22.02.33:733][104]LogWindowsTextInputMethodSystem: Display: IME system now deactivated.
[2018.07.30-22.02.33:748][104]LogExit: Preparing to exit.
[2018.07.30-22.02.34:724][104]LogExit: Editor shut down
[2018.07.30-22.02.34:724][104]LogExit: Transaction tracking system shut down
[2018.07.30-22.02.35:222][104]LogExit: Object subsystem successfully closed.
[2018.07.30-22.02.35:242][104]LogShaderCompilers: Display: Shaders left to compile 0
[2018.07.30-22.02.35:246][104]LogD3D11RHI: Shutdown
[2018.07.30-22.02.35:246][104]LogD3D11RHI: CleanupD3DDevice
[2018.07.30-22.02.35:250][104]LogD3D11RHI: ~FD3D11DynamicRHI
[2018.07.30-22.02.35:295][104]LogModuleManager: Shutting down and abandoning module HierarchicalLODUtilities (622)
[2018.07.30-22.02.35:296][104]LogModuleManager: Shutting down and abandoning module MeshBuilder (620)
[2018.07.30-22.02.35:296][104]LogModuleManager: Shutting down and abandoning module HierarchicalLODOutliner (618)
[2018.07.30-22.02.35:296][104]LogModuleManager: Shutting down and abandoning module SceneOutliner (616)
[2018.07.30-22.02.35:296][104]LogModuleManager: Shutting down and abandoning module AddContentDialog (614)
[2018.07.30-22.02.35:296][104]LogModuleManager: Shutting down and abandoning module WidgetCarousel (613)
[2018.07.30-22.02.35:296][104]LogModuleManager: Shutting down and abandoning module EditorWidgets (610)
[2018.07.30-22.02.35:296][104]LogModuleManager: Shutting down and abandoning module CollectionManager (608)
[2018.07.30-22.02.35:296][104]LogModuleManager: Shutting down and abandoning module StatsViewer (606)
[2018.07.30-22.02.35:296][104]LogModuleManager: Shutting down and abandoning module FoliageEdit (604)
[2018.07.30-22.02.35:296][104]LogModuleManager: Shutting down and abandoning module LandscapeEditor (602)
[2018.07.30-22.02.35:298][104]LogModuleManager: Shutting down and abandoning module MeshPaintMode (600)
[2018.07.30-22.02.35:298][104]LogModuleManager: Shutting down and abandoning module SceneDepthPickerMode (598)
[2018.07.30-22.02.35:298][104]LogModuleManager: Shutting down and abandoning module ActorPickerMode (596)
[2018.07.30-22.02.35:298][104]LogModuleManager: Shutting down and abandoning module GeometryMode (594)
[2018.07.30-22.02.35:298][104]LogModuleManager: Shutting down and abandoning module TextureAlignMode (592)
[2018.07.30-22.02.35:298][104]LogModuleManager: Shutting down and abandoning module BspMode (590)
[2018.07.30-22.02.35:298][104]LogModuleManager: Shutting down and abandoning module PIEPreviewDeviceProfileSelector (588)
[2018.07.30-22.02.35:298][104]LogModuleManager: Shutting down and abandoning module SequenceRecorderSections (586)
[2018.07.30-22.02.35:298][104]LogModuleManager: Shutting down and abandoning module AutomationWorker (584)
[2018.07.30-22.02.35:298][104]LogModuleManager: Shutting down and abandoning module AudioCaptureEditor (582)
[2018.07.30-22.02.35:298][104]LogModuleManager: Shutting down and abandoning module SequenceRecorder (581)
[2018.07.30-22.02.35:298][104]LogModuleManager: Shutting down and abandoning module MatineeToLevelSequence (578)
[2018.07.30-22.02.35:298][104]LogModuleManager: Shutting down and abandoning module LevelSequenceEditor (576)
[2018.07.30-22.02.35:298][104]LogModuleManager: Shutting down and abandoning module PlacementMode (575)
[2018.07.30-22.02.35:298][104]LogModuleManager: Shutting down and abandoning module MaterialEditor (574)
[2018.07.30-22.02.35:300][104]LogModuleManager: Shutting down and abandoning module WmfMediaFactory (570)
[2018.07.30-22.02.35:300][104]LogModuleManager: Shutting down and abandoning module WmfMediaEditor (568)
[2018.07.30-22.02.35:300][104]LogModuleManager: Shutting down and abandoning module MediaPlayerEditor (566)
[2018.07.30-22.02.35:300][104]LogModuleManager: Shutting down and abandoning module OpenExrWrapper (564)
[2018.07.30-22.02.35:300][104]LogModuleManager: Shutting down and abandoning module ImgMediaFactory (562)
[2018.07.30-22.02.35:300][104]LogModuleManager: Shutting down and abandoning module ImgMediaEditor (560)
[2018.07.30-22.02.35:300][104]LogModuleManager: Shutting down and abandoning module AvfMediaFactory (558)
[2018.07.30-22.02.35:300][104]LogModuleManager: Shutting down and abandoning module AvfMediaEditor (556)
[2018.07.30-22.02.35:300][104]LogModuleManager: Shutting down and abandoning module AndroidMediaFactory (554)
[2018.07.30-22.02.35:300][104]LogModuleManager: Shutting down and abandoning module AndroidMediaEditor (552)
[2018.07.30-22.02.35:300][104]LogModuleManager: Shutting down and abandoning module MagicLeapCameraPreviewFactory (550)
[2018.07.30-22.02.35:300][104]LogModuleManager: Shutting down and abandoning module MagicLeapMediaFactory (548)
[2018.07.30-22.02.35:300][104]LogModuleManager: Shutting down and abandoning module MagicLeapMediaEditor (546)
[2018.07.30-22.02.35:300][104]LogModuleManager: Shutting down and abandoning module CharacterAI (544)
[2018.07.30-22.02.35:300][104]LogModuleManager: Shutting down and abandoning module SmartSnapping (542)
[2018.07.30-22.02.35:300][104]LogModuleManager: Shutting down and abandoning module SessionServices (540)
[2018.07.30-22.02.35:301][104]LogModuleManager: Shutting down and abandoning module ViewportSnapping (538)
[2018.07.30-22.02.35:301][104]LogModuleManager: Shutting down and abandoning module ViewportInteraction (536)
[2018.07.30-22.02.35:301][104]LogModuleManager: Shutting down and abandoning module ClothPainter (534)
[2018.07.30-22.02.35:301][104]LogModuleManager: Shutting down and abandoning module SkeletalMeshEditor (533)
[2018.07.30-22.02.35:302][104]LogModuleManager: Shutting down and abandoning module LogVisualizer (530)
[2018.07.30-22.02.35:302][104]LogModuleManager: Shutting down and abandoning module IntroTutorials (528)
[2018.07.30-22.02.35:302][104]LogModuleManager: Shutting down and abandoning module GameProjectGeneration (527)
[2018.07.30-22.02.35:303][104]LogModuleManager: Shutting down and abandoning module LuminPlatformEditor (524)
[2018.07.30-22.02.35:303][104]LogModuleManager: Shutting down and abandoning module IOSPlatformEditor (522)
[2018.07.30-22.02.35:303][104]LogModuleManager: Shutting down and abandoning module HTML5PlatformEditor (520)
[2018.07.30-22.02.35:303][104]LogModuleManager: Shutting down and abandoning module AndroidPlatformEditor (518)
[2018.07.30-22.02.35:303][104]LogModuleManager: Shutting down and abandoning module AndroidDeviceDetection (517)
[2018.07.30-22.02.36:041][104]LogModuleManager: Shutting down and abandoning module WindowsPlatformEditor (514)
[2018.07.30-22.02.36:041][104]LogModuleManager: Shutting down and abandoning module LuminRuntimeSettings (512)
[2018.07.30-22.02.36:041][104]LogModuleManager: Shutting down and abandoning module IOSRuntimeSettings (510)
[2018.07.30-22.02.36:041][104]LogModuleManager: Shutting down and abandoning module AndroidRuntimeSettings (508)
[2018.07.30-22.02.36:041][104]LogModuleManager: Shutting down and abandoning module InputBindingEditor (506)
[2018.07.30-22.02.36:047][104]LogModuleManager: Shutting down and abandoning module MergeActors (504)
[2018.07.30-22.02.36:047][104]LogModuleManager: Shutting down and abandoning module LocalizationDashboard (502)
[2018.07.30-22.02.36:048][104]LogModuleManager: Shutting down and abandoning module LocalizationService (501)
[2018.07.30-22.02.36:048][104]LogModuleManager: Shutting down and abandoning module HardwareTargeting (498)
[2018.07.30-22.02.36:048][104]LogModuleManager: Shutting down and abandoning module DeviceProfileEditor (496)
[2018.07.30-22.02.36:048][104]LogModuleManager: Shutting down and abandoning module UndoHistory (494)
[2018.07.30-22.02.36:048][104]LogModuleManager: Shutting down and abandoning module XmlParser (492)
[2018.07.30-22.02.36:048][104]LogModuleManager: Shutting down and abandoning module Blutility (490)
[2018.07.30-22.02.36:048][104]LogModuleManager: Shutting down and abandoning module ProjectSettingsViewer (488)
[2018.07.30-22.02.36:048][104]LogModuleManager: Shutting down and abandoning module ProjectTargetPlatformEditor (487)
[2018.07.30-22.02.36:048][104]LogModuleManager: Shutting down and abandoning module EditorSettingsViewer (484)
[2018.07.30-22.02.36:048][104]LogModuleManager: Shutting down and abandoning module SettingsEditor (482)
[2018.07.30-22.02.36:048][104]LogModuleManager: Shutting down and abandoning module ProjectLauncher (480)
[2018.07.30-22.02.36:048][104]LogModuleManager: Shutting down and abandoning module SessionFrontend (478)
[2018.07.30-22.02.36:048][104]LogModuleManager: Shutting down and abandoning module ProfilerClient (476)
[2018.07.30-22.02.36:049][104]LogModuleManager: Shutting down and abandoning module DeviceManager (474)
[2018.07.30-22.02.36:049][104]LogModuleManager: Shutting down and abandoning module TargetDeviceServices (473)
[2018.07.30-22.02.36:102][104]LogModuleManager: Shutting down and abandoning module AutomationController (470)
[2018.07.30-22.02.36:102][104]LogModuleManager: Shutting down and abandoning module AutomationWindow (468)
[2018.07.30-22.02.36:103][104]LogModuleManager: Shutting down and abandoning module Layers (466)
[2018.07.30-22.02.36:104][104]LogModuleManager: Shutting down and abandoning module ComponentVisualizers (464)
[2018.07.30-22.02.36:104][104]LogModuleManager: Shutting down and abandoning module DetailCustomizations (462)
[2018.07.30-22.02.36:104][104]LogModuleManager: Shutting down and abandoning module PackagesDialog (460)
[2018.07.30-22.02.36:104][104]LogModuleManager: Shutting down and abandoning module Persona (458)
[2018.07.30-22.02.36:105][104]LogModuleManager: Shutting down and abandoning module AdvancedPreviewScene (457)
[2018.07.30-22.02.36:105][104]LogModuleManager: Shutting down and abandoning module AnimGraph (455)
[2018.07.30-22.02.36:105][104]LogModuleManager: Shutting down and abandoning module Kismet (452)
[2018.07.30-22.02.36:105][104]LogModuleManager: Shutting down and abandoning module GraphEditor (450)
[2018.07.30-22.02.36:107][104]LogModuleManager: Shutting down and abandoning module ClassViewer (448)
[2018.07.30-22.02.36:107][104]LogModuleManager: Shutting down and abandoning module Toolbox (446)
[2018.07.30-22.02.36:107][104]LogModuleManager: Shutting down and abandoning module ModuleUI (444)
[2018.07.30-22.02.36:108][104]LogModuleManager: Shutting down and abandoning module MovieSceneTools (442)
[2018.07.30-22.02.36:108][104]LogModuleManager: Shutting down and abandoning module OutputLog (440)
[2018.07.30-22.02.36:108][104]LogModuleManager: Shutting down and abandoning module GammaUI (438)
[2018.07.30-22.02.36:108][104]LogModuleManager: Shutting down and abandoning module Documentation (436)
[2018.07.30-22.02.36:108][104]LogModuleManager: Shutting down and abandoning module MovieSceneTracks (434)
[2018.07.30-22.02.36:108][104]LogModuleManager: Shutting down and abandoning module MovieScene (432)
[2018.07.30-22.02.36:108][104]LogModuleManager: Shutting down and abandoning module StreamingPauseRendering (430)
[2018.07.30-22.02.36:108][104]LogModuleManager: Shutting down and abandoning module LauncherPlatform (428)
[2018.07.30-22.02.36:108][104]LogModuleManager: Shutting down and abandoning module AnalyticsET (426)
[2018.07.30-22.02.36:108][104]LogModuleManager: Shutting down and abandoning module PortalServices (424)
[2018.07.30-22.02.36:108][104]LogModuleManager: Shutting down and abandoning module PortalRpc (422)
[2018.07.30-22.02.36:108][104]LogModuleManager: Shutting down and abandoning module MessagingRpc (420)
[2018.07.30-22.02.36:108][104]LogModuleManager: Shutting down and abandoning module AIModule (418)
[2018.07.30-22.02.36:108][104]LogModuleManager: Shutting down and abandoning module GameplayDebugger (417)
[2018.07.30-22.02.36:108][104]LogModuleManager: Shutting down and abandoning module AITestSuite (415)
[2018.07.30-22.02.36:108][104]LogModuleManager: Shutting down and abandoning module NavigationSystem (413)
[2018.07.30-22.02.36:108][104]LogModuleManager: Shutting down and abandoning module DesktopPlatform (410)
[2018.07.30-22.02.36:108][104]LogModuleManager: Shutting down and abandoning module ProfilerService (408)
[2018.07.30-22.02.36:202][104]LogModuleManager: Shutting down and abandoning module TaskGraph (406)
[2018.07.30-22.02.36:202][104]LogModuleManager: Shutting down and abandoning module SubstanceLiveLink (404)
[2018.07.30-22.02.36:202][104]LogModuleManager: Shutting down and abandoning module SubstanceSource (402)
[2018.07.30-22.02.36:202][104]LogModuleManager: Shutting down and abandoning module SubstanceEditor (400)
[2018.07.30-22.02.36:202][104]LogModuleManager: Shutting down and abandoning module SteamVRController (398)
[2018.07.30-22.02.36:202][104]LogModuleManager: Shutting down and abandoning module ProceduralMeshComponentEditor (396)
[2018.07.30-22.02.36:203][104]LogModuleManager: Shutting down and abandoning module ProceduralMeshComponent (394)
[2018.07.30-22.02.36:203][104]LogModuleManager: Shutting down and abandoning module OculusInput (392)
[2018.07.30-22.02.36:203][104]LogModuleManager: Shutting down and abandoning module MobilePatchingUtils (390)
[2018.07.30-22.02.36:203][104]LogModuleManager: Shutting down and abandoning module EditableMesh (388)
[2018.07.30-22.02.36:203][104]LogModuleManager: Shutting down and abandoning module CustomMeshComponent (386)
[2018.07.30-22.02.36:203][104]LogModuleManager: Shutting down and abandoning module CableComponent (384)
[2018.07.30-22.02.36:203][104]LogModuleManager: Shutting down and abandoning module AudioCapture (382)
[2018.07.30-22.02.36:203][104]LogModuleManager: Shutting down and abandoning module ArchVisCharacter (380)
[2018.07.30-22.02.36:203][104]LogModuleManager: Shutting down and abandoning module AndroidPermission (378)
[2018.07.30-22.02.36:203][104]LogModuleManager: Shutting down and abandoning module NUTUnrealEngine4 (376)
[2018.07.30-22.02.36:203][104]LogModuleManager: Shutting down and abandoning module NetcodeUnitTest (374)
[2018.07.30-22.02.36:203][104]LogModuleManager: Shutting down and abandoning module MediaCompositingEditor (372)
[2018.07.30-22.02.36:204][104]LogModuleManager: Shutting down and abandoning module MediaCompositing (370)
[2018.07.30-22.02.36:204][104]LogModuleManager: Shutting down and abandoning module LinearTimecode (368)
[2018.07.30-22.02.36:204][104]LogModuleManager: Shutting down and abandoning module ImgMedia (366)
[2018.07.30-22.02.36:207][104]LogModuleManager: Shutting down and abandoning module HTML5Networking (364)
[2018.07.30-22.02.36:207][104]LogModuleManager: Shutting down and abandoning module GeometryCacheTracks (362)
[2018.07.30-22.02.36:207][104]LogModuleManager: Shutting down and abandoning module GeometryCacheSequencer (360)
[2018.07.30-22.02.36:207][104]LogModuleManager: Shutting down and abandoning module BackChannel (358)
[2018.07.30-22.02.36:207][104]LogModuleManager: Shutting down and abandoning module AppleVision (356)
[2018.07.30-22.02.36:207][104]LogModuleManager: Shutting down and abandoning module AppleImageUtils (354)
[2018.07.30-22.02.36:207][104]LogModuleManager: Shutting down and abandoning module AlembicImporter (352)
[2018.07.30-22.02.36:207][104]LogModuleManager: Shutting down and abandoning module AlembicLibrary (351)
[2018.07.30-22.02.36:207][104]LogModuleManager: Shutting down and abandoning module GeometryCache (350)
[2018.07.30-22.02.36:208][104]LogModuleManager: Shutting down and abandoning module GeometryCacheEd (349)
[2018.07.30-22.02.36:208][104]LogModuleManager: Shutting down and abandoning module DatasmithContentEditor (344)
[2018.07.30-22.02.36:208][104]LogModuleManager: Shutting down and abandoning module DatasmithContent (342)
[2018.07.30-22.02.36:208][104]LogModuleManager: Shutting down and abandoning module SpeedTreeImporter (340)
[2018.07.30-22.02.36:208][104]LogModuleManager: Shutting down and abandoning module PluginBrowser (338)
[2018.07.30-22.02.36:208][104]LogModuleManager: Shutting down and abandoning module MobileLauncherProfileWizard (336)
[2018.07.30-22.02.36:209][104]LogModuleManager: Shutting down and abandoning module PolygonModeling (334)
[2018.07.30-22.02.36:209][104]LogModuleManager: Shutting down and abandoning module MeshEditor (332)
[2018.07.30-22.02.36:209][104]LogModuleManager: Shutting down and abandoning module CryptoKeysOpenSSL (330)
[2018.07.30-22.02.36:209][104]LogModuleManager: Shutting down and abandoning module CryptoKeys (328)
[2018.07.30-22.02.36:209][104]LogModuleManager: Shutting down and abandoning module VisualStudioSourceCodeAccess (326)
[2018.07.30-22.02.36:209][104]LogModuleManager: Shutting down and abandoning module VisualStudioCodeSourceCodeAccess (324)
[2018.07.30-22.02.36:209][104]LogModuleManager: Shutting down and abandoning module UObjectPlugin (322)
[2018.07.30-22.02.36:209][104]LogModuleManager: Shutting down and abandoning module SubversionSourceControl (320)
[2018.07.30-22.02.36:209][104]LogModuleManager: Shutting down and abandoning module PerforceSourceControl (318)
[2018.07.30-22.02.36:210][104]LogModuleManager: Shutting down and abandoning module GitSourceControl (316)
[2018.07.30-22.02.36:210][104]LogModuleManager: Shutting down and abandoning module SourceControl (315)
[2018.07.30-22.02.36:210][104]LogModuleManager: Shutting down and abandoning module CLionSourceCodeAccess (312)
[2018.07.30-22.02.36:210][104]LogModuleManager: Shutting down and abandoning module LightPropagationVolumeEditor (310)
[2018.07.30-22.02.36:210][104]LogModuleManager: Shutting down and abandoning module PaperTiledImporter (308)
[2018.07.30-22.02.36:210][104]LogModuleManager: Shutting down and abandoning module PaperSpriteSheetImporter (306)
[2018.07.30-22.02.36:210][104]LogModuleManager: Shutting down and abandoning module Paper2DEditor (304)
[2018.07.30-22.02.36:210][104]LogModuleManager: Shutting down and abandoning module MeshPaint (303)
[2018.07.30-22.02.36:210][104]LogModuleManager: Shutting down and abandoning module RuntimePhysXCooking (300)
[2018.07.30-22.02.36:211][104]LogModuleManager: Shutting down and abandoning module PhysXVehiclesEditor (298)
[2018.07.30-22.02.36:211][104]LogModuleManager: Shutting down and abandoning module PhysXVehicles (296)
[2018.07.30-22.02.36:211][104]LogModuleManager: Shutting down and abandoning module OculusEditor (294)
[2018.07.30-22.02.36:211][104]LogModuleManager: Shutting down and abandoning module LocationServicesBPLibrary (292)
[2018.07.30-22.02.36:211][104]LogModuleManager: Shutting down and abandoning module ImmediatePhysicsEditor (290)
[2018.07.30-22.02.36:211][104]LogModuleManager: Shutting down and abandoning module ImmediatePhysics (288)
[2018.07.30-22.02.36:211][104]LogModuleManager: Shutting down and abandoning module ActorSequence (286)
[2018.07.30-22.02.36:211][104]LogModuleManager: Shutting down and abandoning module UdpMessaging (284)
[2018.07.30-22.02.36:312][104]LogModuleManager: Shutting down and abandoning module TcpMessaging (282)
[2018.07.30-22.02.36:412][104]LogModuleManager: Shutting down and abandoning module SubstanceCore (280)
[2018.07.30-22.02.36:412][104]LogModuleManager: Shutting down and abandoning module MagicLeapAudio (278)
[2018.07.30-22.02.36:412][104]LogModuleManager: Shutting down and abandoning module GameplayTagsEditor (276)
[2018.07.30-22.02.36:413][104]LogModuleManager: Shutting down and abandoning module FacialAnimationEditor (274)
[2018.07.30-22.02.36:413][104]LogModuleManager: Shutting down and abandoning module FacialAnimation (272)
[2018.07.30-22.02.36:413][104]LogModuleManager: Shutting down and abandoning module DataValidation (270)
[2018.07.30-22.02.36:413][104]LogModuleManager: Shutting down and abandoning module AssetManagerEditor (268)
[2018.07.30-22.02.36:413][104]LogModuleManager: Shutting down and abandoning module LevelEditor (267)
[2018.07.30-22.02.36:415][104]LogModuleManager: Shutting down and abandoning module PixelInspectorModule (266)
[2018.07.30-22.02.36:415][104]LogModuleManager: Shutting down and abandoning module CommonMenuExtensions (264)
[2018.07.30-22.02.36:415][104]LogModuleManager: Shutting down and abandoning module MainFrame (262)
[2018.07.30-22.02.36:415][104]LogModuleManager: Shutting down and abandoning module HotReload (261)
[2018.07.30-22.02.36:416][104]LogModuleManager: Shutting down and abandoning module ContentBrowser (257)
[2018.07.30-22.02.36:417][104]LogModuleManager: Shutting down and abandoning module TreeMap (255)
[2018.07.30-22.02.36:417][104]LogModuleManager: Shutting down and abandoning module LightPropagationVolumeRuntime (252)
[2018.07.30-22.02.36:417][104]LogModuleManager: Shutting down and abandoning module AISupportModule (250)
[2018.07.30-22.02.36:417][104]LogModuleManager: Shutting down and abandoning module Paper2D (248)
[2018.07.30-22.02.36:417][104]LogModuleManager: Shutting down and abandoning module WindowsMoviePlayer (246)
[2018.07.30-22.02.36:417][104]LogModuleManager: Shutting down and abandoning module WmfMedia (244)
[2018.07.30-22.02.36:420][104]LogModuleManager: Shutting down and abandoning module Media (243)
[2018.07.30-22.02.36:427][104]LogModuleManager: Shutting down and abandoning module PacketHandler (240)
[2018.07.30-22.02.36:427][104]LogModuleManager: Shutting down and abandoning module ClothingSystemEditor (238)
[2018.07.30-22.02.36:427][104]LogModuleManager: Shutting down and abandoning module ClothingSystemRuntime (236)
[2018.07.30-22.02.36:428][104]LogModuleManager: Shutting down and abandoning module MediaAssets (234)
[2018.07.30-22.02.36:428][104]LogModuleManager: Shutting down and abandoning module Overlay (232)
[2018.07.30-22.02.36:428][104]LogModuleManager: Shutting down and abandoning module OverlayEditor (231)
[2018.07.30-22.02.36:428][104]LogModuleManager: Shutting down and abandoning module VREditor (228)
[2018.07.30-22.02.36:428][104]LogModuleManager: Shutting down and abandoning module StringTableEditor (226)
[2018.07.30-22.02.36:428][104]LogModuleManager: Shutting down and abandoning module GameplayTasksEditor (224)
[2018.07.30-22.02.36:428][104]LogModuleManager: Shutting down and abandoning module BehaviorTreeEditor (222)
[2018.07.30-22.02.36:428][104]LogModuleManager: Shutting down and abandoning module FunctionalTesting (220)
[2018.07.30-22.02.36:428][104]LogModuleManager: Shutting down and abandoning module CollisionAnalyzer (218)
[2018.07.30-22.02.36:428][104]LogModuleManager: Shutting down and abandoning module WorkspaceMenuStructure (217)
[2018.07.30-22.02.36:428][104]LogModuleManager: Shutting down and abandoning module UMG (214)
[2018.07.30-22.02.36:429][104]LogModuleManager: Shutting down and abandoning module UMGEditor (213)
[2018.07.30-22.02.36:429][104]LogModuleManager: Shutting down and abandoning module Sequencer (212)
[2018.07.30-22.02.36:430][104]LogModuleManager: Shutting down and abandoning module MessageLog (209)
[2018.07.30-22.02.36:430][104]LogModuleManager: Shutting down and abandoning module SlateReflector (204)
[2018.07.30-22.02.36:431][104]LogModuleManager: Shutting down and abandoning module Slate (202)
[2018.07.30-22.02.36:431][104]LogModuleManager: Shutting down and abandoning module EditorStyle (200)
[2018.07.30-22.02.36:433][104]LogModuleManager: Shutting down and abandoning module MRMesh (198)
[2018.07.30-22.02.36:433][104]LogModuleManager: Shutting down and abandoning module SourceCodeAccess (196)
[2018.07.30-22.02.36:433][104]LogModuleManager: Shutting down and abandoning module HeadMountedDisplay (194)
[2018.07.30-22.02.36:433][104]LogModuleManager: Shutting down and abandoning module XAudio2 (192)
[2018.07.30-22.02.36:433][104]LogModuleManager: Shutting down and abandoning module Networking (190)
[2018.07.30-22.02.36:433][104]LogModuleManager: Shutting down and abandoning module Core (188)
[2018.07.30-22.02.36:433][104]LogModuleManager: Shutting down and abandoning module LevelSequence (186)
[2018.07.30-22.02.36:433][104]LogModuleManager: Shutting down and abandoning module KismetCompiler (184)
[2018.07.30-22.02.36:433][104]LogModuleManager: Shutting down and abandoning module MeshUtilities (182)
[2018.07.30-22.02.36:433][104]LogModuleManager: Shutting down and abandoning module MeshMergeUtilities (181)
[2018.07.30-22.02.36:433][104]LogModuleManager: Shutting down and abandoning module MeshReductionInterface (180)
[2018.07.30-22.02.36:433][104]LogModuleManager: Shutting down and abandoning module SimplygonSwarm (179)
[2018.07.30-22.02.36:433][104]LogModuleManager: Shutting down and abandoning module ProxyLODMeshReduction (177)
[2018.07.30-22.02.36:434][104]LogModuleManager: Shutting down and abandoning module SimplygonMeshReduction (175)
[2018.07.30-22.02.36:434][104]LogModuleManager: Shutting down and abandoning module QuadricMeshReduction (173)
[2018.07.30-22.02.36:434][104]LogModuleManager: Shutting down and abandoning module MaterialBaking (169)
[2018.07.30-22.02.36:434][104]LogModuleManager: Shutting down and abandoning module DirectoryWatcher (165)
[2018.07.30-22.02.36:434][104]LogModuleManager: Shutting down and abandoning module DerivedDataCache (162)
[2018.07.30-22.02.36:457][104]LogDerivedDataCache: Shutdown
[2018.07.30-22.02.36:457][104]LogModuleManager: Shutting down and abandoning module XGEController (160)
[2018.07.30-22.02.36:457][104]LogXGEController: Cleaning working directory: C:/Users/mikey/AppData/Local/Temp/UnrealXGEWorkingDir/
[2018.07.30-22.02.36:458][104]LogModuleManager: Shutting down and abandoning module TargetPlatform (158)
[2018.07.30-22.02.36:458][104]LogModuleManager: Shutting down and abandoning module VulkanShaderFormat (157)
[2018.07.30-22.02.36:458][104]LogModuleManager: Shutting down and abandoning module ShaderFormatVectorVM (155)
[2018.07.30-22.02.36:458][104]LogModuleManager: Shutting down and abandoning module ShaderFormatOpenGL (153)
[2018.07.30-22.02.36:458][104]LogModuleManager: Shutting down and abandoning module ShaderFormatD3D (151)
[2018.07.30-22.02.36:458][104]LogModuleManager: Shutting down and abandoning module MetalShaderFormat (149)
[2018.07.30-22.02.36:458][104]LogModuleManager: Shutting down and abandoning module TextureFormatUncompressed (147)
[2018.07.30-22.02.36:458][104]LogModuleManager: Shutting down and abandoning module TextureFormatPVR (145)
[2018.07.30-22.02.36:458][104]LogModuleManager: Shutting down and abandoning module TextureFormatDXT (143)
[2018.07.30-22.02.36:458][104]LogModuleManager: Shutting down and abandoning module TextureFormatIntelISPCTexComp (141)
[2018.07.30-22.02.36:458][104]LogModuleManager: Shutting down and abandoning module TextureFormatASTC (139)
[2018.07.30-22.02.36:458][104]LogModuleManager: Shutting down and abandoning module ImageWrapper (138)
[2018.07.30-22.02.36:458][104]LogModuleManager: Shutting down and abandoning module TextureFormatAndroid (135)
[2018.07.30-22.02.36:458][104]LogModuleManager: Shutting down and abandoning module AudioFormatOpus (133)
[2018.07.30-22.02.36:458][104]LogModuleManager: Shutting down and abandoning module AudioFormatOgg (131)
[2018.07.30-22.02.36:458][104]LogModuleManager: Shutting down and abandoning module AudioFormatADPCM (129)
[2018.07.30-22.02.36:458][104]LogModuleManager: Shutting down and abandoning module LuminTargetPlatform (127)
[2018.07.30-22.02.36:458][104]LogModuleManager: Shutting down and abandoning module LinuxTargetPlatform (125)
[2018.07.30-22.02.36:458][104]LogModuleManager: Shutting down and abandoning module LinuxServerTargetPlatform (123)
[2018.07.30-22.02.36:458][104]LogModuleManager: Shutting down and abandoning module LinuxNoEditorTargetPlatform (121)
[2018.07.30-22.02.36:458][104]LogModuleManager: Shutting down and abandoning module LinuxClientTargetPlatform (119)
[2018.07.30-22.02.36:459][104]LogModuleManager: Shutting down and abandoning module TVOSTargetPlatform (117)
[2018.07.30-22.02.36:459][104]LogModuleManager: Shutting down and abandoning module Messaging (115)
[2018.07.30-22.02.36:459][104]LogModuleManager: Shutting down and abandoning module IOSTargetPlatform (113)
[2018.07.30-22.02.36:460][104]LogModuleManager: Shutting down and abandoning module HTML5TargetPlatform (111)
[2018.07.30-22.02.36:460][104]LogModuleManager: Shutting down and abandoning module AndroidTargetPlatform (109)
[2018.07.30-22.02.36:466][104]LogModuleManager: Shutting down and abandoning module WindowsTargetPlatform (107)
[2018.07.30-22.02.36:466][104]LogModuleManager: Shutting down and abandoning module WindowsServerTargetPlatform (105)
[2018.07.30-22.02.36:466][104]LogModuleManager: Shutting down and abandoning module WindowsNoEditorTargetPlatform (103)
[2018.07.30-22.02.36:466][104]LogModuleManager: Shutting down and abandoning module WindowsClientTargetPlatform (101)
[2018.07.30-22.02.36:466][104]LogModuleManager: Shutting down and abandoning module MacTargetPlatform (99)
[2018.07.30-22.02.36:466][104]LogModuleManager: Shutting down and abandoning module MacServerTargetPlatform (97)
[2018.07.30-22.02.36:466][104]LogModuleManager: Shutting down and abandoning module MacNoEditorTargetPlatform (95)
[2018.07.30-22.02.36:466][104]LogModuleManager: Shutting down and abandoning module MacClientTargetPlatform (93)
[2018.07.30-22.02.36:466][104]LogModuleManager: Shutting down and abandoning module AllDesktopTargetPlatform (91)
[2018.07.30-22.02.36:466][104]LogModuleManager: Shutting down and abandoning module InputCore (88)
[2018.07.30-22.02.36:467][104]LogModuleManager: Shutting down and abandoning module Settings (86)
[2018.07.30-22.02.36:467][104]LogModuleManager: Shutting down and abandoning module PhysXCooking (84)
[2018.07.30-22.02.36:467][104]LogModuleManager: Shutting down and abandoning module SteamVR (82)
[2018.07.30-22.02.36:467][104]LogModuleManager: Shutting down and abandoning module OculusHMD (80)
[2018.07.30-22.02.36:467][104]LogModuleManager: Shutting down and abandoning module ExampleDeviceProfileSelector (78)
[2018.07.30-22.02.36:467][104]LogModuleManager: Shutting down and abandoning module LauncherChunkInstaller (76)
[2018.07.30-22.02.36:467][104]LogModuleManager: Shutting down and abandoning module OnlineBlueprintSupport (74)
[2018.07.30-22.02.36:467][104]LogModuleManager: Shutting down and abandoning module OnlineSubsystem (70)
[2018.07.30-22.02.36:468][104]LogModuleManager: Shutting down and abandoning module XMPP (65)
[2018.07.30-22.02.36:469][104]LogModuleManager: Shutting down and abandoning module WebSockets (64)
[2018.07.30-22.02.36:492][104]LogModuleManager: Shutting down and abandoning module HTTP (61)
[2018.07.30-22.02.36:492][104]LogHttp: Display: Http module shutting down, but needs to wait on 1 outstanding Http requests:
[2018.07.30-22.02.36:492][104]LogHttp: Display: 	verb=[POST] url=[https://datarouter.ol.epicgames.com/datarouter/api/v1/public/data?SessionID=%7B3892D063-460A-C196-E3C2-EC9E37A264BB%7D&AppID=UEEditor.Rocket.Release&AppVersion=4.20.0-4212847%2B%2B%2BUE4%2BRelease-4.20&UserID=ec07022c4af9fd51145d0db19289c0e8%7C9aea4035aae84fc6a50e2bbd0bcac9c5%7Ccbe8bf3f-5855-4af8-b073-42d59ac0a56b&AppEnvironment=datacollector-binary&UploadType=eteventstream] status=Processing
[2018.07.30-22.02.36:516][104]LogModuleManager: Shutting down and abandoning module SSL (60)
[2018.07.30-22.02.36:517][104]LogModuleManager: Shutting down and abandoning module MagicLeapEmulator (56)
[2018.07.30-22.02.36:517][104]LogModuleManager: Shutting down and abandoning module MagicLeapPrivileges (54)
[2018.07.30-22.02.36:517][104]LogModuleManager: Shutting down and abandoning module MagicLeapIdentity (52)
[2018.07.30-22.02.36:517][104]LogModuleManager: Shutting down and abandoning module MagicLeapHelperVulkan (50)
[2018.07.30-22.02.36:517][104]LogModuleManager: Shutting down and abandoning module MagicLeapHelperOpenGL (48)
[2018.07.30-22.02.36:517][104]LogModuleManager: Shutting down and abandoning module MagicLeapSecureStorage (46)
[2018.07.30-22.02.36:517][104]LogModuleManager: Shutting down and abandoning module MagicLeapGestures (44)
[2018.07.30-22.02.36:517][104]LogModuleManager: Shutting down and abandoning module MagicLeapEyeTracker (42)
[2018.07.30-22.02.36:517][104]LogModuleManager: Shutting down and abandoning module MagicLeapController (40)
[2018.07.30-22.02.36:517][104]LogSlate: Slate User Destroyed.  User Index 0, Is Virtual User: 0
[2018.07.30-22.02.36:517][104]LogModuleManager: Shutting down and abandoning module MagicLeap (38)
[2018.07.30-22.02.36:517][104]LogModuleManager: Shutting down and abandoning module AnimationModifiers (36)
[2018.07.30-22.02.36:518][104]LogModuleManager: Shutting down and abandoning module PropertyEditor (35)
[2018.07.30-22.02.36:518][104]LogModuleManager: Shutting down and abandoning module AudioEditor (32)
[2018.07.30-22.02.36:518][104]LogModuleManager: Shutting down and abandoning module TextureCompressor (30)
[2018.07.30-22.02.36:518][104]LogModuleManager: Shutting down and abandoning module ShaderCore (28)
[2018.07.30-22.02.36:518][104]LogModuleManager: Shutting down and abandoning module Landscape (26)
[2018.07.30-22.02.36:518][104]LogModuleManager: Shutting down and abandoning module SlateRHIRenderer (24)
[2018.07.30-22.02.36:521][104]LogModuleManager: Shutting down and abandoning module OpenGLDrv (22)
[2018.07.30-22.02.36:521][104]LogModuleManager: Shutting down and abandoning module D3D11RHI (20)
[2018.07.30-22.02.36:521][104]LogModuleManager: Shutting down and abandoning module AnimGraphRuntime (18)
[2018.07.30-22.02.36:521][104]LogModuleManager: Shutting down and abandoning module Renderer (16)
[2018.07.30-22.02.36:521][104]LogModuleManager: Shutting down and abandoning module Engine (14)
[2018.07.30-22.02.36:521][104]LogModuleManager: Shutting down and abandoning module CoreUObject (12)
[2018.07.30-22.02.36:521][104]LogModuleManager: Shutting down and abandoning module NetworkFile (10)
[2018.07.30-22.02.36:521][104]LogModuleManager: Shutting down and abandoning module CookedIterativeFile (8)
[2018.07.30-22.02.36:521][104]LogModuleManager: Shutting down and abandoning module StreamingFile (6)
[2018.07.30-22.02.36:521][104]LogModuleManager: Shutting down and abandoning module SandboxFile (4)
[2018.07.30-22.02.36:521][104]LogModuleManager: Shutting down and abandoning module PakFile (2)
[2018.07.30-22.02.36:528][104]LogExit: Exiting.
[2018.07.30-22.02.36:539][104]Log file closed, 07/30/18 23:02:36
