Log file open, 09/15/18 09:14:17
LogWindows: Failed to load 'aqProf.dll' (GetLastError=126)
LogWindows: File 'aqProf.dll' does not exist
LogWindows: Failed to load 'VtuneApi.dll' (GetLastError=126)
LogWindows: File 'VtuneApi.dll' does not exist
LogWindows: Failed to load 'VtuneApi32e.dll' (GetLastError=126)
LogWindows: File 'VtuneApi32e.dll' does not exist
LogInit: Display: Running engine for game: BeyondHuman
LogPlatformFile: Not using cached read wrapper
LogTaskGraph: Started task graph with 5 named threads and 23 total threads with 3 sets of task threads.
LogStats: Stats thread started at 0.948398
LogD3D11RHI: Loaded GFSDK_Aftermath_Lib.x64.dll
LogICUInternationalization: Display: ICU TimeZone Detection - Raw Offset: +0:00, Platform Override: ''
LogPluginManager: Mounting plugin Paper2D
LogPluginManager: Mounting plugin AISupport
LogPluginManager: Mounting plugin LightPropagationVolume
LogPluginManager: Mounting plugin CLionSourceCodeAccess
LogPluginManager: Mounting plugin CodeLiteSourceCodeAccess
LogPluginManager: Mounting plugin GitSourceControl
LogPluginManager: Mounting plugin KDevelopSourceCodeAccess
LogPluginManager: Mounting plugin NullSourceCodeAccess
LogPluginManager: Mounting plugin PerforceSourceControl
LogPluginManager: Mounting plugin SubversionSourceControl
LogPluginManager: Mounting plugin UObjectPlugin
LogPluginManager: Mounting plugin VisualStudioCodeSourceCodeAccess
LogPluginManager: Mounting plugin VisualStudioSourceCodeAccess
LogPluginManager: Mounting plugin XCodeSourceCodeAccess
LogPluginManager: Mounting plugin AssetManagerEditor
LogPluginManager: Mounting plugin CryptoKeys
LogPluginManager: Mounting plugin DataValidation
LogPluginManager: Mounting plugin FacialAnimation
LogPluginManager: Mounting plugin GameplayTagsEditor
LogPluginManager: Mounting plugin MacGraphicsSwitching
LogPluginManager: Mounting plugin MeshEditor
LogPluginManager: Mounting plugin MobileLauncherProfileWizard
LogPluginManager: Mounting plugin PluginBrowser
LogPluginManager: Mounting plugin SpeedTreeImporter
LogPluginManager: Mounting plugin DatasmithContent
LogPluginManager: Mounting plugin AlembicImporter
LogPluginManager: Mounting plugin AppleImageUtils
LogPluginManager: Mounting plugin AppleVision
LogPluginManager: Mounting plugin BackChannel
LogPluginManager: Mounting plugin CharacterAI
LogPluginManager: Mounting plugin GeometryCache
LogPluginManager: Mounting plugin HTML5Networking
LogPluginManager: Mounting plugin ProxyLODPlugin
LogPluginManager: Mounting plugin MagicLeap
LogPluginManager: Mounting plugin MagicLeapEmulator
LogPluginManager: Mounting plugin MagicLeapMedia
LogPluginManager: Mounting plugin Substance
LogPluginManager: Mounting plugin AndroidMedia
LogPluginManager: Mounting plugin AvfMedia
LogPluginManager: Mounting plugin ImgMedia
LogPluginManager: Mounting plugin LinearTimecode
LogPluginManager: Mounting plugin MediaCompositing
LogPluginManager: Mounting plugin MediaPlayerEditor
LogPluginManager: Mounting plugin WmfMedia
LogPluginManager: Mounting plugin TcpMessaging
LogPluginManager: Mounting plugin UdpMessaging
LogPluginManager: Mounting plugin ActorSequence
LogPluginManager: Mounting plugin LevelSequenceEditor
LogPluginManager: Mounting plugin MatineeToLevelSequence
LogPluginManager: Mounting plugin NetcodeUnitTest
LogPluginManager: Mounting plugin NUTUnrealEngine4
LogPluginManager: Mounting plugin OnlineSubsystemGooglePlay
LogPluginManager: Mounting plugin OnlineSubsystemIOS
LogPluginManager: Mounting plugin OnlineSubsystem
LogPluginManager: Mounting plugin OnlineSubsystemNull
LogPluginManager: Mounting plugin OnlineSubsystemUtils
LogPluginManager: Mounting plugin LauncherChunkInstaller
LogPluginManager: Mounting plugin AndroidDeviceProfileSelector
LogPluginManager: Mounting plugin AndroidMoviePlayer
LogPluginManager: Mounting plugin AndroidPermission
LogPluginManager: Mounting plugin AppleMoviePlayer
LogPluginManager: Mounting plugin ArchVisCharacter
LogPluginManager: Mounting plugin AudioCapture
LogPluginManager: Mounting plugin CableComponent
LogPluginManager: Mounting plugin CustomMeshComponent
LogPluginManager: Mounting plugin EditableMesh
LogPluginManager: Mounting plugin ExampleDeviceProfileSelector
LogPluginManager: Mounting plugin GoogleCloudMessaging
LogPluginManager: Mounting plugin ImmediatePhysics
LogPluginManager: Mounting plugin IOSDeviceProfileSelector
LogPluginManager: Mounting plugin LinuxDeviceProfileSelector
LogPluginManager: Mounting plugin LocationServicesBPLibrary
LogPluginManager: Mounting plugin MobilePatchingUtils
LogPluginManager: Mounting plugin OculusVR
LogPluginManager: Plugin shader directory ../../../Engine/Plugins/Runtime/Oculus/OculusVR/Shaders found
LogPluginManager: Mapping shader source directory ../../../Engine/Plugins/Runtime/Oculus/OculusVR/Shaders to virtual directory /Plugin/OculusVR
LogPluginManager: Mounting plugin PhysXVehicles
LogPluginManager: Mounting plugin ProceduralMeshComponent
LogPluginManager: Mounting plugin RuntimePhysXCooking
LogPluginManager: Mounting plugin SteamVR
LogPluginManager: Mounting plugin WindowsMoviePlayer
LogStreaming: Display: Took  0.281s to configure plugins.
LogInit: Using libcurl 7.55.1-DEV
LogInit:  - built for x86_64-pc-win32
LogInit:  - supports SSL with OpenSSL/1.0.2h
LogInit:  - supports HTTP deflate (compression) using libz 1.2.8
LogInit:  - other features:
LogInit:      CURL_VERSION_SSL
LogInit:      CURL_VERSION_LIBZ
LogInit:      CURL_VERSION_IPV6
LogInit:      CURL_VERSION_ASYNCHDNS
LogInit:      CURL_VERSION_LARGEFILE
LogInit:      CURL_VERSION_IDN
LogInit:  CurlRequestOptions (configurable via config and command line):
LogInit:  - bVerifyPeer = false  - Libcurl will NOT verify peer certificate
LogInit:  - bUseHttpProxy = false  - Libcurl will NOT use HTTP proxy
LogInit:  - bDontReuseConnections = false  - Libcurl will reuse connections
LogInit:  - CertBundlePath = nullptr  - Libcurl will use whatever was configured at build time.
LogInit:  - MaxHostConnections = 16  - Libcurl will limit the number of connections to a host
LogInit:  - LocalHostAddr = Default
LogInit:  - BufferSize = 65536
LogInit: WinSock: version 1.1 (2.2), MaxSocks=32767, MaxUdp=65467
LogInit: Build: ++UE4+Release-4.20-CL-4212847
LogInit: Engine Version: 4.20.0-4212847+++UE4+Release-4.20
LogInit: Compatible Engine Version: 4.20.0-4212847+++UE4+Release-4.20
LogInit: Net CL: 4212847
LogInit: OS: Windows 10 (), CPU:        Intel(R) Core(TM) i7-2600K CPU @ 3.40GHz, GPU: NVIDIA GeForce GTX 970
LogInit: Compiled (64-bit): Jul 14 2018 09:51:14
LogInit: Compiled with Visual C++: 19.13.26129.00
LogInit: Build Configuration: Development
LogInit: Branch Name: ++UE4+Release-4.20
LogInit: Command Line:  
LogInit: Base Directory: C:/Program Files/Epic Games/UE_4.20/Engine/Binaries/Win64/
LogInit: Installed Engine Build: 1
LogDevObjectVersion: Number of dev versions registered: 20
LogDevObjectVersion:   Dev-Blueprints (B0D832E4-1F89-4F0D-ACCF-7EB736FD4AA2): 10
LogDevObjectVersion:   Dev-Build (E1C64328-A22C-4D53-A36C-8E866417BD8C): 0
LogDevObjectVersion:   Dev-Core (375EC13C-06E4-48FB-B500-84F0262A717E): 2
LogDevObjectVersion:   Dev-Editor (E4B068ED-F494-42E9-A231-DA0B2E46BB41): 24
LogDevObjectVersion:   Dev-Framework (CFFC743F-43B0-4480-9391-14DF171D2073): 34
LogDevObjectVersion:   Dev-Mobile (B02B49B5-BB20-44E9-A304-32B752E40360): 2
LogDevObjectVersion:   Dev-Networking (A4E4105C-59A1-49B5-A7C5-40C4547EDFEE): 0
LogDevObjectVersion:   Dev-Online (39C831C9-5AE6-47DC-9A44-9C173E1C8E7C): 0
LogDevObjectVersion:   Dev-Physics (78F01B33-EBEA-4F98-B9B4-84EACCB95AA2): 0
LogDevObjectVersion:   Dev-Platform (6631380F-2D4D-43E0-8009-CF276956A95A): 0
LogDevObjectVersion:   Dev-Rendering (12F88B9F-8875-4AFC-A67C-D90C383ABD29): 26
LogDevObjectVersion:   Dev-Sequencer (7B5AE74C-D270-4C10-A958-57980B212A5A): 9
LogDevObjectVersion:   Dev-VR (D7296918-1DD6-4BDD-9DE2-64A83CC13884): 2
LogDevObjectVersion:   Dev-LoadTimes (C2A15278-BFE7-4AFE-6C17-90FF531DF755): 1
LogDevObjectVersion:   Private-Geometry (6EACA3D4-40EC-4CC1-B786-8BED09428FC5): 3
LogDevObjectVersion:   Dev-AnimPhys (29E575DD-E0A3-4627-9D10-D276232CDCEA): 17
LogDevObjectVersion:   Dev-ReflectionCapture (6B266CEC-1EC7-4B8F-A30B-E4D90942FC07): 1
LogDevObjectVersion:   Dev-Automation (0DF73D61-A23F-47EA-B727-89E90C41499A): 1
LogDevObjectVersion:   FortniteMain (601D1886-AC64-4F84-AA16-D3DE0DEAC7D6): 12
LogDevObjectVersion:   Dev-Enterprise (9DFFBCD6-494F-0158-E221-12823C92A888): 1
LogStreaming: Display: Took  0.123s to delete old logs.
LogInit: Presizing for max 8388607 objects, including 0 objects not considered by GC, pre-allocating 0 bytes for permanent pool.
LogInit: Object subsystem initialized
[2018.09.15-08.14.18:672][  0]LogInit: Selected Device Profile: [Windows]
[2018.09.15-08.14.18:672][  0]LogInit: Applying CVar settings loaded from the selected device profile: [Windows]
[2018.09.15-08.14.18:708][  0]LogHAL: Display: Platform has ~ 16 GB [17160146944 / 17179869184 / 16], which maps to Larger [LargestMinGB=32, LargerMinGB=12, DefaultMinGB=8, SmallerMinGB=6, SmallestMinGB=0)
[2018.09.15-08.14.18:708][  0]LogInit: Setting Device Profile CVar: [[r.Vulkan.UseRealUBs:1]]
[2018.09.15-08.14.18:708][  0]LogInit: Going up to parent DeviceProfile []
[2018.09.15-08.14.18:710][  0]LogInit: Computer: DESKTOP-45O6R3R
[2018.09.15-08.14.18:710][  0]LogInit: User: mikey
[2018.09.15-08.14.18:710][  0]LogInit: CPU Page size=4096, Cores=4
[2018.09.15-08.14.18:710][  0]LogInit: High frequency timer resolution =3.331194 MHz
[2018.09.15-08.14.18:711][  0]LogMemory: Memory total: Physical=16.0GB (16GB approx)
[2018.09.15-08.14.18:711][  0]LogMemory: Platform Memory Stats for Windows
[2018.09.15-08.14.18:711][  0]LogMemory: Process Physical Memory: 100.00 MB used, 100.00 MB peak
[2018.09.15-08.14.18:711][  0]LogMemory: Process Virtual Memory: 91.05 MB used, 91.05 MB peak
[2018.09.15-08.14.18:711][  0]LogMemory: Physical Memory: 5312.16 MB used,  11053.03 MB free, 16365.19 MB total
[2018.09.15-08.14.18:711][  0]LogMemory: Virtual Memory: 4640.43 MB used,  11053.03 MB free, 134217728.00 MB total
[2018.09.15-08.14.18:867][  0]LogInit: Using OS detected language (en-US).
[2018.09.15-08.14.18:867][  0]LogInit: Using OS detected locale (en-GB).
[2018.09.15-08.14.18:868][  0]LogTextLocalizationManager: No specific localization for 'en-US' exists, so the 'en' localization will be used.
[2018.09.15-08.14.19:323][  0]LogStreaming: Display: Took  0.455s to InitEngineTextLocalization.
[2018.09.15-08.14.19:323][  0]LogInit: Setting process to per monitor DPI aware
[2018.09.15-08.14.19:384][  0]LogSlate: New Slate User Created.  User Index 0, Is Virtual User: 0
[2018.09.15-08.14.19:384][  0]LogSlate: Slate User Registered.  User Index 0, Is Virtual User: 0
[2018.09.15-08.14.19:907][  0]LogHMD: Failed to initialize OpenVR with code 126
[2018.09.15-08.14.19:907][  0]LogD3D11RHI: D3D11 adapters:
[2018.09.15-08.14.20:009][  0]LogD3D11RHI:    0. 'NVIDIA GeForce GTX 970' (Feature Level 11_0)
[2018.09.15-08.14.20:009][  0]LogD3D11RHI:       4058/0/8182 MB DedicatedVideo/DedicatedSystem/SharedSystem, Outputs:3, VendorId:0x10de
[2018.09.15-08.14.20:011][  0]LogD3D11RHI:    1. 'Microsoft Basic Render Driver' (Feature Level 11_0)
[2018.09.15-08.14.20:011][  0]LogD3D11RHI:       0/0/8182 MB DedicatedVideo/DedicatedSystem/SharedSystem, Outputs:0, VendorId:0x1414
[2018.09.15-08.14.20:011][  0]LogD3D11RHI: Chosen D3D11 Adapter: 0
[2018.09.15-08.14.20:019][  0]LogD3D11RHI: Creating new Direct3DDevice
[2018.09.15-08.14.20:019][  0]LogD3D11RHI:     GPU DeviceId: 0x13c2 (for the marketing name, search the web for "GPU Device Id")
[2018.09.15-08.14.20:019][  0]LogWindows: EnumDisplayDevices:
[2018.09.15-08.14.20:019][  0]LogWindows:    0. 'NVIDIA GeForce GTX 970' (P:1 D:1)
[2018.09.15-08.14.20:020][  0]LogWindows:    1. 'NVIDIA GeForce GTX 970' (P:0 D:1)
[2018.09.15-08.14.20:020][  0]LogWindows:    2. 'NVIDIA GeForce GTX 970' (P:0 D:1)
[2018.09.15-08.14.20:020][  0]LogWindows:    3. 'NVIDIA GeForce GTX 970' (P:0 D:0)
[2018.09.15-08.14.20:020][  0]LogWindows: DebugString: FoundDriverCount:4 
[2018.09.15-08.14.20:020][  0]LogD3D11RHI:     Adapter Name: NVIDIA GeForce GTX 970
[2018.09.15-08.14.20:021][  0]LogD3D11RHI:   Driver Version: 388.13 (internal:23.21.13.8813, unified:388.13)
[2018.09.15-08.14.20:021][  0]LogD3D11RHI:      Driver Date: 10-27-2017
[2018.09.15-08.14.20:021][  0]LogRHI: Texture pool is 2840 MB (70% of 4058 MB)
[2018.09.15-08.14.20:069][  0]LogD3D11RHI: Async texture creation enabled
[2018.09.15-08.14.20:107][  0]LogD3D11RHI: GPU Timing Frequency: 1000.000000 (Debug: 2 1)
[2018.09.15-08.14.20:256][  0]LogShaderCompilers: Guid format shader working directory is 16 characters bigger than the processId version (E:/Unreal Projects/BeyondHuman/Intermediate/Shaders/WorkingDirectory/8212/).
[2018.09.15-08.14.20:256][  0]LogShaderCompilers: Cleaned the shader compiler working directory 'C:/Users/mikey/AppData/Local/Temp/UnrealShaderWorkingDir/2CD6F7164C6CB8C088555E94C5A4638E/'.
[2018.09.15-08.14.20:910][  0]LogTemp: Display: Loaded TP AllDesktopTargetPlatform
[2018.09.15-08.14.20:934][  0]LogTemp: Display: Loaded TP MacClientTargetPlatform
[2018.09.15-08.14.20:955][  0]LogTemp: Display: Loaded TP MacNoEditorTargetPlatform
[2018.09.15-08.14.20:976][  0]LogTemp: Display: Loaded TP MacServerTargetPlatform
[2018.09.15-08.14.20:998][  0]LogTemp: Display: Loaded TP MacTargetPlatform
[2018.09.15-08.14.21:020][  0]LogTemp: Display: Loaded TP WindowsClientTargetPlatform
[2018.09.15-08.14.21:042][  0]LogTemp: Display: Loaded TP WindowsNoEditorTargetPlatform
[2018.09.15-08.14.21:069][  0]LogTemp: Display: Loaded TP WindowsServerTargetPlatform
[2018.09.15-08.14.21:079][  0]LogTemp: Display: Loaded TP WindowsTargetPlatform
[2018.09.15-08.14.21:179][  0]LogTemp: Display: Loaded TP AndroidTargetPlatform
[2018.09.15-08.14.21:179][  0]LogTemp: Display: Loaded TP AndroidTargetPlatform
[2018.09.15-08.14.21:179][  0]LogTemp: Display: Loaded TP AndroidTargetPlatform
[2018.09.15-08.14.21:179][  0]LogTemp: Display: Loaded TP AndroidTargetPlatform
[2018.09.15-08.14.21:179][  0]LogTemp: Display: Loaded TP AndroidTargetPlatform
[2018.09.15-08.14.21:179][  0]LogTemp: Display: Loaded TP AndroidTargetPlatform
[2018.09.15-08.14.21:179][  0]LogTemp: Display: Loaded TP AndroidTargetPlatform
[2018.09.15-08.14.21:179][  0]LogTemp: Display: Loaded TP AndroidTargetPlatform
[2018.09.15-08.14.21:179][  0]LogTemp: Display: Loaded TP AndroidTargetPlatform
[2018.09.15-08.14.21:179][  0]LogTemp: Display: Loaded TP AndroidTargetPlatform
[2018.09.15-08.14.21:179][  0]LogTemp: Display: Loaded TP AndroidTargetPlatform
[2018.09.15-08.14.21:179][  0]LogTemp: Display: Loaded TP AndroidTargetPlatform
[2018.09.15-08.14.21:179][  0]LogTemp: Display: Loaded TP AndroidTargetPlatform
[2018.09.15-08.14.21:179][  0]LogTemp: Display: Loaded TP AndroidTargetPlatform
[2018.09.15-08.14.21:179][  0]LogTemp: Display: Loaded TP AndroidTargetPlatform
[2018.09.15-08.14.21:179][  0]LogTemp: Display: Loaded TP AndroidTargetPlatform
[2018.09.15-08.14.21:179][  0]LogTemp: Display: Loaded TP AndroidTargetPlatform
[2018.09.15-08.14.21:179][  0]LogTemp: Display: Loaded TP AndroidTargetPlatform
[2018.09.15-08.14.21:190][  0]LogTemp: Display: Loaded TP HTML5TargetPlatform
[2018.09.15-08.14.21:278][  0]LogTemp: Display: Loaded TP IOSTargetPlatform
[2018.09.15-08.14.21:278][  0]LogTemp: Display: Loaded TP IOSTargetPlatform
[2018.09.15-08.14.21:307][  0]LogTemp: Display: Loaded TP TVOSTargetPlatform
[2018.09.15-08.14.21:307][  0]LogTemp: Display: Loaded TP TVOSTargetPlatform
[2018.09.15-08.14.21:327][  0]LogTemp: Display: Loaded TP LinuxClientTargetPlatform
[2018.09.15-08.14.21:354][  0]LogTemp: Display: Loaded TP LinuxNoEditorTargetPlatform
[2018.09.15-08.14.21:371][  0]LogTemp: Display: Loaded TP LinuxServerTargetPlatform
[2018.09.15-08.14.21:394][  0]LogTemp: Display: Loaded TP LinuxTargetPlatform
[2018.09.15-08.14.21:406][  0]LogTemp: Display: Loaded TP LuminTargetPlatform
[2018.09.15-08.14.21:406][  0]LogTargetPlatformManager: Display: Building Assets For Windows
[2018.09.15-08.14.21:601][  0]LogXGEController: Cleaning working directory: C:/Users/mikey/AppData/Local/Temp/UnrealXGEWorkingDir/
[2018.09.15-08.14.21:602][  0]LogXGEController: Cannot use XGE Controller as Incredibuild is not installed on this machine.
[2018.09.15-08.14.21:602][  0]LogShaderCompilers: Cannot use XGE Shader Compiler as Incredibuild is not installed on this machine.
[2018.09.15-08.14.21:602][  0]LogShaderCompilers: Display: Using Local Shader Compiler.
[2018.09.15-08.14.22:770][  0]LogDerivedDataCache: Display: Max Cache Size: 512 MB
[2018.09.15-08.14.23:085][  0]LogDerivedDataCache: Loaded boot cache 0.31s 71MB C:/Users/mikey/AppData/Local/UnrealEngine/4.20/DerivedDataCache/Boot.ddc.
[2018.09.15-08.14.23:086][  0]LogDerivedDataCache: Display: Loaded Boot cache: C:/Users/mikey/AppData/Local/UnrealEngine/4.20/DerivedDataCache/Boot.ddc
[2018.09.15-08.14.23:086][  0]LogDerivedDataCache: FDerivedDataBackendGraph:  Pak pak cache file E:/Unreal Projects/BeyondHuman/DerivedDataCache/DDC.ddp not found, will not use a pak cache.
[2018.09.15-08.14.23:086][  0]LogDerivedDataCache: Unable to find inner node Pak for hierarchical cache Hierarchy.
[2018.09.15-08.14.23:086][  0]LogDerivedDataCache: FDerivedDataBackendGraph:  CompressedPak pak cache file E:/Unreal Projects/BeyondHuman/DerivedDataCache/Compressed.ddp not found, will not use a pak cache.
[2018.09.15-08.14.23:086][  0]LogDerivedDataCache: Unable to find inner node CompressedPak for hierarchical cache Hierarchy.
[2018.09.15-08.14.23:113][  0]LogDerivedDataCache: Display: Pak cache opened for reading ../../../Engine/DerivedDataCache/Compressed.ddp.
[2018.09.15-08.14.23:126][  0]LogDerivedDataCache: Using Local data cache path C:/Users/mikey/AppData/Local/UnrealEngine/Common/DerivedDataCache: Writable
[2018.09.15-08.14.23:126][  0]LogDerivedDataCache: Shared data cache path not found in *engine.ini, will not use an Shared cache.
[2018.09.15-08.14.23:126][  0]LogDerivedDataCache: Unable to find inner node Shared for hierarchical cache Hierarchy.
[2018.09.15-08.14.23:156][  0]LogMaterial: Verifying Global Shaders for PCD3D_SM5
[2018.09.15-08.14.23:164][  0]LogSlate: Using FreeType 2.6.0
[2018.09.15-08.14.23:168][  0]LogSlate: SlateFontServices - WITH_FREETYPE: 1, WITH_HARFBUZZ: 1
[2018.09.15-08.14.23:340][  0]LogAssetRegistry: FAssetRegistry took 0.0301 seconds to start up
[2018.09.15-08.14.23:896][  0]LogInit: Selected Device Profile: [Windows]
[2018.09.15-08.14.24:222][  0]LogSimplygon: Simplygon DLL not present - disabling.
[2018.09.15-08.14.24:246][  0]LogMeshReduction: Using SimplygonSwarm for distributed automatic mesh merging
[2018.09.15-08.14.24:247][  0]LogMeshReduction: Using ProxyLODMeshReduction for automatic mesh merging
[2018.09.15-08.14.24:247][  0]LogMeshReduction: Using QuadricMeshReduction for automatic static mesh reduction
[2018.09.15-08.14.24:247][  0]LogMeshReduction: No automatic skeletal mesh reduction module available
[2018.09.15-08.14.24:302][  0]LogNetVersion: BeyondHuman 1.0.0, NetCL: 4212847, EngineNetVer: 5, GameNetVer: 0 (Checksum: 671501493)
[2018.09.15-08.14.25:296][  0]LogPackageLocalizationCache: Processed 11 localized package path(s) for 2 prioritized culture(s) in 0.164525 seconds
[2018.09.15-08.14.25:306][  0]LogUObjectArray: 38425 objects as part of root set at end of initial load.
[2018.09.15-08.14.25:306][  0]LogUObjectAllocator: 6690872 out of 0 bytes used by permanent object pool.
[2018.09.15-08.14.25:306][  0]LogUObjectArray: CloseDisregardForGC: 0/0 objects in disregard for GC pool
[2018.09.15-08.14.27:681][  0]LogSubstanceCoreModule: Substance [CPU] Engine Loaded, Max Texture Size = 2048
[2018.09.15-08.14.27:698][  0]LogTcpMessaging: Initializing TcpMessaging bridge
[2018.09.15-08.14.27:718][  0]LogUdpMessaging: Initializing bridge on interface 0.0.0.0:0 to multicast group 230.0.0.1:6666.
[2018.09.15-08.14.28:039][  0]SourceControl: Source control is disabled
[2018.09.15-08.14.28:040][  0]SourceControl: Source control is disabled
[2018.09.15-08.14.28:062][  0]SourceControl: Source control is disabled
[2018.09.15-08.14.28:069][  0]SourceControl: Source control is disabled
[2018.09.15-08.14.28:490][  0]LogAndroidPermission: UAndroidPermissionCallbackProxy::GetInstance
[2018.09.15-08.14.28:647][  0]LogOcInput: OculusInput pre-init called
[2018.09.15-08.14.28:910][  0]LogEngine: Initializing Engine...
[2018.09.15-08.14.28:932][  0]LogHMD: Failed to initialize OpenVR with code 126
[2018.09.15-08.14.28:935][  0]LogStats: UGameplayTagsManager::ConstructGameplayTagTree: ImportINI prefixes -  0.001 s
[2018.09.15-08.14.28:935][  0]LogStats: UGameplayTagsManager::ConstructGameplayTagTree: Construct from data asset -  0.000 s
[2018.09.15-08.14.28:935][  0]LogStats: UGameplayTagsManager::ConstructGameplayTagTree: ImportINI -  0.000 s
[2018.09.15-08.14.28:935][  0]LogStats: UGameplayTagsManager::ConstructGameplayTagTree: GameplayTagTreeChangedEvent.Broadcast -  0.000 s
[2018.09.15-08.14.29:267][  0]LogInit: Initializing FReadOnlyCVARCache
[2018.09.15-08.14.29:337][  0]LogAIModule: Creating AISystem for world Untitled
[2018.09.15-08.14.29:398][  0]LogInit: XAudio2 using 'Speakers (High Definition Audio Device)' : 2 channels at 44.1 kHz using 16 bits per sample (channel mask 0x3)
[2018.09.15-08.14.29:418][  0]LogInit: FAudioDevice initialized.
[2018.09.15-08.14.29:418][  0]LogNetVersion: Set ProjectVersion to 1.0.0.0. Version Checksum will be recalculated on next use.
[2018.09.15-08.14.29:500][  0]LogDerivedDataCache: Saved boot cache 0.08s 71MB C:/Users/mikey/AppData/Local/UnrealEngine/4.20/DerivedDataCache/Boot.ddc.
[2018.09.15-08.14.29:500][  0]LogInit: Texture streaming: Enabled
[2018.09.15-08.14.29:538][  0]LogEngineSessionManager: EngineSessionManager initialized
[2018.09.15-08.14.29:559][  0]LogInit: Transaction tracking system initialized
[2018.09.15-08.14.29:625][  0]BlueprintLog: New page: Editor Load
[2018.09.15-08.14.29:914][  0]LocalizationService: Localization service is disabled
[2018.09.15-08.14.30:535][  0]LogCook: Display: Max memory allowance for cook 16384mb min free memory 0mb
[2018.09.15-08.14.30:536][  0]LogCook: Display: Mobile HDR setting 1
[2018.09.15-08.14.30:536][  0]LogGameplayTags: Display: UGameplayTagsManager::DoneAddingNativeTags. DelegateIsBound: 0
[2018.09.15-08.14.30:536][  0]LogStats: UGameplayTagsManager::ConstructGameplayTagTree: ImportINI prefixes -  0.000 s
[2018.09.15-08.14.30:536][  0]LogStats: UGameplayTagsManager::ConstructGameplayTagTree: Construct from data asset -  0.000 s
[2018.09.15-08.14.30:536][  0]LogStats: UGameplayTagsManager::ConstructGameplayTagTree: ImportINI -  0.000 s
[2018.09.15-08.14.30:536][  0]LogStats: UGameplayTagsManager::ConstructGameplayTagTree: GameplayTagTreeChangedEvent.Broadcast -  0.000 s
[2018.09.15-08.14.30:877][  0]LogFileCache: Scanning file cache for directory 'E:/Unreal Projects/BeyondHuman/Content/' took 0.02s
[2018.09.15-08.14.30:877][  0]SourceControl: Source control is disabled
[2018.09.15-08.14.30:878][  0]Cmd: MAP LOAD FILE="E:/Unreal Projects/BeyondHuman/Content/Maps/Meshing.umap" TEMPLATE=0 SHOWPROGRESS=1 FEATURELEVEL=3
[2018.09.15-08.14.30:901][  0]LightingResults: New page: Lighting Build
[2018.09.15-08.14.30:911][  0]MapCheck: New page: Map Check
[2018.09.15-08.14.30:912][  0]LightingResults: New page: Lighting Build
[2018.09.15-08.15.09:378][  0]LogAIModule: Creating AISystem for world Meshing
[2018.09.15-08.15.09:523][  0]LogEditorServer: Finished looking for orphan Actors (0.000 secs)
[2018.09.15-08.15.09:561][  0]Cmd: MAP CHECKDEP NOCLEARLOG
[2018.09.15-08.15.09:794][  0]MapCheck: Map check complete: 0 Error(s), 0 Warning(s), took 231.857ms to complete.
[2018.09.15-08.15.09:794][  0]LogFileHelpers: Loading map 'Meshing' took 38.916
[2018.09.15-08.15.10:072][  0]LogSlate: Updating window title bar state: overlay mode, drag disabled, window buttons hidden, title bar hidden
[2018.09.15-08.15.10:084][  0]LogSlate: Updating window title bar state: overlay mode, drag disabled, window buttons hidden, title bar hidden
[2018.09.15-08.15.10:093][  0]LogSlate: Updating window title bar state: overlay mode, drag disabled, window buttons hidden, title bar hidden
[2018.09.15-08.15.10:102][  0]LogSlate: Updating window title bar state: overlay mode, drag disabled, window buttons hidden, title bar hidden
[2018.09.15-08.15.10:120][  0]LogCollectionManager: Loaded 0 collections in 0.001722 seconds
[2018.09.15-08.15.10:190][  0]LogFileCache: Scanning file cache for directory 'E:/Unreal Projects/BeyondHuman/Saved/Collections/' took 0.01s
[2018.09.15-08.15.10:190][  0]LogFileCache: Scanning file cache for directory 'E:/Unreal Projects/BeyondHuman/Content/Developers/mikey/Collections/' took 0.01s
[2018.09.15-08.15.10:190][  0]LogFileCache: Scanning file cache for directory 'E:/Unreal Projects/BeyondHuman/Content/Collections/' took 0.01s
[2018.09.15-08.15.10:190][  0]LogCollectionManager: Rebuilt the GUID cache for 0 collections in 0.000000 seconds
[2018.09.15-08.15.10:208][  0]LogContentBrowser: Native class hierarchy populated in 0.0141 seconds. Added 2586 classes and 609 folders.
[2018.09.15-08.15.10:222][  0]LogContentBrowser: Native class hierarchy updated for 'WidgetCarousel' in 0.0003 seconds. Added 0 classes and 0 folders.
[2018.09.15-08.15.10:368][  0]LogContentBrowser: Native class hierarchy updated for 'AddContentDialog' in 0.0003 seconds. Added 0 classes and 0 folders.
[2018.09.15-08.15.10:382][  0]LogContentBrowser: Native class hierarchy updated for 'SceneOutliner' in 0.0004 seconds. Added 1 classes and 2 folders.
[2018.09.15-08.15.10:471][  0]LogSlate: Took 0.006469 seconds to synchronously load lazily loaded font '../../../Engine/Content/Slate/Fonts/Roboto-Regular.ttf' (155K)
[2018.09.15-08.15.10:480][  0]LogSlate: Took 0.005781 seconds to synchronously load lazily loaded font '../../../Engine/Content/Slate/Fonts/Roboto-Bold.ttf' (160K)
[2018.09.15-08.15.10:493][  0]LogSlate: Took 0.005250 seconds to synchronously load lazily loaded font '../../../Engine/Content/Editor/Slate/Fonts/FontAwesome.ttf' (139K)
[2018.09.15-08.15.10:619][  0]LogRenderer: Reallocating scene render targets to support 1236x592 Format 10 NumSamples 1 (Frame:1).
[2018.09.15-08.15.10:940][  0]LogContentBrowser: Native class hierarchy updated for 'HierarchicalLODOutliner' in 0.0003 seconds. Added 0 classes and 0 folders.
[2018.09.15-08.15.10:940][  0]LogLoad: (Engine Initialization) Total time: 57.51 seconds
[2018.09.15-08.15.10:940][  0]LogLoad: (Engine Initialization) Total Blueprint compile time: 0.00 seconds
[2018.09.15-08.15.10:982][  0]LogContentStreaming: Texture pool size now 3000 MB
[2018.09.15-08.15.11:076][  0]LogRenderer: Reallocating scene render targets to support 1236x608 Format 10 NumSamples 1 (Frame:2).
[2018.09.15-08.15.11:076][  0]LogSlate: Took 0.001475 seconds to synchronously load lazily loaded font '../../../Engine/Content/Slate/Fonts/Roboto-Light.ttf' (167K)
[2018.09.15-08.15.11:086][  1]LogSubstanceLiveLink: Warning: Unable to send data along socket, closing connection
[2018.09.15-08.15.11:282][  2]LogAssetRegistry: Asset discovery search completed in 47.9653 seconds
[2018.09.15-08.15.11:285][  2]LogCollectionManager: Rebuilt the object cache for 0 collections in 0.000001 seconds (found 0 objects)
[2018.09.15-08.15.11:285][  2]LogCollectionManager: Fixed up redirectors for 0 collections in 0.000073 seconds (updated 0 objects)
[2018.09.15-08.16.08:224][172]LogSlate: FSceneViewport::OnFocusLost() reason 2
[2018.09.15-08.16.29:006][540]LogRenderer: Reallocating scene render targets to support 1916x1016 Format 10 NumSamples 1 (Frame:445).
[2018.09.15-08.16.46:965][851]LogSlate: FSceneViewport::OnFocusLost() reason 0
[2018.09.15-08.18.52:405][577]LogSlate: FSceneViewport::OnFocusLost() reason 0
[2018.09.15-08.20.09:501][981]LogSlate: FSceneViewport::OnFocusLost() reason 2
[2018.09.15-08.20.16:665][698]LogSlate: FSceneViewport::OnFocusLost() reason 2
[2018.09.15-08.20.19:265][735]LogClient: High resolution screenshot saved as E:/Unreal Projects/BeyondHuman/Saved/Screenshots/Windows/HighresScreenshot00013.png
[2018.09.15-08.20.19:269][735]LogSlate: Took 0.000296 seconds to synchronously load lazily loaded font '../../../Engine/Content/Slate/Fonts/Roboto-Light.ttf' (167K)
[2018.09.15-08.21.10:568][230]LogEditorViewport: Clicking on Actor (context menu): StaticMeshActor (GirderSQ (5)13)
[2018.09.15-08.21.10:852][230]LogSlate: FSceneViewport::OnFocusLost() reason 2
[2018.09.15-08.21.21:983][416]LogEditorViewport: Clicking on Actor (context menu): StaticMeshActor (WalkwayUpper)
[2018.09.15-08.21.22:199][416]LogSlate: FSceneViewport::OnFocusLost() reason 2
[2018.09.15-08.23.50:009][512]LogSlate: Took 0.001908 seconds to synchronously load lazily loaded font '../../../Engine/Content/Slate/Fonts/Roboto-Italic.ttf' (157K)
[2018.09.15-08.23.53:001][521]LogSlate: FSceneViewport::OnFocusLost() reason 0
[2018.09.15-08.23.56:074][524]LogD3D11RHI: Timed out while waiting for GPU to catch up. (0.5 s)
[2018.09.15-08.23.56:074][524]LogD3D11RHI: Timed out while waiting for GPU to catch up. (0.5 s)
[2018.09.15-08.24.08:210][635]LogEditorFactories: Performing atomic reimport of [E:/Dropbox (Personal)/Docs/Projects/Beyond Human/Exports/Buildings/BuildingAngled.fbx]
[2018.09.15-08.24.08:345][635]LogFbx: Loading FBX Scene from E:/Dropbox (Personal)/Docs/Projects/Beyond Human/Exports/Buildings/BuildingAngled.fbx
[2018.09.15-08.24.08:380][635]LogFbx: FBX Scene Loaded Succesfully
[2018.09.15-08.24.09:048][635]LogStaticMesh: Building static mesh BuildingAngled...
[2018.09.15-08.24.09:724][635]LogStaticMesh: Built static mesh [0.68s] /Game/Meshes/BuildingAngled.BuildingAngled
[2018.09.15-08.24.09:995][635]LogEditorFactories: -- imported successfully
[2018.09.15-08.24.30:149][789]LogClient: High resolution screenshot saved as E:/Unreal Projects/BeyondHuman/Saved/Screenshots/Windows/HighresScreenshot00010.png
[2018.09.15-08.24.37:839][870]LogEditorViewport: Clicking on Actor (LMB): StaticMeshActor (BuildingTall_Signs)
[2018.09.15-08.24.39:822][898]LogSlate: FSceneViewport::OnFocusLost() reason 0
[2018.09.15-08.25.26:185][768]LogClient: High resolution screenshot saved as E:/Unreal Projects/BeyondHuman/Saved/Screenshots/Windows/HighresScreenshot00011.png
[2018.09.15-08.25.30:980][826]LogEditorViewport: Clicking on Actor (context menu): StaticMeshActor (WallFront)
[2018.09.15-08.25.31:192][826]LogSlate: FSceneViewport::OnFocusLost() reason 2
[2018.09.15-08.25.38:220][907]LogEditorViewport: Clicking on Actor (LMB): StaticMeshActor (BuildingTall)
[2018.09.15-08.25.39:751][925]LogSlate: FSceneViewport::OnFocusLost() reason 0
[2018.09.15-08.25.40:959][936]LogEditorViewport: Clicking on Actor (LMB): StaticMeshActor (Scaffold)
[2018.09.15-08.25.42:647][955]LogSlate: FSceneViewport::OnFocusLost() reason 0
[2018.09.15-08.25.45:698][997]LogEditorViewport: Clicking on Actor (LMB): StaticMeshActor (BuildingEntrance)
[2018.09.15-08.25.50:100][ 65]LogSlate: FSceneViewport::OnFocusLost() reason 0
[2018.09.15-08.25.55:100][227]EditorErrors: New page: Actor attachment
[2018.09.15-08.26.13:263][494]LogSlate: FSceneViewport::OnFocusLost() reason 0
[2018.09.15-08.26.34:301][833]LogSlate: FSceneViewport::OnFocusLost() reason 0
[2018.09.15-08.27.16:747][656]LogSlate: FSceneViewport::OnFocusLost() reason 2
[2018.09.15-08.27.19:322][680]LogClient: High resolution screenshot saved as E:/Unreal Projects/BeyondHuman/Saved/Screenshots/Windows/HighresScreenshot00012.png
[2018.09.15-08.27.21:510][704]LogEditorViewport: Clicking on Actor (context menu): StaticMeshActor (WallBack)
[2018.09.15-08.27.21:735][704]LogSlate: FSceneViewport::OnFocusLost() reason 2
[2018.09.15-08.27.29:148][886]LogEditorViewport: Clicking on Actor (LMB): StaticMeshActor (Stairs)
[2018.09.15-08.27.30:784][912]LogSlate: FSceneViewport::OnFocusLost() reason 0
[2018.09.15-08.27.50:680][201]LogSlate: FSceneViewport::OnFocusLost() reason 0
[2018.09.15-08.28.17:055][102]LogEditorViewport: Clicking on Actor (LMB): StaticMeshActor (Stairs (2))
[2018.09.15-08.28.18:316][120]LogEditorViewport: Clicking on Actor (LMB): StaticMeshActor (BuildingRound)
[2018.09.15-08.29.09:435][854]LogSlate: FSceneViewport::OnFocusLost() reason 0
[2018.09.15-08.30.54:233][317]LogEditorViewport: Clicking on Actor (context menu): StaticMeshActor (BuildingSmall)
[2018.09.15-08.30.54:486][317]LogSlate: FSceneViewport::OnFocusLost() reason 2
[2018.09.15-08.30.55:443][359]LogEditorViewport: Clicking on Actor (LMB): StaticMeshActor (WallRight)
[2018.09.15-08.31.39:017][ 63]LogSlate: FSceneViewport::OnFocusLost() reason 2
[2018.09.15-08.31.45:739][486]LogSlate: FSceneViewport::OnFocusLost() reason 2
[2018.09.15-08.32.01:891][182]LogSlate: FSceneViewport::OnFocusLost() reason 2
[2018.09.15-08.32.03:648][196]LogClient: High resolution screenshot saved as E:/Unreal Projects/BeyondHuman/Saved/Screenshots/Windows/HighresScreenshot00013.png
[2018.09.15-08.32.18:514][303]LogSlate: Window 'High Resolution Screenshot' being destroyed
[2018.09.15-08.32.23:071][451]LogSlate: Window 'Viewport 1' being destroyed
[2018.09.15-08.32.28:453][779]LogSlate: Window 'Viewport 1' being destroyed
[2018.09.15-08.32.33:394][880]LogSlate: Window 'Save Content' being destroyed
[2018.09.15-08.32.33:686][880]Cmd: OBJ SAVEPACKAGE PACKAGE="/Game/Maps/Meshing" FILE="E:/Unreal Projects/BeyondHuman/Content/Maps/Meshing.umap" SILENT=true AUTOSAVING=false KEEPDIRTY=false
[2018.09.15-08.32.34:570][880]LogSavePackage: Moving 'E:/Unreal Projects/BeyondHuman/Saved/Meshing0E9A31AD4AC9E25C34470EB0CB4797DA.tmp' to 'E:/Unreal Projects/BeyondHuman/Content/Maps/Meshing.umap'
[2018.09.15-08.32.34:601][880]LogFileHelpers: Saving map 'Meshing' took 1.163
[2018.09.15-08.32.34:621][880]Cmd: OBJ SAVEPACKAGE PACKAGE="/Game/Meshes/BuildingAngled" FILE="E:/Unreal Projects/BeyondHuman/Content/Meshes/BuildingAngled.uasset" SILENT=true
[2018.09.15-08.32.34:656][880]LogSavePackage: Moving 'E:/Unreal Projects/BeyondHuman/Saved/BuildingAngledBFC15EEF4F4A231D8E73B29B58BE5108.tmp' to 'E:/Unreal Projects/BeyondHuman/Content/Meshes/BuildingAngled.uasset'
[2018.09.15-08.42.16:616][690]LogSlate: FSceneViewport::OnFocusLost() reason 2
[2018.09.15-08.43.50:939][663]LogD3D11RHI: Timed out while waiting for GPU to catch up. (0.5 s)
[2018.09.15-08.43.51:442][664]LogD3D11RHI: Timed out while waiting for GPU to catch up. (0.5 s)
[2018.09.15-08.43.53:308][670]LogD3D11RHI: Timed out while waiting for GPU to catch up. (0.5 s)
[2018.09.15-08.43.55:322][676]LogD3D11RHI: Timed out while waiting for GPU to catch up. (0.5 s)
[2018.09.15-08.45.46:003][  5]LogSlate: FSceneViewport::OnFocusLost() reason 2
[2018.09.15-08.46.07:781][704]LogTexture: Display: Building textures: PipeHolderB_M_PipeHolderB_Normal (BC5, 512X512)
[2018.09.15-08.46.07:793][704]LogAssetEditorManager: Opening Asset editor for Texture2D /Game/Textures/Buildings/PipeHolderB_M_PipeHolderB_Normal.PipeHolderB_M_PipeHolderB_Normal
[2018.09.15-08.46.07:824][704]LogContentBrowser: Native class hierarchy updated for 'TextureEditor' in 0.0003 seconds. Added 1 classes and 2 folders.
[2018.09.15-08.46.11:107][752]LogSlate: Window 'PipeHolderB_M_PipeHolderB_Normal' being destroyed
[2018.09.15-08.46.11:177][752]LogSlate: Window 'PipeHolderB_M_PipeHolderB_Normal' being destroyed
[2018.09.15-08.46.20:274][117]LogSlate: Window 'Reimport missing files' being destroyed
[2018.09.15-08.46.42:415][117]LogEditorFactories: Performing atomic reimport of [E:/Dropbox (Personal)/Docs/Projects/Beyond Human/SourceImages/Buildings/Stairs_M_Stairs_BaseColor.png]
[2018.09.15-08.46.42:436][117]LogFactory: FactoryCreateFile: Texture2D with ReimportTextureFactory (0 0 E:/Dropbox (Personal)/Docs/Projects/Beyond Human/SourceImages/Buildings/Stairs_M_Stairs_BaseColor.png)
[2018.09.15-08.46.42:590][117]LogTexture: Display: Building textures: Stairs_M_Stairs_BaseColor (AutoDXT, 2048X2048)
[2018.09.15-08.46.44:435][117]LogEditorFactories: -- imported successfully
[2018.09.15-08.46.44:491][117]LogEditorFactories: Performing atomic reimport of [E:/Dropbox (Personal)/Docs/Projects/Beyond Human/SourceImages/Buildings/Stairs_M_Stairs_Metallic.png]
[2018.09.15-08.46.44:492][117]LogFactory: FactoryCreateFile: Texture2D with ReimportTextureFactory (0 0 E:/Dropbox (Personal)/Docs/Projects/Beyond Human/SourceImages/Buildings/Stairs_M_Stairs_Metallic.png)
[2018.09.15-08.46.44:516][117]LogTexture: Display: Building textures: Stairs_M_Stairs_Metallic (AutoDXT, 2048X2048)
[2018.09.15-08.46.44:807][117]LogEditorFactories: -- imported successfully
[2018.09.15-08.46.44:843][117]LogEditorFactories: Performing atomic reimport of [E:/Dropbox (Personal)/Docs/Projects/Beyond Human/SourceImages/Buildings/Stairs_M_Stairs_Normal.png]
[2018.09.15-08.46.44:868][117]LogFactory: FactoryCreateFile: Texture2D with ReimportTextureFactory (0 0 E:/Dropbox (Personal)/Docs/Projects/Beyond Human/SourceImages/Buildings/Stairs_M_Stairs_Normal.png)
[2018.09.15-08.46.45:053][117]LogTexture: Display: Building textures: Stairs_M_Stairs_Normal (BC5, 2048X2048)
[2018.09.15-08.46.45:357][117]LogEditorFactories: -- imported successfully
[2018.09.15-08.46.45:416][117]LogEditorFactories: Performing atomic reimport of [E:/Dropbox (Personal)/Docs/Projects/Beyond Human/SourceImages/Buildings/Stairs_M_Stairs_Roughness.png]
[2018.09.15-08.46.45:420][117]LogFactory: FactoryCreateFile: Texture2D with ReimportTextureFactory (0 0 E:/Dropbox (Personal)/Docs/Projects/Beyond Human/SourceImages/Buildings/Stairs_M_Stairs_Roughness.png)
[2018.09.15-08.46.45:472][117]LogTexture: Display: Building textures: Stairs_M_Stairs_Roughness (AutoDXT, 2048X2048)
[2018.09.15-08.46.46:297][117]LogEditorFactories: -- imported successfully
[2018.09.15-08.46.55:448][490]LogSlate: FSceneViewport::OnFocusLost() reason 2
[2018.09.15-08.46.55:525][490]LogFileHelpers: Editor autosave (incl. sublevels) for '/Game/Maps/Meshing' took 0.021
[2018.09.15-08.46.55:551][490]OBJ SavePackage: Generating thumbnails for [1] asset(s) in package [/Game/Textures/Buildings/Stairs_M_Stairs_BaseColor] ([1] browsable assets)...
[2018.09.15-08.46.55:560][490]OBJ SavePackage:     Rendered thumbnail for [Texture2D /Game/Textures/Buildings/Stairs_M_Stairs_BaseColor.Stairs_M_Stairs_BaseColor]
[2018.09.15-08.46.55:560][490]OBJ SavePackage: Finished generating thumbnails for package [/Game/Textures/Buildings/Stairs_M_Stairs_BaseColor]
[2018.09.15-08.46.55:732][490]LogSavePackage: Moving 'E:/Unreal Projects/BeyondHuman/Saved/Stairs_M_Stairs_BaseColor_Auto1D861317D4642BAE09C0B90968A3D561D.tmp' to 'E:/Unreal Projects/BeyondHuman/Saved/Autosaves/Game/Textures/Buildings/Stairs_M_Stairs_BaseColor_Auto1.uasset'
[2018.09.15-08.46.55:755][490]OBJ SavePackage: Generating thumbnails for [1] asset(s) in package [/Game/Textures/Buildings/Stairs_M_Stairs_Metallic] ([1] browsable assets)...
[2018.09.15-08.46.55:760][490]OBJ SavePackage:     Rendered thumbnail for [Texture2D /Game/Textures/Buildings/Stairs_M_Stairs_Metallic.Stairs_M_Stairs_Metallic]
[2018.09.15-08.46.55:760][490]OBJ SavePackage: Finished generating thumbnails for package [/Game/Textures/Buildings/Stairs_M_Stairs_Metallic]
[2018.09.15-08.46.55:814][490]LogSavePackage: Moving 'E:/Unreal Projects/BeyondHuman/Saved/Stairs_M_Stairs_Metallic_Auto15AD4A18B4D1466521EFFE98003D15382.tmp' to 'E:/Unreal Projects/BeyondHuman/Saved/Autosaves/Game/Textures/Buildings/Stairs_M_Stairs_Metallic_Auto1.uasset'
[2018.09.15-08.46.55:815][490]OBJ SavePackage: Generating thumbnails for [1] asset(s) in package [/Game/Textures/Buildings/Stairs_M_Stairs_Normal] ([1] browsable assets)...
[2018.09.15-08.46.55:825][490]OBJ SavePackage:     Rendered thumbnail for [Texture2D /Game/Textures/Buildings/Stairs_M_Stairs_Normal.Stairs_M_Stairs_Normal]
[2018.09.15-08.46.55:825][490]OBJ SavePackage: Finished generating thumbnails for package [/Game/Textures/Buildings/Stairs_M_Stairs_Normal]
[2018.09.15-08.46.56:064][490]LogSavePackage: Moving 'E:/Unreal Projects/BeyondHuman/Saved/Stairs_M_Stairs_Normal_Auto1F7CA1A444ACD616D5DEBFEBB0D0C4DA0.tmp' to 'E:/Unreal Projects/BeyondHuman/Saved/Autosaves/Game/Textures/Buildings/Stairs_M_Stairs_Normal_Auto1.uasset'
[2018.09.15-08.46.56:065][490]OBJ SavePackage: Generating thumbnails for [1] asset(s) in package [/Game/Textures/Buildings/Stairs_M_Stairs_Roughness] ([1] browsable assets)...
[2018.09.15-08.46.56:074][490]OBJ SavePackage:     Rendered thumbnail for [Texture2D /Game/Textures/Buildings/Stairs_M_Stairs_Roughness.Stairs_M_Stairs_Roughness]
[2018.09.15-08.46.56:075][490]OBJ SavePackage: Finished generating thumbnails for package [/Game/Textures/Buildings/Stairs_M_Stairs_Roughness]
[2018.09.15-08.46.56:139][490]LogSavePackage: Moving 'E:/Unreal Projects/BeyondHuman/Saved/Stairs_M_Stairs_Roughness_Auto1F1DB2443446527F70306AAA9BD7E18B9.tmp' to 'E:/Unreal Projects/BeyondHuman/Saved/Autosaves/Game/Textures/Buildings/Stairs_M_Stairs_Roughness_Auto1.uasset'
[2018.09.15-08.46.56:140][490]LogFileHelpers: Auto-saving content packages took 0.614
[2018.09.15-08.47.00:671][664]LogSlate: FSceneViewport::OnFocusLost() reason 0
[2018.09.15-08.47.43:140][914]LogEditorFactories: Performing atomic reimport of [E:/Dropbox (Personal)/Docs/Projects/Beyond Human/SourceImages/Buildings/Stairs_M_Stairs_Roughness.png]
[2018.09.15-08.47.43:144][914]LogFactory: FactoryCreateFile: Texture2D with ReimportTextureFactory (0 0 E:/Dropbox (Personal)/Docs/Projects/Beyond Human/SourceImages/Buildings/Stairs_M_Stairs_Roughness.png)
[2018.09.15-08.47.43:189][914]LogTexture: Display: Building textures: Stairs_M_Stairs_Roughness (AutoDXT, 2048X2048)
[2018.09.15-08.47.44:047][914]LogEditorFactories: -- imported successfully
[2018.09.15-08.47.44:086][914]LogEditorFactories: Performing atomic reimport of [E:/Dropbox (Personal)/Docs/Projects/Beyond Human/SourceImages/Buildings/Stairs_M_Stairs_BaseColor.png]
[2018.09.15-08.47.44:106][914]LogFactory: FactoryCreateFile: Texture2D with ReimportTextureFactory (0 0 E:/Dropbox (Personal)/Docs/Projects/Beyond Human/SourceImages/Buildings/Stairs_M_Stairs_BaseColor.png)
[2018.09.15-08.47.44:242][914]LogTexture: Display: Building textures: Stairs_M_Stairs_BaseColor (AutoDXT, 2048X2048)
[2018.09.15-08.47.46:004][914]LogEditorFactories: -- imported successfully
[2018.09.15-08.47.46:059][914]LogEditorFactories: Performing atomic reimport of [E:/Dropbox (Personal)/Docs/Projects/Beyond Human/SourceImages/Buildings/Stairs_M_Stairs_Metallic.png]
[2018.09.15-08.47.46:060][914]LogFactory: FactoryCreateFile: Texture2D with ReimportTextureFactory (0 0 E:/Dropbox (Personal)/Docs/Projects/Beyond Human/SourceImages/Buildings/Stairs_M_Stairs_Metallic.png)
[2018.09.15-08.47.46:085][914]LogTexture: Display: Building textures: Stairs_M_Stairs_Metallic (AutoDXT, 2048X2048)
[2018.09.15-08.47.46:345][914]LogEditorFactories: -- imported successfully
[2018.09.15-08.47.46:380][914]LogEditorFactories: Performing atomic reimport of [E:/Dropbox (Personal)/Docs/Projects/Beyond Human/SourceImages/Buildings/Stairs_M_Stairs_Normal.png]
[2018.09.15-08.47.46:404][914]LogFactory: FactoryCreateFile: Texture2D with ReimportTextureFactory (0 0 E:/Dropbox (Personal)/Docs/Projects/Beyond Human/SourceImages/Buildings/Stairs_M_Stairs_Normal.png)
[2018.09.15-08.47.46:577][914]LogTexture: Display: Building textures: Stairs_M_Stairs_Normal (BC5, 2048X2048)
[2018.09.15-08.47.46:858][914]LogEditorFactories: -- imported successfully
[2018.09.15-08.47.54:475][187]LogEditorViewport: Clicking on Actor (LMB): StaticMeshActor (Stairs (2))
[2018.09.15-08.47.56:316][205]LogEditorViewport: Clicking on Actor (LMB): StaticMeshActor (Stairs (2))
[2018.09.15-08.47.57:511][214]LogSlate: FSceneViewport::OnFocusLost() reason 0
[2018.09.15-08.47.57:775][215]LogAssetEditorManager: Opening Asset editor for MaterialInstanceConstant /Game/Materials/Mi_Stairs.Mi_Stairs
[2018.09.15-08.48.41:008][858]LogEditorFactories: Performing atomic reimport of [E:/Dropbox (Personal)/Docs/Projects/Beyond Human/SourceImages/Buildings/Stairs_M_Stairs_Roughness.png]
[2018.09.15-08.48.41:016][858]LogFactory: FactoryCreateFile: Texture2D with ReimportTextureFactory (0 0 E:/Dropbox (Personal)/Docs/Projects/Beyond Human/SourceImages/Buildings/Stairs_M_Stairs_Roughness.png)
[2018.09.15-08.48.41:063][858]LogTexture: Display: Building textures: Stairs_M_Stairs_Roughness (AutoDXT, 2048X2048)
[2018.09.15-08.48.41:912][858]LogEditorFactories: -- imported successfully
[2018.09.15-08.48.41:950][858]LogEditorFactories: Performing atomic reimport of [E:/Dropbox (Personal)/Docs/Projects/Beyond Human/SourceImages/Buildings/Stairs_M_Stairs_BaseColor.png]
[2018.09.15-08.48.41:970][858]LogFactory: FactoryCreateFile: Texture2D with ReimportTextureFactory (0 0 E:/Dropbox (Personal)/Docs/Projects/Beyond Human/SourceImages/Buildings/Stairs_M_Stairs_BaseColor.png)
[2018.09.15-08.48.42:102][858]LogTexture: Display: Building textures: Stairs_M_Stairs_BaseColor (AutoDXT, 2048X2048)
[2018.09.15-08.48.43:874][858]LogEditorFactories: -- imported successfully
[2018.09.15-08.48.43:932][858]LogEditorFactories: Performing atomic reimport of [E:/Dropbox (Personal)/Docs/Projects/Beyond Human/SourceImages/Buildings/Stairs_M_Stairs_Metallic.png]
[2018.09.15-08.48.43:933][858]LogFactory: FactoryCreateFile: Texture2D with ReimportTextureFactory (0 0 E:/Dropbox (Personal)/Docs/Projects/Beyond Human/SourceImages/Buildings/Stairs_M_Stairs_Metallic.png)
[2018.09.15-08.48.43:959][858]LogTexture: Display: Building textures: Stairs_M_Stairs_Metallic (AutoDXT, 2048X2048)
[2018.09.15-08.48.44:224][858]LogEditorFactories: -- imported successfully
[2018.09.15-08.48.44:280][858]LogEditorFactories: Performing atomic reimport of [E:/Dropbox (Personal)/Docs/Projects/Beyond Human/SourceImages/Buildings/Stairs_M_Stairs_Normal.png]
[2018.09.15-08.48.44:304][858]LogFactory: FactoryCreateFile: Texture2D with ReimportTextureFactory (0 0 E:/Dropbox (Personal)/Docs/Projects/Beyond Human/SourceImages/Buildings/Stairs_M_Stairs_Normal.png)
[2018.09.15-08.48.44:474][858]LogTexture: Display: Building textures: Stairs_M_Stairs_Normal (BC5, 2048X2048)
[2018.09.15-08.48.44:770][858]LogEditorFactories: -- imported successfully
[2018.09.15-08.51.00:911][265]LogD3D11RHI: Timed out while waiting for GPU to catch up. (0.5 s)
[2018.09.15-08.51.06:944][589]LogEditorFactories: Performing atomic reimport of [E:/Dropbox (Personal)/Docs/Projects/Beyond Human/SourceImages/Buildings/Stairs_M_Stairs_BaseColor.png]
[2018.09.15-08.51.06:966][589]LogFactory: FactoryCreateFile: Texture2D with ReimportTextureFactory (0 0 E:/Dropbox (Personal)/Docs/Projects/Beyond Human/SourceImages/Buildings/Stairs_M_Stairs_BaseColor.png)
[2018.09.15-08.51.07:102][589]LogTexture: Display: Building textures: Stairs_M_Stairs_BaseColor (AutoDXT, 2048X2048)
[2018.09.15-08.51.08:965][589]LogEditorFactories: -- imported successfully
[2018.09.15-08.51.09:026][589]LogEditorFactories: Performing atomic reimport of [E:/Dropbox (Personal)/Docs/Projects/Beyond Human/SourceImages/Buildings/Stairs_M_Stairs_Metallic.png]
[2018.09.15-08.51.09:027][589]LogFactory: FactoryCreateFile: Texture2D with ReimportTextureFactory (0 0 E:/Dropbox (Personal)/Docs/Projects/Beyond Human/SourceImages/Buildings/Stairs_M_Stairs_Metallic.png)
[2018.09.15-08.51.09:053][589]LogTexture: Display: Building textures: Stairs_M_Stairs_Metallic (AutoDXT, 2048X2048)
[2018.09.15-08.51.09:352][589]LogEditorFactories: -- imported successfully
[2018.09.15-08.51.09:388][589]LogEditorFactories: Performing atomic reimport of [E:/Dropbox (Personal)/Docs/Projects/Beyond Human/SourceImages/Buildings/Stairs_M_Stairs_Normal.png]
[2018.09.15-08.51.09:412][589]LogFactory: FactoryCreateFile: Texture2D with ReimportTextureFactory (0 0 E:/Dropbox (Personal)/Docs/Projects/Beyond Human/SourceImages/Buildings/Stairs_M_Stairs_Normal.png)
[2018.09.15-08.51.09:590][589]LogTexture: Display: Building textures: Stairs_M_Stairs_Normal (BC5, 2048X2048)
[2018.09.15-08.51.09:897][589]LogEditorFactories: -- imported successfully
[2018.09.15-08.51.09:959][589]LogEditorFactories: Performing atomic reimport of [E:/Dropbox (Personal)/Docs/Projects/Beyond Human/SourceImages/Buildings/Stairs_M_Stairs_Roughness.png]
[2018.09.15-08.51.09:965][589]LogFactory: FactoryCreateFile: Texture2D with ReimportTextureFactory (0 0 E:/Dropbox (Personal)/Docs/Projects/Beyond Human/SourceImages/Buildings/Stairs_M_Stairs_Roughness.png)
[2018.09.15-08.51.10:023][589]LogTexture: Display: Building textures: Stairs_M_Stairs_Roughness (AutoDXT, 2048X2048)
[2018.09.15-08.51.11:017][589]LogEditorFactories: -- imported successfully
[2018.09.15-08.56.21:588][ 98]LogD3D11RHI: Timed out while waiting for GPU to catch up. (0.5 s)
[2018.09.15-08.56.23:936][105]LogD3D11RHI: Timed out while waiting for GPU to catch up. (0.5 s)
[2018.09.15-08.56.24:437][106]LogD3D11RHI: Timed out while waiting for GPU to catch up. (0.5 s)
[2018.09.15-08.56.25:294][109]LogD3D11RHI: Timed out while waiting for GPU to catch up. (0.5 s)
[2018.09.15-08.56.56:535][201]LogFileHelpers: Editor autosave (incl. sublevels) for '/Game/Maps/Meshing' took 0.026
[2018.09.15-08.56.56:556][201]OBJ SavePackage: Generating thumbnails for [1] asset(s) in package [/Game/Materials/Mi_Stairs] ([1] browsable assets)...
[2018.09.15-08.56.56:750][201]OBJ SavePackage:     Rendered thumbnail for [MaterialInstanceConstant /Game/Materials/Mi_Stairs.Mi_Stairs]
[2018.09.15-08.56.56:751][201]OBJ SavePackage: Finished generating thumbnails for package [/Game/Materials/Mi_Stairs]
[2018.09.15-08.56.56:752][201]Cmd: OBJ SAVEPACKAGE PACKAGE="/Game/Materials/Mi_Stairs" FILE="E:/Unreal Projects/BeyondHuman/Saved/Autosaves/Game/Materials/Mi_Stairs_Auto2.uasset" SILENT=false AUTOSAVING=true
[2018.09.15-08.56.56:807][201]LogMaterial: Display: Missing cached shader map for material FDebugViewModeMaterialProxy Mi_Stairs, compiling. 
[2018.09.15-08.56.57:958][201]LogShaderCompilers: Display: Shaders left to compile 1
[2018.09.15-08.56.57:965][201]TextureStreamingBuild: Display: Compiling optional shaders took 1.184 seconds.
[2018.09.15-08.56.58:196][201]LogSavePackage: Moving 'E:/Unreal Projects/BeyondHuman/Saved/Mi_Stairs_Auto29FF8A4A8429706DA80B362863E721574.tmp' to 'E:/Unreal Projects/BeyondHuman/Saved/Autosaves/Game/Materials/Mi_Stairs_Auto2.uasset'
[2018.09.15-08.56.58:211][201]OBJ SavePackage: Generating thumbnails for [1] asset(s) in package [/Game/Textures/Buildings/Stairs_M_Stairs_BaseColor] ([1] browsable assets)...
[2018.09.15-08.56.58:221][201]OBJ SavePackage:     Rendered thumbnail for [Texture2D /Game/Textures/Buildings/Stairs_M_Stairs_BaseColor.Stairs_M_Stairs_BaseColor]
[2018.09.15-08.56.58:222][201]OBJ SavePackage: Finished generating thumbnails for package [/Game/Textures/Buildings/Stairs_M_Stairs_BaseColor]
[2018.09.15-08.56.58:359][201]LogSavePackage: Moving 'E:/Unreal Projects/BeyondHuman/Saved/Stairs_M_Stairs_BaseColor_Auto217AFBC0F4D6688BDCE357CA2A177BE8E.tmp' to 'E:/Unreal Projects/BeyondHuman/Saved/Autosaves/Game/Textures/Buildings/Stairs_M_Stairs_BaseColor_Auto2.uasset'
[2018.09.15-08.56.58:386][201]OBJ SavePackage: Generating thumbnails for [1] asset(s) in package [/Game/Textures/Buildings/Stairs_M_Stairs_Metallic] ([1] browsable assets)...
[2018.09.15-08.56.58:392][201]OBJ SavePackage:     Rendered thumbnail for [Texture2D /Game/Textures/Buildings/Stairs_M_Stairs_Metallic.Stairs_M_Stairs_Metallic]
[2018.09.15-08.56.58:392][201]OBJ SavePackage: Finished generating thumbnails for package [/Game/Textures/Buildings/Stairs_M_Stairs_Metallic]
[2018.09.15-08.56.58:405][201]LogSavePackage: Moving 'E:/Unreal Projects/BeyondHuman/Saved/Stairs_M_Stairs_Metallic_Auto2D4869FEE4E5DE1E72F7C17910FC12FCA.tmp' to 'E:/Unreal Projects/BeyondHuman/Saved/Autosaves/Game/Textures/Buildings/Stairs_M_Stairs_Metallic_Auto2.uasset'
[2018.09.15-08.56.58:406][201]OBJ SavePackage: Generating thumbnails for [1] asset(s) in package [/Game/Textures/Buildings/Stairs_M_Stairs_Normal] ([1] browsable assets)...
[2018.09.15-08.56.58:417][201]OBJ SavePackage:     Rendered thumbnail for [Texture2D /Game/Textures/Buildings/Stairs_M_Stairs_Normal.Stairs_M_Stairs_Normal]
[2018.09.15-08.56.58:417][201]OBJ SavePackage: Finished generating thumbnails for package [/Game/Textures/Buildings/Stairs_M_Stairs_Normal]
[2018.09.15-08.56.58:598][201]LogSavePackage: Moving 'E:/Unreal Projects/BeyondHuman/Saved/Stairs_M_Stairs_Normal_Auto20EA8AE65441EB61020FE57BB19F5C97B.tmp' to 'E:/Unreal Projects/BeyondHuman/Saved/Autosaves/Game/Textures/Buildings/Stairs_M_Stairs_Normal_Auto2.uasset'
[2018.09.15-08.56.58:600][201]OBJ SavePackage: Generating thumbnails for [1] asset(s) in package [/Game/Textures/Buildings/Stairs_M_Stairs_Roughness] ([1] browsable assets)...
[2018.09.15-08.56.58:615][201]OBJ SavePackage:     Rendered thumbnail for [Texture2D /Game/Textures/Buildings/Stairs_M_Stairs_Roughness.Stairs_M_Stairs_Roughness]
[2018.09.15-08.56.58:615][201]OBJ SavePackage: Finished generating thumbnails for package [/Game/Textures/Buildings/Stairs_M_Stairs_Roughness]
[2018.09.15-08.56.58:657][201]LogSavePackage: Moving 'E:/Unreal Projects/BeyondHuman/Saved/Stairs_M_Stairs_Roughness_Auto250290DE04B0B4E18322E11B2A0BC69C6.tmp' to 'E:/Unreal Projects/BeyondHuman/Saved/Autosaves/Game/Textures/Buildings/Stairs_M_Stairs_Roughness_Auto2.uasset'
[2018.09.15-08.56.58:658][201]LogFileHelpers: Auto-saving content packages took 2.122
[2018.09.15-08.56.59:538][205]LogD3D11RHI: Timed out while waiting for GPU to catch up. (0.5 s)
[2018.09.15-08.57.51:003][346]LogSlate: FSceneViewport::OnFocusLost() reason 2
[2018.09.15-08.57.51:872][379]LogEditorViewport: Clicking on Actor (context menu): StaticMeshActor (Stairs (2))
[2018.09.15-08.57.51:948][379]LogSlate: FSceneViewport::OnFocusLost() reason 2
[2018.09.15-08.57.52:725][429]LogSlate: FSceneViewport::OnFocusLost() reason 2
[2018.09.15-08.57.53:622][433]LogD3D11RHI: Timed out while waiting for GPU to catch up. (0.5 s)
[2018.09.15-08.57.54:122][433]LogD3D11RHI: Timed out while waiting for GPU to catch up. (0.5 s)
[2018.09.15-08.57.54:717][433]LogD3D11RHI: Timed out while waiting for GPU to catch up. (0.5 s)
[2018.09.15-08.57.55:217][433]LogD3D11RHI: Timed out while waiting for GPU to catch up. (0.5 s)
[2018.09.15-08.57.55:718][433]LogD3D11RHI: Timed out while waiting for GPU to catch up. (0.5 s)
[2018.09.15-08.58.09:686][519]LogEditorFactories: Performing atomic reimport of [E:/Dropbox (Personal)/Docs/Projects/Beyond Human/Exports/Buildings/Stairs.fbx]
[2018.09.15-08.58.09:819][519]LogFbx: Loading FBX Scene from E:/Dropbox (Personal)/Docs/Projects/Beyond Human/Exports/Buildings/Stairs.fbx
[2018.09.15-08.58.09:850][519]LogFbx: FBX Scene Loaded Succesfully
[2018.09.15-08.58.09:993][519]LogStaticMesh: Building static mesh Stairs...
[2018.09.15-08.58.10:082][519]LogStaticMesh: Built static mesh [0.09s] /Game/Meshes/Stairs.Stairs
[2018.09.15-08.58.13:787][519]LogSlate: Window 'Reimport Material Conflicts Resolution' being destroyed
[2018.09.15-08.58.13:794][519]LogEditorFactories: -- imported successfully
[2018.09.15-08.58.24:443][682]LogEditorViewport: Clicking on Actor (LMB): StaticMeshActor (BuildingAngled)
[2018.09.15-08.58.33:019][775]LogSlate: FSceneViewport::OnFocusLost() reason 0
[2018.09.15-08.58.44:873][184]LogSlate: FSceneViewport::OnFocusLost() reason 0
[2018.09.15-08.58.49:729][368]LogSlate: FSceneViewport::OnFocusLost() reason 0
[2018.09.15-08.58.58:369][707]LogSlate: FSceneViewport::OnFocusLost() reason 0
[2018.09.15-08.59.29:427][401]LogSlate: FSceneViewport::OnFocusLost() reason 2
[2018.09.15-08.59.31:760][477]Cmd: OBJ SAVEPACKAGE PACKAGE="/Game/Materials/Mi_Stairs" FILE="E:/Unreal Projects/BeyondHuman/Content/Materials/Mi_Stairs.uasset" SILENT=true
[2018.09.15-08.59.31:773][477]LogSavePackage: Moving 'E:/Unreal Projects/BeyondHuman/Saved/Mi_Stairs9D72CA7E4DD85BE83CABDDA0DA1D3D67.tmp' to 'E:/Unreal Projects/BeyondHuman/Content/Materials/Mi_Stairs.uasset'
[2018.09.15-08.59.33:618][560]LogSlate: FSceneViewport::OnFocusLost() reason 0
[2018.09.15-08.59.33:693][564]LogSlate: Window 'Mi_Stairs' being destroyed
[2018.09.15-08.59.33:700][564]LogSlate: Window 'Mi_Stairs' being destroyed
[2018.09.15-09.02.07:789][ 68]LogD3D11RHI: Timed out while waiting for GPU to catch up. (0.5 s)
[2018.09.15-09.02.08:933][ 76]LogSlate: FSceneViewport::OnFocusLost() reason 0
[2018.09.15-09.02.14:005][352]LogEditorFactories: Performing atomic reimport of [E:/Dropbox (Personal)/Docs/Projects/Beyond Human/SourceImages/Buildings/Stairs_M_Stairs_BaseColor.png]
[2018.09.15-09.02.14:023][352]LogFactory: FactoryCreateFile: Texture2D with ReimportTextureFactory (0 0 E:/Dropbox (Personal)/Docs/Projects/Beyond Human/SourceImages/Buildings/Stairs_M_Stairs_BaseColor.png)
[2018.09.15-09.02.14:162][352]LogTexture: Display: Building textures: Stairs_M_Stairs_BaseColor (AutoDXT, 2048X2048)
[2018.09.15-09.02.15:838][352]LogEditorFactories: -- imported successfully
[2018.09.15-09.02.15:894][352]LogEditorFactories: Performing atomic reimport of [E:/Dropbox (Personal)/Docs/Projects/Beyond Human/SourceImages/Buildings/Stairs_M_Stairs_Metallic.png]
[2018.09.15-09.02.15:895][352]LogFactory: FactoryCreateFile: Texture2D with ReimportTextureFactory (0 0 E:/Dropbox (Personal)/Docs/Projects/Beyond Human/SourceImages/Buildings/Stairs_M_Stairs_Metallic.png)
[2018.09.15-09.02.15:920][352]LogTexture: Display: Building textures: Stairs_M_Stairs_Metallic (AutoDXT, 2048X2048)
[2018.09.15-09.02.16:234][352]LogEditorFactories: -- imported successfully
[2018.09.15-09.02.16:271][352]LogEditorFactories: Performing atomic reimport of [E:/Dropbox (Personal)/Docs/Projects/Beyond Human/SourceImages/Buildings/Stairs_M_Stairs_Normal.png]
[2018.09.15-09.02.16:288][352]LogFactory: FactoryCreateFile: Texture2D with ReimportTextureFactory (0 0 E:/Dropbox (Personal)/Docs/Projects/Beyond Human/SourceImages/Buildings/Stairs_M_Stairs_Normal.png)
[2018.09.15-09.02.16:441][352]LogTexture: Display: Building textures: Stairs_M_Stairs_Normal (BC5, 2048X2048)
[2018.09.15-09.02.16:742][352]LogEditorFactories: -- imported successfully
[2018.09.15-09.02.16:796][352]LogEditorFactories: Performing atomic reimport of [E:/Dropbox (Personal)/Docs/Projects/Beyond Human/SourceImages/Buildings/Stairs_M_Stairs_Roughness.png]
[2018.09.15-09.02.16:800][352]LogFactory: FactoryCreateFile: Texture2D with ReimportTextureFactory (0 0 E:/Dropbox (Personal)/Docs/Projects/Beyond Human/SourceImages/Buildings/Stairs_M_Stairs_Roughness.png)
[2018.09.15-09.02.16:849][352]LogTexture: Display: Building textures: Stairs_M_Stairs_Roughness (AutoDXT, 2048X2048)
[2018.09.15-09.02.17:561][352]LogEditorFactories: -- imported successfully
[2018.09.15-09.02.23:651][574]LogSlate: FSceneViewport::OnFocusLost() reason 0
[2018.09.15-09.02.24:669][577]LogSlate: Window 'Save Content' being destroyed
[2018.09.15-09.02.25:079][577]Cmd: OBJ SAVEPACKAGE PACKAGE="/Game/Maps/Meshing" FILE="E:/Unreal Projects/BeyondHuman/Content/Maps/Meshing.umap" SILENT=true AUTOSAVING=false KEEPDIRTY=false
[2018.09.15-09.02.26:335][577]LogSavePackage: Moving 'E:/Unreal Projects/BeyondHuman/Saved/Meshing2F081E344D223179FCC297BAC4741564.tmp' to 'E:/Unreal Projects/BeyondHuman/Content/Maps/Meshing.umap'
[2018.09.15-09.02.26:359][577]LogFileHelpers: Saving map 'Meshing' took 1.650
[2018.09.15-09.02.26:421][577]Cmd: OBJ SAVEPACKAGE PACKAGE="/Game/Meshes/Stairs" FILE="E:/Unreal Projects/BeyondHuman/Content/Meshes/Stairs.uasset" SILENT=true
[2018.09.15-09.02.26:445][577]LogSavePackage: Moving 'E:/Unreal Projects/BeyondHuman/Saved/Stairs9AB1B18548D038656D905CAB4ED73348.tmp' to 'E:/Unreal Projects/BeyondHuman/Content/Meshes/Stairs.uasset'
[2018.09.15-09.02.26:468][577]Cmd: OBJ SAVEPACKAGE PACKAGE="/Game/Textures/Buildings/Stairs_M_Stairs_BaseColor" FILE="E:/Unreal Projects/BeyondHuman/Content/Textures/Buildings/Stairs_M_Stairs_BaseColor.uasset" SILENT=true
[2018.09.15-09.02.27:176][577]LogSavePackage: Moving 'E:/Unreal Projects/BeyondHuman/Saved/Stairs_M_Stairs_BaseColor3C41555B42F420AA7601B19C488702B8.tmp' to 'E:/Unreal Projects/BeyondHuman/Content/Textures/Buildings/Stairs_M_Stairs_BaseColor.uasset'
[2018.09.15-09.02.27:193][577]Cmd: OBJ SAVEPACKAGE PACKAGE="/Game/Textures/Buildings/Stairs_M_Stairs_Metallic" FILE="E:/Unreal Projects/BeyondHuman/Content/Textures/Buildings/Stairs_M_Stairs_Metallic.uasset" SILENT=true
[2018.09.15-09.02.27:272][577]LogSavePackage: Moving 'E:/Unreal Projects/BeyondHuman/Saved/Stairs_M_Stairs_Metallic2B74CB6C492AAC7D07D36FA1BBBE4232.tmp' to 'E:/Unreal Projects/BeyondHuman/Content/Textures/Buildings/Stairs_M_Stairs_Metallic.uasset'
[2018.09.15-09.02.27:303][577]Cmd: OBJ SAVEPACKAGE PACKAGE="/Game/Textures/Buildings/Stairs_M_Stairs_Normal" FILE="E:/Unreal Projects/BeyondHuman/Content/Textures/Buildings/Stairs_M_Stairs_Normal.uasset" SILENT=true
[2018.09.15-09.02.28:149][577]LogSavePackage: Moving 'E:/Unreal Projects/BeyondHuman/Saved/Stairs_M_Stairs_NormalD272BAD64425B2D1E5CF4D9EF4A73018.tmp' to 'E:/Unreal Projects/BeyondHuman/Content/Textures/Buildings/Stairs_M_Stairs_Normal.uasset'
[2018.09.15-09.02.28:167][577]Cmd: OBJ SAVEPACKAGE PACKAGE="/Game/Textures/Buildings/Stairs_M_Stairs_Roughness" FILE="E:/Unreal Projects/BeyondHuman/Content/Textures/Buildings/Stairs_M_Stairs_Roughness.uasset" SILENT=true
[2018.09.15-09.02.28:328][577]LogSavePackage: Moving 'E:/Unreal Projects/BeyondHuman/Saved/Stairs_M_Stairs_Roughness1848E2E44B38AB6B48E64C8BAF414EC0.tmp' to 'E:/Unreal Projects/BeyondHuman/Content/Textures/Buildings/Stairs_M_Stairs_Roughness.uasset'
[2018.09.15-09.03.10:954][965]LogSlate: FSceneViewport::OnFocusLost() reason 0
[2018.09.15-09.03.31:183][322]LogSlate: FSceneViewport::OnFocusLost() reason 2
[2018.09.15-09.03.41:942][832]LogEditorViewport: Clicking on Actor (LMB): StaticMeshActor (WallFront)
[2018.09.15-09.03.45:854][871]LogSlate: FSceneViewport::OnFocusLost() reason 2
[2018.09.15-09.03.53:127][ 99]LogSlate: FSceneViewport::OnFocusLost() reason 2
[2018.09.15-09.03.57:796][505]LogSlate: FSceneViewport::OnFocusLost() reason 2
[2018.09.15-09.03.59:816][532]LogClient: High resolution screenshot saved as E:/Unreal Projects/BeyondHuman/Saved/Screenshots/Windows/HighresScreenshot00014.png
[2018.09.15-09.04.24:593][608]LogClient: High resolution screenshot saved as E:/Unreal Projects/BeyondHuman/Saved/Screenshots/Windows/HighresScreenshot00010.png
[2018.09.15-09.04.35:239][693]LogEditorViewport: Clicking on Actor (LMB): StaticMeshActor (Scaffold)
[2018.09.15-09.04.37:047][716]LogSlate: FSceneViewport::OnFocusLost() reason 0
[2018.09.15-09.04.39:339][753]LogEditorViewport: Clicking on Actor (LMB): StaticMeshActor (BuildingEntrance)
[2018.09.15-09.04.41:289][781]LogSlate: FSceneViewport::OnFocusLost() reason 0
[2018.09.15-09.04.55:402][ 11]LogSlate: FSceneViewport::OnFocusLost() reason 2
[2018.09.15-09.05.24:135][354]LogSlate: FSceneViewport::OnFocusLost() reason 2
[2018.09.15-09.05.29:990][737]LogSlate: FSceneViewport::OnFocusLost() reason 2
[2018.09.15-09.05.34:381][ 10]LogSlate: FSceneViewport::OnFocusLost() reason 2
[2018.09.15-09.05.38:267][145]LogSlate: FSceneViewport::OnFocusLost() reason 2
[2018.09.15-09.05.47:247][690]LogClient: High resolution screenshot saved as E:/Unreal Projects/BeyondHuman/Saved/Screenshots/Windows/HighresScreenshot00011.png
[2018.09.15-09.05.55:853][767]LogSlate: FSceneViewport::OnFocusLost() reason 0
[2018.09.15-09.06.17:022][278]LogSlate: FSceneViewport::OnFocusLost() reason 2
[2018.09.15-09.06.28:376][853]LogSlate: FSceneViewport::OnFocusLost() reason 2
[2018.09.15-09.06.44:910][225]LogClient: High resolution screenshot saved as E:/Unreal Projects/BeyondHuman/Saved/Screenshots/Windows/HighresScreenshot00012.png
[2018.09.15-09.06.47:649][244]LogEditorViewport: Clicking on Actor (context menu): StaticMeshActor (WallRight)
[2018.09.15-09.06.47:988][244]LogSlate: FSceneViewport::OnFocusLost() reason 2
[2018.09.15-09.06.53:459][331]LogEditorViewport: Clicking on Actor (LMB): StaticMeshActor (BuildingTall)
[2018.09.15-09.06.54:605][349]LogSlate: FSceneViewport::OnFocusLost() reason 0
[2018.09.15-09.06.56:773][376]LogEditorViewport: Clicking on Actor (context menu): StaticMeshActor (PipeHolderEndA)
[2018.09.15-09.06.57:080][376]LogSlate: FSceneViewport::OnFocusLost() reason 2
[2018.09.15-09.07.04:844][479]LogSlate: FSceneViewport::OnFocusLost() reason 2
[2018.09.15-09.07.18:520][ 66]LogClient: High resolution screenshot saved as E:/Unreal Projects/BeyondHuman/Saved/Screenshots/Windows/HighresScreenshot00013.png
[2018.09.15-09.07.26:518][163]LogSlate: Window 'High Resolution Screenshot' being destroyed
[2018.09.15-09.07.28:421][191]LogSlate: FSceneViewport::OnFocusLost() reason 0
[2018.09.15-09.07.30:343][238]LogSlate: Window 'Viewport 1' being destroyed
[2018.09.15-10.57.47:595][359]LogSlate: FSceneViewport::OnFocusLost() reason 0
[2018.09.15-10.57.47:761][365]LogSlate: Window 'BeyondHuman - Unreal Editor' being destroyed
[2018.09.15-10.57.47:764][365]LogWindowsTextInputMethodSystem: Display: IME system now deactivated.
[2018.09.15-10.57.47:947][365]LogSlate: Window 'High Resolution Screenshot' being destroyed
[2018.09.15-10.57.48:054][366]Cmd: QUIT_EDITOR
[2018.09.15-10.57.48:117][366]LogExit: Preparing to exit.
[2018.09.15-10.57.49:539][366]LogExit: Editor shut down
[2018.09.15-10.57.49:541][366]LogExit: Transaction tracking system shut down
[2018.09.15-10.57.51:034][366]LogExit: Object subsystem successfully closed.
[2018.09.15-10.57.51:107][366]LogShaderCompilers: Display: Shaders left to compile 0
[2018.09.15-10.57.51:118][366]LogD3D11RHI: Shutdown
[2018.09.15-10.57.51:118][366]LogD3D11RHI: CleanupD3DDevice
[2018.09.15-10.57.51:137][366]LogD3D11RHI: ~FD3D11DynamicRHI
[2018.09.15-10.57.51:208][366]LogModuleManager: Shutting down and abandoning module TextureEditor (622)
[2018.09.15-10.57.51:208][366]LogModuleManager: Shutting down and abandoning module MeshBuilder (620)
[2018.09.15-10.57.51:208][366]LogModuleManager: Shutting down and abandoning module HierarchicalLODOutliner (618)
[2018.09.15-10.57.51:208][366]LogModuleManager: Shutting down and abandoning module SceneOutliner (616)
[2018.09.15-10.57.51:208][366]LogModuleManager: Shutting down and abandoning module AddContentDialog (614)
[2018.09.15-10.57.51:224][366]LogModuleManager: Shutting down and abandoning module WidgetCarousel (613)
[2018.09.15-10.57.51:224][366]LogModuleManager: Shutting down and abandoning module EditorWidgets (610)
[2018.09.15-10.57.51:224][366]LogModuleManager: Shutting down and abandoning module CollectionManager (608)
[2018.09.15-10.57.51:225][366]LogModuleManager: Shutting down and abandoning module StatsViewer (606)
[2018.09.15-10.57.51:225][366]LogModuleManager: Shutting down and abandoning module FoliageEdit (604)
[2018.09.15-10.57.51:226][366]LogModuleManager: Shutting down and abandoning module LandscapeEditor (602)
[2018.09.15-10.57.51:227][366]LogModuleManager: Shutting down and abandoning module MeshPaintMode (600)
[2018.09.15-10.57.51:227][366]LogModuleManager: Shutting down and abandoning module SceneDepthPickerMode (598)
[2018.09.15-10.57.51:227][366]LogModuleManager: Shutting down and abandoning module ActorPickerMode (596)
[2018.09.15-10.57.51:227][366]LogModuleManager: Shutting down and abandoning module GeometryMode (594)
[2018.09.15-10.57.51:227][366]LogModuleManager: Shutting down and abandoning module TextureAlignMode (592)
[2018.09.15-10.57.51:228][366]LogModuleManager: Shutting down and abandoning module BspMode (590)
[2018.09.15-10.57.51:228][366]LogModuleManager: Shutting down and abandoning module PIEPreviewDeviceProfileSelector (588)
[2018.09.15-10.57.51:228][366]LogModuleManager: Shutting down and abandoning module SequenceRecorderSections (586)
[2018.09.15-10.57.51:228][366]LogModuleManager: Shutting down and abandoning module AutomationWorker (584)
[2018.09.15-10.57.51:228][366]LogModuleManager: Shutting down and abandoning module AudioCaptureEditor (582)
[2018.09.15-10.57.51:228][366]LogModuleManager: Shutting down and abandoning module SequenceRecorder (581)
[2018.09.15-10.57.51:229][366]LogModuleManager: Shutting down and abandoning module MatineeToLevelSequence (578)
[2018.09.15-10.57.51:229][366]LogModuleManager: Shutting down and abandoning module LevelSequenceEditor (576)
[2018.09.15-10.57.51:231][366]LogModuleManager: Shutting down and abandoning module PlacementMode (575)
[2018.09.15-10.57.51:232][366]LogModuleManager: Shutting down and abandoning module MaterialEditor (574)
[2018.09.15-10.57.51:232][366]LogModuleManager: Shutting down and abandoning module WmfMediaFactory (570)
[2018.09.15-10.57.51:232][366]LogModuleManager: Shutting down and abandoning module WmfMediaEditor (568)
[2018.09.15-10.57.51:232][366]LogModuleManager: Shutting down and abandoning module MediaPlayerEditor (566)
[2018.09.15-10.57.51:234][366]LogModuleManager: Shutting down and abandoning module OpenExrWrapper (564)
[2018.09.15-10.57.51:234][366]LogModuleManager: Shutting down and abandoning module ImgMediaFactory (562)
[2018.09.15-10.57.51:234][366]LogModuleManager: Shutting down and abandoning module ImgMediaEditor (560)
[2018.09.15-10.57.51:234][366]LogModuleManager: Shutting down and abandoning module AvfMediaFactory (558)
[2018.09.15-10.57.51:234][366]LogModuleManager: Shutting down and abandoning module AvfMediaEditor (556)
[2018.09.15-10.57.51:234][366]LogModuleManager: Shutting down and abandoning module AndroidMediaFactory (554)
[2018.09.15-10.57.51:234][366]LogModuleManager: Shutting down and abandoning module AndroidMediaEditor (552)
[2018.09.15-10.57.51:234][366]LogModuleManager: Shutting down and abandoning module MagicLeapCameraPreviewFactory (550)
[2018.09.15-10.57.51:234][366]LogModuleManager: Shutting down and abandoning module MagicLeapMediaFactory (548)
[2018.09.15-10.57.51:234][366]LogModuleManager: Shutting down and abandoning module MagicLeapMediaEditor (546)
[2018.09.15-10.57.51:234][366]LogModuleManager: Shutting down and abandoning module CharacterAI (544)
[2018.09.15-10.57.51:234][366]LogModuleManager: Shutting down and abandoning module SmartSnapping (542)
[2018.09.15-10.57.51:234][366]LogModuleManager: Shutting down and abandoning module SessionServices (540)
[2018.09.15-10.57.51:234][366]LogModuleManager: Shutting down and abandoning module ViewportSnapping (538)
[2018.09.15-10.57.51:234][366]LogModuleManager: Shutting down and abandoning module ViewportInteraction (536)
[2018.09.15-10.57.51:234][366]LogModuleManager: Shutting down and abandoning module ClothPainter (534)
[2018.09.15-10.57.51:235][366]LogModuleManager: Shutting down and abandoning module SkeletalMeshEditor (533)
[2018.09.15-10.57.51:237][366]LogModuleManager: Shutting down and abandoning module LogVisualizer (530)
[2018.09.15-10.57.51:239][366]LogModuleManager: Shutting down and abandoning module IntroTutorials (528)
[2018.09.15-10.57.51:240][366]LogModuleManager: Shutting down and abandoning module GameProjectGeneration (527)
[2018.09.15-10.57.51:241][366]LogModuleManager: Shutting down and abandoning module LuminPlatformEditor (524)
[2018.09.15-10.57.51:241][366]LogModuleManager: Shutting down and abandoning module IOSPlatformEditor (522)
[2018.09.15-10.57.51:241][366]LogModuleManager: Shutting down and abandoning module HTML5PlatformEditor (520)
[2018.09.15-10.57.51:241][366]LogModuleManager: Shutting down and abandoning module AndroidPlatformEditor (518)
[2018.09.15-10.57.51:241][366]LogModuleManager: Shutting down and abandoning module AndroidDeviceDetection (517)
[2018.09.15-10.57.51:337][366]LogModuleManager: Shutting down and abandoning module WindowsPlatformEditor (514)
[2018.09.15-10.57.51:337][366]LogModuleManager: Shutting down and abandoning module LuminRuntimeSettings (512)
[2018.09.15-10.57.51:337][366]LogModuleManager: Shutting down and abandoning module IOSRuntimeSettings (510)
[2018.09.15-10.57.51:337][366]LogModuleManager: Shutting down and abandoning module AndroidRuntimeSettings (508)
[2018.09.15-10.57.51:337][366]LogModuleManager: Shutting down and abandoning module InputBindingEditor (506)
[2018.09.15-10.57.51:338][366]LogModuleManager: Shutting down and abandoning module MergeActors (504)
[2018.09.15-10.57.51:338][366]LogModuleManager: Shutting down and abandoning module LocalizationDashboard (502)
[2018.09.15-10.57.51:339][366]LogModuleManager: Shutting down and abandoning module LocalizationService (501)
[2018.09.15-10.57.51:340][366]LogModuleManager: Shutting down and abandoning module HardwareTargeting (498)
[2018.09.15-10.57.51:340][366]LogModuleManager: Shutting down and abandoning module DeviceProfileEditor (496)
[2018.09.15-10.57.51:340][366]LogModuleManager: Shutting down and abandoning module UndoHistory (494)
[2018.09.15-10.57.51:340][366]LogModuleManager: Shutting down and abandoning module XmlParser (492)
[2018.09.15-10.57.51:340][366]LogModuleManager: Shutting down and abandoning module Blutility (490)
[2018.09.15-10.57.51:341][366]LogModuleManager: Shutting down and abandoning module ProjectSettingsViewer (488)
[2018.09.15-10.57.51:341][366]LogModuleManager: Shutting down and abandoning module ProjectTargetPlatformEditor (487)
[2018.09.15-10.57.51:341][366]LogModuleManager: Shutting down and abandoning module EditorSettingsViewer (484)
[2018.09.15-10.57.51:341][366]LogModuleManager: Shutting down and abandoning module SettingsEditor (482)
[2018.09.15-10.57.51:342][366]LogModuleManager: Shutting down and abandoning module ProjectLauncher (480)
[2018.09.15-10.57.51:343][366]LogModuleManager: Shutting down and abandoning module SessionFrontend (478)
[2018.09.15-10.57.51:343][366]LogModuleManager: Shutting down and abandoning module ProfilerClient (476)
[2018.09.15-10.57.51:343][366]LogModuleManager: Shutting down and abandoning module DeviceManager (474)
[2018.09.15-10.57.51:344][366]LogModuleManager: Shutting down and abandoning module TargetDeviceServices (473)
[2018.09.15-10.57.51:400][366]LogModuleManager: Shutting down and abandoning module AutomationController (470)
[2018.09.15-10.57.51:401][366]LogModuleManager: Shutting down and abandoning module AutomationWindow (468)
[2018.09.15-10.57.51:402][366]LogModuleManager: Shutting down and abandoning module Layers (466)
[2018.09.15-10.57.51:404][366]LogModuleManager: Shutting down and abandoning module ComponentVisualizers (464)
[2018.09.15-10.57.51:404][366]LogModuleManager: Shutting down and abandoning module DetailCustomizations (462)
[2018.09.15-10.57.51:404][366]LogModuleManager: Shutting down and abandoning module PackagesDialog (460)
[2018.09.15-10.57.51:405][366]LogModuleManager: Shutting down and abandoning module Persona (458)
[2018.09.15-10.57.51:406][366]LogModuleManager: Shutting down and abandoning module AdvancedPreviewScene (457)
[2018.09.15-10.57.51:406][366]LogModuleManager: Shutting down and abandoning module AnimGraph (455)
[2018.09.15-10.57.51:406][366]LogModuleManager: Shutting down and abandoning module Kismet (452)
[2018.09.15-10.57.51:408][366]LogModuleManager: Shutting down and abandoning module GraphEditor (450)
[2018.09.15-10.57.51:410][366]LogModuleManager: Shutting down and abandoning module ClassViewer (448)
[2018.09.15-10.57.51:410][366]LogModuleManager: Shutting down and abandoning module Toolbox (446)
[2018.09.15-10.57.51:410][366]LogModuleManager: Shutting down and abandoning module ModuleUI (444)
[2018.09.15-10.57.51:410][366]LogModuleManager: Shutting down and abandoning module MovieSceneTools (442)
[2018.09.15-10.57.51:412][366]LogModuleManager: Shutting down and abandoning module OutputLog (440)
[2018.09.15-10.57.51:412][366]LogModuleManager: Shutting down and abandoning module GammaUI (438)
[2018.09.15-10.57.51:412][366]LogModuleManager: Shutting down and abandoning module Documentation (436)
[2018.09.15-10.57.51:412][366]LogModuleManager: Shutting down and abandoning module MovieSceneTracks (434)
[2018.09.15-10.57.51:412][366]LogModuleManager: Shutting down and abandoning module MovieScene (432)
[2018.09.15-10.57.51:413][366]LogModuleManager: Shutting down and abandoning module StreamingPauseRendering (430)
[2018.09.15-10.57.51:413][366]LogModuleManager: Shutting down and abandoning module LauncherPlatform (428)
[2018.09.15-10.57.51:413][366]LogModuleManager: Shutting down and abandoning module AnalyticsET (426)
[2018.09.15-10.57.51:413][366]LogModuleManager: Shutting down and abandoning module PortalServices (424)
[2018.09.15-10.57.51:413][366]LogModuleManager: Shutting down and abandoning module PortalRpc (422)
[2018.09.15-10.57.51:413][366]LogModuleManager: Shutting down and abandoning module MessagingRpc (420)
[2018.09.15-10.57.51:413][366]LogModuleManager: Shutting down and abandoning module AIModule (418)
[2018.09.15-10.57.51:414][366]LogModuleManager: Shutting down and abandoning module GameplayDebugger (417)
[2018.09.15-10.57.51:415][366]LogModuleManager: Shutting down and abandoning module AITestSuite (415)
[2018.09.15-10.57.51:415][366]LogModuleManager: Shutting down and abandoning module NavigationSystem (413)
[2018.09.15-10.57.51:415][366]LogModuleManager: Shutting down and abandoning module DesktopPlatform (410)
[2018.09.15-10.57.51:415][366]LogModuleManager: Shutting down and abandoning module ProfilerService (408)
[2018.09.15-10.57.51:504][366]LogModuleManager: Shutting down and abandoning module TaskGraph (406)
[2018.09.15-10.57.51:505][366]LogModuleManager: Shutting down and abandoning module SubstanceLiveLink (404)
[2018.09.15-10.57.51:506][366]LogModuleManager: Shutting down and abandoning module SubstanceSource (402)
[2018.09.15-10.57.51:508][366]LogModuleManager: Shutting down and abandoning module SubstanceEditor (400)
[2018.09.15-10.57.51:509][366]LogModuleManager: Shutting down and abandoning module SteamVRController (398)
[2018.09.15-10.57.51:509][366]LogModuleManager: Shutting down and abandoning module ProceduralMeshComponentEditor (396)
[2018.09.15-10.57.51:510][366]LogModuleManager: Shutting down and abandoning module ProceduralMeshComponent (394)
[2018.09.15-10.57.51:510][366]LogModuleManager: Shutting down and abandoning module OculusInput (392)
[2018.09.15-10.57.51:510][366]LogModuleManager: Shutting down and abandoning module MobilePatchingUtils (390)
[2018.09.15-10.57.51:510][366]LogModuleManager: Shutting down and abandoning module EditableMesh (388)
[2018.09.15-10.57.51:511][366]LogModuleManager: Shutting down and abandoning module CustomMeshComponent (386)
[2018.09.15-10.57.51:511][366]LogModuleManager: Shutting down and abandoning module CableComponent (384)
[2018.09.15-10.57.51:511][366]LogModuleManager: Shutting down and abandoning module AudioCapture (382)
[2018.09.15-10.57.51:511][366]LogModuleManager: Shutting down and abandoning module ArchVisCharacter (380)
[2018.09.15-10.57.51:511][366]LogModuleManager: Shutting down and abandoning module AndroidPermission (378)
[2018.09.15-10.57.51:511][366]LogModuleManager: Shutting down and abandoning module NUTUnrealEngine4 (376)
[2018.09.15-10.57.51:511][366]LogModuleManager: Shutting down and abandoning module NetcodeUnitTest (374)
[2018.09.15-10.57.51:513][366]LogModuleManager: Shutting down and abandoning module MediaCompositingEditor (372)
[2018.09.15-10.57.51:513][366]LogModuleManager: Shutting down and abandoning module MediaCompositing (370)
[2018.09.15-10.57.51:513][366]LogModuleManager: Shutting down and abandoning module LinearTimecode (368)
[2018.09.15-10.57.51:513][366]LogModuleManager: Shutting down and abandoning module ImgMedia (366)
[2018.09.15-10.57.51:517][366]LogModuleManager: Shutting down and abandoning module HTML5Networking (364)
[2018.09.15-10.57.51:517][366]LogModuleManager: Shutting down and abandoning module GeometryCacheTracks (362)
[2018.09.15-10.57.51:518][366]LogModuleManager: Shutting down and abandoning module GeometryCacheSequencer (360)
[2018.09.15-10.57.51:518][366]LogModuleManager: Shutting down and abandoning module BackChannel (358)
[2018.09.15-10.57.51:518][366]LogModuleManager: Shutting down and abandoning module AppleVision (356)
[2018.09.15-10.57.51:519][366]LogModuleManager: Shutting down and abandoning module AppleImageUtils (354)
[2018.09.15-10.57.51:519][366]LogModuleManager: Shutting down and abandoning module AlembicImporter (352)
[2018.09.15-10.57.51:519][366]LogModuleManager: Shutting down and abandoning module AlembicLibrary (351)
[2018.09.15-10.57.51:519][366]LogModuleManager: Shutting down and abandoning module GeometryCache (350)
[2018.09.15-10.57.51:519][366]LogModuleManager: Shutting down and abandoning module GeometryCacheEd (349)
[2018.09.15-10.57.51:519][366]LogModuleManager: Shutting down and abandoning module DatasmithContentEditor (344)
[2018.09.15-10.57.51:519][366]LogModuleManager: Shutting down and abandoning module DatasmithContent (342)
[2018.09.15-10.57.51:519][366]LogModuleManager: Shutting down and abandoning module SpeedTreeImporter (340)
[2018.09.15-10.57.51:520][366]LogModuleManager: Shutting down and abandoning module PluginBrowser (338)
[2018.09.15-10.57.51:522][366]LogModuleManager: Shutting down and abandoning module MobileLauncherProfileWizard (336)
[2018.09.15-10.57.51:522][366]LogModuleManager: Shutting down and abandoning module PolygonModeling (334)
[2018.09.15-10.57.51:522][366]LogModuleManager: Shutting down and abandoning module MeshEditor (332)
[2018.09.15-10.57.51:523][366]LogModuleManager: Shutting down and abandoning module CryptoKeysOpenSSL (330)
[2018.09.15-10.57.51:523][366]LogModuleManager: Shutting down and abandoning module CryptoKeys (328)
[2018.09.15-10.57.51:523][366]LogModuleManager: Shutting down and abandoning module VisualStudioSourceCodeAccess (326)
[2018.09.15-10.57.51:523][366]LogModuleManager: Shutting down and abandoning module VisualStudioCodeSourceCodeAccess (324)
[2018.09.15-10.57.51:523][366]LogModuleManager: Shutting down and abandoning module UObjectPlugin (322)
[2018.09.15-10.57.51:523][366]LogModuleManager: Shutting down and abandoning module SubversionSourceControl (320)
[2018.09.15-10.57.51:524][366]LogModuleManager: Shutting down and abandoning module PerforceSourceControl (318)
[2018.09.15-10.57.51:526][366]LogModuleManager: Shutting down and abandoning module GitSourceControl (316)
[2018.09.15-10.57.51:527][366]LogModuleManager: Shutting down and abandoning module SourceControl (315)
[2018.09.15-10.57.51:528][366]LogModuleManager: Shutting down and abandoning module CLionSourceCodeAccess (312)
[2018.09.15-10.57.51:528][366]LogModuleManager: Shutting down and abandoning module LightPropagationVolumeEditor (310)
[2018.09.15-10.57.51:528][366]LogModuleManager: Shutting down and abandoning module PaperTiledImporter (308)
[2018.09.15-10.57.51:528][366]LogModuleManager: Shutting down and abandoning module PaperSpriteSheetImporter (306)
[2018.09.15-10.57.51:528][366]LogModuleManager: Shutting down and abandoning module Paper2DEditor (304)
[2018.09.15-10.57.51:529][366]LogModuleManager: Shutting down and abandoning module MeshPaint (303)
[2018.09.15-10.57.51:529][366]LogModuleManager: Shutting down and abandoning module RuntimePhysXCooking (300)
[2018.09.15-10.57.51:529][366]LogModuleManager: Shutting down and abandoning module PhysXVehiclesEditor (298)
[2018.09.15-10.57.51:529][366]LogModuleManager: Shutting down and abandoning module PhysXVehicles (296)
[2018.09.15-10.57.51:529][366]LogModuleManager: Shutting down and abandoning module OculusEditor (294)
[2018.09.15-10.57.51:530][366]LogModuleManager: Shutting down and abandoning module LocationServicesBPLibrary (292)
[2018.09.15-10.57.51:530][366]LogModuleManager: Shutting down and abandoning module ImmediatePhysicsEditor (290)
[2018.09.15-10.57.51:530][366]LogModuleManager: Shutting down and abandoning module ImmediatePhysics (288)
[2018.09.15-10.57.51:530][366]LogModuleManager: Shutting down and abandoning module ActorSequence (286)
[2018.09.15-10.57.51:530][366]LogModuleManager: Shutting down and abandoning module UdpMessaging (284)
[2018.09.15-10.57.51:630][366]LogModuleManager: Shutting down and abandoning module TcpMessaging (282)
[2018.09.15-10.57.51:731][366]LogModuleManager: Shutting down and abandoning module SubstanceCore (280)
[2018.09.15-10.57.51:733][366]LogModuleManager: Shutting down and abandoning module MagicLeapAudio (278)
[2018.09.15-10.57.51:733][366]LogModuleManager: Shutting down and abandoning module GameplayTagsEditor (276)
[2018.09.15-10.57.51:733][366]LogModuleManager: Shutting down and abandoning module FacialAnimationEditor (274)
[2018.09.15-10.57.51:733][366]LogModuleManager: Shutting down and abandoning module FacialAnimation (272)
[2018.09.15-10.57.51:733][366]LogModuleManager: Shutting down and abandoning module DataValidation (270)
[2018.09.15-10.57.51:733][366]LogModuleManager: Shutting down and abandoning module AssetManagerEditor (268)
[2018.09.15-10.57.51:734][366]LogModuleManager: Shutting down and abandoning module LevelEditor (267)
[2018.09.15-10.57.51:736][366]LogModuleManager: Shutting down and abandoning module PixelInspectorModule (266)
[2018.09.15-10.57.51:737][366]LogModuleManager: Shutting down and abandoning module CommonMenuExtensions (264)
[2018.09.15-10.57.51:737][366]LogModuleManager: Shutting down and abandoning module MainFrame (262)
[2018.09.15-10.57.51:738][366]LogModuleManager: Shutting down and abandoning module HotReload (261)
[2018.09.15-10.57.51:739][366]LogModuleManager: Shutting down and abandoning module ContentBrowser (257)
[2018.09.15-10.57.51:742][366]LogModuleManager: Shutting down and abandoning module TreeMap (255)
[2018.09.15-10.57.51:743][366]LogModuleManager: Shutting down and abandoning module LightPropagationVolumeRuntime (252)
[2018.09.15-10.57.51:743][366]LogModuleManager: Shutting down and abandoning module AISupportModule (250)
[2018.09.15-10.57.51:743][366]LogModuleManager: Shutting down and abandoning module Paper2D (248)
[2018.09.15-10.57.51:743][366]LogModuleManager: Shutting down and abandoning module WindowsMoviePlayer (246)
[2018.09.15-10.57.51:744][366]LogModuleManager: Shutting down and abandoning module WmfMedia (244)
[2018.09.15-10.57.51:746][366]LogModuleManager: Shutting down and abandoning module Media (243)
[2018.09.15-10.57.51:752][366]LogModuleManager: Shutting down and abandoning module PacketHandler (240)
[2018.09.15-10.57.51:753][366]LogModuleManager: Shutting down and abandoning module ClothingSystemEditor (238)
[2018.09.15-10.57.51:753][366]LogModuleManager: Shutting down and abandoning module ClothingSystemRuntime (236)
[2018.09.15-10.57.51:754][366]LogModuleManager: Shutting down and abandoning module MediaAssets (234)
[2018.09.15-10.57.51:754][366]LogModuleManager: Shutting down and abandoning module Overlay (232)
[2018.09.15-10.57.51:754][366]LogModuleManager: Shutting down and abandoning module OverlayEditor (231)
[2018.09.15-10.57.51:754][366]LogModuleManager: Shutting down and abandoning module VREditor (228)
[2018.09.15-10.57.51:754][366]LogModuleManager: Shutting down and abandoning module StringTableEditor (226)
[2018.09.15-10.57.51:755][366]LogModuleManager: Shutting down and abandoning module GameplayTasksEditor (224)
[2018.09.15-10.57.51:755][366]LogModuleManager: Shutting down and abandoning module BehaviorTreeEditor (222)
[2018.09.15-10.57.51:757][366]LogModuleManager: Shutting down and abandoning module FunctionalTesting (220)
[2018.09.15-10.57.51:757][366]LogModuleManager: Shutting down and abandoning module CollisionAnalyzer (218)
[2018.09.15-10.57.51:758][366]LogModuleManager: Shutting down and abandoning module WorkspaceMenuStructure (217)
[2018.09.15-10.57.51:758][366]LogModuleManager: Shutting down and abandoning module UMG (214)
[2018.09.15-10.57.51:759][366]LogModuleManager: Shutting down and abandoning module UMGEditor (213)
[2018.09.15-10.57.51:760][366]LogModuleManager: Shutting down and abandoning module Sequencer (212)
[2018.09.15-10.57.51:762][366]LogModuleManager: Shutting down and abandoning module MessageLog (209)
[2018.09.15-10.57.51:762][366]LogModuleManager: Shutting down and abandoning module SlateReflector (204)
[2018.09.15-10.57.51:764][366]LogModuleManager: Shutting down and abandoning module Slate (202)
[2018.09.15-10.57.51:764][366]LogModuleManager: Shutting down and abandoning module EditorStyle (200)
[2018.09.15-10.57.51:767][366]LogModuleManager: Shutting down and abandoning module MRMesh (198)
[2018.09.15-10.57.51:768][366]LogModuleManager: Shutting down and abandoning module SourceCodeAccess (196)
[2018.09.15-10.57.51:768][366]LogModuleManager: Shutting down and abandoning module HeadMountedDisplay (194)
[2018.09.15-10.57.51:768][366]LogModuleManager: Shutting down and abandoning module XAudio2 (192)
[2018.09.15-10.57.51:768][366]LogModuleManager: Shutting down and abandoning module Networking (190)
[2018.09.15-10.57.51:768][366]LogModuleManager: Shutting down and abandoning module Core (188)
[2018.09.15-10.57.51:768][366]LogModuleManager: Shutting down and abandoning module LevelSequence (186)
[2018.09.15-10.57.51:768][366]LogModuleManager: Shutting down and abandoning module KismetCompiler (184)
[2018.09.15-10.57.51:768][366]LogModuleManager: Shutting down and abandoning module MeshUtilities (182)
[2018.09.15-10.57.51:769][366]LogModuleManager: Shutting down and abandoning module MeshMergeUtilities (181)
[2018.09.15-10.57.51:770][366]LogModuleManager: Shutting down and abandoning module MeshReductionInterface (180)
[2018.09.15-10.57.51:770][366]LogModuleManager: Shutting down and abandoning module SimplygonSwarm (179)
[2018.09.15-10.57.51:770][366]LogModuleManager: Shutting down and abandoning module ProxyLODMeshReduction (177)
[2018.09.15-10.57.51:771][366]LogModuleManager: Shutting down and abandoning module SimplygonMeshReduction (175)
[2018.09.15-10.57.51:771][366]LogModuleManager: Shutting down and abandoning module QuadricMeshReduction (173)
[2018.09.15-10.57.51:771][366]LogModuleManager: Shutting down and abandoning module MaterialBaking (169)
[2018.09.15-10.57.51:772][366]LogModuleManager: Shutting down and abandoning module DirectoryWatcher (165)
[2018.09.15-10.57.51:777][366]LogModuleManager: Shutting down and abandoning module DerivedDataCache (162)
[2018.09.15-10.57.51:810][366]LogDerivedDataCache: Shutdown
[2018.09.15-10.57.51:810][366]LogModuleManager: Shutting down and abandoning module XGEController (160)
[2018.09.15-10.57.51:811][366]LogXGEController: Cleaning working directory: C:/Users/mikey/AppData/Local/Temp/UnrealXGEWorkingDir/
[2018.09.15-10.57.51:811][366]LogModuleManager: Shutting down and abandoning module TargetPlatform (158)
[2018.09.15-10.57.51:813][366]LogModuleManager: Shutting down and abandoning module VulkanShaderFormat (157)
[2018.09.15-10.57.51:814][366]LogModuleManager: Shutting down and abandoning module ShaderFormatVectorVM (155)
[2018.09.15-10.57.51:814][366]LogModuleManager: Shutting down and abandoning module ShaderFormatOpenGL (153)
[2018.09.15-10.57.51:814][366]LogModuleManager: Shutting down and abandoning module ShaderFormatD3D (151)
[2018.09.15-10.57.51:814][366]LogModuleManager: Shutting down and abandoning module MetalShaderFormat (149)
[2018.09.15-10.57.51:815][366]LogModuleManager: Shutting down and abandoning module TextureFormatUncompressed (147)
[2018.09.15-10.57.51:815][366]LogModuleManager: Shutting down and abandoning module TextureFormatPVR (145)
[2018.09.15-10.57.51:815][366]LogModuleManager: Shutting down and abandoning module TextureFormatDXT (143)
[2018.09.15-10.57.51:815][366]LogModuleManager: Shutting down and abandoning module TextureFormatIntelISPCTexComp (141)
[2018.09.15-10.57.51:816][366]LogModuleManager: Shutting down and abandoning module TextureFormatASTC (139)
[2018.09.15-10.57.51:816][366]LogModuleManager: Shutting down and abandoning module ImageWrapper (138)
[2018.09.15-10.57.51:816][366]LogModuleManager: Shutting down and abandoning module TextureFormatAndroid (135)
[2018.09.15-10.57.51:816][366]LogModuleManager: Shutting down and abandoning module AudioFormatOpus (133)
[2018.09.15-10.57.51:816][366]LogModuleManager: Shutting down and abandoning module AudioFormatOgg (131)
[2018.09.15-10.57.51:816][366]LogModuleManager: Shutting down and abandoning module AudioFormatADPCM (129)
[2018.09.15-10.57.51:816][366]LogModuleManager: Shutting down and abandoning module LuminTargetPlatform (127)
[2018.09.15-10.57.51:816][366]LogModuleManager: Shutting down and abandoning module LinuxTargetPlatform (125)
[2018.09.15-10.57.51:817][366]LogModuleManager: Shutting down and abandoning module LinuxServerTargetPlatform (123)
[2018.09.15-10.57.51:817][366]LogModuleManager: Shutting down and abandoning module LinuxNoEditorTargetPlatform (121)
[2018.09.15-10.57.51:817][366]LogModuleManager: Shutting down and abandoning module LinuxClientTargetPlatform (119)
[2018.09.15-10.57.51:818][366]LogModuleManager: Shutting down and abandoning module TVOSTargetPlatform (117)
[2018.09.15-10.57.51:838][366]LogModuleManager: Shutting down and abandoning module Messaging (115)
[2018.09.15-10.57.51:838][366]LogModuleManager: Shutting down and abandoning module IOSTargetPlatform (113)
[2018.09.15-10.57.51:847][366]LogModuleManager: Shutting down and abandoning module HTML5TargetPlatform (111)
[2018.09.15-10.57.51:847][366]LogModuleManager: Shutting down and abandoning module AndroidTargetPlatform (109)
[2018.09.15-10.57.51:919][366]LogModuleManager: Shutting down and abandoning module WindowsTargetPlatform (107)
[2018.09.15-10.57.51:919][366]LogModuleManager: Shutting down and abandoning module WindowsServerTargetPlatform (105)
[2018.09.15-10.57.51:919][366]LogModuleManager: Shutting down and abandoning module WindowsNoEditorTargetPlatform (103)
[2018.09.15-10.57.51:919][366]LogModuleManager: Shutting down and abandoning module WindowsClientTargetPlatform (101)
[2018.09.15-10.57.51:919][366]LogModuleManager: Shutting down and abandoning module MacTargetPlatform (99)
[2018.09.15-10.57.51:920][366]LogModuleManager: Shutting down and abandoning module MacServerTargetPlatform (97)
[2018.09.15-10.57.51:920][366]LogModuleManager: Shutting down and abandoning module MacNoEditorTargetPlatform (95)
[2018.09.15-10.57.51:920][366]LogModuleManager: Shutting down and abandoning module MacClientTargetPlatform (93)
[2018.09.15-10.57.51:920][366]LogModuleManager: Shutting down and abandoning module AllDesktopTargetPlatform (91)
[2018.09.15-10.57.51:920][366]LogModuleManager: Shutting down and abandoning module InputCore (88)
[2018.09.15-10.57.51:920][366]LogModuleManager: Shutting down and abandoning module Settings (86)
[2018.09.15-10.57.51:920][366]LogModuleManager: Shutting down and abandoning module PhysXCooking (84)
[2018.09.15-10.57.51:920][366]LogModuleManager: Shutting down and abandoning module SteamVR (82)
[2018.09.15-10.57.51:920][366]LogModuleManager: Shutting down and abandoning module OculusHMD (80)
[2018.09.15-10.57.51:920][366]LogModuleManager: Shutting down and abandoning module ExampleDeviceProfileSelector (78)
[2018.09.15-10.57.51:921][366]LogModuleManager: Shutting down and abandoning module LauncherChunkInstaller (76)
[2018.09.15-10.57.51:921][366]LogModuleManager: Shutting down and abandoning module OnlineBlueprintSupport (74)
[2018.09.15-10.57.51:921][366]LogModuleManager: Shutting down and abandoning module OnlineSubsystem (70)
[2018.09.15-10.57.51:924][366]LogModuleManager: Shutting down and abandoning module XMPP (65)
[2018.09.15-10.57.51:926][366]LogModuleManager: Shutting down and abandoning module WebSockets (64)
[2018.09.15-10.57.51:949][366]LogModuleManager: Shutting down and abandoning module HTTP (61)
[2018.09.15-10.57.51:950][366]LogHttp: Display: Http module shutting down, but needs to wait on 1 outstanding Http requests:
[2018.09.15-10.57.51:950][366]LogHttp: Display: 	verb=[POST] url=[https://datarouter.ol.epicgames.com/datarouter/api/v1/public/data?SessionID=%7B5095CD21-4071-D0E4-42B7-509B648DA1A6%7D&AppID=UEEditor.Rocket.Release&AppVersion=4.20.0-4212847%2B%2B%2BUE4%2BRelease-4.20&UserID=ec07022c4af9fd51145d0db19289c0e8%7C9aea4035aae84fc6a50e2bbd0bcac9c5%7Ccbe8bf3f-5855-4af8-b073-42d59ac0a56b&AppEnvironment=datacollector-binary&UploadType=eteventstream] status=Processing
[2018.09.15-10.57.51:974][366]LogModuleManager: Shutting down and abandoning module SSL (60)
[2018.09.15-10.57.51:977][366]LogModuleManager: Shutting down and abandoning module MagicLeapEmulator (56)
[2018.09.15-10.57.51:977][366]LogModuleManager: Shutting down and abandoning module MagicLeapPrivileges (54)
[2018.09.15-10.57.51:977][366]LogModuleManager: Shutting down and abandoning module MagicLeapIdentity (52)
[2018.09.15-10.57.51:977][366]LogModuleManager: Shutting down and abandoning module MagicLeapHelperVulkan (50)
[2018.09.15-10.57.51:977][366]LogModuleManager: Shutting down and abandoning module MagicLeapHelperOpenGL (48)
[2018.09.15-10.57.51:977][366]LogModuleManager: Shutting down and abandoning module MagicLeapSecureStorage (46)
[2018.09.15-10.57.51:977][366]LogModuleManager: Shutting down and abandoning module MagicLeapGestures (44)
[2018.09.15-10.57.51:977][366]LogModuleManager: Shutting down and abandoning module MagicLeapEyeTracker (42)
[2018.09.15-10.57.51:978][366]LogModuleManager: Shutting down and abandoning module MagicLeapController (40)
[2018.09.15-10.57.51:980][366]LogSlate: Slate User Destroyed.  User Index 0, Is Virtual User: 0
[2018.09.15-10.57.51:980][366]LogModuleManager: Shutting down and abandoning module MagicLeap (38)
[2018.09.15-10.57.51:980][366]LogModuleManager: Shutting down and abandoning module AnimationModifiers (36)
[2018.09.15-10.57.51:982][366]LogModuleManager: Shutting down and abandoning module PropertyEditor (35)
[2018.09.15-10.57.51:983][366]LogModuleManager: Shutting down and abandoning module AudioEditor (32)
[2018.09.15-10.57.51:984][366]LogModuleManager: Shutting down and abandoning module TextureCompressor (30)
[2018.09.15-10.57.51:984][366]LogModuleManager: Shutting down and abandoning module ShaderCore (28)
[2018.09.15-10.57.51:984][366]LogModuleManager: Shutting down and abandoning module Landscape (26)
[2018.09.15-10.57.51:984][366]LogModuleManager: Shutting down and abandoning module SlateRHIRenderer (24)
[2018.09.15-10.57.51:987][366]LogModuleManager: Shutting down and abandoning module OpenGLDrv (22)
[2018.09.15-10.57.51:987][366]LogModuleManager: Shutting down and abandoning module D3D11RHI (20)
[2018.09.15-10.57.51:987][366]LogModuleManager: Shutting down and abandoning module AnimGraphRuntime (18)
[2018.09.15-10.57.51:988][366]LogModuleManager: Shutting down and abandoning module Renderer (16)
[2018.09.15-10.57.51:988][366]LogModuleManager: Shutting down and abandoning module Engine (14)
[2018.09.15-10.57.51:988][366]LogModuleManager: Shutting down and abandoning module CoreUObject (12)
[2018.09.15-10.57.51:988][366]LogModuleManager: Shutting down and abandoning module NetworkFile (10)
[2018.09.15-10.57.51:988][366]LogModuleManager: Shutting down and abandoning module CookedIterativeFile (8)
[2018.09.15-10.57.51:988][366]LogModuleManager: Shutting down and abandoning module StreamingFile (6)
[2018.09.15-10.57.51:988][366]LogModuleManager: Shutting down and abandoning module SandboxFile (4)
[2018.09.15-10.57.51:988][366]LogModuleManager: Shutting down and abandoning module PakFile (2)
[2018.09.15-10.57.51:996][366]LogExit: Exiting.
[2018.09.15-10.57.52:029][366]Log file closed, 09/15/18 11:57:52
