Log file open, 08/27/18 21:19:20
LogWindows: Failed to load 'aqProf.dll' (GetLastError=126)
LogWindows: File 'aqProf.dll' does not exist
LogWindows: Failed to load 'VSPerf140.dll' (GetLastError=126)
LogWindows: File 'VSPerf140.dll' does not exist
LogWindows: Failed to load 'VtuneApi.dll' (GetLastError=126)
LogWindows: File 'VtuneApi.dll' does not exist
LogWindows: Failed to load 'VtuneApi32e.dll' (GetLastError=126)
LogWindows: File 'VtuneApi32e.dll' does not exist
LogInit: Display: Running engine for game: BeyondHuman
LogPlatformFile: Not using cached read wrapper
LogTaskGraph: Started task graph with 5 named threads and 23 total threads with 3 sets of task threads.
LogStats: Stats thread started at 5.713469
LogD3D11RHI: Loaded GFSDK_Aftermath_Lib.x64.dll
LogICUInternationalization: Display: ICU TimeZone Detection - Raw Offset: +0:00, Platform Override: ''
LogPluginManager: Mounting plugin Paper2D
LogPluginManager: Mounting plugin AISupport
LogPluginManager: Mounting plugin LightPropagationVolume
LogPluginManager: Mounting plugin CLionSourceCodeAccess
LogPluginManager: Mounting plugin CodeLiteSourceCodeAccess
LogPluginManager: Mounting plugin GitSourceControl
LogPluginManager: Mounting plugin KDevelopSourceCodeAccess
LogPluginManager: Mounting plugin NullSourceCodeAccess
LogPluginManager: Mounting plugin PerforceSourceControl
LogPluginManager: Mounting plugin SubversionSourceControl
LogPluginManager: Mounting plugin UObjectPlugin
LogPluginManager: Mounting plugin VisualStudioCodeSourceCodeAccess
LogPluginManager: Mounting plugin VisualStudioSourceCodeAccess
LogPluginManager: Mounting plugin XCodeSourceCodeAccess
LogPluginManager: Mounting plugin AssetManagerEditor
LogPluginManager: Mounting plugin CryptoKeys
LogPluginManager: Mounting plugin DataValidation
LogPluginManager: Mounting plugin FacialAnimation
LogPluginManager: Mounting plugin GameplayTagsEditor
LogPluginManager: Mounting plugin MacGraphicsSwitching
LogPluginManager: Mounting plugin MeshEditor
LogPluginManager: Mounting plugin MobileLauncherProfileWizard
LogPluginManager: Mounting plugin PluginBrowser
LogPluginManager: Mounting plugin SpeedTreeImporter
LogPluginManager: Mounting plugin DatasmithContent
LogPluginManager: Mounting plugin AlembicImporter
LogPluginManager: Mounting plugin AppleImageUtils
LogPluginManager: Mounting plugin AppleVision
LogPluginManager: Mounting plugin BackChannel
LogPluginManager: Mounting plugin CharacterAI
LogPluginManager: Mounting plugin GeometryCache
LogPluginManager: Mounting plugin HTML5Networking
LogPluginManager: Mounting plugin ProxyLODPlugin
LogPluginManager: Mounting plugin MagicLeap
LogPluginManager: Mounting plugin MagicLeapEmulator
LogPluginManager: Mounting plugin MagicLeapMedia
LogPluginManager: Mounting plugin Substance
LogPluginManager: Mounting plugin AndroidMedia
LogPluginManager: Mounting plugin AvfMedia
LogPluginManager: Mounting plugin ImgMedia
LogPluginManager: Mounting plugin LinearTimecode
LogPluginManager: Mounting plugin MediaCompositing
LogPluginManager: Mounting plugin MediaPlayerEditor
LogPluginManager: Mounting plugin WmfMedia
LogPluginManager: Mounting plugin TcpMessaging
LogPluginManager: Mounting plugin UdpMessaging
LogPluginManager: Mounting plugin ActorSequence
LogPluginManager: Mounting plugin LevelSequenceEditor
LogPluginManager: Mounting plugin MatineeToLevelSequence
LogPluginManager: Mounting plugin NetcodeUnitTest
LogPluginManager: Mounting plugin NUTUnrealEngine4
LogPluginManager: Mounting plugin OnlineSubsystemGooglePlay
LogPluginManager: Mounting plugin OnlineSubsystemIOS
LogPluginManager: Mounting plugin OnlineSubsystem
LogPluginManager: Mounting plugin OnlineSubsystemNull
LogPluginManager: Mounting plugin OnlineSubsystemUtils
LogPluginManager: Mounting plugin LauncherChunkInstaller
LogPluginManager: Mounting plugin AndroidDeviceProfileSelector
LogPluginManager: Mounting plugin AndroidMoviePlayer
LogPluginManager: Mounting plugin AndroidPermission
LogPluginManager: Mounting plugin AppleMoviePlayer
LogPluginManager: Mounting plugin ArchVisCharacter
LogPluginManager: Mounting plugin AudioCapture
LogPluginManager: Mounting plugin CableComponent
LogPluginManager: Mounting plugin CustomMeshComponent
LogPluginManager: Mounting plugin EditableMesh
LogPluginManager: Mounting plugin ExampleDeviceProfileSelector
LogPluginManager: Mounting plugin GoogleCloudMessaging
LogPluginManager: Mounting plugin ImmediatePhysics
LogPluginManager: Mounting plugin IOSDeviceProfileSelector
LogPluginManager: Mounting plugin LinuxDeviceProfileSelector
LogPluginManager: Mounting plugin LocationServicesBPLibrary
LogPluginManager: Mounting plugin MobilePatchingUtils
LogPluginManager: Mounting plugin OculusVR
LogPluginManager: Plugin shader directory ../../../Engine/Plugins/Runtime/Oculus/OculusVR/Shaders found
LogPluginManager: Mapping shader source directory ../../../Engine/Plugins/Runtime/Oculus/OculusVR/Shaders to virtual directory /Plugin/OculusVR
LogPluginManager: Mounting plugin PhysXVehicles
LogPluginManager: Mounting plugin ProceduralMeshComponent
LogPluginManager: Mounting plugin RuntimePhysXCooking
LogPluginManager: Mounting plugin SteamVR
LogPluginManager: Mounting plugin WindowsMoviePlayer
LogStreaming: Display: Took  1.306s to configure plugins.
LogInit: Using libcurl 7.55.1-DEV
LogInit:  - built for x86_64-pc-win32
LogInit:  - supports SSL with OpenSSL/1.0.2h
LogInit:  - supports HTTP deflate (compression) using libz 1.2.8
LogInit:  - other features:
LogInit:      CURL_VERSION_SSL
LogInit:      CURL_VERSION_LIBZ
LogInit:      CURL_VERSION_IPV6
LogInit:      CURL_VERSION_ASYNCHDNS
LogInit:      CURL_VERSION_LARGEFILE
LogInit:      CURL_VERSION_IDN
LogInit:  CurlRequestOptions (configurable via config and command line):
LogInit:  - bVerifyPeer = false  - Libcurl will NOT verify peer certificate
LogInit:  - bUseHttpProxy = false  - Libcurl will NOT use HTTP proxy
LogInit:  - bDontReuseConnections = false  - Libcurl will reuse connections
LogInit:  - CertBundlePath = nullptr  - Libcurl will use whatever was configured at build time.
LogInit:  - MaxHostConnections = 16  - Libcurl will limit the number of connections to a host
LogInit:  - LocalHostAddr = Default
LogInit:  - BufferSize = 65536
LogInit: WinSock: version 1.1 (2.2), MaxSocks=32767, MaxUdp=65467
LogInit: Build: ++UE4+Release-4.20-CL-4212847
LogInit: Engine Version: 4.20.0-4212847+++UE4+Release-4.20
LogInit: Compatible Engine Version: 4.20.0-4212847+++UE4+Release-4.20
LogInit: Net CL: 4212847
LogInit: OS: Windows 10 (), CPU: Intel(R) Core(TM) i7-6700HQ CPU @ 2.60GHz, GPU: Intel(R) HD Graphics 530
LogInit: Compiled (64-bit): Jul 14 2018 09:51:14
LogInit: Compiled with Visual C++: 19.13.26129.00
LogInit: Build Configuration: Development
LogInit: Branch Name: ++UE4+Release-4.20
LogInit: Command Line:  
LogInit: Base Directory: C:/Program Files/Epic Games/UE_4.20/Engine/Binaries/Win64/
LogInit: Installed Engine Build: 1
LogDevObjectVersion: Number of dev versions registered: 20
LogDevObjectVersion:   Dev-Blueprints (B0D832E4-1F89-4F0D-ACCF-7EB736FD4AA2): 10
LogDevObjectVersion:   Dev-Build (E1C64328-A22C-4D53-A36C-8E866417BD8C): 0
LogDevObjectVersion:   Dev-Core (375EC13C-06E4-48FB-B500-84F0262A717E): 2
LogDevObjectVersion:   Dev-Editor (E4B068ED-F494-42E9-A231-DA0B2E46BB41): 24
LogDevObjectVersion:   Dev-Framework (CFFC743F-43B0-4480-9391-14DF171D2073): 34
LogDevObjectVersion:   Dev-Mobile (B02B49B5-BB20-44E9-A304-32B752E40360): 2
LogDevObjectVersion:   Dev-Networking (A4E4105C-59A1-49B5-A7C5-40C4547EDFEE): 0
LogDevObjectVersion:   Dev-Online (39C831C9-5AE6-47DC-9A44-9C173E1C8E7C): 0
LogDevObjectVersion:   Dev-Physics (78F01B33-EBEA-4F98-B9B4-84EACCB95AA2): 0
LogDevObjectVersion:   Dev-Platform (6631380F-2D4D-43E0-8009-CF276956A95A): 0
LogDevObjectVersion:   Dev-Rendering (12F88B9F-8875-4AFC-A67C-D90C383ABD29): 26
LogDevObjectVersion:   Dev-Sequencer (7B5AE74C-D270-4C10-A958-57980B212A5A): 9
LogDevObjectVersion:   Dev-VR (D7296918-1DD6-4BDD-9DE2-64A83CC13884): 2
LogDevObjectVersion:   Dev-LoadTimes (C2A15278-BFE7-4AFE-6C17-90FF531DF755): 1
LogDevObjectVersion:   Private-Geometry (6EACA3D4-40EC-4CC1-B786-8BED09428FC5): 3
LogDevObjectVersion:   Dev-AnimPhys (29E575DD-E0A3-4627-9D10-D276232CDCEA): 17
LogDevObjectVersion:   Dev-ReflectionCapture (6B266CEC-1EC7-4B8F-A30B-E4D90942FC07): 1
LogDevObjectVersion:   Dev-Automation (0DF73D61-A23F-47EA-B727-89E90C41499A): 1
LogDevObjectVersion:   FortniteMain (601D1886-AC64-4F84-AA16-D3DE0DEAC7D6): 12
LogDevObjectVersion:   Dev-Enterprise (9DFFBCD6-494F-0158-E221-12823C92A888): 1
LogStreaming: Display: Took  0.055s to delete old logs.
LogInit: Presizing for max 8388607 objects, including 0 objects not considered by GC, pre-allocating 0 bytes for permanent pool.
LogInit: Object subsystem initialized
[2018.08.27-20.19.25:797][  0]LogInit: Selected Device Profile: [Windows]
[2018.08.27-20.19.25:798][  0]LogInit: Applying CVar settings loaded from the selected device profile: [Windows]
[2018.08.27-20.19.25:906][  0]LogHAL: Display: Platform has ~ 8 GB [8456720384 / 8589934592 / 8], which maps to Default [LargestMinGB=32, LargerMinGB=12, DefaultMinGB=8, SmallerMinGB=6, SmallestMinGB=0)
[2018.08.27-20.19.25:932][  0]LogInit: Setting Device Profile CVar: [[r.Vulkan.UseRealUBs:1]]
[2018.08.27-20.19.25:932][  0]LogInit: Going up to parent DeviceProfile []
[2018.08.27-20.19.25:989][  0]LogInit: Computer: DESKTOP-MKF8VAK
[2018.08.27-20.19.25:990][  0]LogInit: User: mikey
[2018.08.27-20.19.25:990][  0]LogInit: CPU Page size=4096, Cores=4
[2018.08.27-20.19.25:990][  0]LogInit: High frequency timer resolution =2.531253 MHz
[2018.08.27-20.19.25:990][  0]LogMemory: Memory total: Physical=7.9GB (8GB approx)
[2018.08.27-20.19.25:991][  0]LogMemory: Platform Memory Stats for Windows
[2018.08.27-20.19.25:991][  0]LogMemory: Process Physical Memory: 97.58 MB used, 97.58 MB peak
[2018.08.27-20.19.25:991][  0]LogMemory: Process Virtual Memory: 90.80 MB used, 90.80 MB peak
[2018.08.27-20.19.25:991][  0]LogMemory: Physical Memory: 7224.60 MB used,  840.36 MB free, 8064.96 MB total
[2018.08.27-20.19.25:991][  0]LogMemory: Virtual Memory: 4640.08 MB used,  840.36 MB free, 134217728.00 MB total
[2018.08.27-20.19.27:760][  0]LogInit: Using OS detected language (en-US).
[2018.08.27-20.19.27:760][  0]LogInit: Using OS detected locale (en-GB).
[2018.08.27-20.19.27:806][  0]LogTextLocalizationManager: No specific localization for 'en-US' exists, so the 'en' localization will be used.
[2018.08.27-20.19.29:221][  0]LogStreaming: Display: Took  1.444s to InitEngineTextLocalization.
[2018.08.27-20.19.29:239][  0]LogInit: Setting process to per monitor DPI aware
[2018.08.27-20.19.30:652][  0]LogSlate: New Slate User Created.  User Index 0, Is Virtual User: 0
[2018.08.27-20.19.30:652][  0]LogSlate: Slate User Registered.  User Index 0, Is Virtual User: 0
[2018.08.27-20.19.37:266][  0]LogHMD: Failed to initialize OpenVR with code 110
[2018.08.27-20.19.37:276][  0]LogD3D11RHI: D3D11 adapters:
[2018.08.27-20.19.39:204][  0]LogD3D11RHI:    0. 'NVIDIA GeForce GTX 960M' (Feature Level 11_0)
[2018.08.27-20.19.39:204][  0]LogD3D11RHI:       4065/0/4032 MB DedicatedVideo/DedicatedSystem/SharedSystem, Outputs:2, VendorId:0x10de
[2018.08.27-20.19.39:505][  0]LogD3D11RHI:    1. 'Intel(R) HD Graphics 530' (Feature Level 11_0)
[2018.08.27-20.19.39:505][  0]LogD3D11RHI:       128/0/4032 MB DedicatedVideo/DedicatedSystem/SharedSystem, Outputs:0, VendorId:0x8086
[2018.08.27-20.19.40:050][  0]LogD3D11RHI:    2. 'Microsoft Basic Render Driver' (Feature Level 11_0)
[2018.08.27-20.19.40:050][  0]LogD3D11RHI:       0/0/4032 MB DedicatedVideo/DedicatedSystem/SharedSystem, Outputs:0, VendorId:0x1414
[2018.08.27-20.19.40:050][  0]LogD3D11RHI: Chosen D3D11 Adapter: 0
[2018.08.27-20.19.40:581][  0]LogD3D11RHI: Creating new Direct3DDevice
[2018.08.27-20.19.40:581][  0]LogD3D11RHI:     GPU DeviceId: 0x139b (for the marketing name, search the web for "GPU Device Id")
[2018.08.27-20.19.40:677][  0]LogWindows: EnumDisplayDevices:
[2018.08.27-20.19.40:677][  0]LogWindows:    0. 'Intel(R) HD Graphics 530' (P:0 D:1)
[2018.08.27-20.19.40:678][  0]LogWindows:    1. 'Intel(R) HD Graphics 530' (P:1 D:1)
[2018.08.27-20.19.40:679][  0]LogWindows:    2. 'Intel(R) HD Graphics 530' (P:0 D:0)
[2018.08.27-20.19.40:679][  0]LogWindows: DebugString: PrimaryIsNotTheChoosenAdapter PrimaryIsNotTheChoosenAdapter PrimaryIsNotTheChoosenAdapter FoundDriverCount:0 
[2018.08.27-20.19.40:680][  0]LogD3D11RHI:     Adapter Name: NVIDIA GeForce GTX 960M
[2018.08.27-20.19.40:680][  0]LogD3D11RHI:   Driver Version: Unknown (internal:Unknown, unified:Unknown)
[2018.08.27-20.19.40:680][  0]LogD3D11RHI:      Driver Date: Unknown
[2018.08.27-20.19.40:680][  0]LogRHI: Texture pool is 2846 MB (70% of 4065 MB)
[2018.08.27-20.19.40:837][  0]LogD3D11RHI: Async texture creation enabled
[2018.08.27-20.19.41:532][  0]LogD3D11RHI: GPU Timing Frequency: 1000.000000 (Debug: 2 1)
[2018.08.27-20.19.41:843][  0]LogShaderCompilers: Guid format shader working directory is -22 characters bigger than the processId version (../../../../../../Users/mikey/Documents/Unreal Projects/BeyondHuman/Intermediate/Shaders/WorkingDirectory/13712/).
[2018.08.27-20.19.41:844][  0]LogShaderCompilers: Cleaned the shader compiler working directory 'C:/Users/mikey/AppData/Local/Temp/UnrealShaderWorkingDir/8D9BD1A6407A01B14FB1D399A776A747/'.
[2018.08.27-20.19.47:834][  0]LogTemp: Display: Loaded TP AllDesktopTargetPlatform
[2018.08.27-20.19.47:893][  0]LogTemp: Display: Loaded TP MacClientTargetPlatform
[2018.08.27-20.19.47:965][  0]LogTemp: Display: Loaded TP MacNoEditorTargetPlatform
[2018.08.27-20.19.48:025][  0]LogTemp: Display: Loaded TP MacServerTargetPlatform
[2018.08.27-20.19.48:263][  0]LogTemp: Display: Loaded TP MacTargetPlatform
[2018.08.27-20.19.48:320][  0]LogTemp: Display: Loaded TP WindowsClientTargetPlatform
[2018.08.27-20.19.48:423][  0]LogTemp: Display: Loaded TP WindowsNoEditorTargetPlatform
[2018.08.27-20.19.48:471][  0]LogTemp: Display: Loaded TP WindowsServerTargetPlatform
[2018.08.27-20.19.48:562][  0]LogTemp: Display: Loaded TP WindowsTargetPlatform
[2018.08.27-20.19.48:925][  0]LogTemp: Display: Loaded TP AndroidTargetPlatform
[2018.08.27-20.19.48:925][  0]LogTemp: Display: Loaded TP AndroidTargetPlatform
[2018.08.27-20.19.48:925][  0]LogTemp: Display: Loaded TP AndroidTargetPlatform
[2018.08.27-20.19.48:925][  0]LogTemp: Display: Loaded TP AndroidTargetPlatform
[2018.08.27-20.19.48:925][  0]LogTemp: Display: Loaded TP AndroidTargetPlatform
[2018.08.27-20.19.48:925][  0]LogTemp: Display: Loaded TP AndroidTargetPlatform
[2018.08.27-20.19.48:925][  0]LogTemp: Display: Loaded TP AndroidTargetPlatform
[2018.08.27-20.19.48:925][  0]LogTemp: Display: Loaded TP AndroidTargetPlatform
[2018.08.27-20.19.48:925][  0]LogTemp: Display: Loaded TP AndroidTargetPlatform
[2018.08.27-20.19.48:925][  0]LogTemp: Display: Loaded TP AndroidTargetPlatform
[2018.08.27-20.19.48:925][  0]LogTemp: Display: Loaded TP AndroidTargetPlatform
[2018.08.27-20.19.48:925][  0]LogTemp: Display: Loaded TP AndroidTargetPlatform
[2018.08.27-20.19.48:925][  0]LogTemp: Display: Loaded TP AndroidTargetPlatform
[2018.08.27-20.19.48:925][  0]LogTemp: Display: Loaded TP AndroidTargetPlatform
[2018.08.27-20.19.48:925][  0]LogTemp: Display: Loaded TP AndroidTargetPlatform
[2018.08.27-20.19.48:925][  0]LogTemp: Display: Loaded TP AndroidTargetPlatform
[2018.08.27-20.19.48:925][  0]LogTemp: Display: Loaded TP AndroidTargetPlatform
[2018.08.27-20.19.48:925][  0]LogTemp: Display: Loaded TP AndroidTargetPlatform
[2018.08.27-20.19.49:065][  0]LogTemp: Display: Loaded TP HTML5TargetPlatform
[2018.08.27-20.19.49:458][  0]LogTemp: Display: Loaded TP IOSTargetPlatform
[2018.08.27-20.19.49:458][  0]LogTemp: Display: Loaded TP IOSTargetPlatform
[2018.08.27-20.19.49:536][  0]LogTemp: Display: Loaded TP TVOSTargetPlatform
[2018.08.27-20.19.49:537][  0]LogTemp: Display: Loaded TP TVOSTargetPlatform
[2018.08.27-20.19.49:572][  0]LogTemp: Display: Loaded TP LinuxClientTargetPlatform
[2018.08.27-20.19.49:645][  0]LogTemp: Display: Loaded TP LinuxNoEditorTargetPlatform
[2018.08.27-20.19.49:763][  0]LogTemp: Display: Loaded TP LinuxServerTargetPlatform
[2018.08.27-20.19.49:890][  0]LogTemp: Display: Loaded TP LinuxTargetPlatform
[2018.08.27-20.19.49:964][  0]LogTemp: Display: Loaded TP LuminTargetPlatform
[2018.08.27-20.19.49:964][  0]LogTargetPlatformManager: Display: Building Assets For Windows
[2018.08.27-20.19.52:594][  0]LogXGEController: Cleaning working directory: C:/Users/mikey/AppData/Local/Temp/UnrealXGEWorkingDir/
[2018.08.27-20.19.52:595][  0]LogXGEController: Cannot use XGE Controller as Incredibuild is not installed on this machine.
[2018.08.27-20.19.52:595][  0]LogShaderCompilers: Cannot use XGE Shader Compiler as Incredibuild is not installed on this machine.
[2018.08.27-20.19.52:598][  0]LogShaderCompilers: Display: Using Local Shader Compiler.
[2018.08.27-20.19.58:750][  0]LogDerivedDataCache: Display: Max Cache Size: 512 MB
[2018.08.27-20.20.00:262][  0]LogDerivedDataCache: Loaded boot cache 1.51s 71MB C:/Users/mikey/AppData/Local/UnrealEngine/4.20/DerivedDataCache/Boot.ddc.
[2018.08.27-20.20.00:263][  0]LogDerivedDataCache: Display: Loaded Boot cache: C:/Users/mikey/AppData/Local/UnrealEngine/4.20/DerivedDataCache/Boot.ddc
[2018.08.27-20.20.00:263][  0]LogDerivedDataCache: FDerivedDataBackendGraph:  Pak pak cache file ../../../../../../Users/mikey/Documents/Unreal Projects/BeyondHuman/DerivedDataCache/DDC.ddp not found, will not use a pak cache.
[2018.08.27-20.20.00:263][  0]LogDerivedDataCache: Unable to find inner node Pak for hierarchical cache Hierarchy.
[2018.08.27-20.20.00:263][  0]LogDerivedDataCache: FDerivedDataBackendGraph:  CompressedPak pak cache file ../../../../../../Users/mikey/Documents/Unreal Projects/BeyondHuman/DerivedDataCache/Compressed.ddp not found, will not use a pak cache.
[2018.08.27-20.20.00:263][  0]LogDerivedDataCache: Unable to find inner node CompressedPak for hierarchical cache Hierarchy.
[2018.08.27-20.20.00:364][  0]LogDerivedDataCache: Display: Pak cache opened for reading ../../../Engine/DerivedDataCache/Compressed.ddp.
[2018.08.27-20.20.00:448][  0]LogDerivedDataCache: Using Local data cache path C:/Users/mikey/AppData/Local/UnrealEngine/Common/DerivedDataCache: Writable
[2018.08.27-20.20.00:448][  0]LogDerivedDataCache: Shared data cache path not found in *engine.ini, will not use an Shared cache.
[2018.08.27-20.20.00:448][  0]LogDerivedDataCache: Unable to find inner node Shared for hierarchical cache Hierarchy.
[2018.08.27-20.20.00:886][  0]LogMaterial: Verifying Global Shaders for PCD3D_SM5
[2018.08.27-20.20.01:335][  0]LogSlate: Using FreeType 2.6.0
[2018.08.27-20.20.01:951][  0]LogSlate: SlateFontServices - WITH_FREETYPE: 1, WITH_HARFBUZZ: 1
[2018.08.27-20.20.26:351][  0]LogAssetRegistry: FAssetRegistry took 0.3961 seconds to start up
[2018.08.27-20.20.55:488][  0]LogInit: Selected Device Profile: [Windows]
[2018.08.27-20.21.09:333][  0]LogSimplygon: Simplygon DLL not present - disabling.
[2018.08.27-20.21.10:793][  0]LogMeshReduction: Using SimplygonSwarm for distributed automatic mesh merging
[2018.08.27-20.21.10:857][  0]LogMeshReduction: Using ProxyLODMeshReduction for automatic mesh merging
[2018.08.27-20.21.10:857][  0]LogMeshReduction: Using QuadricMeshReduction for automatic static mesh reduction
[2018.08.27-20.21.10:857][  0]LogMeshReduction: No automatic skeletal mesh reduction module available
[2018.08.27-20.21.19:683][  0]LogNetVersion: BeyondHuman 1.0.0, NetCL: 4212847, EngineNetVer: 5, GameNetVer: 0 (Checksum: 671501493)
[2018.08.27-20.21.32:914][  0]LogPackageLocalizationCache: Processed 11 localized package path(s) for 2 prioritized culture(s) in 0.368154 seconds
[2018.08.27-20.21.33:029][  0]LogUObjectArray: 38425 objects as part of root set at end of initial load.
[2018.08.27-20.21.33:029][  0]LogUObjectAllocator: 6690872 out of 0 bytes used by permanent object pool.
[2018.08.27-20.21.33:029][  0]LogUObjectArray: CloseDisregardForGC: 0/0 objects in disregard for GC pool
[2018.08.27-20.22.13:587][  0]LogSubstanceCoreModule: Substance [CPU] Engine Loaded, Max Texture Size = 2048
[2018.08.27-20.22.13:870][  0]LogTcpMessaging: Initializing TcpMessaging bridge
[2018.08.27-20.22.13:932][  0]LogUdpMessaging: Initializing bridge on interface 0.0.0.0:0 to multicast group 230.0.0.1:6666.
[2018.08.27-20.22.16:421][  0]SourceControl: Source control is disabled
[2018.08.27-20.22.16:421][  0]SourceControl: Source control is disabled
[2018.08.27-20.22.16:514][  0]SourceControl: Source control is disabled
[2018.08.27-20.22.16:558][  0]SourceControl: Source control is disabled
[2018.08.27-20.22.20:826][  0]LogAndroidPermission: UAndroidPermissionCallbackProxy::GetInstance
[2018.08.27-20.22.21:439][  0]LogOcInput: OculusInput pre-init called
[2018.08.27-20.22.24:081][  0]LogEngine: Initializing Engine...
[2018.08.27-20.22.24:176][  0]LogHMD: Failed to initialize OpenVR with code 110
[2018.08.27-20.22.24:225][  0]LogStats: UGameplayTagsManager::ConstructGameplayTagTree: ImportINI prefixes -  0.001 s
[2018.08.27-20.22.24:225][  0]LogStats: UGameplayTagsManager::ConstructGameplayTagTree: Construct from data asset -  0.000 s
[2018.08.27-20.22.24:225][  0]LogStats: UGameplayTagsManager::ConstructGameplayTagTree: ImportINI -  0.001 s
[2018.08.27-20.22.24:226][  0]LogStats: UGameplayTagsManager::ConstructGameplayTagTree: GameplayTagTreeChangedEvent.Broadcast -  0.000 s
[2018.08.27-20.22.25:988][  0]LogInit: Initializing FReadOnlyCVARCache
[2018.08.27-20.22.27:309][  0]LogAIModule: Creating AISystem for world Untitled
[2018.08.27-20.22.27:930][  0]LogInit: XAudio2 using 'Speakers / Headphones (Realtek Audio)' : 2 channels at 48 kHz using 32 bits per sample (channel mask 0x3)
[2018.08.27-20.22.28:521][  0]LogInit: FAudioDevice initialized.
[2018.08.27-20.22.28:559][  0]LogNetVersion: Set ProjectVersion to 1.0.0.0. Version Checksum will be recalculated on next use.
[2018.08.27-20.22.29:172][  0]LogDerivedDataCache: Saved boot cache 0.61s 71MB C:/Users/mikey/AppData/Local/UnrealEngine/4.20/DerivedDataCache/Boot.ddc.
[2018.08.27-20.22.29:921][  0]LogInit: Texture streaming: Enabled
[2018.08.27-20.22.34:242][  0]LogEngineSessionManager: EngineSessionManager initialized
[2018.08.27-20.22.35:116][  0]LogInit: Transaction tracking system initialized
[2018.08.27-20.22.36:371][  0]BlueprintLog: New page: Editor Load
[2018.08.27-20.22.39:230][  0]LocalizationService: Localization service is disabled
[2018.08.27-20.22.47:477][  0]LogFileCache: Scanning file cache for directory 'C:/Users/mikey/Documents/Unreal Projects/BeyondHuman/Content/' took 0.11s
[2018.08.27-20.22.47:478][  0]LogCook: Display: Max memory allowance for cook 16384mb min free memory 0mb
[2018.08.27-20.22.47:487][  0]LogCook: Display: Mobile HDR setting 1
[2018.08.27-20.22.47:526][  0]LogGameplayTags: Display: UGameplayTagsManager::DoneAddingNativeTags. DelegateIsBound: 0
[2018.08.27-20.22.47:527][  0]LogStats: UGameplayTagsManager::ConstructGameplayTagTree: ImportINI prefixes -  0.000 s
[2018.08.27-20.22.47:527][  0]LogStats: UGameplayTagsManager::ConstructGameplayTagTree: Construct from data asset -  0.000 s
[2018.08.27-20.22.47:527][  0]LogStats: UGameplayTagsManager::ConstructGameplayTagTree: ImportINI -  0.000 s
[2018.08.27-20.22.47:527][  0]LogStats: UGameplayTagsManager::ConstructGameplayTagTree: GameplayTagTreeChangedEvent.Broadcast -  0.000 s
[2018.08.27-20.22.56:606][  0]SourceControl: Source control is disabled
[2018.08.27-20.22.57:021][  0]Cmd: MAP LOAD FILE="../../../../../../Users/mikey/Documents/Unreal Projects/BeyondHuman/Content/Maps/Meshing.umap" TEMPLATE=0 SHOWPROGRESS=1 FEATURELEVEL=3
[2018.08.27-20.22.57:395][  0]LightingResults: New page: Lighting Build
[2018.08.27-20.22.58:634][  0]MapCheck: New page: Map Check
[2018.08.27-20.22.58:634][  0]LightingResults: New page: Lighting Build
[2018.08.27-20.22.58:654][  0]LogGarbage: Warning: 20.059235 ms for acquiring GC lock
[2018.08.27-20.26.22:318][  0]LogAIModule: Creating AISystem for world Meshing
[2018.08.27-20.26.30:988][  0]LogEditorServer: Finished looking for orphan Actors (0.027 secs)
[2018.08.27-20.26.33:644][  0]Cmd: MAP CHECKDEP NOCLEARLOG
[2018.08.27-20.26.57:111][  0]MapCheck: Map check complete: 0 Error(s), 0 Warning(s), took 23,421.531ms to complete.
[2018.08.27-20.26.57:192][  0]LogFileHelpers: Loading map 'Meshing' took 240.267
[2018.08.27-20.27.06:608][  0]LogSlate: Updating window title bar state: overlay mode, drag disabled, window buttons hidden, title bar hidden
[2018.08.27-20.27.06:709][  0]LogSlate: Updating window title bar state: overlay mode, drag disabled, window buttons hidden, title bar hidden
[2018.08.27-20.27.06:720][  0]LogSlate: Updating window title bar state: overlay mode, drag disabled, window buttons hidden, title bar hidden
[2018.08.27-20.27.06:728][  0]LogSlate: Updating window title bar state: overlay mode, drag disabled, window buttons hidden, title bar hidden
[2018.08.27-20.27.09:089][  0]LogCollectionManager: Loaded 0 collections in 0.066927 seconds
[2018.08.27-20.27.09:772][  0]LogFileCache: Scanning file cache for directory 'C:/Users/mikey/Documents/Unreal Projects/BeyondHuman/Saved/Collections/' took 0.02s
[2018.08.27-20.27.09:772][  0]LogFileCache: Scanning file cache for directory 'C:/Users/mikey/Documents/Unreal Projects/BeyondHuman/Content/Developers/mikey/Collections/' took 0.01s
[2018.08.27-20.27.09:772][  0]LogFileCache: Scanning file cache for directory 'C:/Users/mikey/Documents/Unreal Projects/BeyondHuman/Content/Collections/' took 0.01s
[2018.08.27-20.27.09:772][  0]LogCollectionManager: Rebuilt the GUID cache for 0 collections in 0.000000 seconds
[2018.08.27-20.27.09:803][  0]LogContentBrowser: Native class hierarchy populated in 0.0289 seconds. Added 2586 classes and 609 folders.
[2018.08.27-20.27.10:393][  0]LogContentBrowser: Native class hierarchy updated for 'WidgetCarousel' in 0.0006 seconds. Added 0 classes and 0 folders.
[2018.08.27-20.27.13:958][  0]LogContentBrowser: Native class hierarchy updated for 'AddContentDialog' in 0.0005 seconds. Added 0 classes and 0 folders.
[2018.08.27-20.27.14:670][  0]LogContentBrowser: Native class hierarchy updated for 'SceneOutliner' in 0.0003 seconds. Added 1 classes and 2 folders.
[2018.08.27-20.27.17:422][  0]LogSlate: Took 0.144543 seconds to synchronously load lazily loaded font '../../../Engine/Content/Slate/Fonts/Roboto-Regular.ttf' (155K)
[2018.08.27-20.27.17:532][  0]LogSlate: Took 0.028235 seconds to synchronously load lazily loaded font '../../../Engine/Content/Slate/Fonts/Roboto-Bold.ttf' (160K)
[2018.08.27-20.27.17:744][  0]LogSlate: Took 0.128683 seconds to synchronously load lazily loaded font '../../../Engine/Content/Editor/Slate/Fonts/FontAwesome.ttf' (139K)
[2018.08.27-20.27.19:979][  0]LogRenderer: Reallocating scene render targets to support 1164x560 Format 10 NumSamples 1 (Frame:1).
[2018.08.27-20.27.26:705][  0]LogContentBrowser: Native class hierarchy updated for 'HierarchicalLODOutliner' in 0.0005 seconds. Added 0 classes and 0 folders.
[2018.08.27-20.27.26:740][  0]LogLoad: (Engine Initialization) Total time: 517.85 seconds
[2018.08.27-20.27.26:740][  0]LogLoad: (Engine Initialization) Total Blueprint compile time: 0.00 seconds
[2018.08.27-20.27.27:922][  0]LogContentStreaming: Texture pool size now 3000 MB
[2018.08.27-20.27.34:588][  0]LogSlate: Took 0.823805 seconds to synchronously load lazily loaded font '../../../Engine/Content/Slate/Fonts/Roboto-Light.ttf' (167K)
[2018.08.27-20.27.37:935][  1]LogSubstanceLiveLink: Warning: Unable to send data along socket, closing connection
[2018.08.27-20.27.40:903][  5]LogAssetRegistry: Asset discovery search completed in 434.5691 seconds
[2018.08.27-20.27.41:099][  5]LogCollectionManager: Rebuilt the object cache for 0 collections in 0.000001 seconds (found 0 objects)
[2018.08.27-20.27.41:099][  5]LogCollectionManager: Fixed up redirectors for 0 collections in 0.000134 seconds (updated 0 objects)
[2018.08.27-21.06.08:616][945]LogEditorViewport: Clicking on Actor (LMB): StaticMeshActor (BuildingTall)
[2018.08.27-21.06.13:064][949]LogEditorViewport: Clicking on Actor (context menu): StaticMeshActor (BuildingTall)
[2018.08.27-21.06.13:972][949]LogSlate: FSceneViewport::OnFocusLost() reason 2
[2018.08.27-21.06.15:607][  2]LogSlate: FSceneViewport::OnFocusLost() reason 2
[2018.08.27-21.06.28:141][ 96]LogEditorFactories: Performing atomic reimport of [C:/Users/mikey/Dropbox/Docs/Projects/Beyond Human/Exports/Buildings/BuildingTall.fbx]
[2018.08.27-21.06.28:837][ 96]LogSlate: Took 0.009866 seconds to synchronously load lazily loaded font '../../../Engine/Content/Slate/Fonts/Roboto-Light.ttf' (167K)
[2018.08.27-21.06.29:560][ 96]LogFbx: Loading FBX Scene from C:/Users/mikey/Dropbox/Docs/Projects/Beyond Human/Exports/Buildings/BuildingTall.fbx
[2018.08.27-21.06.29:739][ 96]LogFbx: FBX Scene Loaded Succesfully
[2018.08.27-21.06.31:795][ 96]LogStaticMesh: Building static mesh BuildingTall...
[2018.08.27-21.06.33:312][ 96]LogStaticMesh: Built static mesh [1.52s] /Game/Meshes/BuildingTall.BuildingTall
[2018.08.27-21.07.01:240][ 96]LogSlate: Window 'Reimport Material Conflicts Resolution' being destroyed
[2018.08.27-21.07.01:369][ 96]LogEditorFactories: -- imported successfully
[2018.08.27-21.07.01:478][ 96]FBXImport: Warning: No smoothing group information was found in this FBX scene.  Please make sure to enable the 'Export Smoothing Groups' option in the FBX Exporter plug-in before exporting the file.  Even for tools that don't support smoothing groups, the FBX Exporter will generate appropriate smoothing data at export-time so that correct vertex normals can be inferred while importing. 
[2018.08.27-21.07.11:256][246]LogSlate: FSceneViewport::OnFocusLost() reason 2
[2018.08.27-21.07.14:112][246]LogSavePackage: Moving '../../../../../../Users/mikey/Documents/Unreal Projects/BeyondHuman/Saved/Meshing_Auto1FE3DCC194827C3411F1BF6992F67D5F2.tmp' to '../../../../../../Users/mikey/Documents/Unreal Projects/BeyondHuman/Saved/Autosaves/Game/Maps/Meshing_Auto1.umap'
[2018.08.27-21.07.14:261][246]LogFileHelpers: Editor autosave (incl. sublevels) for '/Game/Maps/Meshing' took 2.904
[2018.08.27-21.07.14:261][246]LogFileHelpers: Editor autosave (incl. sublevels) for all levels took 2.904
[2018.08.27-21.07.14:268][246]OBJ SavePackage: Generating thumbnails for [1] asset(s) in package [/Game/Meshes/BuildingTall] ([1] browsable assets)...
[2018.08.27-21.07.14:412][246]OBJ SavePackage:     Rendered thumbnail for [StaticMesh /Game/Meshes/BuildingTall.BuildingTall]
[2018.08.27-21.07.14:412][246]OBJ SavePackage: Finished generating thumbnails for package [/Game/Meshes/BuildingTall]
[2018.08.27-21.07.14:593][246]LogSavePackage: Moving '../../../../../../Users/mikey/Documents/Unreal Projects/BeyondHuman/Saved/BuildingTall_Auto1AA16EA6146F46BFB3C362BA9A54B8422.tmp' to '../../../../../../Users/mikey/Documents/Unreal Projects/BeyondHuman/Saved/Autosaves/Game/Meshes/BuildingTall_Auto1.uasset'
[2018.08.27-21.07.14:633][246]LogFileHelpers: Auto-saving content packages took 0.369
[2018.08.27-21.10.06:499][130]LogSlate: FSceneViewport::OnFocusLost() reason 0
[2018.08.27-21.10.16:829][338]LogSlate: FSceneViewport::OnFocusLost() reason 0
[2018.08.27-21.10.32:622][569]LogSlate: FSceneViewport::OnFocusLost() reason 0
[2018.08.27-21.10.42:685][762]LogSlate: FSceneViewport::OnFocusLost() reason 0
[2018.08.27-21.10.46:971][842]LogSlate: FSceneViewport::OnFocusLost() reason 0
[2018.08.27-21.10.55:734][966]LogSlate: FSceneViewport::OnFocusLost() reason 0
[2018.08.27-21.10.59:302][ 24]Cmd: TRANSACTION UNDO
[2018.08.27-21.10.59:302][ 24]LogEditorTransaction: Undo Create Actors
[2018.08.27-21.11.00:546][ 32]LogEditorViewport: Clicking on Actor (context menu): StaticMeshActor (BuildingAngled)
[2018.08.27-21.11.01:090][ 32]LogSlate: FSceneViewport::OnFocusLost() reason 2
[2018.08.27-21.11.08:281][127]LogSlate: FSceneViewport::OnFocusLost() reason 0
[2018.08.27-21.11.10:792][170]Cmd: TRANSACTION UNDO
[2018.08.27-21.11.10:793][170]LogEditorTransaction: Undo Create Actors
[2018.08.27-21.11.12:011][197]LogSlate: FSceneViewport::OnFocusLost() reason 0
[2018.08.27-21.11.14:835][259]Cmd: TRANSACTION UNDO
[2018.08.27-21.11.14:835][259]LogEditorTransaction: Undo Create Actors
[2018.08.27-21.13.14:802][690]LogEditorViewport: Clicking on Actor (context menu): StaticMeshActor (BuildingTall)
[2018.08.27-21.13.14:977][690]LogSlate: FSceneViewport::OnFocusLost() reason 2
[2018.08.27-21.13.15:668][694]LogD3D11RHI: Timed out while waiting for GPU to catch up. (0.5 s)
[2018.08.27-21.13.16:121][717]LogSlate: FSceneViewport::OnFocusLost() reason 2
[2018.08.27-21.13.19:264][822]LogEditorFactories: Performing atomic reimport of [C:/Users/mikey/Dropbox/Docs/Projects/Beyond Human/Exports/Buildings/BuildingTall.fbx]
[2018.08.27-21.13.19:356][822]LogFbx: Loading FBX Scene from C:/Users/mikey/Dropbox/Docs/Projects/Beyond Human/Exports/Buildings/BuildingTall.fbx
[2018.08.27-21.13.19:409][822]LogFbx: FBX Scene Loaded Succesfully
[2018.08.27-21.13.20:523][822]LogStaticMesh: Building static mesh BuildingTall...
[2018.08.27-21.13.21:719][822]LogStaticMesh: Built static mesh [1.24s] /Game/Meshes/BuildingTall.BuildingTall
[2018.08.27-21.13.22:221][822]LogEditorFactories: -- imported successfully
[2018.08.27-21.13.22:238][822]FBXImport: Warning: No smoothing group information was found in this FBX scene.  Please make sure to enable the 'Export Smoothing Groups' option in the FBX Exporter plug-in before exporting the file.  Even for tools that don't support smoothing groups, the FBX Exporter will generate appropriate smoothing data at export-time so that correct vertex normals can be inferred while importing. 
[2018.08.27-21.13.42:373][108]LogSlate: FSceneViewport::OnFocusLost() reason 0
[2018.08.27-21.13.42:616][111]LogAssetEditorManager: Opening Asset editor for StaticMesh /Game/Meshes/BuildingTall.BuildingTall
[2018.08.27-21.13.47:302][111]LogRenderer: Reallocating scene render targets to support 1432x924 Format 10 NumSamples 1 (Frame:1).
[2018.08.27-21.14.26:736][596]LogMaterial: Display: Missing cached shader map for material Material_0, compiling. 
[2018.08.27-21.14.26:790][596]LogMaterial: Warning: /Engine/Transient.Material_0 (no disk path found): Failed to compile Material for platform PCD3D_SM5, Default Material will be used in game.
[2018.08.27-21.14.26:790][596]LogMaterial: 	SceneTexture expressions cannot be used in opaque materials
[2018.08.27-21.14.54:802][ 51]LogSlate: FSceneViewport::OnFocusLost() reason 0
[2018.08.27-21.15.09:046][250]LogSlate: FSceneViewport::OnFocusLost() reason 0
[2018.08.27-21.15.11:406][296]LogEditorFactories: Performing atomic reimport of [C:/Users/mikey/Dropbox/Docs/Projects/Beyond Human/Exports/Buildings/BuildingTall.fbx]
[2018.08.27-21.15.11:493][296]LogFbx: Loading FBX Scene from C:/Users/mikey/Dropbox/Docs/Projects/Beyond Human/Exports/Buildings/BuildingTall.fbx
[2018.08.27-21.15.11:546][296]LogFbx: FBX Scene Loaded Succesfully
[2018.08.27-21.15.12:515][296]LogStaticMesh: Building static mesh BuildingTall...
[2018.08.27-21.15.13:718][296]LogStaticMesh: Built static mesh [1.20s] /Game/Meshes/BuildingTall.BuildingTall
[2018.08.27-21.15.14:178][296]LogEditorFactories: -- imported successfully
[2018.08.27-21.15.14:193][296]FBXImport: Warning: No smoothing group information was found in this FBX scene.  Please make sure to enable the 'Export Smoothing Groups' option in the FBX Exporter plug-in before exporting the file.  Even for tools that don't support smoothing groups, the FBX Exporter will generate appropriate smoothing data at export-time so that correct vertex normals can be inferred while importing. 
[2018.08.27-21.15.23:737][412]LogSlate: FSceneViewport::OnFocusLost() reason 0
[2018.08.27-21.15.35:629][519]LogSlate: FSceneViewport::OnFocusLost() reason 0
[2018.08.27-21.15.40:730][587]LogSlate: FSceneViewport::OnFocusLost() reason 0
[2018.08.27-21.15.42:141][588]LogSlate: Window 'Save Content' being destroyed
[2018.08.27-21.15.51:775][588]Cmd: OBJ SAVEPACKAGE PACKAGE="/Game/Maps/Meshing" FILE="../../../../../../Users/mikey/Documents/Unreal Projects/BeyondHuman/Content/Maps/Meshing.umap" SILENT=true AUTOSAVING=false KEEPDIRTY=false
[2018.08.27-21.15.52:221][588]LogSavePackage: Moving '../../../../../../Users/mikey/Documents/Unreal Projects/BeyondHuman/Saved/Meshing29B51D204230DD9D85F917AFB2DF2E3C.tmp' to '../../../../../../Users/mikey/Documents/Unreal Projects/BeyondHuman/Content/Maps/Meshing.umap'
[2018.08.27-21.15.52:327][588]LogFileHelpers: Saving map 'Meshing' took 10.125
[2018.08.27-21.15.52:410][588]Cmd: OBJ SAVEPACKAGE PACKAGE="/Game/Meshes/BuildingTall" FILE="../../../../../../Users/mikey/Documents/Unreal Projects/BeyondHuman/Content/Meshes/BuildingTall.uasset" SILENT=true
[2018.08.27-21.15.52:461][588]LogSavePackage: Moving '../../../../../../Users/mikey/Documents/Unreal Projects/BeyondHuman/Saved/BuildingTallF3B864F44F3A55705146CEB10BC08F5D.tmp' to '../../../../../../Users/mikey/Documents/Unreal Projects/BeyondHuman/Content/Meshes/BuildingTall.uasset'
[2018.08.27-21.18.26:134][ 69]LogSlate: Window 'BuildingTall' being destroyed
[2018.08.27-21.18.26:139][ 69]LogSlate: Window 'BuildingTall' being destroyed
[2018.08.27-21.34.58:724][352]LogSlate: FSceneViewport::OnFocusLost() reason 0
[2018.08.27-21.43.21:105][462]LogSlate: FSceneViewport::OnFocusLost() reason 0
[2018.08.27-22.19.42:661][ 65]LogSlate: FSceneViewport::OnFocusLost() reason 0
[2018.08.27-22.28.02:682][569]LogEditorViewport: Clicking on Actor (LMB): StaticMeshActor (BuildingAngled)
[2018.08.27-22.28.06:861][572]LogEditorViewport: Clicking on Actor (context menu): StaticMeshActor (BuildingAngled)
[2018.08.27-22.28.08:133][572]LogSlate: FSceneViewport::OnFocusLost() reason 2
[2018.08.27-22.28.08:307][572]LogEditorViewport: Clicking on Component (context menu): StaticMeshComponent (StaticMeshComponent0)
[2018.08.27-22.28.09:460][576]LogD3D11RHI: Timed out while waiting for GPU to catch up. (0.5 s)
[2018.08.27-22.28.22:258][742]LogSlate: FSceneViewport::OnFocusLost() reason 0
[2018.08.27-22.28.24:264][743]LogSlate: Window 'BeyondHuman - Unreal Editor' being destroyed
[2018.08.27-22.28.26:263][744]Cmd: QUIT_EDITOR
[2018.08.27-22.28.28:350][744]LogWindowsTextInputMethodSystem: Display: IME system now deactivated.
[2018.08.27-22.28.28:615][744]LogExit: Preparing to exit.
[2018.08.27-22.28.33:998][744]LogExit: Editor shut down
[2018.08.27-22.28.34:000][744]LogExit: Transaction tracking system shut down
[2018.08.27-22.28.41:322][744]LogExit: Object subsystem successfully closed.
[2018.08.27-22.28.42:127][744]LogShaderCompilers: Display: Shaders left to compile 0
[2018.08.27-22.28.42:184][744]LogD3D11RHI: Shutdown
[2018.08.27-22.28.42:185][744]LogD3D11RHI: CleanupD3DDevice
[2018.08.27-22.28.42:700][744]LogD3D11RHI: ~FD3D11DynamicRHI
[2018.08.27-22.28.46:931][744]LogModuleManager: Shutting down and abandoning module StaticMeshEditor (624)
[2018.08.27-22.28.46:932][744]LogModuleManager: Shutting down and abandoning module HierarchicalLODUtilities (622)
[2018.08.27-22.28.46:933][744]LogModuleManager: Shutting down and abandoning module MeshBuilder (620)
[2018.08.27-22.28.46:949][744]LogModuleManager: Shutting down and abandoning module HierarchicalLODOutliner (618)
[2018.08.27-22.28.46:949][744]LogModuleManager: Shutting down and abandoning module SceneOutliner (616)
[2018.08.27-22.28.46:958][744]LogModuleManager: Shutting down and abandoning module AddContentDialog (614)
[2018.08.27-22.28.47:048][744]LogModuleManager: Shutting down and abandoning module WidgetCarousel (613)
[2018.08.27-22.28.47:048][744]LogModuleManager: Shutting down and abandoning module EditorWidgets (610)
[2018.08.27-22.28.47:048][744]LogModuleManager: Shutting down and abandoning module CollectionManager (608)
[2018.08.27-22.28.47:074][744]LogModuleManager: Shutting down and abandoning module StatsViewer (606)
[2018.08.27-22.28.47:105][744]LogModuleManager: Shutting down and abandoning module FoliageEdit (604)
[2018.08.27-22.28.47:105][744]LogModuleManager: Shutting down and abandoning module LandscapeEditor (602)
[2018.08.27-22.28.47:249][744]LogModuleManager: Shutting down and abandoning module MeshPaintMode (600)
[2018.08.27-22.28.47:271][744]LogModuleManager: Shutting down and abandoning module SceneDepthPickerMode (598)
[2018.08.27-22.28.47:271][744]LogModuleManager: Shutting down and abandoning module ActorPickerMode (596)
[2018.08.27-22.28.47:271][744]LogModuleManager: Shutting down and abandoning module GeometryMode (594)
[2018.08.27-22.28.47:310][744]LogModuleManager: Shutting down and abandoning module TextureAlignMode (592)
[2018.08.27-22.28.47:310][744]LogModuleManager: Shutting down and abandoning module BspMode (590)
[2018.08.27-22.28.47:311][744]LogModuleManager: Shutting down and abandoning module PIEPreviewDeviceProfileSelector (588)
[2018.08.27-22.28.47:322][744]LogModuleManager: Shutting down and abandoning module SequenceRecorderSections (586)
[2018.08.27-22.28.47:322][744]LogModuleManager: Shutting down and abandoning module AutomationWorker (584)
[2018.08.27-22.28.47:346][744]LogModuleManager: Shutting down and abandoning module AudioCaptureEditor (582)
[2018.08.27-22.28.47:368][744]LogModuleManager: Shutting down and abandoning module SequenceRecorder (581)
[2018.08.27-22.28.47:392][744]LogModuleManager: Shutting down and abandoning module MatineeToLevelSequence (578)
[2018.08.27-22.28.47:409][744]LogModuleManager: Shutting down and abandoning module LevelSequenceEditor (576)
[2018.08.27-22.28.47:475][744]LogModuleManager: Shutting down and abandoning module PlacementMode (575)
[2018.08.27-22.28.47:475][744]LogModuleManager: Shutting down and abandoning module MaterialEditor (574)
[2018.08.27-22.28.47:563][744]LogModuleManager: Shutting down and abandoning module WmfMediaFactory (570)
[2018.08.27-22.28.47:582][744]LogModuleManager: Shutting down and abandoning module WmfMediaEditor (568)
[2018.08.27-22.28.47:582][744]LogModuleManager: Shutting down and abandoning module MediaPlayerEditor (566)
[2018.08.27-22.28.47:624][744]LogModuleManager: Shutting down and abandoning module OpenExrWrapper (564)
[2018.08.27-22.28.47:625][744]LogModuleManager: Shutting down and abandoning module ImgMediaFactory (562)
[2018.08.27-22.28.47:625][744]LogModuleManager: Shutting down and abandoning module ImgMediaEditor (560)
[2018.08.27-22.28.47:625][744]LogModuleManager: Shutting down and abandoning module AvfMediaFactory (558)
[2018.08.27-22.28.47:625][744]LogModuleManager: Shutting down and abandoning module AvfMediaEditor (556)
[2018.08.27-22.28.47:625][744]LogModuleManager: Shutting down and abandoning module AndroidMediaFactory (554)
[2018.08.27-22.28.47:625][744]LogModuleManager: Shutting down and abandoning module AndroidMediaEditor (552)
[2018.08.27-22.28.47:625][744]LogModuleManager: Shutting down and abandoning module MagicLeapCameraPreviewFactory (550)
[2018.08.27-22.28.47:626][744]LogModuleManager: Shutting down and abandoning module MagicLeapMediaFactory (548)
[2018.08.27-22.28.47:651][744]LogModuleManager: Shutting down and abandoning module MagicLeapMediaEditor (546)
[2018.08.27-22.28.47:651][744]LogModuleManager: Shutting down and abandoning module CharacterAI (544)
[2018.08.27-22.28.47:651][744]LogModuleManager: Shutting down and abandoning module SmartSnapping (542)
[2018.08.27-22.28.47:658][744]LogModuleManager: Shutting down and abandoning module SessionServices (540)
[2018.08.27-22.28.47:658][744]LogModuleManager: Shutting down and abandoning module ViewportSnapping (538)
[2018.08.27-22.28.47:659][744]LogModuleManager: Shutting down and abandoning module ViewportInteraction (536)
[2018.08.27-22.28.47:659][744]LogModuleManager: Shutting down and abandoning module ClothPainter (534)
[2018.08.27-22.28.47:707][744]LogModuleManager: Shutting down and abandoning module SkeletalMeshEditor (533)
[2018.08.27-22.28.47:751][744]LogModuleManager: Shutting down and abandoning module LogVisualizer (530)
[2018.08.27-22.28.47:777][744]LogModuleManager: Shutting down and abandoning module IntroTutorials (528)
[2018.08.27-22.28.47:823][744]LogModuleManager: Shutting down and abandoning module GameProjectGeneration (527)
[2018.08.27-22.28.47:843][744]LogModuleManager: Shutting down and abandoning module LuminPlatformEditor (524)
[2018.08.27-22.28.47:843][744]LogModuleManager: Shutting down and abandoning module IOSPlatformEditor (522)
[2018.08.27-22.28.47:863][744]LogModuleManager: Shutting down and abandoning module HTML5PlatformEditor (520)
[2018.08.27-22.28.47:863][744]LogModuleManager: Shutting down and abandoning module AndroidPlatformEditor (518)
[2018.08.27-22.28.47:873][744]LogModuleManager: Shutting down and abandoning module AndroidDeviceDetection (517)
[2018.08.27-22.28.48:628][744]LogModuleManager: Shutting down and abandoning module WindowsPlatformEditor (514)
[2018.08.27-22.28.48:629][744]LogModuleManager: Shutting down and abandoning module LuminRuntimeSettings (512)
[2018.08.27-22.28.48:629][744]LogModuleManager: Shutting down and abandoning module IOSRuntimeSettings (510)
[2018.08.27-22.28.48:629][744]LogModuleManager: Shutting down and abandoning module AndroidRuntimeSettings (508)
[2018.08.27-22.28.48:629][744]LogModuleManager: Shutting down and abandoning module InputBindingEditor (506)
[2018.08.27-22.28.48:661][744]LogModuleManager: Shutting down and abandoning module MergeActors (504)
[2018.08.27-22.28.48:701][744]LogModuleManager: Shutting down and abandoning module LocalizationDashboard (502)
[2018.08.27-22.28.48:732][744]LogModuleManager: Shutting down and abandoning module LocalizationService (501)
[2018.08.27-22.28.48:742][744]LogModuleManager: Shutting down and abandoning module HardwareTargeting (498)
[2018.08.27-22.28.48:742][744]LogModuleManager: Shutting down and abandoning module DeviceProfileEditor (496)
[2018.08.27-22.28.48:756][744]LogModuleManager: Shutting down and abandoning module UndoHistory (494)
[2018.08.27-22.28.48:776][744]LogModuleManager: Shutting down and abandoning module XmlParser (492)
[2018.08.27-22.28.48:796][744]LogModuleManager: Shutting down and abandoning module Blutility (490)
[2018.08.27-22.28.48:809][744]LogModuleManager: Shutting down and abandoning module ProjectSettingsViewer (488)
[2018.08.27-22.28.48:824][744]LogModuleManager: Shutting down and abandoning module ProjectTargetPlatformEditor (487)
[2018.08.27-22.28.48:845][744]LogModuleManager: Shutting down and abandoning module EditorSettingsViewer (484)
[2018.08.27-22.28.48:868][744]LogModuleManager: Shutting down and abandoning module SettingsEditor (482)
[2018.08.27-22.28.48:907][744]LogModuleManager: Shutting down and abandoning module ProjectLauncher (480)
[2018.08.27-22.28.48:934][744]LogModuleManager: Shutting down and abandoning module SessionFrontend (478)
[2018.08.27-22.28.48:957][744]LogModuleManager: Shutting down and abandoning module ProfilerClient (476)
[2018.08.27-22.28.48:964][744]LogModuleManager: Shutting down and abandoning module DeviceManager (474)
[2018.08.27-22.28.48:982][744]LogModuleManager: Shutting down and abandoning module TargetDeviceServices (473)
[2018.08.27-22.28.49:082][744]LogModuleManager: Shutting down and abandoning module AutomationController (470)
[2018.08.27-22.28.49:124][744]LogModuleManager: Shutting down and abandoning module AutomationWindow (468)
[2018.08.27-22.28.49:150][744]LogModuleManager: Shutting down and abandoning module Layers (466)
[2018.08.27-22.28.49:201][744]LogModuleManager: Shutting down and abandoning module ComponentVisualizers (464)
[2018.08.27-22.28.49:201][744]LogModuleManager: Shutting down and abandoning module DetailCustomizations (462)
[2018.08.27-22.28.49:202][744]LogModuleManager: Shutting down and abandoning module PackagesDialog (460)
[2018.08.27-22.28.49:204][744]LogModuleManager: Shutting down and abandoning module Persona (458)
[2018.08.27-22.28.49:279][744]LogModuleManager: Shutting down and abandoning module AdvancedPreviewScene (457)
[2018.08.27-22.28.49:280][744]LogModuleManager: Shutting down and abandoning module AnimGraph (455)
[2018.08.27-22.28.49:300][744]LogModuleManager: Shutting down and abandoning module Kismet (452)
[2018.08.27-22.28.49:362][744]LogModuleManager: Shutting down and abandoning module GraphEditor (450)
[2018.08.27-22.28.49:420][744]LogModuleManager: Shutting down and abandoning module ClassViewer (448)
[2018.08.27-22.28.49:444][744]LogModuleManager: Shutting down and abandoning module Toolbox (446)
[2018.08.27-22.28.49:444][744]LogModuleManager: Shutting down and abandoning module ModuleUI (444)
[2018.08.27-22.28.49:463][744]LogModuleManager: Shutting down and abandoning module MovieSceneTools (442)
[2018.08.27-22.28.49:581][744]LogModuleManager: Shutting down and abandoning module OutputLog (440)
[2018.08.27-22.28.49:600][744]LogModuleManager: Shutting down and abandoning module GammaUI (438)
[2018.08.27-22.28.49:614][744]LogModuleManager: Shutting down and abandoning module Documentation (436)
[2018.08.27-22.28.49:616][744]LogModuleManager: Shutting down and abandoning module MovieSceneTracks (434)
[2018.08.27-22.28.49:616][744]LogModuleManager: Shutting down and abandoning module MovieScene (432)
[2018.08.27-22.28.49:664][744]LogModuleManager: Shutting down and abandoning module StreamingPauseRendering (430)
[2018.08.27-22.28.49:699][744]LogModuleManager: Shutting down and abandoning module LauncherPlatform (428)
[2018.08.27-22.28.49:699][744]LogModuleManager: Shutting down and abandoning module AnalyticsET (426)
[2018.08.27-22.28.49:699][744]LogModuleManager: Shutting down and abandoning module PortalServices (424)
[2018.08.27-22.28.49:699][744]LogModuleManager: Shutting down and abandoning module PortalRpc (422)
[2018.08.27-22.28.49:699][744]LogModuleManager: Shutting down and abandoning module MessagingRpc (420)
[2018.08.27-22.28.49:699][744]LogModuleManager: Shutting down and abandoning module AIModule (418)
[2018.08.27-22.28.49:747][744]LogModuleManager: Shutting down and abandoning module GameplayDebugger (417)
[2018.08.27-22.28.49:750][744]LogModuleManager: Shutting down and abandoning module AITestSuite (415)
[2018.08.27-22.28.49:773][744]LogModuleManager: Shutting down and abandoning module NavigationSystem (413)
[2018.08.27-22.28.49:773][744]LogModuleManager: Shutting down and abandoning module DesktopPlatform (410)
[2018.08.27-22.28.49:782][744]LogModuleManager: Shutting down and abandoning module ProfilerService (408)
[2018.08.27-22.28.49:833][744]LogModuleManager: Shutting down and abandoning module TaskGraph (406)
[2018.08.27-22.28.49:875][744]LogModuleManager: Shutting down and abandoning module SubstanceLiveLink (404)
[2018.08.27-22.28.49:917][744]LogModuleManager: Shutting down and abandoning module SubstanceSource (402)
[2018.08.27-22.28.49:942][744]LogModuleManager: Shutting down and abandoning module SubstanceEditor (400)
[2018.08.27-22.28.49:976][744]LogModuleManager: Shutting down and abandoning module SteamVRController (398)
[2018.08.27-22.28.49:976][744]LogModuleManager: Shutting down and abandoning module ProceduralMeshComponentEditor (396)
[2018.08.27-22.28.49:976][744]LogModuleManager: Shutting down and abandoning module ProceduralMeshComponent (394)
[2018.08.27-22.28.49:993][744]LogModuleManager: Shutting down and abandoning module OculusInput (392)
[2018.08.27-22.28.49:993][744]LogModuleManager: Shutting down and abandoning module MobilePatchingUtils (390)
[2018.08.27-22.28.49:993][744]LogModuleManager: Shutting down and abandoning module EditableMesh (388)
[2018.08.27-22.28.50:010][744]LogModuleManager: Shutting down and abandoning module CustomMeshComponent (386)
[2018.08.27-22.28.50:010][744]LogModuleManager: Shutting down and abandoning module CableComponent (384)
[2018.08.27-22.28.50:010][744]LogModuleManager: Shutting down and abandoning module AudioCapture (382)
[2018.08.27-22.28.50:010][744]LogModuleManager: Shutting down and abandoning module ArchVisCharacter (380)
[2018.08.27-22.28.50:010][744]LogModuleManager: Shutting down and abandoning module AndroidPermission (378)
[2018.08.27-22.28.50:010][744]LogModuleManager: Shutting down and abandoning module NUTUnrealEngine4 (376)
[2018.08.27-22.28.50:010][744]LogModuleManager: Shutting down and abandoning module NetcodeUnitTest (374)
[2018.08.27-22.28.50:067][744]LogModuleManager: Shutting down and abandoning module MediaCompositingEditor (372)
[2018.08.27-22.28.50:081][744]LogModuleManager: Shutting down and abandoning module MediaCompositing (370)
[2018.08.27-22.28.50:081][744]LogModuleManager: Shutting down and abandoning module LinearTimecode (368)
[2018.08.27-22.28.50:081][744]LogModuleManager: Shutting down and abandoning module ImgMedia (366)
[2018.08.27-22.28.50:110][744]LogModuleManager: Shutting down and abandoning module HTML5Networking (364)
[2018.08.27-22.28.50:111][744]LogModuleManager: Shutting down and abandoning module GeometryCacheTracks (362)
[2018.08.27-22.28.50:111][744]LogModuleManager: Shutting down and abandoning module GeometryCacheSequencer (360)
[2018.08.27-22.28.50:111][744]LogModuleManager: Shutting down and abandoning module BackChannel (358)
[2018.08.27-22.28.50:123][744]LogModuleManager: Shutting down and abandoning module AppleVision (356)
[2018.08.27-22.28.50:124][744]LogModuleManager: Shutting down and abandoning module AppleImageUtils (354)
[2018.08.27-22.28.50:124][744]LogModuleManager: Shutting down and abandoning module AlembicImporter (352)
[2018.08.27-22.28.50:124][744]LogModuleManager: Shutting down and abandoning module AlembicLibrary (351)
[2018.08.27-22.28.50:124][744]LogModuleManager: Shutting down and abandoning module GeometryCache (350)
[2018.08.27-22.28.50:124][744]LogModuleManager: Shutting down and abandoning module GeometryCacheEd (349)
[2018.08.27-22.28.50:124][744]LogModuleManager: Shutting down and abandoning module DatasmithContentEditor (344)
[2018.08.27-22.28.50:138][744]LogModuleManager: Shutting down and abandoning module DatasmithContent (342)
[2018.08.27-22.28.50:139][744]LogModuleManager: Shutting down and abandoning module SpeedTreeImporter (340)
[2018.08.27-22.28.50:139][744]LogModuleManager: Shutting down and abandoning module PluginBrowser (338)
[2018.08.27-22.28.50:179][744]LogModuleManager: Shutting down and abandoning module MobileLauncherProfileWizard (336)
[2018.08.27-22.28.50:187][744]LogModuleManager: Shutting down and abandoning module PolygonModeling (334)
[2018.08.27-22.28.50:187][744]LogModuleManager: Shutting down and abandoning module MeshEditor (332)
[2018.08.27-22.28.50:202][744]LogModuleManager: Shutting down and abandoning module CryptoKeysOpenSSL (330)
[2018.08.27-22.28.50:207][744]LogModuleManager: Shutting down and abandoning module CryptoKeys (328)
[2018.08.27-22.28.50:208][744]LogModuleManager: Shutting down and abandoning module VisualStudioSourceCodeAccess (326)
[2018.08.27-22.28.50:216][744]LogModuleManager: Shutting down and abandoning module VisualStudioCodeSourceCodeAccess (324)
[2018.08.27-22.28.50:216][744]LogModuleManager: Shutting down and abandoning module UObjectPlugin (322)
[2018.08.27-22.28.50:216][744]LogModuleManager: Shutting down and abandoning module SubversionSourceControl (320)
[2018.08.27-22.28.50:231][744]LogModuleManager: Shutting down and abandoning module PerforceSourceControl (318)
[2018.08.27-22.28.50:264][744]LogModuleManager: Shutting down and abandoning module GitSourceControl (316)
[2018.08.27-22.28.50:282][744]LogModuleManager: Shutting down and abandoning module SourceControl (315)
[2018.08.27-22.28.50:303][744]LogModuleManager: Shutting down and abandoning module CLionSourceCodeAccess (312)
[2018.08.27-22.28.50:304][744]LogModuleManager: Shutting down and abandoning module LightPropagationVolumeEditor (310)
[2018.08.27-22.28.50:304][744]LogModuleManager: Shutting down and abandoning module PaperTiledImporter (308)
[2018.08.27-22.28.50:304][744]LogModuleManager: Shutting down and abandoning module PaperSpriteSheetImporter (306)
[2018.08.27-22.28.50:304][744]LogModuleManager: Shutting down and abandoning module Paper2DEditor (304)
[2018.08.27-22.28.50:335][744]LogModuleManager: Shutting down and abandoning module MeshPaint (303)
[2018.08.27-22.28.50:347][744]LogModuleManager: Shutting down and abandoning module RuntimePhysXCooking (300)
[2018.08.27-22.28.50:347][744]LogModuleManager: Shutting down and abandoning module PhysXVehiclesEditor (298)
[2018.08.27-22.28.50:356][744]LogModuleManager: Shutting down and abandoning module PhysXVehicles (296)
[2018.08.27-22.28.50:356][744]LogModuleManager: Shutting down and abandoning module OculusEditor (294)
[2018.08.27-22.28.50:371][744]LogModuleManager: Shutting down and abandoning module LocationServicesBPLibrary (292)
[2018.08.27-22.28.50:371][744]LogModuleManager: Shutting down and abandoning module ImmediatePhysicsEditor (290)
[2018.08.27-22.28.50:372][744]LogModuleManager: Shutting down and abandoning module ImmediatePhysics (288)
[2018.08.27-22.28.50:372][744]LogModuleManager: Shutting down and abandoning module ActorSequence (286)
[2018.08.27-22.28.50:372][744]LogModuleManager: Shutting down and abandoning module UdpMessaging (284)
[2018.08.27-22.28.50:472][744]LogModuleManager: Shutting down and abandoning module TcpMessaging (282)
[2018.08.27-22.28.50:603][744]LogModuleManager: Shutting down and abandoning module SubstanceCore (280)
[2018.08.27-22.28.50:654][744]LogModuleManager: Shutting down and abandoning module MagicLeapAudio (278)
[2018.08.27-22.28.50:654][744]LogModuleManager: Shutting down and abandoning module GameplayTagsEditor (276)
[2018.08.27-22.28.50:689][744]LogModuleManager: Shutting down and abandoning module FacialAnimationEditor (274)
[2018.08.27-22.28.50:706][744]LogModuleManager: Shutting down and abandoning module FacialAnimation (272)
[2018.08.27-22.28.50:706][744]LogModuleManager: Shutting down and abandoning module DataValidation (270)
[2018.08.27-22.28.50:711][744]LogModuleManager: Shutting down and abandoning module AssetManagerEditor (268)
[2018.08.27-22.28.50:733][744]LogModuleManager: Shutting down and abandoning module LevelEditor (267)
[2018.08.27-22.28.50:780][744]LogModuleManager: Shutting down and abandoning module PixelInspectorModule (266)
[2018.08.27-22.28.50:813][744]LogModuleManager: Shutting down and abandoning module CommonMenuExtensions (264)
[2018.08.27-22.28.50:830][744]LogModuleManager: Shutting down and abandoning module MainFrame (262)
[2018.08.27-22.28.50:830][744]LogModuleManager: Shutting down and abandoning module HotReload (261)
[2018.08.27-22.28.50:852][744]LogModuleManager: Shutting down and abandoning module ContentBrowser (257)
[2018.08.27-22.28.50:864][744]LogModuleManager: Shutting down and abandoning module TreeMap (255)
[2018.08.27-22.28.50:873][744]LogModuleManager: Shutting down and abandoning module LightPropagationVolumeRuntime (252)
[2018.08.27-22.28.50:874][744]LogModuleManager: Shutting down and abandoning module AISupportModule (250)
[2018.08.27-22.28.50:874][744]LogModuleManager: Shutting down and abandoning module Paper2D (248)
[2018.08.27-22.28.50:874][744]LogModuleManager: Shutting down and abandoning module WindowsMoviePlayer (246)
[2018.08.27-22.28.50:892][744]LogModuleManager: Shutting down and abandoning module WmfMedia (244)
[2018.08.27-22.28.50:920][744]LogModuleManager: Shutting down and abandoning module Media (243)
[2018.08.27-22.28.50:928][744]LogModuleManager: Shutting down and abandoning module PacketHandler (240)
[2018.08.27-22.28.50:928][744]LogModuleManager: Shutting down and abandoning module ClothingSystemEditor (238)
[2018.08.27-22.28.50:928][744]LogModuleManager: Shutting down and abandoning module ClothingSystemRuntime (236)
[2018.08.27-22.28.50:992][744]LogModuleManager: Shutting down and abandoning module MediaAssets (234)
[2018.08.27-22.28.50:992][744]LogModuleManager: Shutting down and abandoning module Overlay (232)
[2018.08.27-22.28.50:992][744]LogModuleManager: Shutting down and abandoning module OverlayEditor (231)
[2018.08.27-22.28.50:992][744]LogModuleManager: Shutting down and abandoning module VREditor (228)
[2018.08.27-22.28.51:003][744]LogModuleManager: Shutting down and abandoning module StringTableEditor (226)
[2018.08.27-22.28.51:021][744]LogModuleManager: Shutting down and abandoning module GameplayTasksEditor (224)
[2018.08.27-22.28.51:021][744]LogModuleManager: Shutting down and abandoning module BehaviorTreeEditor (222)
[2018.08.27-22.28.51:081][744]LogModuleManager: Shutting down and abandoning module FunctionalTesting (220)
[2018.08.27-22.28.51:093][744]LogModuleManager: Shutting down and abandoning module CollisionAnalyzer (218)
[2018.08.27-22.28.51:147][744]LogModuleManager: Shutting down and abandoning module WorkspaceMenuStructure (217)
[2018.08.27-22.28.51:220][744]LogModuleManager: Shutting down and abandoning module UMG (214)
[2018.08.27-22.28.51:247][744]LogModuleManager: Shutting down and abandoning module UMGEditor (213)
[2018.08.27-22.28.51:282][744]LogModuleManager: Shutting down and abandoning module Sequencer (212)
[2018.08.27-22.28.51:339][744]LogModuleManager: Shutting down and abandoning module MessageLog (209)
[2018.08.27-22.28.51:339][744]LogModuleManager: Shutting down and abandoning module SlateReflector (204)
[2018.08.27-22.28.51:379][744]LogModuleManager: Shutting down and abandoning module Slate (202)
[2018.08.27-22.28.51:380][744]LogModuleManager: Shutting down and abandoning module EditorStyle (200)
[2018.08.27-22.28.51:505][744]LogModuleManager: Shutting down and abandoning module MRMesh (198)
[2018.08.27-22.28.51:505][744]LogModuleManager: Shutting down and abandoning module SourceCodeAccess (196)
[2018.08.27-22.28.51:526][744]LogModuleManager: Shutting down and abandoning module HeadMountedDisplay (194)
[2018.08.27-22.28.51:540][744]LogModuleManager: Shutting down and abandoning module XAudio2 (192)
[2018.08.27-22.28.51:540][744]LogModuleManager: Shutting down and abandoning module Networking (190)
[2018.08.27-22.28.51:540][744]LogModuleManager: Shutting down and abandoning module Core (188)
[2018.08.27-22.28.51:540][744]LogModuleManager: Shutting down and abandoning module LevelSequence (186)
[2018.08.27-22.28.51:540][744]LogModuleManager: Shutting down and abandoning module KismetCompiler (184)
[2018.08.27-22.28.51:540][744]LogModuleManager: Shutting down and abandoning module MeshUtilities (182)
[2018.08.27-22.28.51:564][744]LogModuleManager: Shutting down and abandoning module MeshMergeUtilities (181)
[2018.08.27-22.28.51:576][744]LogModuleManager: Shutting down and abandoning module MeshReductionInterface (180)
[2018.08.27-22.28.51:577][744]LogModuleManager: Shutting down and abandoning module SimplygonSwarm (179)
[2018.08.27-22.28.51:592][744]LogModuleManager: Shutting down and abandoning module ProxyLODMeshReduction (177)
[2018.08.27-22.28.51:635][744]LogModuleManager: Shutting down and abandoning module SimplygonMeshReduction (175)
[2018.08.27-22.28.51:659][744]LogModuleManager: Shutting down and abandoning module QuadricMeshReduction (173)
[2018.08.27-22.28.51:675][744]LogModuleManager: Shutting down and abandoning module MaterialBaking (169)
[2018.08.27-22.28.51:692][744]LogModuleManager: Shutting down and abandoning module DirectoryWatcher (165)
[2018.08.27-22.28.51:708][744]LogModuleManager: Shutting down and abandoning module DerivedDataCache (162)
[2018.08.27-22.28.51:776][744]LogDerivedDataCache: Shutdown
[2018.08.27-22.28.51:776][744]LogModuleManager: Shutting down and abandoning module XGEController (160)
[2018.08.27-22.28.51:796][744]LogXGEController: Cleaning working directory: C:/Users/mikey/AppData/Local/Temp/UnrealXGEWorkingDir/
[2018.08.27-22.28.51:797][744]LogModuleManager: Shutting down and abandoning module TargetPlatform (158)
[2018.08.27-22.28.51:811][744]LogModuleManager: Shutting down and abandoning module VulkanShaderFormat (157)
[2018.08.27-22.28.51:831][744]LogModuleManager: Shutting down and abandoning module ShaderFormatVectorVM (155)
[2018.08.27-22.28.51:853][744]LogModuleManager: Shutting down and abandoning module ShaderFormatOpenGL (153)
[2018.08.27-22.28.51:866][744]LogModuleManager: Shutting down and abandoning module ShaderFormatD3D (151)
[2018.08.27-22.28.51:883][744]LogModuleManager: Shutting down and abandoning module MetalShaderFormat (149)
[2018.08.27-22.28.51:911][744]LogModuleManager: Shutting down and abandoning module TextureFormatUncompressed (147)
[2018.08.27-22.28.51:912][744]LogModuleManager: Shutting down and abandoning module TextureFormatPVR (145)
[2018.08.27-22.28.51:912][744]LogModuleManager: Shutting down and abandoning module TextureFormatDXT (143)
[2018.08.27-22.28.51:928][744]LogModuleManager: Shutting down and abandoning module TextureFormatIntelISPCTexComp (141)
[2018.08.27-22.28.51:970][744]LogModuleManager: Shutting down and abandoning module TextureFormatASTC (139)
[2018.08.27-22.28.51:970][744]LogModuleManager: Shutting down and abandoning module ImageWrapper (138)
[2018.08.27-22.28.51:970][744]LogModuleManager: Shutting down and abandoning module TextureFormatAndroid (135)
[2018.08.27-22.28.52:001][744]LogModuleManager: Shutting down and abandoning module AudioFormatOpus (133)
[2018.08.27-22.28.52:001][744]LogModuleManager: Shutting down and abandoning module AudioFormatOgg (131)
[2018.08.27-22.28.52:001][744]LogModuleManager: Shutting down and abandoning module AudioFormatADPCM (129)
[2018.08.27-22.28.52:001][744]LogModuleManager: Shutting down and abandoning module LuminTargetPlatform (127)
[2018.08.27-22.28.52:017][744]LogModuleManager: Shutting down and abandoning module LinuxTargetPlatform (125)
[2018.08.27-22.28.52:036][744]LogModuleManager: Shutting down and abandoning module LinuxServerTargetPlatform (123)
[2018.08.27-22.28.52:058][744]LogModuleManager: Shutting down and abandoning module LinuxNoEditorTargetPlatform (121)
[2018.08.27-22.28.52:083][744]LogModuleManager: Shutting down and abandoning module LinuxClientTargetPlatform (119)
[2018.08.27-22.28.52:095][744]LogModuleManager: Shutting down and abandoning module TVOSTargetPlatform (117)
[2018.08.27-22.28.52:315][744]LogModuleManager: Shutting down and abandoning module Messaging (115)
[2018.08.27-22.28.52:315][744]LogModuleManager: Shutting down and abandoning module IOSTargetPlatform (113)
[2018.08.27-22.28.52:336][744]LogModuleManager: Shutting down and abandoning module HTML5TargetPlatform (111)
[2018.08.27-22.28.52:336][744]LogModuleManager: Shutting down and abandoning module AndroidTargetPlatform (109)
[2018.08.27-22.28.52:530][744]LogModuleManager: Shutting down and abandoning module WindowsTargetPlatform (107)
[2018.08.27-22.28.52:531][744]LogModuleManager: Shutting down and abandoning module WindowsServerTargetPlatform (105)
[2018.08.27-22.28.52:561][744]LogModuleManager: Shutting down and abandoning module WindowsNoEditorTargetPlatform (103)
[2018.08.27-22.28.52:570][744]LogModuleManager: Shutting down and abandoning module WindowsClientTargetPlatform (101)
[2018.08.27-22.28.52:595][744]LogModuleManager: Shutting down and abandoning module MacTargetPlatform (99)
[2018.08.27-22.28.52:595][744]LogModuleManager: Shutting down and abandoning module MacServerTargetPlatform (97)
[2018.08.27-22.28.52:636][744]LogModuleManager: Shutting down and abandoning module MacNoEditorTargetPlatform (95)
[2018.08.27-22.28.52:643][744]LogModuleManager: Shutting down and abandoning module MacClientTargetPlatform (93)
[2018.08.27-22.28.52:660][744]LogModuleManager: Shutting down and abandoning module AllDesktopTargetPlatform (91)
[2018.08.27-22.28.52:660][744]LogModuleManager: Shutting down and abandoning module InputCore (88)
[2018.08.27-22.28.52:660][744]LogModuleManager: Shutting down and abandoning module Settings (86)
[2018.08.27-22.28.52:660][744]LogModuleManager: Shutting down and abandoning module PhysXCooking (84)
[2018.08.27-22.28.52:660][744]LogModuleManager: Shutting down and abandoning module SteamVR (82)
[2018.08.27-22.28.52:661][744]LogModuleManager: Shutting down and abandoning module OculusHMD (80)
[2018.08.27-22.28.52:680][744]LogModuleManager: Shutting down and abandoning module ExampleDeviceProfileSelector (78)
[2018.08.27-22.28.52:680][744]LogModuleManager: Shutting down and abandoning module LauncherChunkInstaller (76)
[2018.08.27-22.28.52:680][744]LogModuleManager: Shutting down and abandoning module OnlineBlueprintSupport (74)
[2018.08.27-22.28.52:680][744]LogModuleManager: Shutting down and abandoning module OnlineSubsystem (70)
[2018.08.27-22.28.52:727][744]LogModuleManager: Shutting down and abandoning module XMPP (65)
[2018.08.27-22.28.52:759][744]LogModuleManager: Shutting down and abandoning module WebSockets (64)
[2018.08.27-22.28.52:887][744]LogModuleManager: Shutting down and abandoning module HTTP (61)
[2018.08.27-22.28.52:909][744]LogHttp: Display: Http module shutting down, but needs to wait on 1 outstanding Http requests:
[2018.08.27-22.28.52:910][744]LogHttp: Display: 	verb=[POST] url=[https://datarouter.ol.epicgames.com/datarouter/api/v1/public/data?SessionID=%7B1C9E6F13-4F10-BE08-8727-54805E453EF1%7D&AppID=UEEditor.Rocket.Release&AppVersion=4.20.0-4212847%2B%2B%2BUE4%2BRelease-4.20&UserID=31027a594662a0b97be24a9d90c3d532%7C9aea4035aae84fc6a50e2bbd0bcac9c5%7C272cb1e4-9c96-41d3-8475-4726cc712451&AppEnvironment=datacollector-binary&UploadType=eteventstream] status=Processing
[2018.08.27-22.28.52:944][744]LogModuleManager: Shutting down and abandoning module SSL (60)
[2018.08.27-22.28.53:037][744]LogModuleManager: Shutting down and abandoning module MagicLeapEmulator (56)
[2018.08.27-22.28.53:037][744]LogModuleManager: Shutting down and abandoning module MagicLeapPrivileges (54)
[2018.08.27-22.28.53:037][744]LogModuleManager: Shutting down and abandoning module MagicLeapIdentity (52)
[2018.08.27-22.28.53:037][744]LogModuleManager: Shutting down and abandoning module MagicLeapHelperVulkan (50)
[2018.08.27-22.28.53:037][744]LogModuleManager: Shutting down and abandoning module MagicLeapHelperOpenGL (48)
[2018.08.27-22.28.53:037][744]LogModuleManager: Shutting down and abandoning module MagicLeapSecureStorage (46)
[2018.08.27-22.28.53:037][744]LogModuleManager: Shutting down and abandoning module MagicLeapGestures (44)
[2018.08.27-22.28.53:050][744]LogModuleManager: Shutting down and abandoning module MagicLeapEyeTracker (42)
[2018.08.27-22.28.53:050][744]LogModuleManager: Shutting down and abandoning module MagicLeapController (40)
[2018.08.27-22.28.53:065][744]LogSlate: Slate User Destroyed.  User Index 0, Is Virtual User: 0
[2018.08.27-22.28.53:065][744]LogModuleManager: Shutting down and abandoning module MagicLeap (38)
[2018.08.27-22.28.53:080][744]LogModuleManager: Shutting down and abandoning module AnimationModifiers (36)
[2018.08.27-22.28.53:104][744]LogModuleManager: Shutting down and abandoning module PropertyEditor (35)
[2018.08.27-22.28.53:189][744]LogModuleManager: Shutting down and abandoning module AudioEditor (32)
[2018.08.27-22.28.53:230][744]LogModuleManager: Shutting down and abandoning module TextureCompressor (30)
[2018.08.27-22.28.53:323][744]LogModuleManager: Shutting down and abandoning module ShaderCore (28)
[2018.08.27-22.28.53:323][744]LogModuleManager: Shutting down and abandoning module Landscape (26)
[2018.08.27-22.28.53:323][744]LogModuleManager: Shutting down and abandoning module SlateRHIRenderer (24)
[2018.08.27-22.28.53:366][744]LogModuleManager: Shutting down and abandoning module OpenGLDrv (22)
[2018.08.27-22.28.53:389][744]LogModuleManager: Shutting down and abandoning module D3D11RHI (20)
[2018.08.27-22.28.53:390][744]LogModuleManager: Shutting down and abandoning module AnimGraphRuntime (18)
[2018.08.27-22.28.53:390][744]LogModuleManager: Shutting down and abandoning module Renderer (16)
[2018.08.27-22.28.53:390][744]LogModuleManager: Shutting down and abandoning module Engine (14)
[2018.08.27-22.28.53:390][744]LogModuleManager: Shutting down and abandoning module CoreUObject (12)
[2018.08.27-22.28.53:391][744]LogModuleManager: Shutting down and abandoning module NetworkFile (10)
[2018.08.27-22.28.53:408][744]LogModuleManager: Shutting down and abandoning module CookedIterativeFile (8)
[2018.08.27-22.28.53:408][744]LogModuleManager: Shutting down and abandoning module StreamingFile (6)
[2018.08.27-22.28.53:429][744]LogModuleManager: Shutting down and abandoning module SandboxFile (4)
[2018.08.27-22.28.53:449][744]LogModuleManager: Shutting down and abandoning module PakFile (2)
[2018.08.27-22.28.53:557][744]LogExit: Exiting.
[2018.08.27-22.28.53:650][744]Log file closed, 08/27/18 23:28:53
