Log file open, 09/02/18 13:17:05
LogWindows: Failed to load 'aqProf.dll' (GetLastError=126)
LogWindows: File 'aqProf.dll' does not exist
LogWindows: Failed to load 'VtuneApi.dll' (GetLastError=126)
LogWindows: File 'VtuneApi.dll' does not exist
LogWindows: Failed to load 'VtuneApi32e.dll' (GetLastError=126)
LogWindows: File 'VtuneApi32e.dll' does not exist
LogInit: Display: Running engine for game: BeyondHuman
LogPlatformFile: Not using cached read wrapper
LogTaskGraph: Started task graph with 5 named threads and 23 total threads with 3 sets of task threads.
LogStats: Stats thread started at 1.024580
LogD3D11RHI: Loaded GFSDK_Aftermath_Lib.x64.dll
LogICUInternationalization: Display: ICU TimeZone Detection - Raw Offset: +0:00, Platform Override: ''
LogPluginManager: Mounting plugin Paper2D
LogPluginManager: Mounting plugin AISupport
LogPluginManager: Mounting plugin LightPropagationVolume
LogPluginManager: Mounting plugin CLionSourceCodeAccess
LogPluginManager: Mounting plugin CodeLiteSourceCodeAccess
LogPluginManager: Mounting plugin GitSourceControl
LogPluginManager: Mounting plugin KDevelopSourceCodeAccess
LogPluginManager: Mounting plugin NullSourceCodeAccess
LogPluginManager: Mounting plugin PerforceSourceControl
LogPluginManager: Mounting plugin SubversionSourceControl
LogPluginManager: Mounting plugin UObjectPlugin
LogPluginManager: Mounting plugin VisualStudioCodeSourceCodeAccess
LogPluginManager: Mounting plugin VisualStudioSourceCodeAccess
LogPluginManager: Mounting plugin XCodeSourceCodeAccess
LogPluginManager: Mounting plugin AssetManagerEditor
LogPluginManager: Mounting plugin CryptoKeys
LogPluginManager: Mounting plugin DataValidation
LogPluginManager: Mounting plugin FacialAnimation
LogPluginManager: Mounting plugin GameplayTagsEditor
LogPluginManager: Mounting plugin MacGraphicsSwitching
LogPluginManager: Mounting plugin MeshEditor
LogPluginManager: Mounting plugin MobileLauncherProfileWizard
LogPluginManager: Mounting plugin PluginBrowser
LogPluginManager: Mounting plugin SpeedTreeImporter
LogPluginManager: Mounting plugin DatasmithContent
LogPluginManager: Mounting plugin AlembicImporter
LogPluginManager: Mounting plugin AppleImageUtils
LogPluginManager: Mounting plugin AppleVision
LogPluginManager: Mounting plugin BackChannel
LogPluginManager: Mounting plugin CharacterAI
LogPluginManager: Mounting plugin GeometryCache
LogPluginManager: Mounting plugin HTML5Networking
LogPluginManager: Mounting plugin ProxyLODPlugin
LogPluginManager: Mounting plugin MagicLeap
LogPluginManager: Mounting plugin MagicLeapEmulator
LogPluginManager: Mounting plugin MagicLeapMedia
LogPluginManager: Mounting plugin Substance
LogPluginManager: Mounting plugin AndroidMedia
LogPluginManager: Mounting plugin AvfMedia
LogPluginManager: Mounting plugin ImgMedia
LogPluginManager: Mounting plugin LinearTimecode
LogPluginManager: Mounting plugin MediaCompositing
LogPluginManager: Mounting plugin MediaPlayerEditor
LogPluginManager: Mounting plugin WmfMedia
LogPluginManager: Mounting plugin TcpMessaging
LogPluginManager: Mounting plugin UdpMessaging
LogPluginManager: Mounting plugin ActorSequence
LogPluginManager: Mounting plugin LevelSequenceEditor
LogPluginManager: Mounting plugin MatineeToLevelSequence
LogPluginManager: Mounting plugin NetcodeUnitTest
LogPluginManager: Mounting plugin NUTUnrealEngine4
LogPluginManager: Mounting plugin OnlineSubsystemGooglePlay
LogPluginManager: Mounting plugin OnlineSubsystemIOS
LogPluginManager: Mounting plugin OnlineSubsystem
LogPluginManager: Mounting plugin OnlineSubsystemNull
LogPluginManager: Mounting plugin OnlineSubsystemUtils
LogPluginManager: Mounting plugin LauncherChunkInstaller
LogPluginManager: Mounting plugin AndroidDeviceProfileSelector
LogPluginManager: Mounting plugin AndroidMoviePlayer
LogPluginManager: Mounting plugin AndroidPermission
LogPluginManager: Mounting plugin AppleMoviePlayer
LogPluginManager: Mounting plugin ArchVisCharacter
LogPluginManager: Mounting plugin AudioCapture
LogPluginManager: Mounting plugin CableComponent
LogPluginManager: Mounting plugin CustomMeshComponent
LogPluginManager: Mounting plugin EditableMesh
LogPluginManager: Mounting plugin ExampleDeviceProfileSelector
LogPluginManager: Mounting plugin GoogleCloudMessaging
LogPluginManager: Mounting plugin ImmediatePhysics
LogPluginManager: Mounting plugin IOSDeviceProfileSelector
LogPluginManager: Mounting plugin LinuxDeviceProfileSelector
LogPluginManager: Mounting plugin LocationServicesBPLibrary
LogPluginManager: Mounting plugin MobilePatchingUtils
LogPluginManager: Mounting plugin OculusVR
LogPluginManager: Plugin shader directory ../../../Engine/Plugins/Runtime/Oculus/OculusVR/Shaders found
LogPluginManager: Mapping shader source directory ../../../Engine/Plugins/Runtime/Oculus/OculusVR/Shaders to virtual directory /Plugin/OculusVR
LogPluginManager: Mounting plugin PhysXVehicles
LogPluginManager: Mounting plugin ProceduralMeshComponent
LogPluginManager: Mounting plugin RuntimePhysXCooking
LogPluginManager: Mounting plugin SteamVR
LogPluginManager: Mounting plugin WindowsMoviePlayer
LogStreaming: Display: Took  0.222s to configure plugins.
LogInit: Using libcurl 7.55.1-DEV
LogInit:  - built for x86_64-pc-win32
LogInit:  - supports SSL with OpenSSL/1.0.2h
LogInit:  - supports HTTP deflate (compression) using libz 1.2.8
LogInit:  - other features:
LogInit:      CURL_VERSION_SSL
LogInit:      CURL_VERSION_LIBZ
LogInit:      CURL_VERSION_IPV6
LogInit:      CURL_VERSION_ASYNCHDNS
LogInit:      CURL_VERSION_LARGEFILE
LogInit:      CURL_VERSION_IDN
LogInit:  CurlRequestOptions (configurable via config and command line):
LogInit:  - bVerifyPeer = false  - Libcurl will NOT verify peer certificate
LogInit:  - bUseHttpProxy = false  - Libcurl will NOT use HTTP proxy
LogInit:  - bDontReuseConnections = false  - Libcurl will reuse connections
LogInit:  - CertBundlePath = nullptr  - Libcurl will use whatever was configured at build time.
LogInit:  - MaxHostConnections = 16  - Libcurl will limit the number of connections to a host
LogInit:  - LocalHostAddr = Default
LogInit:  - BufferSize = 65536
LogInit: WinSock: version 1.1 (2.2), MaxSocks=32767, MaxUdp=65467
LogInit: Build: ++UE4+Release-4.20-CL-4212847
LogInit: Engine Version: 4.20.0-4212847+++UE4+Release-4.20
LogInit: Compatible Engine Version: 4.20.0-4212847+++UE4+Release-4.20
LogInit: Net CL: 4212847
LogInit: OS: Windows 10 (), CPU:        Intel(R) Core(TM) i7-2600K CPU @ 3.40GHz, GPU: NVIDIA GeForce GTX 970
LogInit: Compiled (64-bit): Jul 14 2018 09:51:14
LogInit: Compiled with Visual C++: 19.13.26129.00
LogInit: Build Configuration: Development
LogInit: Branch Name: ++UE4+Release-4.20
LogInit: Command Line:  
LogInit: Base Directory: C:/Program Files/Epic Games/UE_4.20/Engine/Binaries/Win64/
LogInit: Installed Engine Build: 1
LogDevObjectVersion: Number of dev versions registered: 20
LogDevObjectVersion:   Dev-Blueprints (B0D832E4-1F89-4F0D-ACCF-7EB736FD4AA2): 10
LogDevObjectVersion:   Dev-Build (E1C64328-A22C-4D53-A36C-8E866417BD8C): 0
LogDevObjectVersion:   Dev-Core (375EC13C-06E4-48FB-B500-84F0262A717E): 2
LogDevObjectVersion:   Dev-Editor (E4B068ED-F494-42E9-A231-DA0B2E46BB41): 24
LogDevObjectVersion:   Dev-Framework (CFFC743F-43B0-4480-9391-14DF171D2073): 34
LogDevObjectVersion:   Dev-Mobile (B02B49B5-BB20-44E9-A304-32B752E40360): 2
LogDevObjectVersion:   Dev-Networking (A4E4105C-59A1-49B5-A7C5-40C4547EDFEE): 0
LogDevObjectVersion:   Dev-Online (39C831C9-5AE6-47DC-9A44-9C173E1C8E7C): 0
LogDevObjectVersion:   Dev-Physics (78F01B33-EBEA-4F98-B9B4-84EACCB95AA2): 0
LogDevObjectVersion:   Dev-Platform (6631380F-2D4D-43E0-8009-CF276956A95A): 0
LogDevObjectVersion:   Dev-Rendering (12F88B9F-8875-4AFC-A67C-D90C383ABD29): 26
LogDevObjectVersion:   Dev-Sequencer (7B5AE74C-D270-4C10-A958-57980B212A5A): 9
LogDevObjectVersion:   Dev-VR (D7296918-1DD6-4BDD-9DE2-64A83CC13884): 2
LogDevObjectVersion:   Dev-LoadTimes (C2A15278-BFE7-4AFE-6C17-90FF531DF755): 1
LogDevObjectVersion:   Private-Geometry (6EACA3D4-40EC-4CC1-B786-8BED09428FC5): 3
LogDevObjectVersion:   Dev-AnimPhys (29E575DD-E0A3-4627-9D10-D276232CDCEA): 17
LogDevObjectVersion:   Dev-ReflectionCapture (6B266CEC-1EC7-4B8F-A30B-E4D90942FC07): 1
LogDevObjectVersion:   Dev-Automation (0DF73D61-A23F-47EA-B727-89E90C41499A): 1
LogDevObjectVersion:   FortniteMain (601D1886-AC64-4F84-AA16-D3DE0DEAC7D6): 12
LogDevObjectVersion:   Dev-Enterprise (9DFFBCD6-494F-0158-E221-12823C92A888): 1
LogStreaming: Display: Took  0.003s to delete old logs.
LogInit: Presizing for max 8388607 objects, including 0 objects not considered by GC, pre-allocating 0 bytes for permanent pool.
LogInit: Object subsystem initialized
[2018.09.02-12.17.06:472][  0]LogInit: Selected Device Profile: [Windows]
[2018.09.02-12.17.06:473][  0]LogInit: Applying CVar settings loaded from the selected device profile: [Windows]
[2018.09.02-12.17.06:508][  0]LogHAL: Display: Platform has ~ 16 GB [17160146944 / 17179869184 / 16], which maps to Larger [LargestMinGB=32, LargerMinGB=12, DefaultMinGB=8, SmallerMinGB=6, SmallestMinGB=0)
[2018.09.02-12.17.06:508][  0]LogInit: Setting Device Profile CVar: [[r.Vulkan.UseRealUBs:1]]
[2018.09.02-12.17.06:508][  0]LogInit: Going up to parent DeviceProfile []
[2018.09.02-12.17.06:511][  0]LogInit: Computer: DESKTOP-45O6R3R
[2018.09.02-12.17.06:511][  0]LogInit: User: mikey
[2018.09.02-12.17.06:511][  0]LogInit: CPU Page size=4096, Cores=4
[2018.09.02-12.17.06:511][  0]LogInit: High frequency timer resolution =3.331181 MHz
[2018.09.02-12.17.06:511][  0]LogMemory: Memory total: Physical=16.0GB (16GB approx)
[2018.09.02-12.17.06:511][  0]LogMemory: Platform Memory Stats for Windows
[2018.09.02-12.17.06:511][  0]LogMemory: Process Physical Memory: 99.80 MB used, 99.80 MB peak
[2018.09.02-12.17.06:511][  0]LogMemory: Process Virtual Memory: 90.86 MB used, 90.86 MB peak
[2018.09.02-12.17.06:511][  0]LogMemory: Physical Memory: 10700.14 MB used,  5665.05 MB free, 16365.19 MB total
[2018.09.02-12.17.06:511][  0]LogMemory: Virtual Memory: 4640.43 MB used,  5665.05 MB free, 134217728.00 MB total
[2018.09.02-12.17.06:654][  0]LogInit: Using OS detected language (en-US).
[2018.09.02-12.17.06:654][  0]LogInit: Using OS detected locale (en-GB).
[2018.09.02-12.17.06:658][  0]LogTextLocalizationManager: No specific localization for 'en-US' exists, so the 'en' localization will be used.
[2018.09.02-12.17.07:115][  0]LogStreaming: Display: Took  0.460s to InitEngineTextLocalization.
[2018.09.02-12.17.07:115][  0]LogInit: Setting process to per monitor DPI aware
[2018.09.02-12.17.07:204][  0]LogSlate: New Slate User Created.  User Index 0, Is Virtual User: 0
[2018.09.02-12.17.07:204][  0]LogSlate: Slate User Registered.  User Index 0, Is Virtual User: 0
[2018.09.02-12.17.07:769][  0]LogHMD: Failed to initialize OpenVR with code 126
[2018.09.02-12.17.07:769][  0]LogD3D11RHI: D3D11 adapters:
[2018.09.02-12.17.07:865][  0]LogD3D11RHI:    0. 'NVIDIA GeForce GTX 970' (Feature Level 11_0)
[2018.09.02-12.17.07:865][  0]LogD3D11RHI:       4058/0/8182 MB DedicatedVideo/DedicatedSystem/SharedSystem, Outputs:3, VendorId:0x10de
[2018.09.02-12.17.07:868][  0]LogD3D11RHI:    1. 'Microsoft Basic Render Driver' (Feature Level 11_0)
[2018.09.02-12.17.07:869][  0]LogD3D11RHI:       0/0/8182 MB DedicatedVideo/DedicatedSystem/SharedSystem, Outputs:0, VendorId:0x1414
[2018.09.02-12.17.07:869][  0]LogD3D11RHI: Chosen D3D11 Adapter: 0
[2018.09.02-12.17.07:876][  0]LogD3D11RHI: Creating new Direct3DDevice
[2018.09.02-12.17.07:877][  0]LogD3D11RHI:     GPU DeviceId: 0x13c2 (for the marketing name, search the web for "GPU Device Id")
[2018.09.02-12.17.07:877][  0]LogWindows: EnumDisplayDevices:
[2018.09.02-12.17.07:877][  0]LogWindows:    0. 'NVIDIA GeForce GTX 970' (P:1 D:1)
[2018.09.02-12.17.07:877][  0]LogWindows:    1. 'NVIDIA GeForce GTX 970' (P:0 D:1)
[2018.09.02-12.17.07:878][  0]LogWindows:    2. 'NVIDIA GeForce GTX 970' (P:0 D:1)
[2018.09.02-12.17.07:878][  0]LogWindows:    3. 'NVIDIA GeForce GTX 970' (P:0 D:0)
[2018.09.02-12.17.07:878][  0]LogWindows: DebugString: FoundDriverCount:4 
[2018.09.02-12.17.07:878][  0]LogD3D11RHI:     Adapter Name: NVIDIA GeForce GTX 970
[2018.09.02-12.17.07:878][  0]LogD3D11RHI:   Driver Version: 388.13 (internal:23.21.13.8813, unified:388.13)
[2018.09.02-12.17.07:878][  0]LogD3D11RHI:      Driver Date: 10-27-2017
[2018.09.02-12.17.07:878][  0]LogRHI: Texture pool is 2840 MB (70% of 4058 MB)
[2018.09.02-12.17.07:923][  0]LogD3D11RHI: Async texture creation enabled
[2018.09.02-12.17.07:958][  0]LogD3D11RHI: GPU Timing Frequency: 1000.000000 (Debug: 2 1)
[2018.09.02-12.17.08:167][  0]LogShaderCompilers: Guid format shader working directory is 16 characters bigger than the processId version (E:/Unreal Projects/BeyondHuman/Intermediate/Shaders/WorkingDirectory/2200/).
[2018.09.02-12.17.08:167][  0]LogShaderCompilers: Cleaned the shader compiler working directory 'C:/Users/mikey/AppData/Local/Temp/UnrealShaderWorkingDir/4406E65F44C9CEF51C0395A02DD12A09/'.
[2018.09.02-12.17.08:868][  0]LogTemp: Display: Loaded TP AllDesktopTargetPlatform
[2018.09.02-12.17.08:886][  0]LogTemp: Display: Loaded TP MacClientTargetPlatform
[2018.09.02-12.17.08:903][  0]LogTemp: Display: Loaded TP MacNoEditorTargetPlatform
[2018.09.02-12.17.08:920][  0]LogTemp: Display: Loaded TP MacServerTargetPlatform
[2018.09.02-12.17.08:939][  0]LogTemp: Display: Loaded TP MacTargetPlatform
[2018.09.02-12.17.08:957][  0]LogTemp: Display: Loaded TP WindowsClientTargetPlatform
[2018.09.02-12.17.08:975][  0]LogTemp: Display: Loaded TP WindowsNoEditorTargetPlatform
[2018.09.02-12.17.08:995][  0]LogTemp: Display: Loaded TP WindowsServerTargetPlatform
[2018.09.02-12.17.09:005][  0]LogTemp: Display: Loaded TP WindowsTargetPlatform
[2018.09.02-12.17.09:100][  0]LogTemp: Display: Loaded TP AndroidTargetPlatform
[2018.09.02-12.17.09:100][  0]LogTemp: Display: Loaded TP AndroidTargetPlatform
[2018.09.02-12.17.09:100][  0]LogTemp: Display: Loaded TP AndroidTargetPlatform
[2018.09.02-12.17.09:100][  0]LogTemp: Display: Loaded TP AndroidTargetPlatform
[2018.09.02-12.17.09:100][  0]LogTemp: Display: Loaded TP AndroidTargetPlatform
[2018.09.02-12.17.09:100][  0]LogTemp: Display: Loaded TP AndroidTargetPlatform
[2018.09.02-12.17.09:100][  0]LogTemp: Display: Loaded TP AndroidTargetPlatform
[2018.09.02-12.17.09:100][  0]LogTemp: Display: Loaded TP AndroidTargetPlatform
[2018.09.02-12.17.09:100][  0]LogTemp: Display: Loaded TP AndroidTargetPlatform
[2018.09.02-12.17.09:100][  0]LogTemp: Display: Loaded TP AndroidTargetPlatform
[2018.09.02-12.17.09:100][  0]LogTemp: Display: Loaded TP AndroidTargetPlatform
[2018.09.02-12.17.09:100][  0]LogTemp: Display: Loaded TP AndroidTargetPlatform
[2018.09.02-12.17.09:100][  0]LogTemp: Display: Loaded TP AndroidTargetPlatform
[2018.09.02-12.17.09:100][  0]LogTemp: Display: Loaded TP AndroidTargetPlatform
[2018.09.02-12.17.09:100][  0]LogTemp: Display: Loaded TP AndroidTargetPlatform
[2018.09.02-12.17.09:100][  0]LogTemp: Display: Loaded TP AndroidTargetPlatform
[2018.09.02-12.17.09:100][  0]LogTemp: Display: Loaded TP AndroidTargetPlatform
[2018.09.02-12.17.09:100][  0]LogTemp: Display: Loaded TP AndroidTargetPlatform
[2018.09.02-12.17.09:104][  0]LogTemp: Display: Loaded TP HTML5TargetPlatform
[2018.09.02-12.17.09:180][  0]LogTemp: Display: Loaded TP IOSTargetPlatform
[2018.09.02-12.17.09:180][  0]LogTemp: Display: Loaded TP IOSTargetPlatform
[2018.09.02-12.17.09:208][  0]LogTemp: Display: Loaded TP TVOSTargetPlatform
[2018.09.02-12.17.09:208][  0]LogTemp: Display: Loaded TP TVOSTargetPlatform
[2018.09.02-12.17.09:225][  0]LogTemp: Display: Loaded TP LinuxClientTargetPlatform
[2018.09.02-12.17.09:242][  0]LogTemp: Display: Loaded TP LinuxNoEditorTargetPlatform
[2018.09.02-12.17.09:259][  0]LogTemp: Display: Loaded TP LinuxServerTargetPlatform
[2018.09.02-12.17.09:278][  0]LogTemp: Display: Loaded TP LinuxTargetPlatform
[2018.09.02-12.17.09:290][  0]LogTemp: Display: Loaded TP LuminTargetPlatform
[2018.09.02-12.17.09:291][  0]LogTargetPlatformManager: Display: Building Assets For Windows
[2018.09.02-12.17.09:429][  0]LogXGEController: Cleaning working directory: C:/Users/mikey/AppData/Local/Temp/UnrealXGEWorkingDir/
[2018.09.02-12.17.09:429][  0]LogXGEController: Cannot use XGE Controller as Incredibuild is not installed on this machine.
[2018.09.02-12.17.09:429][  0]LogShaderCompilers: Cannot use XGE Shader Compiler as Incredibuild is not installed on this machine.
[2018.09.02-12.17.09:429][  0]LogShaderCompilers: Display: Using Local Shader Compiler.
[2018.09.02-12.17.10:554][  0]LogDerivedDataCache: Display: Max Cache Size: 512 MB
[2018.09.02-12.17.10:892][  0]LogDerivedDataCache: Loaded boot cache 0.34s 71MB C:/Users/mikey/AppData/Local/UnrealEngine/4.20/DerivedDataCache/Boot.ddc.
[2018.09.02-12.17.10:893][  0]LogDerivedDataCache: Display: Loaded Boot cache: C:/Users/mikey/AppData/Local/UnrealEngine/4.20/DerivedDataCache/Boot.ddc
[2018.09.02-12.17.10:893][  0]LogDerivedDataCache: FDerivedDataBackendGraph:  Pak pak cache file E:/Unreal Projects/BeyondHuman/DerivedDataCache/DDC.ddp not found, will not use a pak cache.
[2018.09.02-12.17.10:893][  0]LogDerivedDataCache: Unable to find inner node Pak for hierarchical cache Hierarchy.
[2018.09.02-12.17.10:893][  0]LogDerivedDataCache: FDerivedDataBackendGraph:  CompressedPak pak cache file E:/Unreal Projects/BeyondHuman/DerivedDataCache/Compressed.ddp not found, will not use a pak cache.
[2018.09.02-12.17.10:893][  0]LogDerivedDataCache: Unable to find inner node CompressedPak for hierarchical cache Hierarchy.
[2018.09.02-12.17.10:918][  0]LogDerivedDataCache: Display: Pak cache opened for reading ../../../Engine/DerivedDataCache/Compressed.ddp.
[2018.09.02-12.17.10:932][  0]LogDerivedDataCache: Using Local data cache path C:/Users/mikey/AppData/Local/UnrealEngine/Common/DerivedDataCache: Writable
[2018.09.02-12.17.10:932][  0]LogDerivedDataCache: Shared data cache path not found in *engine.ini, will not use an Shared cache.
[2018.09.02-12.17.10:932][  0]LogDerivedDataCache: Unable to find inner node Shared for hierarchical cache Hierarchy.
[2018.09.02-12.17.10:958][  0]LogMaterial: Verifying Global Shaders for PCD3D_SM5
[2018.09.02-12.17.10:965][  0]LogSlate: Using FreeType 2.6.0
[2018.09.02-12.17.10:973][  0]LogSlate: SlateFontServices - WITH_FREETYPE: 1, WITH_HARFBUZZ: 1
[2018.09.02-12.17.11:162][  0]LogAssetRegistry: FAssetRegistry took 0.0301 seconds to start up
[2018.09.02-12.17.11:646][  0]LogInit: Selected Device Profile: [Windows]
[2018.09.02-12.17.11:943][  0]LogSimplygon: Simplygon DLL not present - disabling.
[2018.09.02-12.17.11:969][  0]LogMeshReduction: Using SimplygonSwarm for distributed automatic mesh merging
[2018.09.02-12.17.11:969][  0]LogMeshReduction: Using ProxyLODMeshReduction for automatic mesh merging
[2018.09.02-12.17.11:970][  0]LogMeshReduction: Using QuadricMeshReduction for automatic static mesh reduction
[2018.09.02-12.17.11:970][  0]LogMeshReduction: No automatic skeletal mesh reduction module available
[2018.09.02-12.17.12:030][  0]LogNetVersion: BeyondHuman 1.0.0, NetCL: 4212847, EngineNetVer: 5, GameNetVer: 0 (Checksum: 671501493)
[2018.09.02-12.17.12:969][  0]LogPackageLocalizationCache: Processed 11 localized package path(s) for 2 prioritized culture(s) in 0.105604 seconds
[2018.09.02-12.17.12:978][  0]LogUObjectArray: 38425 objects as part of root set at end of initial load.
[2018.09.02-12.17.12:978][  0]LogUObjectAllocator: 6690872 out of 0 bytes used by permanent object pool.
[2018.09.02-12.17.12:978][  0]LogUObjectArray: CloseDisregardForGC: 0/0 objects in disregard for GC pool
[2018.09.02-12.17.15:446][  0]LogSubstanceCoreModule: Substance [CPU] Engine Loaded, Max Texture Size = 2048
[2018.09.02-12.17.15:472][  0]LogTcpMessaging: Initializing TcpMessaging bridge
[2018.09.02-12.17.15:491][  0]LogUdpMessaging: Initializing bridge on interface 0.0.0.0:0 to multicast group 230.0.0.1:6666.
[2018.09.02-12.17.15:812][  0]SourceControl: Source control is disabled
[2018.09.02-12.17.15:812][  0]SourceControl: Source control is disabled
[2018.09.02-12.17.15:827][  0]SourceControl: Source control is disabled
[2018.09.02-12.17.15:833][  0]SourceControl: Source control is disabled
[2018.09.02-12.17.16:211][  0]LogAndroidPermission: UAndroidPermissionCallbackProxy::GetInstance
[2018.09.02-12.17.16:344][  0]LogOcInput: OculusInput pre-init called
[2018.09.02-12.17.16:601][  0]LogEngine: Initializing Engine...
[2018.09.02-12.17.16:626][  0]LogHMD: Failed to initialize OpenVR with code 126
[2018.09.02-12.17.16:630][  0]LogStats: UGameplayTagsManager::ConstructGameplayTagTree: ImportINI prefixes -  0.001 s
[2018.09.02-12.17.16:630][  0]LogStats: UGameplayTagsManager::ConstructGameplayTagTree: Construct from data asset -  0.000 s
[2018.09.02-12.17.16:630][  0]LogStats: UGameplayTagsManager::ConstructGameplayTagTree: ImportINI -  0.000 s
[2018.09.02-12.17.16:631][  0]LogStats: UGameplayTagsManager::ConstructGameplayTagTree: GameplayTagTreeChangedEvent.Broadcast -  0.000 s
[2018.09.02-12.17.16:932][  0]LogInit: Initializing FReadOnlyCVARCache
[2018.09.02-12.17.16:985][  0]LogAIModule: Creating AISystem for world Untitled
[2018.09.02-12.17.17:047][  0]LogInit: XAudio2 using 'Speakers (High Definition Audio Device)' : 2 channels at 44.1 kHz using 16 bits per sample (channel mask 0x3)
[2018.09.02-12.17.17:069][  0]LogInit: FAudioDevice initialized.
[2018.09.02-12.17.17:070][  0]LogNetVersion: Set ProjectVersion to 1.0.0.0. Version Checksum will be recalculated on next use.
[2018.09.02-12.17.17:150][  0]LogDerivedDataCache: Saved boot cache 0.08s 71MB C:/Users/mikey/AppData/Local/UnrealEngine/4.20/DerivedDataCache/Boot.ddc.
[2018.09.02-12.17.17:150][  0]LogInit: Texture streaming: Enabled
[2018.09.02-12.17.17:205][  0]LogEngineSessionManager: EngineSessionManager initialized
[2018.09.02-12.17.17:227][  0]LogInit: Transaction tracking system initialized
[2018.09.02-12.17.17:290][  0]BlueprintLog: New page: Editor Load
[2018.09.02-12.17.17:561][  0]LocalizationService: Localization service is disabled
[2018.09.02-12.17.18:045][  0]LogCook: Display: Max memory allowance for cook 16384mb min free memory 0mb
[2018.09.02-12.17.18:046][  0]LogCook: Display: Mobile HDR setting 1
[2018.09.02-12.17.18:046][  0]LogGameplayTags: Display: UGameplayTagsManager::DoneAddingNativeTags. DelegateIsBound: 0
[2018.09.02-12.17.18:046][  0]LogStats: UGameplayTagsManager::ConstructGameplayTagTree: ImportINI prefixes -  0.000 s
[2018.09.02-12.17.18:046][  0]LogStats: UGameplayTagsManager::ConstructGameplayTagTree: Construct from data asset -  0.000 s
[2018.09.02-12.17.18:046][  0]LogStats: UGameplayTagsManager::ConstructGameplayTagTree: ImportINI -  0.000 s
[2018.09.02-12.17.18:046][  0]LogStats: UGameplayTagsManager::ConstructGameplayTagTree: GameplayTagTreeChangedEvent.Broadcast -  0.000 s
[2018.09.02-12.17.18:077][  0]LogFileCache: Scanning file cache for directory 'E:/Unreal Projects/BeyondHuman/Content/' took 0.02s
[2018.09.02-12.17.18:360][  0]SourceControl: Source control is disabled
[2018.09.02-12.17.18:361][  0]Cmd: MAP LOAD FILE="E:/Unreal Projects/BeyondHuman/Content/Maps/Meshing.umap" TEMPLATE=0 SHOWPROGRESS=1 FEATURELEVEL=3
[2018.09.02-12.17.18:387][  0]LightingResults: New page: Lighting Build
[2018.09.02-12.17.18:398][  0]MapCheck: New page: Map Check
[2018.09.02-12.17.18:398][  0]LightingResults: New page: Lighting Build
[2018.09.02-12.17.38:376][  0]LogAIModule: Creating AISystem for world Meshing
[2018.09.02-12.17.38:545][  0]LogEditorServer: Finished looking for orphan Actors (0.000 secs)
[2018.09.02-12.17.38:595][  0]Cmd: MAP CHECKDEP NOCLEARLOG
[2018.09.02-12.17.38:799][  0]MapCheck: Map check complete: 0 Error(s), 0 Warning(s), took 204.59ms to complete.
[2018.09.02-12.17.38:800][  0]LogFileHelpers: Loading map 'Meshing' took 20.440
[2018.09.02-12.17.39:123][  0]LogSlate: Updating window title bar state: overlay mode, drag disabled, window buttons hidden, title bar hidden
[2018.09.02-12.17.39:136][  0]LogSlate: Updating window title bar state: overlay mode, drag disabled, window buttons hidden, title bar hidden
[2018.09.02-12.17.39:145][  0]LogSlate: Updating window title bar state: overlay mode, drag disabled, window buttons hidden, title bar hidden
[2018.09.02-12.17.39:153][  0]LogSlate: Updating window title bar state: overlay mode, drag disabled, window buttons hidden, title bar hidden
[2018.09.02-12.17.39:178][  0]LogCollectionManager: Loaded 0 collections in 0.001533 seconds
[2018.09.02-12.17.39:259][  0]LogFileCache: Scanning file cache for directory 'E:/Unreal Projects/BeyondHuman/Saved/Collections/' took 0.01s
[2018.09.02-12.17.39:259][  0]LogFileCache: Scanning file cache for directory 'E:/Unreal Projects/BeyondHuman/Content/Developers/mikey/Collections/' took 0.01s
[2018.09.02-12.17.39:259][  0]LogFileCache: Scanning file cache for directory 'E:/Unreal Projects/BeyondHuman/Content/Collections/' took 0.01s
[2018.09.02-12.17.39:259][  0]LogCollectionManager: Rebuilt the GUID cache for 0 collections in 0.000001 seconds
[2018.09.02-12.17.39:275][  0]LogContentBrowser: Native class hierarchy populated in 0.0126 seconds. Added 2586 classes and 609 folders.
[2018.09.02-12.17.39:296][  0]LogContentBrowser: Native class hierarchy updated for 'WidgetCarousel' in 0.0003 seconds. Added 0 classes and 0 folders.
[2018.09.02-12.17.39:500][  0]LogContentBrowser: Native class hierarchy updated for 'AddContentDialog' in 0.0003 seconds. Added 0 classes and 0 folders.
[2018.09.02-12.17.39:516][  0]LogContentBrowser: Native class hierarchy updated for 'SceneOutliner' in 0.0003 seconds. Added 1 classes and 2 folders.
[2018.09.02-12.17.39:656][  0]LogSlate: Took 0.006498 seconds to synchronously load lazily loaded font '../../../Engine/Content/Slate/Fonts/Roboto-Regular.ttf' (155K)
[2018.09.02-12.17.39:671][  0]LogSlate: Took 0.005833 seconds to synchronously load lazily loaded font '../../../Engine/Content/Slate/Fonts/Roboto-Bold.ttf' (160K)
[2018.09.02-12.17.39:681][  0]LogSlate: Took 0.001651 seconds to synchronously load lazily loaded font '../../../Engine/Content/Editor/Slate/Fonts/FontAwesome.ttf' (139K)
[2018.09.02-12.17.39:823][  0]LogRenderer: Reallocating scene render targets to support 1236x468 Format 10 NumSamples 1 (Frame:1).
[2018.09.02-12.17.40:309][  0]LogContentBrowser: Native class hierarchy updated for 'HierarchicalLODOutliner' in 0.0003 seconds. Added 0 classes and 0 folders.
[2018.09.02-12.17.40:309][  0]LogLoad: (Engine Initialization) Total time: 39.25 seconds
[2018.09.02-12.17.40:309][  0]LogLoad: (Engine Initialization) Total Blueprint compile time: 0.00 seconds
[2018.09.02-12.17.40:364][  0]LogContentStreaming: Texture pool size now 3000 MB
[2018.09.02-12.17.40:522][  0]LogRenderer: Reallocating scene render targets to support 1236x484 Format 10 NumSamples 1 (Frame:3).
[2018.09.02-12.17.40:522][  0]LogSlate: Took 0.001732 seconds to synchronously load lazily loaded font '../../../Engine/Content/Slate/Fonts/Roboto-Light.ttf' (167K)
[2018.09.02-12.17.40:705][  1]LogSubstanceLiveLink: Warning: Unable to send data along socket, closing connection
[2018.09.02-12.17.41:286][  2]LogAssetRegistry: Asset discovery search completed in 30.1472 seconds
[2018.09.02-12.17.41:293][  2]LogCollectionManager: Rebuilt the object cache for 0 collections in 0.000001 seconds (found 0 objects)
[2018.09.02-12.17.41:293][  2]LogCollectionManager: Fixed up redirectors for 0 collections in 0.000111 seconds (updated 0 objects)
[2018.09.02-12.17.43:760][  6]LogD3D11RHI: Timed out while waiting for GPU to catch up. (0.5 s)
[2018.09.02-12.18.29:808][312]LogEditorViewport: Clicking on Actor (LMB): StaticMeshActor (BuildingTall)
[2018.09.02-12.18.30:745][336]LogEditorViewport: Clicking on Actor (context menu): StaticMeshActor (BuildingTall)
[2018.09.02-12.18.30:815][336]LogSlate: FSceneViewport::OnFocusLost() reason 2
[2018.09.02-12.18.34:705][703]LogSlate: FSceneViewport::OnFocusLost() reason 2
[2018.09.02-12.18.43:220][834]LogEditorFactories: Performing atomic reimport of [E:/Dropbox (Personal)/Docs/Projects/Beyond Human/Exports/Buildings/BuildingTall.fbx]
[2018.09.02-12.18.43:403][834]LogSlate: Took 0.000305 seconds to synchronously load lazily loaded font '../../../Engine/Content/Slate/Fonts/Roboto-Light.ttf' (167K)
[2018.09.02-12.18.43:535][834]LogFbx: Loading FBX Scene from E:/Dropbox (Personal)/Docs/Projects/Beyond Human/Exports/Buildings/BuildingTall.fbx
[2018.09.02-12.18.43:593][834]LogFbx: FBX Scene Loaded Succesfully
[2018.09.02-12.18.44:798][834]LogStaticMesh: Building static mesh BuildingTall...
[2018.09.02-12.18.46:021][834]LogStaticMesh: Built static mesh [1.22s] /Game/Meshes/BuildingTall.BuildingTall
[2018.09.02-12.18.46:489][834]LogEditorFactories: -- imported successfully
[2018.09.02-12.18.55:225][270]LogSlate: FSceneViewport::OnFocusLost() reason 0
[2018.09.02-12.18.57:187][272]LogSlate: Window 'Save Content' being destroyed
[2018.09.02-12.18.57:426][272]Cmd: OBJ SAVEPACKAGE PACKAGE="/Game/Maps/Meshing" FILE="E:/Unreal Projects/BeyondHuman/Content/Maps/Meshing.umap" SILENT=true AUTOSAVING=false KEEPDIRTY=false
[2018.09.02-12.18.57:963][272]LogSavePackage: Moving 'E:/Unreal Projects/BeyondHuman/Saved/MeshingD3681EE745BDB3947C6CB09E981E79D1.tmp' to 'E:/Unreal Projects/BeyondHuman/Content/Maps/Meshing.umap'
[2018.09.02-12.18.57:986][272]LogFileHelpers: Saving map 'Meshing' took 0.762
[2018.09.02-12.18.58:008][272]Cmd: OBJ SAVEPACKAGE PACKAGE="/Game/Meshes/BuildingTall" FILE="E:/Unreal Projects/BeyondHuman/Content/Meshes/BuildingTall.uasset" SILENT=true
[2018.09.02-12.18.58:047][272]LogSavePackage: Moving 'E:/Unreal Projects/BeyondHuman/Saved/BuildingTallCF1149DB4732A9C10D5907A3CCE9D37A.tmp' to 'E:/Unreal Projects/BeyondHuman/Content/Meshes/BuildingTall.uasset'
[2018.09.02-12.20.57:356][177]LogFactory: FactoryCreateFile: Texture with ReimportTextureFactory (0 0 E:\Dropbox (Personal)\Docs\Projects\Beyond Human\SourceImages\Buildings\BuildingTall_M_Upper_BaseColor.png)
[2018.09.02-12.20.57:500][177]LogTexture: Display: Building textures: BuildingTall_M_Upper_BaseColor (AutoDXT, 2048X2048)
[2018.09.02-12.20.58:624][177]LogFactory: FactoryCreateFile: Texture with ReimportTextureFactory (0 0 E:\Dropbox (Personal)\Docs\Projects\Beyond Human\SourceImages\Buildings\BuildingTall_M_Upper_Height.png)
[2018.09.02-12.20.58:663][177]LogTexture: Display: Building textures: BuildingTall_M_Upper_Height (AutoDXT, 2048X2048)
[2018.09.02-12.20.59:013][177]LogFactory: FactoryCreateFile: Texture with ReimportTextureFactory (0 0 E:\Dropbox (Personal)\Docs\Projects\Beyond Human\SourceImages\Buildings\BuildingTall_M_Upper_Metallic.png)
[2018.09.02-12.20.59:049][177]LogTexture: Display: Building textures: BuildingTall_M_Upper_Metallic (AutoDXT, 2048X2048)
[2018.09.02-12.20.59:510][177]LogFactory: FactoryCreateFile: Texture with ReimportTextureFactory (0 0 E:\Dropbox (Personal)\Docs\Projects\Beyond Human\SourceImages\Buildings\BuildingTall_M_Upper_Normal.png)
[2018.09.02-12.20.59:695][177]LogTexture: Display: Building textures: BuildingTall_M_Upper_Normal (BC5, 2048X2048)
[2018.09.02-12.21.00:010][177]LogFactory: FactoryCreateFile: Texture with ReimportTextureFactory (0 0 E:\Dropbox (Personal)\Docs\Projects\Beyond Human\SourceImages\Buildings\BuildingTall_M_Upper_Roughness.png)
[2018.09.02-12.21.00:085][177]LogTexture: Display: Building textures: BuildingTall_M_Upper_Roughness (AutoDXT, 2048X2048)
[2018.09.02-12.21.03:889][335]LogEditorViewport: Clicking on Actor (context menu): StaticMeshActor (WallBack)
[2018.09.02-12.21.03:972][335]LogSlate: FSceneViewport::OnFocusLost() reason 2
[2018.09.02-12.21.04:964][396]LogEditorViewport: Clicking on Component (context menu): StaticMeshComponent (StaticMeshComponent0)
[2018.09.02-12.21.05:033][396]LogSlate: FSceneViewport::OnFocusLost() reason 2
[2018.09.02-12.21.12:695][845]LogEditorViewport: Clicking on Actor (LMB): StaticMeshActor (BuildingTall)
[2018.09.02-12.21.15:667][ 51]LogSlate: FSceneViewport::OnFocusLost() reason 0
[2018.09.02-12.21.59:003][842]LogSlate: FSceneViewport::OnFocusLost() reason 0
[2018.09.02-12.22.07:140][139]LogAssetEditorManager: Opening Asset editor for MaterialInstanceConstant /Game/Materials/Mi_BuildingTallUpper.Mi_BuildingTallUpper
[2018.09.02-12.22.07:686][139]LogRenderer: Reallocating scene render targets to support 1336x924 Format 10 NumSamples 1 (Frame:1).
[2018.09.02-12.22.32:709][193]LogMaterial: Display: Missing cached shader map for material MA_Standard, compiling. 
[2018.09.02-12.22.32:803][193]LogShaderCompilers: Display: Shaders left to compile 22
[2018.09.02-12.22.32:803][193]LogShaderCompilers: Display: Shaders left to compile 12
[2018.09.02-12.22.32:803][193]LogShaderCompilers: Display: Shaders left to compile 2
[2018.09.02-12.22.34:595][266]LogMaterial: Display: Missing cached shader map for material MA_Standard, compiling. 
[2018.09.02-12.22.34:609][266]LogShaderCompilers: Display: Shaders left to compile 22
[2018.09.02-12.22.34:609][266]LogShaderCompilers: Display: Shaders left to compile 12
[2018.09.02-12.22.35:742][305]LogShaderCompilers: Display: Shaders left to compile 2
[2018.09.02-12.22.47:958][ 26]LogMaterial: Display: Missing cached shader map for material MA_Standard, compiling. 
[2018.09.02-12.22.48:012][ 26]LogShaderCompilers: Display: Shaders left to compile 22
[2018.09.02-12.22.48:012][ 26]LogShaderCompilers: Display: Shaders left to compile 12
[2018.09.02-12.22.48:012][ 26]LogShaderCompilers: Display: Shaders left to compile 2
[2018.09.02-12.22.51:141][176]LogMaterial: Display: Missing cached shader map for material MA_Standard, compiling. 
[2018.09.02-12.22.51:155][176]LogShaderCompilers: Display: Shaders left to compile 22
[2018.09.02-12.22.51:155][176]LogShaderCompilers: Display: Shaders left to compile 12
[2018.09.02-12.22.51:155][176]LogShaderCompilers: Display: Shaders left to compile 2
[2018.09.02-12.23.31:622][279]LogEditorViewport: Clicking on Actor (LMB): StaticMeshActor (WallLeft)
[2018.09.02-12.23.40:571][658]LogSlate: FSceneViewport::OnFocusLost() reason 0
[2018.09.02-12.23.41:753][660]LogSlate: Window 'Save Content' being destroyed
[2018.09.02-12.23.41:984][660]Cmd: OBJ SAVEPACKAGE PACKAGE="/Game/Maps/Meshing" FILE="E:/Unreal Projects/BeyondHuman/Content/Maps/Meshing.umap" SILENT=true AUTOSAVING=false KEEPDIRTY=false
[2018.09.02-12.23.42:435][660]LogSavePackage: Moving 'E:/Unreal Projects/BeyondHuman/Saved/Meshing5F6619FA4D44EDE72D8D17B620580AA1.tmp' to 'E:/Unreal Projects/BeyondHuman/Content/Maps/Meshing.umap'
[2018.09.02-12.23.42:455][660]LogFileHelpers: Saving map 'Meshing' took 0.669
[2018.09.02-12.23.42:473][660]Cmd: OBJ SAVEPACKAGE PACKAGE="/Game/Materials/Mi_BuildingTallUpper" FILE="E:/Unreal Projects/BeyondHuman/Content/Materials/Mi_BuildingTallUpper.uasset" SILENT=true
[2018.09.02-12.23.42:505][660]LogMaterial: Display: Missing cached shader map for material FDebugViewModeMaterialProxy Mi_BuildingTallUpper, compiling. 
[2018.09.02-12.23.43:084][660]LogShaderCompilers: Display: Shaders left to compile 1
[2018.09.02-12.23.43:086][660]TextureStreamingBuild: Display: Compiling optional shaders took 0.589 seconds.
[2018.09.02-12.23.43:129][660]LogSavePackage: Moving 'E:/Unreal Projects/BeyondHuman/Saved/Mi_BuildingTallUpper223960C545685F779B68CCB981FE8341.tmp' to 'E:/Unreal Projects/BeyondHuman/Content/Materials/Mi_BuildingTallUpper.uasset'
[2018.09.02-12.23.43:147][660]Cmd: OBJ SAVEPACKAGE PACKAGE="/Game/Textures/Buildings/BuildingTall_M_Upper_BaseColor" FILE="E:/Unreal Projects/BeyondHuman/Content/Textures/Buildings/BuildingTall_M_Upper_BaseColor.uasset" SILENT=true
[2018.09.02-12.23.43:667][660]LogSavePackage: Moving 'E:/Unreal Projects/BeyondHuman/Saved/BuildingTall_M_Upper_BaseColor6A6B90614CF93DC47C4F71A5AEFB62C2.tmp' to 'E:/Unreal Projects/BeyondHuman/Content/Textures/Buildings/BuildingTall_M_Upper_BaseColor.uasset'
[2018.09.02-12.23.43:683][660]Cmd: OBJ SAVEPACKAGE PACKAGE="/Game/Textures/Buildings/BuildingTall_M_Upper_Height" FILE="E:/Unreal Projects/BeyondHuman/Content/Textures/Buildings/BuildingTall_M_Upper_Height.uasset" SILENT=true
[2018.09.02-12.23.43:797][660]LogSavePackage: Moving 'E:/Unreal Projects/BeyondHuman/Saved/BuildingTall_M_Upper_Height34E5C07D4040DD8F6396028591D2DF47.tmp' to 'E:/Unreal Projects/BeyondHuman/Content/Textures/Buildings/BuildingTall_M_Upper_Height.uasset'
[2018.09.02-12.23.43:810][660]Cmd: OBJ SAVEPACKAGE PACKAGE="/Game/Textures/Buildings/BuildingTall_M_Upper_Metallic" FILE="E:/Unreal Projects/BeyondHuman/Content/Textures/Buildings/BuildingTall_M_Upper_Metallic.uasset" SILENT=true
[2018.09.02-12.23.43:929][660]LogSavePackage: Moving 'E:/Unreal Projects/BeyondHuman/Saved/BuildingTall_M_Upper_Metallic7B46C5C04D10C2CF7778DAB738278387.tmp' to 'E:/Unreal Projects/BeyondHuman/Content/Textures/Buildings/BuildingTall_M_Upper_Metallic.uasset'
[2018.09.02-12.23.43:945][660]Cmd: OBJ SAVEPACKAGE PACKAGE="/Game/Textures/Buildings/BuildingTall_M_Upper_Normal" FILE="E:/Unreal Projects/BeyondHuman/Content/Textures/Buildings/BuildingTall_M_Upper_Normal.uasset" SILENT=true
[2018.09.02-12.23.44:585][660]LogSavePackage: Moving 'E:/Unreal Projects/BeyondHuman/Saved/BuildingTall_M_Upper_NormalB0DC21E444B688913D9F2A995848D848.tmp' to 'E:/Unreal Projects/BeyondHuman/Content/Textures/Buildings/BuildingTall_M_Upper_Normal.uasset'
[2018.09.02-12.23.44:601][660]Cmd: OBJ SAVEPACKAGE PACKAGE="/Game/Textures/Buildings/BuildingTall_M_Upper_Roughness" FILE="E:/Unreal Projects/BeyondHuman/Content/Textures/Buildings/BuildingTall_M_Upper_Roughness.uasset" SILENT=true
[2018.09.02-12.23.44:810][660]LogSavePackage: Moving 'E:/Unreal Projects/BeyondHuman/Saved/BuildingTall_M_Upper_RoughnessF8BCB6DB4DA17AAE36374EB6DFFF36C0.tmp' to 'E:/Unreal Projects/BeyondHuman/Content/Textures/Buildings/BuildingTall_M_Upper_Roughness.uasset'
[2018.09.02-12.24.23:123][252]LogSlate: FSceneViewport::OnFocusLost() reason 0
[2018.09.02-12.24.59:926][791]LogEditorViewport: Clicking on Actor (LMB): StaticMeshActor (Scaffold)
[2018.09.02-12.25.01:082][824]LogSlate: FSceneViewport::OnFocusLost() reason 0
[2018.09.02-12.25.08:807][126]LogSlate: FSceneViewport::OnFocusLost() reason 0
[2018.09.02-12.25.25:437][747]LogEditorViewport: Clicking on Actor (LMB): StaticMeshActor (GirderSQ (5)3)
[2018.09.02-12.25.39:701][280]LogSlate: FSceneViewport::OnFocusLost() reason 0
[2018.09.02-12.27.10:746][739]LogSlate: Window 'Mi_BuildingTallUpper' being destroyed
[2018.09.02-12.27.10:749][739]LogSlate: Window 'Mi_BuildingTallUpper' being destroyed
[2018.09.02-12.28.25:744][544]LogEditorViewport: Clicking on Actor (context menu): StaticMeshActor (BuildingAngled)
[2018.09.02-12.28.25:858][544]LogSlate: FSceneViewport::OnFocusLost() reason 2
[2018.09.02-12.29.35:504][165]LogEditorViewport: Clicking on Actor (LMB): BP_StandingLight_C (BP_StandingLight10)
[2018.09.02-12.29.36:938][230]Cmd: EDIT COPY
[2018.09.02-12.29.37:386][252]Cmd: EDIT PASTE
[2018.09.02-12.29.57:159][ 21]LogSlate: FSceneViewport::OnFocusLost() reason 0
[2018.09.02-12.30.18:389][915]Cmd: DELETE
[2018.09.02-12.30.18:389][915]Cmd: ACTOR DELETE
[2018.09.02-12.30.18:449][915]LogEditorActor: Deleted Actor: BP_StandingLight_C
[2018.09.02-12.30.18:475][915]LogEditorActor: Deleted 1 Actors (0.086 secs)
[2018.09.02-12.30.21:361][ 44]LogEditorViewport: Clicking on Actor (context menu): StaticMeshActor (WallRight)
[2018.09.02-12.30.21:469][ 44]LogSlate: FSceneViewport::OnFocusLost() reason 2
[2018.09.02-12.30.25:951][271]LogSlate: FSceneViewport::OnFocusLost() reason 0
[2018.09.02-12.30.46:307][ 36]LogEditorViewport: Clicking on Actor (LMB): StaticMeshActor (WallFront)
[2018.09.02-12.31.04:235][754]LogEditorViewport: Clicking on Actor (LMB): BP_WallLightB_C (BP_WallLightB12)
[2018.09.02-12.31.05:440][808]Cmd: DELETE
[2018.09.02-12.31.05:440][808]Cmd: ACTOR DELETE
[2018.09.02-12.31.05:492][808]LogEditorActor: Deleted Actor: BP_WallLightB_C
[2018.09.02-12.31.05:516][808]LogEditorActor: Deleted 1 Actors (0.076 secs)
[2018.09.02-12.31.13:325][140]LogSlate: FSceneViewport::OnFocusLost() reason 0
[2018.09.02-12.31.40:480][262]LogEditorViewport: Clicking on Actor (LMB): BP_MountedLight_C (BP_MountedLight)
[2018.09.02-12.31.40:874][279]LogEditorViewport: Clicking on Component (LMB): StaticMeshComponent (MountedLight_HeadLight)
[2018.09.02-12.31.44:128][393]LogSlate: FSceneViewport::OnFocusLost() reason 0
[2018.09.02-12.31.45:539][425]Cmd: TRANSACTION UNDO
[2018.09.02-12.31.45:540][425]LogEditorTransaction: Undo Modify Component(s)
[2018.09.02-12.31.51:994][813]LogEditorViewport: Clicking on Actor (LMB): StaticMeshActor (WallFront)
[2018.09.02-12.31.54:835][913]LogEditorViewport: Clicking on Actor (LMB): BP_MountedLight_C (BP_MountedLight)
[2018.09.02-12.32.00:767][166]LogEditorViewport: Clicking on Actor (LMB): StaticMeshActor (WallFront)
[2018.09.02-12.32.09:422][449]LogEditorViewport: Clicking on Actor (LMB): BP_MountedLight_C (BP_MountedLight)
[2018.09.02-12.32.11:230][508]Cmd: DELETE
[2018.09.02-12.32.11:230][508]Cmd: ACTOR DELETE
[2018.09.02-12.32.11:282][508]LogEditorActor: Deleted Actor: BP_MountedLight_C
[2018.09.02-12.32.11:307][508]LogEditorActor: Deleted 1 Actors (0.077 secs)
[2018.09.02-12.32.12:378][547]Cmd: TRANSACTION UNDO
[2018.09.02-12.32.12:378][547]LogEditorTransaction: Undo Delete Actors
[2018.09.02-12.32.15:602][706]Cmd: DELETE
[2018.09.02-12.32.15:604][706]Cmd: ACTOR DELETE
[2018.09.02-12.32.15:657][706]LogEditorActor: Deleted Actor: BP_MountedLight_C
[2018.09.02-12.32.15:678][706]LogEditorActor: Deleted 1 Actors (0.075 secs)
[2018.09.02-12.32.16:681][743]Cmd: TRANSACTION UNDO
[2018.09.02-12.32.16:681][743]LogEditorTransaction: Undo Delete Actors
[2018.09.02-12.32.20:354][917]Cmd: DELETE
[2018.09.02-12.32.20:354][917]Cmd: ACTOR DELETE
[2018.09.02-12.32.20:408][917]LogEditorActor: Deleted Actor: BP_MountedLight_C
[2018.09.02-12.32.20:428][917]LogEditorActor: Deleted 1 Actors (0.073 secs)
[2018.09.02-12.32.28:063][218]LogEditorViewport: Clicking on Actor (LMB): BP_SearchLight_C (BP_SearchLight)
[2018.09.02-12.32.28:786][255]LogEditorViewport: Clicking on Actor (LMB): BP_SearchLight_C (BP_SearchLight)
[2018.09.02-12.32.29:424][288]LogEditorViewport: Clicking on Actor (LMB): BP_SearchLight_C (BP_SearchLight)
[2018.09.02-12.32.29:799][304]LogEditorViewport: Clicking on Component (LMB): StaticMeshComponent (SearchLight_RingOuter)
[2018.09.02-12.32.32:025][371]LogSlate: FSceneViewport::OnFocusLost() reason 0
[2018.09.02-12.32.41:729][754]LogSlate: FSceneViewport::OnFocusLost() reason 0
[2018.09.02-12.32.53:197][188]Cmd: TRANSACTION UNDO
[2018.09.02-12.32.53:197][188]LogEditorTransaction: Undo Modify Component(s)
[2018.09.02-12.32.53:811][220]Cmd: TRANSACTION UNDO
[2018.09.02-12.32.53:811][220]LogEditorTransaction: Undo Modify Component(s)
[2018.09.02-12.33.03:692][605]LogEditorViewport: Clicking on Actor (LMB): BP_SearchLight_C (BP_SearchLight4)
[2018.09.02-12.33.05:693][688]LogSlate: FSceneViewport::OnFocusLost() reason 0
[2018.09.02-12.33.18:885][218]LogEditorViewport: Clicking on Actor (LMB): BP_SearchLight_C (BP_SearchLight4)
[2018.09.02-12.33.23:547][452]LogEditorViewport: Clicking on Actor (LMB): BP_SearchLight_C (BP_SearchLight4)
[2018.09.02-12.33.23:638][453]LogEditorViewport: Clicking on Component (LMB): StaticMeshComponent (SearchLight_RingOuter)
[2018.09.02-12.33.26:616][539]LogSlate: FSceneViewport::OnFocusLost() reason 0
[2018.09.02-12.33.32:579][717]LogEditorViewport: Clicking on Component (LMB): StaticMeshComponent (SearchLight_DishLight)
[2018.09.02-12.33.32:695][718]LogEditorViewport: Clicking on Actor (double click): BP_SearchLight_C (BP_SearchLight4)
[2018.09.02-12.33.33:726][769]LogEditorViewport: Clicking on Actor (LMB): BP_SearchLight_C (BP_SearchLight4)
[2018.09.02-12.33.33:816][770]LogEditorViewport: Clicking on Component (LMB): StaticMeshComponent (SearchLight_DishLight)
[2018.09.02-12.33.35:540][833]LogSlate: FSceneViewport::OnFocusLost() reason 0
[2018.09.02-12.33.41:531][  1]LogSlate: Took 0.005713 seconds to synchronously load lazily loaded font '../../../Engine/Content/Slate/Fonts/Roboto-Italic.ttf' (157K)
[2018.09.02-12.33.42:690][ 49]LogSlate: FSceneViewport::OnFocusLost() reason 0
[2018.09.02-12.33.52:608][401]Cmd: TRANSACTION UNDO
[2018.09.02-12.33.52:608][401]LogEditorTransaction: Undo Set Actor Visibility
[2018.09.02-12.33.53:217][445]Cmd: TRANSACTION UNDO
[2018.09.02-12.33.53:217][445]LogEditorTransaction: Undo Set Actor Visibility
[2018.09.02-12.33.56:265][560]LogEditorViewport: Clicking on Component (LMB): StaticMeshComponent (SearchLight_DishLight)
[2018.09.02-12.33.56:360][560]LogEditorViewport: Clicking on Actor (double click): BP_SearchLight_C (BP_SearchLight4)
[2018.09.02-12.33.56:902][583]LogEditorViewport: Clicking on Actor (LMB): StaticMeshActor (CeilingPillar (6))
[2018.09.02-12.33.57:487][604]LogEditorViewport: Clicking on Actor (LMB): BP_SearchLight_C (BP_SearchLight4)
[2018.09.02-12.33.57:935][620]LogEditorViewport: Clicking on Actor (LMB): BP_SearchLight_C (BP_SearchLight4)
[2018.09.02-12.33.58:367][635]LogEditorViewport: Clicking on Component (LMB): StaticMeshComponent (SearchLight_DishLight)
[2018.09.02-12.34.01:381][726]LogSlate: FSceneViewport::OnFocusLost() reason 0
[2018.09.02-12.34.21:683][573]Cmd: TRANSACTION UNDO
[2018.09.02-12.34.21:683][573]LogEditorTransaction: Undo Modify Component(s)
[2018.09.02-12.34.22:048][583]Cmd: TRANSACTION UNDO
[2018.09.02-12.34.22:048][583]LogEditorTransaction: Undo Clicking on Components
[2018.09.02-12.34.22:235][589]Cmd: TRANSACTION UNDO
[2018.09.02-12.34.22:235][589]LogEditorTransaction: Undo Clicking on Actors
[2018.09.02-12.34.22:476][596]Cmd: TRANSACTION UNDO
[2018.09.02-12.34.22:476][596]LogEditorTransaction: Undo Clicking on Actors
[2018.09.02-12.34.22:711][600]Cmd: TRANSACTION UNDO
[2018.09.02-12.34.22:711][600]LogEditorTransaction: Undo Clicking on Actors
[2018.09.02-12.34.23:177][616]Cmd: TRANSACTION UNDO
[2018.09.02-12.34.23:177][616]LogEditorTransaction: Undo Clicking on Actors (double-click)
[2018.09.02-12.34.23:587][631]Cmd: TRANSACTION UNDO
[2018.09.02-12.34.23:587][631]LogEditorTransaction: Undo Clicking on Components
[2018.09.02-12.34.23:953][645]Cmd: TRANSACTION UNDO
[2018.09.02-12.34.23:953][645]LogEditorTransaction: Undo Set Actor Visibility
[2018.09.02-12.34.24:324][659]Cmd: TRANSACTION UNDO
[2018.09.02-12.34.24:324][659]LogEditorTransaction: Undo Set Actor Visibility
[2018.09.02-12.34.24:650][671]Cmd: TRANSACTION UNDO
[2018.09.02-12.34.24:650][671]LogEditorTransaction: Undo Set Actor Visibility
[2018.09.02-12.34.25:076][688]Cmd: TRANSACTION UNDO
[2018.09.02-12.34.25:076][688]LogEditorTransaction: Undo Set Actor Visibility
[2018.09.02-12.34.25:472][703]Cmd: TRANSACTION UNDO
[2018.09.02-12.34.25:472][703]LogEditorTransaction: Undo Set Actor Visibility
[2018.09.02-12.34.25:875][718]Cmd: TRANSACTION UNDO
[2018.09.02-12.34.25:875][718]LogEditorTransaction: Undo Set Actor Visibility
[2018.09.02-12.34.26:255][733]Cmd: TRANSACTION UNDO
[2018.09.02-12.34.26:255][733]LogEditorTransaction: Undo Set Actor Visibility
[2018.09.02-12.34.26:608][747]Cmd: TRANSACTION UNDO
[2018.09.02-12.34.26:608][747]LogEditorTransaction: Undo Set Actor Visibility
[2018.09.02-12.34.27:189][770]Cmd: TRANSACTION UNDO
[2018.09.02-12.34.27:189][770]LogEditorTransaction: Undo Modify Component(s)
[2018.09.02-12.34.27:802][793]Cmd: TRANSACTION UNDO
[2018.09.02-12.34.27:802][793]LogEditorTransaction: Undo Clicking on Components
[2018.09.02-12.34.28:625][825]Cmd: TRANSACTION UNDO
[2018.09.02-12.34.28:625][825]LogEditorTransaction: Undo Clicking on Actors
[2018.09.02-12.34.35:938][168]LogEditorViewport: Clicking on Actor (LMB): BP_SearchLight_C (BP_SearchLight4)
[2018.09.02-12.34.36:103][171]LogEditorViewport: Clicking on Component (LMB): StaticMeshComponent (SearchLight_DishLight)
[2018.09.02-12.34.37:695][243]LogSlate: FSceneViewport::OnFocusLost() reason 0
[2018.09.02-12.34.47:879][692]LogEditorViewport: Clicking on Component (LMB): StaticMeshComponent (SearchLight_RingOuter)
[2018.09.02-12.34.47:934][692]LogEditorViewport: Clicking on Actor (double click): BP_SearchLight_C (BP_SearchLight4)
[2018.09.02-12.34.48:769][736]LogEditorViewport: Clicking on Actor (LMB): BP_SearchLight_C (BP_SearchLight4)
[2018.09.02-12.34.49:154][754]LogEditorViewport: Clicking on Actor (LMB): BP_SearchLight_C (BP_SearchLight4)
[2018.09.02-12.34.49:446][769]LogEditorViewport: Clicking on Actor (LMB): BP_SearchLight_C (BP_SearchLight4)
[2018.09.02-12.34.49:536][770]LogEditorViewport: Clicking on Component (LMB): StaticMeshComponent (SearchLight_DishLight)
[2018.09.02-12.34.50:294][807]LogEditorViewport: Clicking on Component (LMB): StaticMeshComponent (SearchLight_RingHolder)
[2018.09.02-12.34.50:400][808]LogEditorViewport: Clicking on Actor (double click): BP_SearchLight_C (BP_SearchLight4)
[2018.09.02-12.34.50:981][840]LogEditorViewport: Clicking on Actor (LMB): BP_SearchLight_C (BP_SearchLight4)
[2018.09.02-12.34.51:363][858]LogEditorViewport: Clicking on Component (LMB): StaticMeshComponent (SearchLight_RingOuter)
[2018.09.02-12.34.53:039][924]LogSlate: FSceneViewport::OnFocusLost() reason 0
[2018.09.02-12.34.59:275][189]LogSlate: FSceneViewport::OnFocusLost() reason 0
[2018.09.02-12.36.11:283][734]LogEditorViewport: Clicking on Actor (LMB): BP_MountedLight_C (MountedLight6)
[2018.09.02-12.36.11:976][760]LogEditorViewport: Clicking on Actor (LMB): BP_MountedLight_C (MountedLight6)
[2018.09.02-12.36.12:329][772]LogEditorViewport: Clicking on Component (LMB): StaticMeshComponent (MountedLight_HeadLight)
[2018.09.02-12.36.12:692][780]LogEditorViewport: Clicking on Component (LMB): StaticMeshComponent (MountedLight_HeadLight)
[2018.09.02-12.36.14:329][819]LogSlate: FSceneViewport::OnFocusLost() reason 0
[2018.09.02-12.36.31:555][706]LogSlate: FSceneViewport::OnFocusLost() reason 0
[2018.09.02-12.36.46:363][387]LogEditorViewport: Clicking on Actor (LMB): StaticMeshActor (WallFront)
[2018.09.02-12.37.05:868][ 65]LogSlate: FSceneViewport::OnFocusLost() reason 0
[2018.09.02-12.37.28:036][738]Cmd: DELETE
[2018.09.02-12.37.28:036][738]Cmd: ACTOR DELETE
[2018.09.02-12.37.28:089][738]LogEditorActor: Deleted Actor: PointLight
[2018.09.02-12.37.28:118][738]LogEditorActor: Deleted 1 Actors (0.082 secs)
[2018.09.02-12.37.38:457][120]LogEditorViewport: Clicking on Actor (context menu): StaticMeshActor (Stairs (2))
[2018.09.02-12.37.38:565][120]LogSlate: FSceneViewport::OnFocusLost() reason 2
[2018.09.02-12.37.40:013][169]LogEditorViewport: Clicking on Actor (context menu): StaticMeshActor (Stairs (2))
[2018.09.02-12.37.40:079][169]LogSlate: FSceneViewport::OnFocusLost() reason 2
[2018.09.02-12.37.42:247][266]LogSlate: FSceneViewport::OnFocusLost() reason 0
[2018.09.02-12.37.43:505][266]LogSlate: Window 'Save Content' being destroyed
[2018.09.02-12.37.43:532][266]LogSlate: FSceneViewport::OnFocusLost() reason 2
[2018.09.02-12.37.43:740][266]Cmd: OBJ SAVEPACKAGE PACKAGE="/Game/Maps/Meshing" FILE="E:/Unreal Projects/BeyondHuman/Content/Maps/Meshing.umap" SILENT=true AUTOSAVING=false KEEPDIRTY=false
[2018.09.02-12.37.44:189][266]LogSavePackage: Moving 'E:/Unreal Projects/BeyondHuman/Saved/MeshingEB5B3BB94E26BE1666CFAEA8E9AA476E.tmp' to 'E:/Unreal Projects/BeyondHuman/Content/Maps/Meshing.umap'
[2018.09.02-12.37.44:209][266]LogFileHelpers: Saving map 'Meshing' took 0.671
[2018.09.02-12.38.14:820][540]LogEditorViewport: Clicking on Actor (LMB): StaticMeshActor (WallRight)
[2018.09.02-12.38.29:409][ 78]LogEditorViewport: Clicking on Actor (context menu): StaticMeshActor (BuildingSmall)
[2018.09.02-12.38.29:503][ 78]LogSlate: FSceneViewport::OnFocusLost() reason 2
[2018.09.02-12.38.29:511][ 78]LogEditorViewport: Clicking on Actor (context menu): StaticMeshActor (BuildingSmall)
[2018.09.02-12.38.29:578][ 78]LogSlate: FSceneViewport::OnFocusLost() reason 2
[2018.09.02-12.38.36:554][385]LogEditorViewport: Clicking on Actor (LMB): SpotLight (SpotLight30)
[2018.09.02-12.38.36:668][386]LogEditorViewport: Clicking on Component (LMB): SpotLightComponent (LightComponent0)
[2018.09.02-12.38.39:919][573]LogSlate: FSceneViewport::OnFocusLost() reason 0
[2018.09.02-12.38.43:847][816]LogEditorViewport: Clicking on Actor (LMB): SpotLight (SpotLight29)
[2018.09.02-12.38.46:192][931]LogSlate: FSceneViewport::OnFocusLost() reason 0
[2018.09.02-12.38.50:225][156]LogEditorViewport: Clicking on Actor (LMB): SpotLight (SpotLight31)
[2018.09.02-12.38.51:581][234]LogSlate: FSceneViewport::OnFocusLost() reason 0
[2018.09.02-12.38.54:223][334]LogEditorViewport: Clicking on Actor (LMB): StaticMeshActor (BuildingSmall)
[2018.09.02-12.39.09:072][840]LogEditorViewport: Clicking on Actor (LMB): SpotLight (SpotLight29)
[2018.09.02-12.39.16:706][164]LogSlate: FSceneViewport::OnFocusLost() reason 0
[2018.09.02-12.39.20:664][269]Cmd: TRANSACTION UNDO
[2018.09.02-12.39.20:664][269]LogEditorTransaction: Undo Edit Attenuation Radius
[2018.09.02-12.39.24:295][453]LogSlate: FSceneViewport::OnFocusLost() reason 0
[2018.09.02-12.39.29:188][652]LogEditorViewport: Clicking on Actor (LMB): SpotLight (SpotLight30)
[2018.09.02-12.39.30:498][718]LogSlate: FSceneViewport::OnFocusLost() reason 0
[2018.09.02-12.39.33:544][875]LogEditorViewport: Clicking on Actor (LMB): SpotLight (SpotLight31)
[2018.09.02-12.39.34:798][941]LogSlate: FSceneViewport::OnFocusLost() reason 0
[2018.09.02-12.39.57:697][813]LogEditorViewport: Clicking on Actor (LMB): BP_SearchLight_C (BP_SearchLight6)
[2018.09.02-12.39.59:145][871]LogSlate: FSceneViewport::OnFocusLost() reason 0
[2018.09.02-12.40.07:963][208]LogSlate: FSceneViewport::OnFocusLost() reason 0
[2018.09.02-12.40.15:964][500]LogEditorViewport: Clicking on Actor (LMB): BP_SearchLight_C (BP_SearchLight6)
[2018.09.02-12.40.16:563][529]LogEditorViewport: Clicking on Actor (LMB): BP_SearchLight_C (BP_SearchLight6)
[2018.09.02-12.40.16:932][545]LogEditorViewport: Clicking on Component (LMB): StaticMeshComponent (SearchLight_RingOuter)
[2018.09.02-12.40.19:350][593]LogSlate: FSceneViewport::OnFocusLost() reason 0
[2018.09.02-12.40.27:395][821]LogEditorViewport: Clicking on Component (LMB): StaticMeshComponent (SearchLight_DishLight)
[2018.09.02-12.40.27:437][821]LogEditorViewport: Clicking on Actor (double click): BP_SearchLight_C (BP_SearchLight6)
[2018.09.02-12.40.27:832][841]LogEditorViewport: Clicking on Actor (LMB): BP_SearchLight_C (BP_SearchLight6)
[2018.09.02-12.40.27:991][846]LogEditorViewport: Clicking on Component (LMB): StaticMeshComponent (SearchLight_DishLight)
[2018.09.02-12.40.29:843][888]LogSlate: FSceneViewport::OnFocusLost() reason 0
[2018.09.02-12.40.53:524][808]LogEditorViewport: Clicking on Component (LMB): StaticMeshComponent (SearchLight_RingOuter)
[2018.09.02-12.40.55:906][865]LogSlate: FSceneViewport::OnFocusLost() reason 0
[2018.09.02-12.41.01:747][128]LogEditorViewport: Clicking on Actor (context menu): StaticMeshActor (Ground)
[2018.09.02-12.41.01:858][128]LogSlate: FSceneViewport::OnFocusLost() reason 2
[2018.09.02-12.41.02:201][130]LogEditorViewport: Clicking on Actor (LMB): StaticMeshActor (Ground)
[2018.09.02-12.41.07:079][293]LogEditorViewport: Clicking on Actor (LMB): BP_SearchLight_C (BP_SearchLight6)
[2018.09.02-12.41.11:329][460]LogSlate: FSceneViewport::OnFocusLost() reason 0
[2018.09.02-12.41.16:482][632]LogEditorViewport: Clicking on Actor (LMB): StaticMeshActor (CeilingPillar (4))
[2018.09.02-12.41.28:094][ 57]LogEditorViewport: Clicking on Actor (LMB): BP_SearchLight_C (BP_SearchLight8)
[2018.09.02-12.41.36:794][409]LogEditorViewport: Clicking on Actor (LMB): BP_SearchLight_C (BP_SearchLight8)
[2018.09.02-12.41.37:472][443]LogEditorViewport: Clicking on Actor (LMB): BP_SearchLight_C (BP_SearchLight8)
[2018.09.02-12.41.37:578][446]LogEditorViewport: Clicking on Component (LMB): StaticMeshComponent (SearchLight_DishLight)
[2018.09.02-12.41.40:180][561]LogSlate: FSceneViewport::OnFocusLost() reason 0
[2018.09.02-12.41.54:266][444]LogEditorViewport: Clicking on Actor (LMB): StaticMeshActor (BuildingAngled)
[2018.09.02-12.42.02:209][733]LogEditorViewport: Clicking on Actor (context menu): StaticMeshActor (BuildingAngled)
[2018.09.02-12.42.02:284][733]LogSlate: FSceneViewport::OnFocusLost() reason 2
[2018.09.02-12.42.03:578][855]LogEditorViewport: Clicking on Actor (context menu): StaticMeshActor (BuildingTall)
[2018.09.02-12.42.03:688][855]LogSlate: FSceneViewport::OnFocusLost() reason 2
[2018.09.02-12.42.07:201][ 22]LogEditorViewport: Clicking on Actor (LMB): StaticMeshActor (BuildingAngled)
[2018.09.02-12.42.15:304][268]LogSlate: FSceneViewport::OnFocusLost() reason 0
[2018.09.02-12.42.16:309][269]LogSlate: Window 'Save Content' being destroyed
[2018.09.02-12.42.16:337][269]LogSlate: FSceneViewport::OnFocusLost() reason 2
[2018.09.02-12.42.16:549][269]Cmd: OBJ SAVEPACKAGE PACKAGE="/Game/Maps/Meshing" FILE="E:/Unreal Projects/BeyondHuman/Content/Maps/Meshing.umap" SILENT=true AUTOSAVING=false KEEPDIRTY=false
[2018.09.02-12.42.16:967][269]LogSavePackage: Moving 'E:/Unreal Projects/BeyondHuman/Saved/MeshingD01B9B2846A94A66289EF18AD8F88F82.tmp' to 'E:/Unreal Projects/BeyondHuman/Content/Maps/Meshing.umap'
[2018.09.02-12.42.16:985][269]LogFileHelpers: Saving map 'Meshing' took 0.642
[2018.09.02-12.42.18:988][329]LogSlate: FSceneViewport::OnFocusLost() reason 0
[2018.09.02-12.42.26:371][404]LogSlate: FSceneViewport::OnFocusLost() reason 0
[2018.09.02-12.42.26:499][411]LogSlate: Window 'BeyondHuman - Unreal Editor' being destroyed
[2018.09.02-12.42.26:703][412]Cmd: QUIT_EDITOR
[2018.09.02-12.42.26:737][412]LogWindowsTextInputMethodSystem: Display: IME system now deactivated.
[2018.09.02-12.42.26:750][412]LogExit: Preparing to exit.
[2018.09.02-12.42.27:342][412]LogExit: Editor shut down
[2018.09.02-12.42.27:343][412]LogExit: Transaction tracking system shut down
[2018.09.02-12.42.28:094][412]LogExit: Object subsystem successfully closed.
[2018.09.02-12.42.28:130][412]LogShaderCompilers: Display: Shaders left to compile 0
[2018.09.02-12.42.28:135][412]LogD3D11RHI: Shutdown
[2018.09.02-12.42.28:135][412]LogD3D11RHI: CleanupD3DDevice
[2018.09.02-12.42.28:142][412]LogD3D11RHI: ~FD3D11DynamicRHI
[2018.09.02-12.42.28:216][412]LogModuleManager: Shutting down and abandoning module MeshBuilder (620)
[2018.09.02-12.42.28:216][412]LogModuleManager: Shutting down and abandoning module HierarchicalLODOutliner (618)
[2018.09.02-12.42.28:216][412]LogModuleManager: Shutting down and abandoning module SceneOutliner (616)
[2018.09.02-12.42.28:216][412]LogModuleManager: Shutting down and abandoning module AddContentDialog (614)
[2018.09.02-12.42.28:217][412]LogModuleManager: Shutting down and abandoning module WidgetCarousel (613)
[2018.09.02-12.42.28:217][412]LogModuleManager: Shutting down and abandoning module EditorWidgets (610)
[2018.09.02-12.42.28:217][412]LogModuleManager: Shutting down and abandoning module CollectionManager (608)
[2018.09.02-12.42.28:218][412]LogModuleManager: Shutting down and abandoning module StatsViewer (606)
[2018.09.02-12.42.28:219][412]LogModuleManager: Shutting down and abandoning module FoliageEdit (604)
[2018.09.02-12.42.28:219][412]LogModuleManager: Shutting down and abandoning module LandscapeEditor (602)
[2018.09.02-12.42.28:221][412]LogModuleManager: Shutting down and abandoning module MeshPaintMode (600)
[2018.09.02-12.42.28:221][412]LogModuleManager: Shutting down and abandoning module SceneDepthPickerMode (598)
[2018.09.02-12.42.28:221][412]LogModuleManager: Shutting down and abandoning module ActorPickerMode (596)
[2018.09.02-12.42.28:221][412]LogModuleManager: Shutting down and abandoning module GeometryMode (594)
[2018.09.02-12.42.28:221][412]LogModuleManager: Shutting down and abandoning module TextureAlignMode (592)
[2018.09.02-12.42.28:221][412]LogModuleManager: Shutting down and abandoning module BspMode (590)
[2018.09.02-12.42.28:222][412]LogModuleManager: Shutting down and abandoning module PIEPreviewDeviceProfileSelector (588)
[2018.09.02-12.42.28:222][412]LogModuleManager: Shutting down and abandoning module SequenceRecorderSections (586)
[2018.09.02-12.42.28:222][412]LogModuleManager: Shutting down and abandoning module AutomationWorker (584)
[2018.09.02-12.42.28:222][412]LogModuleManager: Shutting down and abandoning module AudioCaptureEditor (582)
[2018.09.02-12.42.28:222][412]LogModuleManager: Shutting down and abandoning module SequenceRecorder (581)
[2018.09.02-12.42.28:223][412]LogModuleManager: Shutting down and abandoning module MatineeToLevelSequence (578)
[2018.09.02-12.42.28:223][412]LogModuleManager: Shutting down and abandoning module LevelSequenceEditor (576)
[2018.09.02-12.42.28:225][412]LogModuleManager: Shutting down and abandoning module PlacementMode (575)
[2018.09.02-12.42.28:225][412]LogModuleManager: Shutting down and abandoning module MaterialEditor (574)
[2018.09.02-12.42.28:225][412]LogModuleManager: Shutting down and abandoning module WmfMediaFactory (570)
[2018.09.02-12.42.28:225][412]LogModuleManager: Shutting down and abandoning module WmfMediaEditor (568)
[2018.09.02-12.42.28:225][412]LogModuleManager: Shutting down and abandoning module MediaPlayerEditor (566)
[2018.09.02-12.42.28:227][412]LogModuleManager: Shutting down and abandoning module OpenExrWrapper (564)
[2018.09.02-12.42.28:227][412]LogModuleManager: Shutting down and abandoning module ImgMediaFactory (562)
[2018.09.02-12.42.28:227][412]LogModuleManager: Shutting down and abandoning module ImgMediaEditor (560)
[2018.09.02-12.42.28:227][412]LogModuleManager: Shutting down and abandoning module AvfMediaFactory (558)
[2018.09.02-12.42.28:227][412]LogModuleManager: Shutting down and abandoning module AvfMediaEditor (556)
[2018.09.02-12.42.28:227][412]LogModuleManager: Shutting down and abandoning module AndroidMediaFactory (554)
[2018.09.02-12.42.28:227][412]LogModuleManager: Shutting down and abandoning module AndroidMediaEditor (552)
[2018.09.02-12.42.28:227][412]LogModuleManager: Shutting down and abandoning module MagicLeapCameraPreviewFactory (550)
[2018.09.02-12.42.28:227][412]LogModuleManager: Shutting down and abandoning module MagicLeapMediaFactory (548)
[2018.09.02-12.42.28:227][412]LogModuleManager: Shutting down and abandoning module MagicLeapMediaEditor (546)
[2018.09.02-12.42.28:227][412]LogModuleManager: Shutting down and abandoning module CharacterAI (544)
[2018.09.02-12.42.28:227][412]LogModuleManager: Shutting down and abandoning module SmartSnapping (542)
[2018.09.02-12.42.28:227][412]LogModuleManager: Shutting down and abandoning module SessionServices (540)
[2018.09.02-12.42.28:227][412]LogModuleManager: Shutting down and abandoning module ViewportSnapping (538)
[2018.09.02-12.42.28:227][412]LogModuleManager: Shutting down and abandoning module ViewportInteraction (536)
[2018.09.02-12.42.28:227][412]LogModuleManager: Shutting down and abandoning module ClothPainter (534)
[2018.09.02-12.42.28:228][412]LogModuleManager: Shutting down and abandoning module SkeletalMeshEditor (533)
[2018.09.02-12.42.28:230][412]LogModuleManager: Shutting down and abandoning module LogVisualizer (530)
[2018.09.02-12.42.28:232][412]LogModuleManager: Shutting down and abandoning module IntroTutorials (528)
[2018.09.02-12.42.28:233][412]LogModuleManager: Shutting down and abandoning module GameProjectGeneration (527)
[2018.09.02-12.42.28:234][412]LogModuleManager: Shutting down and abandoning module LuminPlatformEditor (524)
[2018.09.02-12.42.28:234][412]LogModuleManager: Shutting down and abandoning module IOSPlatformEditor (522)
[2018.09.02-12.42.28:234][412]LogModuleManager: Shutting down and abandoning module HTML5PlatformEditor (520)
[2018.09.02-12.42.28:234][412]LogModuleManager: Shutting down and abandoning module AndroidPlatformEditor (518)
[2018.09.02-12.42.28:234][412]LogModuleManager: Shutting down and abandoning module AndroidDeviceDetection (517)
[2018.09.02-12.42.28:446][412]LogModuleManager: Shutting down and abandoning module WindowsPlatformEditor (514)
[2018.09.02-12.42.28:446][412]LogModuleManager: Shutting down and abandoning module LuminRuntimeSettings (512)
[2018.09.02-12.42.28:446][412]LogModuleManager: Shutting down and abandoning module IOSRuntimeSettings (510)
[2018.09.02-12.42.28:446][412]LogModuleManager: Shutting down and abandoning module AndroidRuntimeSettings (508)
[2018.09.02-12.42.28:446][412]LogModuleManager: Shutting down and abandoning module InputBindingEditor (506)
[2018.09.02-12.42.28:447][412]LogModuleManager: Shutting down and abandoning module MergeActors (504)
[2018.09.02-12.42.28:448][412]LogModuleManager: Shutting down and abandoning module LocalizationDashboard (502)
[2018.09.02-12.42.28:449][412]LogModuleManager: Shutting down and abandoning module LocalizationService (501)
[2018.09.02-12.42.28:449][412]LogModuleManager: Shutting down and abandoning module HardwareTargeting (498)
[2018.09.02-12.42.28:449][412]LogModuleManager: Shutting down and abandoning module DeviceProfileEditor (496)
[2018.09.02-12.42.28:449][412]LogModuleManager: Shutting down and abandoning module UndoHistory (494)
[2018.09.02-12.42.28:449][412]LogModuleManager: Shutting down and abandoning module XmlParser (492)
[2018.09.02-12.42.28:449][412]LogModuleManager: Shutting down and abandoning module Blutility (490)
[2018.09.02-12.42.28:450][412]LogModuleManager: Shutting down and abandoning module ProjectSettingsViewer (488)
[2018.09.02-12.42.28:450][412]LogModuleManager: Shutting down and abandoning module ProjectTargetPlatformEditor (487)
[2018.09.02-12.42.28:450][412]LogModuleManager: Shutting down and abandoning module EditorSettingsViewer (484)
[2018.09.02-12.42.28:450][412]LogModuleManager: Shutting down and abandoning module SettingsEditor (482)
[2018.09.02-12.42.28:451][412]LogModuleManager: Shutting down and abandoning module ProjectLauncher (480)
[2018.09.02-12.42.28:452][412]LogModuleManager: Shutting down and abandoning module SessionFrontend (478)
[2018.09.02-12.42.28:452][412]LogModuleManager: Shutting down and abandoning module ProfilerClient (476)
[2018.09.02-12.42.28:453][412]LogModuleManager: Shutting down and abandoning module DeviceManager (474)
[2018.09.02-12.42.28:453][412]LogModuleManager: Shutting down and abandoning module TargetDeviceServices (473)
[2018.09.02-12.42.28:508][412]LogModuleManager: Shutting down and abandoning module AutomationController (470)
[2018.09.02-12.42.28:509][412]LogModuleManager: Shutting down and abandoning module AutomationWindow (468)
[2018.09.02-12.42.28:509][412]LogModuleManager: Shutting down and abandoning module Layers (466)
[2018.09.02-12.42.28:512][412]LogModuleManager: Shutting down and abandoning module ComponentVisualizers (464)
[2018.09.02-12.42.28:512][412]LogModuleManager: Shutting down and abandoning module DetailCustomizations (462)
[2018.09.02-12.42.28:512][412]LogModuleManager: Shutting down and abandoning module PackagesDialog (460)
[2018.09.02-12.42.28:512][412]LogModuleManager: Shutting down and abandoning module Persona (458)
[2018.09.02-12.42.28:514][412]LogModuleManager: Shutting down and abandoning module AdvancedPreviewScene (457)
[2018.09.02-12.42.28:514][412]LogModuleManager: Shutting down and abandoning module AnimGraph (455)
[2018.09.02-12.42.28:514][412]LogModuleManager: Shutting down and abandoning module Kismet (452)
[2018.09.02-12.42.28:516][412]LogModuleManager: Shutting down and abandoning module GraphEditor (450)
[2018.09.02-12.42.28:518][412]LogModuleManager: Shutting down and abandoning module ClassViewer (448)
[2018.09.02-12.42.28:518][412]LogModuleManager: Shutting down and abandoning module Toolbox (446)
[2018.09.02-12.42.28:518][412]LogModuleManager: Shutting down and abandoning module ModuleUI (444)
[2018.09.02-12.42.28:518][412]LogModuleManager: Shutting down and abandoning module MovieSceneTools (442)
[2018.09.02-12.42.28:519][412]LogModuleManager: Shutting down and abandoning module OutputLog (440)
[2018.09.02-12.42.28:519][412]LogModuleManager: Shutting down and abandoning module GammaUI (438)
[2018.09.02-12.42.28:519][412]LogModuleManager: Shutting down and abandoning module Documentation (436)
[2018.09.02-12.42.28:520][412]LogModuleManager: Shutting down and abandoning module MovieSceneTracks (434)
[2018.09.02-12.42.28:520][412]LogModuleManager: Shutting down and abandoning module MovieScene (432)
[2018.09.02-12.42.28:520][412]LogModuleManager: Shutting down and abandoning module StreamingPauseRendering (430)
[2018.09.02-12.42.28:520][412]LogModuleManager: Shutting down and abandoning module LauncherPlatform (428)
[2018.09.02-12.42.28:520][412]LogModuleManager: Shutting down and abandoning module AnalyticsET (426)
[2018.09.02-12.42.28:520][412]LogModuleManager: Shutting down and abandoning module PortalServices (424)
[2018.09.02-12.42.28:520][412]LogModuleManager: Shutting down and abandoning module PortalRpc (422)
[2018.09.02-12.42.28:520][412]LogModuleManager: Shutting down and abandoning module MessagingRpc (420)
[2018.09.02-12.42.28:520][412]LogModuleManager: Shutting down and abandoning module AIModule (418)
[2018.09.02-12.42.28:521][412]LogModuleManager: Shutting down and abandoning module GameplayDebugger (417)
[2018.09.02-12.42.28:522][412]LogModuleManager: Shutting down and abandoning module AITestSuite (415)
[2018.09.02-12.42.28:522][412]LogModuleManager: Shutting down and abandoning module NavigationSystem (413)
[2018.09.02-12.42.28:522][412]LogModuleManager: Shutting down and abandoning module DesktopPlatform (410)
[2018.09.02-12.42.28:522][412]LogModuleManager: Shutting down and abandoning module ProfilerService (408)
[2018.09.02-12.42.28:751][412]LogModuleManager: Shutting down and abandoning module TaskGraph (406)
[2018.09.02-12.42.28:753][412]LogModuleManager: Shutting down and abandoning module SubstanceLiveLink (404)
[2018.09.02-12.42.28:753][412]LogModuleManager: Shutting down and abandoning module SubstanceSource (402)
[2018.09.02-12.42.28:756][412]LogModuleManager: Shutting down and abandoning module SubstanceEditor (400)
[2018.09.02-12.42.28:757][412]LogModuleManager: Shutting down and abandoning module SteamVRController (398)
[2018.09.02-12.42.28:757][412]LogModuleManager: Shutting down and abandoning module ProceduralMeshComponentEditor (396)
[2018.09.02-12.42.28:757][412]LogModuleManager: Shutting down and abandoning module ProceduralMeshComponent (394)
[2018.09.02-12.42.28:758][412]LogModuleManager: Shutting down and abandoning module OculusInput (392)
[2018.09.02-12.42.28:758][412]LogModuleManager: Shutting down and abandoning module MobilePatchingUtils (390)
[2018.09.02-12.42.28:758][412]LogModuleManager: Shutting down and abandoning module EditableMesh (388)
[2018.09.02-12.42.28:758][412]LogModuleManager: Shutting down and abandoning module CustomMeshComponent (386)
[2018.09.02-12.42.28:758][412]LogModuleManager: Shutting down and abandoning module CableComponent (384)
[2018.09.02-12.42.28:758][412]LogModuleManager: Shutting down and abandoning module AudioCapture (382)
[2018.09.02-12.42.28:758][412]LogModuleManager: Shutting down and abandoning module ArchVisCharacter (380)
[2018.09.02-12.42.28:758][412]LogModuleManager: Shutting down and abandoning module AndroidPermission (378)
[2018.09.02-12.42.28:758][412]LogModuleManager: Shutting down and abandoning module NUTUnrealEngine4 (376)
[2018.09.02-12.42.28:758][412]LogModuleManager: Shutting down and abandoning module NetcodeUnitTest (374)
[2018.09.02-12.42.28:760][412]LogModuleManager: Shutting down and abandoning module MediaCompositingEditor (372)
[2018.09.02-12.42.28:760][412]LogModuleManager: Shutting down and abandoning module MediaCompositing (370)
[2018.09.02-12.42.28:760][412]LogModuleManager: Shutting down and abandoning module LinearTimecode (368)
[2018.09.02-12.42.28:760][412]LogModuleManager: Shutting down and abandoning module ImgMedia (366)
[2018.09.02-12.42.28:763][412]LogModuleManager: Shutting down and abandoning module HTML5Networking (364)
[2018.09.02-12.42.28:763][412]LogModuleManager: Shutting down and abandoning module GeometryCacheTracks (362)
[2018.09.02-12.42.28:763][412]LogModuleManager: Shutting down and abandoning module GeometryCacheSequencer (360)
[2018.09.02-12.42.28:763][412]LogModuleManager: Shutting down and abandoning module BackChannel (358)
[2018.09.02-12.42.28:764][412]LogModuleManager: Shutting down and abandoning module AppleVision (356)
[2018.09.02-12.42.28:764][412]LogModuleManager: Shutting down and abandoning module AppleImageUtils (354)
[2018.09.02-12.42.28:764][412]LogModuleManager: Shutting down and abandoning module AlembicImporter (352)
[2018.09.02-12.42.28:764][412]LogModuleManager: Shutting down and abandoning module AlembicLibrary (351)
[2018.09.02-12.42.28:764][412]LogModuleManager: Shutting down and abandoning module GeometryCache (350)
[2018.09.02-12.42.28:764][412]LogModuleManager: Shutting down and abandoning module GeometryCacheEd (349)
[2018.09.02-12.42.28:764][412]LogModuleManager: Shutting down and abandoning module DatasmithContentEditor (344)
[2018.09.02-12.42.28:765][412]LogModuleManager: Shutting down and abandoning module DatasmithContent (342)
[2018.09.02-12.42.28:765][412]LogModuleManager: Shutting down and abandoning module SpeedTreeImporter (340)
[2018.09.02-12.42.28:765][412]LogModuleManager: Shutting down and abandoning module PluginBrowser (338)
[2018.09.02-12.42.28:768][412]LogModuleManager: Shutting down and abandoning module MobileLauncherProfileWizard (336)
[2018.09.02-12.42.28:768][412]LogModuleManager: Shutting down and abandoning module PolygonModeling (334)
[2018.09.02-12.42.28:768][412]LogModuleManager: Shutting down and abandoning module MeshEditor (332)
[2018.09.02-12.42.28:769][412]LogModuleManager: Shutting down and abandoning module CryptoKeysOpenSSL (330)
[2018.09.02-12.42.28:769][412]LogModuleManager: Shutting down and abandoning module CryptoKeys (328)
[2018.09.02-12.42.28:769][412]LogModuleManager: Shutting down and abandoning module VisualStudioSourceCodeAccess (326)
[2018.09.02-12.42.28:769][412]LogModuleManager: Shutting down and abandoning module VisualStudioCodeSourceCodeAccess (324)
[2018.09.02-12.42.28:769][412]LogModuleManager: Shutting down and abandoning module UObjectPlugin (322)
[2018.09.02-12.42.28:769][412]LogModuleManager: Shutting down and abandoning module SubversionSourceControl (320)
[2018.09.02-12.42.28:770][412]LogModuleManager: Shutting down and abandoning module PerforceSourceControl (318)
[2018.09.02-12.42.28:771][412]LogModuleManager: Shutting down and abandoning module GitSourceControl (316)
[2018.09.02-12.42.28:772][412]LogModuleManager: Shutting down and abandoning module SourceControl (315)
[2018.09.02-12.42.28:773][412]LogModuleManager: Shutting down and abandoning module CLionSourceCodeAccess (312)
[2018.09.02-12.42.28:773][412]LogModuleManager: Shutting down and abandoning module LightPropagationVolumeEditor (310)
[2018.09.02-12.42.28:773][412]LogModuleManager: Shutting down and abandoning module PaperTiledImporter (308)
[2018.09.02-12.42.28:773][412]LogModuleManager: Shutting down and abandoning module PaperSpriteSheetImporter (306)
[2018.09.02-12.42.28:773][412]LogModuleManager: Shutting down and abandoning module Paper2DEditor (304)
[2018.09.02-12.42.28:774][412]LogModuleManager: Shutting down and abandoning module MeshPaint (303)
[2018.09.02-12.42.28:775][412]LogModuleManager: Shutting down and abandoning module RuntimePhysXCooking (300)
[2018.09.02-12.42.28:775][412]LogModuleManager: Shutting down and abandoning module PhysXVehiclesEditor (298)
[2018.09.02-12.42.28:775][412]LogModuleManager: Shutting down and abandoning module PhysXVehicles (296)
[2018.09.02-12.42.28:775][412]LogModuleManager: Shutting down and abandoning module OculusEditor (294)
[2018.09.02-12.42.28:775][412]LogModuleManager: Shutting down and abandoning module LocationServicesBPLibrary (292)
[2018.09.02-12.42.28:775][412]LogModuleManager: Shutting down and abandoning module ImmediatePhysicsEditor (290)
[2018.09.02-12.42.28:775][412]LogModuleManager: Shutting down and abandoning module ImmediatePhysics (288)
[2018.09.02-12.42.28:776][412]LogModuleManager: Shutting down and abandoning module ActorSequence (286)
[2018.09.02-12.42.28:776][412]LogModuleManager: Shutting down and abandoning module UdpMessaging (284)
[2018.09.02-12.42.28:877][412]LogModuleManager: Shutting down and abandoning module TcpMessaging (282)
[2018.09.02-12.42.28:978][412]LogModuleManager: Shutting down and abandoning module SubstanceCore (280)
[2018.09.02-12.42.28:979][412]LogModuleManager: Shutting down and abandoning module MagicLeapAudio (278)
[2018.09.02-12.42.28:979][412]LogModuleManager: Shutting down and abandoning module GameplayTagsEditor (276)
[2018.09.02-12.42.28:980][412]LogModuleManager: Shutting down and abandoning module FacialAnimationEditor (274)
[2018.09.02-12.42.28:980][412]LogModuleManager: Shutting down and abandoning module FacialAnimation (272)
[2018.09.02-12.42.28:980][412]LogModuleManager: Shutting down and abandoning module DataValidation (270)
[2018.09.02-12.42.28:980][412]LogModuleManager: Shutting down and abandoning module AssetManagerEditor (268)
[2018.09.02-12.42.28:981][412]LogModuleManager: Shutting down and abandoning module LevelEditor (267)
[2018.09.02-12.42.28:983][412]LogModuleManager: Shutting down and abandoning module PixelInspectorModule (266)
[2018.09.02-12.42.28:983][412]LogModuleManager: Shutting down and abandoning module CommonMenuExtensions (264)
[2018.09.02-12.42.28:983][412]LogModuleManager: Shutting down and abandoning module MainFrame (262)
[2018.09.02-12.42.28:984][412]LogModuleManager: Shutting down and abandoning module HotReload (261)
[2018.09.02-12.42.28:985][412]LogModuleManager: Shutting down and abandoning module ContentBrowser (257)
[2018.09.02-12.42.28:986][412]LogModuleManager: Shutting down and abandoning module TreeMap (255)
[2018.09.02-12.42.28:986][412]LogModuleManager: Shutting down and abandoning module LightPropagationVolumeRuntime (252)
[2018.09.02-12.42.28:986][412]LogModuleManager: Shutting down and abandoning module AISupportModule (250)
[2018.09.02-12.42.28:986][412]LogModuleManager: Shutting down and abandoning module Paper2D (248)
[2018.09.02-12.42.28:987][412]LogModuleManager: Shutting down and abandoning module WindowsMoviePlayer (246)
[2018.09.02-12.42.28:987][412]LogModuleManager: Shutting down and abandoning module WmfMedia (244)
[2018.09.02-12.42.28:990][412]LogModuleManager: Shutting down and abandoning module Media (243)
[2018.09.02-12.42.28:995][412]LogModuleManager: Shutting down and abandoning module PacketHandler (240)
[2018.09.02-12.42.28:995][412]LogModuleManager: Shutting down and abandoning module ClothingSystemEditor (238)
[2018.09.02-12.42.28:995][412]LogModuleManager: Shutting down and abandoning module ClothingSystemRuntime (236)
[2018.09.02-12.42.28:996][412]LogModuleManager: Shutting down and abandoning module MediaAssets (234)
[2018.09.02-12.42.28:996][412]LogModuleManager: Shutting down and abandoning module Overlay (232)
[2018.09.02-12.42.28:996][412]LogModuleManager: Shutting down and abandoning module OverlayEditor (231)
[2018.09.02-12.42.28:996][412]LogModuleManager: Shutting down and abandoning module VREditor (228)
[2018.09.02-12.42.28:996][412]LogModuleManager: Shutting down and abandoning module StringTableEditor (226)
[2018.09.02-12.42.28:997][412]LogModuleManager: Shutting down and abandoning module GameplayTasksEditor (224)
[2018.09.02-12.42.28:997][412]LogModuleManager: Shutting down and abandoning module BehaviorTreeEditor (222)
[2018.09.02-12.42.28:999][412]LogModuleManager: Shutting down and abandoning module FunctionalTesting (220)
[2018.09.02-12.42.29:000][412]LogModuleManager: Shutting down and abandoning module CollisionAnalyzer (218)
[2018.09.02-12.42.29:001][412]LogModuleManager: Shutting down and abandoning module WorkspaceMenuStructure (217)
[2018.09.02-12.42.29:002][412]LogModuleManager: Shutting down and abandoning module UMG (214)
[2018.09.02-12.42.29:003][412]LogModuleManager: Shutting down and abandoning module UMGEditor (213)
[2018.09.02-12.42.29:004][412]LogModuleManager: Shutting down and abandoning module Sequencer (212)
[2018.09.02-12.42.29:006][412]LogModuleManager: Shutting down and abandoning module MessageLog (209)
[2018.09.02-12.42.29:007][412]LogModuleManager: Shutting down and abandoning module SlateReflector (204)
[2018.09.02-12.42.29:009][412]LogModuleManager: Shutting down and abandoning module Slate (202)
[2018.09.02-12.42.29:009][412]LogModuleManager: Shutting down and abandoning module EditorStyle (200)
[2018.09.02-12.42.29:011][412]LogModuleManager: Shutting down and abandoning module MRMesh (198)
[2018.09.02-12.42.29:011][412]LogModuleManager: Shutting down and abandoning module SourceCodeAccess (196)
[2018.09.02-12.42.29:011][412]LogModuleManager: Shutting down and abandoning module HeadMountedDisplay (194)
[2018.09.02-12.42.29:011][412]LogModuleManager: Shutting down and abandoning module XAudio2 (192)
[2018.09.02-12.42.29:011][412]LogModuleManager: Shutting down and abandoning module Networking (190)
[2018.09.02-12.42.29:011][412]LogModuleManager: Shutting down and abandoning module Core (188)
[2018.09.02-12.42.29:011][412]LogModuleManager: Shutting down and abandoning module LevelSequence (186)
[2018.09.02-12.42.29:011][412]LogModuleManager: Shutting down and abandoning module KismetCompiler (184)
[2018.09.02-12.42.29:011][412]LogModuleManager: Shutting down and abandoning module MeshUtilities (182)
[2018.09.02-12.42.29:012][412]LogModuleManager: Shutting down and abandoning module MeshMergeUtilities (181)
[2018.09.02-12.42.29:013][412]LogModuleManager: Shutting down and abandoning module MeshReductionInterface (180)
[2018.09.02-12.42.29:013][412]LogModuleManager: Shutting down and abandoning module SimplygonSwarm (179)
[2018.09.02-12.42.29:013][412]LogModuleManager: Shutting down and abandoning module ProxyLODMeshReduction (177)
[2018.09.02-12.42.29:014][412]LogModuleManager: Shutting down and abandoning module SimplygonMeshReduction (175)
[2018.09.02-12.42.29:014][412]LogModuleManager: Shutting down and abandoning module QuadricMeshReduction (173)
[2018.09.02-12.42.29:015][412]LogModuleManager: Shutting down and abandoning module MaterialBaking (169)
[2018.09.02-12.42.29:016][412]LogModuleManager: Shutting down and abandoning module DirectoryWatcher (165)
[2018.09.02-12.42.29:016][412]LogModuleManager: Shutting down and abandoning module DerivedDataCache (162)
[2018.09.02-12.42.29:081][412]LogDerivedDataCache: Shutdown
[2018.09.02-12.42.29:081][412]LogModuleManager: Shutting down and abandoning module XGEController (160)
[2018.09.02-12.42.29:081][412]LogXGEController: Cleaning working directory: C:/Users/mikey/AppData/Local/Temp/UnrealXGEWorkingDir/
[2018.09.02-12.42.29:082][412]LogModuleManager: Shutting down and abandoning module TargetPlatform (158)
[2018.09.02-12.42.29:082][412]LogModuleManager: Shutting down and abandoning module VulkanShaderFormat (157)
[2018.09.02-12.42.29:082][412]LogModuleManager: Shutting down and abandoning module ShaderFormatVectorVM (155)
[2018.09.02-12.42.29:083][412]LogModuleManager: Shutting down and abandoning module ShaderFormatOpenGL (153)
[2018.09.02-12.42.29:083][412]LogModuleManager: Shutting down and abandoning module ShaderFormatD3D (151)
[2018.09.02-12.42.29:083][412]LogModuleManager: Shutting down and abandoning module MetalShaderFormat (149)
[2018.09.02-12.42.29:084][412]LogModuleManager: Shutting down and abandoning module TextureFormatUncompressed (147)
[2018.09.02-12.42.29:084][412]LogModuleManager: Shutting down and abandoning module TextureFormatPVR (145)
[2018.09.02-12.42.29:084][412]LogModuleManager: Shutting down and abandoning module TextureFormatDXT (143)
[2018.09.02-12.42.29:084][412]LogModuleManager: Shutting down and abandoning module TextureFormatIntelISPCTexComp (141)
[2018.09.02-12.42.29:085][412]LogModuleManager: Shutting down and abandoning module TextureFormatASTC (139)
[2018.09.02-12.42.29:085][412]LogModuleManager: Shutting down and abandoning module ImageWrapper (138)
[2018.09.02-12.42.29:085][412]LogModuleManager: Shutting down and abandoning module TextureFormatAndroid (135)
[2018.09.02-12.42.29:085][412]LogModuleManager: Shutting down and abandoning module AudioFormatOpus (133)
[2018.09.02-12.42.29:085][412]LogModuleManager: Shutting down and abandoning module AudioFormatOgg (131)
[2018.09.02-12.42.29:085][412]LogModuleManager: Shutting down and abandoning module AudioFormatADPCM (129)
[2018.09.02-12.42.29:085][412]LogModuleManager: Shutting down and abandoning module LuminTargetPlatform (127)
[2018.09.02-12.42.29:085][412]LogModuleManager: Shutting down and abandoning module LinuxTargetPlatform (125)
[2018.09.02-12.42.29:085][412]LogModuleManager: Shutting down and abandoning module LinuxServerTargetPlatform (123)
[2018.09.02-12.42.29:085][412]LogModuleManager: Shutting down and abandoning module LinuxNoEditorTargetPlatform (121)
[2018.09.02-12.42.29:085][412]LogModuleManager: Shutting down and abandoning module LinuxClientTargetPlatform (119)
[2018.09.02-12.42.29:085][412]LogModuleManager: Shutting down and abandoning module TVOSTargetPlatform (117)
[2018.09.02-12.42.29:086][412]LogModuleManager: Shutting down and abandoning module Messaging (115)
[2018.09.02-12.42.29:086][412]LogModuleManager: Shutting down and abandoning module IOSTargetPlatform (113)
[2018.09.02-12.42.29:087][412]LogModuleManager: Shutting down and abandoning module HTML5TargetPlatform (111)
[2018.09.02-12.42.29:087][412]LogModuleManager: Shutting down and abandoning module AndroidTargetPlatform (109)
[2018.09.02-12.42.29:093][412]LogModuleManager: Shutting down and abandoning module WindowsTargetPlatform (107)
[2018.09.02-12.42.29:093][412]LogModuleManager: Shutting down and abandoning module WindowsServerTargetPlatform (105)
[2018.09.02-12.42.29:094][412]LogModuleManager: Shutting down and abandoning module WindowsNoEditorTargetPlatform (103)
[2018.09.02-12.42.29:094][412]LogModuleManager: Shutting down and abandoning module WindowsClientTargetPlatform (101)
[2018.09.02-12.42.29:094][412]LogModuleManager: Shutting down and abandoning module MacTargetPlatform (99)
[2018.09.02-12.42.29:094][412]LogModuleManager: Shutting down and abandoning module MacServerTargetPlatform (97)
[2018.09.02-12.42.29:094][412]LogModuleManager: Shutting down and abandoning module MacNoEditorTargetPlatform (95)
[2018.09.02-12.42.29:094][412]LogModuleManager: Shutting down and abandoning module MacClientTargetPlatform (93)
[2018.09.02-12.42.29:094][412]LogModuleManager: Shutting down and abandoning module AllDesktopTargetPlatform (91)
[2018.09.02-12.42.29:094][412]LogModuleManager: Shutting down and abandoning module InputCore (88)
[2018.09.02-12.42.29:094][412]LogModuleManager: Shutting down and abandoning module Settings (86)
[2018.09.02-12.42.29:094][412]LogModuleManager: Shutting down and abandoning module PhysXCooking (84)
[2018.09.02-12.42.29:094][412]LogModuleManager: Shutting down and abandoning module SteamVR (82)
[2018.09.02-12.42.29:094][412]LogModuleManager: Shutting down and abandoning module OculusHMD (80)
[2018.09.02-12.42.29:094][412]LogModuleManager: Shutting down and abandoning module ExampleDeviceProfileSelector (78)
[2018.09.02-12.42.29:094][412]LogModuleManager: Shutting down and abandoning module LauncherChunkInstaller (76)
[2018.09.02-12.42.29:094][412]LogModuleManager: Shutting down and abandoning module OnlineBlueprintSupport (74)
[2018.09.02-12.42.29:094][412]LogModuleManager: Shutting down and abandoning module OnlineSubsystem (70)
[2018.09.02-12.42.29:097][412]LogModuleManager: Shutting down and abandoning module XMPP (65)
[2018.09.02-12.42.29:099][412]LogModuleManager: Shutting down and abandoning module WebSockets (64)
[2018.09.02-12.42.29:116][412]LogModuleManager: Shutting down and abandoning module HTTP (61)
[2018.09.02-12.42.29:117][412]LogHttp: Display: Http module shutting down, but needs to wait on 1 outstanding Http requests:
[2018.09.02-12.42.29:117][412]LogHttp: Display: 	verb=[POST] url=[https://datarouter.ol.epicgames.com/datarouter/api/v1/public/data?SessionID=%7B718A7AE2-4765-768A-B5BA-F295C2CEAF25%7D&AppID=UEEditor.Rocket.Release&AppVersion=4.20.0-4212847%2B%2B%2BUE4%2BRelease-4.20&UserID=ec07022c4af9fd51145d0db19289c0e8%7C9aea4035aae84fc6a50e2bbd0bcac9c5%7Ccbe8bf3f-5855-4af8-b073-42d59ac0a56b&AppEnvironment=datacollector-binary&UploadType=eteventstream] status=Processing
[2018.09.02-12.42.29:141][412]LogModuleManager: Shutting down and abandoning module SSL (60)
[2018.09.02-12.42.29:143][412]LogModuleManager: Shutting down and abandoning module MagicLeapEmulator (56)
[2018.09.02-12.42.29:143][412]LogModuleManager: Shutting down and abandoning module MagicLeapPrivileges (54)
[2018.09.02-12.42.29:143][412]LogModuleManager: Shutting down and abandoning module MagicLeapIdentity (52)
[2018.09.02-12.42.29:143][412]LogModuleManager: Shutting down and abandoning module MagicLeapHelperVulkan (50)
[2018.09.02-12.42.29:143][412]LogModuleManager: Shutting down and abandoning module MagicLeapHelperOpenGL (48)
[2018.09.02-12.42.29:143][412]LogModuleManager: Shutting down and abandoning module MagicLeapSecureStorage (46)
[2018.09.02-12.42.29:143][412]LogModuleManager: Shutting down and abandoning module MagicLeapGestures (44)
[2018.09.02-12.42.29:143][412]LogModuleManager: Shutting down and abandoning module MagicLeapEyeTracker (42)
[2018.09.02-12.42.29:143][412]LogModuleManager: Shutting down and abandoning module MagicLeapController (40)
[2018.09.02-12.42.29:143][412]LogSlate: Slate User Destroyed.  User Index 0, Is Virtual User: 0
[2018.09.02-12.42.29:143][412]LogModuleManager: Shutting down and abandoning module MagicLeap (38)
[2018.09.02-12.42.29:143][412]LogModuleManager: Shutting down and abandoning module AnimationModifiers (36)
[2018.09.02-12.42.29:145][412]LogModuleManager: Shutting down and abandoning module PropertyEditor (35)
[2018.09.02-12.42.29:145][412]LogModuleManager: Shutting down and abandoning module AudioEditor (32)
[2018.09.02-12.42.29:147][412]LogModuleManager: Shutting down and abandoning module TextureCompressor (30)
[2018.09.02-12.42.29:147][412]LogModuleManager: Shutting down and abandoning module ShaderCore (28)
[2018.09.02-12.42.29:147][412]LogModuleManager: Shutting down and abandoning module Landscape (26)
[2018.09.02-12.42.29:147][412]LogModuleManager: Shutting down and abandoning module SlateRHIRenderer (24)
[2018.09.02-12.42.29:148][412]LogModuleManager: Shutting down and abandoning module OpenGLDrv (22)
[2018.09.02-12.42.29:148][412]LogModuleManager: Shutting down and abandoning module D3D11RHI (20)
[2018.09.02-12.42.29:148][412]LogModuleManager: Shutting down and abandoning module AnimGraphRuntime (18)
[2018.09.02-12.42.29:149][412]LogModuleManager: Shutting down and abandoning module Renderer (16)
[2018.09.02-12.42.29:149][412]LogModuleManager: Shutting down and abandoning module Engine (14)
[2018.09.02-12.42.29:149][412]LogModuleManager: Shutting down and abandoning module CoreUObject (12)
[2018.09.02-12.42.29:149][412]LogModuleManager: Shutting down and abandoning module NetworkFile (10)
[2018.09.02-12.42.29:150][412]LogModuleManager: Shutting down and abandoning module CookedIterativeFile (8)
[2018.09.02-12.42.29:150][412]LogModuleManager: Shutting down and abandoning module StreamingFile (6)
[2018.09.02-12.42.29:150][412]LogModuleManager: Shutting down and abandoning module SandboxFile (4)
[2018.09.02-12.42.29:150][412]LogModuleManager: Shutting down and abandoning module PakFile (2)
[2018.09.02-12.42.29:156][412]LogExit: Exiting.
[2018.09.02-12.42.29:171][412]Log file closed, 09/02/18 13:42:29
