Log file open, 09/03/18 15:59:51
LogWindows: Failed to load 'aqProf.dll' (GetLastError=126)
LogWindows: File 'aqProf.dll' does not exist
LogWindows: Failed to load 'VSPerf140.dll' (GetLastError=126)
LogWindows: File 'VSPerf140.dll' does not exist
LogWindows: Failed to load 'VtuneApi.dll' (GetLastError=126)
LogWindows: File 'VtuneApi.dll' does not exist
LogWindows: Failed to load 'VtuneApi32e.dll' (GetLastError=126)
LogWindows: File 'VtuneApi32e.dll' does not exist
LogInit: Display: Running engine for game: BeyondHuman
LogPlatformFile: Not using cached read wrapper
LogTaskGraph: Started task graph with 5 named threads and 23 total threads with 3 sets of task threads.
LogStats: Stats thread started at 0.451643
LogD3D11RHI: Loaded GFSDK_Aftermath_Lib.x64.dll
LogICUInternationalization: Display: ICU TimeZone Detection - Raw Offset: +0:00, Platform Override: ''
LogPluginManager: Mounting plugin Paper2D
LogPluginManager: Mounting plugin AISupport
LogPluginManager: Mounting plugin LightPropagationVolume
LogPluginManager: Mounting plugin CLionSourceCodeAccess
LogPluginManager: Mounting plugin CodeLiteSourceCodeAccess
LogPluginManager: Mounting plugin GitSourceControl
LogPluginManager: Mounting plugin KDevelopSourceCodeAccess
LogPluginManager: Mounting plugin NullSourceCodeAccess
LogPluginManager: Mounting plugin PerforceSourceControl
LogPluginManager: Mounting plugin SubversionSourceControl
LogPluginManager: Mounting plugin UObjectPlugin
LogPluginManager: Mounting plugin VisualStudioCodeSourceCodeAccess
LogPluginManager: Mounting plugin VisualStudioSourceCodeAccess
LogPluginManager: Mounting plugin XCodeSourceCodeAccess
LogPluginManager: Mounting plugin AssetManagerEditor
LogPluginManager: Mounting plugin CryptoKeys
LogPluginManager: Mounting plugin DataValidation
LogPluginManager: Mounting plugin FacialAnimation
LogPluginManager: Mounting plugin GameplayTagsEditor
LogPluginManager: Mounting plugin MacGraphicsSwitching
LogPluginManager: Mounting plugin MeshEditor
LogPluginManager: Mounting plugin MobileLauncherProfileWizard
LogPluginManager: Mounting plugin PluginBrowser
LogPluginManager: Mounting plugin SpeedTreeImporter
LogPluginManager: Mounting plugin DatasmithContent
LogPluginManager: Mounting plugin AlembicImporter
LogPluginManager: Mounting plugin AppleImageUtils
LogPluginManager: Mounting plugin AppleVision
LogPluginManager: Mounting plugin BackChannel
LogPluginManager: Mounting plugin CharacterAI
LogPluginManager: Mounting plugin GeometryCache
LogPluginManager: Mounting plugin HTML5Networking
LogPluginManager: Mounting plugin ProxyLODPlugin
LogPluginManager: Mounting plugin MagicLeap
LogPluginManager: Mounting plugin MagicLeapEmulator
LogPluginManager: Mounting plugin MagicLeapMedia
LogPluginManager: Mounting plugin Substance
LogPluginManager: Mounting plugin AndroidMedia
LogPluginManager: Mounting plugin AvfMedia
LogPluginManager: Mounting plugin ImgMedia
LogPluginManager: Mounting plugin LinearTimecode
LogPluginManager: Mounting plugin MediaCompositing
LogPluginManager: Mounting plugin MediaPlayerEditor
LogPluginManager: Mounting plugin WmfMedia
LogPluginManager: Mounting plugin TcpMessaging
LogPluginManager: Mounting plugin UdpMessaging
LogPluginManager: Mounting plugin ActorSequence
LogPluginManager: Mounting plugin LevelSequenceEditor
LogPluginManager: Mounting plugin MatineeToLevelSequence
LogPluginManager: Mounting plugin NetcodeUnitTest
LogPluginManager: Mounting plugin NUTUnrealEngine4
LogPluginManager: Mounting plugin OnlineSubsystemGooglePlay
LogPluginManager: Mounting plugin OnlineSubsystemIOS
LogPluginManager: Mounting plugin OnlineSubsystem
LogPluginManager: Mounting plugin OnlineSubsystemNull
LogPluginManager: Mounting plugin OnlineSubsystemUtils
LogPluginManager: Mounting plugin LauncherChunkInstaller
LogPluginManager: Mounting plugin AndroidDeviceProfileSelector
LogPluginManager: Mounting plugin AndroidMoviePlayer
LogPluginManager: Mounting plugin AndroidPermission
LogPluginManager: Mounting plugin AppleMoviePlayer
LogPluginManager: Mounting plugin ArchVisCharacter
LogPluginManager: Mounting plugin AudioCapture
LogPluginManager: Mounting plugin CableComponent
LogPluginManager: Mounting plugin CustomMeshComponent
LogPluginManager: Mounting plugin EditableMesh
LogPluginManager: Mounting plugin ExampleDeviceProfileSelector
LogPluginManager: Mounting plugin GoogleCloudMessaging
LogPluginManager: Mounting plugin ImmediatePhysics
LogPluginManager: Mounting plugin IOSDeviceProfileSelector
LogPluginManager: Mounting plugin LinuxDeviceProfileSelector
LogPluginManager: Mounting plugin LocationServicesBPLibrary
LogPluginManager: Mounting plugin MobilePatchingUtils
LogPluginManager: Mounting plugin OculusVR
LogPluginManager: Plugin shader directory ../../../Engine/Plugins/Runtime/Oculus/OculusVR/Shaders found
LogPluginManager: Mapping shader source directory ../../../Engine/Plugins/Runtime/Oculus/OculusVR/Shaders to virtual directory /Plugin/OculusVR
LogPluginManager: Mounting plugin PhysXVehicles
LogPluginManager: Mounting plugin ProceduralMeshComponent
LogPluginManager: Mounting plugin RuntimePhysXCooking
LogPluginManager: Mounting plugin SteamVR
LogPluginManager: Mounting plugin WindowsMoviePlayer
LogStreaming: Display: Took  0.328s to configure plugins.
LogInit: Using libcurl 7.55.1-DEV
LogInit:  - built for x86_64-pc-win32
LogInit:  - supports SSL with OpenSSL/1.0.2h
LogInit:  - supports HTTP deflate (compression) using libz 1.2.8
LogInit:  - other features:
LogInit:      CURL_VERSION_SSL
LogInit:      CURL_VERSION_LIBZ
LogInit:      CURL_VERSION_IPV6
LogInit:      CURL_VERSION_ASYNCHDNS
LogInit:      CURL_VERSION_LARGEFILE
LogInit:      CURL_VERSION_IDN
LogInit:  CurlRequestOptions (configurable via config and command line):
LogInit:  - bVerifyPeer = false  - Libcurl will NOT verify peer certificate
LogInit:  - bUseHttpProxy = false  - Libcurl will NOT use HTTP proxy
LogInit:  - bDontReuseConnections = false  - Libcurl will reuse connections
LogInit:  - CertBundlePath = nullptr  - Libcurl will use whatever was configured at build time.
LogInit:  - MaxHostConnections = 16  - Libcurl will limit the number of connections to a host
LogInit:  - LocalHostAddr = Default
LogInit:  - BufferSize = 65536
LogInit: WinSock: version 1.1 (2.2), MaxSocks=32767, MaxUdp=65467
LogInit: Build: ++UE4+Release-4.20-CL-4212847
LogInit: Engine Version: 4.20.0-4212847+++UE4+Release-4.20
LogInit: Compatible Engine Version: 4.20.0-4212847+++UE4+Release-4.20
LogInit: Net CL: 4212847
LogInit: OS: Windows 10 (), CPU: Intel(R) Core(TM) i7-6700HQ CPU @ 2.60GHz, GPU: Intel(R) HD Graphics 530
LogInit: Compiled (64-bit): Jul 14 2018 09:51:14
LogInit: Compiled with Visual C++: 19.13.26129.00
LogInit: Build Configuration: Development
LogInit: Branch Name: ++UE4+Release-4.20
LogInit: Command Line:  
LogInit: Base Directory: C:/Program Files/Epic Games/UE_4.20/Engine/Binaries/Win64/
LogInit: Installed Engine Build: 1
LogDevObjectVersion: Number of dev versions registered: 20
LogDevObjectVersion:   Dev-Blueprints (B0D832E4-1F89-4F0D-ACCF-7EB736FD4AA2): 10
LogDevObjectVersion:   Dev-Build (E1C64328-A22C-4D53-A36C-8E866417BD8C): 0
LogDevObjectVersion:   Dev-Core (375EC13C-06E4-48FB-B500-84F0262A717E): 2
LogDevObjectVersion:   Dev-Editor (E4B068ED-F494-42E9-A231-DA0B2E46BB41): 24
LogDevObjectVersion:   Dev-Framework (CFFC743F-43B0-4480-9391-14DF171D2073): 34
LogDevObjectVersion:   Dev-Mobile (B02B49B5-BB20-44E9-A304-32B752E40360): 2
LogDevObjectVersion:   Dev-Networking (A4E4105C-59A1-49B5-A7C5-40C4547EDFEE): 0
LogDevObjectVersion:   Dev-Online (39C831C9-5AE6-47DC-9A44-9C173E1C8E7C): 0
LogDevObjectVersion:   Dev-Physics (78F01B33-EBEA-4F98-B9B4-84EACCB95AA2): 0
LogDevObjectVersion:   Dev-Platform (6631380F-2D4D-43E0-8009-CF276956A95A): 0
LogDevObjectVersion:   Dev-Rendering (12F88B9F-8875-4AFC-A67C-D90C383ABD29): 26
LogDevObjectVersion:   Dev-Sequencer (7B5AE74C-D270-4C10-A958-57980B212A5A): 9
LogDevObjectVersion:   Dev-VR (D7296918-1DD6-4BDD-9DE2-64A83CC13884): 2
LogDevObjectVersion:   Dev-LoadTimes (C2A15278-BFE7-4AFE-6C17-90FF531DF755): 1
LogDevObjectVersion:   Private-Geometry (6EACA3D4-40EC-4CC1-B786-8BED09428FC5): 3
LogDevObjectVersion:   Dev-AnimPhys (29E575DD-E0A3-4627-9D10-D276232CDCEA): 17
LogDevObjectVersion:   Dev-ReflectionCapture (6B266CEC-1EC7-4B8F-A30B-E4D90942FC07): 1
LogDevObjectVersion:   Dev-Automation (0DF73D61-A23F-47EA-B727-89E90C41499A): 1
LogDevObjectVersion:   FortniteMain (601D1886-AC64-4F84-AA16-D3DE0DEAC7D6): 12
LogDevObjectVersion:   Dev-Enterprise (9DFFBCD6-494F-0158-E221-12823C92A888): 1
LogStreaming: Display: Took  0.003s to delete old logs.
LogInit: Presizing for max 8388607 objects, including 0 objects not considered by GC, pre-allocating 0 bytes for permanent pool.
LogInit: Object subsystem initialized
[2018.09.03-14.59.54:229][  0]LogInit: Selected Device Profile: [Windows]
[2018.09.03-14.59.54:237][  0]LogInit: Applying CVar settings loaded from the selected device profile: [Windows]
[2018.09.03-14.59.54:284][  0]LogHAL: Display: Platform has ~ 8 GB [8456720384 / 8589934592 / 8], which maps to Default [LargestMinGB=32, LargerMinGB=12, DefaultMinGB=8, SmallerMinGB=6, SmallestMinGB=0)
[2018.09.03-14.59.54:285][  0]LogInit: Setting Device Profile CVar: [[r.Vulkan.UseRealUBs:1]]
[2018.09.03-14.59.54:285][  0]LogInit: Going up to parent DeviceProfile []
[2018.09.03-14.59.54:306][  0]LogInit: Computer: DESKTOP-MKF8VAK
[2018.09.03-14.59.54:306][  0]LogInit: User: mikey
[2018.09.03-14.59.54:306][  0]LogInit: CPU Page size=4096, Cores=4
[2018.09.03-14.59.54:306][  0]LogInit: High frequency timer resolution =2.531251 MHz
[2018.09.03-14.59.54:306][  0]LogMemory: Memory total: Physical=7.9GB (8GB approx)
[2018.09.03-14.59.54:306][  0]LogMemory: Platform Memory Stats for Windows
[2018.09.03-14.59.54:306][  0]LogMemory: Process Physical Memory: 99.58 MB used, 99.58 MB peak
[2018.09.03-14.59.54:306][  0]LogMemory: Process Virtual Memory: 90.84 MB used, 90.84 MB peak
[2018.09.03-14.59.54:306][  0]LogMemory: Physical Memory: 5667.07 MB used,  2397.89 MB free, 8064.96 MB total
[2018.09.03-14.59.54:306][  0]LogMemory: Virtual Memory: 4640.08 MB used,  2397.89 MB free, 134217728.00 MB total
[2018.09.03-14.59.55:379][  0]LogInit: Using OS detected language (en-US).
[2018.09.03-14.59.55:379][  0]LogInit: Using OS detected locale (en-GB).
[2018.09.03-14.59.55:439][  0]LogTextLocalizationManager: No specific localization for 'en-US' exists, so the 'en' localization will be used.
[2018.09.03-14.59.56:572][  0]LogStreaming: Display: Took  1.194s to InitEngineTextLocalization.
[2018.09.03-14.59.56:573][  0]LogInit: Setting process to per monitor DPI aware
[2018.09.03-14.59.57:723][  0]LogSlate: New Slate User Created.  User Index 0, Is Virtual User: 0
[2018.09.03-14.59.57:723][  0]LogSlate: Slate User Registered.  User Index 0, Is Virtual User: 0
[2018.09.03-15.00.00:610][  0]LogHMD: Failed to initialize OpenVR with code 110
[2018.09.03-15.00.00:610][  0]LogD3D11RHI: D3D11 adapters:
[2018.09.03-15.00.00:735][  0]LogD3D11RHI:    0. 'NVIDIA GeForce GTX 960M' (Feature Level 11_0)
[2018.09.03-15.00.00:735][  0]LogD3D11RHI:       4065/0/4032 MB DedicatedVideo/DedicatedSystem/SharedSystem, Outputs:2, VendorId:0x10de
[2018.09.03-15.00.00:786][  0]LogD3D11RHI:    1. 'Intel(R) HD Graphics 530' (Feature Level 11_0)
[2018.09.03-15.00.00:786][  0]LogD3D11RHI:       128/0/4032 MB DedicatedVideo/DedicatedSystem/SharedSystem, Outputs:0, VendorId:0x8086
[2018.09.03-15.00.00:793][  0]LogD3D11RHI:    2. 'Microsoft Basic Render Driver' (Feature Level 11_0)
[2018.09.03-15.00.00:793][  0]LogD3D11RHI:       0/0/4032 MB DedicatedVideo/DedicatedSystem/SharedSystem, Outputs:0, VendorId:0x1414
[2018.09.03-15.00.00:793][  0]LogD3D11RHI: Chosen D3D11 Adapter: 0
[2018.09.03-15.00.00:841][  0]LogD3D11RHI: Creating new Direct3DDevice
[2018.09.03-15.00.00:842][  0]LogD3D11RHI:     GPU DeviceId: 0x139b (for the marketing name, search the web for "GPU Device Id")
[2018.09.03-15.00.00:855][  0]LogWindows: EnumDisplayDevices:
[2018.09.03-15.00.00:855][  0]LogWindows:    0. 'Intel(R) HD Graphics 530' (P:0 D:1)
[2018.09.03-15.00.00:856][  0]LogWindows:    1. 'Intel(R) HD Graphics 530' (P:1 D:1)
[2018.09.03-15.00.00:856][  0]LogWindows:    2. 'Intel(R) HD Graphics 530' (P:0 D:0)
[2018.09.03-15.00.00:856][  0]LogWindows: DebugString: PrimaryIsNotTheChoosenAdapter PrimaryIsNotTheChoosenAdapter PrimaryIsNotTheChoosenAdapter FoundDriverCount:0 
[2018.09.03-15.00.00:856][  0]LogD3D11RHI:     Adapter Name: NVIDIA GeForce GTX 960M
[2018.09.03-15.00.00:856][  0]LogD3D11RHI:   Driver Version: Unknown (internal:Unknown, unified:Unknown)
[2018.09.03-15.00.00:856][  0]LogD3D11RHI:      Driver Date: Unknown
[2018.09.03-15.00.00:856][  0]LogRHI: Texture pool is 2846 MB (70% of 4065 MB)
[2018.09.03-15.00.00:899][  0]LogD3D11RHI: Async texture creation enabled
[2018.09.03-15.00.00:959][  0]LogD3D11RHI: GPU Timing Frequency: 1000.000000 (Debug: 2 1)
[2018.09.03-15.00.00:986][  0]LogShaderCompilers: Guid format shader working directory is -22 characters bigger than the processId version (../../../../../../Users/mikey/Documents/Unreal Projects/BeyondHuman/Intermediate/Shaders/WorkingDirectory/15980/).
[2018.09.03-15.00.00:986][  0]LogShaderCompilers: Cleaned the shader compiler working directory 'C:/Users/mikey/AppData/Local/Temp/UnrealShaderWorkingDir/3E04D32F4A47EC1BD4004F9B3BC96200/'.
[2018.09.03-15.00.02:331][  0]LogTemp: Display: Loaded TP AllDesktopTargetPlatform
[2018.09.03-15.00.02:372][  0]LogTemp: Display: Loaded TP MacClientTargetPlatform
[2018.09.03-15.00.02:415][  0]LogTemp: Display: Loaded TP MacNoEditorTargetPlatform
[2018.09.03-15.00.02:447][  0]LogTemp: Display: Loaded TP MacServerTargetPlatform
[2018.09.03-15.00.02:546][  0]LogTemp: Display: Loaded TP MacTargetPlatform
[2018.09.03-15.00.02:601][  0]LogTemp: Display: Loaded TP WindowsClientTargetPlatform
[2018.09.03-15.00.02:669][  0]LogTemp: Display: Loaded TP WindowsNoEditorTargetPlatform
[2018.09.03-15.00.02:708][  0]LogTemp: Display: Loaded TP WindowsServerTargetPlatform
[2018.09.03-15.00.02:793][  0]LogTemp: Display: Loaded TP WindowsTargetPlatform
[2018.09.03-15.00.02:981][  0]LogTemp: Display: Loaded TP AndroidTargetPlatform
[2018.09.03-15.00.02:981][  0]LogTemp: Display: Loaded TP AndroidTargetPlatform
[2018.09.03-15.00.02:981][  0]LogTemp: Display: Loaded TP AndroidTargetPlatform
[2018.09.03-15.00.02:981][  0]LogTemp: Display: Loaded TP AndroidTargetPlatform
[2018.09.03-15.00.02:981][  0]LogTemp: Display: Loaded TP AndroidTargetPlatform
[2018.09.03-15.00.02:981][  0]LogTemp: Display: Loaded TP AndroidTargetPlatform
[2018.09.03-15.00.02:981][  0]LogTemp: Display: Loaded TP AndroidTargetPlatform
[2018.09.03-15.00.02:981][  0]LogTemp: Display: Loaded TP AndroidTargetPlatform
[2018.09.03-15.00.02:981][  0]LogTemp: Display: Loaded TP AndroidTargetPlatform
[2018.09.03-15.00.02:981][  0]LogTemp: Display: Loaded TP AndroidTargetPlatform
[2018.09.03-15.00.02:981][  0]LogTemp: Display: Loaded TP AndroidTargetPlatform
[2018.09.03-15.00.02:981][  0]LogTemp: Display: Loaded TP AndroidTargetPlatform
[2018.09.03-15.00.02:981][  0]LogTemp: Display: Loaded TP AndroidTargetPlatform
[2018.09.03-15.00.02:981][  0]LogTemp: Display: Loaded TP AndroidTargetPlatform
[2018.09.03-15.00.02:981][  0]LogTemp: Display: Loaded TP AndroidTargetPlatform
[2018.09.03-15.00.02:981][  0]LogTemp: Display: Loaded TP AndroidTargetPlatform
[2018.09.03-15.00.02:981][  0]LogTemp: Display: Loaded TP AndroidTargetPlatform
[2018.09.03-15.00.02:981][  0]LogTemp: Display: Loaded TP AndroidTargetPlatform
[2018.09.03-15.00.03:040][  0]LogTemp: Display: Loaded TP HTML5TargetPlatform
[2018.09.03-15.00.03:262][  0]LogTemp: Display: Loaded TP IOSTargetPlatform
[2018.09.03-15.00.03:262][  0]LogTemp: Display: Loaded TP IOSTargetPlatform
[2018.09.03-15.00.03:333][  0]LogTemp: Display: Loaded TP TVOSTargetPlatform
[2018.09.03-15.00.03:333][  0]LogTemp: Display: Loaded TP TVOSTargetPlatform
[2018.09.03-15.00.03:442][  0]LogTemp: Display: Loaded TP LinuxClientTargetPlatform
[2018.09.03-15.00.03:471][  0]LogTemp: Display: Loaded TP LinuxNoEditorTargetPlatform
[2018.09.03-15.00.03:527][  0]LogTemp: Display: Loaded TP LinuxServerTargetPlatform
[2018.09.03-15.00.03:610][  0]LogTemp: Display: Loaded TP LinuxTargetPlatform
[2018.09.03-15.00.03:662][  0]LogTemp: Display: Loaded TP LuminTargetPlatform
[2018.09.03-15.00.03:662][  0]LogTargetPlatformManager: Display: Building Assets For Windows
[2018.09.03-15.00.04:998][  0]LogXGEController: Cleaning working directory: C:/Users/mikey/AppData/Local/Temp/UnrealXGEWorkingDir/
[2018.09.03-15.00.04:999][  0]LogXGEController: Cannot use XGE Controller as Incredibuild is not installed on this machine.
[2018.09.03-15.00.04:999][  0]LogShaderCompilers: Cannot use XGE Shader Compiler as Incredibuild is not installed on this machine.
[2018.09.03-15.00.04:999][  0]LogShaderCompilers: Display: Using Local Shader Compiler.
[2018.09.03-15.00.07:683][  0]LogDerivedDataCache: Display: Max Cache Size: 512 MB
[2018.09.03-15.00.08:600][  0]LogDerivedDataCache: Loaded boot cache 0.92s 71MB C:/Users/mikey/AppData/Local/UnrealEngine/4.20/DerivedDataCache/Boot.ddc.
[2018.09.03-15.00.08:601][  0]LogDerivedDataCache: Display: Loaded Boot cache: C:/Users/mikey/AppData/Local/UnrealEngine/4.20/DerivedDataCache/Boot.ddc
[2018.09.03-15.00.08:601][  0]LogDerivedDataCache: FDerivedDataBackendGraph:  Pak pak cache file ../../../../../../Users/mikey/Documents/Unreal Projects/BeyondHuman/DerivedDataCache/DDC.ddp not found, will not use a pak cache.
[2018.09.03-15.00.08:601][  0]LogDerivedDataCache: Unable to find inner node Pak for hierarchical cache Hierarchy.
[2018.09.03-15.00.08:601][  0]LogDerivedDataCache: FDerivedDataBackendGraph:  CompressedPak pak cache file ../../../../../../Users/mikey/Documents/Unreal Projects/BeyondHuman/DerivedDataCache/Compressed.ddp not found, will not use a pak cache.
[2018.09.03-15.00.08:601][  0]LogDerivedDataCache: Unable to find inner node CompressedPak for hierarchical cache Hierarchy.
[2018.09.03-15.00.08:707][  0]LogDerivedDataCache: Display: Pak cache opened for reading ../../../Engine/DerivedDataCache/Compressed.ddp.
[2018.09.03-15.00.08:720][  0]LogDerivedDataCache: Using Local data cache path C:/Users/mikey/AppData/Local/UnrealEngine/Common/DerivedDataCache: Writable
[2018.09.03-15.00.08:720][  0]LogDerivedDataCache: Shared data cache path not found in *engine.ini, will not use an Shared cache.
[2018.09.03-15.00.08:720][  0]LogDerivedDataCache: Unable to find inner node Shared for hierarchical cache Hierarchy.
[2018.09.03-15.00.08:745][  0]LogMaterial: Verifying Global Shaders for PCD3D_SM5
[2018.09.03-15.00.08:748][  0]LogSlate: Using FreeType 2.6.0
[2018.09.03-15.00.08:895][  0]LogSlate: SlateFontServices - WITH_FREETYPE: 1, WITH_HARFBUZZ: 1
[2018.09.03-15.00.10:610][  0]LogAssetRegistry: FAssetRegistry took 0.0269 seconds to start up
[2018.09.03-15.00.12:991][  0]LogInit: Selected Device Profile: [Windows]
[2018.09.03-15.00.14:883][  0]LogSimplygon: Simplygon DLL not present - disabling.
[2018.09.03-15.00.15:362][  0]LogMeshReduction: Using SimplygonSwarm for distributed automatic mesh merging
[2018.09.03-15.00.15:384][  0]LogMeshReduction: Using ProxyLODMeshReduction for automatic mesh merging
[2018.09.03-15.00.15:385][  0]LogMeshReduction: Using QuadricMeshReduction for automatic static mesh reduction
[2018.09.03-15.00.15:385][  0]LogMeshReduction: No automatic skeletal mesh reduction module available
[2018.09.03-15.00.15:686][  0]LogNetVersion: BeyondHuman 1.0.0, NetCL: 4212847, EngineNetVer: 5, GameNetVer: 0 (Checksum: 671501493)
[2018.09.03-15.00.19:681][  0]LogPackageLocalizationCache: Processed 11 localized package path(s) for 2 prioritized culture(s) in 0.190136 seconds
[2018.09.03-15.00.19:732][  0]LogUObjectArray: 38425 objects as part of root set at end of initial load.
[2018.09.03-15.00.19:732][  0]LogUObjectAllocator: 6690872 out of 0 bytes used by permanent object pool.
[2018.09.03-15.00.19:732][  0]LogUObjectArray: CloseDisregardForGC: 0/0 objects in disregard for GC pool
[2018.09.03-15.00.49:468][  0]LogSubstanceCoreModule: Substance [CPU] Engine Loaded, Max Texture Size = 2048
[2018.09.03-15.00.49:737][  0]LogTcpMessaging: Initializing TcpMessaging bridge
[2018.09.03-15.00.49:780][  0]LogUdpMessaging: Initializing bridge on interface 0.0.0.0:0 to multicast group 230.0.0.1:6666.
[2018.09.03-15.00.51:015][  0]SourceControl: Source control is disabled
[2018.09.03-15.00.51:016][  0]SourceControl: Source control is disabled
[2018.09.03-15.00.51:139][  0]SourceControl: Source control is disabled
[2018.09.03-15.00.51:190][  0]SourceControl: Source control is disabled
[2018.09.03-15.00.56:175][  0]LogAndroidPermission: UAndroidPermissionCallbackProxy::GetInstance
[2018.09.03-15.00.56:833][  0]LogOcInput: OculusInput pre-init called
[2018.09.03-15.00.59:729][  0]LogEngine: Initializing Engine...
[2018.09.03-15.00.59:755][  0]LogHMD: Failed to initialize OpenVR with code 110
[2018.09.03-15.00.59:768][  0]LogStats: UGameplayTagsManager::ConstructGameplayTagTree: ImportINI prefixes -  0.000 s
[2018.09.03-15.00.59:768][  0]LogStats: UGameplayTagsManager::ConstructGameplayTagTree: Construct from data asset -  0.000 s
[2018.09.03-15.00.59:775][  0]LogStats: UGameplayTagsManager::ConstructGameplayTagTree: ImportINI -  0.000 s
[2018.09.03-15.00.59:775][  0]LogStats: UGameplayTagsManager::ConstructGameplayTagTree: GameplayTagTreeChangedEvent.Broadcast -  0.000 s
[2018.09.03-15.01.00:286][  0]LogInit: Initializing FReadOnlyCVARCache
[2018.09.03-15.01.00:664][  0]LogAIModule: Creating AISystem for world Untitled
[2018.09.03-15.01.00:752][  0]LogInit: XAudio2 using 'Speakers / Headphones (Realtek Audio)' : 2 channels at 48 kHz using 32 bits per sample (channel mask 0x3)
[2018.09.03-15.01.00:992][  0]LogInit: FAudioDevice initialized.
[2018.09.03-15.01.00:993][  0]LogNetVersion: Set ProjectVersion to 1.0.0.0. Version Checksum will be recalculated on next use.
[2018.09.03-15.01.01:420][  0]LogDerivedDataCache: Saved boot cache 0.43s 71MB C:/Users/mikey/AppData/Local/UnrealEngine/4.20/DerivedDataCache/Boot.ddc.
[2018.09.03-15.01.01:429][  0]LogInit: Texture streaming: Enabled
[2018.09.03-15.01.01:748][  0]LogEngineSessionManager: EngineSessionManager initialized
[2018.09.03-15.01.02:021][  0]LogInit: Transaction tracking system initialized
[2018.09.03-15.01.02:617][  0]BlueprintLog: New page: Editor Load
[2018.09.03-15.01.04:032][  0]LocalizationService: Localization service is disabled
[2018.09.03-15.01.07:757][  0]LogCook: Display: Max memory allowance for cook 16384mb min free memory 0mb
[2018.09.03-15.01.07:757][  0]LogCook: Display: Mobile HDR setting 1
[2018.09.03-15.01.07:785][  0]LogFileCache: Scanning file cache for directory 'C:/Users/mikey/Documents/Unreal Projects/BeyondHuman/Content/' took 0.04s
[2018.09.03-15.01.07:785][  0]LogGameplayTags: Display: UGameplayTagsManager::DoneAddingNativeTags. DelegateIsBound: 0
[2018.09.03-15.01.07:785][  0]LogStats: UGameplayTagsManager::ConstructGameplayTagTree: ImportINI prefixes -  0.000 s
[2018.09.03-15.01.07:786][  0]LogStats: UGameplayTagsManager::ConstructGameplayTagTree: Construct from data asset -  0.000 s
[2018.09.03-15.01.07:786][  0]LogStats: UGameplayTagsManager::ConstructGameplayTagTree: ImportINI -  0.000 s
[2018.09.03-15.01.07:786][  0]LogStats: UGameplayTagsManager::ConstructGameplayTagTree: GameplayTagTreeChangedEvent.Broadcast -  0.000 s
[2018.09.03-15.01.13:429][  0]SourceControl: Source control is disabled
[2018.09.03-15.01.13:445][  0]Cmd: MAP LOAD FILE="../../../../../../Users/mikey/Documents/Unreal Projects/BeyondHuman/Content/Maps/Meshing.umap" TEMPLATE=0 SHOWPROGRESS=1 FEATURELEVEL=3
[2018.09.03-15.01.13:517][  0]LightingResults: New page: Lighting Build
[2018.09.03-15.01.13:557][  0]MapCheck: New page: Map Check
[2018.09.03-15.01.13:557][  0]LightingResults: New page: Lighting Build
[2018.09.03-15.02.10:506][  0]LogAIModule: Creating AISystem for world Meshing
[2018.09.03-15.02.11:751][  0]LogEditorServer: Finished looking for orphan Actors (0.001 secs)
[2018.09.03-15.02.12:000][  0]Cmd: MAP CHECKDEP NOCLEARLOG
[2018.09.03-15.02.12:838][  0]MapCheck: Map check complete: 0 Error(s), 0 Warning(s), took 837.718ms to complete.
[2018.09.03-15.02.12:875][  0]LogFileHelpers: Loading map 'Meshing' took 59.429
[2018.09.03-15.02.14:970][  0]LogSlate: Updating window title bar state: overlay mode, drag disabled, window buttons hidden, title bar hidden
[2018.09.03-15.02.15:034][  0]LogSlate: Updating window title bar state: overlay mode, drag disabled, window buttons hidden, title bar hidden
[2018.09.03-15.02.15:055][  0]LogSlate: Updating window title bar state: overlay mode, drag disabled, window buttons hidden, title bar hidden
[2018.09.03-15.02.15:069][  0]LogSlate: Updating window title bar state: overlay mode, drag disabled, window buttons hidden, title bar hidden
[2018.09.03-15.02.15:227][  0]LogCollectionManager: Loaded 0 collections in 0.005062 seconds
[2018.09.03-15.02.15:464][  0]LogFileCache: Scanning file cache for directory 'C:/Users/mikey/Documents/Unreal Projects/BeyondHuman/Saved/Collections/' took 0.01s
[2018.09.03-15.02.15:464][  0]LogFileCache: Scanning file cache for directory 'C:/Users/mikey/Documents/Unreal Projects/BeyondHuman/Content/Developers/mikey/Collections/' took 0.01s
[2018.09.03-15.02.15:464][  0]LogFileCache: Scanning file cache for directory 'C:/Users/mikey/Documents/Unreal Projects/BeyondHuman/Content/Collections/' took 0.01s
[2018.09.03-15.02.15:464][  0]LogCollectionManager: Rebuilt the GUID cache for 0 collections in 0.000001 seconds
[2018.09.03-15.02.15:487][  0]LogContentBrowser: Native class hierarchy populated in 0.0190 seconds. Added 2586 classes and 609 folders.
[2018.09.03-15.02.15:684][  0]LogContentBrowser: Native class hierarchy updated for 'WidgetCarousel' in 0.0003 seconds. Added 0 classes and 0 folders.
[2018.09.03-15.02.17:031][  0]LogContentBrowser: Native class hierarchy updated for 'AddContentDialog' in 0.0004 seconds. Added 0 classes and 0 folders.
[2018.09.03-15.02.17:156][  0]LogContentBrowser: Native class hierarchy updated for 'SceneOutliner' in 0.0004 seconds. Added 1 classes and 2 folders.
[2018.09.03-15.02.18:085][  0]LogSlate: Took 0.041457 seconds to synchronously load lazily loaded font '../../../Engine/Content/Slate/Fonts/Roboto-Regular.ttf' (155K)
[2018.09.03-15.02.18:191][  0]LogSlate: Took 0.024011 seconds to synchronously load lazily loaded font '../../../Engine/Content/Slate/Fonts/Roboto-Bold.ttf' (160K)
[2018.09.03-15.02.18:328][  0]LogSlate: Took 0.078963 seconds to synchronously load lazily loaded font '../../../Engine/Content/Editor/Slate/Fonts/FontAwesome.ttf' (139K)
[2018.09.03-15.02.18:970][  0]LogRenderer: Reallocating scene render targets to support 1016x508 Format 9 NumSamples 1 (Frame:1).
[2018.09.03-15.02.21:069][  0]LogContentBrowser: Native class hierarchy updated for 'HierarchicalLODOutliner' in 0.0004 seconds. Added 0 classes and 0 folders.
[2018.09.03-15.02.21:069][  0]LogLoad: (Engine Initialization) Total time: 165.64 seconds
[2018.09.03-15.02.21:069][  0]LogLoad: (Engine Initialization) Total Blueprint compile time: 0.00 seconds
[2018.09.03-15.02.21:526][  0]LogContentStreaming: Texture pool size now 3000 MB
[2018.09.03-15.02.21:939][  0]LogSlate: Took 0.021852 seconds to synchronously load lazily loaded font '../../../Engine/Content/Slate/Fonts/Roboto-Light.ttf' (167K)
[2018.09.03-15.02.22:050][  1]LogSubstanceLiveLink: Warning: Unable to send data along socket, closing connection
[2018.09.03-15.02.22:543][  2]LogCollectionManager: Rebuilt the object cache for 0 collections in 0.000000 seconds (found 0 objects)
[2018.09.03-15.02.23:108][  5]LogAssetRegistry: Asset discovery search completed in 132.5200 seconds
[2018.09.03-15.02.23:137][  5]LogCollectionManager: Fixed up redirectors for 0 collections in 0.000007 seconds (updated 0 objects)
[2018.09.03-15.02.25:535][ 69]LogSlate: FSceneViewport::OnFocusLost() reason 0
[2018.09.03-15.02.30:064][ 69]LogRenderer: Reallocating scene render targets to support 1016x684 Format 9 NumSamples 1 (Frame:69).
[2018.09.03-15.02.30:949][ 73]LogSlate: FSceneViewport::OnFocusLost() reason 0
[2018.09.03-15.02.44:220][416]LogSlate: FSceneViewport::OnFocusLost() reason 0
[2018.09.03-15.03.07:241][356]LogSlate: FSceneViewport::OnFocusLost() reason 0
[2018.09.03-15.04.16:298][556]LogEditorViewport: Clicking on Actor (LMB): StaticMeshActor (BuildingTall)
[2018.09.03-15.04.34:407][390]LogSlate: FSceneViewport::OnFocusLost() reason 0
[2018.09.03-15.04.39:022][618]LogSlate: FSceneViewport::OnFocusLost() reason 0
[2018.09.03-15.04.39:159][625]LogSlate: Took 0.000260 seconds to synchronously load lazily loaded font '../../../Engine/Content/Slate/Fonts/Roboto-Light.ttf' (167K)
[2018.09.03-15.04.39:194][625]LogAssetEditorManager: Opening Asset editor for SubstanceGraphInstance /Game/Substance/Concrete/Concrete_Painted_and_Cracked_INST.Concrete_Painted_and_Cracked_INST
[2018.09.03-15.04.52:881][ 47]LogSavePackage: Moving '../../../../../../Users/mikey/Documents/Unreal Projects/BeyondHuman/Saved/Concrete_Painted_and_Cracked_INSBF37F4C4492A0DDFB529A29EFD22BE11.tmp' to '../../../../../../Users/mikey/Documents/Unreal Projects/BeyondHuman/Content/Substance/Concrete/Concrete_Painted_and_Cracked_INST.uasset'
[2018.09.03-15.04.58:038][291]LogSlate: Window 'Concrete_Painted_and_Cracked_INST' being destroyed
[2018.09.03-15.04.58:044][291]LogSlate: Window 'Concrete_Painted_and_Cracked_INST' being destroyed
[2018.09.03-15.06.34:388][428]LogEditorViewport: Clicking on Actor (context menu): StaticMeshActor (BuildingTall)
[2018.09.03-15.06.34:718][428]LogSlate: FSceneViewport::OnFocusLost() reason 2
[2018.09.03-15.06.35:893][486]LogSlate: FSceneViewport::OnFocusLost() reason 2
[2018.09.03-15.06.42:194][567]LogEditorFactories: Performing atomic reimport of [C:/Users/mikey/Dropbox/Docs/Projects/Beyond Human/Exports/Buildings/BuildingTall.fbx]
[2018.09.03-15.06.42:606][567]LogFbx: Loading FBX Scene from C:/Users/mikey/Dropbox/Docs/Projects/Beyond Human/Exports/Buildings/BuildingTall.fbx
[2018.09.03-15.06.42:675][567]LogFbx: FBX Scene Loaded Succesfully
[2018.09.03-15.06.44:197][567]LogStaticMesh: Building static mesh BuildingTall...
[2018.09.03-15.06.45:637][567]LogStaticMesh: Built static mesh [1.46s] /Game/Meshes/BuildingTall.BuildingTall
[2018.09.03-15.06.46:380][567]LogEditorFactories: -- imported successfully
[2018.09.03-15.06.53:855][934]LogSlate: FSceneViewport::OnFocusLost() reason 0
[2018.09.03-15.07.22:038][319]LogSlate: FSceneViewport::OnFocusLost() reason 0
[2018.09.03-15.11.57:948][672]LogEditorViewport: Clicking on Actor (context menu): StaticMeshActor (WallBack)
[2018.09.03-15.11.58:105][672]LogSlate: FSceneViewport::OnFocusLost() reason 2
[2018.09.03-15.11.58:727][699]LogEditorViewport: Clicking on Actor (LMB): StaticMeshActor (BuildingTall)
[2018.09.03-15.11.59:228][719]LogEditorViewport: Clicking on Actor (context menu): StaticMeshActor (BuildingTall)
[2018.09.03-15.11.59:295][719]LogSlate: FSceneViewport::OnFocusLost() reason 2
[2018.09.03-15.12.00:227][769]LogSlate: FSceneViewport::OnFocusLost() reason 2
[2018.09.03-15.12.02:816][865]LogEditorFactories: Performing atomic reimport of [C:/Users/mikey/Dropbox/Docs/Projects/Beyond Human/Exports/Buildings/BuildingTall.fbx]
[2018.09.03-15.12.02:917][865]LogFbx: Loading FBX Scene from C:/Users/mikey/Dropbox/Docs/Projects/Beyond Human/Exports/Buildings/BuildingTall.fbx
[2018.09.03-15.12.02:974][865]LogFbx: FBX Scene Loaded Succesfully
[2018.09.03-15.12.04:168][865]LogStaticMesh: Building static mesh BuildingTall...
[2018.09.03-15.12.05:384][865]LogStaticMesh: Built static mesh [1.34s] /Game/Meshes/BuildingTall.BuildingTall
[2018.09.03-15.12.06:453][865]LogEditorFactories: -- imported successfully
[2018.09.03-15.12.12:777][ 83]LogSlate: FSceneViewport::OnFocusLost() reason 2
[2018.09.03-15.12.22:389][649]LogSlate: FSceneViewport::OnFocusLost() reason 0
[2018.09.03-15.12.32:589][225]LogEditorViewport: Clicking on Actor (LMB): StaticMeshActor (BuildingAngled)
[2018.09.03-15.12.35:406][383]LogSlate: FSceneViewport::OnFocusLost() reason 0
[2018.09.03-15.12.39:012][571]LogSlate: FSceneViewport::OnFocusLost() reason 0
[2018.09.03-15.12.42:240][755]LogSlate: FSceneViewport::OnFocusLost() reason 0
[2018.09.03-15.12.43:990][849]LogEditorViewport: Clicking on Actor (context menu): StaticMeshActor (BuildingTall)
[2018.09.03-15.12.44:067][849]LogSlate: FSceneViewport::OnFocusLost() reason 2
[2018.09.03-15.12.44:902][891]LogSlate: FSceneViewport::OnFocusLost() reason 2
[2018.09.03-15.12.46:707][980]LogEditorFactories: Performing atomic reimport of [C:/Users/mikey/Dropbox/Docs/Projects/Beyond Human/Exports/Buildings/BuildingTall.fbx]
[2018.09.03-15.12.46:797][980]LogFbx: Loading FBX Scene from C:/Users/mikey/Dropbox/Docs/Projects/Beyond Human/Exports/Buildings/BuildingTall.fbx
[2018.09.03-15.12.46:852][980]LogFbx: FBX Scene Loaded Succesfully
[2018.09.03-15.12.48:019][980]LogStaticMesh: Building static mesh BuildingTall...
[2018.09.03-15.12.49:255][980]LogStaticMesh: Built static mesh [1.28s] /Game/Meshes/BuildingTall.BuildingTall
[2018.09.03-15.12.49:771][980]LogEditorFactories: -- imported successfully
[2018.09.03-15.13.18:532][520]LogSlate: FSceneViewport::OnFocusLost() reason 0
[2018.09.03-15.13.40:523][213]LogSlate: FSceneViewport::OnFocusLost() reason 0
[2018.09.03-15.13.45:055][446]LogEditorFactories: Performing atomic reimport of [C:/Users/mikey/Dropbox/Docs/Projects/Beyond Human/Exports/Buildings/BuildingTall.fbx]
[2018.09.03-15.13.45:157][446]LogFbx: Loading FBX Scene from C:/Users/mikey/Dropbox/Docs/Projects/Beyond Human/Exports/Buildings/BuildingTall.fbx
[2018.09.03-15.13.45:223][446]LogFbx: FBX Scene Loaded Succesfully
[2018.09.03-15.13.46:362][446]LogStaticMesh: Building static mesh BuildingTall...
[2018.09.03-15.13.47:579][446]LogStaticMesh: Built static mesh [1.29s] /Game/Meshes/BuildingTall.BuildingTall
[2018.09.03-15.13.48:973][446]LogEditorFactories: -- imported successfully
[2018.09.03-15.13.51:556][530]LogSlate: FSceneViewport::OnFocusLost() reason 0
[2018.09.03-15.13.51:718][537]LogAssetEditorManager: Opening Asset editor for StaticMesh /Game/Meshes/BuildingTall.BuildingTall
[2018.09.03-15.14.09:764][537]LogRenderer: Reallocating scene render targets to support 1252x892 Format 9 NumSamples 1 (Frame:1).
[2018.09.03-15.14.11:782][583]LogSlate: Took 0.021684 seconds to synchronously load lazily loaded font '../../../Engine/Content/Slate/Fonts/Roboto-Italic.ttf' (157K)
[2018.09.03-15.14.17:537][778]LogSavePackage: Moving '../../../../../../Users/mikey/Documents/Unreal Projects/BeyondHuman/Saved/Meshing_Auto1AD0D9FEE49A81C3359F0C6A48E679815.tmp' to '../../../../../../Users/mikey/Documents/Unreal Projects/BeyondHuman/Saved/Autosaves/Game/Maps/Meshing_Auto1.umap'
[2018.09.03-15.14.17:597][778]LogFileHelpers: Editor autosave (incl. sublevels) for '/Game/Maps/Meshing' took 1.595
[2018.09.03-15.14.17:597][778]LogFileHelpers: Editor autosave (incl. sublevels) for all levels took 1.595
[2018.09.03-15.14.17:621][778]OBJ SavePackage: Generating thumbnails for [1] asset(s) in package [/Game/Meshes/BuildingTall] ([1] browsable assets)...
[2018.09.03-15.14.17:693][778]OBJ SavePackage:     Rendered thumbnail for [StaticMesh /Game/Meshes/BuildingTall.BuildingTall]
[2018.09.03-15.14.17:693][778]OBJ SavePackage: Finished generating thumbnails for package [/Game/Meshes/BuildingTall]
[2018.09.03-15.14.17:956][778]LogSavePackage: Moving '../../../../../../Users/mikey/Documents/Unreal Projects/BeyondHuman/Saved/BuildingTall_Auto1B03FF2C44DFEDAEA964796B3A3759ACF.tmp' to '../../../../../../Users/mikey/Documents/Unreal Projects/BeyondHuman/Saved/Autosaves/Game/Meshes/BuildingTall_Auto1.uasset'
[2018.09.03-15.14.18:018][778]OBJ SavePackage: Generating thumbnails for [1] asset(s) in package [/Game/Substance/Concrete/Concrete_Painted_and_Cracked_INST_ambient_occlusion_0] ([1] browsable assets)...
[2018.09.03-15.14.18:029][778]OBJ SavePackage:     Rendered thumbnail for [SubstanceTexture2D /Game/Substance/Concrete/Concrete_Painted_and_Cracked_INST_ambient_occlusion_0.Concrete_Painted_and_Cracked_INST_ambient_occlusion_0]
[2018.09.03-15.14.18:029][778]OBJ SavePackage: Finished generating thumbnails for package [/Game/Substance/Concrete/Concrete_Painted_and_Cracked_INST_ambient_occlusion_0]
[2018.09.03-15.14.18:201][778]LogSavePackage: Moving '../../../../../../Users/mikey/Documents/Unreal Projects/BeyondHuman/Saved/Concrete_Painted_and_Cracked_INSC8E64F47499867C88349C89FA6ECAC40.tmp' to '../../../../../../Users/mikey/Documents/Unreal Projects/BeyondHuman/Saved/Autosaves/Game/Substance/Concrete/Concrete_Painted_and_Cracked_INST_ambient_occlusion_0_Auto1.uasset'
[2018.09.03-15.14.18:253][778]OBJ SavePackage: Generating thumbnails for [1] asset(s) in package [/Game/Substance/Concrete/Concrete_Painted_and_Cracked_INST_basecolor_0] ([1] browsable assets)...
[2018.09.03-15.14.18:266][778]OBJ SavePackage:     Rendered thumbnail for [SubstanceTexture2D /Game/Substance/Concrete/Concrete_Painted_and_Cracked_INST_basecolor_0.Concrete_Painted_and_Cracked_INST_basecolor_0]
[2018.09.03-15.14.18:266][778]OBJ SavePackage: Finished generating thumbnails for package [/Game/Substance/Concrete/Concrete_Painted_and_Cracked_INST_basecolor_0]
[2018.09.03-15.14.20:201][778]LogSavePackage: Moving '../../../../../../Users/mikey/Documents/Unreal Projects/BeyondHuman/Saved/Concrete_Painted_and_Cracked_INS4CC992E34B1E7FCB13E142AD5952DC9A.tmp' to '../../../../../../Users/mikey/Documents/Unreal Projects/BeyondHuman/Saved/Autosaves/Game/Substance/Concrete/Concrete_Painted_and_Cracked_INST_basecolor_0_Auto1.uasset'
[2018.09.03-15.14.20:205][778]OBJ SavePackage: Generating thumbnails for [1] asset(s) in package [/Game/Substance/Concrete/Concrete_Painted_and_Cracked_INST_normal_0] ([1] browsable assets)...
[2018.09.03-15.14.20:215][778]OBJ SavePackage:     Rendered thumbnail for [SubstanceTexture2D /Game/Substance/Concrete/Concrete_Painted_and_Cracked_INST_normal_0.Concrete_Painted_and_Cracked_INST_normal_0]
[2018.09.03-15.14.20:215][778]OBJ SavePackage: Finished generating thumbnails for package [/Game/Substance/Concrete/Concrete_Painted_and_Cracked_INST_normal_0]
[2018.09.03-15.14.21:054][778]LogSavePackage: Moving '../../../../../../Users/mikey/Documents/Unreal Projects/BeyondHuman/Saved/Concrete_Painted_and_Cracked_INS78049ED746CEDED38AAA3E813B74EB57.tmp' to '../../../../../../Users/mikey/Documents/Unreal Projects/BeyondHuman/Saved/Autosaves/Game/Substance/Concrete/Concrete_Painted_and_Cracked_INST_normal_0_Auto1.uasset'
[2018.09.03-15.14.21:056][778]OBJ SavePackage: Generating thumbnails for [1] asset(s) in package [/Game/Substance/Concrete/Concrete_Painted_and_Cracked_INST_roughness_0] ([1] browsable assets)...
[2018.09.03-15.14.21:065][778]OBJ SavePackage:     Rendered thumbnail for [SubstanceTexture2D /Game/Substance/Concrete/Concrete_Painted_and_Cracked_INST_roughness_0.Concrete_Painted_and_Cracked_INST_roughness_0]
[2018.09.03-15.14.21:065][778]OBJ SavePackage: Finished generating thumbnails for package [/Game/Substance/Concrete/Concrete_Painted_and_Cracked_INST_roughness_0]
[2018.09.03-15.14.21:331][778]LogSavePackage: Moving '../../../../../../Users/mikey/Documents/Unreal Projects/BeyondHuman/Saved/Concrete_Painted_and_Cracked_INS3445E20D40A5264272409BBCE6BB869D.tmp' to '../../../../../../Users/mikey/Documents/Unreal Projects/BeyondHuman/Saved/Autosaves/Game/Substance/Concrete/Concrete_Painted_and_Cracked_INST_roughness_0_Auto1.uasset'
[2018.09.03-15.14.21:333][778]LogFileHelpers: Auto-saving content packages took 3.731
[2018.09.03-15.14.23:196][849]LogSlate: Window 'BuildingTall*' being destroyed
[2018.09.03-15.14.23:214][849]LogSlate: Window 'BuildingTall*' being destroyed
[2018.09.03-15.14.31:453][264]LogSlate: FSceneViewport::OnFocusLost() reason 0
[2018.09.03-15.14.32:728][311]EditorErrors: New page: Actor attachment
[2018.09.03-15.14.36:425][500]EditorErrors: New page: Actor attachment
[2018.09.03-15.14.40:228][685]LogEditorActor: Deleted Actor: StaticMeshActor
[2018.09.03-15.14.40:330][685]LogEditorActor: Deleted 1 Actors (0.346 secs)
[2018.09.03-15.14.45:986][888]LogSlate: Window 'Delete Assets' being destroyed
[2018.09.03-15.16.02:456][137]LogFactory: FactoryCreateFile: StaticMesh with FbxFactory (0 0 ../../../../../../Users/mikey/Dropbox/Docs/Projects/Beyond Human/Exports/Buildings/BuildingTall.fbx)
[2018.09.03-15.16.02:498][137]LogFbx: Loading FBX Scene from ../../../../../../Users/mikey/Dropbox/Docs/Projects/Beyond Human/Exports/Buildings/BuildingTall.fbx
[2018.09.03-15.16.02:716][137]LogFbx: FBX Scene Loaded Succesfully
[2018.09.03-15.16.06:494][137]LogSlate: Window 'FBX Import Options' being destroyed
[2018.09.03-15.16.07:603][137]LogStaticMesh: Building static mesh BuildingTall...
[2018.09.03-15.16.08:772][137]LogStaticMesh: Built static mesh [1.17s] /Game/Meshes/BuildingTall.BuildingTall
[2018.09.03-15.16.11:852][206]LogActorFactory: Actor Factory created BuildingTall
[2018.09.03-15.16.16:472][413]LogActorFactory: Actor Factory created BuildingTall
[2018.09.03-15.16.21:257][650]LogSlate: FSceneViewport::OnFocusLost() reason 0
[2018.09.03-15.16.33:213][299]LogSlate: FSceneViewport::OnFocusLost() reason 0
[2018.09.03-15.16.36:338][468]LogSlate: FSceneViewport::OnFocusLost() reason 0
[2018.09.03-15.16.48:599][108]LogSlate: FSceneViewport::OnFocusLost() reason 0
[2018.09.03-15.16.52:531][315]LogSlate: FSceneViewport::OnFocusLost() reason 0
[2018.09.03-15.16.58:149][611]LogSlate: FSceneViewport::OnFocusLost() reason 0
[2018.09.03-15.17.04:004][916]LogSlate: FSceneViewport::OnFocusLost() reason 0
[2018.09.03-15.17.35:569][674]LogSlate: FSceneViewport::OnFocusLost() reason 0
[2018.09.03-15.17.36:585][678]LogSlate: Window 'Save Content' being destroyed
[2018.09.03-15.17.53:992][678]Cmd: OBJ SAVEPACKAGE PACKAGE="/Game/Maps/Meshing" FILE="../../../../../../Users/mikey/Documents/Unreal Projects/BeyondHuman/Content/Maps/Meshing.umap" SILENT=true AUTOSAVING=false KEEPDIRTY=false
[2018.09.03-15.17.54:492][678]LogSavePackage: Moving '../../../../../../Users/mikey/Documents/Unreal Projects/BeyondHuman/Saved/Meshing8CC361C24C233A1BEA804095FE569800.tmp' to '../../../../../../Users/mikey/Documents/Unreal Projects/BeyondHuman/Content/Maps/Meshing.umap'
[2018.09.03-15.17.54:600][678]LogFileHelpers: Saving map 'Meshing' took 17.908
[2018.09.03-15.17.54:635][678]Cmd: OBJ SAVEPACKAGE PACKAGE="/Game/Meshes/BuildingTall" FILE="../../../../../../Users/mikey/Documents/Unreal Projects/BeyondHuman/Content/Meshes/BuildingTall.uasset" SILENT=true
[2018.09.03-15.17.54:680][678]LogSavePackage: Moving '../../../../../../Users/mikey/Documents/Unreal Projects/BeyondHuman/Saved/BuildingTallD0A26C7D47A2154BD69E65BEB8780BE6.tmp' to '../../../../../../Users/mikey/Documents/Unreal Projects/BeyondHuman/Content/Meshes/BuildingTall.uasset'
[2018.09.03-15.17.54:710][678]LogSavePackage: Moving '../../../../../../Users/mikey/Documents/Unreal Projects/BeyondHuman/Saved/Concrete_Painted_and_Cracked_INSFC9A139744E5C7CFD78FD1A7D8335833.tmp' to '../../../../../../Users/mikey/Documents/Unreal Projects/BeyondHuman/Content/Substance/Concrete/Concrete_Painted_and_Cracked_INST_ambient_occlusion_0.uasset'
[2018.09.03-15.17.54:766][678]LogSavePackage: Moving '../../../../../../Users/mikey/Documents/Unreal Projects/BeyondHuman/Saved/Concrete_Painted_and_Cracked_INS2C53AE434768C47FF6D10398B2C1F54D.tmp' to '../../../../../../Users/mikey/Documents/Unreal Projects/BeyondHuman/Content/Substance/Concrete/Concrete_Painted_and_Cracked_INST_basecolor_0.uasset'
[2018.09.03-15.17.54:844][678]LogSavePackage: Moving '../../../../../../Users/mikey/Documents/Unreal Projects/BeyondHuman/Saved/Concrete_Painted_and_Cracked_INSC20580014037C6492086A6B7EAFE760C.tmp' to '../../../../../../Users/mikey/Documents/Unreal Projects/BeyondHuman/Content/Substance/Concrete/Concrete_Painted_and_Cracked_INST_normal_0.uasset'
[2018.09.03-15.17.54:900][678]LogSavePackage: Moving '../../../../../../Users/mikey/Documents/Unreal Projects/BeyondHuman/Saved/Concrete_Painted_and_Cracked_INSEEF5314F478675F0531176ACFB0DEF5C.tmp' to '../../../../../../Users/mikey/Documents/Unreal Projects/BeyondHuman/Content/Substance/Concrete/Concrete_Painted_and_Cracked_INST_roughness_0.uasset'
[2018.09.03-15.17.55:765][720]LogEditorViewport: Clicking on Actor (LMB): StaticMeshActor (WalkwayUpper)
[2018.09.03-15.18.00:015][952]LogEditorViewport: Clicking on Actor (LMB): StaticMeshActor (WallBack)
[2018.09.03-15.18.06:009][266]LogEditorViewport: Clicking on Actor (LMB): StaticMeshActor (BuildingTall)
[2018.09.03-15.18.13:366][675]LogSlate: FSceneViewport::OnFocusLost() reason 0
[2018.09.03-15.18.20:536][954]Cmd: TRANSACTION UNDO
[2018.09.03-15.18.20:536][954]LogEditorTransaction: Undo Vertex Paint
[2018.09.03-15.18.23:501][ 83]LogSlate: FSceneViewport::OnFocusLost() reason 0
[2018.09.03-15.18.31:353][388]Cmd: TRANSACTION UNDO
[2018.09.03-15.18.31:353][388]LogEditorTransaction: Undo Vertex Paint
[2018.09.03-15.18.32:028][390]Cmd: TRANSACTION UNDO
[2018.09.03-15.18.32:028][390]LogEditorTransaction: Undo Vertex Paint
[2018.09.03-15.18.32:715][392]Cmd: TRANSACTION UNDO
[2018.09.03-15.18.32:715][392]LogEditorTransaction: Undo Vertex Paint
[2018.09.03-15.19.37:772][157]LogSlate: FSceneViewport::OnFocusLost() reason 0
[2018.09.03-15.19.42:613][428]LogEditorViewport: Clicking on Actor (LMB): StaticMeshActor (BuildingAngled)
[2018.09.03-15.19.46:684][478]LogEditorViewport: Clicking on Actor (LMB): StaticMeshActor (BuildingAngled)
[2018.09.03-15.19.47:479][483]LogEditorViewport: Clicking Background
[2018.09.03-15.19.48:009][506]LogEditorViewport: Clicking on Actor (LMB): StaticMeshActor (BuildingAngled)
[2018.09.03-15.19.48:298][507]LogEditorViewport: Clicking on Actor (LMB): StaticMeshActor (BuildingAngled)
[2018.09.03-15.19.50:713][583]Cmd: TRANSACTION UNDO
[2018.09.03-15.19.50:713][583]LogEditorTransaction: Undo Vertex Paint
[2018.09.03-15.19.56:654][825]LogEditorViewport: Clicking on Actor (LMB): StaticMeshActor (BuildingTall)
[2018.09.03-15.20.10:661][496]LogSlate: FSceneViewport::OnFocusLost() reason 0
[2018.09.03-15.21.12:888][261]LogSlate: FSceneViewport::OnFocusLost() reason 0
[2018.09.03-15.21.23:945][663]LogSlate: FSceneViewport::OnFocusLost() reason 0
[2018.09.03-15.22.07:864][987]LogEditorViewport: Clicking on Component (LMB): StaticMeshComponent (StaticMeshComponent0)
[2018.09.03-15.22.14:055][101]LogEditorViewport: Clicking Background
[2018.09.03-15.22.15:382][177]LogEditorViewport: Clicking on Actor (LMB): StaticMeshActor (BuildingTall)
[2018.09.03-15.23.09:190][542]LogEditorViewport: Clicking on Actor (LMB): StaticMeshActor (BuildingTall)
[2018.09.03-15.25.32:354][778]LogSlate: FSceneViewport::OnFocusLost() reason 0
[2018.09.03-15.25.36:885][866]LogSlate: FSceneViewport::OnFocusLost() reason 0
[2018.09.03-15.26.19:480][562]LogSlate: FSceneViewport::OnFocusLost() reason 0
[2018.09.03-15.26.20:502][567]LogSlate: Window 'Save Content' being destroyed
[2018.09.03-15.26.28:570][567]Cmd: OBJ SAVEPACKAGE PACKAGE="/Game/Maps/Meshing" FILE="../../../../../../Users/mikey/Documents/Unreal Projects/BeyondHuman/Content/Maps/Meshing.umap" SILENT=true AUTOSAVING=false KEEPDIRTY=false
[2018.09.03-15.26.29:235][567]LogSavePackage: Moving '../../../../../../Users/mikey/Documents/Unreal Projects/BeyondHuman/Saved/Meshing63E41C564F6C6E25A2A20C958DA1DD0D.tmp' to '../../../../../../Users/mikey/Documents/Unreal Projects/BeyondHuman/Content/Maps/Meshing.umap'
[2018.09.03-15.26.29:257][567]LogFileHelpers: Saving map 'Meshing' took 8.704
[2018.09.03-15.26.37:894][892]LogSlate: FSceneViewport::OnFocusLost() reason 2
[2018.09.03-15.27.07:686][816]LogSlate: FSceneViewport::OnFocusLost() reason 0
[2018.09.03-15.27.14:216][ 71]LogSlate: FSceneViewport::OnFocusLost() reason 0
[2018.09.03-15.27.32:614][686]LogSlate: FSceneViewport::OnFocusLost() reason 0
[2018.09.03-15.27.38:594][901]LogSlate: FSceneViewport::OnFocusLost() reason 0
[2018.09.03-15.28.28:903][241]Cmd: TRANSACTION UNDO
[2018.09.03-15.28.28:903][241]LogEditorTransaction: Undo Vertex Paint
[2018.09.03-15.28.59:001][393]LogSlate: FSceneViewport::OnFocusLost() reason 0
[2018.09.03-15.29.11:753][795]Cmd: TRANSACTION UNDO
[2018.09.03-15.29.11:753][795]LogEditorTransaction: Undo Vertex Paint
[2018.09.03-15.29.21:167][196]LogSlate: FSceneViewport::OnFocusLost() reason 0
[2018.09.03-15.29.27:431][459]Cmd: TRANSACTION UNDO
[2018.09.03-15.29.27:431][459]LogEditorTransaction: Undo Vertex Paint
[2018.09.03-15.29.28:099][461]LogSlate: FSceneViewport::OnFocusLost() reason 0
[2018.09.03-15.29.30:110][522]Cmd: TRANSACTION UNDO
[2018.09.03-15.29.30:110][522]LogEditorTransaction: Undo Vertex Paint
[2018.09.03-15.29.30:868][529]LogSlate: FSceneViewport::OnFocusLost() reason 0
[2018.09.03-15.29.49:219][154]Cmd: TRANSACTION UNDO
[2018.09.03-15.29.49:219][154]LogEditorTransaction: Undo Vertex Paint
[2018.09.03-15.30.31:567][442]LogSlate: FSceneViewport::OnFocusLost() reason 0
[2018.09.03-15.30.36:086][596]LogSlate: FSceneViewport::OnFocusLost() reason 0
[2018.09.03-15.32.41:765][494]Cmd: TRANSACTION UNDO
[2018.09.03-15.32.41:765][494]LogEditorTransaction: Undo Vertex Paint
[2018.09.03-15.32.44:906][609]Cmd: TRANSACTION UNDO
[2018.09.03-15.32.44:906][609]LogEditorTransaction: Undo Vertex Paint
[2018.09.03-15.32.52:667][876]LogSlate: FSceneViewport::OnFocusLost() reason 0
[2018.09.03-15.33.00:365][193]LogSlate: FSceneViewport::OnFocusLost() reason 0
[2018.09.03-15.33.53:276][557]LogSlate: FSceneViewport::OnFocusLost() reason 0
[2018.09.03-15.34.06:819][983]LogSlate: FSceneViewport::OnFocusLost() reason 0
[2018.09.03-15.34.12:944][168]LogSlate: FSceneViewport::OnFocusLost() reason 0
[2018.09.03-15.34.15:917][281]LogSlate: FSceneViewport::OnFocusLost() reason 0
[2018.09.03-15.34.29:250][637]Cmd: TRANSACTION UNDO
[2018.09.03-15.34.29:250][637]LogEditorTransaction: Undo Vertex Paint
[2018.09.03-15.34.39:146][949]Cmd: TRANSACTION UNDO
[2018.09.03-15.34.39:146][949]LogEditorTransaction: Undo Vertex Paint
[2018.09.03-15.35.10:883][874]Cmd: TRANSACTION UNDO
[2018.09.03-15.35.10:883][874]LogEditorTransaction: Undo Vertex Paint
[2018.09.03-15.35.31:298][560]LogSlate: FSceneViewport::OnFocusLost() reason 2
[2018.09.03-15.35.32:016][587]LogEditorViewport: Clicking on Actor (context menu): StaticMeshActor (BuildingTall)
[2018.09.03-15.35.32:083][587]LogSlate: FSceneViewport::OnFocusLost() reason 2
[2018.09.03-15.35.32:648][591]LogSlate: FSceneViewport::OnFocusLost() reason 2
[2018.09.03-15.36.19:532][154]Cmd: TRANSACTION UNDO
[2018.09.03-15.36.19:532][154]LogEditorTransaction: Undo Vertex Paint
[2018.09.03-15.36.22:102][264]Cmd: TRANSACTION UNDO
[2018.09.03-15.36.22:102][264]LogEditorTransaction: Undo Vertex Paint
[2018.09.03-15.36.28:802][431]Cmd: TRANSACTION UNDO
[2018.09.03-15.36.28:802][431]LogEditorTransaction: Undo Vertex Paint
[2018.09.03-15.37.30:043][652]Cmd: TRANSACTION UNDO
[2018.09.03-15.37.30:043][652]LogEditorTransaction: Undo Vertex Paint
[2018.09.03-15.38.10:898][ 92]LogSlate: FSceneViewport::OnFocusLost() reason 0
[2018.09.03-15.38.11:914][ 93]LogSlate: Window 'Save Content' being destroyed
[2018.09.03-15.38.11:941][ 93]LogSlate: FSceneViewport::OnFocusLost() reason 2
[2018.09.03-15.38.12:183][ 93]Cmd: OBJ SAVEPACKAGE PACKAGE="/Game/Maps/Meshing" FILE="../../../../../../Users/mikey/Documents/Unreal Projects/BeyondHuman/Content/Maps/Meshing.umap" SILENT=true AUTOSAVING=false KEEPDIRTY=false
[2018.09.03-15.38.12:666][ 93]LogSavePackage: Moving '../../../../../../Users/mikey/Documents/Unreal Projects/BeyondHuman/Saved/MeshingEB344677408611589A19B29F4A5FD12E.tmp' to '../../../../../../Users/mikey/Documents/Unreal Projects/BeyondHuman/Content/Maps/Meshing.umap'
[2018.09.03-15.38.12:692][ 93]LogFileHelpers: Saving map 'Meshing' took 0.730
[2018.09.03-15.38.22:451][622]LogSlate: FSceneViewport::OnFocusLost() reason 2
[2018.09.03-15.38.49:977][902]LogEditorViewport: Clicking on Actor (LMB): StaticMeshActor (TunnelSlope)
[2018.09.03-15.38.54:080][ 24]LogSlate: FSceneViewport::OnFocusLost() reason 0
[2018.09.03-15.38.55:102][ 27]LogSlate: Window 'Save Content' being destroyed
[2018.09.03-15.38.55:128][ 27]LogSlate: FSceneViewport::OnFocusLost() reason 2
[2018.09.03-15.38.55:379][ 27]Cmd: OBJ SAVEPACKAGE PACKAGE="/Game/Maps/Meshing" FILE="../../../../../../Users/mikey/Documents/Unreal Projects/BeyondHuman/Content/Maps/Meshing.umap" SILENT=true AUTOSAVING=false KEEPDIRTY=false
[2018.09.03-15.38.55:846][ 27]LogSavePackage: Moving '../../../../../../Users/mikey/Documents/Unreal Projects/BeyondHuman/Saved/MeshingC8B9F90346E56CB7E51318BB8AB2F195.tmp' to '../../../../../../Users/mikey/Documents/Unreal Projects/BeyondHuman/Content/Maps/Meshing.umap'
[2018.09.03-15.38.55:870][ 27]LogFileHelpers: Saving map 'Meshing' took 0.717
[2018.09.03-15.38.57:084][ 44]LogEditorViewport: Clicking on Actor (LMB): StaticMeshActor (WallLeft)
[2018.09.03-15.39.00:443][148]LogSlate: FSceneViewport::OnFocusLost() reason 0
[2018.09.03-15.39.10:219][514]LogSlate: FSceneViewport::OnFocusLost() reason 2
[2018.09.03-15.39.12:046][611]LogSlate: FSceneViewport::OnFocusLost() reason 2
[2018.09.03-15.39.17:637][943]LogSlate: FSceneViewport::OnFocusLost() reason 2
[2018.09.03-15.39.23:728][148]LogEditorViewport: Clicking on Actor (LMB): StaticMeshActor (WallBack)
[2018.09.03-15.39.38:757][616]LogSlate: FSceneViewport::OnFocusLost() reason 0
[2018.09.03-15.39.40:213][663]LogEditorViewport: Clicking on Actor (LMB): StaticMeshActor (BuildingAngled)
[2018.09.03-15.40.01:680][298]LogSlate: FSceneViewport::OnFocusLost() reason 2
[2018.09.03-15.40.13:442][979]LogSlate: FSceneViewport::OnFocusLost() reason 0
[2018.09.03-15.40.14:756][982]LogSlate: Window 'Save Content' being destroyed
[2018.09.03-15.40.14:783][982]LogSlate: FSceneViewport::OnFocusLost() reason 2
[2018.09.03-15.40.15:023][982]Cmd: OBJ SAVEPACKAGE PACKAGE="/Game/Maps/Meshing" FILE="../../../../../../Users/mikey/Documents/Unreal Projects/BeyondHuman/Content/Maps/Meshing.umap" SILENT=true AUTOSAVING=false KEEPDIRTY=false
[2018.09.03-15.40.15:532][982]LogSavePackage: Moving '../../../../../../Users/mikey/Documents/Unreal Projects/BeyondHuman/Saved/MeshingE347FBAC43E13ED44D591195104C6842.tmp' to '../../../../../../Users/mikey/Documents/Unreal Projects/BeyondHuman/Content/Maps/Meshing.umap'
[2018.09.03-15.40.15:564][982]LogFileHelpers: Saving map 'Meshing' took 0.761
[2018.09.03-15.40.17:271][ 65]LogSlate: FSceneViewport::OnFocusLost() reason 0
[2018.09.03-15.41.08:624][208]LogEditorViewport: Clicking on Actor (LMB): StaticMeshActor (BuildingTall)
[2018.09.03-15.41.11:484][337]LogSlate: FSceneViewport::OnFocusLost() reason 2
[2018.09.03-15.41.22:217][672]LogSlate: FSceneViewport::OnFocusLost() reason 0
[2018.09.03-15.41.37:900][ 83]LogSlate: FSceneViewport::OnFocusLost() reason 0
[2018.09.03-15.41.43:149][267]LogSlate: FSceneViewport::OnFocusLost() reason 0
[2018.09.03-15.41.51:203][526]LogSlate: FSceneViewport::OnFocusLost() reason 0
[2018.09.03-15.41.52:053][527]LogSlate: Window 'Save Content' being destroyed
[2018.09.03-15.41.52:078][527]LogSlate: FSceneViewport::OnFocusLost() reason 2
[2018.09.03-15.41.52:365][527]Cmd: OBJ SAVEPACKAGE PACKAGE="/Game/Maps/Meshing" FILE="../../../../../../Users/mikey/Documents/Unreal Projects/BeyondHuman/Content/Maps/Meshing.umap" SILENT=true AUTOSAVING=false KEEPDIRTY=false
[2018.09.03-15.41.52:844][527]LogSavePackage: Moving '../../../../../../Users/mikey/Documents/Unreal Projects/BeyondHuman/Saved/Meshing09F961C547691F9CA8AC8C9A21858DDB.tmp' to '../../../../../../Users/mikey/Documents/Unreal Projects/BeyondHuman/Content/Maps/Meshing.umap'
[2018.09.03-15.41.52:867][527]LogFileHelpers: Saving map 'Meshing' took 0.765
[2018.09.03-15.42.16:146][247]LogSlate: FSceneViewport::OnFocusLost() reason 0
[2018.09.03-15.42.17:039][249]LogSlate: Window 'Save Content' being destroyed
[2018.09.03-15.42.17:064][249]LogSlate: FSceneViewport::OnFocusLost() reason 2
[2018.09.03-15.42.17:319][249]Cmd: OBJ SAVEPACKAGE PACKAGE="/Game/Maps/Meshing" FILE="../../../../../../Users/mikey/Documents/Unreal Projects/BeyondHuman/Content/Maps/Meshing.umap" SILENT=true AUTOSAVING=false KEEPDIRTY=false
[2018.09.03-15.42.17:766][249]LogSavePackage: Moving '../../../../../../Users/mikey/Documents/Unreal Projects/BeyondHuman/Saved/MeshingB54C931A43FBF5BD472777AA78582261.tmp' to '../../../../../../Users/mikey/Documents/Unreal Projects/BeyondHuman/Content/Maps/Meshing.umap'
[2018.09.03-15.42.17:796][249]LogFileHelpers: Saving map 'Meshing' took 0.713
[2018.09.03-15.42.27:540][557]LogEditorViewport: Clicking on Actor (LMB): StaticMeshActor (VentilationLRG)
[2018.09.03-15.42.33:578][721]LogSlate: FSceneViewport::OnFocusLost() reason 0
[2018.09.03-15.42.34:042][724]LogSlate: Window 'BeyondHuman - Unreal Editor' being destroyed
[2018.09.03-15.42.34:063][724]LogWindowsTextInputMethodSystem: Display: IME system now deactivated.
[2018.09.03-15.42.35:684][725]Cmd: QUIT_EDITOR
[2018.09.03-15.42.36:641][725]LogExit: Preparing to exit.
[2018.09.03-15.42.40:661][725]LogExit: Editor shut down
[2018.09.03-15.42.40:751][725]LogExit: Transaction tracking system shut down
[2018.09.03-15.42.51:178][725]LogExit: Object subsystem successfully closed.
[2018.09.03-15.42.52:143][725]LogShaderCompilers: Display: Shaders left to compile 0
[2018.09.03-15.42.52:365][725]LogD3D11RHI: Shutdown
[2018.09.03-15.42.52:366][725]LogD3D11RHI: CleanupD3DDevice
[2018.09.03-15.42.52:706][725]LogD3D11RHI: ~FD3D11DynamicRHI
[2018.09.03-15.42.53:554][725]LogModuleManager: Shutting down and abandoning module HierarchicalLODUtilities (624)
[2018.09.03-15.42.53:555][725]LogModuleManager: Shutting down and abandoning module StaticMeshEditor (622)
[2018.09.03-15.42.53:560][725]LogModuleManager: Shutting down and abandoning module MeshBuilder (620)
[2018.09.03-15.42.53:560][725]LogModuleManager: Shutting down and abandoning module HierarchicalLODOutliner (618)
[2018.09.03-15.42.53:561][725]LogModuleManager: Shutting down and abandoning module SceneOutliner (616)
[2018.09.03-15.42.53:561][725]LogModuleManager: Shutting down and abandoning module AddContentDialog (614)
[2018.09.03-15.42.53:857][725]LogModuleManager: Shutting down and abandoning module WidgetCarousel (613)
[2018.09.03-15.42.53:857][725]LogModuleManager: Shutting down and abandoning module EditorWidgets (610)
[2018.09.03-15.42.53:857][725]LogModuleManager: Shutting down and abandoning module CollectionManager (608)
[2018.09.03-15.42.53:861][725]LogModuleManager: Shutting down and abandoning module StatsViewer (606)
[2018.09.03-15.42.53:865][725]LogModuleManager: Shutting down and abandoning module FoliageEdit (604)
[2018.09.03-15.42.53:865][725]LogModuleManager: Shutting down and abandoning module LandscapeEditor (602)
[2018.09.03-15.42.53:906][725]LogModuleManager: Shutting down and abandoning module MeshPaintMode (600)
[2018.09.03-15.42.53:906][725]LogModuleManager: Shutting down and abandoning module SceneDepthPickerMode (598)
[2018.09.03-15.42.53:906][725]LogModuleManager: Shutting down and abandoning module ActorPickerMode (596)
[2018.09.03-15.42.53:906][725]LogModuleManager: Shutting down and abandoning module GeometryMode (594)
[2018.09.03-15.42.53:906][725]LogModuleManager: Shutting down and abandoning module TextureAlignMode (592)
[2018.09.03-15.42.53:906][725]LogModuleManager: Shutting down and abandoning module BspMode (590)
[2018.09.03-15.42.53:940][725]LogModuleManager: Shutting down and abandoning module PIEPreviewDeviceProfileSelector (588)
[2018.09.03-15.42.53:941][725]LogModuleManager: Shutting down and abandoning module SequenceRecorderSections (586)
[2018.09.03-15.42.53:942][725]LogModuleManager: Shutting down and abandoning module AutomationWorker (584)
[2018.09.03-15.42.53:944][725]LogModuleManager: Shutting down and abandoning module AudioCaptureEditor (582)
[2018.09.03-15.42.53:945][725]LogModuleManager: Shutting down and abandoning module SequenceRecorder (581)
[2018.09.03-15.42.53:947][725]LogModuleManager: Shutting down and abandoning module MatineeToLevelSequence (578)
[2018.09.03-15.42.53:977][725]LogModuleManager: Shutting down and abandoning module LevelSequenceEditor (576)
[2018.09.03-15.42.53:986][725]LogModuleManager: Shutting down and abandoning module PlacementMode (575)
[2018.09.03-15.42.53:987][725]LogModuleManager: Shutting down and abandoning module MaterialEditor (574)
[2018.09.03-15.42.54:077][725]LogModuleManager: Shutting down and abandoning module WmfMediaFactory (570)
[2018.09.03-15.42.54:078][725]LogModuleManager: Shutting down and abandoning module WmfMediaEditor (568)
[2018.09.03-15.42.54:078][725]LogModuleManager: Shutting down and abandoning module MediaPlayerEditor (566)
[2018.09.03-15.42.54:113][725]LogModuleManager: Shutting down and abandoning module OpenExrWrapper (564)
[2018.09.03-15.42.54:113][725]LogModuleManager: Shutting down and abandoning module ImgMediaFactory (562)
[2018.09.03-15.42.54:113][725]LogModuleManager: Shutting down and abandoning module ImgMediaEditor (560)
[2018.09.03-15.42.54:114][725]LogModuleManager: Shutting down and abandoning module AvfMediaFactory (558)
[2018.09.03-15.42.54:114][725]LogModuleManager: Shutting down and abandoning module AvfMediaEditor (556)
[2018.09.03-15.42.54:114][725]LogModuleManager: Shutting down and abandoning module AndroidMediaFactory (554)
[2018.09.03-15.42.54:114][725]LogModuleManager: Shutting down and abandoning module AndroidMediaEditor (552)
[2018.09.03-15.42.54:114][725]LogModuleManager: Shutting down and abandoning module MagicLeapCameraPreviewFactory (550)
[2018.09.03-15.42.54:114][725]LogModuleManager: Shutting down and abandoning module MagicLeapMediaFactory (548)
[2018.09.03-15.42.54:115][725]LogModuleManager: Shutting down and abandoning module MagicLeapMediaEditor (546)
[2018.09.03-15.42.54:115][725]LogModuleManager: Shutting down and abandoning module CharacterAI (544)
[2018.09.03-15.42.54:157][725]LogModuleManager: Shutting down and abandoning module SmartSnapping (542)
[2018.09.03-15.42.54:158][725]LogModuleManager: Shutting down and abandoning module SessionServices (540)
[2018.09.03-15.42.54:158][725]LogModuleManager: Shutting down and abandoning module ViewportSnapping (538)
[2018.09.03-15.42.54:171][725]LogModuleManager: Shutting down and abandoning module ViewportInteraction (536)
[2018.09.03-15.42.54:172][725]LogModuleManager: Shutting down and abandoning module ClothPainter (534)
[2018.09.03-15.42.54:176][725]LogModuleManager: Shutting down and abandoning module SkeletalMeshEditor (533)
[2018.09.03-15.42.54:179][725]LogModuleManager: Shutting down and abandoning module LogVisualizer (530)
[2018.09.03-15.42.54:221][725]LogModuleManager: Shutting down and abandoning module IntroTutorials (528)
[2018.09.03-15.42.54:232][725]LogModuleManager: Shutting down and abandoning module GameProjectGeneration (527)
[2018.09.03-15.42.54:237][725]LogModuleManager: Shutting down and abandoning module LuminPlatformEditor (524)
[2018.09.03-15.42.54:238][725]LogModuleManager: Shutting down and abandoning module IOSPlatformEditor (522)
[2018.09.03-15.42.54:239][725]LogModuleManager: Shutting down and abandoning module HTML5PlatformEditor (520)
[2018.09.03-15.42.54:239][725]LogModuleManager: Shutting down and abandoning module AndroidPlatformEditor (518)
[2018.09.03-15.42.54:239][725]LogModuleManager: Shutting down and abandoning module AndroidDeviceDetection (517)
[2018.09.03-15.42.54:876][725]LogModuleManager: Shutting down and abandoning module WindowsPlatformEditor (514)
[2018.09.03-15.42.54:876][725]LogModuleManager: Shutting down and abandoning module LuminRuntimeSettings (512)
[2018.09.03-15.42.54:876][725]LogModuleManager: Shutting down and abandoning module IOSRuntimeSettings (510)
[2018.09.03-15.42.54:876][725]LogModuleManager: Shutting down and abandoning module AndroidRuntimeSettings (508)
[2018.09.03-15.42.54:876][725]LogModuleManager: Shutting down and abandoning module InputBindingEditor (506)
[2018.09.03-15.42.54:930][725]LogModuleManager: Shutting down and abandoning module MergeActors (504)
[2018.09.03-15.42.54:931][725]LogModuleManager: Shutting down and abandoning module LocalizationDashboard (502)
[2018.09.03-15.42.54:934][725]LogModuleManager: Shutting down and abandoning module LocalizationService (501)
[2018.09.03-15.42.54:935][725]LogModuleManager: Shutting down and abandoning module HardwareTargeting (498)
[2018.09.03-15.42.54:935][725]LogModuleManager: Shutting down and abandoning module DeviceProfileEditor (496)
[2018.09.03-15.42.54:937][725]LogModuleManager: Shutting down and abandoning module UndoHistory (494)
[2018.09.03-15.42.54:937][725]LogModuleManager: Shutting down and abandoning module XmlParser (492)
[2018.09.03-15.42.54:939][725]LogModuleManager: Shutting down and abandoning module Blutility (490)
[2018.09.03-15.42.54:941][725]LogModuleManager: Shutting down and abandoning module ProjectSettingsViewer (488)
[2018.09.03-15.42.54:957][725]LogModuleManager: Shutting down and abandoning module ProjectTargetPlatformEditor (487)
[2018.09.03-15.42.54:959][725]LogModuleManager: Shutting down and abandoning module EditorSettingsViewer (484)
[2018.09.03-15.42.54:960][725]LogModuleManager: Shutting down and abandoning module SettingsEditor (482)
[2018.09.03-15.42.54:977][725]LogModuleManager: Shutting down and abandoning module ProjectLauncher (480)
[2018.09.03-15.42.54:979][725]LogModuleManager: Shutting down and abandoning module SessionFrontend (478)
[2018.09.03-15.42.54:981][725]LogModuleManager: Shutting down and abandoning module ProfilerClient (476)
[2018.09.03-15.42.54:981][725]LogModuleManager: Shutting down and abandoning module DeviceManager (474)
[2018.09.03-15.42.54:982][725]LogModuleManager: Shutting down and abandoning module TargetDeviceServices (473)
[2018.09.03-15.42.55:036][725]LogModuleManager: Shutting down and abandoning module AutomationController (470)
[2018.09.03-15.42.55:074][725]LogModuleManager: Shutting down and abandoning module AutomationWindow (468)
[2018.09.03-15.42.55:076][725]LogModuleManager: Shutting down and abandoning module Layers (466)
[2018.09.03-15.42.55:081][725]LogModuleManager: Shutting down and abandoning module ComponentVisualizers (464)
[2018.09.03-15.42.55:081][725]LogModuleManager: Shutting down and abandoning module DetailCustomizations (462)
[2018.09.03-15.42.55:083][725]LogModuleManager: Shutting down and abandoning module PackagesDialog (460)
[2018.09.03-15.42.55:084][725]LogModuleManager: Shutting down and abandoning module Persona (458)
[2018.09.03-15.42.55:091][725]LogModuleManager: Shutting down and abandoning module AdvancedPreviewScene (457)
[2018.09.03-15.42.55:092][725]LogModuleManager: Shutting down and abandoning module AnimGraph (455)
[2018.09.03-15.42.55:093][725]LogModuleManager: Shutting down and abandoning module Kismet (452)
[2018.09.03-15.42.55:250][725]LogModuleManager: Shutting down and abandoning module GraphEditor (450)
[2018.09.03-15.42.55:435][725]LogModuleManager: Shutting down and abandoning module ClassViewer (448)
[2018.09.03-15.42.55:438][725]LogModuleManager: Shutting down and abandoning module Toolbox (446)
[2018.09.03-15.42.55:438][725]LogModuleManager: Shutting down and abandoning module ModuleUI (444)
[2018.09.03-15.42.55:439][725]LogModuleManager: Shutting down and abandoning module MovieSceneTools (442)
[2018.09.03-15.42.55:446][725]LogModuleManager: Shutting down and abandoning module OutputLog (440)
[2018.09.03-15.42.55:447][725]LogModuleManager: Shutting down and abandoning module GammaUI (438)
[2018.09.03-15.42.55:447][725]LogModuleManager: Shutting down and abandoning module Documentation (436)
[2018.09.03-15.42.55:448][725]LogModuleManager: Shutting down and abandoning module MovieSceneTracks (434)
[2018.09.03-15.42.55:449][725]LogModuleManager: Shutting down and abandoning module MovieScene (432)
[2018.09.03-15.42.55:451][725]LogModuleManager: Shutting down and abandoning module StreamingPauseRendering (430)
[2018.09.03-15.42.55:451][725]LogModuleManager: Shutting down and abandoning module LauncherPlatform (428)
[2018.09.03-15.42.55:451][725]LogModuleManager: Shutting down and abandoning module AnalyticsET (426)
[2018.09.03-15.42.55:451][725]LogModuleManager: Shutting down and abandoning module PortalServices (424)
[2018.09.03-15.42.55:451][725]LogModuleManager: Shutting down and abandoning module PortalRpc (422)
[2018.09.03-15.42.55:451][725]LogModuleManager: Shutting down and abandoning module MessagingRpc (420)
[2018.09.03-15.42.55:452][725]LogModuleManager: Shutting down and abandoning module AIModule (418)
[2018.09.03-15.42.55:494][725]LogModuleManager: Shutting down and abandoning module GameplayDebugger (417)
[2018.09.03-15.42.55:497][725]LogModuleManager: Shutting down and abandoning module AITestSuite (415)
[2018.09.03-15.42.55:521][725]LogModuleManager: Shutting down and abandoning module NavigationSystem (413)
[2018.09.03-15.42.55:522][725]LogModuleManager: Shutting down and abandoning module DesktopPlatform (410)
[2018.09.03-15.42.55:523][725]LogModuleManager: Shutting down and abandoning module ProfilerService (408)
[2018.09.03-15.42.55:645][725]LogModuleManager: Shutting down and abandoning module TaskGraph (406)
[2018.09.03-15.42.55:649][725]LogModuleManager: Shutting down and abandoning module SubstanceLiveLink (404)
[2018.09.03-15.42.55:650][725]LogModuleManager: Shutting down and abandoning module SubstanceSource (402)
[2018.09.03-15.42.55:669][725]LogModuleManager: Shutting down and abandoning module SubstanceEditor (400)
[2018.09.03-15.42.55:688][725]LogModuleManager: Shutting down and abandoning module SteamVRController (398)
[2018.09.03-15.42.55:688][725]LogModuleManager: Shutting down and abandoning module ProceduralMeshComponentEditor (396)
[2018.09.03-15.42.55:688][725]LogModuleManager: Shutting down and abandoning module ProceduralMeshComponent (394)
[2018.09.03-15.42.55:688][725]LogModuleManager: Shutting down and abandoning module OculusInput (392)
[2018.09.03-15.42.55:688][725]LogModuleManager: Shutting down and abandoning module MobilePatchingUtils (390)
[2018.09.03-15.42.55:688][725]LogModuleManager: Shutting down and abandoning module EditableMesh (388)
[2018.09.03-15.42.55:690][725]LogModuleManager: Shutting down and abandoning module CustomMeshComponent (386)
[2018.09.03-15.42.55:690][725]LogModuleManager: Shutting down and abandoning module CableComponent (384)
[2018.09.03-15.42.55:690][725]LogModuleManager: Shutting down and abandoning module AudioCapture (382)
[2018.09.03-15.42.55:690][725]LogModuleManager: Shutting down and abandoning module ArchVisCharacter (380)
[2018.09.03-15.42.55:690][725]LogModuleManager: Shutting down and abandoning module AndroidPermission (378)
[2018.09.03-15.42.55:690][725]LogModuleManager: Shutting down and abandoning module NUTUnrealEngine4 (376)
[2018.09.03-15.42.55:690][725]LogModuleManager: Shutting down and abandoning module NetcodeUnitTest (374)
[2018.09.03-15.42.55:697][725]LogModuleManager: Shutting down and abandoning module MediaCompositingEditor (372)
[2018.09.03-15.42.55:698][725]LogModuleManager: Shutting down and abandoning module MediaCompositing (370)
[2018.09.03-15.42.55:698][725]LogModuleManager: Shutting down and abandoning module LinearTimecode (368)
[2018.09.03-15.42.55:698][725]LogModuleManager: Shutting down and abandoning module ImgMedia (366)
[2018.09.03-15.42.55:712][725]LogModuleManager: Shutting down and abandoning module HTML5Networking (364)
[2018.09.03-15.42.55:713][725]LogModuleManager: Shutting down and abandoning module GeometryCacheTracks (362)
[2018.09.03-15.42.55:713][725]LogModuleManager: Shutting down and abandoning module GeometryCacheSequencer (360)
[2018.09.03-15.42.55:714][725]LogModuleManager: Shutting down and abandoning module BackChannel (358)
[2018.09.03-15.42.55:714][725]LogModuleManager: Shutting down and abandoning module AppleVision (356)
[2018.09.03-15.42.55:714][725]LogModuleManager: Shutting down and abandoning module AppleImageUtils (354)
[2018.09.03-15.42.55:714][725]LogModuleManager: Shutting down and abandoning module AlembicImporter (352)
[2018.09.03-15.42.55:714][725]LogModuleManager: Shutting down and abandoning module AlembicLibrary (351)
[2018.09.03-15.42.55:715][725]LogModuleManager: Shutting down and abandoning module GeometryCache (350)
[2018.09.03-15.42.55:715][725]LogModuleManager: Shutting down and abandoning module GeometryCacheEd (349)
[2018.09.03-15.42.55:715][725]LogModuleManager: Shutting down and abandoning module DatasmithContentEditor (344)
[2018.09.03-15.42.55:743][725]LogModuleManager: Shutting down and abandoning module DatasmithContent (342)
[2018.09.03-15.42.55:746][725]LogModuleManager: Shutting down and abandoning module SpeedTreeImporter (340)
[2018.09.03-15.42.55:746][725]LogModuleManager: Shutting down and abandoning module PluginBrowser (338)
[2018.09.03-15.42.55:752][725]LogModuleManager: Shutting down and abandoning module MobileLauncherProfileWizard (336)
[2018.09.03-15.42.55:755][725]LogModuleManager: Shutting down and abandoning module PolygonModeling (334)
[2018.09.03-15.42.55:755][725]LogModuleManager: Shutting down and abandoning module MeshEditor (332)
[2018.09.03-15.42.55:757][725]LogModuleManager: Shutting down and abandoning module CryptoKeysOpenSSL (330)
[2018.09.03-15.42.55:758][725]LogModuleManager: Shutting down and abandoning module CryptoKeys (328)
[2018.09.03-15.42.55:758][725]LogModuleManager: Shutting down and abandoning module VisualStudioSourceCodeAccess (326)
[2018.09.03-15.42.55:759][725]LogModuleManager: Shutting down and abandoning module VisualStudioCodeSourceCodeAccess (324)
[2018.09.03-15.42.55:760][725]LogModuleManager: Shutting down and abandoning module UObjectPlugin (322)
[2018.09.03-15.42.55:760][725]LogModuleManager: Shutting down and abandoning module SubversionSourceControl (320)
[2018.09.03-15.42.55:780][725]LogModuleManager: Shutting down and abandoning module PerforceSourceControl (318)
[2018.09.03-15.42.55:794][725]LogModuleManager: Shutting down and abandoning module GitSourceControl (316)
[2018.09.03-15.42.55:798][725]LogModuleManager: Shutting down and abandoning module SourceControl (315)
[2018.09.03-15.42.55:800][725]LogModuleManager: Shutting down and abandoning module CLionSourceCodeAccess (312)
[2018.09.03-15.42.55:801][725]LogModuleManager: Shutting down and abandoning module LightPropagationVolumeEditor (310)
[2018.09.03-15.42.55:801][725]LogModuleManager: Shutting down and abandoning module PaperTiledImporter (308)
[2018.09.03-15.42.55:801][725]LogModuleManager: Shutting down and abandoning module PaperSpriteSheetImporter (306)
[2018.09.03-15.42.55:802][725]LogModuleManager: Shutting down and abandoning module Paper2DEditor (304)
[2018.09.03-15.42.55:808][725]LogModuleManager: Shutting down and abandoning module MeshPaint (303)
[2018.09.03-15.42.55:808][725]LogModuleManager: Shutting down and abandoning module RuntimePhysXCooking (300)
[2018.09.03-15.42.55:809][725]LogModuleManager: Shutting down and abandoning module PhysXVehiclesEditor (298)
[2018.09.03-15.42.55:809][725]LogModuleManager: Shutting down and abandoning module PhysXVehicles (296)
[2018.09.03-15.42.55:809][725]LogModuleManager: Shutting down and abandoning module OculusEditor (294)
[2018.09.03-15.42.55:810][725]LogModuleManager: Shutting down and abandoning module LocationServicesBPLibrary (292)
[2018.09.03-15.42.55:810][725]LogModuleManager: Shutting down and abandoning module ImmediatePhysicsEditor (290)
[2018.09.03-15.42.55:810][725]LogModuleManager: Shutting down and abandoning module ImmediatePhysics (288)
[2018.09.03-15.42.55:811][725]LogModuleManager: Shutting down and abandoning module ActorSequence (286)
[2018.09.03-15.42.55:811][725]LogModuleManager: Shutting down and abandoning module UdpMessaging (284)
[2018.09.03-15.42.55:912][725]LogModuleManager: Shutting down and abandoning module TcpMessaging (282)
[2018.09.03-15.42.56:016][725]LogModuleManager: Shutting down and abandoning module SubstanceCore (280)
[2018.09.03-15.42.56:292][725]LogModuleManager: Shutting down and abandoning module MagicLeapAudio (278)
[2018.09.03-15.42.56:292][725]LogModuleManager: Shutting down and abandoning module GameplayTagsEditor (276)
[2018.09.03-15.42.56:294][725]LogModuleManager: Shutting down and abandoning module FacialAnimationEditor (274)
[2018.09.03-15.42.56:295][725]LogModuleManager: Shutting down and abandoning module FacialAnimation (272)
[2018.09.03-15.42.56:295][725]LogModuleManager: Shutting down and abandoning module DataValidation (270)
[2018.09.03-15.42.56:296][725]LogModuleManager: Shutting down and abandoning module AssetManagerEditor (268)
[2018.09.03-15.42.56:313][725]LogModuleManager: Shutting down and abandoning module LevelEditor (267)
[2018.09.03-15.42.56:386][725]LogModuleManager: Shutting down and abandoning module PixelInspectorModule (266)
[2018.09.03-15.42.56:389][725]LogModuleManager: Shutting down and abandoning module CommonMenuExtensions (264)
[2018.09.03-15.42.56:391][725]LogModuleManager: Shutting down and abandoning module MainFrame (262)
[2018.09.03-15.42.56:392][725]LogModuleManager: Shutting down and abandoning module HotReload (261)
[2018.09.03-15.42.56:407][725]LogModuleManager: Shutting down and abandoning module ContentBrowser (257)
[2018.09.03-15.42.56:481][725]LogModuleManager: Shutting down and abandoning module TreeMap (255)
[2018.09.03-15.42.56:482][725]LogModuleManager: Shutting down and abandoning module LightPropagationVolumeRuntime (252)
[2018.09.03-15.42.56:482][725]LogModuleManager: Shutting down and abandoning module AISupportModule (250)
[2018.09.03-15.42.56:482][725]LogModuleManager: Shutting down and abandoning module Paper2D (248)
[2018.09.03-15.42.56:483][725]LogModuleManager: Shutting down and abandoning module WindowsMoviePlayer (246)
[2018.09.03-15.42.56:486][725]LogModuleManager: Shutting down and abandoning module WmfMedia (244)
[2018.09.03-15.42.56:493][725]LogModuleManager: Shutting down and abandoning module Media (243)
[2018.09.03-15.42.56:502][725]LogModuleManager: Shutting down and abandoning module PacketHandler (240)
[2018.09.03-15.42.56:502][725]LogModuleManager: Shutting down and abandoning module ClothingSystemEditor (238)
[2018.09.03-15.42.56:508][725]LogModuleManager: Shutting down and abandoning module ClothingSystemRuntime (236)
[2018.09.03-15.42.56:513][725]LogModuleManager: Shutting down and abandoning module MediaAssets (234)
[2018.09.03-15.42.56:514][725]LogModuleManager: Shutting down and abandoning module Overlay (232)
[2018.09.03-15.42.56:514][725]LogModuleManager: Shutting down and abandoning module OverlayEditor (231)
[2018.09.03-15.42.56:514][725]LogModuleManager: Shutting down and abandoning module VREditor (228)
[2018.09.03-15.42.56:515][725]LogModuleManager: Shutting down and abandoning module StringTableEditor (226)
[2018.09.03-15.42.56:517][725]LogModuleManager: Shutting down and abandoning module GameplayTasksEditor (224)
[2018.09.03-15.42.56:517][725]LogModuleManager: Shutting down and abandoning module BehaviorTreeEditor (222)
[2018.09.03-15.42.56:521][725]LogModuleManager: Shutting down and abandoning module FunctionalTesting (220)
[2018.09.03-15.42.56:522][725]LogModuleManager: Shutting down and abandoning module CollisionAnalyzer (218)
[2018.09.03-15.42.56:528][725]LogModuleManager: Shutting down and abandoning module WorkspaceMenuStructure (217)
[2018.09.03-15.42.56:533][725]LogModuleManager: Shutting down and abandoning module UMG (214)
[2018.09.03-15.42.56:556][725]LogModuleManager: Shutting down and abandoning module UMGEditor (213)
[2018.09.03-15.42.56:560][725]LogModuleManager: Shutting down and abandoning module Sequencer (212)
[2018.09.03-15.42.56:588][725]LogModuleManager: Shutting down and abandoning module MessageLog (209)
[2018.09.03-15.42.56:589][725]LogModuleManager: Shutting down and abandoning module SlateReflector (204)
[2018.09.03-15.42.56:613][725]LogModuleManager: Shutting down and abandoning module Slate (202)
[2018.09.03-15.42.56:614][725]LogModuleManager: Shutting down and abandoning module EditorStyle (200)
[2018.09.03-15.42.56:669][725]LogModuleManager: Shutting down and abandoning module MRMesh (198)
[2018.09.03-15.42.56:671][725]LogModuleManager: Shutting down and abandoning module SourceCodeAccess (196)
[2018.09.03-15.42.56:671][725]LogModuleManager: Shutting down and abandoning module HeadMountedDisplay (194)
[2018.09.03-15.42.56:672][725]LogModuleManager: Shutting down and abandoning module XAudio2 (192)
[2018.09.03-15.42.56:673][725]LogModuleManager: Shutting down and abandoning module Networking (190)
[2018.09.03-15.42.56:673][725]LogModuleManager: Shutting down and abandoning module Core (188)
[2018.09.03-15.42.56:673][725]LogModuleManager: Shutting down and abandoning module LevelSequence (186)
[2018.09.03-15.42.56:673][725]LogModuleManager: Shutting down and abandoning module KismetCompiler (184)
[2018.09.03-15.42.56:674][725]LogModuleManager: Shutting down and abandoning module MeshUtilities (182)
[2018.09.03-15.42.56:677][725]LogModuleManager: Shutting down and abandoning module MeshMergeUtilities (181)
[2018.09.03-15.42.56:680][725]LogModuleManager: Shutting down and abandoning module MeshReductionInterface (180)
[2018.09.03-15.42.56:680][725]LogModuleManager: Shutting down and abandoning module SimplygonSwarm (179)
[2018.09.03-15.42.56:682][725]LogModuleManager: Shutting down and abandoning module ProxyLODMeshReduction (177)
[2018.09.03-15.42.56:701][725]LogModuleManager: Shutting down and abandoning module SimplygonMeshReduction (175)
[2018.09.03-15.42.56:703][725]LogModuleManager: Shutting down and abandoning module QuadricMeshReduction (173)
[2018.09.03-15.42.56:703][725]LogModuleManager: Shutting down and abandoning module MaterialBaking (169)
[2018.09.03-15.42.56:705][725]LogModuleManager: Shutting down and abandoning module DirectoryWatcher (165)
[2018.09.03-15.42.56:749][725]LogModuleManager: Shutting down and abandoning module DerivedDataCache (162)
[2018.09.03-15.42.56:770][725]LogDerivedDataCache: Shutdown
[2018.09.03-15.42.56:770][725]LogModuleManager: Shutting down and abandoning module XGEController (160)
[2018.09.03-15.42.56:771][725]LogXGEController: Cleaning working directory: C:/Users/mikey/AppData/Local/Temp/UnrealXGEWorkingDir/
[2018.09.03-15.42.56:800][725]LogModuleManager: Shutting down and abandoning module TargetPlatform (158)
[2018.09.03-15.42.56:815][725]LogModuleManager: Shutting down and abandoning module VulkanShaderFormat (157)
[2018.09.03-15.42.56:816][725]LogModuleManager: Shutting down and abandoning module ShaderFormatVectorVM (155)
[2018.09.03-15.42.56:817][725]LogModuleManager: Shutting down and abandoning module ShaderFormatOpenGL (153)
[2018.09.03-15.42.56:818][725]LogModuleManager: Shutting down and abandoning module ShaderFormatD3D (151)
[2018.09.03-15.42.56:819][725]LogModuleManager: Shutting down and abandoning module MetalShaderFormat (149)
[2018.09.03-15.42.56:821][725]LogModuleManager: Shutting down and abandoning module TextureFormatUncompressed (147)
[2018.09.03-15.42.56:821][725]LogModuleManager: Shutting down and abandoning module TextureFormatPVR (145)
[2018.09.03-15.42.56:821][725]LogModuleManager: Shutting down and abandoning module TextureFormatDXT (143)
[2018.09.03-15.42.56:821][725]LogModuleManager: Shutting down and abandoning module TextureFormatIntelISPCTexComp (141)
[2018.09.03-15.42.56:824][725]LogModuleManager: Shutting down and abandoning module TextureFormatASTC (139)
[2018.09.03-15.42.56:824][725]LogModuleManager: Shutting down and abandoning module ImageWrapper (138)
[2018.09.03-15.42.56:824][725]LogModuleManager: Shutting down and abandoning module TextureFormatAndroid (135)
[2018.09.03-15.42.56:825][725]LogModuleManager: Shutting down and abandoning module AudioFormatOpus (133)
[2018.09.03-15.42.56:825][725]LogModuleManager: Shutting down and abandoning module AudioFormatOgg (131)
[2018.09.03-15.42.56:825][725]LogModuleManager: Shutting down and abandoning module AudioFormatADPCM (129)
[2018.09.03-15.42.56:825][725]LogModuleManager: Shutting down and abandoning module LuminTargetPlatform (127)
[2018.09.03-15.42.56:826][725]LogModuleManager: Shutting down and abandoning module LinuxTargetPlatform (125)
[2018.09.03-15.42.56:835][725]LogModuleManager: Shutting down and abandoning module LinuxServerTargetPlatform (123)
[2018.09.03-15.42.56:836][725]LogModuleManager: Shutting down and abandoning module LinuxNoEditorTargetPlatform (121)
[2018.09.03-15.42.56:847][725]LogModuleManager: Shutting down and abandoning module LinuxClientTargetPlatform (119)
[2018.09.03-15.42.56:848][725]LogModuleManager: Shutting down and abandoning module TVOSTargetPlatform (117)
[2018.09.03-15.42.57:109][725]LogModuleManager: Shutting down and abandoning module Messaging (115)
[2018.09.03-15.42.57:109][725]LogModuleManager: Shutting down and abandoning module IOSTargetPlatform (113)
[2018.09.03-15.42.57:192][725]LogModuleManager: Shutting down and abandoning module HTML5TargetPlatform (111)
[2018.09.03-15.42.57:193][725]LogModuleManager: Shutting down and abandoning module AndroidTargetPlatform (109)
[2018.09.03-15.42.57:620][725]LogModuleManager: Shutting down and abandoning module WindowsTargetPlatform (107)
[2018.09.03-15.42.57:621][725]LogModuleManager: Shutting down and abandoning module WindowsServerTargetPlatform (105)
[2018.09.03-15.42.57:621][725]LogModuleManager: Shutting down and abandoning module WindowsNoEditorTargetPlatform (103)
[2018.09.03-15.42.57:622][725]LogModuleManager: Shutting down and abandoning module WindowsClientTargetPlatform (101)
[2018.09.03-15.42.57:639][725]LogModuleManager: Shutting down and abandoning module MacTargetPlatform (99)
[2018.09.03-15.42.57:656][725]LogModuleManager: Shutting down and abandoning module MacServerTargetPlatform (97)
[2018.09.03-15.42.57:657][725]LogModuleManager: Shutting down and abandoning module MacNoEditorTargetPlatform (95)
[2018.09.03-15.42.57:658][725]LogModuleManager: Shutting down and abandoning module MacClientTargetPlatform (93)
[2018.09.03-15.42.57:658][725]LogModuleManager: Shutting down and abandoning module AllDesktopTargetPlatform (91)
[2018.09.03-15.42.57:658][725]LogModuleManager: Shutting down and abandoning module InputCore (88)
[2018.09.03-15.42.57:659][725]LogModuleManager: Shutting down and abandoning module Settings (86)
[2018.09.03-15.42.57:690][725]LogModuleManager: Shutting down and abandoning module PhysXCooking (84)
[2018.09.03-15.42.57:690][725]LogModuleManager: Shutting down and abandoning module SteamVR (82)
[2018.09.03-15.42.57:691][725]LogModuleManager: Shutting down and abandoning module OculusHMD (80)
[2018.09.03-15.42.57:693][725]LogModuleManager: Shutting down and abandoning module ExampleDeviceProfileSelector (78)
[2018.09.03-15.42.57:693][725]LogModuleManager: Shutting down and abandoning module LauncherChunkInstaller (76)
[2018.09.03-15.42.57:705][725]LogModuleManager: Shutting down and abandoning module OnlineBlueprintSupport (74)
[2018.09.03-15.42.57:705][725]LogModuleManager: Shutting down and abandoning module OnlineSubsystem (70)
[2018.09.03-15.42.57:721][725]LogModuleManager: Shutting down and abandoning module XMPP (65)
[2018.09.03-15.42.57:772][725]LogModuleManager: Shutting down and abandoning module WebSockets (64)
[2018.09.03-15.42.57:819][725]LogModuleManager: Shutting down and abandoning module HTTP (61)
[2018.09.03-15.42.57:819][725]LogHttp: Display: Http module shutting down, but needs to wait on 1 outstanding Http requests:
[2018.09.03-15.42.57:820][725]LogHttp: Display: 	verb=[POST] url=[https://datarouter.ol.epicgames.com/datarouter/api/v1/public/data?SessionID=%7B678DF8A1-407A-3669-FE4B-1387EF231752%7D&AppID=UEEditor.Rocket.Release&AppVersion=4.20.0-4212847%2B%2B%2BUE4%2BRelease-4.20&UserID=31027a594662a0b97be24a9d90c3d532%7C9aea4035aae84fc6a50e2bbd0bcac9c5%7C272cb1e4-9c96-41d3-8475-4726cc712451&AppEnvironment=datacollector-binary&UploadType=eteventstream] status=Processing
[2018.09.03-15.42.57:869][725]LogModuleManager: Shutting down and abandoning module SSL (60)
[2018.09.03-15.42.57:882][725]LogModuleManager: Shutting down and abandoning module MagicLeapEmulator (56)
[2018.09.03-15.42.57:882][725]LogModuleManager: Shutting down and abandoning module MagicLeapPrivileges (54)
[2018.09.03-15.42.57:882][725]LogModuleManager: Shutting down and abandoning module MagicLeapIdentity (52)
[2018.09.03-15.42.57:882][725]LogModuleManager: Shutting down and abandoning module MagicLeapHelperVulkan (50)
[2018.09.03-15.42.57:882][725]LogModuleManager: Shutting down and abandoning module MagicLeapHelperOpenGL (48)
[2018.09.03-15.42.57:882][725]LogModuleManager: Shutting down and abandoning module MagicLeapSecureStorage (46)
[2018.09.03-15.42.57:882][725]LogModuleManager: Shutting down and abandoning module MagicLeapGestures (44)
[2018.09.03-15.42.57:884][725]LogModuleManager: Shutting down and abandoning module MagicLeapEyeTracker (42)
[2018.09.03-15.42.57:885][725]LogModuleManager: Shutting down and abandoning module MagicLeapController (40)
[2018.09.03-15.42.57:914][725]LogSlate: Slate User Destroyed.  User Index 0, Is Virtual User: 0
[2018.09.03-15.42.57:914][725]LogModuleManager: Shutting down and abandoning module MagicLeap (38)
[2018.09.03-15.42.57:918][725]LogModuleManager: Shutting down and abandoning module AnimationModifiers (36)
[2018.09.03-15.42.57:922][725]LogModuleManager: Shutting down and abandoning module PropertyEditor (35)
[2018.09.03-15.42.57:963][725]LogModuleManager: Shutting down and abandoning module AudioEditor (32)
[2018.09.03-15.42.57:967][725]LogModuleManager: Shutting down and abandoning module TextureCompressor (30)
[2018.09.03-15.42.57:997][725]LogModuleManager: Shutting down and abandoning module ShaderCore (28)
[2018.09.03-15.42.57:997][725]LogModuleManager: Shutting down and abandoning module Landscape (26)
[2018.09.03-15.42.57:998][725]LogModuleManager: Shutting down and abandoning module SlateRHIRenderer (24)
[2018.09.03-15.42.58:125][725]LogModuleManager: Shutting down and abandoning module OpenGLDrv (22)
[2018.09.03-15.42.58:155][725]LogModuleManager: Shutting down and abandoning module D3D11RHI (20)
[2018.09.03-15.42.58:155][725]LogModuleManager: Shutting down and abandoning module AnimGraphRuntime (18)
[2018.09.03-15.42.58:157][725]LogModuleManager: Shutting down and abandoning module Renderer (16)
[2018.09.03-15.42.58:157][725]LogModuleManager: Shutting down and abandoning module Engine (14)
[2018.09.03-15.42.58:157][725]LogModuleManager: Shutting down and abandoning module CoreUObject (12)
[2018.09.03-15.42.58:157][725]LogModuleManager: Shutting down and abandoning module NetworkFile (10)
[2018.09.03-15.42.58:158][725]LogModuleManager: Shutting down and abandoning module CookedIterativeFile (8)
[2018.09.03-15.42.58:158][725]LogModuleManager: Shutting down and abandoning module StreamingFile (6)
[2018.09.03-15.42.58:159][725]LogModuleManager: Shutting down and abandoning module SandboxFile (4)
[2018.09.03-15.42.58:159][725]LogModuleManager: Shutting down and abandoning module PakFile (2)
[2018.09.03-15.42.58:195][725]LogExit: Exiting.
[2018.09.03-15.42.58:417][725]Log file closed, 09/03/18 16:42:58
