Log file open, 09/02/18 20:42:50
LogWindows: Failed to load 'aqProf.dll' (GetLastError=126)
LogWindows: File 'aqProf.dll' does not exist
LogWindows: Failed to load 'VtuneApi.dll' (GetLastError=126)
LogWindows: File 'VtuneApi.dll' does not exist
LogWindows: Failed to load 'VtuneApi32e.dll' (GetLastError=126)
LogWindows: File 'VtuneApi32e.dll' does not exist
LogInit: Display: Running engine for game: BeyondHuman
LogPlatformFile: Not using cached read wrapper
LogTaskGraph: Started task graph with 5 named threads and 23 total threads with 3 sets of task threads.
LogStats: Stats thread started at 0.292209
LogD3D11RHI: Loaded GFSDK_Aftermath_Lib.x64.dll
LogICUInternationalization: Display: ICU TimeZone Detection - Raw Offset: +0:00, Platform Override: ''
LogPluginManager: Mounting plugin Paper2D
LogPluginManager: Mounting plugin AISupport
LogPluginManager: Mounting plugin LightPropagationVolume
LogPluginManager: Mounting plugin CLionSourceCodeAccess
LogPluginManager: Mounting plugin CodeLiteSourceCodeAccess
LogPluginManager: Mounting plugin GitSourceControl
LogPluginManager: Mounting plugin KDevelopSourceCodeAccess
LogPluginManager: Mounting plugin NullSourceCodeAccess
LogPluginManager: Mounting plugin PerforceSourceControl
LogPluginManager: Mounting plugin SubversionSourceControl
LogPluginManager: Mounting plugin UObjectPlugin
LogPluginManager: Mounting plugin VisualStudioCodeSourceCodeAccess
LogPluginManager: Mounting plugin VisualStudioSourceCodeAccess
LogPluginManager: Mounting plugin XCodeSourceCodeAccess
LogPluginManager: Mounting plugin AssetManagerEditor
LogPluginManager: Mounting plugin CryptoKeys
LogPluginManager: Mounting plugin DataValidation
LogPluginManager: Mounting plugin FacialAnimation
LogPluginManager: Mounting plugin GameplayTagsEditor
LogPluginManager: Mounting plugin MacGraphicsSwitching
LogPluginManager: Mounting plugin MeshEditor
LogPluginManager: Mounting plugin MobileLauncherProfileWizard
LogPluginManager: Mounting plugin PluginBrowser
LogPluginManager: Mounting plugin SpeedTreeImporter
LogPluginManager: Mounting plugin DatasmithContent
LogPluginManager: Mounting plugin AlembicImporter
LogPluginManager: Mounting plugin AppleImageUtils
LogPluginManager: Mounting plugin AppleVision
LogPluginManager: Mounting plugin BackChannel
LogPluginManager: Mounting plugin CharacterAI
LogPluginManager: Mounting plugin GeometryCache
LogPluginManager: Mounting plugin HTML5Networking
LogPluginManager: Mounting plugin ProxyLODPlugin
LogPluginManager: Mounting plugin MagicLeap
LogPluginManager: Mounting plugin MagicLeapEmulator
LogPluginManager: Mounting plugin MagicLeapMedia
LogPluginManager: Mounting plugin Substance
LogPluginManager: Mounting plugin AndroidMedia
LogPluginManager: Mounting plugin AvfMedia
LogPluginManager: Mounting plugin ImgMedia
LogPluginManager: Mounting plugin LinearTimecode
LogPluginManager: Mounting plugin MediaCompositing
LogPluginManager: Mounting plugin MediaPlayerEditor
LogPluginManager: Mounting plugin WmfMedia
LogPluginManager: Mounting plugin TcpMessaging
LogPluginManager: Mounting plugin UdpMessaging
LogPluginManager: Mounting plugin ActorSequence
LogPluginManager: Mounting plugin LevelSequenceEditor
LogPluginManager: Mounting plugin MatineeToLevelSequence
LogPluginManager: Mounting plugin NetcodeUnitTest
LogPluginManager: Mounting plugin NUTUnrealEngine4
LogPluginManager: Mounting plugin OnlineSubsystemGooglePlay
LogPluginManager: Mounting plugin OnlineSubsystemIOS
LogPluginManager: Mounting plugin OnlineSubsystem
LogPluginManager: Mounting plugin OnlineSubsystemNull
LogPluginManager: Mounting plugin OnlineSubsystemUtils
LogPluginManager: Mounting plugin LauncherChunkInstaller
LogPluginManager: Mounting plugin AndroidDeviceProfileSelector
LogPluginManager: Mounting plugin AndroidMoviePlayer
LogPluginManager: Mounting plugin AndroidPermission
LogPluginManager: Mounting plugin AppleMoviePlayer
LogPluginManager: Mounting plugin ArchVisCharacter
LogPluginManager: Mounting plugin AudioCapture
LogPluginManager: Mounting plugin CableComponent
LogPluginManager: Mounting plugin CustomMeshComponent
LogPluginManager: Mounting plugin EditableMesh
LogPluginManager: Mounting plugin ExampleDeviceProfileSelector
LogPluginManager: Mounting plugin GoogleCloudMessaging
LogPluginManager: Mounting plugin ImmediatePhysics
LogPluginManager: Mounting plugin IOSDeviceProfileSelector
LogPluginManager: Mounting plugin LinuxDeviceProfileSelector
LogPluginManager: Mounting plugin LocationServicesBPLibrary
LogPluginManager: Mounting plugin MobilePatchingUtils
LogPluginManager: Mounting plugin OculusVR
LogPluginManager: Plugin shader directory ../../../Engine/Plugins/Runtime/Oculus/OculusVR/Shaders found
LogPluginManager: Mapping shader source directory ../../../Engine/Plugins/Runtime/Oculus/OculusVR/Shaders to virtual directory /Plugin/OculusVR
LogPluginManager: Mounting plugin PhysXVehicles
LogPluginManager: Mounting plugin ProceduralMeshComponent
LogPluginManager: Mounting plugin RuntimePhysXCooking
LogPluginManager: Mounting plugin SteamVR
LogPluginManager: Mounting plugin WindowsMoviePlayer
LogStreaming: Display: Took  0.118s to configure plugins.
LogInit: Using libcurl 7.55.1-DEV
LogInit:  - built for x86_64-pc-win32
LogInit:  - supports SSL with OpenSSL/1.0.2h
LogInit:  - supports HTTP deflate (compression) using libz 1.2.8
LogInit:  - other features:
LogInit:      CURL_VERSION_SSL
LogInit:      CURL_VERSION_LIBZ
LogInit:      CURL_VERSION_IPV6
LogInit:      CURL_VERSION_ASYNCHDNS
LogInit:      CURL_VERSION_LARGEFILE
LogInit:      CURL_VERSION_IDN
LogInit:  CurlRequestOptions (configurable via config and command line):
LogInit:  - bVerifyPeer = false  - Libcurl will NOT verify peer certificate
LogInit:  - bUseHttpProxy = false  - Libcurl will NOT use HTTP proxy
LogInit:  - bDontReuseConnections = false  - Libcurl will reuse connections
LogInit:  - CertBundlePath = nullptr  - Libcurl will use whatever was configured at build time.
LogInit:  - MaxHostConnections = 16  - Libcurl will limit the number of connections to a host
LogInit:  - LocalHostAddr = Default
LogInit:  - BufferSize = 65536
LogInit: WinSock: version 1.1 (2.2), MaxSocks=32767, MaxUdp=65467
LogInit: Build: ++UE4+Release-4.20-CL-4212847
LogInit: Engine Version: 4.20.0-4212847+++UE4+Release-4.20
LogInit: Compatible Engine Version: 4.20.0-4212847+++UE4+Release-4.20
LogInit: Net CL: 4212847
LogInit: OS: Windows 10 (), CPU:        Intel(R) Core(TM) i7-2600K CPU @ 3.40GHz, GPU: NVIDIA GeForce GTX 970
LogInit: Compiled (64-bit): Jul 14 2018 09:51:14
LogInit: Compiled with Visual C++: 19.13.26129.00
LogInit: Build Configuration: Development
LogInit: Branch Name: ++UE4+Release-4.20
LogInit: Command Line:  
LogInit: Base Directory: C:/Program Files/Epic Games/UE_4.20/Engine/Binaries/Win64/
LogInit: Installed Engine Build: 1
LogDevObjectVersion: Number of dev versions registered: 20
LogDevObjectVersion:   Dev-Blueprints (B0D832E4-1F89-4F0D-ACCF-7EB736FD4AA2): 10
LogDevObjectVersion:   Dev-Build (E1C64328-A22C-4D53-A36C-8E866417BD8C): 0
LogDevObjectVersion:   Dev-Core (375EC13C-06E4-48FB-B500-84F0262A717E): 2
LogDevObjectVersion:   Dev-Editor (E4B068ED-F494-42E9-A231-DA0B2E46BB41): 24
LogDevObjectVersion:   Dev-Framework (CFFC743F-43B0-4480-9391-14DF171D2073): 34
LogDevObjectVersion:   Dev-Mobile (B02B49B5-BB20-44E9-A304-32B752E40360): 2
LogDevObjectVersion:   Dev-Networking (A4E4105C-59A1-49B5-A7C5-40C4547EDFEE): 0
LogDevObjectVersion:   Dev-Online (39C831C9-5AE6-47DC-9A44-9C173E1C8E7C): 0
LogDevObjectVersion:   Dev-Physics (78F01B33-EBEA-4F98-B9B4-84EACCB95AA2): 0
LogDevObjectVersion:   Dev-Platform (6631380F-2D4D-43E0-8009-CF276956A95A): 0
LogDevObjectVersion:   Dev-Rendering (12F88B9F-8875-4AFC-A67C-D90C383ABD29): 26
LogDevObjectVersion:   Dev-Sequencer (7B5AE74C-D270-4C10-A958-57980B212A5A): 9
LogDevObjectVersion:   Dev-VR (D7296918-1DD6-4BDD-9DE2-64A83CC13884): 2
LogDevObjectVersion:   Dev-LoadTimes (C2A15278-BFE7-4AFE-6C17-90FF531DF755): 1
LogDevObjectVersion:   Private-Geometry (6EACA3D4-40EC-4CC1-B786-8BED09428FC5): 3
LogDevObjectVersion:   Dev-AnimPhys (29E575DD-E0A3-4627-9D10-D276232CDCEA): 17
LogDevObjectVersion:   Dev-ReflectionCapture (6B266CEC-1EC7-4B8F-A30B-E4D90942FC07): 1
LogDevObjectVersion:   Dev-Automation (0DF73D61-A23F-47EA-B727-89E90C41499A): 1
LogDevObjectVersion:   FortniteMain (601D1886-AC64-4F84-AA16-D3DE0DEAC7D6): 12
LogDevObjectVersion:   Dev-Enterprise (9DFFBCD6-494F-0158-E221-12823C92A888): 1
LogStreaming: Display: Took  0.003s to delete old logs.
LogInit: Presizing for max 8388607 objects, including 0 objects not considered by GC, pre-allocating 0 bytes for permanent pool.
LogInit: Object subsystem initialized
[2018.09.02-19.42.51:055][  0]LogInit: Selected Device Profile: [Windows]
[2018.09.02-19.42.51:055][  0]LogInit: Applying CVar settings loaded from the selected device profile: [Windows]
[2018.09.02-19.42.51:072][  0]LogHAL: Display: Platform has ~ 16 GB [17160146944 / 17179869184 / 16], which maps to Larger [LargestMinGB=32, LargerMinGB=12, DefaultMinGB=8, SmallerMinGB=6, SmallestMinGB=0)
[2018.09.02-19.42.51:073][  0]LogInit: Setting Device Profile CVar: [[r.Vulkan.UseRealUBs:1]]
[2018.09.02-19.42.51:073][  0]LogInit: Going up to parent DeviceProfile []
[2018.09.02-19.42.51:073][  0]LogInit: Computer: DESKTOP-45O6R3R
[2018.09.02-19.42.51:073][  0]LogInit: User: mikey
[2018.09.02-19.42.51:073][  0]LogInit: CPU Page size=4096, Cores=4
[2018.09.02-19.42.51:073][  0]LogInit: High frequency timer resolution =3.331181 MHz
[2018.09.02-19.42.51:073][  0]LogMemory: Memory total: Physical=16.0GB (16GB approx)
[2018.09.02-19.42.51:073][  0]LogMemory: Platform Memory Stats for Windows
[2018.09.02-19.42.51:073][  0]LogMemory: Process Physical Memory: 100.07 MB used, 100.07 MB peak
[2018.09.02-19.42.51:073][  0]LogMemory: Process Virtual Memory: 91.09 MB used, 91.09 MB peak
[2018.09.02-19.42.51:073][  0]LogMemory: Physical Memory: 11256.97 MB used,  5108.22 MB free, 16365.19 MB total
[2018.09.02-19.42.51:073][  0]LogMemory: Virtual Memory: 4640.43 MB used,  5108.22 MB free, 134217728.00 MB total
[2018.09.02-19.42.51:109][  0]LogInit: Using OS detected language (en-US).
[2018.09.02-19.42.51:109][  0]LogInit: Using OS detected locale (en-GB).
[2018.09.02-19.42.51:110][  0]LogTextLocalizationManager: No specific localization for 'en-US' exists, so the 'en' localization will be used.
[2018.09.02-19.42.51:560][  0]LogStreaming: Display: Took  0.452s to InitEngineTextLocalization.
[2018.09.02-19.42.51:561][  0]LogInit: Setting process to per monitor DPI aware
[2018.09.02-19.42.51:612][  0]LogSlate: New Slate User Created.  User Index 0, Is Virtual User: 0
[2018.09.02-19.42.51:612][  0]LogSlate: Slate User Registered.  User Index 0, Is Virtual User: 0
[2018.09.02-19.42.52:081][  0]LogHMD: Failed to initialize OpenVR with code 126
[2018.09.02-19.42.52:081][  0]LogD3D11RHI: D3D11 adapters:
[2018.09.02-19.42.52:143][  0]LogD3D11RHI:    0. 'NVIDIA GeForce GTX 970' (Feature Level 11_0)
[2018.09.02-19.42.52:143][  0]LogD3D11RHI:       4058/0/8182 MB DedicatedVideo/DedicatedSystem/SharedSystem, Outputs:3, VendorId:0x10de
[2018.09.02-19.42.52:146][  0]LogD3D11RHI:    1. 'Microsoft Basic Render Driver' (Feature Level 11_0)
[2018.09.02-19.42.52:146][  0]LogD3D11RHI:       0/0/8182 MB DedicatedVideo/DedicatedSystem/SharedSystem, Outputs:0, VendorId:0x1414
[2018.09.02-19.42.52:146][  0]LogD3D11RHI: Chosen D3D11 Adapter: 0
[2018.09.02-19.42.52:152][  0]LogD3D11RHI: Creating new Direct3DDevice
[2018.09.02-19.42.52:152][  0]LogD3D11RHI:     GPU DeviceId: 0x13c2 (for the marketing name, search the web for "GPU Device Id")
[2018.09.02-19.42.52:153][  0]LogWindows: EnumDisplayDevices:
[2018.09.02-19.42.52:153][  0]LogWindows:    0. 'NVIDIA GeForce GTX 970' (P:1 D:1)
[2018.09.02-19.42.52:153][  0]LogWindows:    1. 'NVIDIA GeForce GTX 970' (P:0 D:1)
[2018.09.02-19.42.52:153][  0]LogWindows:    2. 'NVIDIA GeForce GTX 970' (P:0 D:1)
[2018.09.02-19.42.52:153][  0]LogWindows:    3. 'NVIDIA GeForce GTX 970' (P:0 D:0)
[2018.09.02-19.42.52:153][  0]LogWindows: DebugString: FoundDriverCount:4 
[2018.09.02-19.42.52:154][  0]LogD3D11RHI:     Adapter Name: NVIDIA GeForce GTX 970
[2018.09.02-19.42.52:154][  0]LogD3D11RHI:   Driver Version: 388.13 (internal:23.21.13.8813, unified:388.13)
[2018.09.02-19.42.52:154][  0]LogD3D11RHI:      Driver Date: 10-27-2017
[2018.09.02-19.42.52:154][  0]LogRHI: Texture pool is 2840 MB (70% of 4058 MB)
[2018.09.02-19.42.52:191][  0]LogD3D11RHI: Async texture creation enabled
[2018.09.02-19.42.52:213][  0]LogD3D11RHI: GPU Timing Frequency: 1000.000000 (Debug: 2 1)
[2018.09.02-19.42.52:358][  0]LogShaderCompilers: Guid format shader working directory is 15 characters bigger than the processId version (E:/Unreal Projects/BeyondHuman/Intermediate/Shaders/WorkingDirectory/10104/).
[2018.09.02-19.42.52:359][  0]LogShaderCompilers: Cleaned the shader compiler working directory 'C:/Users/mikey/AppData/Local/Temp/UnrealShaderWorkingDir/BF48E35E4C051C88DB4CA2B9704D8808/'.
[2018.09.02-19.42.52:786][  0]LogTemp: Display: Loaded TP AllDesktopTargetPlatform
[2018.09.02-19.42.52:803][  0]LogTemp: Display: Loaded TP MacClientTargetPlatform
[2018.09.02-19.42.52:819][  0]LogTemp: Display: Loaded TP MacNoEditorTargetPlatform
[2018.09.02-19.42.52:835][  0]LogTemp: Display: Loaded TP MacServerTargetPlatform
[2018.09.02-19.42.52:852][  0]LogTemp: Display: Loaded TP MacTargetPlatform
[2018.09.02-19.42.52:868][  0]LogTemp: Display: Loaded TP WindowsClientTargetPlatform
[2018.09.02-19.42.52:884][  0]LogTemp: Display: Loaded TP WindowsNoEditorTargetPlatform
[2018.09.02-19.42.52:901][  0]LogTemp: Display: Loaded TP WindowsServerTargetPlatform
[2018.09.02-19.42.52:909][  0]LogTemp: Display: Loaded TP WindowsTargetPlatform
[2018.09.02-19.42.52:998][  0]LogTemp: Display: Loaded TP AndroidTargetPlatform
[2018.09.02-19.42.52:998][  0]LogTemp: Display: Loaded TP AndroidTargetPlatform
[2018.09.02-19.42.52:998][  0]LogTemp: Display: Loaded TP AndroidTargetPlatform
[2018.09.02-19.42.52:998][  0]LogTemp: Display: Loaded TP AndroidTargetPlatform
[2018.09.02-19.42.52:998][  0]LogTemp: Display: Loaded TP AndroidTargetPlatform
[2018.09.02-19.42.52:998][  0]LogTemp: Display: Loaded TP AndroidTargetPlatform
[2018.09.02-19.42.52:998][  0]LogTemp: Display: Loaded TP AndroidTargetPlatform
[2018.09.02-19.42.52:998][  0]LogTemp: Display: Loaded TP AndroidTargetPlatform
[2018.09.02-19.42.52:998][  0]LogTemp: Display: Loaded TP AndroidTargetPlatform
[2018.09.02-19.42.52:998][  0]LogTemp: Display: Loaded TP AndroidTargetPlatform
[2018.09.02-19.42.52:998][  0]LogTemp: Display: Loaded TP AndroidTargetPlatform
[2018.09.02-19.42.52:999][  0]LogTemp: Display: Loaded TP AndroidTargetPlatform
[2018.09.02-19.42.52:999][  0]LogTemp: Display: Loaded TP AndroidTargetPlatform
[2018.09.02-19.42.52:999][  0]LogTemp: Display: Loaded TP AndroidTargetPlatform
[2018.09.02-19.42.52:999][  0]LogTemp: Display: Loaded TP AndroidTargetPlatform
[2018.09.02-19.42.52:999][  0]LogTemp: Display: Loaded TP AndroidTargetPlatform
[2018.09.02-19.42.52:999][  0]LogTemp: Display: Loaded TP AndroidTargetPlatform
[2018.09.02-19.42.52:999][  0]LogTemp: Display: Loaded TP AndroidTargetPlatform
[2018.09.02-19.42.53:002][  0]LogTemp: Display: Loaded TP HTML5TargetPlatform
[2018.09.02-19.42.53:071][  0]LogTemp: Display: Loaded TP IOSTargetPlatform
[2018.09.02-19.42.53:071][  0]LogTemp: Display: Loaded TP IOSTargetPlatform
[2018.09.02-19.42.53:099][  0]LogTemp: Display: Loaded TP TVOSTargetPlatform
[2018.09.02-19.42.53:099][  0]LogTemp: Display: Loaded TP TVOSTargetPlatform
[2018.09.02-19.42.53:115][  0]LogTemp: Display: Loaded TP LinuxClientTargetPlatform
[2018.09.02-19.42.53:130][  0]LogTemp: Display: Loaded TP LinuxNoEditorTargetPlatform
[2018.09.02-19.42.53:146][  0]LogTemp: Display: Loaded TP LinuxServerTargetPlatform
[2018.09.02-19.42.53:163][  0]LogTemp: Display: Loaded TP LinuxTargetPlatform
[2018.09.02-19.42.53:174][  0]LogTemp: Display: Loaded TP LuminTargetPlatform
[2018.09.02-19.42.53:174][  0]LogTargetPlatformManager: Display: Building Assets For Windows
[2018.09.02-19.42.53:266][  0]LogXGEController: Cleaning working directory: C:/Users/mikey/AppData/Local/Temp/UnrealXGEWorkingDir/
[2018.09.02-19.42.53:266][  0]LogXGEController: Cannot use XGE Controller as Incredibuild is not installed on this machine.
[2018.09.02-19.42.53:266][  0]LogShaderCompilers: Cannot use XGE Shader Compiler as Incredibuild is not installed on this machine.
[2018.09.02-19.42.53:266][  0]LogShaderCompilers: Display: Using Local Shader Compiler.
[2018.09.02-19.42.54:295][  0]LogDerivedDataCache: Display: Max Cache Size: 512 MB
[2018.09.02-19.42.54:622][  0]LogDerivedDataCache: Loaded boot cache 0.33s 71MB C:/Users/mikey/AppData/Local/UnrealEngine/4.20/DerivedDataCache/Boot.ddc.
[2018.09.02-19.42.54:623][  0]LogDerivedDataCache: Display: Loaded Boot cache: C:/Users/mikey/AppData/Local/UnrealEngine/4.20/DerivedDataCache/Boot.ddc
[2018.09.02-19.42.54:623][  0]LogDerivedDataCache: FDerivedDataBackendGraph:  Pak pak cache file E:/Unreal Projects/BeyondHuman/DerivedDataCache/DDC.ddp not found, will not use a pak cache.
[2018.09.02-19.42.54:623][  0]LogDerivedDataCache: Unable to find inner node Pak for hierarchical cache Hierarchy.
[2018.09.02-19.42.54:623][  0]LogDerivedDataCache: FDerivedDataBackendGraph:  CompressedPak pak cache file E:/Unreal Projects/BeyondHuman/DerivedDataCache/Compressed.ddp not found, will not use a pak cache.
[2018.09.02-19.42.54:623][  0]LogDerivedDataCache: Unable to find inner node CompressedPak for hierarchical cache Hierarchy.
[2018.09.02-19.42.54:638][  0]LogDerivedDataCache: Display: Pak cache opened for reading ../../../Engine/DerivedDataCache/Compressed.ddp.
[2018.09.02-19.42.54:651][  0]LogDerivedDataCache: Using Local data cache path C:/Users/mikey/AppData/Local/UnrealEngine/Common/DerivedDataCache: Writable
[2018.09.02-19.42.54:651][  0]LogDerivedDataCache: Shared data cache path not found in *engine.ini, will not use an Shared cache.
[2018.09.02-19.42.54:651][  0]LogDerivedDataCache: Unable to find inner node Shared for hierarchical cache Hierarchy.
[2018.09.02-19.42.54:673][  0]LogMaterial: Verifying Global Shaders for PCD3D_SM5
[2018.09.02-19.42.54:674][  0]LogSlate: Using FreeType 2.6.0
[2018.09.02-19.42.54:677][  0]LogSlate: SlateFontServices - WITH_FREETYPE: 1, WITH_HARFBUZZ: 1
[2018.09.02-19.42.54:830][  0]LogAssetRegistry: FAssetRegistry took 0.0266 seconds to start up
[2018.09.02-19.42.55:248][  0]LogInit: Selected Device Profile: [Windows]
[2018.09.02-19.42.55:417][  0]LogSimplygon: Simplygon DLL not present - disabling.
[2018.09.02-19.42.55:424][  0]LogMeshReduction: Using SimplygonSwarm for distributed automatic mesh merging
[2018.09.02-19.42.55:424][  0]LogMeshReduction: Using ProxyLODMeshReduction for automatic mesh merging
[2018.09.02-19.42.55:424][  0]LogMeshReduction: Using QuadricMeshReduction for automatic static mesh reduction
[2018.09.02-19.42.55:424][  0]LogMeshReduction: No automatic skeletal mesh reduction module available
[2018.09.02-19.42.55:452][  0]LogNetVersion: BeyondHuman 1.0.0, NetCL: 4212847, EngineNetVer: 5, GameNetVer: 0 (Checksum: 671501493)
[2018.09.02-19.42.56:022][  0]LogPackageLocalizationCache: Processed 11 localized package path(s) for 2 prioritized culture(s) in 0.096761 seconds
[2018.09.02-19.42.56:031][  0]LogUObjectArray: 38425 objects as part of root set at end of initial load.
[2018.09.02-19.42.56:031][  0]LogUObjectAllocator: 6690872 out of 0 bytes used by permanent object pool.
[2018.09.02-19.42.56:031][  0]LogUObjectArray: CloseDisregardForGC: 0/0 objects in disregard for GC pool
[2018.09.02-19.42.57:898][  0]LogSubstanceCoreModule: Substance [CPU] Engine Loaded, Max Texture Size = 2048
[2018.09.02-19.42.57:905][  0]LogTcpMessaging: Initializing TcpMessaging bridge
[2018.09.02-19.42.57:919][  0]LogUdpMessaging: Initializing bridge on interface 0.0.0.0:0 to multicast group 230.0.0.1:6666.
[2018.09.02-19.42.58:112][  0]SourceControl: Source control is disabled
[2018.09.02-19.42.58:112][  0]SourceControl: Source control is disabled
[2018.09.02-19.42.58:115][  0]SourceControl: Source control is disabled
[2018.09.02-19.42.58:118][  0]SourceControl: Source control is disabled
[2018.09.02-19.42.58:339][  0]LogAndroidPermission: UAndroidPermissionCallbackProxy::GetInstance
[2018.09.02-19.42.58:465][  0]LogOcInput: OculusInput pre-init called
[2018.09.02-19.42.58:645][  0]LogEngine: Initializing Engine...
[2018.09.02-19.42.58:677][  0]LogHMD: Failed to initialize OpenVR with code 126
[2018.09.02-19.42.58:679][  0]LogStats: UGameplayTagsManager::ConstructGameplayTagTree: ImportINI prefixes -  0.000 s
[2018.09.02-19.42.58:679][  0]LogStats: UGameplayTagsManager::ConstructGameplayTagTree: Construct from data asset -  0.000 s
[2018.09.02-19.42.58:679][  0]LogStats: UGameplayTagsManager::ConstructGameplayTagTree: ImportINI -  0.000 s
[2018.09.02-19.42.58:679][  0]LogStats: UGameplayTagsManager::ConstructGameplayTagTree: GameplayTagTreeChangedEvent.Broadcast -  0.000 s
[2018.09.02-19.42.58:937][  0]LogInit: Initializing FReadOnlyCVARCache
[2018.09.02-19.42.58:966][  0]LogAIModule: Creating AISystem for world Untitled
[2018.09.02-19.42.59:021][  0]LogInit: XAudio2 using 'Speakers (High Definition Audio Device)' : 2 channels at 44.1 kHz using 16 bits per sample (channel mask 0x3)
[2018.09.02-19.42.59:043][  0]LogInit: FAudioDevice initialized.
[2018.09.02-19.42.59:043][  0]LogNetVersion: Set ProjectVersion to 1.0.0.0. Version Checksum will be recalculated on next use.
[2018.09.02-19.42.59:128][  0]LogDerivedDataCache: Saved boot cache 0.08s 71MB C:/Users/mikey/AppData/Local/UnrealEngine/4.20/DerivedDataCache/Boot.ddc.
[2018.09.02-19.42.59:129][  0]LogInit: Texture streaming: Enabled
[2018.09.02-19.42.59:168][  0]LogEngineSessionManager: EngineSessionManager initialized
[2018.09.02-19.42.59:183][  0]LogInit: Transaction tracking system initialized
[2018.09.02-19.42.59:217][  0]BlueprintLog: New page: Editor Load
[2018.09.02-19.42.59:336][  0]LocalizationService: Localization service is disabled
[2018.09.02-19.42.59:643][  0]LogCook: Display: Max memory allowance for cook 16384mb min free memory 0mb
[2018.09.02-19.42.59:643][  0]LogCook: Display: Mobile HDR setting 1
[2018.09.02-19.42.59:643][  0]LogGameplayTags: Display: UGameplayTagsManager::DoneAddingNativeTags. DelegateIsBound: 0
[2018.09.02-19.42.59:643][  0]LogStats: UGameplayTagsManager::ConstructGameplayTagTree: ImportINI prefixes -  0.000 s
[2018.09.02-19.42.59:643][  0]LogStats: UGameplayTagsManager::ConstructGameplayTagTree: Construct from data asset -  0.000 s
[2018.09.02-19.42.59:643][  0]LogStats: UGameplayTagsManager::ConstructGameplayTagTree: ImportINI -  0.000 s
[2018.09.02-19.42.59:643][  0]LogStats: UGameplayTagsManager::ConstructGameplayTagTree: GameplayTagTreeChangedEvent.Broadcast -  0.000 s
[2018.09.02-19.42.59:813][  0]LogFileCache: Scanning file cache for directory 'E:/Unreal Projects/BeyondHuman/Content/' took 0.02s
[2018.09.02-19.42.59:813][  0]SourceControl: Source control is disabled
[2018.09.02-19.42.59:813][  0]Cmd: MAP LOAD FILE="E:/Unreal Projects/BeyondHuman/Content/Maps/Meshing.umap" TEMPLATE=0 SHOWPROGRESS=1 FEATURELEVEL=3
[2018.09.02-19.42.59:816][  0]LightingResults: New page: Lighting Build
[2018.09.02-19.42.59:820][  0]MapCheck: New page: Map Check
[2018.09.02-19.42.59:820][  0]LightingResults: New page: Lighting Build
[2018.09.02-19.43.08:604][  0]LogAIModule: Creating AISystem for world Meshing
[2018.09.02-19.43.08:708][  0]LogEditorServer: Finished looking for orphan Actors (0.000 secs)
[2018.09.02-19.43.08:739][  0]Cmd: MAP CHECKDEP NOCLEARLOG
[2018.09.02-19.43.08:932][  0]MapCheck: Map check complete: 0 Error(s), 0 Warning(s), took 193.058ms to complete.
[2018.09.02-19.43.08:932][  0]LogFileHelpers: Loading map 'Meshing' took 9.120
[2018.09.02-19.43.09:075][  0]LogSlate: Updating window title bar state: overlay mode, drag disabled, window buttons hidden, title bar hidden
[2018.09.02-19.43.09:083][  0]LogSlate: Updating window title bar state: overlay mode, drag disabled, window buttons hidden, title bar hidden
[2018.09.02-19.43.09:092][  0]LogSlate: Updating window title bar state: overlay mode, drag disabled, window buttons hidden, title bar hidden
[2018.09.02-19.43.09:101][  0]LogSlate: Updating window title bar state: overlay mode, drag disabled, window buttons hidden, title bar hidden
[2018.09.02-19.43.09:109][  0]LogCollectionManager: Loaded 0 collections in 0.002086 seconds
[2018.09.02-19.43.09:166][  0]LogFileCache: Scanning file cache for directory 'E:/Unreal Projects/BeyondHuman/Saved/Collections/' took 0.01s
[2018.09.02-19.43.09:166][  0]LogFileCache: Scanning file cache for directory 'E:/Unreal Projects/BeyondHuman/Content/Developers/mikey/Collections/' took 0.01s
[2018.09.02-19.43.09:166][  0]LogFileCache: Scanning file cache for directory 'E:/Unreal Projects/BeyondHuman/Content/Collections/' took 0.01s
[2018.09.02-19.43.09:166][  0]LogCollectionManager: Rebuilt the GUID cache for 0 collections in 0.000001 seconds
[2018.09.02-19.43.09:179][  0]LogContentBrowser: Native class hierarchy populated in 0.0130 seconds. Added 2586 classes and 609 folders.
[2018.09.02-19.43.09:187][  0]LogContentBrowser: Native class hierarchy updated for 'WidgetCarousel' in 0.0003 seconds. Added 0 classes and 0 folders.
[2018.09.02-19.43.09:332][  0]LogContentBrowser: Native class hierarchy updated for 'AddContentDialog' in 0.0003 seconds. Added 0 classes and 0 folders.
[2018.09.02-19.43.09:339][  0]LogContentBrowser: Native class hierarchy updated for 'SceneOutliner' in 0.0003 seconds. Added 1 classes and 2 folders.
[2018.09.02-19.43.09:366][  0]LogSlate: Took 0.001401 seconds to synchronously load lazily loaded font '../../../Engine/Content/Slate/Fonts/Roboto-Regular.ttf' (155K)
[2018.09.02-19.43.09:370][  0]LogSlate: Took 0.001388 seconds to synchronously load lazily loaded font '../../../Engine/Content/Slate/Fonts/Roboto-Bold.ttf' (160K)
[2018.09.02-19.43.09:379][  0]LogSlate: Took 0.001954 seconds to synchronously load lazily loaded font '../../../Engine/Content/Editor/Slate/Fonts/FontAwesome.ttf' (139K)
[2018.09.02-19.43.09:493][  0]LogRenderer: Reallocating scene render targets to support 1236x644 Format 10 NumSamples 1 (Frame:1).
[2018.09.02-19.43.10:069][  0]LogContentBrowser: Native class hierarchy updated for 'HierarchicalLODOutliner' in 0.0003 seconds. Added 0 classes and 0 folders.
[2018.09.02-19.43.10:069][  0]LogLoad: (Engine Initialization) Total time: 22.37 seconds
[2018.09.02-19.43.10:069][  0]LogLoad: (Engine Initialization) Total Blueprint compile time: 0.00 seconds
[2018.09.02-19.43.10:121][  0]LogContentStreaming: Texture pool size now 3000 MB
[2018.09.02-19.43.10:200][  0]LogRenderer: Reallocating scene render targets to support 1236x660 Format 10 NumSamples 1 (Frame:3).
[2018.09.02-19.43.10:200][  0]LogSlate: Took 0.001518 seconds to synchronously load lazily loaded font '../../../Engine/Content/Slate/Fonts/Roboto-Light.ttf' (167K)
[2018.09.02-19.43.10:213][  1]LogSubstanceLiveLink: Warning: Unable to send data along socket, closing connection
[2018.09.02-19.43.10:914][  2]LogAssetRegistry: Asset discovery search completed in 16.1066 seconds
[2018.09.02-19.43.10:916][  2]LogCollectionManager: Rebuilt the object cache for 0 collections in 0.000001 seconds (found 0 objects)
[2018.09.02-19.43.10:916][  2]LogCollectionManager: Fixed up redirectors for 0 collections in 0.000070 seconds (updated 0 objects)
[2018.09.02-19.43.55:640][478]LogSlate: FSceneViewport::OnFocusLost() reason 0
[2018.09.02-19.44.21:810][885]LogHttp: Warning: 000001DA0EE38B80: request failed, libcurl error: 6 (Couldn't resolve host name)
[2018.09.02-19.44.21:810][885]LogHttp: Warning: 000001DA0EE38B80: libcurl info message cache 0 (Could not resolve host: datarouter.ol.epicgames.com)
[2018.09.02-19.44.21:810][885]LogHttp: Warning: 000001DA0EE38B80: libcurl info message cache 1 (Closing connection 0)
[2018.09.02-19.44.22:438][925]LogSlate: Took 0.000257 seconds to synchronously load lazily loaded font '../../../Engine/Content/Slate/Fonts/Roboto-Light.ttf' (167K)
[2018.09.02-19.44.22:471][925]LogFactory: FactoryCreateFile: Texture with ReimportTextureFactory (0 0 E:\Dropbox (Personal)\Docs\Projects\Beyond Human\SourceImages\Buildings\BuildingTall_M_Compressor_BaseColor.png)
[2018.09.02-19.44.22:614][925]LogTexture: Display: Building textures: BuildingTall_M_Compressor_BaseColor (AutoDXT, 2048X2048)
[2018.09.02-19.44.24:283][925]LogFactory: FactoryCreateFile: Texture with ReimportTextureFactory (0 0 E:\Dropbox (Personal)\Docs\Projects\Beyond Human\SourceImages\Buildings\BuildingTall_M_Compressor_Emissive.png)
[2018.09.02-19.44.24:337][925]LogTexture: Display: Building textures: BuildingTall_M_Compressor_Emissive (AutoDXT, 2048X2048)
[2018.09.02-19.44.24:510][925]LogFactory: FactoryCreateFile: Texture with ReimportTextureFactory (0 0 E:\Dropbox (Personal)\Docs\Projects\Beyond Human\SourceImages\Buildings\BuildingTall_M_Compressor_Metallic.png)
[2018.09.02-19.44.24:563][925]LogTexture: Display: Building textures: BuildingTall_M_Compressor_Metallic (AutoDXT, 2048X2048)
[2018.09.02-19.44.25:688][925]LogFactory: FactoryCreateFile: Texture with ReimportTextureFactory (0 0 E:\Dropbox (Personal)\Docs\Projects\Beyond Human\SourceImages\Buildings\BuildingTall_M_Compressor_Normal.png)
[2018.09.02-19.44.25:875][925]LogTexture: Display: Building textures: BuildingTall_M_Compressor_Normal (BC5, 2048X2048)
[2018.09.02-19.44.27:811][ 47]LogEditorViewport: Clicking on Actor (LMB): StaticMeshActor (BuildingTall)
[2018.09.02-19.44.31:303][183]LogSlate: FSceneViewport::OnFocusLost() reason 0
[2018.09.02-19.44.57:069][457]LogSlate: FSceneViewport::OnFocusLost() reason 0
[2018.09.02-19.44.57:262][462]LogAssetEditorManager: Opening Asset editor for MaterialInstanceConstant /Game/Materials/Mi_BuildingTallCompressor.Mi_BuildingTallCompressor
[2018.09.02-19.44.57:813][462]LogRenderer: Reallocating scene render targets to support 1336x924 Format 10 NumSamples 1 (Frame:1).
[2018.09.02-19.45.10:048][617]LogEditorViewport: Clicking on Actor (context menu): StaticMeshActor (BuildingTall)
[2018.09.02-19.45.10:114][617]LogSlate: FSceneViewport::OnFocusLost() reason 2
[2018.09.02-19.45.10:993][672]LogSlate: FSceneViewport::OnFocusLost() reason 2
[2018.09.02-19.45.13:107][758]LogEditorFactories: Performing atomic reimport of [E:/Dropbox (Personal)/Docs/Projects/Beyond Human/Exports/Buildings/BuildingTall.fbx]
[2018.09.02-19.45.13:497][758]LogFbx: Loading FBX Scene from E:/Dropbox (Personal)/Docs/Projects/Beyond Human/Exports/Buildings/BuildingTall.fbx
[2018.09.02-19.45.13:555][758]LogFbx: FBX Scene Loaded Succesfully
[2018.09.02-19.45.14:770][758]LogStaticMesh: Building static mesh BuildingTall...
[2018.09.02-19.45.16:036][758]LogStaticMesh: Built static mesh [1.27s] /Game/Meshes/BuildingTall.BuildingTall
[2018.09.02-19.45.16:462][758]LogEditorFactories: -- imported successfully
[2018.09.02-19.45.19:373][898]LogEditorViewport: Clicking on Actor (LMB): StaticMeshActor (BuildingTall)
[2018.09.02-19.45.19:407][898]LogEditorViewport: Clicking on Component (LMB): StaticMeshComponent (StaticMeshComponent0)
[2018.09.02-19.45.20:961][955]LogSlate: FSceneViewport::OnFocusLost() reason 0
[2018.09.02-19.45.27:913][220]LogSlate: FSceneViewport::OnFocusLost() reason 0
[2018.09.02-19.45.48:969][294]LogMaterial: Display: Missing cached shader map for material MA_Standard, compiling. 
[2018.09.02-19.45.49:070][294]LogShaderCompilers: Display: Shaders left to compile 22
[2018.09.02-19.45.49:070][294]LogShaderCompilers: Display: Shaders left to compile 12
[2018.09.02-19.45.49:070][294]LogShaderCompilers: Display: Shaders left to compile 2
[2018.09.02-19.46.15:730][630]LogEditorViewport: Clicking on Actor (LMB): PointLight (PointLight3)
[2018.09.02-19.46.17:952][755]LogSlate: FSceneViewport::OnFocusLost() reason 0
[2018.09.02-19.46.24:989][146]LogSlate: Took 0.001701 seconds to synchronously load lazily loaded font '../../../Engine/Content/Slate/Fonts/Roboto-Italic.ttf' (157K)
[2018.09.02-19.46.25:711][188]LogSlate: FSceneViewport::OnFocusLost() reason 0
[2018.09.02-19.46.31:833][543]LogSlate: FSceneViewport::OnFocusLost() reason 0
[2018.09.02-19.46.37:866][867]LogMaterial: Display: Missing cached shader map for material MA_Standard, compiling. 
[2018.09.02-19.46.37:918][867]LogShaderCompilers: Display: Shaders left to compile 22
[2018.09.02-19.46.37:918][867]LogShaderCompilers: Display: Shaders left to compile 12
[2018.09.02-19.46.37:918][867]LogShaderCompilers: Display: Shaders left to compile 2
[2018.09.02-19.47.01:120][ 62]LogSlate: FSceneViewport::OnFocusLost() reason 2
[2018.09.02-19.47.03:824][162]LogSlate: Window 'Color Picker' being destroyed
[2018.09.02-19.47.40:239][ 30]LogEditorViewport: Clicking on Actor (LMB): PointLight (PointLight3)
[2018.09.02-19.47.42:447][153]LogSlate: FSceneViewport::OnFocusLost() reason 0
[2018.09.02-19.47.57:994][  4]Cmd: DELETE
[2018.09.02-19.47.57:994][  4]Cmd: ACTOR DELETE
[2018.09.02-19.47.58:063][  4]LogEditorActor: Deleted Actor: PointLight
[2018.09.02-19.47.58:130][  4]LogEditorActor: Deleted 1 Actors (0.126 secs)
[2018.09.02-19.48.00:888][150]Cmd: TRANSACTION UNDO
[2018.09.02-19.48.00:888][150]LogEditorTransaction: Undo Delete Actors
[2018.09.02-19.48.10:500][669]LogSlate: FSceneViewport::OnFocusLost() reason 0
[2018.09.02-19.48.26:003][485]LogAssetEditorManager: Opening Asset editor for Texture2D /Game/Textures/Buildings/BuildingTall_M_Compressor_Metallic.BuildingTall_M_Compressor_Metallic
[2018.09.02-19.48.26:069][485]LogContentBrowser: Native class hierarchy updated for 'TextureEditor' in 0.0004 seconds. Added 1 classes and 2 folders.
[2018.09.02-19.48.36:779][ 66]LogHttp: Warning: 000001D9BAEA2AC0: request failed, libcurl error: 6 (Couldn't resolve host name)
[2018.09.02-19.48.36:779][ 66]LogHttp: Warning: 000001D9BAEA2AC0: libcurl info message cache 0 (Found bundle for host datarouter.ol.epicgames.com: 0x1d94918bf10 [can pipeline])
[2018.09.02-19.48.36:779][ 66]LogHttp: Warning: 000001D9BAEA2AC0: libcurl info message cache 1 (Re-using existing connection! (#1) with host datarouter.ol.epicgames.com)
[2018.09.02-19.48.36:779][ 66]LogHttp: Warning: 000001D9BAEA2AC0: libcurl info message cache 2 (Connected to datarouter.ol.epicgames.com (34.205.240.160) port 443 (#1))
[2018.09.02-19.48.36:779][ 66]LogHttp: Warning: 000001D9BAEA2AC0: libcurl info message cache 3 (upload completely sent off: 381 out of 381 bytes)
[2018.09.02-19.48.36:779][ 66]LogHttp: Warning: 000001D9BAEA2AC0: libcurl info message cache 4 (TLSv1.2 (IN), TLS alert, Client hello (1):)
[2018.09.02-19.48.36:779][ 66]LogHttp: Warning: 000001D9BAEA2AC0: libcurl info message cache 5 (Connection died, retrying a fresh connect)
[2018.09.02-19.48.36:779][ 66]LogHttp: Warning: 000001D9BAEA2AC0: libcurl info message cache 6 (Closing connection 1)
[2018.09.02-19.48.36:779][ 66]LogHttp: Warning: 000001D9BAEA2AC0: libcurl info message cache 7 (TLSv1.2 (OUT), TLS alert, Client hello (1):)
[2018.09.02-19.48.36:779][ 66]LogHttp: Warning: 000001D9BAEA2AC0: libcurl info message cache 8 (Issue another request to this URL: 'https://datarouter.ol.epicgames.com/datarouter/api/v1/public/data?SessionID=%7BD05E2554-45DF-83F9-E7BE-3E824D8FF5E9%7D&AppID=UEEditor.Rocket.Release&AppVersion=4.20.0-4212847%2B%2B%2BUE4%2BRelease-4.20&UserID=ec07022c4af9fd51145d0db19289c0e8%7C9aea4035aae84fc6a50e2bbd0bcac9c5%7Ccbe8bf3f-5855-4af8-b073-42d59ac0a56b&AppEnvironment=datacollector-binary&UploadType=eteventstream')
[2018.09.02-19.48.36:779][ 66]LogHttp: Warning: 000001D9BAEA2AC0: libcurl info message cache 9 (Could not resolve host: datarouter.ol.epicgames.com)
[2018.09.02-19.48.36:779][ 66]LogHttp: Warning: 000001D9BAEA2AC0: libcurl info message cache 10 (Closing connection 2)
[2018.09.02-19.48.44:309][254]LogFactory: FactoryCreateFile: Texture with ReimportTextureFactory (0 0 E:\Dropbox (Personal)\Docs\Projects\Beyond Human\SourceImages\Buildings\BuildingTall_M_Compressor_Roughness.png)
[2018.09.02-19.48.44:367][254]LogTexture: Display: Building textures: BuildingTall_M_Compressor_Roughness (AutoDXT, 2048X2048)
[2018.09.02-19.49.12:936][653]LogSlate: FSceneViewport::OnFocusLost() reason 0
[2018.09.02-19.49.20:728][ 36]LogSlate: FSceneViewport::OnFocusLost() reason 0
[2018.09.02-19.49.29:494][473]LogSlate: FSceneViewport::OnFocusLost() reason 0
[2018.09.02-19.49.53:552][675]LogEditorViewport: Clicking on Actor (LMB): StaticMeshActor (BuildingTall)
[2018.09.02-19.49.53:609][675]LogEditorViewport: Clicking on Component (LMB): StaticMeshComponent (StaticMeshComponent0)
[2018.09.02-19.49.55:592][766]LogEditorViewport: Clicking on Actor (LMB): PointLight (PointLight3)
[2018.09.02-19.50.01:612][ 57]LogSlate: FSceneViewport::OnFocusLost() reason 0
[2018.09.02-19.50.04:080][180]LogEditorViewport: Clicking on Actor (LMB): StaticMeshActor (BuildingTall)
[2018.09.02-19.50.11:303][495]LogEditorViewport: Clicking on Actor (LMB): PointLight (PointLight3)
[2018.09.02-19.50.12:288][548]Cmd: EDIT COPY
[2018.09.02-19.50.12:499][558]Cmd: EDIT PASTE
[2018.09.02-19.50.18:616][842]LogEditorViewport: Clicking on Actor (LMB): StaticMeshActor (BuildingTall)
[2018.09.02-19.50.21:005][923]LogEditorViewport: Clicking on Actor (LMB): PointLight (PointLight5)
[2018.09.02-19.50.34:323][513]LogEditorViewport: Clicking on Actor (LMB): PointLight (PointLight3)
[2018.09.02-19.50.40:233][838]LogSlate: FSceneViewport::OnFocusLost() reason 0
[2018.09.02-19.50.47:716][249]LogEditorViewport: Clicking on Actor (LMB): PointLight (PointLight5)
[2018.09.02-19.50.48:171][267]LogHttp: Warning: 000001D9BAE9AFC0: request failed, libcurl error: 6 (Couldn't resolve host name)
[2018.09.02-19.50.48:171][267]LogHttp: Warning: 000001D9BAE9AFC0: libcurl info message cache 0 (Could not resolve host: datarouter.ol.epicgames.com)
[2018.09.02-19.50.48:171][267]LogHttp: Warning: 000001D9BAE9AFC0: libcurl info message cache 1 (Closing connection 3)
[2018.09.02-19.50.49:862][363]LogSlate: FSceneViewport::OnFocusLost() reason 0
[2018.09.02-19.50.55:996][665]LogEditorViewport: Clicking on Actor (LMB): PointLight (PointLight3)
[2018.09.02-19.50.57:060][708]Cmd: DELETE
[2018.09.02-19.50.57:060][708]Cmd: ACTOR DELETE
[2018.09.02-19.50.57:119][708]LogEditorActor: Deleted Actor: PointLight
[2018.09.02-19.50.57:148][708]LogEditorActor: Deleted 1 Actors (0.087 secs)
[2018.09.02-19.51.00:845][855]LogEditorViewport: Clicking on Actor (LMB): PointLight (PointLight5)
[2018.09.02-19.51.05:255][ 54]LogSlate: FSceneViewport::OnFocusLost() reason 0
[2018.09.02-19.51.12:412][417]LogSlate: FSceneViewport::OnFocusLost() reason 0
[2018.09.02-19.51.26:038][159]LogEditorViewport: Clicking on Actor (LMB): StaticMeshActor (WallLeft)
[2018.09.02-19.51.32:501][429]LogSlate: FSceneViewport::OnFocusLost() reason 0
[2018.09.02-19.51.33:583][433]LogSlate: Window 'Save Content' being destroyed
[2018.09.02-19.51.33:835][433]Cmd: OBJ SAVEPACKAGE PACKAGE="/Game/Maps/Meshing" FILE="E:/Unreal Projects/BeyondHuman/Content/Maps/Meshing.umap" SILENT=true AUTOSAVING=false KEEPDIRTY=false
[2018.09.02-19.51.34:309][433]LogSavePackage: Moving 'E:/Unreal Projects/BeyondHuman/Saved/MeshingF0408E974DC1A1D2BC3F348BA072F999.tmp' to 'E:/Unreal Projects/BeyondHuman/Content/Maps/Meshing.umap'
[2018.09.02-19.51.34:329][433]LogFileHelpers: Saving map 'Meshing' took 0.705
[2018.09.02-19.51.34:353][433]Cmd: OBJ SAVEPACKAGE PACKAGE="/Game/Materials/Mi_BuildingTallCompressor" FILE="E:/Unreal Projects/BeyondHuman/Content/Materials/Mi_BuildingTallCompressor.uasset" SILENT=true
[2018.09.02-19.51.34:385][433]LogMaterial: Display: Missing cached shader map for material FDebugViewModeMaterialProxy Mi_BuildingTallCompressor, compiling. 
[2018.09.02-19.51.34:975][433]LogShaderCompilers: Display: Shaders left to compile 1
[2018.09.02-19.51.34:977][433]TextureStreamingBuild: Display: Compiling optional shaders took 0.600 seconds.
[2018.09.02-19.51.35:026][433]LogSavePackage: Moving 'E:/Unreal Projects/BeyondHuman/Saved/Mi_BuildingTallCompressorF46E1DB843CBBC45868CAC98EFEBF334.tmp' to 'E:/Unreal Projects/BeyondHuman/Content/Materials/Mi_BuildingTallCompressor.uasset'
[2018.09.02-19.51.35:049][433]Cmd: OBJ SAVEPACKAGE PACKAGE="/Game/Meshes/BuildingTall" FILE="E:/Unreal Projects/BeyondHuman/Content/Meshes/BuildingTall.uasset" SILENT=true
[2018.09.02-19.51.35:084][433]LogSavePackage: Moving 'E:/Unreal Projects/BeyondHuman/Saved/BuildingTall214DDF044220BC0F0F798DA27C1AC725.tmp' to 'E:/Unreal Projects/BeyondHuman/Content/Meshes/BuildingTall.uasset'
[2018.09.02-19.51.35:703][433]LogSavePackage: Moving 'E:/Unreal Projects/BeyondHuman/Saved/BuildingTall_M_Compressor_BaseCo77B532FC45B34C930A1BE9907D4FA29E.tmp' to 'E:/Unreal Projects/BeyondHuman/Content/Textures/Buildings/BuildingTall_M_Compressor_BaseColor.uasset'
[2018.09.02-19.51.35:872][433]LogSavePackage: Moving 'E:/Unreal Projects/BeyondHuman/Saved/BuildingTall_M_Compressor_Emissi8B43A09C4C38A8741F272FA3D0C4B948.tmp' to 'E:/Unreal Projects/BeyondHuman/Content/Textures/Buildings/BuildingTall_M_Compressor_Emissive.uasset'
[2018.09.02-19.51.36:104][433]LogSavePackage: Moving 'E:/Unreal Projects/BeyondHuman/Saved/BuildingTall_M_Compressor_Metall55599CBE4FE390FCB67E71BB1AAD9A5E.tmp' to 'E:/Unreal Projects/BeyondHuman/Content/Textures/Buildings/BuildingTall_M_Compressor_Metallic.uasset'
[2018.09.02-19.51.36:753][433]LogSavePackage: Moving 'E:/Unreal Projects/BeyondHuman/Saved/BuildingTall_M_Compressor_NormalA0A7F079426EB3EA945B3AB2023BA4D6.tmp' to 'E:/Unreal Projects/BeyondHuman/Content/Textures/Buildings/BuildingTall_M_Compressor_Normal.uasset'
[2018.09.02-19.51.36:993][433]LogSavePackage: Moving 'E:/Unreal Projects/BeyondHuman/Saved/BuildingTall_M_Compressor_Roughn3F6D2DC14A49E35C5A8BAB9AA1BABC47.tmp' to 'E:/Unreal Projects/BeyondHuman/Content/Textures/Buildings/BuildingTall_M_Compressor_Roughness.uasset'
[2018.09.02-19.51.39:441][541]LogSlate: FSceneViewport::OnFocusLost() reason 0
[2018.09.02-19.51.39:502][544]LogSlate: Window 'Mi_BuildingTallCompressor' being destroyed
[2018.09.02-19.51.46:707][868]LogSlate: FSceneViewport::OnFocusLost() reason 0
[2018.09.02-19.51.54:514][187]LogSlate: FSceneViewport::OnFocusLost() reason 0
[2018.09.02-19.58.32:279][579]LogSlate: FSceneViewport::OnFocusLost() reason 0
[2018.09.02-19.58.39:060][772]LogEditorViewport: Clicking on Actor (context menu): StaticMeshActor (BuildingAngled)
[2018.09.02-19.58.39:189][772]LogSlate: FSceneViewport::OnFocusLost() reason 2
[2018.09.02-19.58.39:974][776]LogD3D11RHI: Timed out while waiting for GPU to catch up. (0.5 s)
[2018.09.02-19.58.46:643][ 34]LogEditorViewport: Clicking on Actor (LMB): StaticMeshActor (BuildingAngled)
[2018.09.02-19.58.47:782][ 69]LogEditorViewport: Clicking on Actor (LMB): StaticMeshActor (TunnelSlope)
[2018.09.02-19.58.48:868][100]LogEditorViewport: Clicking on Actor (context menu): StaticMeshActor (CrateLRG (2))
[2018.09.02-19.58.48:981][100]LogSlate: FSceneViewport::OnFocusLost() reason 2
[2018.09.02-19.58.49:945][130]LogEditorViewport: Clicking on Actor (context menu): StaticMeshActor (CrateLRG (2))
[2018.09.02-19.58.50:016][130]LogSlate: FSceneViewport::OnFocusLost() reason 2
[2018.09.02-19.59.04:661][693]LogSlate: FSceneViewport::OnFocusLost() reason 0
[2018.09.02-19.59.05:827][694]LogSlate: Window 'Save Content' being destroyed
[2018.09.02-19.59.05:860][694]LogSlate: FSceneViewport::OnFocusLost() reason 2
[2018.09.02-19.59.06:089][694]Cmd: OBJ SAVEPACKAGE PACKAGE="/Game/Maps/Meshing" FILE="E:/Unreal Projects/BeyondHuman/Content/Maps/Meshing.umap" SILENT=true AUTOSAVING=false KEEPDIRTY=false
[2018.09.02-19.59.06:529][694]LogSavePackage: Moving 'E:/Unreal Projects/BeyondHuman/Saved/MeshingD8FA75CE466167F9F50E17B5FFDDF9D7.tmp' to 'E:/Unreal Projects/BeyondHuman/Content/Maps/Meshing.umap'
[2018.09.02-19.59.06:547][694]LogFileHelpers: Saving map 'Meshing' took 0.681
[2018.09.02-19.59.07:748][736]LogEditorViewport: Clicking on Actor (LMB): StaticMeshActor (WalkwayUpper)
[2018.09.02-20.13.18:080][873]Cmd: TRANSACTION UNDO
[2018.09.02-20.13.18:080][873]LogEditorTransaction: Undo Clicking on Actors
[2018.09.02-20.13.20:844][966]LogEditorViewport: Clicking on Actor (context menu): StaticMeshActor (BuildingEntrance)
[2018.09.02-20.13.20:961][966]LogSlate: FSceneViewport::OnFocusLost() reason 2
[2018.09.02-20.13.26:490][192]LogSlate: FSceneViewport::OnFocusLost() reason 0
[2018.09.02-20.29.12:452][311]LogSlate: FSceneViewport::OnFocusLost() reason 0
[2018.09.02-20.29.12:588][313]LogSlate: Window 'BeyondHuman - Unreal Editor' being destroyed
[2018.09.02-20.29.12:833][314]Cmd: QUIT_EDITOR
[2018.09.02-20.29.12:869][314]LogWindowsTextInputMethodSystem: Display: IME system now deactivated.
[2018.09.02-20.29.12:885][314]LogExit: Preparing to exit.
[2018.09.02-20.29.13:630][314]LogExit: Editor shut down
[2018.09.02-20.29.13:631][314]LogExit: Transaction tracking system shut down
[2018.09.02-20.29.14:436][314]LogExit: Object subsystem successfully closed.
[2018.09.02-20.29.14:480][314]LogShaderCompilers: Display: Shaders left to compile 0
[2018.09.02-20.29.14:490][314]LogD3D11RHI: Shutdown
[2018.09.02-20.29.14:490][314]LogD3D11RHI: CleanupD3DDevice
[2018.09.02-20.29.14:502][314]LogD3D11RHI: ~FD3D11DynamicRHI
[2018.09.02-20.29.14:571][314]LogModuleManager: Shutting down and abandoning module TextureEditor (622)
[2018.09.02-20.29.14:571][314]LogModuleManager: Shutting down and abandoning module MeshBuilder (620)
[2018.09.02-20.29.14:571][314]LogModuleManager: Shutting down and abandoning module HierarchicalLODOutliner (618)
[2018.09.02-20.29.14:571][314]LogModuleManager: Shutting down and abandoning module SceneOutliner (616)
[2018.09.02-20.29.14:571][314]LogModuleManager: Shutting down and abandoning module AddContentDialog (614)
[2018.09.02-20.29.14:575][314]LogModuleManager: Shutting down and abandoning module WidgetCarousel (613)
[2018.09.02-20.29.14:575][314]LogModuleManager: Shutting down and abandoning module EditorWidgets (610)
[2018.09.02-20.29.14:575][314]LogModuleManager: Shutting down and abandoning module CollectionManager (608)
[2018.09.02-20.29.14:576][314]LogModuleManager: Shutting down and abandoning module StatsViewer (606)
[2018.09.02-20.29.14:577][314]LogModuleManager: Shutting down and abandoning module FoliageEdit (604)
[2018.09.02-20.29.14:577][314]LogModuleManager: Shutting down and abandoning module LandscapeEditor (602)
[2018.09.02-20.29.14:579][314]LogModuleManager: Shutting down and abandoning module MeshPaintMode (600)
[2018.09.02-20.29.14:579][314]LogModuleManager: Shutting down and abandoning module SceneDepthPickerMode (598)
[2018.09.02-20.29.14:579][314]LogModuleManager: Shutting down and abandoning module ActorPickerMode (596)
[2018.09.02-20.29.14:579][314]LogModuleManager: Shutting down and abandoning module GeometryMode (594)
[2018.09.02-20.29.14:579][314]LogModuleManager: Shutting down and abandoning module TextureAlignMode (592)
[2018.09.02-20.29.14:579][314]LogModuleManager: Shutting down and abandoning module BspMode (590)
[2018.09.02-20.29.14:579][314]LogModuleManager: Shutting down and abandoning module PIEPreviewDeviceProfileSelector (588)
[2018.09.02-20.29.14:580][314]LogModuleManager: Shutting down and abandoning module SequenceRecorderSections (586)
[2018.09.02-20.29.14:580][314]LogModuleManager: Shutting down and abandoning module AutomationWorker (584)
[2018.09.02-20.29.14:580][314]LogModuleManager: Shutting down and abandoning module AudioCaptureEditor (582)
[2018.09.02-20.29.14:580][314]LogModuleManager: Shutting down and abandoning module SequenceRecorder (581)
[2018.09.02-20.29.14:581][314]LogModuleManager: Shutting down and abandoning module MatineeToLevelSequence (578)
[2018.09.02-20.29.14:581][314]LogModuleManager: Shutting down and abandoning module LevelSequenceEditor (576)
[2018.09.02-20.29.14:583][314]LogModuleManager: Shutting down and abandoning module PlacementMode (575)
[2018.09.02-20.29.14:583][314]LogModuleManager: Shutting down and abandoning module MaterialEditor (574)
[2018.09.02-20.29.14:583][314]LogModuleManager: Shutting down and abandoning module WmfMediaFactory (570)
[2018.09.02-20.29.14:583][314]LogModuleManager: Shutting down and abandoning module WmfMediaEditor (568)
[2018.09.02-20.29.14:583][314]LogModuleManager: Shutting down and abandoning module MediaPlayerEditor (566)
[2018.09.02-20.29.14:585][314]LogModuleManager: Shutting down and abandoning module OpenExrWrapper (564)
[2018.09.02-20.29.14:585][314]LogModuleManager: Shutting down and abandoning module ImgMediaFactory (562)
[2018.09.02-20.29.14:585][314]LogModuleManager: Shutting down and abandoning module ImgMediaEditor (560)
[2018.09.02-20.29.14:585][314]LogModuleManager: Shutting down and abandoning module AvfMediaFactory (558)
[2018.09.02-20.29.14:585][314]LogModuleManager: Shutting down and abandoning module AvfMediaEditor (556)
[2018.09.02-20.29.14:585][314]LogModuleManager: Shutting down and abandoning module AndroidMediaFactory (554)
[2018.09.02-20.29.14:585][314]LogModuleManager: Shutting down and abandoning module AndroidMediaEditor (552)
[2018.09.02-20.29.14:585][314]LogModuleManager: Shutting down and abandoning module MagicLeapCameraPreviewFactory (550)
[2018.09.02-20.29.14:585][314]LogModuleManager: Shutting down and abandoning module MagicLeapMediaFactory (548)
[2018.09.02-20.29.14:585][314]LogModuleManager: Shutting down and abandoning module MagicLeapMediaEditor (546)
[2018.09.02-20.29.14:585][314]LogModuleManager: Shutting down and abandoning module CharacterAI (544)
[2018.09.02-20.29.14:585][314]LogModuleManager: Shutting down and abandoning module SmartSnapping (542)
[2018.09.02-20.29.14:585][314]LogModuleManager: Shutting down and abandoning module SessionServices (540)
[2018.09.02-20.29.14:585][314]LogModuleManager: Shutting down and abandoning module ViewportSnapping (538)
[2018.09.02-20.29.14:585][314]LogModuleManager: Shutting down and abandoning module ViewportInteraction (536)
[2018.09.02-20.29.14:585][314]LogModuleManager: Shutting down and abandoning module ClothPainter (534)
[2018.09.02-20.29.14:587][314]LogModuleManager: Shutting down and abandoning module SkeletalMeshEditor (533)
[2018.09.02-20.29.14:588][314]LogModuleManager: Shutting down and abandoning module LogVisualizer (530)
[2018.09.02-20.29.14:590][314]LogModuleManager: Shutting down and abandoning module IntroTutorials (528)
[2018.09.02-20.29.14:591][314]LogModuleManager: Shutting down and abandoning module GameProjectGeneration (527)
[2018.09.02-20.29.14:592][314]LogModuleManager: Shutting down and abandoning module LuminPlatformEditor (524)
[2018.09.02-20.29.14:592][314]LogModuleManager: Shutting down and abandoning module IOSPlatformEditor (522)
[2018.09.02-20.29.14:592][314]LogModuleManager: Shutting down and abandoning module HTML5PlatformEditor (520)
[2018.09.02-20.29.14:592][314]LogModuleManager: Shutting down and abandoning module AndroidPlatformEditor (518)
[2018.09.02-20.29.14:592][314]LogModuleManager: Shutting down and abandoning module AndroidDeviceDetection (517)
[2018.09.02-20.29.15:002][314]LogModuleManager: Shutting down and abandoning module WindowsPlatformEditor (514)
[2018.09.02-20.29.15:003][314]LogModuleManager: Shutting down and abandoning module LuminRuntimeSettings (512)
[2018.09.02-20.29.15:003][314]LogModuleManager: Shutting down and abandoning module IOSRuntimeSettings (510)
[2018.09.02-20.29.15:003][314]LogModuleManager: Shutting down and abandoning module AndroidRuntimeSettings (508)
[2018.09.02-20.29.15:003][314]LogModuleManager: Shutting down and abandoning module InputBindingEditor (506)
[2018.09.02-20.29.15:010][314]LogModuleManager: Shutting down and abandoning module MergeActors (504)
[2018.09.02-20.29.15:010][314]LogModuleManager: Shutting down and abandoning module LocalizationDashboard (502)
[2018.09.02-20.29.15:011][314]LogModuleManager: Shutting down and abandoning module LocalizationService (501)
[2018.09.02-20.29.15:012][314]LogModuleManager: Shutting down and abandoning module HardwareTargeting (498)
[2018.09.02-20.29.15:012][314]LogModuleManager: Shutting down and abandoning module DeviceProfileEditor (496)
[2018.09.02-20.29.15:012][314]LogModuleManager: Shutting down and abandoning module UndoHistory (494)
[2018.09.02-20.29.15:012][314]LogModuleManager: Shutting down and abandoning module XmlParser (492)
[2018.09.02-20.29.15:012][314]LogModuleManager: Shutting down and abandoning module Blutility (490)
[2018.09.02-20.29.15:013][314]LogModuleManager: Shutting down and abandoning module ProjectSettingsViewer (488)
[2018.09.02-20.29.15:013][314]LogModuleManager: Shutting down and abandoning module ProjectTargetPlatformEditor (487)
[2018.09.02-20.29.15:013][314]LogModuleManager: Shutting down and abandoning module EditorSettingsViewer (484)
[2018.09.02-20.29.15:013][314]LogModuleManager: Shutting down and abandoning module SettingsEditor (482)
[2018.09.02-20.29.15:014][314]LogModuleManager: Shutting down and abandoning module ProjectLauncher (480)
[2018.09.02-20.29.15:015][314]LogModuleManager: Shutting down and abandoning module SessionFrontend (478)
[2018.09.02-20.29.15:016][314]LogModuleManager: Shutting down and abandoning module ProfilerClient (476)
[2018.09.02-20.29.15:016][314]LogModuleManager: Shutting down and abandoning module DeviceManager (474)
[2018.09.02-20.29.15:016][314]LogModuleManager: Shutting down and abandoning module TargetDeviceServices (473)
[2018.09.02-20.29.15:072][314]LogModuleManager: Shutting down and abandoning module AutomationController (470)
[2018.09.02-20.29.15:073][314]LogModuleManager: Shutting down and abandoning module AutomationWindow (468)
[2018.09.02-20.29.15:074][314]LogModuleManager: Shutting down and abandoning module Layers (466)
[2018.09.02-20.29.15:076][314]LogModuleManager: Shutting down and abandoning module ComponentVisualizers (464)
[2018.09.02-20.29.15:076][314]LogModuleManager: Shutting down and abandoning module DetailCustomizations (462)
[2018.09.02-20.29.15:077][314]LogModuleManager: Shutting down and abandoning module PackagesDialog (460)
[2018.09.02-20.29.15:077][314]LogModuleManager: Shutting down and abandoning module Persona (458)
[2018.09.02-20.29.15:079][314]LogModuleManager: Shutting down and abandoning module AdvancedPreviewScene (457)
[2018.09.02-20.29.15:079][314]LogModuleManager: Shutting down and abandoning module AnimGraph (455)
[2018.09.02-20.29.15:079][314]LogModuleManager: Shutting down and abandoning module Kismet (452)
[2018.09.02-20.29.15:081][314]LogModuleManager: Shutting down and abandoning module GraphEditor (450)
[2018.09.02-20.29.15:083][314]LogModuleManager: Shutting down and abandoning module ClassViewer (448)
[2018.09.02-20.29.15:083][314]LogModuleManager: Shutting down and abandoning module Toolbox (446)
[2018.09.02-20.29.15:083][314]LogModuleManager: Shutting down and abandoning module ModuleUI (444)
[2018.09.02-20.29.15:084][314]LogModuleManager: Shutting down and abandoning module MovieSceneTools (442)
[2018.09.02-20.29.15:085][314]LogModuleManager: Shutting down and abandoning module OutputLog (440)
[2018.09.02-20.29.15:085][314]LogModuleManager: Shutting down and abandoning module GammaUI (438)
[2018.09.02-20.29.15:086][314]LogModuleManager: Shutting down and abandoning module Documentation (436)
[2018.09.02-20.29.15:086][314]LogModuleManager: Shutting down and abandoning module MovieSceneTracks (434)
[2018.09.02-20.29.15:086][314]LogModuleManager: Shutting down and abandoning module MovieScene (432)
[2018.09.02-20.29.15:086][314]LogModuleManager: Shutting down and abandoning module StreamingPauseRendering (430)
[2018.09.02-20.29.15:086][314]LogModuleManager: Shutting down and abandoning module LauncherPlatform (428)
[2018.09.02-20.29.15:086][314]LogModuleManager: Shutting down and abandoning module AnalyticsET (426)
[2018.09.02-20.29.15:087][314]LogModuleManager: Shutting down and abandoning module PortalServices (424)
[2018.09.02-20.29.15:087][314]LogModuleManager: Shutting down and abandoning module PortalRpc (422)
[2018.09.02-20.29.15:087][314]LogModuleManager: Shutting down and abandoning module MessagingRpc (420)
[2018.09.02-20.29.15:087][314]LogModuleManager: Shutting down and abandoning module AIModule (418)
[2018.09.02-20.29.15:087][314]LogModuleManager: Shutting down and abandoning module GameplayDebugger (417)
[2018.09.02-20.29.15:088][314]LogModuleManager: Shutting down and abandoning module AITestSuite (415)
[2018.09.02-20.29.15:089][314]LogModuleManager: Shutting down and abandoning module NavigationSystem (413)
[2018.09.02-20.29.15:089][314]LogModuleManager: Shutting down and abandoning module DesktopPlatform (410)
[2018.09.02-20.29.15:089][314]LogModuleManager: Shutting down and abandoning module ProfilerService (408)
[2018.09.02-20.29.15:124][314]LogModuleManager: Shutting down and abandoning module TaskGraph (406)
[2018.09.02-20.29.15:126][314]LogModuleManager: Shutting down and abandoning module SubstanceLiveLink (404)
[2018.09.02-20.29.15:126][314]LogModuleManager: Shutting down and abandoning module SubstanceSource (402)
[2018.09.02-20.29.15:129][314]LogModuleManager: Shutting down and abandoning module SubstanceEditor (400)
[2018.09.02-20.29.15:131][314]LogModuleManager: Shutting down and abandoning module SteamVRController (398)
[2018.09.02-20.29.15:131][314]LogModuleManager: Shutting down and abandoning module ProceduralMeshComponentEditor (396)
[2018.09.02-20.29.15:131][314]LogModuleManager: Shutting down and abandoning module ProceduralMeshComponent (394)
[2018.09.02-20.29.15:131][314]LogModuleManager: Shutting down and abandoning module OculusInput (392)
[2018.09.02-20.29.15:131][314]LogModuleManager: Shutting down and abandoning module MobilePatchingUtils (390)
[2018.09.02-20.29.15:131][314]LogModuleManager: Shutting down and abandoning module EditableMesh (388)
[2018.09.02-20.29.15:132][314]LogModuleManager: Shutting down and abandoning module CustomMeshComponent (386)
[2018.09.02-20.29.15:132][314]LogModuleManager: Shutting down and abandoning module CableComponent (384)
[2018.09.02-20.29.15:132][314]LogModuleManager: Shutting down and abandoning module AudioCapture (382)
[2018.09.02-20.29.15:132][314]LogModuleManager: Shutting down and abandoning module ArchVisCharacter (380)
[2018.09.02-20.29.15:132][314]LogModuleManager: Shutting down and abandoning module AndroidPermission (378)
[2018.09.02-20.29.15:132][314]LogModuleManager: Shutting down and abandoning module NUTUnrealEngine4 (376)
[2018.09.02-20.29.15:132][314]LogModuleManager: Shutting down and abandoning module NetcodeUnitTest (374)
[2018.09.02-20.29.15:134][314]LogModuleManager: Shutting down and abandoning module MediaCompositingEditor (372)
[2018.09.02-20.29.15:134][314]LogModuleManager: Shutting down and abandoning module MediaCompositing (370)
[2018.09.02-20.29.15:134][314]LogModuleManager: Shutting down and abandoning module LinearTimecode (368)
[2018.09.02-20.29.15:134][314]LogModuleManager: Shutting down and abandoning module ImgMedia (366)
[2018.09.02-20.29.15:138][314]LogModuleManager: Shutting down and abandoning module HTML5Networking (364)
[2018.09.02-20.29.15:138][314]LogModuleManager: Shutting down and abandoning module GeometryCacheTracks (362)
[2018.09.02-20.29.15:138][314]LogModuleManager: Shutting down and abandoning module GeometryCacheSequencer (360)
[2018.09.02-20.29.15:138][314]LogModuleManager: Shutting down and abandoning module BackChannel (358)
[2018.09.02-20.29.15:139][314]LogModuleManager: Shutting down and abandoning module AppleVision (356)
[2018.09.02-20.29.15:139][314]LogModuleManager: Shutting down and abandoning module AppleImageUtils (354)
[2018.09.02-20.29.15:139][314]LogModuleManager: Shutting down and abandoning module AlembicImporter (352)
[2018.09.02-20.29.15:139][314]LogModuleManager: Shutting down and abandoning module AlembicLibrary (351)
[2018.09.02-20.29.15:139][314]LogModuleManager: Shutting down and abandoning module GeometryCache (350)
[2018.09.02-20.29.15:139][314]LogModuleManager: Shutting down and abandoning module GeometryCacheEd (349)
[2018.09.02-20.29.15:139][314]LogModuleManager: Shutting down and abandoning module DatasmithContentEditor (344)
[2018.09.02-20.29.15:140][314]LogModuleManager: Shutting down and abandoning module DatasmithContent (342)
[2018.09.02-20.29.15:140][314]LogModuleManager: Shutting down and abandoning module SpeedTreeImporter (340)
[2018.09.02-20.29.15:140][314]LogModuleManager: Shutting down and abandoning module PluginBrowser (338)
[2018.09.02-20.29.15:143][314]LogModuleManager: Shutting down and abandoning module MobileLauncherProfileWizard (336)
[2018.09.02-20.29.15:143][314]LogModuleManager: Shutting down and abandoning module PolygonModeling (334)
[2018.09.02-20.29.15:143][314]LogModuleManager: Shutting down and abandoning module MeshEditor (332)
[2018.09.02-20.29.15:144][314]LogModuleManager: Shutting down and abandoning module CryptoKeysOpenSSL (330)
[2018.09.02-20.29.15:144][314]LogModuleManager: Shutting down and abandoning module CryptoKeys (328)
[2018.09.02-20.29.15:144][314]LogModuleManager: Shutting down and abandoning module VisualStudioSourceCodeAccess (326)
[2018.09.02-20.29.15:144][314]LogModuleManager: Shutting down and abandoning module VisualStudioCodeSourceCodeAccess (324)
[2018.09.02-20.29.15:144][314]LogModuleManager: Shutting down and abandoning module UObjectPlugin (322)
[2018.09.02-20.29.15:144][314]LogModuleManager: Shutting down and abandoning module SubversionSourceControl (320)
[2018.09.02-20.29.15:145][314]LogModuleManager: Shutting down and abandoning module PerforceSourceControl (318)
[2018.09.02-20.29.15:147][314]LogModuleManager: Shutting down and abandoning module GitSourceControl (316)
[2018.09.02-20.29.15:148][314]LogModuleManager: Shutting down and abandoning module SourceControl (315)
[2018.09.02-20.29.15:149][314]LogModuleManager: Shutting down and abandoning module CLionSourceCodeAccess (312)
[2018.09.02-20.29.15:149][314]LogModuleManager: Shutting down and abandoning module LightPropagationVolumeEditor (310)
[2018.09.02-20.29.15:149][314]LogModuleManager: Shutting down and abandoning module PaperTiledImporter (308)
[2018.09.02-20.29.15:149][314]LogModuleManager: Shutting down and abandoning module PaperSpriteSheetImporter (306)
[2018.09.02-20.29.15:149][314]LogModuleManager: Shutting down and abandoning module Paper2DEditor (304)
[2018.09.02-20.29.15:151][314]LogModuleManager: Shutting down and abandoning module MeshPaint (303)
[2018.09.02-20.29.15:151][314]LogModuleManager: Shutting down and abandoning module RuntimePhysXCooking (300)
[2018.09.02-20.29.15:151][314]LogModuleManager: Shutting down and abandoning module PhysXVehiclesEditor (298)
[2018.09.02-20.29.15:151][314]LogModuleManager: Shutting down and abandoning module PhysXVehicles (296)
[2018.09.02-20.29.15:151][314]LogModuleManager: Shutting down and abandoning module OculusEditor (294)
[2018.09.02-20.29.15:151][314]LogModuleManager: Shutting down and abandoning module LocationServicesBPLibrary (292)
[2018.09.02-20.29.15:152][314]LogModuleManager: Shutting down and abandoning module ImmediatePhysicsEditor (290)
[2018.09.02-20.29.15:152][314]LogModuleManager: Shutting down and abandoning module ImmediatePhysics (288)
[2018.09.02-20.29.15:152][314]LogModuleManager: Shutting down and abandoning module ActorSequence (286)
[2018.09.02-20.29.15:152][314]LogModuleManager: Shutting down and abandoning module UdpMessaging (284)
[2018.09.02-20.29.15:253][314]LogModuleManager: Shutting down and abandoning module TcpMessaging (282)
[2018.09.02-20.29.15:354][314]LogModuleManager: Shutting down and abandoning module SubstanceCore (280)
[2018.09.02-20.29.15:355][314]LogModuleManager: Shutting down and abandoning module MagicLeapAudio (278)
[2018.09.02-20.29.15:355][314]LogModuleManager: Shutting down and abandoning module GameplayTagsEditor (276)
[2018.09.02-20.29.15:356][314]LogModuleManager: Shutting down and abandoning module FacialAnimationEditor (274)
[2018.09.02-20.29.15:356][314]LogModuleManager: Shutting down and abandoning module FacialAnimation (272)
[2018.09.02-20.29.15:356][314]LogModuleManager: Shutting down and abandoning module DataValidation (270)
[2018.09.02-20.29.15:356][314]LogModuleManager: Shutting down and abandoning module AssetManagerEditor (268)
[2018.09.02-20.29.15:357][314]LogModuleManager: Shutting down and abandoning module LevelEditor (267)
[2018.09.02-20.29.15:359][314]LogModuleManager: Shutting down and abandoning module PixelInspectorModule (266)
[2018.09.02-20.29.15:360][314]LogModuleManager: Shutting down and abandoning module CommonMenuExtensions (264)
[2018.09.02-20.29.15:360][314]LogModuleManager: Shutting down and abandoning module MainFrame (262)
[2018.09.02-20.29.15:361][314]LogModuleManager: Shutting down and abandoning module HotReload (261)
[2018.09.02-20.29.15:362][314]LogModuleManager: Shutting down and abandoning module ContentBrowser (257)
[2018.09.02-20.29.15:364][314]LogModuleManager: Shutting down and abandoning module TreeMap (255)
[2018.09.02-20.29.15:364][314]LogModuleManager: Shutting down and abandoning module LightPropagationVolumeRuntime (252)
[2018.09.02-20.29.15:364][314]LogModuleManager: Shutting down and abandoning module AISupportModule (250)
[2018.09.02-20.29.15:364][314]LogModuleManager: Shutting down and abandoning module Paper2D (248)
[2018.09.02-20.29.15:365][314]LogModuleManager: Shutting down and abandoning module WindowsMoviePlayer (246)
[2018.09.02-20.29.15:366][314]LogModuleManager: Shutting down and abandoning module WmfMedia (244)
[2018.09.02-20.29.15:368][314]LogModuleManager: Shutting down and abandoning module Media (243)
[2018.09.02-20.29.15:374][314]LogModuleManager: Shutting down and abandoning module PacketHandler (240)
[2018.09.02-20.29.15:374][314]LogModuleManager: Shutting down and abandoning module ClothingSystemEditor (238)
[2018.09.02-20.29.15:374][314]LogModuleManager: Shutting down and abandoning module ClothingSystemRuntime (236)
[2018.09.02-20.29.15:375][314]LogModuleManager: Shutting down and abandoning module MediaAssets (234)
[2018.09.02-20.29.15:375][314]LogModuleManager: Shutting down and abandoning module Overlay (232)
[2018.09.02-20.29.15:375][314]LogModuleManager: Shutting down and abandoning module OverlayEditor (231)
[2018.09.02-20.29.15:375][314]LogModuleManager: Shutting down and abandoning module VREditor (228)
[2018.09.02-20.29.15:376][314]LogModuleManager: Shutting down and abandoning module StringTableEditor (226)
[2018.09.02-20.29.15:377][314]LogModuleManager: Shutting down and abandoning module GameplayTasksEditor (224)
[2018.09.02-20.29.15:377][314]LogModuleManager: Shutting down and abandoning module BehaviorTreeEditor (222)
[2018.09.02-20.29.15:379][314]LogModuleManager: Shutting down and abandoning module FunctionalTesting (220)
[2018.09.02-20.29.15:379][314]LogModuleManager: Shutting down and abandoning module CollisionAnalyzer (218)
[2018.09.02-20.29.15:381][314]LogModuleManager: Shutting down and abandoning module WorkspaceMenuStructure (217)
[2018.09.02-20.29.15:381][314]LogModuleManager: Shutting down and abandoning module UMG (214)
[2018.09.02-20.29.15:381][314]LogModuleManager: Shutting down and abandoning module UMGEditor (213)
[2018.09.02-20.29.15:383][314]LogModuleManager: Shutting down and abandoning module Sequencer (212)
[2018.09.02-20.29.15:385][314]LogModuleManager: Shutting down and abandoning module MessageLog (209)
[2018.09.02-20.29.15:385][314]LogModuleManager: Shutting down and abandoning module SlateReflector (204)
[2018.09.02-20.29.15:387][314]LogModuleManager: Shutting down and abandoning module Slate (202)
[2018.09.02-20.29.15:387][314]LogModuleManager: Shutting down and abandoning module EditorStyle (200)
[2018.09.02-20.29.15:390][314]LogModuleManager: Shutting down and abandoning module MRMesh (198)
[2018.09.02-20.29.15:391][314]LogModuleManager: Shutting down and abandoning module SourceCodeAccess (196)
[2018.09.02-20.29.15:391][314]LogModuleManager: Shutting down and abandoning module HeadMountedDisplay (194)
[2018.09.02-20.29.15:391][314]LogModuleManager: Shutting down and abandoning module XAudio2 (192)
[2018.09.02-20.29.15:391][314]LogModuleManager: Shutting down and abandoning module Networking (190)
[2018.09.02-20.29.15:391][314]LogModuleManager: Shutting down and abandoning module Core (188)
[2018.09.02-20.29.15:391][314]LogModuleManager: Shutting down and abandoning module LevelSequence (186)
[2018.09.02-20.29.15:391][314]LogModuleManager: Shutting down and abandoning module KismetCompiler (184)
[2018.09.02-20.29.15:391][314]LogModuleManager: Shutting down and abandoning module MeshUtilities (182)
[2018.09.02-20.29.15:392][314]LogModuleManager: Shutting down and abandoning module MeshMergeUtilities (181)
[2018.09.02-20.29.15:393][314]LogModuleManager: Shutting down and abandoning module MeshReductionInterface (180)
[2018.09.02-20.29.15:393][314]LogModuleManager: Shutting down and abandoning module SimplygonSwarm (179)
[2018.09.02-20.29.15:393][314]LogModuleManager: Shutting down and abandoning module ProxyLODMeshReduction (177)
[2018.09.02-20.29.15:394][314]LogModuleManager: Shutting down and abandoning module SimplygonMeshReduction (175)
[2018.09.02-20.29.15:394][314]LogModuleManager: Shutting down and abandoning module QuadricMeshReduction (173)
[2018.09.02-20.29.15:395][314]LogModuleManager: Shutting down and abandoning module MaterialBaking (169)
[2018.09.02-20.29.15:395][314]LogModuleManager: Shutting down and abandoning module DirectoryWatcher (165)
[2018.09.02-20.29.15:419][314]LogModuleManager: Shutting down and abandoning module DerivedDataCache (162)
[2018.09.02-20.29.15:494][314]LogDerivedDataCache: Shutdown
[2018.09.02-20.29.15:494][314]LogModuleManager: Shutting down and abandoning module XGEController (160)
[2018.09.02-20.29.15:494][314]LogXGEController: Cleaning working directory: C:/Users/mikey/AppData/Local/Temp/UnrealXGEWorkingDir/
[2018.09.02-20.29.15:495][314]LogModuleManager: Shutting down and abandoning module TargetPlatform (158)
[2018.09.02-20.29.15:495][314]LogModuleManager: Shutting down and abandoning module VulkanShaderFormat (157)
[2018.09.02-20.29.15:496][314]LogModuleManager: Shutting down and abandoning module ShaderFormatVectorVM (155)
[2018.09.02-20.29.15:496][314]LogModuleManager: Shutting down and abandoning module ShaderFormatOpenGL (153)
[2018.09.02-20.29.15:497][314]LogModuleManager: Shutting down and abandoning module ShaderFormatD3D (151)
[2018.09.02-20.29.15:497][314]LogModuleManager: Shutting down and abandoning module MetalShaderFormat (149)
[2018.09.02-20.29.15:498][314]LogModuleManager: Shutting down and abandoning module TextureFormatUncompressed (147)
[2018.09.02-20.29.15:498][314]LogModuleManager: Shutting down and abandoning module TextureFormatPVR (145)
[2018.09.02-20.29.15:498][314]LogModuleManager: Shutting down and abandoning module TextureFormatDXT (143)
[2018.09.02-20.29.15:498][314]LogModuleManager: Shutting down and abandoning module TextureFormatIntelISPCTexComp (141)
[2018.09.02-20.29.15:498][314]LogModuleManager: Shutting down and abandoning module TextureFormatASTC (139)
[2018.09.02-20.29.15:499][314]LogModuleManager: Shutting down and abandoning module ImageWrapper (138)
[2018.09.02-20.29.15:499][314]LogModuleManager: Shutting down and abandoning module TextureFormatAndroid (135)
[2018.09.02-20.29.15:499][314]LogModuleManager: Shutting down and abandoning module AudioFormatOpus (133)
[2018.09.02-20.29.15:499][314]LogModuleManager: Shutting down and abandoning module AudioFormatOgg (131)
[2018.09.02-20.29.15:499][314]LogModuleManager: Shutting down and abandoning module AudioFormatADPCM (129)
[2018.09.02-20.29.15:499][314]LogModuleManager: Shutting down and abandoning module LuminTargetPlatform (127)
[2018.09.02-20.29.15:499][314]LogModuleManager: Shutting down and abandoning module LinuxTargetPlatform (125)
[2018.09.02-20.29.15:499][314]LogModuleManager: Shutting down and abandoning module LinuxServerTargetPlatform (123)
[2018.09.02-20.29.15:499][314]LogModuleManager: Shutting down and abandoning module LinuxNoEditorTargetPlatform (121)
[2018.09.02-20.29.15:499][314]LogModuleManager: Shutting down and abandoning module LinuxClientTargetPlatform (119)
[2018.09.02-20.29.15:499][314]LogModuleManager: Shutting down and abandoning module TVOSTargetPlatform (117)
[2018.09.02-20.29.15:507][314]LogModuleManager: Shutting down and abandoning module Messaging (115)
[2018.09.02-20.29.15:507][314]LogModuleManager: Shutting down and abandoning module IOSTargetPlatform (113)
[2018.09.02-20.29.15:513][314]LogModuleManager: Shutting down and abandoning module HTML5TargetPlatform (111)
[2018.09.02-20.29.15:513][314]LogModuleManager: Shutting down and abandoning module AndroidTargetPlatform (109)
[2018.09.02-20.29.15:546][314]LogModuleManager: Shutting down and abandoning module WindowsTargetPlatform (107)
[2018.09.02-20.29.15:546][314]LogModuleManager: Shutting down and abandoning module WindowsServerTargetPlatform (105)
[2018.09.02-20.29.15:546][314]LogModuleManager: Shutting down and abandoning module WindowsNoEditorTargetPlatform (103)
[2018.09.02-20.29.15:546][314]LogModuleManager: Shutting down and abandoning module WindowsClientTargetPlatform (101)
[2018.09.02-20.29.15:546][314]LogModuleManager: Shutting down and abandoning module MacTargetPlatform (99)
[2018.09.02-20.29.15:546][314]LogModuleManager: Shutting down and abandoning module MacServerTargetPlatform (97)
[2018.09.02-20.29.15:546][314]LogModuleManager: Shutting down and abandoning module MacNoEditorTargetPlatform (95)
[2018.09.02-20.29.15:546][314]LogModuleManager: Shutting down and abandoning module MacClientTargetPlatform (93)
[2018.09.02-20.29.15:546][314]LogModuleManager: Shutting down and abandoning module AllDesktopTargetPlatform (91)
[2018.09.02-20.29.15:547][314]LogModuleManager: Shutting down and abandoning module InputCore (88)
[2018.09.02-20.29.15:547][314]LogModuleManager: Shutting down and abandoning module Settings (86)
[2018.09.02-20.29.15:547][314]LogModuleManager: Shutting down and abandoning module PhysXCooking (84)
[2018.09.02-20.29.15:547][314]LogModuleManager: Shutting down and abandoning module SteamVR (82)
[2018.09.02-20.29.15:547][314]LogModuleManager: Shutting down and abandoning module OculusHMD (80)
[2018.09.02-20.29.15:547][314]LogModuleManager: Shutting down and abandoning module ExampleDeviceProfileSelector (78)
[2018.09.02-20.29.15:547][314]LogModuleManager: Shutting down and abandoning module LauncherChunkInstaller (76)
[2018.09.02-20.29.15:547][314]LogModuleManager: Shutting down and abandoning module OnlineBlueprintSupport (74)
[2018.09.02-20.29.15:547][314]LogModuleManager: Shutting down and abandoning module OnlineSubsystem (70)
[2018.09.02-20.29.15:551][314]LogModuleManager: Shutting down and abandoning module XMPP (65)
[2018.09.02-20.29.15:552][314]LogModuleManager: Shutting down and abandoning module WebSockets (64)
[2018.09.02-20.29.15:558][314]LogModuleManager: Shutting down and abandoning module HTTP (61)
[2018.09.02-20.29.15:558][314]LogHttp: Display: Http module shutting down, but needs to wait on 1 outstanding Http requests:
[2018.09.02-20.29.15:558][314]LogHttp: Display: 	verb=[POST] url=[https://datarouter.ol.epicgames.com/datarouter/api/v1/public/data?SessionID=%7BD05E2554-45DF-83F9-E7BE-3E824D8FF5E9%7D&AppID=UEEditor.Rocket.Release&AppVersion=4.20.0-4212847%2B%2B%2BUE4%2BRelease-4.20&UserID=ec07022c4af9fd51145d0db19289c0e8%7C9aea4035aae84fc6a50e2bbd0bcac9c5%7Ccbe8bf3f-5855-4af8-b073-42d59ac0a56b&AppEnvironment=datacollector-binary&UploadType=eteventstream] status=Processing
[2018.09.02-20.29.15:558][314]LogHttp: Display: Sleeping 0.5s to wait for 1 outstanding Http requests.
[2018.09.02-20.29.16:060][314]LogHttp: Display: Sleeping 0.5s to wait for 1 outstanding Http requests.
[2018.09.02-20.29.16:560][314]LogHttp: Display: Sleeping 0.5s to wait for 1 outstanding Http requests.
[2018.09.02-20.29.17:060][314]LogHttp: Display: Sleeping 0.5s to wait for 1 outstanding Http requests.
[2018.09.02-20.29.17:561][314]LogHttp: Display: Sleeping 0.5s to wait for 1 outstanding Http requests.
[2018.09.02-20.29.18:062][314]LogHttp: Display: Sleeping 0.5s to wait for 1 outstanding Http requests.
[2018.09.02-20.29.18:563][314]LogHttp: Display: Sleeping 0.5s to wait for 1 outstanding Http requests.
[2018.09.02-20.29.19:063][314]LogHttp: Display: Sleeping 0.5s to wait for 1 outstanding Http requests.
[2018.09.02-20.29.19:564][314]LogHttp: Display: Sleeping 0.5s to wait for 1 outstanding Http requests.
[2018.09.02-20.29.20:064][314]LogHttp: Display: Sleeping 0.5s to wait for 1 outstanding Http requests.
[2018.09.02-20.29.20:565][314]LogHttp: Display: Sleeping 0.5s to wait for 1 outstanding Http requests.
[2018.09.02-20.29.21:065][314]LogHttp: Display: Sleeping 0.5s to wait for 1 outstanding Http requests.
[2018.09.02-20.29.21:566][314]LogHttp: Display: Sleeping 0.5s to wait for 1 outstanding Http requests.
[2018.09.02-20.29.22:066][314]LogHttp: Display: Sleeping 0.5s to wait for 1 outstanding Http requests.
[2018.09.02-20.29.22:567][314]LogHttp: Display: Sleeping 0.5s to wait for 1 outstanding Http requests.
[2018.09.02-20.29.23:067][314]LogHttp: Display: Sleeping 0.5s to wait for 1 outstanding Http requests.
[2018.09.02-20.29.23:568][314]LogHttp: Display: Sleeping 0.5s to wait for 1 outstanding Http requests.
[2018.09.02-20.29.24:068][314]LogHttp: Display: Sleeping 0.5s to wait for 1 outstanding Http requests.
[2018.09.02-20.29.24:569][314]LogHttp: Display: Sleeping 0.5s to wait for 1 outstanding Http requests.
[2018.09.02-20.29.25:069][314]LogHttp: Display: Sleeping 0.5s to wait for 1 outstanding Http requests.
[2018.09.02-20.29.25:570][314]LogHttp: Display: Sleeping 0.5s to wait for 1 outstanding Http requests.
[2018.09.02-20.29.26:070][314]LogHttp: Display: Sleeping 0.5s to wait for 1 outstanding Http requests.
[2018.09.02-20.29.26:571][314]LogHttp: Display: Sleeping 0.5s to wait for 1 outstanding Http requests.
[2018.09.02-20.29.27:071][314]LogHttp: Display: Sleeping 0.5s to wait for 1 outstanding Http requests.
[2018.09.02-20.29.27:572][314]LogHttp: Display: Sleeping 0.5s to wait for 1 outstanding Http requests.
[2018.09.02-20.29.28:073][314]LogHttp: Display: Sleeping 0.5s to wait for 1 outstanding Http requests.
[2018.09.02-20.29.28:574][314]LogHttp: Display: Sleeping 0.5s to wait for 1 outstanding Http requests.
[2018.09.02-20.29.29:074][314]LogHttp: Display: Sleeping 0.5s to wait for 1 outstanding Http requests.
[2018.09.02-20.29.29:575][314]LogHttp: Display: Sleeping 0.5s to wait for 1 outstanding Http requests.
[2018.09.02-20.29.30:076][314]LogHttp: Display: Sleeping 0.5s to wait for 1 outstanding Http requests.
[2018.09.02-20.29.30:576][314]LogHttp: Display: Sleeping 0.5s to wait for 1 outstanding Http requests.
[2018.09.02-20.29.31:077][314]LogHttp: Display: Sleeping 0.5s to wait for 1 outstanding Http requests.
[2018.09.02-20.29.31:578][314]LogHttp: Display: Sleeping 0.5s to wait for 1 outstanding Http requests.
[2018.09.02-20.29.32:078][314]LogHttp: Display: Sleeping 0.5s to wait for 1 outstanding Http requests.
[2018.09.02-20.29.32:579][314]LogHttp: Display: Sleeping 0.5s to wait for 1 outstanding Http requests.
[2018.09.02-20.29.33:079][314]LogHttp: Display: Sleeping 0.5s to wait for 1 outstanding Http requests.
[2018.09.02-20.29.33:580][314]LogHttp: Display: Sleeping 0.5s to wait for 1 outstanding Http requests.
[2018.09.02-20.29.34:081][314]LogHttp: Display: Sleeping 0.5s to wait for 1 outstanding Http requests.
[2018.09.02-20.29.34:582][314]LogHttp: Display: Sleeping 0.5s to wait for 1 outstanding Http requests.
[2018.09.02-20.29.35:082][314]LogHttp: Display: Sleeping 0.5s to wait for 1 outstanding Http requests.
[2018.09.02-20.29.35:583][314]LogHttp: Display: Sleeping 0.5s to wait for 1 outstanding Http requests.
[2018.09.02-20.29.36:083][314]LogHttp: Display: Sleeping 0.5s to wait for 1 outstanding Http requests.
[2018.09.02-20.29.36:583][314]LogHttp: Display: Sleeping 0.5s to wait for 1 outstanding Http requests.
[2018.09.02-20.29.37:084][314]LogHttp: Display: Sleeping 0.5s to wait for 1 outstanding Http requests.
[2018.09.02-20.29.37:584][314]LogHttp: Display: Sleeping 0.5s to wait for 1 outstanding Http requests.
[2018.09.02-20.29.38:085][314]LogHttp: Display: Sleeping 0.5s to wait for 1 outstanding Http requests.
[2018.09.02-20.29.38:585][314]LogHttp: Display: Sleeping 0.5s to wait for 1 outstanding Http requests.
[2018.09.02-20.29.39:086][314]LogHttp: Display: Sleeping 0.5s to wait for 1 outstanding Http requests.
[2018.09.02-20.29.39:586][314]LogHttp: Display: Sleeping 0.5s to wait for 1 outstanding Http requests.
[2018.09.02-20.29.40:087][314]LogHttp: Display: Sleeping 0.5s to wait for 1 outstanding Http requests.
[2018.09.02-20.29.40:587][314]LogHttp: Display: Sleeping 0.5s to wait for 1 outstanding Http requests.
[2018.09.02-20.29.41:088][314]LogHttp: Display: Sleeping 0.5s to wait for 1 outstanding Http requests.
[2018.09.02-20.29.41:588][314]LogHttp: Display: Sleeping 0.5s to wait for 1 outstanding Http requests.
[2018.09.02-20.29.42:089][314]LogHttp: Display: Sleeping 0.5s to wait for 1 outstanding Http requests.
[2018.09.02-20.29.42:590][314]LogHttp: Display: Sleeping 0.5s to wait for 1 outstanding Http requests.
[2018.09.02-20.29.43:090][314]LogHttp: Display: Sleeping 0.5s to wait for 1 outstanding Http requests.
[2018.09.02-20.29.43:591][314]LogHttp: Display: Sleeping 0.5s to wait for 1 outstanding Http requests.
[2018.09.02-20.29.44:092][314]LogHttp: Display: Sleeping 0.5s to wait for 1 outstanding Http requests.
[2018.09.02-20.29.44:593][314]LogHttp: Display: Sleeping 0.5s to wait for 1 outstanding Http requests.
[2018.09.02-20.29.45:093][314]LogHttp: Display: Sleeping 0.5s to wait for 1 outstanding Http requests.
[2018.09.02-20.29.45:594][314]LogHttp: Display: Sleeping 0.5s to wait for 1 outstanding Http requests.
[2018.09.02-20.29.46:094][314]LogHttp: Display: Sleeping 0.5s to wait for 1 outstanding Http requests.
[2018.09.02-20.29.46:596][314]LogHttp: Display: Sleeping 0.5s to wait for 1 outstanding Http requests.
[2018.09.02-20.29.47:097][314]LogHttp: Display: Sleeping 0.5s to wait for 1 outstanding Http requests.
[2018.09.02-20.29.47:598][314]LogHttp: Display: Sleeping 0.5s to wait for 1 outstanding Http requests.
[2018.09.02-20.29.48:098][314]LogHttp: Display: Sleeping 0.5s to wait for 1 outstanding Http requests.
[2018.09.02-20.29.48:599][314]LogHttp: Display: Sleeping 0.5s to wait for 1 outstanding Http requests.
[2018.09.02-20.29.49:100][314]LogHttp: Display: Sleeping 0.5s to wait for 1 outstanding Http requests.
[2018.09.02-20.29.49:600][314]LogHttp: Display: Sleeping 0.5s to wait for 1 outstanding Http requests.
[2018.09.02-20.29.50:101][314]LogHttp: Display: Sleeping 0.5s to wait for 1 outstanding Http requests.
[2018.09.02-20.29.50:602][314]LogHttp: Display: Sleeping 0.5s to wait for 1 outstanding Http requests.
[2018.09.02-20.29.51:102][314]LogHttp: Display: Sleeping 0.5s to wait for 1 outstanding Http requests.
[2018.09.02-20.29.51:603][314]LogHttp: Display: Sleeping 0.5s to wait for 1 outstanding Http requests.
[2018.09.02-20.29.52:104][314]LogHttp: Display: Sleeping 0.5s to wait for 1 outstanding Http requests.
[2018.09.02-20.29.52:604][314]LogHttp: Display: Sleeping 0.5s to wait for 1 outstanding Http requests.
[2018.09.02-20.29.53:105][314]LogHttp: Display: Sleeping 0.5s to wait for 1 outstanding Http requests.
[2018.09.02-20.29.53:605][314]LogHttp: Display: Sleeping 0.5s to wait for 1 outstanding Http requests.
[2018.09.02-20.29.54:106][314]LogHttp: Display: Sleeping 0.5s to wait for 1 outstanding Http requests.
[2018.09.02-20.29.54:606][314]LogHttp: Display: Sleeping 0.5s to wait for 1 outstanding Http requests.
[2018.09.02-20.29.55:107][314]LogHttp: Display: Sleeping 0.5s to wait for 1 outstanding Http requests.
[2018.09.02-20.29.55:608][314]LogHttp: Display: Sleeping 0.5s to wait for 1 outstanding Http requests.
[2018.09.02-20.29.56:108][314]LogHttp: Display: Sleeping 0.5s to wait for 1 outstanding Http requests.
[2018.09.02-20.29.56:609][314]LogHttp: Display: Sleeping 0.5s to wait for 1 outstanding Http requests.
[2018.09.02-20.29.57:110][314]LogHttp: Display: Sleeping 0.5s to wait for 1 outstanding Http requests.
[2018.09.02-20.29.57:610][314]LogHttp: Display: Sleeping 0.5s to wait for 1 outstanding Http requests.
[2018.09.02-20.29.58:111][314]LogHttp: Display: Sleeping 0.5s to wait for 1 outstanding Http requests.
[2018.09.02-20.29.58:612][314]LogHttp: Display: Sleeping 0.5s to wait for 1 outstanding Http requests.
[2018.09.02-20.29.59:112][314]LogHttp: Display: Sleeping 0.5s to wait for 1 outstanding Http requests.
[2018.09.02-20.29.59:613][314]LogHttp: Display: Sleeping 0.5s to wait for 1 outstanding Http requests.
[2018.09.02-20.30.00:113][314]LogHttp: Display: Sleeping 0.5s to wait for 1 outstanding Http requests.
[2018.09.02-20.30.00:613][314]LogHttp: Display: Sleeping 0.5s to wait for 1 outstanding Http requests.
[2018.09.02-20.30.01:113][314]LogHttp: Display: Sleeping 0.5s to wait for 1 outstanding Http requests.
[2018.09.02-20.30.01:614][314]LogHttp: Display: Sleeping 0.5s to wait for 1 outstanding Http requests.
[2018.09.02-20.30.02:114][314]LogHttp: Display: Sleeping 0.5s to wait for 1 outstanding Http requests.
[2018.09.02-20.30.02:615][314]LogHttp: Display: Sleeping 0.5s to wait for 1 outstanding Http requests.
[2018.09.02-20.30.03:115][314]LogHttp: Display: Sleeping 0.5s to wait for 1 outstanding Http requests.
[2018.09.02-20.30.03:616][314]LogHttp: Display: Sleeping 0.5s to wait for 1 outstanding Http requests.
[2018.09.02-20.30.04:116][314]LogHttp: Display: Sleeping 0.5s to wait for 1 outstanding Http requests.
[2018.09.02-20.30.04:617][314]LogHttp: Display: Sleeping 0.5s to wait for 1 outstanding Http requests.
[2018.09.02-20.30.05:117][314]LogHttp: Display: Sleeping 0.5s to wait for 1 outstanding Http requests.
[2018.09.02-20.30.05:618][314]LogHttp: Display: Sleeping 0.5s to wait for 1 outstanding Http requests.
[2018.09.02-20.30.06:119][314]LogHttp: Display: Sleeping 0.5s to wait for 1 outstanding Http requests.
[2018.09.02-20.30.06:619][314]LogHttp: Display: Sleeping 0.5s to wait for 1 outstanding Http requests.
[2018.09.02-20.30.07:120][314]LogHttp: Display: Sleeping 0.5s to wait for 1 outstanding Http requests.
[2018.09.02-20.30.07:621][314]LogHttp: Display: Sleeping 0.5s to wait for 1 outstanding Http requests.
[2018.09.02-20.30.08:122][314]LogHttp: Display: Sleeping 0.5s to wait for 1 outstanding Http requests.
[2018.09.02-20.30.08:623][314]LogHttp: Display: Sleeping 0.5s to wait for 1 outstanding Http requests.
[2018.09.02-20.30.09:123][314]LogHttp: Display: Sleeping 0.5s to wait for 1 outstanding Http requests.
[2018.09.02-20.30.09:624][314]LogHttp: Display: Sleeping 0.5s to wait for 1 outstanding Http requests.
[2018.09.02-20.30.10:124][314]LogHttp: Display: Sleeping 0.5s to wait for 1 outstanding Http requests.
[2018.09.02-20.30.10:625][314]LogHttp: Display: Sleeping 0.5s to wait for 1 outstanding Http requests.
[2018.09.02-20.30.11:125][314]LogHttp: Display: Sleeping 0.5s to wait for 1 outstanding Http requests.
[2018.09.02-20.30.11:626][314]LogHttp: Display: Sleeping 0.5s to wait for 1 outstanding Http requests.
[2018.09.02-20.30.12:127][314]LogHttp: Display: Sleeping 0.5s to wait for 1 outstanding Http requests.
[2018.09.02-20.30.12:640][314]LogModuleManager: Shutting down and abandoning module SSL (60)
[2018.09.02-20.30.12:643][314]LogModuleManager: Shutting down and abandoning module MagicLeapEmulator (56)
[2018.09.02-20.30.12:643][314]LogModuleManager: Shutting down and abandoning module MagicLeapPrivileges (54)
[2018.09.02-20.30.12:643][314]LogModuleManager: Shutting down and abandoning module MagicLeapIdentity (52)
[2018.09.02-20.30.12:643][314]LogModuleManager: Shutting down and abandoning module MagicLeapHelperVulkan (50)
[2018.09.02-20.30.12:643][314]LogModuleManager: Shutting down and abandoning module MagicLeapHelperOpenGL (48)
[2018.09.02-20.30.12:643][314]LogModuleManager: Shutting down and abandoning module MagicLeapSecureStorage (46)
[2018.09.02-20.30.12:643][314]LogModuleManager: Shutting down and abandoning module MagicLeapGestures (44)
[2018.09.02-20.30.12:643][314]LogModuleManager: Shutting down and abandoning module MagicLeapEyeTracker (42)
[2018.09.02-20.30.12:643][314]LogModuleManager: Shutting down and abandoning module MagicLeapController (40)
[2018.09.02-20.30.12:644][314]LogSlate: Slate User Destroyed.  User Index 0, Is Virtual User: 0
[2018.09.02-20.30.12:644][314]LogModuleManager: Shutting down and abandoning module MagicLeap (38)
[2018.09.02-20.30.12:645][314]LogModuleManager: Shutting down and abandoning module AnimationModifiers (36)
[2018.09.02-20.30.12:646][314]LogModuleManager: Shutting down and abandoning module PropertyEditor (35)
[2018.09.02-20.30.12:647][314]LogModuleManager: Shutting down and abandoning module AudioEditor (32)
[2018.09.02-20.30.12:648][314]LogModuleManager: Shutting down and abandoning module TextureCompressor (30)
[2018.09.02-20.30.12:648][314]LogModuleManager: Shutting down and abandoning module ShaderCore (28)
[2018.09.02-20.30.12:648][314]LogModuleManager: Shutting down and abandoning module Landscape (26)
[2018.09.02-20.30.12:648][314]LogModuleManager: Shutting down and abandoning module SlateRHIRenderer (24)
[2018.09.02-20.30.12:650][314]LogModuleManager: Shutting down and abandoning module OpenGLDrv (22)
[2018.09.02-20.30.12:650][314]LogModuleManager: Shutting down and abandoning module D3D11RHI (20)
[2018.09.02-20.30.12:650][314]LogModuleManager: Shutting down and abandoning module AnimGraphRuntime (18)
[2018.09.02-20.30.12:651][314]LogModuleManager: Shutting down and abandoning module Renderer (16)
[2018.09.02-20.30.12:651][314]LogModuleManager: Shutting down and abandoning module Engine (14)
[2018.09.02-20.30.12:651][314]LogModuleManager: Shutting down and abandoning module CoreUObject (12)
[2018.09.02-20.30.12:651][314]LogModuleManager: Shutting down and abandoning module NetworkFile (10)
[2018.09.02-20.30.12:651][314]LogModuleManager: Shutting down and abandoning module CookedIterativeFile (8)
[2018.09.02-20.30.12:651][314]LogModuleManager: Shutting down and abandoning module StreamingFile (6)
[2018.09.02-20.30.12:652][314]LogModuleManager: Shutting down and abandoning module SandboxFile (4)
[2018.09.02-20.30.12:652][314]LogModuleManager: Shutting down and abandoning module PakFile (2)
[2018.09.02-20.30.12:659][314]LogExit: Exiting.
[2018.09.02-20.30.12:689][314]Log file closed, 09/02/18 21:30:12
