Log file open, 08/21/18 16:50:44
LogWindows: Failed to load 'aqProf.dll' (GetLastError=126)
LogWindows: File 'aqProf.dll' does not exist
LogWindows: Failed to load 'VSPerf140.dll' (GetLastError=126)
LogWindows: File 'VSPerf140.dll' does not exist
LogWindows: Failed to load 'VtuneApi.dll' (GetLastError=126)
LogWindows: File 'VtuneApi.dll' does not exist
LogWindows: Failed to load 'VtuneApi32e.dll' (GetLastError=126)
LogWindows: File 'VtuneApi32e.dll' does not exist
LogInit: Display: Running engine for game: BeyondHuman
LogPlatformFile: Not using cached read wrapper
LogTaskGraph: Started task graph with 5 named threads and 23 total threads with 3 sets of task threads.
LogStats: Stats thread started at 5.003988
LogD3D11RHI: Loaded GFSDK_Aftermath_Lib.x64.dll
LogICUInternationalization: Display: ICU TimeZone Detection - Raw Offset: +0:00, Platform Override: ''
LogPluginManager: Mounting plugin Paper2D
LogPluginManager: Mounting plugin AISupport
LogPluginManager: Mounting plugin LightPropagationVolume
LogPluginManager: Mounting plugin CLionSourceCodeAccess
LogPluginManager: Mounting plugin CodeLiteSourceCodeAccess
LogPluginManager: Mounting plugin GitSourceControl
LogPluginManager: Mounting plugin KDevelopSourceCodeAccess
LogPluginManager: Mounting plugin NullSourceCodeAccess
LogPluginManager: Mounting plugin PerforceSourceControl
LogPluginManager: Mounting plugin SubversionSourceControl
LogPluginManager: Mounting plugin UObjectPlugin
LogPluginManager: Mounting plugin VisualStudioCodeSourceCodeAccess
LogPluginManager: Mounting plugin VisualStudioSourceCodeAccess
LogPluginManager: Mounting plugin XCodeSourceCodeAccess
LogPluginManager: Mounting plugin AssetManagerEditor
LogPluginManager: Mounting plugin CryptoKeys
LogPluginManager: Mounting plugin DataValidation
LogPluginManager: Mounting plugin FacialAnimation
LogPluginManager: Mounting plugin GameplayTagsEditor
LogPluginManager: Mounting plugin MacGraphicsSwitching
LogPluginManager: Mounting plugin MeshEditor
LogPluginManager: Mounting plugin MobileLauncherProfileWizard
LogPluginManager: Mounting plugin PluginBrowser
LogPluginManager: Mounting plugin SpeedTreeImporter
LogPluginManager: Mounting plugin DatasmithContent
LogPluginManager: Mounting plugin AlembicImporter
LogPluginManager: Mounting plugin AppleImageUtils
LogPluginManager: Mounting plugin AppleVision
LogPluginManager: Mounting plugin BackChannel
LogPluginManager: Mounting plugin CharacterAI
LogPluginManager: Mounting plugin GeometryCache
LogPluginManager: Mounting plugin HTML5Networking
LogPluginManager: Mounting plugin ProxyLODPlugin
LogPluginManager: Mounting plugin MagicLeap
LogPluginManager: Mounting plugin MagicLeapEmulator
LogPluginManager: Mounting plugin MagicLeapMedia
LogPluginManager: Mounting plugin Substance
LogPluginManager: Mounting plugin AndroidMedia
LogPluginManager: Mounting plugin AvfMedia
LogPluginManager: Mounting plugin ImgMedia
LogPluginManager: Mounting plugin LinearTimecode
LogPluginManager: Mounting plugin MediaCompositing
LogPluginManager: Mounting plugin MediaPlayerEditor
LogPluginManager: Mounting plugin WmfMedia
LogPluginManager: Mounting plugin TcpMessaging
LogPluginManager: Mounting plugin UdpMessaging
LogPluginManager: Mounting plugin ActorSequence
LogPluginManager: Mounting plugin LevelSequenceEditor
LogPluginManager: Mounting plugin MatineeToLevelSequence
LogPluginManager: Mounting plugin NetcodeUnitTest
LogPluginManager: Mounting plugin NUTUnrealEngine4
LogPluginManager: Mounting plugin OnlineSubsystemGooglePlay
LogPluginManager: Mounting plugin OnlineSubsystemIOS
LogPluginManager: Mounting plugin OnlineSubsystem
LogPluginManager: Mounting plugin OnlineSubsystemNull
LogPluginManager: Mounting plugin OnlineSubsystemUtils
LogPluginManager: Mounting plugin LauncherChunkInstaller
LogPluginManager: Mounting plugin AndroidDeviceProfileSelector
LogPluginManager: Mounting plugin AndroidMoviePlayer
LogPluginManager: Mounting plugin AndroidPermission
LogPluginManager: Mounting plugin AppleMoviePlayer
LogPluginManager: Mounting plugin ArchVisCharacter
LogPluginManager: Mounting plugin AudioCapture
LogPluginManager: Mounting plugin CableComponent
LogPluginManager: Mounting plugin CustomMeshComponent
LogPluginManager: Mounting plugin EditableMesh
LogPluginManager: Mounting plugin ExampleDeviceProfileSelector
LogPluginManager: Mounting plugin GoogleCloudMessaging
LogPluginManager: Mounting plugin ImmediatePhysics
LogPluginManager: Mounting plugin IOSDeviceProfileSelector
LogPluginManager: Mounting plugin LinuxDeviceProfileSelector
LogPluginManager: Mounting plugin LocationServicesBPLibrary
LogPluginManager: Mounting plugin MobilePatchingUtils
LogPluginManager: Mounting plugin OculusVR
LogPluginManager: Plugin shader directory ../../../Engine/Plugins/Runtime/Oculus/OculusVR/Shaders found
LogPluginManager: Mapping shader source directory ../../../Engine/Plugins/Runtime/Oculus/OculusVR/Shaders to virtual directory /Plugin/OculusVR
LogPluginManager: Mounting plugin PhysXVehicles
LogPluginManager: Mounting plugin ProceduralMeshComponent
LogPluginManager: Mounting plugin RuntimePhysXCooking
LogPluginManager: Mounting plugin SteamVR
LogPluginManager: Mounting plugin WindowsMoviePlayer
LogStreaming: Display: Took  1.161s to configure plugins.
LogInit: Using libcurl 7.55.1-DEV
LogInit:  - built for x86_64-pc-win32
LogInit:  - supports SSL with OpenSSL/1.0.2h
LogInit:  - supports HTTP deflate (compression) using libz 1.2.8
LogInit:  - other features:
LogInit:      CURL_VERSION_SSL
LogInit:      CURL_VERSION_LIBZ
LogInit:      CURL_VERSION_IPV6
LogInit:      CURL_VERSION_ASYNCHDNS
LogInit:      CURL_VERSION_LARGEFILE
LogInit:      CURL_VERSION_IDN
LogInit:  CurlRequestOptions (configurable via config and command line):
LogInit:  - bVerifyPeer = false  - Libcurl will NOT verify peer certificate
LogInit:  - bUseHttpProxy = false  - Libcurl will NOT use HTTP proxy
LogInit:  - bDontReuseConnections = false  - Libcurl will reuse connections
LogInit:  - CertBundlePath = nullptr  - Libcurl will use whatever was configured at build time.
LogInit:  - MaxHostConnections = 16  - Libcurl will limit the number of connections to a host
LogInit:  - LocalHostAddr = Default
LogInit:  - BufferSize = 65536
LogInit: WinSock: version 1.1 (2.2), MaxSocks=32767, MaxUdp=65467
LogInit: Build: ++UE4+Release-4.20-CL-4212847
LogInit: Engine Version: 4.20.0-4212847+++UE4+Release-4.20
LogInit: Compatible Engine Version: 4.20.0-4212847+++UE4+Release-4.20
LogInit: Net CL: 4212847
LogInit: OS: Windows 10 (), CPU: Intel(R) Core(TM) i7-6700HQ CPU @ 2.60GHz, GPU: Intel(R) HD Graphics 530
LogInit: Compiled (64-bit): Jul 14 2018 09:51:14
LogInit: Compiled with Visual C++: 19.13.26129.00
LogInit: Build Configuration: Development
LogInit: Branch Name: ++UE4+Release-4.20
LogInit: Command Line:  
LogInit: Base Directory: C:/Program Files/Epic Games/UE_4.20/Engine/Binaries/Win64/
LogInit: Installed Engine Build: 1
LogDevObjectVersion: Number of dev versions registered: 20
LogDevObjectVersion:   Dev-Blueprints (B0D832E4-1F89-4F0D-ACCF-7EB736FD4AA2): 10
LogDevObjectVersion:   Dev-Build (E1C64328-A22C-4D53-A36C-8E866417BD8C): 0
LogDevObjectVersion:   Dev-Core (375EC13C-06E4-48FB-B500-84F0262A717E): 2
LogDevObjectVersion:   Dev-Editor (E4B068ED-F494-42E9-A231-DA0B2E46BB41): 24
LogDevObjectVersion:   Dev-Framework (CFFC743F-43B0-4480-9391-14DF171D2073): 34
LogDevObjectVersion:   Dev-Mobile (B02B49B5-BB20-44E9-A304-32B752E40360): 2
LogDevObjectVersion:   Dev-Networking (A4E4105C-59A1-49B5-A7C5-40C4547EDFEE): 0
LogDevObjectVersion:   Dev-Online (39C831C9-5AE6-47DC-9A44-9C173E1C8E7C): 0
LogDevObjectVersion:   Dev-Physics (78F01B33-EBEA-4F98-B9B4-84EACCB95AA2): 0
LogDevObjectVersion:   Dev-Platform (6631380F-2D4D-43E0-8009-CF276956A95A): 0
LogDevObjectVersion:   Dev-Rendering (12F88B9F-8875-4AFC-A67C-D90C383ABD29): 26
LogDevObjectVersion:   Dev-Sequencer (7B5AE74C-D270-4C10-A958-57980B212A5A): 9
LogDevObjectVersion:   Dev-VR (D7296918-1DD6-4BDD-9DE2-64A83CC13884): 2
LogDevObjectVersion:   Dev-LoadTimes (C2A15278-BFE7-4AFE-6C17-90FF531DF755): 1
LogDevObjectVersion:   Private-Geometry (6EACA3D4-40EC-4CC1-B786-8BED09428FC5): 3
LogDevObjectVersion:   Dev-AnimPhys (29E575DD-E0A3-4627-9D10-D276232CDCEA): 17
LogDevObjectVersion:   Dev-ReflectionCapture (6B266CEC-1EC7-4B8F-A30B-E4D90942FC07): 1
LogDevObjectVersion:   Dev-Automation (0DF73D61-A23F-47EA-B727-89E90C41499A): 1
LogDevObjectVersion:   FortniteMain (601D1886-AC64-4F84-AA16-D3DE0DEAC7D6): 12
LogDevObjectVersion:   Dev-Enterprise (9DFFBCD6-494F-0158-E221-12823C92A888): 1
LogStreaming: Display: Took  0.119s to delete old logs.
LogInit: Presizing for max 8388607 objects, including 0 objects not considered by GC, pre-allocating 0 bytes for permanent pool.
LogInit: Object subsystem initialized
[2018.08.21-15.50.50:315][  0]LogInit: Selected Device Profile: [Windows]
[2018.08.21-15.50.50:315][  0]LogInit: Applying CVar settings loaded from the selected device profile: [Windows]
[2018.08.21-15.50.50:435][  0]LogHAL: Display: Platform has ~ 8 GB [8456720384 / 8589934592 / 8], which maps to Default [LargestMinGB=32, LargerMinGB=12, DefaultMinGB=8, SmallerMinGB=6, SmallestMinGB=0)
[2018.08.21-15.50.50:471][  0]LogInit: Setting Device Profile CVar: [[r.Vulkan.UseRealUBs:1]]
[2018.08.21-15.50.50:472][  0]LogInit: Going up to parent DeviceProfile []
[2018.08.21-15.50.50:552][  0]LogInit: Computer: DESKTOP-MKF8VAK
[2018.08.21-15.50.50:552][  0]LogInit: User: mikey
[2018.08.21-15.50.50:553][  0]LogInit: CPU Page size=4096, Cores=4
[2018.08.21-15.50.50:553][  0]LogInit: High frequency timer resolution =2.531251 MHz
[2018.08.21-15.50.50:553][  0]LogMemory: Memory total: Physical=7.9GB (8GB approx)
[2018.08.21-15.50.50:553][  0]LogMemory: Platform Memory Stats for Windows
[2018.08.21-15.50.50:553][  0]LogMemory: Process Physical Memory: 98.74 MB used, 98.74 MB peak
[2018.08.21-15.50.50:553][  0]LogMemory: Process Virtual Memory: 90.91 MB used, 90.91 MB peak
[2018.08.21-15.50.50:553][  0]LogMemory: Physical Memory: 5696.29 MB used,  2368.66 MB free, 8064.96 MB total
[2018.08.21-15.50.50:553][  0]LogMemory: Virtual Memory: 4640.08 MB used,  2368.66 MB free, 134217728.00 MB total
[2018.08.21-15.50.52:390][  0]LogInit: Using OS detected language (en-US).
[2018.08.21-15.50.52:390][  0]LogInit: Using OS detected locale (en-GB).
[2018.08.21-15.50.52:435][  0]LogTextLocalizationManager: No specific localization for 'en-US' exists, so the 'en' localization will be used.
[2018.08.21-15.50.53:895][  0]LogStreaming: Display: Took  1.474s to InitEngineTextLocalization.
[2018.08.21-15.50.53:913][  0]LogInit: Setting process to per monitor DPI aware
[2018.08.21-15.50.55:932][  0]LogSlate: New Slate User Created.  User Index 0, Is Virtual User: 0
[2018.08.21-15.50.55:933][  0]LogSlate: Slate User Registered.  User Index 0, Is Virtual User: 0
[2018.08.21-15.51.00:123][  0]LogHMD: Failed to initialize OpenVR with code 110
[2018.08.21-15.51.00:123][  0]LogD3D11RHI: D3D11 adapters:
[2018.08.21-15.51.00:277][  0]LogD3D11RHI:    0. 'NVIDIA GeForce GTX 960M' (Feature Level 11_0)
[2018.08.21-15.51.00:277][  0]LogD3D11RHI:       4065/0/4032 MB DedicatedVideo/DedicatedSystem/SharedSystem, Outputs:2, VendorId:0x10de
[2018.08.21-15.51.00:318][  0]LogD3D11RHI:    1. 'Intel(R) HD Graphics 530' (Feature Level 11_0)
[2018.08.21-15.51.00:318][  0]LogD3D11RHI:       128/0/4032 MB DedicatedVideo/DedicatedSystem/SharedSystem, Outputs:0, VendorId:0x8086
[2018.08.21-15.51.00:334][  0]LogD3D11RHI:    2. 'Microsoft Basic Render Driver' (Feature Level 11_0)
[2018.08.21-15.51.00:334][  0]LogD3D11RHI:       0/0/4032 MB DedicatedVideo/DedicatedSystem/SharedSystem, Outputs:0, VendorId:0x1414
[2018.08.21-15.51.00:334][  0]LogD3D11RHI: Chosen D3D11 Adapter: 0
[2018.08.21-15.51.00:394][  0]LogD3D11RHI: Creating new Direct3DDevice
[2018.08.21-15.51.00:394][  0]LogD3D11RHI:     GPU DeviceId: 0x139b (for the marketing name, search the web for "GPU Device Id")
[2018.08.21-15.51.00:407][  0]LogWindows: EnumDisplayDevices:
[2018.08.21-15.51.00:408][  0]LogWindows:    0. 'Intel(R) HD Graphics 530' (P:0 D:1)
[2018.08.21-15.51.00:408][  0]LogWindows:    1. 'Intel(R) HD Graphics 530' (P:1 D:1)
[2018.08.21-15.51.00:409][  0]LogWindows:    2. 'Intel(R) HD Graphics 530' (P:0 D:0)
[2018.08.21-15.51.00:409][  0]LogWindows: DebugString: PrimaryIsNotTheChoosenAdapter PrimaryIsNotTheChoosenAdapter PrimaryIsNotTheChoosenAdapter FoundDriverCount:0 
[2018.08.21-15.51.00:409][  0]LogD3D11RHI:     Adapter Name: NVIDIA GeForce GTX 960M
[2018.08.21-15.51.00:409][  0]LogD3D11RHI:   Driver Version: Unknown (internal:Unknown, unified:Unknown)
[2018.08.21-15.51.00:409][  0]LogD3D11RHI:      Driver Date: Unknown
[2018.08.21-15.51.00:409][  0]LogRHI: Texture pool is 2846 MB (70% of 4065 MB)
[2018.08.21-15.51.00:516][  0]LogD3D11RHI: Async texture creation enabled
[2018.08.21-15.51.01:141][  0]LogD3D11RHI: GPU Timing Frequency: 1000.000000 (Debug: 2 6)
[2018.08.21-15.51.01:229][  0]LogShaderCompilers: Guid format shader working directory is -22 characters bigger than the processId version (../../../../../../Users/mikey/Documents/Unreal Projects/BeyondHuman/Intermediate/Shaders/WorkingDirectory/15828/).
[2018.08.21-15.51.01:229][  0]LogShaderCompilers: Cleaned the shader compiler working directory 'C:/Users/mikey/AppData/Local/Temp/UnrealShaderWorkingDir/1B8D98B1432E21646CBABA8FF9B277BD/'.
[2018.08.21-15.51.09:312][  0]LogTemp: Display: Loaded TP AllDesktopTargetPlatform
[2018.08.21-15.51.09:357][  0]LogTemp: Display: Loaded TP MacClientTargetPlatform
[2018.08.21-15.51.09:413][  0]LogTemp: Display: Loaded TP MacNoEditorTargetPlatform
[2018.08.21-15.51.09:444][  0]LogTemp: Display: Loaded TP MacServerTargetPlatform
[2018.08.21-15.51.09:519][  0]LogTemp: Display: Loaded TP MacTargetPlatform
[2018.08.21-15.51.09:587][  0]LogTemp: Display: Loaded TP WindowsClientTargetPlatform
[2018.08.21-15.51.09:666][  0]LogTemp: Display: Loaded TP WindowsNoEditorTargetPlatform
[2018.08.21-15.51.09:716][  0]LogTemp: Display: Loaded TP WindowsServerTargetPlatform
[2018.08.21-15.51.09:812][  0]LogTemp: Display: Loaded TP WindowsTargetPlatform
[2018.08.21-15.51.10:043][  0]LogTemp: Display: Loaded TP AndroidTargetPlatform
[2018.08.21-15.51.10:043][  0]LogTemp: Display: Loaded TP AndroidTargetPlatform
[2018.08.21-15.51.10:043][  0]LogTemp: Display: Loaded TP AndroidTargetPlatform
[2018.08.21-15.51.10:043][  0]LogTemp: Display: Loaded TP AndroidTargetPlatform
[2018.08.21-15.51.10:043][  0]LogTemp: Display: Loaded TP AndroidTargetPlatform
[2018.08.21-15.51.10:043][  0]LogTemp: Display: Loaded TP AndroidTargetPlatform
[2018.08.21-15.51.10:043][  0]LogTemp: Display: Loaded TP AndroidTargetPlatform
[2018.08.21-15.51.10:043][  0]LogTemp: Display: Loaded TP AndroidTargetPlatform
[2018.08.21-15.51.10:043][  0]LogTemp: Display: Loaded TP AndroidTargetPlatform
[2018.08.21-15.51.10:043][  0]LogTemp: Display: Loaded TP AndroidTargetPlatform
[2018.08.21-15.51.10:043][  0]LogTemp: Display: Loaded TP AndroidTargetPlatform
[2018.08.21-15.51.10:043][  0]LogTemp: Display: Loaded TP AndroidTargetPlatform
[2018.08.21-15.51.10:043][  0]LogTemp: Display: Loaded TP AndroidTargetPlatform
[2018.08.21-15.51.10:043][  0]LogTemp: Display: Loaded TP AndroidTargetPlatform
[2018.08.21-15.51.10:043][  0]LogTemp: Display: Loaded TP AndroidTargetPlatform
[2018.08.21-15.51.10:043][  0]LogTemp: Display: Loaded TP AndroidTargetPlatform
[2018.08.21-15.51.10:043][  0]LogTemp: Display: Loaded TP AndroidTargetPlatform
[2018.08.21-15.51.10:043][  0]LogTemp: Display: Loaded TP AndroidTargetPlatform
[2018.08.21-15.51.10:233][  0]LogTemp: Display: Loaded TP HTML5TargetPlatform
[2018.08.21-15.51.10:639][  0]LogTemp: Display: Loaded TP IOSTargetPlatform
[2018.08.21-15.51.10:639][  0]LogTemp: Display: Loaded TP IOSTargetPlatform
[2018.08.21-15.51.10:741][  0]LogTemp: Display: Loaded TP TVOSTargetPlatform
[2018.08.21-15.51.10:741][  0]LogTemp: Display: Loaded TP TVOSTargetPlatform
[2018.08.21-15.51.10:836][  0]LogTemp: Display: Loaded TP LinuxClientTargetPlatform
[2018.08.21-15.51.10:953][  0]LogTemp: Display: Loaded TP LinuxNoEditorTargetPlatform
[2018.08.21-15.51.11:046][  0]LogTemp: Display: Loaded TP LinuxServerTargetPlatform
[2018.08.21-15.51.11:132][  0]LogTemp: Display: Loaded TP LinuxTargetPlatform
[2018.08.21-15.51.11:179][  0]LogTemp: Display: Loaded TP LuminTargetPlatform
[2018.08.21-15.51.11:179][  0]LogTargetPlatformManager: Display: Building Assets For Windows
[2018.08.21-15.51.12:870][  0]LogXGEController: Cleaning working directory: C:/Users/mikey/AppData/Local/Temp/UnrealXGEWorkingDir/
[2018.08.21-15.51.12:871][  0]LogXGEController: Cannot use XGE Controller as Incredibuild is not installed on this machine.
[2018.08.21-15.51.12:871][  0]LogShaderCompilers: Cannot use XGE Shader Compiler as Incredibuild is not installed on this machine.
[2018.08.21-15.51.12:871][  0]LogShaderCompilers: Display: Using Local Shader Compiler.
[2018.08.21-15.51.17:612][  0]LogDerivedDataCache: Display: Max Cache Size: 512 MB
[2018.08.21-15.51.18:715][  0]LogDerivedDataCache: Loaded boot cache 1.07s 71MB C:/Users/mikey/AppData/Local/UnrealEngine/4.20/DerivedDataCache/Boot.ddc.
[2018.08.21-15.51.18:715][  0]LogDerivedDataCache: Display: Loaded Boot cache: C:/Users/mikey/AppData/Local/UnrealEngine/4.20/DerivedDataCache/Boot.ddc
[2018.08.21-15.51.18:716][  0]LogDerivedDataCache: FDerivedDataBackendGraph:  Pak pak cache file ../../../../../../Users/mikey/Documents/Unreal Projects/BeyondHuman/DerivedDataCache/DDC.ddp not found, will not use a pak cache.
[2018.08.21-15.51.18:716][  0]LogDerivedDataCache: Unable to find inner node Pak for hierarchical cache Hierarchy.
[2018.08.21-15.51.18:716][  0]LogDerivedDataCache: FDerivedDataBackendGraph:  CompressedPak pak cache file ../../../../../../Users/mikey/Documents/Unreal Projects/BeyondHuman/DerivedDataCache/Compressed.ddp not found, will not use a pak cache.
[2018.08.21-15.51.18:716][  0]LogDerivedDataCache: Unable to find inner node CompressedPak for hierarchical cache Hierarchy.
[2018.08.21-15.51.18:826][  0]LogDerivedDataCache: Display: Pak cache opened for reading ../../../Engine/DerivedDataCache/Compressed.ddp.
[2018.08.21-15.51.18:876][  0]LogDerivedDataCache: Using Local data cache path C:/Users/mikey/AppData/Local/UnrealEngine/Common/DerivedDataCache: Writable
[2018.08.21-15.51.18:876][  0]LogDerivedDataCache: Shared data cache path not found in *engine.ini, will not use an Shared cache.
[2018.08.21-15.51.18:876][  0]LogDerivedDataCache: Unable to find inner node Shared for hierarchical cache Hierarchy.
[2018.08.21-15.51.18:992][  0]LogMaterial: Verifying Global Shaders for PCD3D_SM5
[2018.08.21-15.51.19:039][  0]LogSlate: Using FreeType 2.6.0
[2018.08.21-15.51.19:292][  0]LogSlate: SlateFontServices - WITH_FREETYPE: 1, WITH_HARFBUZZ: 1
[2018.08.21-15.51.21:356][  0]LogAssetRegistry: FAssetRegistry took 0.0537 seconds to start up
[2018.08.21-15.51.25:619][  0]LogInit: Selected Device Profile: [Windows]
[2018.08.21-15.51.30:690][  0]LogSimplygon: Simplygon DLL not present - disabling.
[2018.08.21-15.51.31:471][  0]LogMeshReduction: Using SimplygonSwarm for distributed automatic mesh merging
[2018.08.21-15.51.31:472][  0]LogMeshReduction: Using ProxyLODMeshReduction for automatic mesh merging
[2018.08.21-15.51.31:472][  0]LogMeshReduction: Using QuadricMeshReduction for automatic static mesh reduction
[2018.08.21-15.51.31:472][  0]LogMeshReduction: No automatic skeletal mesh reduction module available
[2018.08.21-15.51.33:344][  0]LogNetVersion: BeyondHuman 1.0.0, NetCL: 4212847, EngineNetVer: 5, GameNetVer: 0 (Checksum: 671501493)
[2018.08.21-15.51.47:332][  0]LogPackageLocalizationCache: Processed 11 localized package path(s) for 2 prioritized culture(s) in 0.388089 seconds
[2018.08.21-15.51.47:395][  0]LogUObjectArray: 38425 objects as part of root set at end of initial load.
[2018.08.21-15.51.47:395][  0]LogUObjectAllocator: 6690872 out of 0 bytes used by permanent object pool.
[2018.08.21-15.51.47:395][  0]LogUObjectArray: CloseDisregardForGC: 0/0 objects in disregard for GC pool
[2018.08.21-15.52.36:341][  0]LogSubstanceCoreModule: Substance [CPU] Engine Loaded, Max Texture Size = 2048
[2018.08.21-15.52.36:510][  0]LogTcpMessaging: Initializing TcpMessaging bridge
[2018.08.21-15.52.36:620][  0]LogUdpMessaging: Initializing bridge on interface 0.0.0.0:0 to multicast group 230.0.0.1:6666.
[2018.08.21-15.52.39:654][  0]SourceControl: Source control is disabled
[2018.08.21-15.52.39:655][  0]SourceControl: Source control is disabled
[2018.08.21-15.52.39:878][  0]SourceControl: Source control is disabled
[2018.08.21-15.52.40:075][  0]SourceControl: Source control is disabled
[2018.08.21-15.52.43:007][  0]LogAndroidPermission: UAndroidPermissionCallbackProxy::GetInstance
[2018.08.21-15.52.43:821][  0]LogOcInput: OculusInput pre-init called
[2018.08.21-15.52.46:182][  0]LogEngine: Initializing Engine...
[2018.08.21-15.52.46:184][  0]LogHMD: Failed to initialize OpenVR with code 110
[2018.08.21-15.52.46:200][  0]LogStats: UGameplayTagsManager::ConstructGameplayTagTree: ImportINI prefixes -  0.000 s
[2018.08.21-15.52.46:200][  0]LogStats: UGameplayTagsManager::ConstructGameplayTagTree: Construct from data asset -  0.000 s
[2018.08.21-15.52.46:200][  0]LogStats: UGameplayTagsManager::ConstructGameplayTagTree: ImportINI -  0.000 s
[2018.08.21-15.52.46:200][  0]LogStats: UGameplayTagsManager::ConstructGameplayTagTree: GameplayTagTreeChangedEvent.Broadcast -  0.000 s
[2018.08.21-15.52.47:707][  0]LogInit: Initializing FReadOnlyCVARCache
[2018.08.21-15.52.48:131][  0]LogAIModule: Creating AISystem for world Untitled
[2018.08.21-15.52.48:215][  0]LogInit: XAudio2 using 'Speakers / Headphones (Realtek Audio)' : 2 channels at 48 kHz using 32 bits per sample (channel mask 0x3)
[2018.08.21-15.52.48:408][  0]LogInit: FAudioDevice initialized.
[2018.08.21-15.52.48:409][  0]LogNetVersion: Set ProjectVersion to 1.0.0.0. Version Checksum will be recalculated on next use.
[2018.08.21-15.52.48:734][  0]LogDerivedDataCache: Saved boot cache 0.33s 71MB C:/Users/mikey/AppData/Local/UnrealEngine/4.20/DerivedDataCache/Boot.ddc.
[2018.08.21-15.52.48:748][  0]LogInit: Texture streaming: Enabled
[2018.08.21-15.52.48:999][  0]LogEngineSessionManager: EngineSessionManager initialized
[2018.08.21-15.52.49:058][  0]LogInit: Transaction tracking system initialized
[2018.08.21-15.52.49:580][  0]BlueprintLog: New page: Editor Load
[2018.08.21-15.52.52:023][  0]LocalizationService: Localization service is disabled
[2018.08.21-15.52.58:198][  0]LogCook: Display: Max memory allowance for cook 16384mb min free memory 0mb
[2018.08.21-15.52.58:198][  0]LogCook: Display: Mobile HDR setting 1
[2018.08.21-15.52.58:199][  0]LogGameplayTags: Display: UGameplayTagsManager::DoneAddingNativeTags. DelegateIsBound: 0
[2018.08.21-15.52.58:199][  0]LogStats: UGameplayTagsManager::ConstructGameplayTagTree: ImportINI prefixes -  0.000 s
[2018.08.21-15.52.58:199][  0]LogStats: UGameplayTagsManager::ConstructGameplayTagTree: Construct from data asset -  0.000 s
[2018.08.21-15.52.58:199][  0]LogStats: UGameplayTagsManager::ConstructGameplayTagTree: ImportINI -  0.000 s
[2018.08.21-15.52.58:200][  0]LogStats: UGameplayTagsManager::ConstructGameplayTagTree: GameplayTagTreeChangedEvent.Broadcast -  0.000 s
[2018.08.21-15.52.58:770][  0]LogFileCache: Scanning file cache for directory 'C:/Users/mikey/Documents/Unreal Projects/BeyondHuman/Content/' took 0.03s
[2018.08.21-15.53.04:060][  0]SourceControl: Source control is disabled
[2018.08.21-15.53.04:060][  0]Cmd: MAP LOAD FILE="../../../../../../Users/mikey/Documents/Unreal Projects/BeyondHuman/Content/Maps/Meshing.umap" TEMPLATE=0 SHOWPROGRESS=1 FEATURELEVEL=3
[2018.08.21-15.53.04:153][  0]LightingResults: New page: Lighting Build
[2018.08.21-15.53.04:161][  0]MapCheck: New page: Map Check
[2018.08.21-15.53.04:161][  0]LightingResults: New page: Lighting Build
[2018.08.21-15.53.56:618][  0]LogAIModule: Creating AISystem for world Meshing
[2018.08.21-15.53.58:688][  0]LogEditorServer: Finished looking for orphan Actors (0.017 secs)
[2018.08.21-15.53.59:247][  0]Cmd: MAP CHECKDEP NOCLEARLOG
[2018.08.21-15.54.04:777][  0]MapCheck: Map check complete: 0 Error(s), 0 Warning(s), took 5,516.711ms to complete.
[2018.08.21-15.54.04:821][  0]LogFileHelpers: Loading map 'Meshing' took 60.761
[2018.08.21-15.54.08:988][  0]LogSlate: Updating window title bar state: overlay mode, drag disabled, window buttons hidden, title bar hidden
[2018.08.21-15.54.09:046][  0]LogSlate: Updating window title bar state: overlay mode, drag disabled, window buttons hidden, title bar hidden
[2018.08.21-15.54.09:067][  0]LogSlate: Updating window title bar state: overlay mode, drag disabled, window buttons hidden, title bar hidden
[2018.08.21-15.54.09:079][  0]LogSlate: Updating window title bar state: overlay mode, drag disabled, window buttons hidden, title bar hidden
[2018.08.21-15.54.09:481][  0]LogCollectionManager: Loaded 0 collections in 0.002481 seconds
[2018.08.21-15.54.09:800][  0]LogFileCache: Scanning file cache for directory 'C:/Users/mikey/Documents/Unreal Projects/BeyondHuman/Saved/Collections/' took 0.04s
[2018.08.21-15.54.09:800][  0]LogFileCache: Scanning file cache for directory 'C:/Users/mikey/Documents/Unreal Projects/BeyondHuman/Content/Developers/mikey/Collections/' took 0.03s
[2018.08.21-15.54.09:800][  0]LogFileCache: Scanning file cache for directory 'C:/Users/mikey/Documents/Unreal Projects/BeyondHuman/Content/Collections/' took 0.03s
[2018.08.21-15.54.09:800][  0]LogCollectionManager: Rebuilt the GUID cache for 0 collections in 0.000001 seconds
[2018.08.21-15.54.09:835][  0]LogContentBrowser: Native class hierarchy populated in 0.0299 seconds. Added 2586 classes and 609 folders.
[2018.08.21-15.54.10:124][  0]LogContentBrowser: Native class hierarchy updated for 'WidgetCarousel' in 0.0007 seconds. Added 0 classes and 0 folders.
[2018.08.21-15.54.12:082][  0]LogContentBrowser: Native class hierarchy updated for 'AddContentDialog' in 0.0006 seconds. Added 0 classes and 0 folders.
[2018.08.21-15.54.12:283][  0]LogContentBrowser: Native class hierarchy updated for 'SceneOutliner' in 0.0009 seconds. Added 1 classes and 2 folders.
[2018.08.21-15.54.13:836][  0]LogSlate: Took 0.095962 seconds to synchronously load lazily loaded font '../../../Engine/Content/Slate/Fonts/Roboto-Regular.ttf' (155K)
[2018.08.21-15.54.13:962][  0]LogSlate: Took 0.057531 seconds to synchronously load lazily loaded font '../../../Engine/Content/Slate/Fonts/Roboto-Bold.ttf' (160K)
[2018.08.21-15.54.14:143][  0]LogSlate: Took 0.123225 seconds to synchronously load lazily loaded font '../../../Engine/Content/Editor/Slate/Fonts/FontAwesome.ttf' (139K)
[2018.08.21-15.54.15:482][  0]LogRenderer: Reallocating scene render targets to support 1016x644 Format 10 NumSamples 1 (Frame:1).
[2018.08.21-15.54.18:093][  0]LogContentBrowser: Native class hierarchy updated for 'HierarchicalLODOutliner' in 0.0008 seconds. Added 0 classes and 0 folders.
[2018.08.21-15.54.18:093][  0]LogLoad: (Engine Initialization) Total time: 242.64 seconds
[2018.08.21-15.54.18:093][  0]LogLoad: (Engine Initialization) Total Blueprint compile time: 0.00 seconds
[2018.08.21-15.54.18:866][  0]LogContentStreaming: Texture pool size now 3000 MB
[2018.08.21-15.54.19:458][  1]LogSubstanceLiveLink: Warning: Unable to send data along socket, closing connection
[2018.08.21-15.54.20:061][  1]LogSlate: Took 0.074919 seconds to synchronously load lazily loaded font '../../../Engine/Content/Slate/Fonts/Roboto-Light.ttf' (167K)
[2018.08.21-15.54.21:483][  8]LogAssetRegistry: Asset discovery search completed in 180.1001 seconds
[2018.08.21-15.54.21:662][  8]LogCollectionManager: Rebuilt the object cache for 0 collections in 0.000002 seconds (found 0 objects)
[2018.08.21-15.54.21:662][  8]LogCollectionManager: Fixed up redirectors for 0 collections in 0.000795 seconds (updated 0 objects)
[2018.08.21-15.55.56:709][385]LogEditorViewport: Clicking on Actor (LMB): StaticMeshActor (BuildingEntrance)
[2018.08.21-15.55.59:391][396]LogEditorViewport: Clicking on Actor (context menu): StaticMeshActor (BuildingEntrance)
[2018.08.21-15.56.00:002][396]LogSlate: FSceneViewport::OnFocusLost() reason 2
[2018.08.21-15.56.01:625][439]LogSlate: FSceneViewport::OnFocusLost() reason 2
[2018.08.21-15.56.05:620][555]LogEditorFactories: Performing atomic reimport of [C:/Users/mikey/Dropbox/Docs/Projects/Beyond Human/Exports/Buildings/BuildingEntrance.fbx]
[2018.08.21-15.56.05:968][555]LogSlate: Took 0.024275 seconds to synchronously load lazily loaded font '../../../Engine/Content/Slate/Fonts/Roboto-Light.ttf' (167K)
[2018.08.21-15.56.06:206][555]LogFbx: Loading FBX Scene from C:/Users/mikey/Dropbox/Docs/Projects/Beyond Human/Exports/Buildings/BuildingEntrance.fbx
[2018.08.21-15.56.06:316][555]LogFbx: FBX Scene Loaded Succesfully
[2018.08.21-15.56.07:239][555]LogStaticMesh: Building static mesh BuildingEntrance...
[2018.08.21-15.56.07:798][555]LogStaticMesh: Built static mesh [0.56s] /Game/Meshes/BuildingEntrance.BuildingEntrance
[2018.08.21-15.57.28:274][555]LogSlate: Window 'Reimport Material Conflicts Resolution' being destroyed
[2018.08.21-15.57.28:360][555]LogEditorFactories: -- imported successfully
[2018.08.21-15.57.28:431][555]FBXImport: Warning: No smoothing group information was found in this FBX scene.  Please make sure to enable the 'Export Smoothing Groups' option in the FBX Exporter plug-in before exporting the file.  Even for tools that don't support smoothing groups, the FBX Exporter will generate appropriate smoothing data at export-time so that correct vertex normals can be inferred while importing. 
[2018.08.21-15.57.45:624][784]LogSlate: FSceneViewport::OnFocusLost() reason 0
[2018.08.21-15.57.45:824][785]LogAssetEditorManager: Opening Asset editor for StaticMesh /Game/Meshes/BuildingEntrance.BuildingEntrance
[2018.08.21-15.57.48:659][785]LogRenderer: Reallocating scene render targets to support 1252x892 Format 10 NumSamples 1 (Frame:1).
[2018.08.21-15.57.48:659][785]LogSlate: Took 0.054634 seconds to synchronously load lazily loaded font '../../../Engine/Content/Slate/Fonts/Roboto-Italic.ttf' (157K)
[2018.08.21-15.57.57:173][900]LogSlate: FSceneViewport::OnFocusLost() reason 0
[2018.08.21-15.58.20:451][256]LogSlate: Window 'BuildingEntrance*' being destroyed
[2018.08.21-15.58.20:542][256]LogSlate: Window 'BuildingEntrance*' being destroyed
[2018.08.21-15.58.22:954][330]LogEditorFactories: Performing atomic reimport of [C:/Users/mikey/Dropbox/Docs/Projects/Beyond Human/Exports/Buildings/BuildingEntrance.fbx]
[2018.08.21-15.58.23:011][330]LogFbx: Loading FBX Scene from C:/Users/mikey/Dropbox/Docs/Projects/Beyond Human/Exports/Buildings/BuildingEntrance.fbx
[2018.08.21-15.58.23:032][330]LogFbx: FBX Scene Loaded Succesfully
[2018.08.21-15.58.23:405][330]LogStaticMesh: Building static mesh BuildingEntrance...
[2018.08.21-15.58.23:818][330]LogStaticMesh: Built static mesh [0.44s] /Game/Meshes/BuildingEntrance.BuildingEntrance
[2018.08.21-15.58.23:998][330]LogEditorFactories: -- imported successfully
[2018.08.21-15.58.24:007][330]FBXImport: Warning: No smoothing group information was found in this FBX scene.  Please make sure to enable the 'Export Smoothing Groups' option in the FBX Exporter plug-in before exporting the file.  Even for tools that don't support smoothing groups, the FBX Exporter will generate appropriate smoothing data at export-time so that correct vertex normals can be inferred while importing. 
[2018.08.21-15.58.25:904][366]LogAssetEditorManager: Opening Asset editor for StaticMesh /Game/Meshes/BuildingEntrance.BuildingEntrance
[2018.08.21-15.58.32:981][452]LogSlate: Window 'BuildingEntrance*' being destroyed
[2018.08.21-15.58.33:063][452]LogSlate: Window 'BuildingEntrance*' being destroyed
[2018.08.21-15.58.35:004][515]LogEditorFactories: Performing atomic reimport of [C:/Users/mikey/Dropbox/Docs/Projects/Beyond Human/Exports/Buildings/BuildingEntrance.fbx]
[2018.08.21-15.58.35:060][515]LogFbx: Loading FBX Scene from C:/Users/mikey/Dropbox/Docs/Projects/Beyond Human/Exports/Buildings/BuildingEntrance.fbx
[2018.08.21-15.58.35:080][515]LogFbx: FBX Scene Loaded Succesfully
[2018.08.21-15.58.35:460][515]LogStaticMesh: Building static mesh BuildingEntrance...
[2018.08.21-15.58.35:990][515]LogStaticMesh: Built static mesh [0.53s] /Game/Meshes/BuildingEntrance.BuildingEntrance
[2018.08.21-15.58.36:220][515]LogEditorFactories: -- imported successfully
[2018.08.21-15.58.36:230][515]FBXImport: Warning: No smoothing group information was found in this FBX scene.  Please make sure to enable the 'Export Smoothing Groups' option in the FBX Exporter plug-in before exporting the file.  Even for tools that don't support smoothing groups, the FBX Exporter will generate appropriate smoothing data at export-time so that correct vertex normals can be inferred while importing. 
[2018.08.21-15.58.38:507][557]LogAssetEditorManager: Opening Asset editor for StaticMesh /Game/Meshes/BuildingEntrance.BuildingEntrance
[2018.08.21-15.58.52:482][740]LogSlate: FSceneViewport::OnFocusLost() reason 0
[2018.08.21-15.59.16:836][ 60]LogSlate: FSceneViewport::OnFocusLost() reason 0
[2018.08.21-15.59.20:079][104]LogSlate: Window 'BuildingEntrance*' being destroyed
[2018.08.21-15.59.20:163][104]LogSlate: Window 'BuildingEntrance*' being destroyed
[2018.08.21-15.59.21:870][134]LogEditorViewport: Clicking on Actor (context menu): StaticMeshActor (WallPillar)
[2018.08.21-15.59.22:228][134]LogSlate: FSceneViewport::OnFocusLost() reason 2
[2018.08.21-15.59.31:038][300]LogSlate: FSceneViewport::OnFocusLost() reason 2
[2018.08.21-15.59.33:390][412]LogSlate: FSceneViewport::OnFocusLost() reason 0
[2018.08.21-15.59.45:039][742]LogSlate: FSceneViewport::OnFocusLost() reason 0
[2018.08.21-16.00.11:630][532]LogSlate: FSceneViewport::OnFocusLost() reason 0
[2018.08.21-16.00.23:237][895]LogSlate: FSceneViewport::OnFocusLost() reason 0
[2018.08.21-16.00.37:753][ 83]LogEditorViewport: Clicking on Actor (LMB): StaticMeshActor (BuildingEntrance)
[2018.08.21-16.00.37:820][ 83]LogEditorViewport: Clicking on Component (LMB): StaticMeshComponent (StaticMeshComponent0)
[2018.08.21-16.00.39:237][137]LogSlate: FSceneViewport::OnFocusLost() reason 0
[2018.08.21-16.00.41:773][213]LogEditorFactories: Performing atomic reimport of [C:/Users/mikey/Dropbox/Docs/Projects/Beyond Human/Exports/Buildings/BuildingEntrance.fbx]
[2018.08.21-16.00.41:841][213]LogFbx: Loading FBX Scene from C:/Users/mikey/Dropbox/Docs/Projects/Beyond Human/Exports/Buildings/BuildingEntrance.fbx
[2018.08.21-16.00.41:865][213]LogFbx: FBX Scene Loaded Succesfully
[2018.08.21-16.00.42:213][213]LogStaticMesh: Building static mesh BuildingEntrance...
[2018.08.21-16.00.42:679][213]LogStaticMesh: Built static mesh [0.47s] /Game/Meshes/BuildingEntrance.BuildingEntrance
[2018.08.21-16.00.42:847][213]LogEditorFactories: -- imported successfully
[2018.08.21-16.00.42:858][213]FBXImport: Warning: No smoothing group information was found in this FBX scene.  Please make sure to enable the 'Export Smoothing Groups' option in the FBX Exporter plug-in before exporting the file.  Even for tools that don't support smoothing groups, the FBX Exporter will generate appropriate smoothing data at export-time so that correct vertex normals can be inferred while importing. 
[2018.08.21-16.00.45:101][275]LogEditorViewport: Clicking on Component (LMB): StaticMeshComponent (StaticMeshComponent0)
[2018.08.21-16.00.53:034][530]LogEditorViewport: Clicking on Component (LMB): StaticMeshComponent (StaticMeshComponent0)
[2018.08.21-16.00.56:584][665]LogSlate: FSceneViewport::OnFocusLost() reason 0
[2018.08.21-16.01.00:620][840]LogEditorViewport: Clicking on Actor (LMB): StaticMeshActor (BuildingEntrance)
[2018.08.21-16.01.01:320][855]LogEditorViewport: Clicking on Actor (LMB): StaticMeshActor (BuildingEntrance)
[2018.08.21-16.01.02:335][897]LogEditorViewport: Clicking on Actor (LMB): StaticMeshActor (BuildingEntrance)
[2018.08.21-16.01.03:186][931]Cmd: DELETE
[2018.08.21-16.01.03:186][931]Cmd: ACTOR DELETE
[2018.08.21-16.01.03:613][931]LogEditorActor: Deleted Actor: StaticMeshActor
[2018.08.21-16.01.03:981][931]LogEditorActor: Deleted 1 Actors (0.537 secs)
[2018.08.21-16.01.05:805][977]LogSlate: FSceneViewport::OnFocusLost() reason 0
[2018.08.21-16.01.08:871][ 72]LogSlate: Window 'Delete Assets' being destroyed
[2018.08.21-16.02.13:592][207]LogFactory: FactoryCreateFile: StaticMesh with FbxFactory (0 0 ../../../../../../Users/mikey/Dropbox/Docs/Projects/Beyond Human/Exports/Buildings/BuildingEntrance.fbx)
[2018.08.21-16.02.13:629][207]LogFbx: Loading FBX Scene from ../../../../../../Users/mikey/Dropbox/Docs/Projects/Beyond Human/Exports/Buildings/BuildingEntrance.fbx
[2018.08.21-16.02.13:652][207]LogFbx: FBX Scene Loaded Succesfully
[2018.08.21-16.02.18:600][207]LogSlate: Window 'FBX Import Options' being destroyed
[2018.08.21-16.02.18:999][207]LogStaticMesh: Building static mesh BuildingEntrance...
[2018.08.21-16.02.19:478][207]LogStaticMesh: Built static mesh [0.48s] /Game/Meshes/BuildingEntrance.BuildingEntrance
[2018.08.21-16.02.19:767][207]FBXImport: Warning: No smoothing group information was found in this FBX scene.  Please make sure to enable the 'Export Smoothing Groups' option in the FBX Exporter plug-in before exporting the file.  Even for tools that don't support smoothing groups, the FBX Exporter will generate appropriate smoothing data at export-time so that correct vertex normals can be inferred while importing. 
[2018.08.21-16.02.22:834][288]LogSlate: Window 'Message Log' being destroyed
[2018.08.21-16.02.22:842][288]LogSlate: Window 'Message Log' being destroyed
[2018.08.21-16.02.23:815][314]LogActorFactory: Actor Factory created BuildingEntrance
[2018.08.21-16.02.24:680][318]LogActorFactory: Actor Factory created BuildingEntrance
[2018.08.21-16.02.25:986][356]LogSlate: FSceneViewport::OnFocusLost() reason 0
[2018.08.21-16.02.39:226][693]LogSlate: FSceneViewport::OnFocusLost() reason 0
[2018.08.21-16.02.44:089][859]LogSlate: FSceneViewport::OnFocusLost() reason 0
[2018.08.21-16.02.52:462][149]LogSlate: FSceneViewport::OnFocusLost() reason 0
[2018.08.21-16.02.58:622][318]LogSlate: FSceneViewport::OnFocusLost() reason 0
[2018.08.21-16.03.04:403][502]LogSlate: FSceneViewport::OnFocusLost() reason 0
[2018.08.21-16.03.09:494][705]LogSlate: FSceneViewport::OnFocusLost() reason 0
[2018.08.21-16.03.14:122][892]LogSlate: FSceneViewport::OnFocusLost() reason 0
[2018.08.21-16.03.22:682][217]LogSlate: FSceneViewport::OnFocusLost() reason 2
[2018.08.21-16.03.28:636][346]LogEditorViewport: Clicking on Actor (LMB): StaticMeshActor (WallLeft)
[2018.08.21-16.03.33:536][429]LogSlate: FSceneViewport::OnFocusLost() reason 0
[2018.08.21-16.03.37:334][505]Cmd: CAMERA ALIGN ACTIVEVIEWPORTONLY
[2018.08.21-16.03.48:571][835]LogSlate: FSceneViewport::OnFocusLost() reason 0
[2018.08.21-16.04.26:141][ 65]LogSavePackage: Moving '../../../../../../Users/mikey/Documents/Unreal Projects/BeyondHuman/Saved/Meshing_Auto18BE8EFCA404CD1C71C98948283472A97.tmp' to '../../../../../../Users/mikey/Documents/Unreal Projects/BeyondHuman/Saved/Autosaves/Game/Maps/Meshing_Auto1.umap'
[2018.08.21-16.04.26:199][ 65]LogFileHelpers: Editor autosave (incl. sublevels) for '/Game/Maps/Meshing' took 2.376
[2018.08.21-16.04.26:199][ 65]LogFileHelpers: Editor autosave (incl. sublevels) for all levels took 2.376
[2018.08.21-16.04.26:226][ 65]OBJ SavePackage: Generating thumbnails for [1] asset(s) in package [/Game/Meshes/BuildingEntrance] ([1] browsable assets)...
[2018.08.21-16.04.26:288][ 65]OBJ SavePackage:     Rendered thumbnail for [StaticMesh /Game/Meshes/BuildingEntrance.BuildingEntrance]
[2018.08.21-16.04.26:288][ 65]OBJ SavePackage: Finished generating thumbnails for package [/Game/Meshes/BuildingEntrance]
[2018.08.21-16.04.26:338][ 65]LogSavePackage: Moving '../../../../../../Users/mikey/Documents/Unreal Projects/BeyondHuman/Saved/BuildingEntrance_Auto184E732154A5A47D65CD3AB8B95EE9AEC.tmp' to '../../../../../../Users/mikey/Documents/Unreal Projects/BeyondHuman/Saved/Autosaves/Game/Meshes/BuildingEntrance_Auto1.uasset'
[2018.08.21-16.04.26:388][ 65]LogFileHelpers: Auto-saving content packages took 0.178
[2018.08.21-16.13.59:622][817]LogSlate: FSceneViewport::OnFocusLost() reason 0
[2018.08.21-16.14.03:374][910]LogEditorFactories: Performing atomic reimport of [C:/Users/mikey/Dropbox/Docs/Projects/Beyond Human/Exports/Buildings/BuildingEntrance.fbx]
[2018.08.21-16.14.03:440][910]LogFbx: Loading FBX Scene from C:/Users/mikey/Dropbox/Docs/Projects/Beyond Human/Exports/Buildings/BuildingEntrance.fbx
[2018.08.21-16.14.03:461][910]LogFbx: FBX Scene Loaded Succesfully
[2018.08.21-16.14.03:795][910]LogStaticMesh: Building static mesh BuildingEntrance...
[2018.08.21-16.14.04:224][910]LogStaticMesh: Built static mesh [0.43s] /Game/Meshes/BuildingEntrance.BuildingEntrance
[2018.08.21-16.14.04:398][910]LogEditorFactories: -- imported successfully
[2018.08.21-16.14.04:409][910]FBXImport: Warning: No smoothing group information was found in this FBX scene.  Please make sure to enable the 'Export Smoothing Groups' option in the FBX Exporter plug-in before exporting the file.  Even for tools that don't support smoothing groups, the FBX Exporter will generate appropriate smoothing data at export-time so that correct vertex normals can be inferred while importing. 
[2018.08.21-16.14.49:670][374]LogSavePackage: Moving '../../../../../../Users/mikey/Documents/Unreal Projects/BeyondHuman/Saved/Meshing_Auto256560DEA4210CE4665893096498CB4C1.tmp' to '../../../../../../Users/mikey/Documents/Unreal Projects/BeyondHuman/Saved/Autosaves/Game/Maps/Meshing_Auto2.umap'
[2018.08.21-16.14.49:678][374]LogFileHelpers: Editor autosave (incl. sublevels) for '/Game/Maps/Meshing' took 0.494
[2018.08.21-16.14.49:678][374]LogFileHelpers: Editor autosave (incl. sublevels) for all levels took 0.494
[2018.08.21-16.14.49:683][374]OBJ SavePackage: Generating thumbnails for [1] asset(s) in package [/Game/Meshes/BuildingEntrance] ([1] browsable assets)...
[2018.08.21-16.14.49:705][374]OBJ SavePackage:     Rendered thumbnail for [StaticMesh /Game/Meshes/BuildingEntrance.BuildingEntrance]
[2018.08.21-16.14.49:705][374]OBJ SavePackage: Finished generating thumbnails for package [/Game/Meshes/BuildingEntrance]
[2018.08.21-16.14.49:729][374]LogSavePackage: Moving '../../../../../../Users/mikey/Documents/Unreal Projects/BeyondHuman/Saved/BuildingEntrance_Auto2296E9D8B41A46E189CF248B0F5D8A888.tmp' to '../../../../../../Users/mikey/Documents/Unreal Projects/BeyondHuman/Saved/Autosaves/Game/Meshes/BuildingEntrance_Auto2.uasset'
[2018.08.21-16.14.49:740][374]LogFileHelpers: Auto-saving content packages took 0.059
[2018.08.21-16.16.11:705][620]LogSlate: FSceneViewport::OnFocusLost() reason 2
[2018.08.21-16.16.14:193][699]LogEditorFactories: Performing atomic reimport of [C:/Users/mikey/Dropbox/Docs/Projects/Beyond Human/Exports/Buildings/BuildingEntrance.fbx]
[2018.08.21-16.16.14:257][699]LogFbx: Loading FBX Scene from C:/Users/mikey/Dropbox/Docs/Projects/Beyond Human/Exports/Buildings/BuildingEntrance.fbx
[2018.08.21-16.16.14:278][699]LogFbx: FBX Scene Loaded Succesfully
[2018.08.21-16.16.14:623][699]LogStaticMesh: Building static mesh BuildingEntrance...
[2018.08.21-16.16.15:029][699]LogStaticMesh: Built static mesh [0.41s] /Game/Meshes/BuildingEntrance.BuildingEntrance
[2018.08.21-16.16.15:316][699]LogEditorFactories: -- imported successfully
[2018.08.21-16.16.15:325][699]FBXImport: Warning: No smoothing group information was found in this FBX scene.  Please make sure to enable the 'Export Smoothing Groups' option in the FBX Exporter plug-in before exporting the file.  Even for tools that don't support smoothing groups, the FBX Exporter will generate appropriate smoothing data at export-time so that correct vertex normals can be inferred while importing. 
[2018.08.21-16.16.38:278][ 96]LogSlate: FSceneViewport::OnFocusLost() reason 0
[2018.08.21-16.17.08:349][ 97]LogSlate: Window 'Save Content' being destroyed
[2018.08.21-16.17.13:434][ 97]Cmd: OBJ SAVEPACKAGE PACKAGE="/Game/Maps/Meshing" FILE="../../../../../../Users/mikey/Documents/Unreal Projects/BeyondHuman/Content/Maps/Meshing.umap" SILENT=true AUTOSAVING=false KEEPDIRTY=false
[2018.08.21-16.17.13:860][ 97]LogSavePackage: Moving '../../../../../../Users/mikey/Documents/Unreal Projects/BeyondHuman/Saved/MeshingB8B94E654D82A0ABDC74CB8FEB2882AE.tmp' to '../../../../../../Users/mikey/Documents/Unreal Projects/BeyondHuman/Content/Maps/Meshing.umap'
[2018.08.21-16.17.13:936][ 97]LogFileHelpers: Saving map 'Meshing' took 5.518
[2018.08.21-16.17.14:009][ 97]Cmd: OBJ SAVEPACKAGE PACKAGE="/Game/Meshes/BuildingEntrance" FILE="../../../../../../Users/mikey/Documents/Unreal Projects/BeyondHuman/Content/Meshes/BuildingEntrance.uasset" SILENT=true
[2018.08.21-16.17.14:081][ 97]LogSavePackage: Moving '../../../../../../Users/mikey/Documents/Unreal Projects/BeyondHuman/Saved/BuildingEntrance174873754870302784D833B7FFB18E38.tmp' to '../../../../../../Users/mikey/Documents/Unreal Projects/BeyondHuman/Content/Meshes/BuildingEntrance.uasset'
[2018.08.21-16.20.29:677][810]LogSlate: Window 'BeyondHuman - Unreal Editor' being destroyed
[2018.08.21-16.20.30:365][811]Cmd: QUIT_EDITOR
[2018.08.21-16.20.31:656][811]LogWindowsTextInputMethodSystem: Display: IME system now deactivated.
[2018.08.21-16.20.31:799][811]LogExit: Preparing to exit.
[2018.08.21-16.20.33:518][811]LogExit: Editor shut down
[2018.08.21-16.20.33:521][811]LogExit: Transaction tracking system shut down
[2018.08.21-16.20.37:761][811]LogExit: Object subsystem successfully closed.
[2018.08.21-16.20.38:157][811]LogShaderCompilers: Display: Shaders left to compile 0
[2018.08.21-16.20.38:187][811]LogD3D11RHI: Shutdown
[2018.08.21-16.20.38:202][811]LogD3D11RHI: CleanupD3DDevice
[2018.08.21-16.20.38:406][811]LogD3D11RHI: ~FD3D11DynamicRHI
[2018.08.21-16.20.43:767][811]LogModuleManager: Shutting down and abandoning module HierarchicalLODUtilities (624)
[2018.08.21-16.20.43:768][811]LogModuleManager: Shutting down and abandoning module StaticMeshEditor (622)
[2018.08.21-16.20.43:768][811]LogModuleManager: Shutting down and abandoning module MeshBuilder (620)
[2018.08.21-16.20.43:768][811]LogModuleManager: Shutting down and abandoning module HierarchicalLODOutliner (618)
[2018.08.21-16.20.43:768][811]LogModuleManager: Shutting down and abandoning module SceneOutliner (616)
[2018.08.21-16.20.43:768][811]LogModuleManager: Shutting down and abandoning module AddContentDialog (614)
[2018.08.21-16.20.43:828][811]LogModuleManager: Shutting down and abandoning module WidgetCarousel (613)
[2018.08.21-16.20.43:828][811]LogModuleManager: Shutting down and abandoning module EditorWidgets (610)
[2018.08.21-16.20.43:828][811]LogModuleManager: Shutting down and abandoning module CollectionManager (608)
[2018.08.21-16.20.43:865][811]LogModuleManager: Shutting down and abandoning module StatsViewer (606)
[2018.08.21-16.20.43:868][811]LogModuleManager: Shutting down and abandoning module FoliageEdit (604)
[2018.08.21-16.20.43:899][811]LogModuleManager: Shutting down and abandoning module LandscapeEditor (602)
[2018.08.21-16.20.44:030][811]LogModuleManager: Shutting down and abandoning module MeshPaintMode (600)
[2018.08.21-16.20.44:067][811]LogModuleManager: Shutting down and abandoning module SceneDepthPickerMode (598)
[2018.08.21-16.20.44:067][811]LogModuleManager: Shutting down and abandoning module ActorPickerMode (596)
[2018.08.21-16.20.44:067][811]LogModuleManager: Shutting down and abandoning module GeometryMode (594)
[2018.08.21-16.20.44:067][811]LogModuleManager: Shutting down and abandoning module TextureAlignMode (592)
[2018.08.21-16.20.44:067][811]LogModuleManager: Shutting down and abandoning module BspMode (590)
[2018.08.21-16.20.44:067][811]LogModuleManager: Shutting down and abandoning module PIEPreviewDeviceProfileSelector (588)
[2018.08.21-16.20.44:067][811]LogModuleManager: Shutting down and abandoning module SequenceRecorderSections (586)
[2018.08.21-16.20.44:067][811]LogModuleManager: Shutting down and abandoning module AutomationWorker (584)
[2018.08.21-16.20.44:067][811]LogModuleManager: Shutting down and abandoning module AudioCaptureEditor (582)
[2018.08.21-16.20.44:067][811]LogModuleManager: Shutting down and abandoning module SequenceRecorder (581)
[2018.08.21-16.20.44:084][811]LogModuleManager: Shutting down and abandoning module MatineeToLevelSequence (578)
[2018.08.21-16.20.44:085][811]LogModuleManager: Shutting down and abandoning module LevelSequenceEditor (576)
[2018.08.21-16.20.44:130][811]LogModuleManager: Shutting down and abandoning module PlacementMode (575)
[2018.08.21-16.20.44:130][811]LogModuleManager: Shutting down and abandoning module MaterialEditor (574)
[2018.08.21-16.20.44:212][811]LogModuleManager: Shutting down and abandoning module WmfMediaFactory (570)
[2018.08.21-16.20.44:212][811]LogModuleManager: Shutting down and abandoning module WmfMediaEditor (568)
[2018.08.21-16.20.44:212][811]LogModuleManager: Shutting down and abandoning module MediaPlayerEditor (566)
[2018.08.21-16.20.44:251][811]LogModuleManager: Shutting down and abandoning module OpenExrWrapper (564)
[2018.08.21-16.20.44:252][811]LogModuleManager: Shutting down and abandoning module ImgMediaFactory (562)
[2018.08.21-16.20.44:252][811]LogModuleManager: Shutting down and abandoning module ImgMediaEditor (560)
[2018.08.21-16.20.44:252][811]LogModuleManager: Shutting down and abandoning module AvfMediaFactory (558)
[2018.08.21-16.20.44:252][811]LogModuleManager: Shutting down and abandoning module AvfMediaEditor (556)
[2018.08.21-16.20.44:252][811]LogModuleManager: Shutting down and abandoning module AndroidMediaFactory (554)
[2018.08.21-16.20.44:252][811]LogModuleManager: Shutting down and abandoning module AndroidMediaEditor (552)
[2018.08.21-16.20.44:252][811]LogModuleManager: Shutting down and abandoning module MagicLeapCameraPreviewFactory (550)
[2018.08.21-16.20.44:252][811]LogModuleManager: Shutting down and abandoning module MagicLeapMediaFactory (548)
[2018.08.21-16.20.44:252][811]LogModuleManager: Shutting down and abandoning module MagicLeapMediaEditor (546)
[2018.08.21-16.20.44:252][811]LogModuleManager: Shutting down and abandoning module CharacterAI (544)
[2018.08.21-16.20.44:252][811]LogModuleManager: Shutting down and abandoning module SmartSnapping (542)
[2018.08.21-16.20.44:263][811]LogModuleManager: Shutting down and abandoning module SessionServices (540)
[2018.08.21-16.20.44:263][811]LogModuleManager: Shutting down and abandoning module ViewportSnapping (538)
[2018.08.21-16.20.44:263][811]LogModuleManager: Shutting down and abandoning module ViewportInteraction (536)
[2018.08.21-16.20.44:263][811]LogModuleManager: Shutting down and abandoning module ClothPainter (534)
[2018.08.21-16.20.44:307][811]LogModuleManager: Shutting down and abandoning module SkeletalMeshEditor (533)
[2018.08.21-16.20.44:411][811]LogModuleManager: Shutting down and abandoning module LogVisualizer (530)
[2018.08.21-16.20.44:536][811]LogModuleManager: Shutting down and abandoning module IntroTutorials (528)
[2018.08.21-16.20.44:595][811]LogModuleManager: Shutting down and abandoning module GameProjectGeneration (527)
[2018.08.21-16.20.44:648][811]LogModuleManager: Shutting down and abandoning module LuminPlatformEditor (524)
[2018.08.21-16.20.44:648][811]LogModuleManager: Shutting down and abandoning module IOSPlatformEditor (522)
[2018.08.21-16.20.44:713][811]LogModuleManager: Shutting down and abandoning module HTML5PlatformEditor (520)
[2018.08.21-16.20.44:713][811]LogModuleManager: Shutting down and abandoning module AndroidPlatformEditor (518)
[2018.08.21-16.20.44:765][811]LogModuleManager: Shutting down and abandoning module AndroidDeviceDetection (517)
[2018.08.21-16.20.45:776][811]LogModuleManager: Shutting down and abandoning module WindowsPlatformEditor (514)
[2018.08.21-16.20.45:776][811]LogModuleManager: Shutting down and abandoning module LuminRuntimeSettings (512)
[2018.08.21-16.20.45:776][811]LogModuleManager: Shutting down and abandoning module IOSRuntimeSettings (510)
[2018.08.21-16.20.45:776][811]LogModuleManager: Shutting down and abandoning module AndroidRuntimeSettings (508)
[2018.08.21-16.20.45:776][811]LogModuleManager: Shutting down and abandoning module InputBindingEditor (506)
[2018.08.21-16.20.45:963][811]LogModuleManager: Shutting down and abandoning module MergeActors (504)
[2018.08.21-16.20.46:234][811]LogModuleManager: Shutting down and abandoning module LocalizationDashboard (502)
[2018.08.21-16.20.46:580][811]LogModuleManager: Shutting down and abandoning module LocalizationService (501)
[2018.08.21-16.20.46:699][811]LogModuleManager: Shutting down and abandoning module HardwareTargeting (498)
[2018.08.21-16.20.46:699][811]LogModuleManager: Shutting down and abandoning module DeviceProfileEditor (496)
[2018.08.21-16.20.46:699][811]LogModuleManager: Shutting down and abandoning module UndoHistory (494)
[2018.08.21-16.20.46:901][811]LogModuleManager: Shutting down and abandoning module XmlParser (492)
[2018.08.21-16.20.46:988][811]LogModuleManager: Shutting down and abandoning module Blutility (490)
[2018.08.21-16.20.47:105][811]LogModuleManager: Shutting down and abandoning module ProjectSettingsViewer (488)
[2018.08.21-16.20.47:137][811]LogModuleManager: Shutting down and abandoning module ProjectTargetPlatformEditor (487)
[2018.08.21-16.20.47:137][811]LogModuleManager: Shutting down and abandoning module EditorSettingsViewer (484)
[2018.08.21-16.20.47:138][811]LogModuleManager: Shutting down and abandoning module SettingsEditor (482)
[2018.08.21-16.20.47:297][811]LogModuleManager: Shutting down and abandoning module ProjectLauncher (480)
[2018.08.21-16.20.47:345][811]LogModuleManager: Shutting down and abandoning module SessionFrontend (478)
[2018.08.21-16.20.47:381][811]LogModuleManager: Shutting down and abandoning module ProfilerClient (476)
[2018.08.21-16.20.47:389][811]LogModuleManager: Shutting down and abandoning module DeviceManager (474)
[2018.08.21-16.20.47:568][811]LogModuleManager: Shutting down and abandoning module TargetDeviceServices (473)
[2018.08.21-16.20.47:623][811]LogModuleManager: Shutting down and abandoning module AutomationController (470)
[2018.08.21-16.20.47:936][811]LogModuleManager: Shutting down and abandoning module AutomationWindow (468)
[2018.08.21-16.20.47:996][811]LogModuleManager: Shutting down and abandoning module Layers (466)
[2018.08.21-16.20.48:312][811]LogModuleManager: Shutting down and abandoning module ComponentVisualizers (464)
[2018.08.21-16.20.48:312][811]LogModuleManager: Shutting down and abandoning module DetailCustomizations (462)
[2018.08.21-16.20.48:312][811]LogModuleManager: Shutting down and abandoning module PackagesDialog (460)
[2018.08.21-16.20.48:313][811]LogModuleManager: Shutting down and abandoning module Persona (458)
[2018.08.21-16.20.48:403][811]LogModuleManager: Shutting down and abandoning module AdvancedPreviewScene (457)
[2018.08.21-16.20.48:403][811]LogModuleManager: Shutting down and abandoning module AnimGraph (455)
[2018.08.21-16.20.48:404][811]LogModuleManager: Shutting down and abandoning module Kismet (452)
[2018.08.21-16.20.48:438][811]LogModuleManager: Shutting down and abandoning module GraphEditor (450)
[2018.08.21-16.20.48:588][811]LogModuleManager: Shutting down and abandoning module ClassViewer (448)
[2018.08.21-16.20.48:588][811]LogModuleManager: Shutting down and abandoning module Toolbox (446)
[2018.08.21-16.20.48:588][811]LogModuleManager: Shutting down and abandoning module ModuleUI (444)
[2018.08.21-16.20.48:599][811]LogModuleManager: Shutting down and abandoning module MovieSceneTools (442)
[2018.08.21-16.20.48:652][811]LogModuleManager: Shutting down and abandoning module OutputLog (440)
[2018.08.21-16.20.48:652][811]LogModuleManager: Shutting down and abandoning module GammaUI (438)
[2018.08.21-16.20.48:683][811]LogModuleManager: Shutting down and abandoning module Documentation (436)
[2018.08.21-16.20.48:683][811]LogModuleManager: Shutting down and abandoning module MovieSceneTracks (434)
[2018.08.21-16.20.48:684][811]LogModuleManager: Shutting down and abandoning module MovieScene (432)
[2018.08.21-16.20.48:685][811]LogModuleManager: Shutting down and abandoning module StreamingPauseRendering (430)
[2018.08.21-16.20.48:734][811]LogModuleManager: Shutting down and abandoning module LauncherPlatform (428)
[2018.08.21-16.20.48:734][811]LogModuleManager: Shutting down and abandoning module AnalyticsET (426)
[2018.08.21-16.20.48:734][811]LogModuleManager: Shutting down and abandoning module PortalServices (424)
[2018.08.21-16.20.48:734][811]LogModuleManager: Shutting down and abandoning module PortalRpc (422)
[2018.08.21-16.20.48:734][811]LogModuleManager: Shutting down and abandoning module MessagingRpc (420)
[2018.08.21-16.20.48:734][811]LogModuleManager: Shutting down and abandoning module AIModule (418)
[2018.08.21-16.20.48:753][811]LogModuleManager: Shutting down and abandoning module GameplayDebugger (417)
[2018.08.21-16.20.48:753][811]LogModuleManager: Shutting down and abandoning module AITestSuite (415)
[2018.08.21-16.20.48:784][811]LogModuleManager: Shutting down and abandoning module NavigationSystem (413)
[2018.08.21-16.20.48:785][811]LogModuleManager: Shutting down and abandoning module DesktopPlatform (410)
[2018.08.21-16.20.48:785][811]LogModuleManager: Shutting down and abandoning module ProfilerService (408)
[2018.08.21-16.20.49:026][811]LogModuleManager: Shutting down and abandoning module TaskGraph (406)
[2018.08.21-16.20.49:069][811]LogModuleManager: Shutting down and abandoning module SubstanceLiveLink (404)
[2018.08.21-16.20.49:163][811]LogModuleManager: Shutting down and abandoning module SubstanceSource (402)
[2018.08.21-16.20.49:269][811]LogModuleManager: Shutting down and abandoning module SubstanceEditor (400)
[2018.08.21-16.20.49:339][811]LogModuleManager: Shutting down and abandoning module SteamVRController (398)
[2018.08.21-16.20.49:339][811]LogModuleManager: Shutting down and abandoning module ProceduralMeshComponentEditor (396)
[2018.08.21-16.20.49:339][811]LogModuleManager: Shutting down and abandoning module ProceduralMeshComponent (394)
[2018.08.21-16.20.49:340][811]LogModuleManager: Shutting down and abandoning module OculusInput (392)
[2018.08.21-16.20.49:340][811]LogModuleManager: Shutting down and abandoning module MobilePatchingUtils (390)
[2018.08.21-16.20.49:340][811]LogModuleManager: Shutting down and abandoning module EditableMesh (388)
[2018.08.21-16.20.49:386][811]LogModuleManager: Shutting down and abandoning module CustomMeshComponent (386)
[2018.08.21-16.20.49:386][811]LogModuleManager: Shutting down and abandoning module CableComponent (384)
[2018.08.21-16.20.49:386][811]LogModuleManager: Shutting down and abandoning module AudioCapture (382)
[2018.08.21-16.20.49:386][811]LogModuleManager: Shutting down and abandoning module ArchVisCharacter (380)
[2018.08.21-16.20.49:386][811]LogModuleManager: Shutting down and abandoning module AndroidPermission (378)
[2018.08.21-16.20.49:386][811]LogModuleManager: Shutting down and abandoning module NUTUnrealEngine4 (376)
[2018.08.21-16.20.49:386][811]LogModuleManager: Shutting down and abandoning module NetcodeUnitTest (374)
[2018.08.21-16.20.49:600][811]LogModuleManager: Shutting down and abandoning module MediaCompositingEditor (372)
[2018.08.21-16.20.49:600][811]LogModuleManager: Shutting down and abandoning module MediaCompositing (370)
[2018.08.21-16.20.49:600][811]LogModuleManager: Shutting down and abandoning module LinearTimecode (368)
[2018.08.21-16.20.49:600][811]LogModuleManager: Shutting down and abandoning module ImgMedia (366)
[2018.08.21-16.20.49:655][811]LogModuleManager: Shutting down and abandoning module HTML5Networking (364)
[2018.08.21-16.20.49:655][811]LogModuleManager: Shutting down and abandoning module GeometryCacheTracks (362)
[2018.08.21-16.20.49:655][811]LogModuleManager: Shutting down and abandoning module GeometryCacheSequencer (360)
[2018.08.21-16.20.49:655][811]LogModuleManager: Shutting down and abandoning module BackChannel (358)
[2018.08.21-16.20.49:671][811]LogModuleManager: Shutting down and abandoning module AppleVision (356)
[2018.08.21-16.20.49:671][811]LogModuleManager: Shutting down and abandoning module AppleImageUtils (354)
[2018.08.21-16.20.49:671][811]LogModuleManager: Shutting down and abandoning module AlembicImporter (352)
[2018.08.21-16.20.49:671][811]LogModuleManager: Shutting down and abandoning module AlembicLibrary (351)
[2018.08.21-16.20.49:671][811]LogModuleManager: Shutting down and abandoning module GeometryCache (350)
[2018.08.21-16.20.49:671][811]LogModuleManager: Shutting down and abandoning module GeometryCacheEd (349)
[2018.08.21-16.20.49:672][811]LogModuleManager: Shutting down and abandoning module DatasmithContentEditor (344)
[2018.08.21-16.20.49:705][811]LogModuleManager: Shutting down and abandoning module DatasmithContent (342)
[2018.08.21-16.20.49:706][811]LogModuleManager: Shutting down and abandoning module SpeedTreeImporter (340)
[2018.08.21-16.20.49:706][811]LogModuleManager: Shutting down and abandoning module PluginBrowser (338)
[2018.08.21-16.20.49:820][811]LogModuleManager: Shutting down and abandoning module MobileLauncherProfileWizard (336)
[2018.08.21-16.20.49:866][811]LogModuleManager: Shutting down and abandoning module PolygonModeling (334)
[2018.08.21-16.20.49:866][811]LogModuleManager: Shutting down and abandoning module MeshEditor (332)
[2018.08.21-16.20.49:877][811]LogModuleManager: Shutting down and abandoning module CryptoKeysOpenSSL (330)
[2018.08.21-16.20.49:886][811]LogModuleManager: Shutting down and abandoning module CryptoKeys (328)
[2018.08.21-16.20.49:886][811]LogModuleManager: Shutting down and abandoning module VisualStudioSourceCodeAccess (326)
[2018.08.21-16.20.49:886][811]LogModuleManager: Shutting down and abandoning module VisualStudioCodeSourceCodeAccess (324)
[2018.08.21-16.20.49:886][811]LogModuleManager: Shutting down and abandoning module UObjectPlugin (322)
[2018.08.21-16.20.49:886][811]LogModuleManager: Shutting down and abandoning module SubversionSourceControl (320)
[2018.08.21-16.20.49:897][811]LogModuleManager: Shutting down and abandoning module PerforceSourceControl (318)
[2018.08.21-16.20.49:967][811]LogModuleManager: Shutting down and abandoning module GitSourceControl (316)
[2018.08.21-16.20.49:993][811]LogModuleManager: Shutting down and abandoning module SourceControl (315)
[2018.08.21-16.20.50:010][811]LogModuleManager: Shutting down and abandoning module CLionSourceCodeAccess (312)
[2018.08.21-16.20.50:022][811]LogModuleManager: Shutting down and abandoning module LightPropagationVolumeEditor (310)
[2018.08.21-16.20.50:022][811]LogModuleManager: Shutting down and abandoning module PaperTiledImporter (308)
[2018.08.21-16.20.50:022][811]LogModuleManager: Shutting down and abandoning module PaperSpriteSheetImporter (306)
[2018.08.21-16.20.50:022][811]LogModuleManager: Shutting down and abandoning module Paper2DEditor (304)
[2018.08.21-16.20.50:050][811]LogModuleManager: Shutting down and abandoning module MeshPaint (303)
[2018.08.21-16.20.50:058][811]LogModuleManager: Shutting down and abandoning module RuntimePhysXCooking (300)
[2018.08.21-16.20.50:058][811]LogModuleManager: Shutting down and abandoning module PhysXVehiclesEditor (298)
[2018.08.21-16.20.50:058][811]LogModuleManager: Shutting down and abandoning module PhysXVehicles (296)
[2018.08.21-16.20.50:058][811]LogModuleManager: Shutting down and abandoning module OculusEditor (294)
[2018.08.21-16.20.50:059][811]LogModuleManager: Shutting down and abandoning module LocationServicesBPLibrary (292)
[2018.08.21-16.20.50:059][811]LogModuleManager: Shutting down and abandoning module ImmediatePhysicsEditor (290)
[2018.08.21-16.20.50:060][811]LogModuleManager: Shutting down and abandoning module ImmediatePhysics (288)
[2018.08.21-16.20.50:075][811]LogModuleManager: Shutting down and abandoning module ActorSequence (286)
[2018.08.21-16.20.50:075][811]LogModuleManager: Shutting down and abandoning module UdpMessaging (284)
[2018.08.21-16.20.50:177][811]LogModuleManager: Shutting down and abandoning module TcpMessaging (282)
[2018.08.21-16.20.50:292][811]LogModuleManager: Shutting down and abandoning module SubstanceCore (280)
[2018.08.21-16.20.50:446][811]LogModuleManager: Shutting down and abandoning module MagicLeapAudio (278)
[2018.08.21-16.20.50:446][811]LogModuleManager: Shutting down and abandoning module GameplayTagsEditor (276)
[2018.08.21-16.20.50:484][811]LogModuleManager: Shutting down and abandoning module FacialAnimationEditor (274)
[2018.08.21-16.20.50:484][811]LogModuleManager: Shutting down and abandoning module FacialAnimation (272)
[2018.08.21-16.20.50:484][811]LogModuleManager: Shutting down and abandoning module DataValidation (270)
[2018.08.21-16.20.50:484][811]LogModuleManager: Shutting down and abandoning module AssetManagerEditor (268)
[2018.08.21-16.20.50:500][811]LogModuleManager: Shutting down and abandoning module LevelEditor (267)
[2018.08.21-16.20.50:525][811]LogModuleManager: Shutting down and abandoning module PixelInspectorModule (266)
[2018.08.21-16.20.50:544][811]LogModuleManager: Shutting down and abandoning module CommonMenuExtensions (264)
[2018.08.21-16.20.50:546][811]LogModuleManager: Shutting down and abandoning module MainFrame (262)
[2018.08.21-16.20.50:566][811]LogModuleManager: Shutting down and abandoning module HotReload (261)
[2018.08.21-16.20.50:594][811]LogModuleManager: Shutting down and abandoning module ContentBrowser (257)
[2018.08.21-16.20.50:601][811]LogModuleManager: Shutting down and abandoning module TreeMap (255)
[2018.08.21-16.20.50:608][811]LogModuleManager: Shutting down and abandoning module LightPropagationVolumeRuntime (252)
[2018.08.21-16.20.50:608][811]LogModuleManager: Shutting down and abandoning module AISupportModule (250)
[2018.08.21-16.20.50:608][811]LogModuleManager: Shutting down and abandoning module Paper2D (248)
[2018.08.21-16.20.50:620][811]LogModuleManager: Shutting down and abandoning module WindowsMoviePlayer (246)
[2018.08.21-16.20.50:659][811]LogModuleManager: Shutting down and abandoning module WmfMedia (244)
[2018.08.21-16.20.50:697][811]LogModuleManager: Shutting down and abandoning module Media (243)
[2018.08.21-16.20.50:706][811]LogModuleManager: Shutting down and abandoning module PacketHandler (240)
[2018.08.21-16.20.50:706][811]LogModuleManager: Shutting down and abandoning module ClothingSystemEditor (238)
[2018.08.21-16.20.50:706][811]LogModuleManager: Shutting down and abandoning module ClothingSystemRuntime (236)
[2018.08.21-16.20.50:756][811]LogModuleManager: Shutting down and abandoning module MediaAssets (234)
[2018.08.21-16.20.50:756][811]LogModuleManager: Shutting down and abandoning module Overlay (232)
[2018.08.21-16.20.50:756][811]LogModuleManager: Shutting down and abandoning module OverlayEditor (231)
[2018.08.21-16.20.50:756][811]LogModuleManager: Shutting down and abandoning module VREditor (228)
[2018.08.21-16.20.50:814][811]LogModuleManager: Shutting down and abandoning module StringTableEditor (226)
[2018.08.21-16.20.50:833][811]LogModuleManager: Shutting down and abandoning module GameplayTasksEditor (224)
[2018.08.21-16.20.50:833][811]LogModuleManager: Shutting down and abandoning module BehaviorTreeEditor (222)
[2018.08.21-16.20.50:978][811]LogModuleManager: Shutting down and abandoning module FunctionalTesting (220)
[2018.08.21-16.20.50:993][811]LogModuleManager: Shutting down and abandoning module CollisionAnalyzer (218)
[2018.08.21-16.20.51:017][811]LogModuleManager: Shutting down and abandoning module WorkspaceMenuStructure (217)
[2018.08.21-16.20.51:052][811]LogModuleManager: Shutting down and abandoning module UMG (214)
[2018.08.21-16.20.51:082][811]LogModuleManager: Shutting down and abandoning module UMGEditor (213)
[2018.08.21-16.20.51:136][811]LogModuleManager: Shutting down and abandoning module Sequencer (212)
[2018.08.21-16.20.51:257][811]LogModuleManager: Shutting down and abandoning module MessageLog (209)
[2018.08.21-16.20.51:257][811]LogModuleManager: Shutting down and abandoning module SlateReflector (204)
[2018.08.21-16.20.51:631][811]LogModuleManager: Shutting down and abandoning module Slate (202)
[2018.08.21-16.20.51:632][811]LogModuleManager: Shutting down and abandoning module EditorStyle (200)
[2018.08.21-16.20.51:694][811]LogModuleManager: Shutting down and abandoning module MRMesh (198)
[2018.08.21-16.20.51:694][811]LogModuleManager: Shutting down and abandoning module SourceCodeAccess (196)
[2018.08.21-16.20.51:694][811]LogModuleManager: Shutting down and abandoning module HeadMountedDisplay (194)
[2018.08.21-16.20.51:695][811]LogModuleManager: Shutting down and abandoning module XAudio2 (192)
[2018.08.21-16.20.51:695][811]LogModuleManager: Shutting down and abandoning module Networking (190)
[2018.08.21-16.20.51:695][811]LogModuleManager: Shutting down and abandoning module Core (188)
[2018.08.21-16.20.51:695][811]LogModuleManager: Shutting down and abandoning module LevelSequence (186)
[2018.08.21-16.20.51:695][811]LogModuleManager: Shutting down and abandoning module KismetCompiler (184)
[2018.08.21-16.20.51:695][811]LogModuleManager: Shutting down and abandoning module MeshUtilities (182)
[2018.08.21-16.20.51:755][811]LogModuleManager: Shutting down and abandoning module MeshMergeUtilities (181)
[2018.08.21-16.20.51:799][811]LogModuleManager: Shutting down and abandoning module MeshReductionInterface (180)
[2018.08.21-16.20.51:799][811]LogModuleManager: Shutting down and abandoning module SimplygonSwarm (179)
[2018.08.21-16.20.51:891][811]LogModuleManager: Shutting down and abandoning module ProxyLODMeshReduction (177)
[2018.08.21-16.20.51:964][811]LogModuleManager: Shutting down and abandoning module SimplygonMeshReduction (175)
[2018.08.21-16.20.52:026][811]LogModuleManager: Shutting down and abandoning module QuadricMeshReduction (173)
[2018.08.21-16.20.52:075][811]LogModuleManager: Shutting down and abandoning module MaterialBaking (169)
[2018.08.21-16.20.52:076][811]LogModuleManager: Shutting down and abandoning module DirectoryWatcher (165)
[2018.08.21-16.20.52:204][811]LogModuleManager: Shutting down and abandoning module DerivedDataCache (162)
[2018.08.21-16.20.52:209][811]LogDerivedDataCache: Shutdown
[2018.08.21-16.20.52:209][811]LogModuleManager: Shutting down and abandoning module XGEController (160)
[2018.08.21-16.20.52:209][811]LogXGEController: Cleaning working directory: C:/Users/mikey/AppData/Local/Temp/UnrealXGEWorkingDir/
[2018.08.21-16.20.52:223][811]LogModuleManager: Shutting down and abandoning module TargetPlatform (158)
[2018.08.21-16.20.52:223][811]LogModuleManager: Shutting down and abandoning module VulkanShaderFormat (157)
[2018.08.21-16.20.52:225][811]LogModuleManager: Shutting down and abandoning module ShaderFormatVectorVM (155)
[2018.08.21-16.20.52:241][811]LogModuleManager: Shutting down and abandoning module ShaderFormatOpenGL (153)
[2018.08.21-16.20.52:242][811]LogModuleManager: Shutting down and abandoning module ShaderFormatD3D (151)
[2018.08.21-16.20.52:243][811]LogModuleManager: Shutting down and abandoning module MetalShaderFormat (149)
[2018.08.21-16.20.52:244][811]LogModuleManager: Shutting down and abandoning module TextureFormatUncompressed (147)
[2018.08.21-16.20.52:244][811]LogModuleManager: Shutting down and abandoning module TextureFormatPVR (145)
[2018.08.21-16.20.52:244][811]LogModuleManager: Shutting down and abandoning module TextureFormatDXT (143)
[2018.08.21-16.20.52:246][811]LogModuleManager: Shutting down and abandoning module TextureFormatIntelISPCTexComp (141)
[2018.08.21-16.20.52:273][811]LogModuleManager: Shutting down and abandoning module TextureFormatASTC (139)
[2018.08.21-16.20.52:273][811]LogModuleManager: Shutting down and abandoning module ImageWrapper (138)
[2018.08.21-16.20.52:273][811]LogModuleManager: Shutting down and abandoning module TextureFormatAndroid (135)
[2018.08.21-16.20.52:274][811]LogModuleManager: Shutting down and abandoning module AudioFormatOpus (133)
[2018.08.21-16.20.52:274][811]LogModuleManager: Shutting down and abandoning module AudioFormatOgg (131)
[2018.08.21-16.20.52:274][811]LogModuleManager: Shutting down and abandoning module AudioFormatADPCM (129)
[2018.08.21-16.20.52:274][811]LogModuleManager: Shutting down and abandoning module LuminTargetPlatform (127)
[2018.08.21-16.20.52:276][811]LogModuleManager: Shutting down and abandoning module LinuxTargetPlatform (125)
[2018.08.21-16.20.52:277][811]LogModuleManager: Shutting down and abandoning module LinuxServerTargetPlatform (123)
[2018.08.21-16.20.52:278][811]LogModuleManager: Shutting down and abandoning module LinuxNoEditorTargetPlatform (121)
[2018.08.21-16.20.52:279][811]LogModuleManager: Shutting down and abandoning module LinuxClientTargetPlatform (119)
[2018.08.21-16.20.52:280][811]LogModuleManager: Shutting down and abandoning module TVOSTargetPlatform (117)
[2018.08.21-16.20.52:414][811]LogModuleManager: Shutting down and abandoning module Messaging (115)
[2018.08.21-16.20.52:414][811]LogModuleManager: Shutting down and abandoning module IOSTargetPlatform (113)
[2018.08.21-16.20.52:461][811]LogModuleManager: Shutting down and abandoning module HTML5TargetPlatform (111)
[2018.08.21-16.20.52:462][811]LogModuleManager: Shutting down and abandoning module AndroidTargetPlatform (109)
[2018.08.21-16.20.52:889][811]LogModuleManager: Shutting down and abandoning module WindowsTargetPlatform (107)
[2018.08.21-16.20.52:889][811]LogModuleManager: Shutting down and abandoning module WindowsServerTargetPlatform (105)
[2018.08.21-16.20.52:890][811]LogModuleManager: Shutting down and abandoning module WindowsNoEditorTargetPlatform (103)
[2018.08.21-16.20.52:891][811]LogModuleManager: Shutting down and abandoning module WindowsClientTargetPlatform (101)
[2018.08.21-16.20.52:894][811]LogModuleManager: Shutting down and abandoning module MacTargetPlatform (99)
[2018.08.21-16.20.52:895][811]LogModuleManager: Shutting down and abandoning module MacServerTargetPlatform (97)
[2018.08.21-16.20.52:895][811]LogModuleManager: Shutting down and abandoning module MacNoEditorTargetPlatform (95)
[2018.08.21-16.20.52:895][811]LogModuleManager: Shutting down and abandoning module MacClientTargetPlatform (93)
[2018.08.21-16.20.52:895][811]LogModuleManager: Shutting down and abandoning module AllDesktopTargetPlatform (91)
[2018.08.21-16.20.52:895][811]LogModuleManager: Shutting down and abandoning module InputCore (88)
[2018.08.21-16.20.52:895][811]LogModuleManager: Shutting down and abandoning module Settings (86)
[2018.08.21-16.20.52:896][811]LogModuleManager: Shutting down and abandoning module PhysXCooking (84)
[2018.08.21-16.20.52:896][811]LogModuleManager: Shutting down and abandoning module SteamVR (82)
[2018.08.21-16.20.52:896][811]LogModuleManager: Shutting down and abandoning module OculusHMD (80)
[2018.08.21-16.20.52:897][811]LogModuleManager: Shutting down and abandoning module ExampleDeviceProfileSelector (78)
[2018.08.21-16.20.52:897][811]LogModuleManager: Shutting down and abandoning module LauncherChunkInstaller (76)
[2018.08.21-16.20.52:897][811]LogModuleManager: Shutting down and abandoning module OnlineBlueprintSupport (74)
[2018.08.21-16.20.52:897][811]LogModuleManager: Shutting down and abandoning module OnlineSubsystem (70)
[2018.08.21-16.20.52:921][811]LogModuleManager: Shutting down and abandoning module XMPP (65)
[2018.08.21-16.20.52:947][811]LogModuleManager: Shutting down and abandoning module WebSockets (64)
[2018.08.21-16.20.53:051][811]LogModuleManager: Shutting down and abandoning module HTTP (61)
[2018.08.21-16.20.53:053][811]LogHttp: Display: Http module shutting down, but needs to wait on 1 outstanding Http requests:
[2018.08.21-16.20.53:053][811]LogHttp: Display: 	verb=[POST] url=[https://datarouter.ol.epicgames.com/datarouter/api/v1/public/data?SessionID=%7B50DAEC21-486A-6C2B-C0E0-00A8D0EA47D4%7D&AppID=UEEditor.Rocket.Release&AppVersion=4.20.0-4212847%2B%2B%2BUE4%2BRelease-4.20&UserID=31027a594662a0b97be24a9d90c3d532%7C9aea4035aae84fc6a50e2bbd0bcac9c5%7C272cb1e4-9c96-41d3-8475-4726cc712451&AppEnvironment=datacollector-binary&UploadType=eteventstream] status=Processing
[2018.08.21-16.20.53:089][811]LogModuleManager: Shutting down and abandoning module SSL (60)
[2018.08.21-16.20.53:103][811]LogModuleManager: Shutting down and abandoning module MagicLeapEmulator (56)
[2018.08.21-16.20.53:103][811]LogModuleManager: Shutting down and abandoning module MagicLeapPrivileges (54)
[2018.08.21-16.20.53:103][811]LogModuleManager: Shutting down and abandoning module MagicLeapIdentity (52)
[2018.08.21-16.20.53:103][811]LogModuleManager: Shutting down and abandoning module MagicLeapHelperVulkan (50)
[2018.08.21-16.20.53:103][811]LogModuleManager: Shutting down and abandoning module MagicLeapHelperOpenGL (48)
[2018.08.21-16.20.53:103][811]LogModuleManager: Shutting down and abandoning module MagicLeapSecureStorage (46)
[2018.08.21-16.20.53:103][811]LogModuleManager: Shutting down and abandoning module MagicLeapGestures (44)
[2018.08.21-16.20.53:104][811]LogModuleManager: Shutting down and abandoning module MagicLeapEyeTracker (42)
[2018.08.21-16.20.53:105][811]LogModuleManager: Shutting down and abandoning module MagicLeapController (40)
[2018.08.21-16.20.53:119][811]LogSlate: Slate User Destroyed.  User Index 0, Is Virtual User: 0
[2018.08.21-16.20.53:119][811]LogModuleManager: Shutting down and abandoning module MagicLeap (38)
[2018.08.21-16.20.53:122][811]LogModuleManager: Shutting down and abandoning module AnimationModifiers (36)
[2018.08.21-16.20.53:125][811]LogModuleManager: Shutting down and abandoning module PropertyEditor (35)
[2018.08.21-16.20.53:144][811]LogModuleManager: Shutting down and abandoning module AudioEditor (32)
[2018.08.21-16.20.53:174][811]LogModuleManager: Shutting down and abandoning module TextureCompressor (30)
[2018.08.21-16.20.53:177][811]LogModuleManager: Shutting down and abandoning module ShaderCore (28)
[2018.08.21-16.20.53:177][811]LogModuleManager: Shutting down and abandoning module Landscape (26)
[2018.08.21-16.20.53:177][811]LogModuleManager: Shutting down and abandoning module SlateRHIRenderer (24)
[2018.08.21-16.20.53:230][811]LogModuleManager: Shutting down and abandoning module OpenGLDrv (22)
[2018.08.21-16.20.53:290][811]LogModuleManager: Shutting down and abandoning module D3D11RHI (20)
[2018.08.21-16.20.53:290][811]LogModuleManager: Shutting down and abandoning module AnimGraphRuntime (18)
[2018.08.21-16.20.53:290][811]LogModuleManager: Shutting down and abandoning module Renderer (16)
[2018.08.21-16.20.53:290][811]LogModuleManager: Shutting down and abandoning module Engine (14)
[2018.08.21-16.20.53:290][811]LogModuleManager: Shutting down and abandoning module CoreUObject (12)
[2018.08.21-16.20.53:291][811]LogModuleManager: Shutting down and abandoning module NetworkFile (10)
[2018.08.21-16.20.53:292][811]LogModuleManager: Shutting down and abandoning module CookedIterativeFile (8)
[2018.08.21-16.20.53:292][811]LogModuleManager: Shutting down and abandoning module StreamingFile (6)
[2018.08.21-16.20.53:292][811]LogModuleManager: Shutting down and abandoning module SandboxFile (4)
[2018.08.21-16.20.53:293][811]LogModuleManager: Shutting down and abandoning module PakFile (2)
[2018.08.21-16.20.53:324][811]LogExit: Exiting.
[2018.08.21-16.20.53:487][811]Log file closed, 08/21/18 17:20:53
