Log file open, 07/31/18 10:00:49
LogWindows: Failed to load 'aqProf.dll' (GetLastError=126)
LogWindows: File 'aqProf.dll' does not exist
LogWindows: Failed to load 'VtuneApi.dll' (GetLastError=126)
LogWindows: File 'VtuneApi.dll' does not exist
LogWindows: Failed to load 'VtuneApi32e.dll' (GetLastError=126)
LogWindows: File 'VtuneApi32e.dll' does not exist
LogInit: Display: Running engine for game: BeyondHuman
LogPlatformFile: Not using cached read wrapper
LogTaskGraph: Started task graph with 5 named threads and 23 total threads with 3 sets of task threads.
LogStats: Stats thread started at 0.317308
LogD3D11RHI: Loaded GFSDK_Aftermath_Lib.x64.dll
LogICUInternationalization: Display: ICU TimeZone Detection - Raw Offset: +0:00, Platform Override: ''
LogPluginManager: Mounting plugin Paper2D
LogPluginManager: Mounting plugin AISupport
LogPluginManager: Mounting plugin LightPropagationVolume
LogPluginManager: Mounting plugin CLionSourceCodeAccess
LogPluginManager: Mounting plugin CodeLiteSourceCodeAccess
LogPluginManager: Mounting plugin GitSourceControl
LogPluginManager: Mounting plugin KDevelopSourceCodeAccess
LogPluginManager: Mounting plugin NullSourceCodeAccess
LogPluginManager: Mounting plugin PerforceSourceControl
LogPluginManager: Mounting plugin SubversionSourceControl
LogPluginManager: Mounting plugin UObjectPlugin
LogPluginManager: Mounting plugin VisualStudioCodeSourceCodeAccess
LogPluginManager: Mounting plugin VisualStudioSourceCodeAccess
LogPluginManager: Mounting plugin XCodeSourceCodeAccess
LogPluginManager: Mounting plugin AssetManagerEditor
LogPluginManager: Mounting plugin CryptoKeys
LogPluginManager: Mounting plugin DataValidation
LogPluginManager: Mounting plugin FacialAnimation
LogPluginManager: Mounting plugin GameplayTagsEditor
LogPluginManager: Mounting plugin MacGraphicsSwitching
LogPluginManager: Mounting plugin MeshEditor
LogPluginManager: Mounting plugin MobileLauncherProfileWizard
LogPluginManager: Mounting plugin PluginBrowser
LogPluginManager: Mounting plugin SpeedTreeImporter
LogPluginManager: Mounting plugin DatasmithContent
LogPluginManager: Mounting plugin AlembicImporter
LogPluginManager: Mounting plugin AppleImageUtils
LogPluginManager: Mounting plugin AppleVision
LogPluginManager: Mounting plugin BackChannel
LogPluginManager: Mounting plugin CharacterAI
LogPluginManager: Mounting plugin GeometryCache
LogPluginManager: Mounting plugin HTML5Networking
LogPluginManager: Mounting plugin ProxyLODPlugin
LogPluginManager: Mounting plugin MagicLeap
LogPluginManager: Mounting plugin MagicLeapEmulator
LogPluginManager: Mounting plugin MagicLeapMedia
LogPluginManager: Mounting plugin Substance
LogPluginManager: Mounting plugin AndroidMedia
LogPluginManager: Mounting plugin AvfMedia
LogPluginManager: Mounting plugin ImgMedia
LogPluginManager: Mounting plugin LinearTimecode
LogPluginManager: Mounting plugin MediaCompositing
LogPluginManager: Mounting plugin MediaPlayerEditor
LogPluginManager: Mounting plugin WmfMedia
LogPluginManager: Mounting plugin TcpMessaging
LogPluginManager: Mounting plugin UdpMessaging
LogPluginManager: Mounting plugin ActorSequence
LogPluginManager: Mounting plugin LevelSequenceEditor
LogPluginManager: Mounting plugin MatineeToLevelSequence
LogPluginManager: Mounting plugin NetcodeUnitTest
LogPluginManager: Mounting plugin NUTUnrealEngine4
LogPluginManager: Mounting plugin OnlineSubsystemGooglePlay
LogPluginManager: Mounting plugin OnlineSubsystemIOS
LogPluginManager: Mounting plugin OnlineSubsystem
LogPluginManager: Mounting plugin OnlineSubsystemNull
LogPluginManager: Mounting plugin OnlineSubsystemUtils
LogPluginManager: Mounting plugin LauncherChunkInstaller
LogPluginManager: Mounting plugin AndroidDeviceProfileSelector
LogPluginManager: Mounting plugin AndroidMoviePlayer
LogPluginManager: Mounting plugin AndroidPermission
LogPluginManager: Mounting plugin AppleMoviePlayer
LogPluginManager: Mounting plugin ArchVisCharacter
LogPluginManager: Mounting plugin AudioCapture
LogPluginManager: Mounting plugin CableComponent
LogPluginManager: Mounting plugin CustomMeshComponent
LogPluginManager: Mounting plugin EditableMesh
LogPluginManager: Mounting plugin ExampleDeviceProfileSelector
LogPluginManager: Mounting plugin GoogleCloudMessaging
LogPluginManager: Mounting plugin ImmediatePhysics
LogPluginManager: Mounting plugin IOSDeviceProfileSelector
LogPluginManager: Mounting plugin LinuxDeviceProfileSelector
LogPluginManager: Mounting plugin LocationServicesBPLibrary
LogPluginManager: Mounting plugin MobilePatchingUtils
LogPluginManager: Mounting plugin OculusVR
LogPluginManager: Plugin shader directory ../../../Engine/Plugins/Runtime/Oculus/OculusVR/Shaders found
LogPluginManager: Mapping shader source directory ../../../Engine/Plugins/Runtime/Oculus/OculusVR/Shaders to virtual directory /Plugin/OculusVR
LogPluginManager: Mounting plugin PhysXVehicles
LogPluginManager: Mounting plugin ProceduralMeshComponent
LogPluginManager: Mounting plugin RuntimePhysXCooking
LogPluginManager: Mounting plugin SteamVR
LogPluginManager: Mounting plugin WindowsMoviePlayer
LogStreaming: Display: Took  0.266s to configure plugins.
LogInit: Using libcurl 7.55.1-DEV
LogInit:  - built for x86_64-pc-win32
LogInit:  - supports SSL with OpenSSL/1.0.2h
LogInit:  - supports HTTP deflate (compression) using libz 1.2.8
LogInit:  - other features:
LogInit:      CURL_VERSION_SSL
LogInit:      CURL_VERSION_LIBZ
LogInit:      CURL_VERSION_IPV6
LogInit:      CURL_VERSION_ASYNCHDNS
LogInit:      CURL_VERSION_LARGEFILE
LogInit:      CURL_VERSION_IDN
LogInit:  CurlRequestOptions (configurable via config and command line):
LogInit:  - bVerifyPeer = false  - Libcurl will NOT verify peer certificate
LogInit:  - bUseHttpProxy = false  - Libcurl will NOT use HTTP proxy
LogInit:  - bDontReuseConnections = false  - Libcurl will reuse connections
LogInit:  - CertBundlePath = nullptr  - Libcurl will use whatever was configured at build time.
LogInit:  - MaxHostConnections = 16  - Libcurl will limit the number of connections to a host
LogInit:  - LocalHostAddr = Default
LogInit:  - BufferSize = 65536
LogInit: WinSock: version 1.1 (2.2), MaxSocks=32767, MaxUdp=65467
LogInit: Build: ++UE4+Release-4.20-CL-4212847
LogInit: Engine Version: 4.20.0-4212847+++UE4+Release-4.20
LogInit: Compatible Engine Version: 4.20.0-4212847+++UE4+Release-4.20
LogInit: Net CL: 4212847
LogInit: OS: Windows 10 (), CPU:        Intel(R) Core(TM) i7-2600K CPU @ 3.40GHz, GPU: NVIDIA GeForce GTX 970
LogInit: Compiled (64-bit): Jul 14 2018 09:51:14
LogInit: Compiled with Visual C++: 19.13.26129.00
LogInit: Build Configuration: Development
LogInit: Branch Name: ++UE4+Release-4.20
LogInit: Command Line:  
LogInit: Base Directory: C:/Program Files/Epic Games/UE_4.20/Engine/Binaries/Win64/
LogInit: Installed Engine Build: 1
LogDevObjectVersion: Number of dev versions registered: 20
LogDevObjectVersion:   Dev-Blueprints (B0D832E4-1F89-4F0D-ACCF-7EB736FD4AA2): 10
LogDevObjectVersion:   Dev-Build (E1C64328-A22C-4D53-A36C-8E866417BD8C): 0
LogDevObjectVersion:   Dev-Core (375EC13C-06E4-48FB-B500-84F0262A717E): 2
LogDevObjectVersion:   Dev-Editor (E4B068ED-F494-42E9-A231-DA0B2E46BB41): 24
LogDevObjectVersion:   Dev-Framework (CFFC743F-43B0-4480-9391-14DF171D2073): 34
LogDevObjectVersion:   Dev-Mobile (B02B49B5-BB20-44E9-A304-32B752E40360): 2
LogDevObjectVersion:   Dev-Networking (A4E4105C-59A1-49B5-A7C5-40C4547EDFEE): 0
LogDevObjectVersion:   Dev-Online (39C831C9-5AE6-47DC-9A44-9C173E1C8E7C): 0
LogDevObjectVersion:   Dev-Physics (78F01B33-EBEA-4F98-B9B4-84EACCB95AA2): 0
LogDevObjectVersion:   Dev-Platform (6631380F-2D4D-43E0-8009-CF276956A95A): 0
LogDevObjectVersion:   Dev-Rendering (12F88B9F-8875-4AFC-A67C-D90C383ABD29): 26
LogDevObjectVersion:   Dev-Sequencer (7B5AE74C-D270-4C10-A958-57980B212A5A): 9
LogDevObjectVersion:   Dev-VR (D7296918-1DD6-4BDD-9DE2-64A83CC13884): 2
LogDevObjectVersion:   Dev-LoadTimes (C2A15278-BFE7-4AFE-6C17-90FF531DF755): 1
LogDevObjectVersion:   Private-Geometry (6EACA3D4-40EC-4CC1-B786-8BED09428FC5): 3
LogDevObjectVersion:   Dev-AnimPhys (29E575DD-E0A3-4627-9D10-D276232CDCEA): 17
LogDevObjectVersion:   Dev-ReflectionCapture (6B266CEC-1EC7-4B8F-A30B-E4D90942FC07): 1
LogDevObjectVersion:   Dev-Automation (0DF73D61-A23F-47EA-B727-89E90C41499A): 1
LogDevObjectVersion:   FortniteMain (601D1886-AC64-4F84-AA16-D3DE0DEAC7D6): 12
LogDevObjectVersion:   Dev-Enterprise (9DFFBCD6-494F-0158-E221-12823C92A888): 1
LogStreaming: Display: Took  0.002s to delete old logs.
LogInit: Presizing for max 8388607 objects, including 0 objects not considered by GC, pre-allocating 0 bytes for permanent pool.
LogInit: Object subsystem initialized
[2018.07.31-09.00.50:173][  0]LogInit: Selected Device Profile: [Windows]
[2018.07.31-09.00.50:174][  0]LogInit: Applying CVar settings loaded from the selected device profile: [Windows]
[2018.07.31-09.00.50:209][  0]LogHAL: Display: Platform has ~ 16 GB [17160146944 / 17179869184 / 16], which maps to Larger [LargestMinGB=32, LargerMinGB=12, DefaultMinGB=8, SmallerMinGB=6, SmallestMinGB=0)
[2018.07.31-09.00.50:210][  0]LogInit: Setting Device Profile CVar: [[r.Vulkan.UseRealUBs:1]]
[2018.07.31-09.00.50:210][  0]LogInit: Going up to parent DeviceProfile []
[2018.07.31-09.00.50:213][  0]LogInit: Computer: DESKTOP-45O6R3R
[2018.07.31-09.00.50:213][  0]LogInit: User: mikey
[2018.07.31-09.00.50:213][  0]LogInit: CPU Page size=4096, Cores=4
[2018.07.31-09.00.50:213][  0]LogInit: High frequency timer resolution =3.331197 MHz
[2018.07.31-09.00.50:213][  0]LogMemory: Memory total: Physical=16.0GB (16GB approx)
[2018.07.31-09.00.50:213][  0]LogMemory: Platform Memory Stats for Windows
[2018.07.31-09.00.50:213][  0]LogMemory: Process Physical Memory: 99.69 MB used, 99.69 MB peak
[2018.07.31-09.00.50:213][  0]LogMemory: Process Virtual Memory: 91.12 MB used, 91.12 MB peak
[2018.07.31-09.00.50:213][  0]LogMemory: Physical Memory: 5543.82 MB used,  10821.38 MB free, 16365.19 MB total
[2018.07.31-09.00.50:213][  0]LogMemory: Virtual Memory: 4639.31 MB used,  10821.38 MB free, 134217728.00 MB total
[2018.07.31-09.00.50:429][  0]LogInit: Using OS detected language (en-US).
[2018.07.31-09.00.50:429][  0]LogInit: Using OS detected locale (en-GB).
[2018.07.31-09.00.50:432][  0]LogTextLocalizationManager: No specific localization for 'en-US' exists, so the 'en' localization will be used.
[2018.07.31-09.00.50:893][  0]LogStreaming: Display: Took  0.465s to InitEngineTextLocalization.
[2018.07.31-09.00.50:894][  0]LogInit: Setting process to per monitor DPI aware
[2018.07.31-09.00.50:974][  0]LogSlate: New Slate User Created.  User Index 0, Is Virtual User: 0
[2018.07.31-09.00.50:974][  0]LogSlate: Slate User Registered.  User Index 0, Is Virtual User: 0
[2018.07.31-09.00.51:522][  0]LogHMD: Failed to initialize OpenVR with code 126
[2018.07.31-09.00.51:523][  0]LogD3D11RHI: D3D11 adapters:
[2018.07.31-09.00.51:622][  0]LogD3D11RHI:    0. 'NVIDIA GeForce GTX 970' (Feature Level 11_0)
[2018.07.31-09.00.51:622][  0]LogD3D11RHI:       4058/0/8182 MB DedicatedVideo/DedicatedSystem/SharedSystem, Outputs:3, VendorId:0x10de
[2018.07.31-09.00.51:627][  0]LogD3D11RHI:    1. 'Microsoft Basic Render Driver' (Feature Level 11_0)
[2018.07.31-09.00.51:627][  0]LogD3D11RHI:       0/0/8182 MB DedicatedVideo/DedicatedSystem/SharedSystem, Outputs:0, VendorId:0x1414
[2018.07.31-09.00.51:627][  0]LogD3D11RHI: Chosen D3D11 Adapter: 0
[2018.07.31-09.00.51:634][  0]LogD3D11RHI: Creating new Direct3DDevice
[2018.07.31-09.00.51:635][  0]LogD3D11RHI:     GPU DeviceId: 0x13c2 (for the marketing name, search the web for "GPU Device Id")
[2018.07.31-09.00.51:635][  0]LogWindows: EnumDisplayDevices:
[2018.07.31-09.00.51:635][  0]LogWindows:    0. 'NVIDIA GeForce GTX 970' (P:1 D:1)
[2018.07.31-09.00.51:636][  0]LogWindows:    1. 'NVIDIA GeForce GTX 970' (P:0 D:1)
[2018.07.31-09.00.51:636][  0]LogWindows:    2. 'NVIDIA GeForce GTX 970' (P:0 D:1)
[2018.07.31-09.00.51:636][  0]LogWindows:    3. 'NVIDIA GeForce GTX 970' (P:0 D:0)
[2018.07.31-09.00.51:636][  0]LogWindows: DebugString: FoundDriverCount:4 
[2018.07.31-09.00.51:636][  0]LogD3D11RHI:     Adapter Name: NVIDIA GeForce GTX 970
[2018.07.31-09.00.51:637][  0]LogD3D11RHI:   Driver Version: 388.13 (internal:23.21.13.8813, unified:388.13)
[2018.07.31-09.00.51:637][  0]LogD3D11RHI:      Driver Date: 10-27-2017
[2018.07.31-09.00.51:637][  0]LogRHI: Texture pool is 2840 MB (70% of 4058 MB)
[2018.07.31-09.00.51:679][  0]LogD3D11RHI: Async texture creation enabled
[2018.07.31-09.00.51:726][  0]LogD3D11RHI: GPU Timing Frequency: 1000.000000 (Debug: 2 1)
[2018.07.31-09.00.51:878][  0]LogShaderCompilers: Guid format shader working directory is 16 characters bigger than the processId version (E:/Unreal Projects/BeyondHuman/Intermediate/Shaders/WorkingDirectory/6876/).
[2018.07.31-09.00.51:878][  0]LogShaderCompilers: Cleaned the shader compiler working directory 'C:/Users/mikey/AppData/Local/Temp/UnrealShaderWorkingDir/55C2E59E4335C5584135E68E83677918/'.
[2018.07.31-09.00.53:436][  0]LogTemp: Display: Loaded TP AllDesktopTargetPlatform
[2018.07.31-09.00.53:473][  0]LogTemp: Display: Loaded TP MacClientTargetPlatform
[2018.07.31-09.00.53:496][  0]LogTemp: Display: Loaded TP MacNoEditorTargetPlatform
[2018.07.31-09.00.53:518][  0]LogTemp: Display: Loaded TP MacServerTargetPlatform
[2018.07.31-09.00.53:547][  0]LogTemp: Display: Loaded TP MacTargetPlatform
[2018.07.31-09.00.53:571][  0]LogTemp: Display: Loaded TP WindowsClientTargetPlatform
[2018.07.31-09.00.53:594][  0]LogTemp: Display: Loaded TP WindowsNoEditorTargetPlatform
[2018.07.31-09.00.53:616][  0]LogTemp: Display: Loaded TP WindowsServerTargetPlatform
[2018.07.31-09.00.53:632][  0]LogTemp: Display: Loaded TP WindowsTargetPlatform
[2018.07.31-09.00.53:736][  0]LogTemp: Display: Loaded TP AndroidTargetPlatform
[2018.07.31-09.00.53:736][  0]LogTemp: Display: Loaded TP AndroidTargetPlatform
[2018.07.31-09.00.53:736][  0]LogTemp: Display: Loaded TP AndroidTargetPlatform
[2018.07.31-09.00.53:736][  0]LogTemp: Display: Loaded TP AndroidTargetPlatform
[2018.07.31-09.00.53:736][  0]LogTemp: Display: Loaded TP AndroidTargetPlatform
[2018.07.31-09.00.53:736][  0]LogTemp: Display: Loaded TP AndroidTargetPlatform
[2018.07.31-09.00.53:736][  0]LogTemp: Display: Loaded TP AndroidTargetPlatform
[2018.07.31-09.00.53:736][  0]LogTemp: Display: Loaded TP AndroidTargetPlatform
[2018.07.31-09.00.53:736][  0]LogTemp: Display: Loaded TP AndroidTargetPlatform
[2018.07.31-09.00.53:736][  0]LogTemp: Display: Loaded TP AndroidTargetPlatform
[2018.07.31-09.00.53:736][  0]LogTemp: Display: Loaded TP AndroidTargetPlatform
[2018.07.31-09.00.53:736][  0]LogTemp: Display: Loaded TP AndroidTargetPlatform
[2018.07.31-09.00.53:736][  0]LogTemp: Display: Loaded TP AndroidTargetPlatform
[2018.07.31-09.00.53:736][  0]LogTemp: Display: Loaded TP AndroidTargetPlatform
[2018.07.31-09.00.53:736][  0]LogTemp: Display: Loaded TP AndroidTargetPlatform
[2018.07.31-09.00.53:736][  0]LogTemp: Display: Loaded TP AndroidTargetPlatform
[2018.07.31-09.00.53:736][  0]LogTemp: Display: Loaded TP AndroidTargetPlatform
[2018.07.31-09.00.53:736][  0]LogTemp: Display: Loaded TP AndroidTargetPlatform
[2018.07.31-09.00.53:747][  0]LogTemp: Display: Loaded TP HTML5TargetPlatform
[2018.07.31-09.00.53:846][  0]LogTemp: Display: Loaded TP IOSTargetPlatform
[2018.07.31-09.00.53:846][  0]LogTemp: Display: Loaded TP IOSTargetPlatform
[2018.07.31-09.00.53:881][  0]LogTemp: Display: Loaded TP TVOSTargetPlatform
[2018.07.31-09.00.53:881][  0]LogTemp: Display: Loaded TP TVOSTargetPlatform
[2018.07.31-09.00.53:905][  0]LogTemp: Display: Loaded TP LinuxClientTargetPlatform
[2018.07.31-09.00.53:928][  0]LogTemp: Display: Loaded TP LinuxNoEditorTargetPlatform
[2018.07.31-09.00.53:950][  0]LogTemp: Display: Loaded TP LinuxServerTargetPlatform
[2018.07.31-09.00.53:981][  0]LogTemp: Display: Loaded TP LinuxTargetPlatform
[2018.07.31-09.00.54:000][  0]LogTemp: Display: Loaded TP LuminTargetPlatform
[2018.07.31-09.00.54:000][  0]LogTargetPlatformManager: Display: Building Assets For Windows
[2018.07.31-09.00.54:332][  0]LogXGEController: Cleaning working directory: C:/Users/mikey/AppData/Local/Temp/UnrealXGEWorkingDir/
[2018.07.31-09.00.54:332][  0]LogXGEController: Cannot use XGE Controller as Incredibuild is not installed on this machine.
[2018.07.31-09.00.54:333][  0]LogShaderCompilers: Cannot use XGE Shader Compiler as Incredibuild is not installed on this machine.
[2018.07.31-09.00.54:333][  0]LogShaderCompilers: Display: Using Local Shader Compiler.
[2018.07.31-09.00.55:445][  0]LogDerivedDataCache: Display: Max Cache Size: 512 MB
[2018.07.31-09.00.55:763][  0]LogDerivedDataCache: Loaded boot cache 0.32s 71MB C:/Users/mikey/AppData/Local/UnrealEngine/4.20/DerivedDataCache/Boot.ddc.
[2018.07.31-09.00.55:764][  0]LogDerivedDataCache: Display: Loaded Boot cache: C:/Users/mikey/AppData/Local/UnrealEngine/4.20/DerivedDataCache/Boot.ddc
[2018.07.31-09.00.55:764][  0]LogDerivedDataCache: FDerivedDataBackendGraph:  Pak pak cache file E:/Unreal Projects/BeyondHuman/DerivedDataCache/DDC.ddp not found, will not use a pak cache.
[2018.07.31-09.00.55:764][  0]LogDerivedDataCache: Unable to find inner node Pak for hierarchical cache Hierarchy.
[2018.07.31-09.00.55:764][  0]LogDerivedDataCache: FDerivedDataBackendGraph:  CompressedPak pak cache file E:/Unreal Projects/BeyondHuman/DerivedDataCache/Compressed.ddp not found, will not use a pak cache.
[2018.07.31-09.00.55:764][  0]LogDerivedDataCache: Unable to find inner node CompressedPak for hierarchical cache Hierarchy.
[2018.07.31-09.00.55:789][  0]LogDerivedDataCache: Display: Pak cache opened for reading ../../../Engine/DerivedDataCache/Compressed.ddp.
[2018.07.31-09.00.55:802][  0]LogDerivedDataCache: Using Local data cache path C:/Users/mikey/AppData/Local/UnrealEngine/Common/DerivedDataCache: Writable
[2018.07.31-09.00.55:802][  0]LogDerivedDataCache: Shared data cache path not found in *engine.ini, will not use an Shared cache.
[2018.07.31-09.00.55:802][  0]LogDerivedDataCache: Unable to find inner node Shared for hierarchical cache Hierarchy.
[2018.07.31-09.00.55:829][  0]LogMaterial: Verifying Global Shaders for PCD3D_SM5
[2018.07.31-09.00.55:836][  0]LogSlate: Using FreeType 2.6.0
[2018.07.31-09.00.55:844][  0]LogSlate: SlateFontServices - WITH_FREETYPE: 1, WITH_HARFBUZZ: 1
[2018.07.31-09.00.56:022][  0]LogAssetRegistry: FAssetRegistry took 0.0294 seconds to start up
[2018.07.31-09.00.56:598][  0]LogInit: Selected Device Profile: [Windows]
[2018.07.31-09.00.56:956][  0]LogSimplygon: Simplygon DLL not present - disabling.
[2018.07.31-09.00.56:997][  0]LogMeshReduction: Using SimplygonSwarm for distributed automatic mesh merging
[2018.07.31-09.00.56:997][  0]LogMeshReduction: Using ProxyLODMeshReduction for automatic mesh merging
[2018.07.31-09.00.56:997][  0]LogMeshReduction: Using QuadricMeshReduction for automatic static mesh reduction
[2018.07.31-09.00.56:997][  0]LogMeshReduction: No automatic skeletal mesh reduction module available
[2018.07.31-09.00.57:069][  0]LogNetVersion: BeyondHuman 1.0.0, NetCL: 4212847, EngineNetVer: 5, GameNetVer: 0 (Checksum: 671501493)
[2018.07.31-09.00.58:206][  0]LogPackageLocalizationCache: Processed 11 localized package path(s) for 2 prioritized culture(s) in 0.136434 seconds
[2018.07.31-09.00.58:214][  0]LogUObjectArray: 38425 objects as part of root set at end of initial load.
[2018.07.31-09.00.58:214][  0]LogUObjectAllocator: 6690864 out of 0 bytes used by permanent object pool.
[2018.07.31-09.00.58:214][  0]LogUObjectArray: CloseDisregardForGC: 0/0 objects in disregard for GC pool
[2018.07.31-09.01.00:764][  0]LogSubstanceCoreModule: Substance [CPU] Engine Loaded, Max Texture Size = 2048
[2018.07.31-09.01.00:794][  0]LogTcpMessaging: Initializing TcpMessaging bridge
[2018.07.31-09.01.00:868][  0]LogUdpMessaging: Initializing bridge on interface 0.0.0.0:0 to multicast group 230.0.0.1:6666.
[2018.07.31-09.01.01:381][  0]SourceControl: Source control is disabled
[2018.07.31-09.01.01:382][  0]SourceControl: Source control is disabled
[2018.07.31-09.01.01:403][  0]SourceControl: Source control is disabled
[2018.07.31-09.01.01:415][  0]SourceControl: Source control is disabled
[2018.07.31-09.01.02:075][  0]LogAndroidPermission: UAndroidPermissionCallbackProxy::GetInstance
[2018.07.31-09.01.02:281][  0]LogOcInput: OculusInput pre-init called
[2018.07.31-09.01.02:613][  0]LogEngine: Initializing Engine...
[2018.07.31-09.01.02:637][  0]LogHMD: Failed to initialize OpenVR with code 126
[2018.07.31-09.01.02:640][  0]LogStats: UGameplayTagsManager::ConstructGameplayTagTree: ImportINI prefixes -  0.000 s
[2018.07.31-09.01.02:640][  0]LogStats: UGameplayTagsManager::ConstructGameplayTagTree: Construct from data asset -  0.000 s
[2018.07.31-09.01.02:640][  0]LogStats: UGameplayTagsManager::ConstructGameplayTagTree: ImportINI -  0.000 s
[2018.07.31-09.01.02:640][  0]LogStats: UGameplayTagsManager::ConstructGameplayTagTree: GameplayTagTreeChangedEvent.Broadcast -  0.000 s
[2018.07.31-09.01.02:948][  0]LogInit: Initializing FReadOnlyCVARCache
[2018.07.31-09.01.03:003][  0]LogAIModule: Creating AISystem for world Untitled
[2018.07.31-09.01.03:091][  0]LogInit: XAudio2 using 'Speakers (High Definition Audio Device)' : 2 channels at 44.1 kHz using 16 bits per sample (channel mask 0x3)
[2018.07.31-09.01.03:113][  0]LogInit: FAudioDevice initialized.
[2018.07.31-09.01.03:113][  0]LogNetVersion: Set ProjectVersion to 1.0.0.0. Version Checksum will be recalculated on next use.
[2018.07.31-09.01.03:191][  0]LogDerivedDataCache: Saved boot cache 0.08s 71MB C:/Users/mikey/AppData/Local/UnrealEngine/4.20/DerivedDataCache/Boot.ddc.
[2018.07.31-09.01.03:201][  0]LogInit: Texture streaming: Enabled
[2018.07.31-09.01.03:261][  0]LogEngineSessionManager: EngineSessionManager initialized
[2018.07.31-09.01.03:300][  0]LogInit: Transaction tracking system initialized
[2018.07.31-09.01.03:435][  0]BlueprintLog: New page: Editor Load
[2018.07.31-09.01.03:825][  0]LocalizationService: Localization service is disabled
[2018.07.31-09.01.04:410][  0]LogCook: Display: Max memory allowance for cook 16384mb min free memory 0mb
[2018.07.31-09.01.04:411][  0]LogCook: Display: Mobile HDR setting 1
[2018.07.31-09.01.04:411][  0]LogGameplayTags: Display: UGameplayTagsManager::DoneAddingNativeTags. DelegateIsBound: 0
[2018.07.31-09.01.04:411][  0]LogStats: UGameplayTagsManager::ConstructGameplayTagTree: ImportINI prefixes -  0.000 s
[2018.07.31-09.01.04:411][  0]LogStats: UGameplayTagsManager::ConstructGameplayTagTree: Construct from data asset -  0.000 s
[2018.07.31-09.01.04:411][  0]LogStats: UGameplayTagsManager::ConstructGameplayTagTree: ImportINI -  0.000 s
[2018.07.31-09.01.04:411][  0]LogStats: UGameplayTagsManager::ConstructGameplayTagTree: GameplayTagTreeChangedEvent.Broadcast -  0.000 s
[2018.07.31-09.01.05:009][  0]LogFileCache: Scanning file cache for directory 'E:/Unreal Projects/BeyondHuman/Content/' took 0.01s
[2018.07.31-09.01.05:009][  0]SourceControl: Source control is disabled
[2018.07.31-09.01.05:010][  0]Cmd: MAP LOAD FILE="E:/Unreal Projects/BeyondHuman/Content/Maps/Meshing.umap" TEMPLATE=0 SHOWPROGRESS=1 FEATURELEVEL=3
[2018.07.31-09.01.05:038][  0]LightingResults: New page: Lighting Build
[2018.07.31-09.01.05:048][  0]MapCheck: New page: Map Check
[2018.07.31-09.01.05:048][  0]LightingResults: New page: Lighting Build
[2018.07.31-09.01.17:392][  0]LogAIModule: Creating AISystem for world Meshing
[2018.07.31-09.01.17:487][  0]LogEditorServer: Finished looking for orphan Actors (0.000 secs)
[2018.07.31-09.01.17:522][  0]Cmd: MAP CHECKDEP NOCLEARLOG
[2018.07.31-09.01.17:694][  0]MapCheck: Map check complete: 0 Error(s), 0 Warning(s), took 171.864ms to complete.
[2018.07.31-09.01.17:694][  0]LogFileHelpers: Loading map 'Meshing' took 12.685
[2018.07.31-09.01.17:906][  0]LogSlate: Updating window title bar state: overlay mode, drag disabled, window buttons hidden, title bar hidden
[2018.07.31-09.01.17:917][  0]LogSlate: Updating window title bar state: overlay mode, drag disabled, window buttons hidden, title bar hidden
[2018.07.31-09.01.17:926][  0]LogSlate: Updating window title bar state: overlay mode, drag disabled, window buttons hidden, title bar hidden
[2018.07.31-09.01.17:934][  0]LogSlate: Updating window title bar state: overlay mode, drag disabled, window buttons hidden, title bar hidden
[2018.07.31-09.01.17:961][  0]LogCollectionManager: Loaded 0 collections in 0.001950 seconds
[2018.07.31-09.01.18:029][  0]LogFileCache: Scanning file cache for directory 'E:/Unreal Projects/BeyondHuman/Saved/Collections/' took 0.01s
[2018.07.31-09.01.18:029][  0]LogFileCache: Scanning file cache for directory 'E:/Unreal Projects/BeyondHuman/Content/Developers/mikey/Collections/' took 0.01s
[2018.07.31-09.01.18:029][  0]LogFileCache: Scanning file cache for directory 'E:/Unreal Projects/BeyondHuman/Content/Collections/' took 0.01s
[2018.07.31-09.01.18:029][  0]LogCollectionManager: Rebuilt the GUID cache for 0 collections in 0.000001 seconds
[2018.07.31-09.01.18:044][  0]LogContentBrowser: Native class hierarchy populated in 0.0129 seconds. Added 2586 classes and 609 folders.
[2018.07.31-09.01.18:058][  0]LogContentBrowser: Native class hierarchy updated for 'WidgetCarousel' in 0.0004 seconds. Added 0 classes and 0 folders.
[2018.07.31-09.01.18:200][  0]LogContentBrowser: Native class hierarchy updated for 'AddContentDialog' in 0.0003 seconds. Added 0 classes and 0 folders.
[2018.07.31-09.01.18:224][  0]LogContentBrowser: Native class hierarchy updated for 'SceneOutliner' in 0.0003 seconds. Added 1 classes and 2 folders.
[2018.07.31-09.01.18:321][  0]LogSlate: Took 0.004859 seconds to synchronously load lazily loaded font '../../../Engine/Content/Slate/Fonts/Roboto-Regular.ttf' (155K)
[2018.07.31-09.01.18:329][  0]LogSlate: Took 0.005164 seconds to synchronously load lazily loaded font '../../../Engine/Content/Slate/Fonts/Roboto-Bold.ttf' (160K)
[2018.07.31-09.01.18:343][  0]LogSlate: Took 0.005394 seconds to synchronously load lazily loaded font '../../../Engine/Content/Editor/Slate/Fonts/FontAwesome.ttf' (139K)
[2018.07.31-09.01.18:460][  0]LogRenderer: Reallocating scene render targets to support 1236x472 Format 9 NumSamples 1 (Frame:1).
[2018.07.31-09.01.18:706][  0]LogContentBrowser: Native class hierarchy updated for 'HierarchicalLODOutliner' in 0.0003 seconds. Added 0 classes and 0 folders.
[2018.07.31-09.01.18:706][  0]LogLoad: (Engine Initialization) Total time: 32.82 seconds
[2018.07.31-09.01.18:706][  0]LogLoad: (Engine Initialization) Total Blueprint compile time: 0.00 seconds
[2018.07.31-09.01.18:748][  0]LogContentStreaming: Texture pool size now 3000 MB
[2018.07.31-09.01.18:822][  0]LogRenderer: Reallocating scene render targets to support 1236x488 Format 9 NumSamples 1 (Frame:2).
[2018.07.31-09.01.18:822][  0]LogSlate: Took 0.001710 seconds to synchronously load lazily loaded font '../../../Engine/Content/Slate/Fonts/Roboto-Light.ttf' (167K)
[2018.07.31-09.01.18:871][  1]LogSubstanceLiveLink: Warning: Unable to send data along socket, closing connection
[2018.07.31-09.01.18:906][  1]LogAssetRegistry: Asset discovery search completed in 22.9070 seconds
[2018.07.31-09.01.18:909][  1]LogCollectionManager: Rebuilt the object cache for 0 collections in 0.000001 seconds (found 0 objects)
[2018.07.31-09.01.18:909][  1]LogCollectionManager: Fixed up redirectors for 0 collections in 0.000112 seconds (updated 0 objects)
[2018.07.31-09.02.17:657][567]LogEditorViewport: Clicking on Actor (LMB): StaticMeshActor (BuildingAngled)
[2018.07.31-09.02.28:702][172]LogSlate: FSceneViewport::OnFocusLost() reason 0
[2018.07.31-09.02.39:412][153]LogEditorViewport: Clicking on Actor (LMB): StaticMeshActor (BuildingRound)
[2018.07.31-09.02.46:418][635]LogSlate: FSceneViewport::OnFocusLost() reason 0
[2018.07.31-09.02.47:456][724]Cmd: TRANSACTION UNDO
[2018.07.31-09.02.47:456][724]LogEditorTransaction: Undo Replace component used material
[2018.07.31-09.02.47:483][724]LogSlate: Took 0.000381 seconds to synchronously load lazily loaded font '../../../Engine/Content/Slate/Fonts/Roboto-Light.ttf' (167K)
[2018.07.31-09.02.55:672][366]LogSlate: FSceneViewport::OnFocusLost() reason 0
[2018.07.31-09.03.34:762][788]LogSlate: FSceneViewport::OnFocusLost() reason 0
[2018.07.31-09.06.04:955][993]LogEditorViewport: Clicking on Actor (LMB): StaticMeshActor (BuildingRound)
[2018.07.31-09.11.19:047][623]Cmd: OBJ SAVEPACKAGE PACKAGE="/Game/Maps/Meshing" FILE="E:/Unreal Projects/BeyondHuman/Saved/Autosaves/Game/Maps/Meshing_Auto1.umap" SILENT=true AUTOSAVING=true KEEPDIRTY=false
[2018.07.31-09.11.19:436][623]LogSavePackage: Moving 'E:/Unreal Projects/BeyondHuman/Saved/Meshing_Auto17DB81678477A23812A14659DC34E2D4D.tmp' to 'E:/Unreal Projects/BeyondHuman/Saved/Autosaves/Game/Maps/Meshing_Auto1.umap'
[2018.07.31-09.11.19:440][623]LogFileHelpers: Editor autosave (incl. sublevels) for '/Game/Maps/Meshing' took 0.414
[2018.07.31-09.11.19:440][623]LogFileHelpers: Editor autosave (incl. sublevels) for all levels took 0.414
[2018.07.31-09.42.03:259][405]LogSlate: FSceneViewport::OnFocusLost() reason 0
[2018.07.31-09.44.26:060][699]LogEditorViewport: Clicking on Actor (LMB): StaticMeshActor (BuildingEntrance)
[2018.07.31-09.44.52:773][348]LogSlate: FSceneViewport::OnFocusLost() reason 0
[2018.07.31-09.44.54:406][352]LogSlate: Window 'Save Content' being destroyed
[2018.07.31-09.44.54:606][352]Cmd: OBJ SAVEPACKAGE PACKAGE="/Game/Maps/Meshing" FILE="E:/Unreal Projects/BeyondHuman/Content/Maps/Meshing.umap" SILENT=true AUTOSAVING=false KEEPDIRTY=false
[2018.07.31-09.44.55:005][352]LogSavePackage: Moving 'E:/Unreal Projects/BeyondHuman/Saved/Meshing15FD1E9E45EB9A77E2DFC4BDC6B2A559.tmp' to 'E:/Unreal Projects/BeyondHuman/Content/Maps/Meshing.umap'
[2018.07.31-09.44.55:020][352]LogFileHelpers: Saving map 'Meshing' took 0.572
[2018.07.31-09.46.32:452][ 78]LogSlate: FSceneViewport::OnFocusLost() reason 0
[2018.07.31-09.46.56:848][ 91]LogEditorViewport: Clicking on Actor (LMB): StaticMeshActor (BuildingTall)
[2018.07.31-09.46.56:895][ 91]LogEditorViewport: Clicking on Component (LMB): StaticMeshComponent (StaticMeshComponent0)
[2018.07.31-09.46.58:217][185]LogEditorViewport: Clicking on Actor (LMB): PointLight (PointLight3)
[2018.07.31-09.47.01:808][440]LogSlate: FSceneViewport::OnFocusLost() reason 0
[2018.07.31-09.47.13:198][385]LogEditorViewport: Clicking on Actor (LMB): StaticMeshActor (BuildingTall)
[2018.07.31-09.47.41:552][428]LogEditorViewport: Clicking on Actor (LMB): StaticMeshActor (BuildingAngled)
[2018.07.31-09.47.44:598][602]LogEditorViewport: Clicking on Actor (LMB): PointLight (PointLight3)
[2018.07.31-09.47.47:978][850]LogSlate: FSceneViewport::OnFocusLost() reason 0
[2018.07.31-09.47.52:674][181]LogEditorViewport: Clicking on Actor (LMB): StaticMeshActor (BuildingTall)
[2018.07.31-09.48.00:701][663]LogEditorViewport: Clicking on Actor (LMB): StaticMeshActor (TunnelSlope)
[2018.07.31-09.48.55:538][300]LogEditorViewport: Clicking on Actor (LMB): PointLight (PointLight3)
[2018.07.31-09.48.56:803][386]Cmd: EDIT COPY
[2018.07.31-09.48.57:069][403]Cmd: EDIT PASTE
[2018.07.31-09.49.02:237][768]Cmd: DELETE
[2018.07.31-09.49.02:237][768]Cmd: ACTOR DELETE
[2018.07.31-09.49.02:250][768]LogEditorActor: Deleted Actor: PointLight
[2018.07.31-09.49.02:271][768]LogEditorActor: Deleted 1 Actors (0.033 secs)
[2018.07.31-09.49.10:352][451]LogEditorViewport: Clicking on Actor (LMB): SpotLight (SpotLight17)
[2018.07.31-09.49.25:614][740]LogEditorViewport: Clicking on Actor (LMB): StaticMeshActor (BuildingTall)
[2018.07.31-09.50.14:771][395]LogSlate: FSceneViewport::OnFocusLost() reason 0
[2018.07.31-09.50.24:534][974]LogSlate: FSceneViewport::OnFocusLost() reason 0
[2018.07.31-09.50.30:004][361]LogEditorViewport: Clicking on Actor (LMB): BP_SearchLight_C (BP_SearchLight7)
[2018.07.31-09.50.37:101][ 11]LogSlate: FSceneViewport::OnFocusLost() reason 0
[2018.07.31-09.50.43:721][608]LogSlate: FSceneViewport::OnFocusLost() reason 0
[2018.07.31-09.50.50:414][273]LogSlate: FSceneViewport::OnFocusLost() reason 0
[2018.07.31-09.50.50:466][279]Cmd: MODE ROTGRID=0
[2018.07.31-09.51.05:119][492]LogEditorViewport: Clicking on Actor (LMB): StaticMeshActor (WallLeft)
[2018.07.31-09.51.10:124][817]LogEditorViewport: Clicking on Actor (LMB): BP_SearchLight_C (BP_SearchLight7)
[2018.07.31-09.51.16:688][293]LogEditorViewport: Clicking on Actor (LMB): StaticMeshActor (TunnelSlope)
[2018.07.31-09.51.16:735][293]LogEditorViewport: Clicking on Actor (double click): BP_SearchLight_C (BP_SearchLight7)
[2018.07.31-09.51.21:621][680]LogSlate: FSceneViewport::OnFocusLost() reason 0
[2018.07.31-09.51.23:984][902]LogEditorViewport: Clicking on Actor (LMB): StaticMeshActor (TunnelSlope)
[2018.07.31-09.51.24:067][903]LogEditorViewport: Clicking on Component (LMB): StaticMeshComponent (StaticMeshComponent0)
[2018.07.31-09.51.24:910][969]LogEditorViewport: Clicking on Actor (LMB): BP_SearchLight_C (BP_SearchLight7)
[2018.07.31-09.51.30:529][435]LogEditorViewport: Clicking on Actor (LMB): BP_SearchLight_C (BP_SearchLight7)
[2018.07.31-09.51.30:614][439]LogEditorViewport: Clicking on Component (LMB): StaticMeshComponent (SearchLight_RingOuter)
[2018.07.31-09.51.42:362][456]LogEditorViewport: Clicking on Component (LMB): StaticMeshComponent (SearchLight_DishLight)
[2018.07.31-09.51.42:440][457]LogEditorViewport: Clicking on Actor (double click): BP_SearchLight_C (BP_SearchLight7)
[2018.07.31-09.51.43:497][556]LogEditorViewport: Clicking on Actor (LMB): BP_SearchLight_C (BP_SearchLight7)
[2018.07.31-09.51.43:545][557]LogEditorViewport: Clicking on Component (LMB): StaticMeshComponent (SearchLight_DishLight)
[2018.07.31-09.51.49:997][203]Cmd: TRANSACTION UNDO
[2018.07.31-09.51.49:997][203]LogEditorTransaction: Undo Clicking on Components
[2018.07.31-09.51.50:246][212]Cmd: TRANSACTION UNDO
[2018.07.31-09.51.50:246][212]LogEditorTransaction: Undo Clicking on Actors
[2018.07.31-09.51.50:659][247]Cmd: TRANSACTION UNDO
[2018.07.31-09.51.50:660][247]LogEditorTransaction: Undo Clicking on Actors (double-click)
[2018.07.31-09.51.51:366][310]Cmd: TRANSACTION UNDO
[2018.07.31-09.51.51:366][310]LogEditorTransaction: Undo Clicking on Components
[2018.07.31-09.51.51:796][347]Cmd: TRANSACTION UNDO
[2018.07.31-09.51.51:796][347]LogEditorTransaction: Undo Rotate Components
[2018.07.31-09.51.52:214][384]Cmd: TRANSACTION UNDO
[2018.07.31-09.51.52:214][384]LogEditorTransaction: Undo Rotate Components
[2018.07.31-09.51.52:480][407]Cmd: TRANSACTION UNDO
[2018.07.31-09.51.52:480][407]LogEditorTransaction: Undo Rotate Components
[2018.07.31-09.51.53:503][500]LogEditorViewport: Clicking on Component (LMB): StaticMeshComponent (SearchLight_DishLight)
[2018.07.31-09.51.53:582][501]LogEditorViewport: Clicking on Actor (double click): BP_SearchLight_C (BP_SearchLight7)
[2018.07.31-09.51.54:177][556]LogEditorViewport: Clicking on Actor (LMB): BP_SearchLight_C (BP_SearchLight7)
[2018.07.31-09.51.54:394][575]LogEditorViewport: Clicking on Component (LMB): StaticMeshComponent (SearchLight_DishLight)
[2018.07.31-09.51.57:968][927]LogEditorViewport: Clicking on Component (LMB): StaticMeshComponent (SearchLight_RingOuter)
[2018.07.31-09.51.58:047][928]LogEditorViewport: Clicking on Actor (double click): BP_SearchLight_C (BP_SearchLight7)
[2018.07.31-09.51.58:904][  8]LogEditorViewport: Clicking on Actor (LMB): BP_SearchLight_C (BP_SearchLight7)
[2018.07.31-09.51.58:957][  9]LogEditorViewport: Clicking on Component (LMB): StaticMeshComponent (SearchLight_RingOuter)
[2018.07.31-09.51.59:625][ 72]LogEditorViewport: Clicking on Component (LMB): StaticMeshComponent (SearchLight_RingOuter)
[2018.07.31-09.52.03:187][370]LogEditorViewport: Clicking on Component (LMB): StaticMeshComponent (SearchLight_DishLight)
[2018.07.31-09.52.04:211][456]Cmd: TRANSACTION UNDO
[2018.07.31-09.52.04:211][456]LogEditorTransaction: Undo Rotate Components
[2018.07.31-09.52.04:976][515]LogEditorViewport: Clicking on Component (LMB): StaticMeshComponent (SearchLight_RingOuter)
[2018.07.31-09.52.05:974][602]LogEditorViewport: Clicking on Component (LMB): StaticMeshComponent (SearchLight_DishLight)
[2018.07.31-09.52.06:700][667]Cmd: TRANSACTION UNDO
[2018.07.31-09.52.06:700][667]LogEditorTransaction: Undo Rotate Components
[2018.07.31-09.52.07:227][716]LogEditorViewport: Clicking on Component (LMB): StaticMeshComponent (SearchLight_RingOuter)
[2018.07.31-09.52.15:393][478]Cmd: TRANSACTION UNDO
[2018.07.31-09.52.15:393][478]LogEditorTransaction: Undo Rotate Components
[2018.07.31-09.52.15:551][485]Cmd: TRANSACTION UNDO
[2018.07.31-09.52.15:551][485]LogEditorTransaction: Undo Rotate Components
[2018.07.31-09.52.15:760][497]Cmd: TRANSACTION UNDO
[2018.07.31-09.52.15:760][497]LogEditorTransaction: Undo Clicking on Components
[2018.07.31-09.52.16:016][517]Cmd: TRANSACTION UNDO
[2018.07.31-09.52.16:016][517]LogEditorTransaction: Undo Rotate Components
[2018.07.31-09.52.16:421][549]Cmd: TRANSACTION UNDO
[2018.07.31-09.52.16:421][549]LogEditorTransaction: Undo Clicking on Components
[2018.07.31-09.52.16:746][575]Cmd: TRANSACTION UNDO
[2018.07.31-09.52.16:746][575]LogEditorTransaction: Undo Rotate Components
[2018.07.31-09.52.17:133][611]Cmd: TRANSACTION UNDO
[2018.07.31-09.52.17:133][611]LogEditorTransaction: Undo Rotate Components
[2018.07.31-09.52.17:508][646]Cmd: TRANSACTION UNDO
[2018.07.31-09.52.17:508][646]LogEditorTransaction: Undo Rotate Components
[2018.07.31-09.52.17:832][676]Cmd: TRANSACTION UNDO
[2018.07.31-09.52.17:832][676]LogEditorTransaction: Undo Clicking on Components
[2018.07.31-09.52.18:123][705]Cmd: TRANSACTION UNDO
[2018.07.31-09.52.18:123][705]LogEditorTransaction: Undo Clicking on Components
[2018.07.31-09.52.18:523][745]Cmd: TRANSACTION UNDO
[2018.07.31-09.52.18:523][745]LogEditorTransaction: Undo Clicking on Actors
[2018.07.31-09.52.18:751][767]Cmd: TRANSACTION UNDO
[2018.07.31-09.52.18:751][767]LogEditorTransaction: Undo Clicking on Actors (double-click)
[2018.07.31-09.52.19:012][788]Cmd: TRANSACTION UNDO
[2018.07.31-09.52.19:012][788]LogEditorTransaction: Undo Clicking on Components
[2018.07.31-09.52.19:391][823]Cmd: TRANSACTION UNDO
[2018.07.31-09.52.19:391][823]LogEditorTransaction: Undo Rotate Components
[2018.07.31-09.52.21:029][989]LogEditorViewport: Clicking on Component (LMB): StaticMeshComponent (SearchLight_RingOuter)
[2018.07.31-09.52.27:820][593]LogSlate: FSceneViewport::OnFocusLost() reason 0
[2018.07.31-09.52.35:166][398]LogEditorViewport: Clicking on Component (LMB): StaticMeshComponent (SearchLight_DishLight)
[2018.07.31-09.52.37:153][565]LogSlate: FSceneViewport::OnFocusLost() reason 0
[2018.07.31-09.52.38:547][712]Cmd: TRANSACTION UNDO
[2018.07.31-09.52.38:547][712]LogEditorTransaction: Undo Modify Component(s)
[2018.07.31-09.52.40:099][832]LogEditorViewport: Clicking on Component (LMB): StaticMeshComponent (SearchLight_DishLight)
[2018.07.31-09.52.41:480][943]LogSlate: FSceneViewport::OnFocusLost() reason 0
[2018.07.31-09.52.42:399][ 33]Cmd: TRANSACTION UNDO
[2018.07.31-09.52.42:399][ 33]LogEditorTransaction: Undo Modify Component(s)
[2018.07.31-09.52.50:184][714]LogSlate: FSceneViewport::OnFocusLost() reason 0
[2018.07.31-09.53.00:267][644]LogEditorViewport: Clicking on Component (LMB): StaticMeshComponent (SearchLight_RingHolder)
[2018.07.31-09.53.04:742][ 65]LogEditorViewport: Clicking on Actor (LMB): StaticMeshActor (WallLeft)
[2018.07.31-09.53.13:808][669]LogEditorViewport: Clicking on Actor (LMB): BP_SearchLight_C (BP_SearchLight7)
[2018.07.31-09.53.14:504][733]LogEditorViewport: Clicking on Actor (LMB): BP_SearchLight_C (BP_SearchLight7)
[2018.07.31-09.53.14:903][770]LogEditorViewport: Clicking on Component (LMB): StaticMeshComponent (SearchLight_DishLight)
[2018.07.31-09.53.14:998][773]LogEditorViewport: Clicking on Component (LMB): StaticMeshComponent (SearchLight_DishLight)
[2018.07.31-09.53.16:805][920]LogSlate: FSceneViewport::OnFocusLost() reason 0
[2018.07.31-09.53.20:344][233]LogSlate: FSceneViewport::OnFocusLost() reason 0
[2018.07.31-09.53.23:610][533]LogSlate: FSceneViewport::OnFocusLost() reason 0
[2018.07.31-09.53.33:856][406]LogEditorViewport: Clicking on Actor (LMB): StaticMeshActor (GirderSQ (5)5)
[2018.07.31-09.53.37:184][620]LogEditorViewport: Clicking on Actor (LMB): StaticMeshActor (TunnelSlope)
[2018.07.31-09.53.37:224][620]LogEditorViewport: Clicking on Component (LMB): StaticMeshComponent (StaticMeshComponent0)
[2018.07.31-09.53.37:865][664]LogEditorViewport: Clicking on Actor (LMB): BP_SearchLight_C (BP_SearchLight7)
[2018.07.31-09.53.50:393][519]LogEditorViewport: Clicking on Actor (LMB): StaticMeshActor (BuildingTall)
[2018.07.31-09.53.52:058][618]LogEditorViewport: Clicking on Actor (LMB): BP_SearchLight_C (BP_SearchLight7)
[2018.07.31-09.53.52:900][666]LogSlate: Took 0.005386 seconds to synchronously load lazily loaded font '../../../Engine/Content/Slate/Fonts/Roboto-Italic.ttf' (157K)
[2018.07.31-09.53.58:830][ 31]LogSlate: FSceneViewport::OnFocusLost() reason 0
[2018.07.31-09.54.10:133][813]LogEditorViewport: Clicking on Actor (LMB): StaticMeshActor (WallBack)
[2018.07.31-09.54.27:090][118]LogEditorViewport: Clicking on Actor (LMB): BP_SearchLight_C (BP_SearchLight7)
[2018.07.31-09.54.27:977][181]LogEditorViewport: Clicking on Actor (LMB): StaticMeshActor (TunnelSlope)
[2018.07.31-09.54.28:029][181]LogEditorViewport: Clicking on Component (LMB): StaticMeshComponent (StaticMeshComponent0)
[2018.07.31-09.54.29:016][254]LogEditorViewport: Clicking on Actor (LMB): BP_SearchLight_C (BP_SearchLight7)
[2018.07.31-09.54.29:670][300]LogEditorViewport: Clicking on Actor (LMB): StaticMeshActor (TunnelSlope)
[2018.07.31-09.54.29:715][300]LogEditorViewport: Clicking on Component (LMB): StaticMeshComponent (StaticMeshComponent0)
[2018.07.31-09.54.33:940][619]LogEditorViewport: Clicking on Actor (LMB): BP_SearchLight_C (BP_SearchLight7)
[2018.07.31-09.54.35:564][739]LogEditorViewport: Clicking on Actor (LMB): StaticMeshActor (TunnelSlope)
[2018.07.31-09.54.36:261][789]LogEditorViewport: Clicking on Actor (LMB): BP_SearchLight_C (BP_SearchLight7)
[2018.07.31-09.54.38:702][976]LogEditorViewport: Clicking on Actor (LMB): StaticMeshActor (TunnelSlope)
[2018.07.31-09.54.40:917][141]LogEditorViewport: Clicking on Actor (LMB): StaticMeshActor (TunnelSlope)
[2018.07.31-09.54.40:937][141]LogEditorViewport: Clicking on Component (LMB): StaticMeshComponent (StaticMeshComponent0)
[2018.07.31-09.54.41:369][172]LogEditorViewport: Clicking on Actor (LMB): BP_SearchLight_C (BP_SearchLight7)
[2018.07.31-09.54.41:404][172]LogEditorViewport: Clicking on Component (LMB): StaticMeshComponent (SearchLight_RingHolder)
[2018.07.31-09.54.47:925][646]LogEditorViewport: Clicking on Actor (LMB): StaticMeshActor (BuildingTall)
[2018.07.31-09.54.50:477][787]LogEditorViewport: Clicking on Actor (LMB): StaticMeshActor (VentilationLRG)
[2018.07.31-09.54.55:840][164]LogEditorViewport: Clicking on Actor (LMB): BP_SearchLight_C (BP_SearchLight7)
[2018.07.31-09.54.59:821][486]LogEditorViewport: Clicking on Actor (LMB): StaticMeshActor (TunnelSlope)
[2018.07.31-09.55.05:844][ 70]LogEditorViewport: Clicking on Actor (LMB): BP_SearchLight_C (BP_SearchLight7)
[2018.07.31-09.55.07:262][204]LogEditorViewport: Clicking on Actor (LMB): BP_SearchLight_C (BP_SearchLight7)
[2018.07.31-09.55.09:746][439]Cmd: TRANSACTION UNDO
[2018.07.31-09.55.09:747][439]LogEditorTransaction: Undo Rotate Actors
[2018.07.31-09.55.10:797][531]LogSlate: FSceneViewport::OnFocusLost() reason 0
[2018.07.31-09.55.10:874][540]Cmd: MODE ROTGRID=1
[2018.07.31-09.55.20:854][487]LogEditorViewport: Clicking on Actor (LMB): StaticMeshActor (TunnelSlope)
[2018.07.31-09.55.23:566][764]LogEditorViewport: Clicking on Actor (LMB): BP_SearchLight_C (BP_SearchLight7)
[2018.07.31-09.55.24:138][817]LogEditorViewport: Clicking on Actor (LMB): BP_SearchLight_C (BP_SearchLight7)
[2018.07.31-09.55.25:050][908]LogEditorViewport: Clicking on Actor (LMB): BP_SearchLight_C (BP_SearchLight7)
[2018.07.31-09.55.25:121][911]LogEditorViewport: Clicking on Component (LMB): StaticMeshComponent (SearchLight_DishLight)
[2018.07.31-09.55.26:902][ 53]LogSlate: FSceneViewport::OnFocusLost() reason 0
[2018.07.31-09.55.35:375][838]LogEditorViewport: Clicking on Actor (LMB): StaticMeshActor (TunnelSlope)
[2018.07.31-09.55.39:141][ 62]LogEditorViewport: Clicking on Actor (LMB): StaticMeshActor (BuildingAngled)
[2018.07.31-09.55.49:083][696]LogEditorViewport: Clicking on Actor (LMB): PointLight (PointLight3)
[2018.07.31-09.55.49:115][696]LogEditorViewport: Clicking on Component (LMB): PointLightComponent (LightComponent0)
[2018.07.31-09.55.53:261][ 31]LogSlate: FSceneViewport::OnFocusLost() reason 0
[2018.07.31-09.56.07:061][243]LogEditorViewport: Clicking on Actor (LMB): StaticMeshActor (BuildingAngled)
[2018.07.31-09.56.34:983][939]LogSlate: FSceneViewport::OnFocusLost() reason 0
[2018.07.31-09.56.36:244][944]LogSlate: Window 'Save Content' being destroyed
[2018.07.31-09.56.36:440][944]Cmd: OBJ SAVEPACKAGE PACKAGE="/Game/Maps/Meshing" FILE="E:/Unreal Projects/BeyondHuman/Content/Maps/Meshing.umap" SILENT=true AUTOSAVING=false KEEPDIRTY=false
[2018.07.31-09.56.36:814][944]LogSavePackage: Moving 'E:/Unreal Projects/BeyondHuman/Saved/MeshingEF321417433AE18EF4E48AB86A0ECF8E.tmp' to 'E:/Unreal Projects/BeyondHuman/Content/Maps/Meshing.umap'
[2018.07.31-09.56.36:830][944]LogFileHelpers: Saving map 'Meshing' took 0.550
[2018.07.31-09.57.13:978][222]LogEditorViewport: Clicking on Actor (context menu): StaticMeshActor (WallBack)
[2018.07.31-09.57.14:085][222]LogSlate: FSceneViewport::OnFocusLost() reason 2
[2018.07.31-09.57.14:091][222]LogEditorViewport: Clicking on Component (context menu): StaticMeshComponent (StaticMeshComponent0)
[2018.07.31-09.57.15:443][366]LogEditorViewport: Clicking on Actor (context menu): StaticMeshActor (BuildingTall)
[2018.07.31-09.57.15:539][366]LogSlate: FSceneViewport::OnFocusLost() reason 2
[2018.07.31-09.57.16:362][412]LogEditorViewport: Clicking on Actor (context menu): StaticMeshActor (BuildingTall)
[2018.07.31-09.57.16:415][412]LogSlate: FSceneViewport::OnFocusLost() reason 2
[2018.07.31-09.57.18:321][554]LogEditorViewport: Clicking on Actor (LMB): StaticMeshActor (BanisterX4 (3))
[2018.07.31-09.57.48:232][333]LogSlate: FSceneViewport::OnFocusLost() reason 0
[2018.07.31-09.57.55:033][504]LogSlate: FSceneViewport::OnFocusLost() reason 0
[2018.07.31-09.57.55:182][514]LogSlate: Window 'BeyondHuman - Unreal Editor' being destroyed
[2018.07.31-09.57.55:367][515]Cmd: QUIT_EDITOR
[2018.07.31-09.57.55:388][515]LogWindowsTextInputMethodSystem: Display: IME system now deactivated.
[2018.07.31-09.57.55:400][515]LogExit: Preparing to exit.
[2018.07.31-09.57.56:495][515]LogExit: Editor shut down
[2018.07.31-09.57.56:495][515]LogExit: Transaction tracking system shut down
[2018.07.31-09.57.57:014][515]LogExit: Object subsystem successfully closed.
[2018.07.31-09.57.57:043][515]LogShaderCompilers: Display: Shaders left to compile 0
[2018.07.31-09.57.57:050][515]LogD3D11RHI: Shutdown
[2018.07.31-09.57.57:050][515]LogD3D11RHI: CleanupD3DDevice
[2018.07.31-09.57.57:057][515]LogD3D11RHI: ~FD3D11DynamicRHI
[2018.07.31-09.57.57:100][515]LogModuleManager: Shutting down and abandoning module HierarchicalLODUtilities (620)
[2018.07.31-09.57.57:100][515]LogModuleManager: Shutting down and abandoning module HierarchicalLODOutliner (618)
[2018.07.31-09.57.57:100][515]LogModuleManager: Shutting down and abandoning module SceneOutliner (616)
[2018.07.31-09.57.57:100][515]LogModuleManager: Shutting down and abandoning module AddContentDialog (614)
[2018.07.31-09.57.57:102][515]LogModuleManager: Shutting down and abandoning module WidgetCarousel (613)
[2018.07.31-09.57.57:102][515]LogModuleManager: Shutting down and abandoning module EditorWidgets (610)
[2018.07.31-09.57.57:102][515]LogModuleManager: Shutting down and abandoning module CollectionManager (608)
[2018.07.31-09.57.57:103][515]LogModuleManager: Shutting down and abandoning module StatsViewer (606)
[2018.07.31-09.57.57:103][515]LogModuleManager: Shutting down and abandoning module FoliageEdit (604)
[2018.07.31-09.57.57:103][515]LogModuleManager: Shutting down and abandoning module LandscapeEditor (602)
[2018.07.31-09.57.57:105][515]LogModuleManager: Shutting down and abandoning module MeshPaintMode (600)
[2018.07.31-09.57.57:105][515]LogModuleManager: Shutting down and abandoning module SceneDepthPickerMode (598)
[2018.07.31-09.57.57:105][515]LogModuleManager: Shutting down and abandoning module ActorPickerMode (596)
[2018.07.31-09.57.57:105][515]LogModuleManager: Shutting down and abandoning module GeometryMode (594)
[2018.07.31-09.57.57:105][515]LogModuleManager: Shutting down and abandoning module TextureAlignMode (592)
[2018.07.31-09.57.57:105][515]LogModuleManager: Shutting down and abandoning module BspMode (590)
[2018.07.31-09.57.57:105][515]LogModuleManager: Shutting down and abandoning module PIEPreviewDeviceProfileSelector (588)
[2018.07.31-09.57.57:105][515]LogModuleManager: Shutting down and abandoning module SequenceRecorderSections (586)
[2018.07.31-09.57.57:105][515]LogModuleManager: Shutting down and abandoning module AutomationWorker (584)
[2018.07.31-09.57.57:105][515]LogModuleManager: Shutting down and abandoning module AudioCaptureEditor (582)
[2018.07.31-09.57.57:105][515]LogModuleManager: Shutting down and abandoning module SequenceRecorder (581)
[2018.07.31-09.57.57:105][515]LogModuleManager: Shutting down and abandoning module MatineeToLevelSequence (578)
[2018.07.31-09.57.57:105][515]LogModuleManager: Shutting down and abandoning module LevelSequenceEditor (576)
[2018.07.31-09.57.57:105][515]LogModuleManager: Shutting down and abandoning module PlacementMode (575)
[2018.07.31-09.57.57:105][515]LogModuleManager: Shutting down and abandoning module MaterialEditor (574)
[2018.07.31-09.57.57:107][515]LogModuleManager: Shutting down and abandoning module WmfMediaFactory (570)
[2018.07.31-09.57.57:107][515]LogModuleManager: Shutting down and abandoning module WmfMediaEditor (568)
[2018.07.31-09.57.57:107][515]LogModuleManager: Shutting down and abandoning module MediaPlayerEditor (566)
[2018.07.31-09.57.57:107][515]LogModuleManager: Shutting down and abandoning module OpenExrWrapper (564)
[2018.07.31-09.57.57:107][515]LogModuleManager: Shutting down and abandoning module ImgMediaFactory (562)
[2018.07.31-09.57.57:107][515]LogModuleManager: Shutting down and abandoning module ImgMediaEditor (560)
[2018.07.31-09.57.57:107][515]LogModuleManager: Shutting down and abandoning module AvfMediaFactory (558)
[2018.07.31-09.57.57:107][515]LogModuleManager: Shutting down and abandoning module AvfMediaEditor (556)
[2018.07.31-09.57.57:107][515]LogModuleManager: Shutting down and abandoning module AndroidMediaFactory (554)
[2018.07.31-09.57.57:107][515]LogModuleManager: Shutting down and abandoning module AndroidMediaEditor (552)
[2018.07.31-09.57.57:107][515]LogModuleManager: Shutting down and abandoning module MagicLeapCameraPreviewFactory (550)
[2018.07.31-09.57.57:107][515]LogModuleManager: Shutting down and abandoning module MagicLeapMediaFactory (548)
[2018.07.31-09.57.57:107][515]LogModuleManager: Shutting down and abandoning module MagicLeapMediaEditor (546)
[2018.07.31-09.57.57:107][515]LogModuleManager: Shutting down and abandoning module CharacterAI (544)
[2018.07.31-09.57.57:107][515]LogModuleManager: Shutting down and abandoning module SmartSnapping (542)
[2018.07.31-09.57.57:107][515]LogModuleManager: Shutting down and abandoning module SessionServices (540)
[2018.07.31-09.57.57:107][515]LogModuleManager: Shutting down and abandoning module ViewportSnapping (538)
[2018.07.31-09.57.57:107][515]LogModuleManager: Shutting down and abandoning module ViewportInteraction (536)
[2018.07.31-09.57.57:107][515]LogModuleManager: Shutting down and abandoning module ClothPainter (534)
[2018.07.31-09.57.57:108][515]LogModuleManager: Shutting down and abandoning module SkeletalMeshEditor (533)
[2018.07.31-09.57.57:109][515]LogModuleManager: Shutting down and abandoning module LogVisualizer (530)
[2018.07.31-09.57.57:110][515]LogModuleManager: Shutting down and abandoning module IntroTutorials (528)
[2018.07.31-09.57.57:110][515]LogModuleManager: Shutting down and abandoning module GameProjectGeneration (527)
[2018.07.31-09.57.57:110][515]LogModuleManager: Shutting down and abandoning module LuminPlatformEditor (524)
[2018.07.31-09.57.57:110][515]LogModuleManager: Shutting down and abandoning module IOSPlatformEditor (522)
[2018.07.31-09.57.57:110][515]LogModuleManager: Shutting down and abandoning module HTML5PlatformEditor (520)
[2018.07.31-09.57.57:110][515]LogModuleManager: Shutting down and abandoning module AndroidPlatformEditor (518)
[2018.07.31-09.57.57:110][515]LogModuleManager: Shutting down and abandoning module AndroidDeviceDetection (517)
[2018.07.31-09.57.57:515][515]LogModuleManager: Shutting down and abandoning module WindowsPlatformEditor (514)
[2018.07.31-09.57.57:515][515]LogModuleManager: Shutting down and abandoning module LuminRuntimeSettings (512)
[2018.07.31-09.57.57:515][515]LogModuleManager: Shutting down and abandoning module IOSRuntimeSettings (510)
[2018.07.31-09.57.57:515][515]LogModuleManager: Shutting down and abandoning module AndroidRuntimeSettings (508)
[2018.07.31-09.57.57:515][515]LogModuleManager: Shutting down and abandoning module InputBindingEditor (506)
[2018.07.31-09.57.57:516][515]LogModuleManager: Shutting down and abandoning module MergeActors (504)
[2018.07.31-09.57.57:516][515]LogModuleManager: Shutting down and abandoning module LocalizationDashboard (502)
[2018.07.31-09.57.57:516][515]LogModuleManager: Shutting down and abandoning module LocalizationService (501)
[2018.07.31-09.57.57:516][515]LogModuleManager: Shutting down and abandoning module HardwareTargeting (498)
[2018.07.31-09.57.57:516][515]LogModuleManager: Shutting down and abandoning module DeviceProfileEditor (496)
[2018.07.31-09.57.57:516][515]LogModuleManager: Shutting down and abandoning module UndoHistory (494)
[2018.07.31-09.57.57:516][515]LogModuleManager: Shutting down and abandoning module XmlParser (492)
[2018.07.31-09.57.57:516][515]LogModuleManager: Shutting down and abandoning module Blutility (490)
[2018.07.31-09.57.57:516][515]LogModuleManager: Shutting down and abandoning module ProjectSettingsViewer (488)
[2018.07.31-09.57.57:516][515]LogModuleManager: Shutting down and abandoning module ProjectTargetPlatformEditor (487)
[2018.07.31-09.57.57:517][515]LogModuleManager: Shutting down and abandoning module EditorSettingsViewer (484)
[2018.07.31-09.57.57:517][515]LogModuleManager: Shutting down and abandoning module SettingsEditor (482)
[2018.07.31-09.57.57:517][515]LogModuleManager: Shutting down and abandoning module ProjectLauncher (480)
[2018.07.31-09.57.57:517][515]LogModuleManager: Shutting down and abandoning module SessionFrontend (478)
[2018.07.31-09.57.57:517][515]LogModuleManager: Shutting down and abandoning module ProfilerClient (476)
[2018.07.31-09.57.57:518][515]LogModuleManager: Shutting down and abandoning module DeviceManager (474)
[2018.07.31-09.57.57:518][515]LogModuleManager: Shutting down and abandoning module TargetDeviceServices (473)
[2018.07.31-09.57.57:572][515]LogModuleManager: Shutting down and abandoning module AutomationController (470)
[2018.07.31-09.57.57:572][515]LogModuleManager: Shutting down and abandoning module AutomationWindow (468)
[2018.07.31-09.57.57:572][515]LogModuleManager: Shutting down and abandoning module Layers (466)
[2018.07.31-09.57.57:573][515]LogModuleManager: Shutting down and abandoning module ComponentVisualizers (464)
[2018.07.31-09.57.57:573][515]LogModuleManager: Shutting down and abandoning module DetailCustomizations (462)
[2018.07.31-09.57.57:573][515]LogModuleManager: Shutting down and abandoning module PackagesDialog (460)
[2018.07.31-09.57.57:573][515]LogModuleManager: Shutting down and abandoning module Persona (458)
[2018.07.31-09.57.57:574][515]LogModuleManager: Shutting down and abandoning module AdvancedPreviewScene (457)
[2018.07.31-09.57.57:574][515]LogModuleManager: Shutting down and abandoning module AnimGraph (455)
[2018.07.31-09.57.57:574][515]LogModuleManager: Shutting down and abandoning module Kismet (452)
[2018.07.31-09.57.57:575][515]LogModuleManager: Shutting down and abandoning module GraphEditor (450)
[2018.07.31-09.57.57:577][515]LogModuleManager: Shutting down and abandoning module ClassViewer (448)
[2018.07.31-09.57.57:577][515]LogModuleManager: Shutting down and abandoning module Toolbox (446)
[2018.07.31-09.57.57:577][515]LogModuleManager: Shutting down and abandoning module ModuleUI (444)
[2018.07.31-09.57.57:577][515]LogModuleManager: Shutting down and abandoning module MovieSceneTools (442)
[2018.07.31-09.57.57:577][515]LogModuleManager: Shutting down and abandoning module OutputLog (440)
[2018.07.31-09.57.57:577][515]LogModuleManager: Shutting down and abandoning module GammaUI (438)
[2018.07.31-09.57.57:577][515]LogModuleManager: Shutting down and abandoning module Documentation (436)
[2018.07.31-09.57.57:577][515]LogModuleManager: Shutting down and abandoning module MovieSceneTracks (434)
[2018.07.31-09.57.57:577][515]LogModuleManager: Shutting down and abandoning module MovieScene (432)
[2018.07.31-09.57.57:577][515]LogModuleManager: Shutting down and abandoning module StreamingPauseRendering (430)
[2018.07.31-09.57.57:577][515]LogModuleManager: Shutting down and abandoning module LauncherPlatform (428)
[2018.07.31-09.57.57:577][515]LogModuleManager: Shutting down and abandoning module AnalyticsET (426)
[2018.07.31-09.57.57:577][515]LogModuleManager: Shutting down and abandoning module PortalServices (424)
[2018.07.31-09.57.57:577][515]LogModuleManager: Shutting down and abandoning module PortalRpc (422)
[2018.07.31-09.57.57:577][515]LogModuleManager: Shutting down and abandoning module MessagingRpc (420)
[2018.07.31-09.57.57:577][515]LogModuleManager: Shutting down and abandoning module AIModule (418)
[2018.07.31-09.57.57:577][515]LogModuleManager: Shutting down and abandoning module GameplayDebugger (417)
[2018.07.31-09.57.57:577][515]LogModuleManager: Shutting down and abandoning module AITestSuite (415)
[2018.07.31-09.57.57:578][515]LogModuleManager: Shutting down and abandoning module NavigationSystem (413)
[2018.07.31-09.57.57:578][515]LogModuleManager: Shutting down and abandoning module DesktopPlatform (410)
[2018.07.31-09.57.57:578][515]LogModuleManager: Shutting down and abandoning module ProfilerService (408)
[2018.07.31-09.57.57:625][515]LogModuleManager: Shutting down and abandoning module TaskGraph (406)
[2018.07.31-09.57.57:626][515]LogModuleManager: Shutting down and abandoning module SubstanceLiveLink (404)
[2018.07.31-09.57.57:626][515]LogModuleManager: Shutting down and abandoning module SubstanceSource (402)
[2018.07.31-09.57.57:626][515]LogModuleManager: Shutting down and abandoning module SubstanceEditor (400)
[2018.07.31-09.57.57:626][515]LogModuleManager: Shutting down and abandoning module SteamVRController (398)
[2018.07.31-09.57.57:626][515]LogModuleManager: Shutting down and abandoning module ProceduralMeshComponentEditor (396)
[2018.07.31-09.57.57:626][515]LogModuleManager: Shutting down and abandoning module ProceduralMeshComponent (394)
[2018.07.31-09.57.57:626][515]LogModuleManager: Shutting down and abandoning module OculusInput (392)
[2018.07.31-09.57.57:626][515]LogModuleManager: Shutting down and abandoning module MobilePatchingUtils (390)
[2018.07.31-09.57.57:626][515]LogModuleManager: Shutting down and abandoning module EditableMesh (388)
[2018.07.31-09.57.57:627][515]LogModuleManager: Shutting down and abandoning module CustomMeshComponent (386)
[2018.07.31-09.57.57:627][515]LogModuleManager: Shutting down and abandoning module CableComponent (384)
[2018.07.31-09.57.57:627][515]LogModuleManager: Shutting down and abandoning module AudioCapture (382)
[2018.07.31-09.57.57:627][515]LogModuleManager: Shutting down and abandoning module ArchVisCharacter (380)
[2018.07.31-09.57.57:627][515]LogModuleManager: Shutting down and abandoning module AndroidPermission (378)
[2018.07.31-09.57.57:627][515]LogModuleManager: Shutting down and abandoning module NUTUnrealEngine4 (376)
[2018.07.31-09.57.57:627][515]LogModuleManager: Shutting down and abandoning module NetcodeUnitTest (374)
[2018.07.31-09.57.57:628][515]LogModuleManager: Shutting down and abandoning module MediaCompositingEditor (372)
[2018.07.31-09.57.57:628][515]LogModuleManager: Shutting down and abandoning module MediaCompositing (370)
[2018.07.31-09.57.57:628][515]LogModuleManager: Shutting down and abandoning module LinearTimecode (368)
[2018.07.31-09.57.57:628][515]LogModuleManager: Shutting down and abandoning module ImgMedia (366)
[2018.07.31-09.57.57:631][515]LogModuleManager: Shutting down and abandoning module HTML5Networking (364)
[2018.07.31-09.57.57:631][515]LogModuleManager: Shutting down and abandoning module GeometryCacheTracks (362)
[2018.07.31-09.57.57:631][515]LogModuleManager: Shutting down and abandoning module GeometryCacheSequencer (360)
[2018.07.31-09.57.57:631][515]LogModuleManager: Shutting down and abandoning module BackChannel (358)
[2018.07.31-09.57.57:631][515]LogModuleManager: Shutting down and abandoning module AppleVision (356)
[2018.07.31-09.57.57:631][515]LogModuleManager: Shutting down and abandoning module AppleImageUtils (354)
[2018.07.31-09.57.57:632][515]LogModuleManager: Shutting down and abandoning module AlembicImporter (352)
[2018.07.31-09.57.57:632][515]LogModuleManager: Shutting down and abandoning module AlembicLibrary (351)
[2018.07.31-09.57.57:632][515]LogModuleManager: Shutting down and abandoning module GeometryCache (350)
[2018.07.31-09.57.57:632][515]LogModuleManager: Shutting down and abandoning module GeometryCacheEd (349)
[2018.07.31-09.57.57:632][515]LogModuleManager: Shutting down and abandoning module DatasmithContentEditor (344)
[2018.07.31-09.57.57:632][515]LogModuleManager: Shutting down and abandoning module DatasmithContent (342)
[2018.07.31-09.57.57:632][515]LogModuleManager: Shutting down and abandoning module SpeedTreeImporter (340)
[2018.07.31-09.57.57:632][515]LogModuleManager: Shutting down and abandoning module PluginBrowser (338)
[2018.07.31-09.57.57:633][515]LogModuleManager: Shutting down and abandoning module MobileLauncherProfileWizard (336)
[2018.07.31-09.57.57:633][515]LogModuleManager: Shutting down and abandoning module PolygonModeling (334)
[2018.07.31-09.57.57:633][515]LogModuleManager: Shutting down and abandoning module MeshEditor (332)
[2018.07.31-09.57.57:633][515]LogModuleManager: Shutting down and abandoning module CryptoKeysOpenSSL (330)
[2018.07.31-09.57.57:633][515]LogModuleManager: Shutting down and abandoning module CryptoKeys (328)
[2018.07.31-09.57.57:633][515]LogModuleManager: Shutting down and abandoning module VisualStudioSourceCodeAccess (326)
[2018.07.31-09.57.57:633][515]LogModuleManager: Shutting down and abandoning module VisualStudioCodeSourceCodeAccess (324)
[2018.07.31-09.57.57:633][515]LogModuleManager: Shutting down and abandoning module UObjectPlugin (322)
[2018.07.31-09.57.57:633][515]LogModuleManager: Shutting down and abandoning module SubversionSourceControl (320)
[2018.07.31-09.57.57:633][515]LogModuleManager: Shutting down and abandoning module PerforceSourceControl (318)
[2018.07.31-09.57.57:634][515]LogModuleManager: Shutting down and abandoning module GitSourceControl (316)
[2018.07.31-09.57.57:634][515]LogModuleManager: Shutting down and abandoning module SourceControl (315)
[2018.07.31-09.57.57:634][515]LogModuleManager: Shutting down and abandoning module CLionSourceCodeAccess (312)
[2018.07.31-09.57.57:634][515]LogModuleManager: Shutting down and abandoning module LightPropagationVolumeEditor (310)
[2018.07.31-09.57.57:634][515]LogModuleManager: Shutting down and abandoning module PaperTiledImporter (308)
[2018.07.31-09.57.57:634][515]LogModuleManager: Shutting down and abandoning module PaperSpriteSheetImporter (306)
[2018.07.31-09.57.57:634][515]LogModuleManager: Shutting down and abandoning module Paper2DEditor (304)
[2018.07.31-09.57.57:635][515]LogModuleManager: Shutting down and abandoning module MeshPaint (303)
[2018.07.31-09.57.57:635][515]LogModuleManager: Shutting down and abandoning module RuntimePhysXCooking (300)
[2018.07.31-09.57.57:635][515]LogModuleManager: Shutting down and abandoning module PhysXVehiclesEditor (298)
[2018.07.31-09.57.57:635][515]LogModuleManager: Shutting down and abandoning module PhysXVehicles (296)
[2018.07.31-09.57.57:635][515]LogModuleManager: Shutting down and abandoning module OculusEditor (294)
[2018.07.31-09.57.57:635][515]LogModuleManager: Shutting down and abandoning module LocationServicesBPLibrary (292)
[2018.07.31-09.57.57:635][515]LogModuleManager: Shutting down and abandoning module ImmediatePhysicsEditor (290)
[2018.07.31-09.57.57:635][515]LogModuleManager: Shutting down and abandoning module ImmediatePhysics (288)
[2018.07.31-09.57.57:635][515]LogModuleManager: Shutting down and abandoning module ActorSequence (286)
[2018.07.31-09.57.57:635][515]LogModuleManager: Shutting down and abandoning module UdpMessaging (284)
[2018.07.31-09.57.57:736][515]LogModuleManager: Shutting down and abandoning module TcpMessaging (282)
[2018.07.31-09.57.57:836][515]LogModuleManager: Shutting down and abandoning module SubstanceCore (280)
[2018.07.31-09.57.57:836][515]LogModuleManager: Shutting down and abandoning module MagicLeapAudio (278)
[2018.07.31-09.57.57:836][515]LogModuleManager: Shutting down and abandoning module GameplayTagsEditor (276)
[2018.07.31-09.57.57:837][515]LogModuleManager: Shutting down and abandoning module FacialAnimationEditor (274)
[2018.07.31-09.57.57:837][515]LogModuleManager: Shutting down and abandoning module FacialAnimation (272)
[2018.07.31-09.57.57:837][515]LogModuleManager: Shutting down and abandoning module DataValidation (270)
[2018.07.31-09.57.57:837][515]LogModuleManager: Shutting down and abandoning module AssetManagerEditor (268)
[2018.07.31-09.57.57:837][515]LogModuleManager: Shutting down and abandoning module LevelEditor (267)
[2018.07.31-09.57.57:838][515]LogModuleManager: Shutting down and abandoning module PixelInspectorModule (266)
[2018.07.31-09.57.57:838][515]LogModuleManager: Shutting down and abandoning module CommonMenuExtensions (264)
[2018.07.31-09.57.57:838][515]LogModuleManager: Shutting down and abandoning module MainFrame (262)
[2018.07.31-09.57.57:838][515]LogModuleManager: Shutting down and abandoning module HotReload (261)
[2018.07.31-09.57.57:839][515]LogModuleManager: Shutting down and abandoning module ContentBrowser (257)
[2018.07.31-09.57.57:841][515]LogModuleManager: Shutting down and abandoning module TreeMap (255)
[2018.07.31-09.57.57:841][515]LogModuleManager: Shutting down and abandoning module LightPropagationVolumeRuntime (252)
[2018.07.31-09.57.57:841][515]LogModuleManager: Shutting down and abandoning module AISupportModule (250)
[2018.07.31-09.57.57:841][515]LogModuleManager: Shutting down and abandoning module Paper2D (248)
[2018.07.31-09.57.57:841][515]LogModuleManager: Shutting down and abandoning module WindowsMoviePlayer (246)
[2018.07.31-09.57.57:841][515]LogModuleManager: Shutting down and abandoning module WmfMedia (244)
[2018.07.31-09.57.57:843][515]LogModuleManager: Shutting down and abandoning module Media (243)
[2018.07.31-09.57.57:849][515]LogModuleManager: Shutting down and abandoning module PacketHandler (240)
[2018.07.31-09.57.57:849][515]LogModuleManager: Shutting down and abandoning module ClothingSystemEditor (238)
[2018.07.31-09.57.57:849][515]LogModuleManager: Shutting down and abandoning module ClothingSystemRuntime (236)
[2018.07.31-09.57.57:849][515]LogModuleManager: Shutting down and abandoning module MediaAssets (234)
[2018.07.31-09.57.57:849][515]LogModuleManager: Shutting down and abandoning module Overlay (232)
[2018.07.31-09.57.57:849][515]LogModuleManager: Shutting down and abandoning module OverlayEditor (231)
[2018.07.31-09.57.57:849][515]LogModuleManager: Shutting down and abandoning module VREditor (228)
[2018.07.31-09.57.57:850][515]LogModuleManager: Shutting down and abandoning module StringTableEditor (226)
[2018.07.31-09.57.57:850][515]LogModuleManager: Shutting down and abandoning module GameplayTasksEditor (224)
[2018.07.31-09.57.57:850][515]LogModuleManager: Shutting down and abandoning module BehaviorTreeEditor (222)
[2018.07.31-09.57.57:850][515]LogModuleManager: Shutting down and abandoning module FunctionalTesting (220)
[2018.07.31-09.57.57:850][515]LogModuleManager: Shutting down and abandoning module CollisionAnalyzer (218)
[2018.07.31-09.57.57:850][515]LogModuleManager: Shutting down and abandoning module WorkspaceMenuStructure (217)
[2018.07.31-09.57.57:850][515]LogModuleManager: Shutting down and abandoning module UMG (214)
[2018.07.31-09.57.57:851][515]LogModuleManager: Shutting down and abandoning module UMGEditor (213)
[2018.07.31-09.57.57:852][515]LogModuleManager: Shutting down and abandoning module Sequencer (212)
[2018.07.31-09.57.57:853][515]LogModuleManager: Shutting down and abandoning module MessageLog (209)
[2018.07.31-09.57.57:853][515]LogModuleManager: Shutting down and abandoning module SlateReflector (204)
[2018.07.31-09.57.57:854][515]LogModuleManager: Shutting down and abandoning module Slate (202)
[2018.07.31-09.57.57:854][515]LogModuleManager: Shutting down and abandoning module EditorStyle (200)
[2018.07.31-09.57.57:857][515]LogModuleManager: Shutting down and abandoning module MRMesh (198)
[2018.07.31-09.57.57:857][515]LogModuleManager: Shutting down and abandoning module SourceCodeAccess (196)
[2018.07.31-09.57.57:857][515]LogModuleManager: Shutting down and abandoning module HeadMountedDisplay (194)
[2018.07.31-09.57.57:857][515]LogModuleManager: Shutting down and abandoning module XAudio2 (192)
[2018.07.31-09.57.57:857][515]LogModuleManager: Shutting down and abandoning module Networking (190)
[2018.07.31-09.57.57:857][515]LogModuleManager: Shutting down and abandoning module Core (188)
[2018.07.31-09.57.57:857][515]LogModuleManager: Shutting down and abandoning module LevelSequence (186)
[2018.07.31-09.57.57:857][515]LogModuleManager: Shutting down and abandoning module KismetCompiler (184)
[2018.07.31-09.57.57:857][515]LogModuleManager: Shutting down and abandoning module MeshUtilities (182)
[2018.07.31-09.57.57:857][515]LogModuleManager: Shutting down and abandoning module MeshMergeUtilities (181)
[2018.07.31-09.57.57:857][515]LogModuleManager: Shutting down and abandoning module MeshReductionInterface (180)
[2018.07.31-09.57.57:857][515]LogModuleManager: Shutting down and abandoning module SimplygonSwarm (179)
[2018.07.31-09.57.57:857][515]LogModuleManager: Shutting down and abandoning module ProxyLODMeshReduction (177)
[2018.07.31-09.57.57:858][515]LogModuleManager: Shutting down and abandoning module SimplygonMeshReduction (175)
[2018.07.31-09.57.57:858][515]LogModuleManager: Shutting down and abandoning module QuadricMeshReduction (173)
[2018.07.31-09.57.57:858][515]LogModuleManager: Shutting down and abandoning module MaterialBaking (169)
[2018.07.31-09.57.57:858][515]LogModuleManager: Shutting down and abandoning module DirectoryWatcher (165)
[2018.07.31-09.57.57:860][515]LogModuleManager: Shutting down and abandoning module DerivedDataCache (162)
[2018.07.31-09.57.57:934][515]LogDerivedDataCache: Shutdown
[2018.07.31-09.57.57:934][515]LogModuleManager: Shutting down and abandoning module XGEController (160)
[2018.07.31-09.57.57:934][515]LogXGEController: Cleaning working directory: C:/Users/mikey/AppData/Local/Temp/UnrealXGEWorkingDir/
[2018.07.31-09.57.57:934][515]LogModuleManager: Shutting down and abandoning module TargetPlatform (158)
[2018.07.31-09.57.57:935][515]LogModuleManager: Shutting down and abandoning module VulkanShaderFormat (157)
[2018.07.31-09.57.57:935][515]LogModuleManager: Shutting down and abandoning module ShaderFormatVectorVM (155)
[2018.07.31-09.57.57:935][515]LogModuleManager: Shutting down and abandoning module ShaderFormatOpenGL (153)
[2018.07.31-09.57.57:935][515]LogModuleManager: Shutting down and abandoning module ShaderFormatD3D (151)
[2018.07.31-09.57.57:935][515]LogModuleManager: Shutting down and abandoning module MetalShaderFormat (149)
[2018.07.31-09.57.57:935][515]LogModuleManager: Shutting down and abandoning module TextureFormatUncompressed (147)
[2018.07.31-09.57.57:935][515]LogModuleManager: Shutting down and abandoning module TextureFormatPVR (145)
[2018.07.31-09.57.57:935][515]LogModuleManager: Shutting down and abandoning module TextureFormatDXT (143)
[2018.07.31-09.57.57:935][515]LogModuleManager: Shutting down and abandoning module TextureFormatIntelISPCTexComp (141)
[2018.07.31-09.57.57:935][515]LogModuleManager: Shutting down and abandoning module TextureFormatASTC (139)
[2018.07.31-09.57.57:935][515]LogModuleManager: Shutting down and abandoning module ImageWrapper (138)
[2018.07.31-09.57.57:935][515]LogModuleManager: Shutting down and abandoning module TextureFormatAndroid (135)
[2018.07.31-09.57.57:935][515]LogModuleManager: Shutting down and abandoning module AudioFormatOpus (133)
[2018.07.31-09.57.57:936][515]LogModuleManager: Shutting down and abandoning module AudioFormatOgg (131)
[2018.07.31-09.57.57:936][515]LogModuleManager: Shutting down and abandoning module AudioFormatADPCM (129)
[2018.07.31-09.57.57:936][515]LogModuleManager: Shutting down and abandoning module LuminTargetPlatform (127)
[2018.07.31-09.57.57:936][515]LogModuleManager: Shutting down and abandoning module LinuxTargetPlatform (125)
[2018.07.31-09.57.57:936][515]LogModuleManager: Shutting down and abandoning module LinuxServerTargetPlatform (123)
[2018.07.31-09.57.57:936][515]LogModuleManager: Shutting down and abandoning module LinuxNoEditorTargetPlatform (121)
[2018.07.31-09.57.57:936][515]LogModuleManager: Shutting down and abandoning module LinuxClientTargetPlatform (119)
[2018.07.31-09.57.57:936][515]LogModuleManager: Shutting down and abandoning module TVOSTargetPlatform (117)
[2018.07.31-09.57.57:942][515]LogModuleManager: Shutting down and abandoning module Messaging (115)
[2018.07.31-09.57.57:942][515]LogModuleManager: Shutting down and abandoning module IOSTargetPlatform (113)
[2018.07.31-09.57.57:948][515]LogModuleManager: Shutting down and abandoning module HTML5TargetPlatform (111)
[2018.07.31-09.57.57:948][515]LogModuleManager: Shutting down and abandoning module AndroidTargetPlatform (109)
[2018.07.31-09.57.57:980][515]LogModuleManager: Shutting down and abandoning module WindowsTargetPlatform (107)
[2018.07.31-09.57.57:980][515]LogModuleManager: Shutting down and abandoning module WindowsServerTargetPlatform (105)
[2018.07.31-09.57.57:980][515]LogModuleManager: Shutting down and abandoning module WindowsNoEditorTargetPlatform (103)
[2018.07.31-09.57.57:980][515]LogModuleManager: Shutting down and abandoning module WindowsClientTargetPlatform (101)
[2018.07.31-09.57.57:980][515]LogModuleManager: Shutting down and abandoning module MacTargetPlatform (99)
[2018.07.31-09.57.57:980][515]LogModuleManager: Shutting down and abandoning module MacServerTargetPlatform (97)
[2018.07.31-09.57.57:980][515]LogModuleManager: Shutting down and abandoning module MacNoEditorTargetPlatform (95)
[2018.07.31-09.57.57:980][515]LogModuleManager: Shutting down and abandoning module MacClientTargetPlatform (93)
[2018.07.31-09.57.57:980][515]LogModuleManager: Shutting down and abandoning module AllDesktopTargetPlatform (91)
[2018.07.31-09.57.57:980][515]LogModuleManager: Shutting down and abandoning module InputCore (88)
[2018.07.31-09.57.57:980][515]LogModuleManager: Shutting down and abandoning module Settings (86)
[2018.07.31-09.57.57:981][515]LogModuleManager: Shutting down and abandoning module PhysXCooking (84)
[2018.07.31-09.57.57:981][515]LogModuleManager: Shutting down and abandoning module SteamVR (82)
[2018.07.31-09.57.57:981][515]LogModuleManager: Shutting down and abandoning module OculusHMD (80)
[2018.07.31-09.57.57:981][515]LogModuleManager: Shutting down and abandoning module ExampleDeviceProfileSelector (78)
[2018.07.31-09.57.57:981][515]LogModuleManager: Shutting down and abandoning module LauncherChunkInstaller (76)
[2018.07.31-09.57.57:981][515]LogModuleManager: Shutting down and abandoning module OnlineBlueprintSupport (74)
[2018.07.31-09.57.57:981][515]LogModuleManager: Shutting down and abandoning module OnlineSubsystem (70)
[2018.07.31-09.57.57:983][515]LogModuleManager: Shutting down and abandoning module XMPP (65)
[2018.07.31-09.57.57:983][515]LogModuleManager: Shutting down and abandoning module WebSockets (64)
[2018.07.31-09.57.58:019][515]LogModuleManager: Shutting down and abandoning module HTTP (61)
[2018.07.31-09.57.58:019][515]LogHttp: Display: Http module shutting down, but needs to wait on 1 outstanding Http requests:
[2018.07.31-09.57.58:019][515]LogHttp: Display: 	verb=[POST] url=[https://datarouter.ol.epicgames.com/datarouter/api/v1/public/data?SessionID=%7B64410AF4-4BDC-895C-76E9-B5A4E99B91BF%7D&AppID=UEEditor.Rocket.Release&AppVersion=4.20.0-4212847%2B%2B%2BUE4%2BRelease-4.20&UserID=ec07022c4af9fd51145d0db19289c0e8%7C9aea4035aae84fc6a50e2bbd0bcac9c5%7Ccbe8bf3f-5855-4af8-b073-42d59ac0a56b&AppEnvironment=datacollector-binary&UploadType=eteventstream] status=Processing
[2018.07.31-09.57.58:027][515]LogModuleManager: Shutting down and abandoning module SSL (60)
[2018.07.31-09.57.58:028][515]LogModuleManager: Shutting down and abandoning module MagicLeapEmulator (56)
[2018.07.31-09.57.58:029][515]LogModuleManager: Shutting down and abandoning module MagicLeapPrivileges (54)
[2018.07.31-09.57.58:029][515]LogModuleManager: Shutting down and abandoning module MagicLeapIdentity (52)
[2018.07.31-09.57.58:029][515]LogModuleManager: Shutting down and abandoning module MagicLeapHelperVulkan (50)
[2018.07.31-09.57.58:029][515]LogModuleManager: Shutting down and abandoning module MagicLeapHelperOpenGL (48)
[2018.07.31-09.57.58:029][515]LogModuleManager: Shutting down and abandoning module MagicLeapSecureStorage (46)
[2018.07.31-09.57.58:029][515]LogModuleManager: Shutting down and abandoning module MagicLeapGestures (44)
[2018.07.31-09.57.58:029][515]LogModuleManager: Shutting down and abandoning module MagicLeapEyeTracker (42)
[2018.07.31-09.57.58:029][515]LogModuleManager: Shutting down and abandoning module MagicLeapController (40)
[2018.07.31-09.57.58:029][515]LogSlate: Slate User Destroyed.  User Index 0, Is Virtual User: 0
[2018.07.31-09.57.58:029][515]LogModuleManager: Shutting down and abandoning module MagicLeap (38)
[2018.07.31-09.57.58:029][515]LogModuleManager: Shutting down and abandoning module AnimationModifiers (36)
[2018.07.31-09.57.58:030][515]LogModuleManager: Shutting down and abandoning module PropertyEditor (35)
[2018.07.31-09.57.58:031][515]LogModuleManager: Shutting down and abandoning module AudioEditor (32)
[2018.07.31-09.57.58:031][515]LogModuleManager: Shutting down and abandoning module TextureCompressor (30)
[2018.07.31-09.57.58:031][515]LogModuleManager: Shutting down and abandoning module ShaderCore (28)
[2018.07.31-09.57.58:032][515]LogModuleManager: Shutting down and abandoning module Landscape (26)
[2018.07.31-09.57.58:032][515]LogModuleManager: Shutting down and abandoning module SlateRHIRenderer (24)
[2018.07.31-09.57.58:035][515]LogModuleManager: Shutting down and abandoning module OpenGLDrv (22)
[2018.07.31-09.57.58:035][515]LogModuleManager: Shutting down and abandoning module D3D11RHI (20)
[2018.07.31-09.57.58:035][515]LogModuleManager: Shutting down and abandoning module AnimGraphRuntime (18)
[2018.07.31-09.57.58:035][515]LogModuleManager: Shutting down and abandoning module Renderer (16)
[2018.07.31-09.57.58:035][515]LogModuleManager: Shutting down and abandoning module Engine (14)
[2018.07.31-09.57.58:035][515]LogModuleManager: Shutting down and abandoning module CoreUObject (12)
[2018.07.31-09.57.58:035][515]LogModuleManager: Shutting down and abandoning module NetworkFile (10)
[2018.07.31-09.57.58:036][515]LogModuleManager: Shutting down and abandoning module CookedIterativeFile (8)
[2018.07.31-09.57.58:036][515]LogModuleManager: Shutting down and abandoning module StreamingFile (6)
[2018.07.31-09.57.58:036][515]LogModuleManager: Shutting down and abandoning module SandboxFile (4)
[2018.07.31-09.57.58:036][515]LogModuleManager: Shutting down and abandoning module PakFile (2)
[2018.07.31-09.57.58:042][515]LogExit: Exiting.
[2018.07.31-09.57.58:052][515]Log file closed, 07/31/18 10:57:58
