Log file open, 09/04/18 09:23:20
LogWindows: Failed to load 'aqProf.dll' (GetLastError=126)
LogWindows: File 'aqProf.dll' does not exist
LogWindows: Failed to load 'VSPerf140.dll' (GetLastError=126)
LogWindows: File 'VSPerf140.dll' does not exist
LogWindows: Failed to load 'VtuneApi.dll' (GetLastError=126)
LogWindows: File 'VtuneApi.dll' does not exist
LogWindows: Failed to load 'VtuneApi32e.dll' (GetLastError=126)
LogWindows: File 'VtuneApi32e.dll' does not exist
LogInit: Display: Running engine for game: BeyondHuman
LogPlatformFile: Not using cached read wrapper
LogTaskGraph: Started task graph with 5 named threads and 23 total threads with 3 sets of task threads.
LogStats: Stats thread started at 0.481596
LogD3D11RHI: Loaded GFSDK_Aftermath_Lib.x64.dll
LogICUInternationalization: Display: ICU TimeZone Detection - Raw Offset: +0:00, Platform Override: ''
LogPluginManager: Mounting plugin Paper2D
LogPluginManager: Mounting plugin AISupport
LogPluginManager: Mounting plugin LightPropagationVolume
LogPluginManager: Mounting plugin CLionSourceCodeAccess
LogPluginManager: Mounting plugin CodeLiteSourceCodeAccess
LogPluginManager: Mounting plugin GitSourceControl
LogPluginManager: Mounting plugin KDevelopSourceCodeAccess
LogPluginManager: Mounting plugin NullSourceCodeAccess
LogPluginManager: Mounting plugin PerforceSourceControl
LogPluginManager: Mounting plugin SubversionSourceControl
LogPluginManager: Mounting plugin UObjectPlugin
LogPluginManager: Mounting plugin VisualStudioCodeSourceCodeAccess
LogPluginManager: Mounting plugin VisualStudioSourceCodeAccess
LogPluginManager: Mounting plugin XCodeSourceCodeAccess
LogPluginManager: Mounting plugin AssetManagerEditor
LogPluginManager: Mounting plugin CryptoKeys
LogPluginManager: Mounting plugin DataValidation
LogPluginManager: Mounting plugin FacialAnimation
LogPluginManager: Mounting plugin GameplayTagsEditor
LogPluginManager: Mounting plugin MacGraphicsSwitching
LogPluginManager: Mounting plugin MeshEditor
LogPluginManager: Mounting plugin MobileLauncherProfileWizard
LogPluginManager: Mounting plugin PluginBrowser
LogPluginManager: Mounting plugin SpeedTreeImporter
LogPluginManager: Mounting plugin DatasmithContent
LogPluginManager: Mounting plugin AlembicImporter
LogPluginManager: Mounting plugin AppleImageUtils
LogPluginManager: Mounting plugin AppleVision
LogPluginManager: Mounting plugin BackChannel
LogPluginManager: Mounting plugin CharacterAI
LogPluginManager: Mounting plugin GeometryCache
LogPluginManager: Mounting plugin HTML5Networking
LogPluginManager: Mounting plugin ProxyLODPlugin
LogPluginManager: Mounting plugin MagicLeap
LogPluginManager: Mounting plugin MagicLeapEmulator
LogPluginManager: Mounting plugin MagicLeapMedia
LogPluginManager: Mounting plugin Substance
LogPluginManager: Mounting plugin AndroidMedia
LogPluginManager: Mounting plugin AvfMedia
LogPluginManager: Mounting plugin ImgMedia
LogPluginManager: Mounting plugin LinearTimecode
LogPluginManager: Mounting plugin MediaCompositing
LogPluginManager: Mounting plugin MediaPlayerEditor
LogPluginManager: Mounting plugin WmfMedia
LogPluginManager: Mounting plugin TcpMessaging
LogPluginManager: Mounting plugin UdpMessaging
LogPluginManager: Mounting plugin ActorSequence
LogPluginManager: Mounting plugin LevelSequenceEditor
LogPluginManager: Mounting plugin MatineeToLevelSequence
LogPluginManager: Mounting plugin NetcodeUnitTest
LogPluginManager: Mounting plugin NUTUnrealEngine4
LogPluginManager: Mounting plugin OnlineSubsystemGooglePlay
LogPluginManager: Mounting plugin OnlineSubsystemIOS
LogPluginManager: Mounting plugin OnlineSubsystem
LogPluginManager: Mounting plugin OnlineSubsystemNull
LogPluginManager: Mounting plugin OnlineSubsystemUtils
LogPluginManager: Mounting plugin LauncherChunkInstaller
LogPluginManager: Mounting plugin AndroidDeviceProfileSelector
LogPluginManager: Mounting plugin AndroidMoviePlayer
LogPluginManager: Mounting plugin AndroidPermission
LogPluginManager: Mounting plugin AppleMoviePlayer
LogPluginManager: Mounting plugin ArchVisCharacter
LogPluginManager: Mounting plugin AudioCapture
LogPluginManager: Mounting plugin CableComponent
LogPluginManager: Mounting plugin CustomMeshComponent
LogPluginManager: Mounting plugin EditableMesh
LogPluginManager: Mounting plugin ExampleDeviceProfileSelector
LogPluginManager: Mounting plugin GoogleCloudMessaging
LogPluginManager: Mounting plugin ImmediatePhysics
LogPluginManager: Mounting plugin IOSDeviceProfileSelector
LogPluginManager: Mounting plugin LinuxDeviceProfileSelector
LogPluginManager: Mounting plugin LocationServicesBPLibrary
LogPluginManager: Mounting plugin MobilePatchingUtils
LogPluginManager: Mounting plugin OculusVR
LogPluginManager: Plugin shader directory ../../../Engine/Plugins/Runtime/Oculus/OculusVR/Shaders found
LogPluginManager: Mapping shader source directory ../../../Engine/Plugins/Runtime/Oculus/OculusVR/Shaders to virtual directory /Plugin/OculusVR
LogPluginManager: Mounting plugin PhysXVehicles
LogPluginManager: Mounting plugin ProceduralMeshComponent
LogPluginManager: Mounting plugin RuntimePhysXCooking
LogPluginManager: Mounting plugin SteamVR
LogPluginManager: Mounting plugin WindowsMoviePlayer
LogStreaming: Display: Took  0.579s to configure plugins.
LogInit: Using libcurl 7.55.1-DEV
LogInit:  - built for x86_64-pc-win32
LogInit:  - supports SSL with OpenSSL/1.0.2h
LogInit:  - supports HTTP deflate (compression) using libz 1.2.8
LogInit:  - other features:
LogInit:      CURL_VERSION_SSL
LogInit:      CURL_VERSION_LIBZ
LogInit:      CURL_VERSION_IPV6
LogInit:      CURL_VERSION_ASYNCHDNS
LogInit:      CURL_VERSION_LARGEFILE
LogInit:      CURL_VERSION_IDN
LogInit:  CurlRequestOptions (configurable via config and command line):
LogInit:  - bVerifyPeer = false  - Libcurl will NOT verify peer certificate
LogInit:  - bUseHttpProxy = false  - Libcurl will NOT use HTTP proxy
LogInit:  - bDontReuseConnections = false  - Libcurl will reuse connections
LogInit:  - CertBundlePath = nullptr  - Libcurl will use whatever was configured at build time.
LogInit:  - MaxHostConnections = 16  - Libcurl will limit the number of connections to a host
LogInit:  - LocalHostAddr = Default
LogInit:  - BufferSize = 65536
LogInit: WinSock: version 1.1 (2.2), MaxSocks=32767, MaxUdp=65467
LogInit: Build: ++UE4+Release-4.20-CL-4212847
LogInit: Engine Version: 4.20.0-4212847+++UE4+Release-4.20
LogInit: Compatible Engine Version: 4.20.0-4212847+++UE4+Release-4.20
LogInit: Net CL: 4212847
LogInit: OS: Windows 10 (), CPU: Intel(R) Core(TM) i7-6700HQ CPU @ 2.60GHz, GPU: Intel(R) HD Graphics 530
LogInit: Compiled (64-bit): Jul 14 2018 09:51:14
LogInit: Compiled with Visual C++: 19.13.26129.00
LogInit: Build Configuration: Development
LogInit: Branch Name: ++UE4+Release-4.20
LogInit: Command Line:  
LogInit: Base Directory: C:/Program Files/Epic Games/UE_4.20/Engine/Binaries/Win64/
LogInit: Installed Engine Build: 1
LogDevObjectVersion: Number of dev versions registered: 20
LogDevObjectVersion:   Dev-Blueprints (B0D832E4-1F89-4F0D-ACCF-7EB736FD4AA2): 10
LogDevObjectVersion:   Dev-Build (E1C64328-A22C-4D53-A36C-8E866417BD8C): 0
LogDevObjectVersion:   Dev-Core (375EC13C-06E4-48FB-B500-84F0262A717E): 2
LogDevObjectVersion:   Dev-Editor (E4B068ED-F494-42E9-A231-DA0B2E46BB41): 24
LogDevObjectVersion:   Dev-Framework (CFFC743F-43B0-4480-9391-14DF171D2073): 34
LogDevObjectVersion:   Dev-Mobile (B02B49B5-BB20-44E9-A304-32B752E40360): 2
LogDevObjectVersion:   Dev-Networking (A4E4105C-59A1-49B5-A7C5-40C4547EDFEE): 0
LogDevObjectVersion:   Dev-Online (39C831C9-5AE6-47DC-9A44-9C173E1C8E7C): 0
LogDevObjectVersion:   Dev-Physics (78F01B33-EBEA-4F98-B9B4-84EACCB95AA2): 0
LogDevObjectVersion:   Dev-Platform (6631380F-2D4D-43E0-8009-CF276956A95A): 0
LogDevObjectVersion:   Dev-Rendering (12F88B9F-8875-4AFC-A67C-D90C383ABD29): 26
LogDevObjectVersion:   Dev-Sequencer (7B5AE74C-D270-4C10-A958-57980B212A5A): 9
LogDevObjectVersion:   Dev-VR (D7296918-1DD6-4BDD-9DE2-64A83CC13884): 2
LogDevObjectVersion:   Dev-LoadTimes (C2A15278-BFE7-4AFE-6C17-90FF531DF755): 1
LogDevObjectVersion:   Private-Geometry (6EACA3D4-40EC-4CC1-B786-8BED09428FC5): 3
LogDevObjectVersion:   Dev-AnimPhys (29E575DD-E0A3-4627-9D10-D276232CDCEA): 17
LogDevObjectVersion:   Dev-ReflectionCapture (6B266CEC-1EC7-4B8F-A30B-E4D90942FC07): 1
LogDevObjectVersion:   Dev-Automation (0DF73D61-A23F-47EA-B727-89E90C41499A): 1
LogDevObjectVersion:   FortniteMain (601D1886-AC64-4F84-AA16-D3DE0DEAC7D6): 12
LogDevObjectVersion:   Dev-Enterprise (9DFFBCD6-494F-0158-E221-12823C92A888): 1
LogStreaming: Display: Took  0.042s to delete old logs.
LogInit: Presizing for max 8388607 objects, including 0 objects not considered by GC, pre-allocating 0 bytes for permanent pool.
LogInit: Object subsystem initialized
[2018.09.04-08.23.30:289][  0]LogInit: Selected Device Profile: [Windows]
[2018.09.04-08.23.30:290][  0]LogInit: Applying CVar settings loaded from the selected device profile: [Windows]
[2018.09.04-08.23.30:397][  0]LogHAL: Display: Platform has ~ 8 GB [8456720384 / 8589934592 / 8], which maps to Default [LargestMinGB=32, LargerMinGB=12, DefaultMinGB=8, SmallerMinGB=6, SmallestMinGB=0)
[2018.09.04-08.23.30:416][  0]LogInit: Setting Device Profile CVar: [[r.Vulkan.UseRealUBs:1]]
[2018.09.04-08.23.30:416][  0]LogInit: Going up to parent DeviceProfile []
[2018.09.04-08.23.30:501][  0]LogInit: Computer: DESKTOP-MKF8VAK
[2018.09.04-08.23.30:501][  0]LogInit: User: mikey
[2018.09.04-08.23.30:501][  0]LogInit: CPU Page size=4096, Cores=4
[2018.09.04-08.23.30:501][  0]LogInit: High frequency timer resolution =2.531251 MHz
[2018.09.04-08.23.30:502][  0]LogMemory: Memory total: Physical=7.9GB (8GB approx)
[2018.09.04-08.23.30:502][  0]LogMemory: Platform Memory Stats for Windows
[2018.09.04-08.23.30:502][  0]LogMemory: Process Physical Memory: 99.44 MB used, 99.44 MB peak
[2018.09.04-08.23.30:502][  0]LogMemory: Process Virtual Memory: 91.04 MB used, 91.04 MB peak
[2018.09.04-08.23.30:502][  0]LogMemory: Physical Memory: 5152.62 MB used,  2912.34 MB free, 8064.96 MB total
[2018.09.04-08.23.30:502][  0]LogMemory: Virtual Memory: 4640.08 MB used,  2912.34 MB free, 134217728.00 MB total
[2018.09.04-08.23.33:849][  0]LogInit: Using OS detected language (en-US).
[2018.09.04-08.23.33:849][  0]LogInit: Using OS detected locale (en-GB).
[2018.09.04-08.23.33:932][  0]LogTextLocalizationManager: No specific localization for 'en-US' exists, so the 'en' localization will be used.
[2018.09.04-08.23.37:483][  0]LogStreaming: Display: Took  3.622s to InitEngineTextLocalization.
[2018.09.04-08.23.37:501][  0]LogInit: Setting process to per monitor DPI aware
[2018.09.04-08.23.38:721][  0]LogSlate: New Slate User Created.  User Index 0, Is Virtual User: 0
[2018.09.04-08.23.38:721][  0]LogSlate: Slate User Registered.  User Index 0, Is Virtual User: 0
[2018.09.04-08.23.44:223][  0]LogHMD: Failed to initialize OpenVR with code 110
[2018.09.04-08.23.44:223][  0]LogD3D11RHI: D3D11 adapters:
[2018.09.04-08.23.44:408][  0]LogD3D11RHI:    0. 'NVIDIA GeForce GTX 960M' (Feature Level 11_0)
[2018.09.04-08.23.44:408][  0]LogD3D11RHI:       4065/0/4032 MB DedicatedVideo/DedicatedSystem/SharedSystem, Outputs:2, VendorId:0x10de
[2018.09.04-08.23.44:449][  0]LogD3D11RHI:    1. 'Intel(R) HD Graphics 530' (Feature Level 11_0)
[2018.09.04-08.23.44:449][  0]LogD3D11RHI:       128/0/4032 MB DedicatedVideo/DedicatedSystem/SharedSystem, Outputs:0, VendorId:0x8086
[2018.09.04-08.23.44:453][  0]LogD3D11RHI:    2. 'Microsoft Basic Render Driver' (Feature Level 11_0)
[2018.09.04-08.23.44:453][  0]LogD3D11RHI:       0/0/4032 MB DedicatedVideo/DedicatedSystem/SharedSystem, Outputs:0, VendorId:0x1414
[2018.09.04-08.23.44:453][  0]LogD3D11RHI: Chosen D3D11 Adapter: 0
[2018.09.04-08.23.44:527][  0]LogD3D11RHI: Creating new Direct3DDevice
[2018.09.04-08.23.44:527][  0]LogD3D11RHI:     GPU DeviceId: 0x139b (for the marketing name, search the web for "GPU Device Id")
[2018.09.04-08.23.44:539][  0]LogWindows: EnumDisplayDevices:
[2018.09.04-08.23.44:539][  0]LogWindows:    0. 'Intel(R) HD Graphics 530' (P:0 D:1)
[2018.09.04-08.23.44:540][  0]LogWindows:    1. 'Intel(R) HD Graphics 530' (P:1 D:1)
[2018.09.04-08.23.44:540][  0]LogWindows:    2. 'Intel(R) HD Graphics 530' (P:0 D:0)
[2018.09.04-08.23.44:540][  0]LogWindows: DebugString: PrimaryIsNotTheChoosenAdapter PrimaryIsNotTheChoosenAdapter PrimaryIsNotTheChoosenAdapter FoundDriverCount:0 
[2018.09.04-08.23.44:540][  0]LogD3D11RHI:     Adapter Name: NVIDIA GeForce GTX 960M
[2018.09.04-08.23.44:540][  0]LogD3D11RHI:   Driver Version: Unknown (internal:Unknown, unified:Unknown)
[2018.09.04-08.23.44:540][  0]LogD3D11RHI:      Driver Date: Unknown
[2018.09.04-08.23.44:540][  0]LogRHI: Texture pool is 2846 MB (70% of 4065 MB)
[2018.09.04-08.23.44:591][  0]LogD3D11RHI: Async texture creation enabled
[2018.09.04-08.23.45:227][  0]LogD3D11RHI: GPU Timing Frequency: 1000.000000 (Debug: 2 7)
[2018.09.04-08.23.45:482][  0]LogShaderCompilers: Guid format shader working directory is -22 characters bigger than the processId version (../../../../../../Users/mikey/Documents/Unreal Projects/BeyondHuman/Intermediate/Shaders/WorkingDirectory/11616/).
[2018.09.04-08.23.45:483][  0]LogShaderCompilers: Cleaned the shader compiler working directory 'C:/Users/mikey/AppData/Local/Temp/UnrealShaderWorkingDir/8BF42B8345028589020CD499DC59E4EB/'.
[2018.09.04-08.23.48:194][  0]LogTemp: Display: Loaded TP AllDesktopTargetPlatform
[2018.09.04-08.23.48:281][  0]LogTemp: Display: Loaded TP MacClientTargetPlatform
[2018.09.04-08.23.48:332][  0]LogTemp: Display: Loaded TP MacNoEditorTargetPlatform
[2018.09.04-08.23.48:375][  0]LogTemp: Display: Loaded TP MacServerTargetPlatform
[2018.09.04-08.23.48:496][  0]LogTemp: Display: Loaded TP MacTargetPlatform
[2018.09.04-08.23.48:527][  0]LogTemp: Display: Loaded TP WindowsClientTargetPlatform
[2018.09.04-08.23.48:570][  0]LogTemp: Display: Loaded TP WindowsNoEditorTargetPlatform
[2018.09.04-08.23.48:595][  0]LogTemp: Display: Loaded TP WindowsServerTargetPlatform
[2018.09.04-08.23.48:638][  0]LogTemp: Display: Loaded TP WindowsTargetPlatform
[2018.09.04-08.23.48:808][  0]LogTemp: Display: Loaded TP AndroidTargetPlatform
[2018.09.04-08.23.48:808][  0]LogTemp: Display: Loaded TP AndroidTargetPlatform
[2018.09.04-08.23.48:808][  0]LogTemp: Display: Loaded TP AndroidTargetPlatform
[2018.09.04-08.23.48:808][  0]LogTemp: Display: Loaded TP AndroidTargetPlatform
[2018.09.04-08.23.48:808][  0]LogTemp: Display: Loaded TP AndroidTargetPlatform
[2018.09.04-08.23.48:808][  0]LogTemp: Display: Loaded TP AndroidTargetPlatform
[2018.09.04-08.23.48:808][  0]LogTemp: Display: Loaded TP AndroidTargetPlatform
[2018.09.04-08.23.48:808][  0]LogTemp: Display: Loaded TP AndroidTargetPlatform
[2018.09.04-08.23.48:808][  0]LogTemp: Display: Loaded TP AndroidTargetPlatform
[2018.09.04-08.23.48:808][  0]LogTemp: Display: Loaded TP AndroidTargetPlatform
[2018.09.04-08.23.48:808][  0]LogTemp: Display: Loaded TP AndroidTargetPlatform
[2018.09.04-08.23.48:808][  0]LogTemp: Display: Loaded TP AndroidTargetPlatform
[2018.09.04-08.23.48:808][  0]LogTemp: Display: Loaded TP AndroidTargetPlatform
[2018.09.04-08.23.48:808][  0]LogTemp: Display: Loaded TP AndroidTargetPlatform
[2018.09.04-08.23.48:808][  0]LogTemp: Display: Loaded TP AndroidTargetPlatform
[2018.09.04-08.23.48:808][  0]LogTemp: Display: Loaded TP AndroidTargetPlatform
[2018.09.04-08.23.48:808][  0]LogTemp: Display: Loaded TP AndroidTargetPlatform
[2018.09.04-08.23.48:808][  0]LogTemp: Display: Loaded TP AndroidTargetPlatform
[2018.09.04-08.23.48:894][  0]LogTemp: Display: Loaded TP HTML5TargetPlatform
[2018.09.04-08.23.49:190][  0]LogTemp: Display: Loaded TP IOSTargetPlatform
[2018.09.04-08.23.49:190][  0]LogTemp: Display: Loaded TP IOSTargetPlatform
[2018.09.04-08.23.49:266][  0]LogTemp: Display: Loaded TP TVOSTargetPlatform
[2018.09.04-08.23.49:266][  0]LogTemp: Display: Loaded TP TVOSTargetPlatform
[2018.09.04-08.23.49:298][  0]LogTemp: Display: Loaded TP LinuxClientTargetPlatform
[2018.09.04-08.23.49:385][  0]LogTemp: Display: Loaded TP LinuxNoEditorTargetPlatform
[2018.09.04-08.23.49:494][  0]LogTemp: Display: Loaded TP LinuxServerTargetPlatform
[2018.09.04-08.23.49:561][  0]LogTemp: Display: Loaded TP LinuxTargetPlatform
[2018.09.04-08.23.49:605][  0]LogTemp: Display: Loaded TP LuminTargetPlatform
[2018.09.04-08.23.49:605][  0]LogTargetPlatformManager: Display: Building Assets For Windows
[2018.09.04-08.23.53:033][  0]LogXGEController: Cleaning working directory: C:/Users/mikey/AppData/Local/Temp/UnrealXGEWorkingDir/
[2018.09.04-08.23.53:033][  0]LogXGEController: Cannot use XGE Controller as Incredibuild is not installed on this machine.
[2018.09.04-08.23.53:033][  0]LogShaderCompilers: Cannot use XGE Shader Compiler as Incredibuild is not installed on this machine.
[2018.09.04-08.23.53:033][  0]LogShaderCompilers: Display: Using Local Shader Compiler.
[2018.09.04-08.23.58:749][  0]LogDerivedDataCache: Display: Max Cache Size: 512 MB
[2018.09.04-08.23.59:771][  0]LogDerivedDataCache: Loaded boot cache 1.02s 71MB C:/Users/mikey/AppData/Local/UnrealEngine/4.20/DerivedDataCache/Boot.ddc.
[2018.09.04-08.23.59:771][  0]LogDerivedDataCache: Display: Loaded Boot cache: C:/Users/mikey/AppData/Local/UnrealEngine/4.20/DerivedDataCache/Boot.ddc
[2018.09.04-08.23.59:771][  0]LogDerivedDataCache: FDerivedDataBackendGraph:  Pak pak cache file ../../../../../../Users/mikey/Documents/Unreal Projects/BeyondHuman/DerivedDataCache/DDC.ddp not found, will not use a pak cache.
[2018.09.04-08.23.59:772][  0]LogDerivedDataCache: Unable to find inner node Pak for hierarchical cache Hierarchy.
[2018.09.04-08.23.59:772][  0]LogDerivedDataCache: FDerivedDataBackendGraph:  CompressedPak pak cache file ../../../../../../Users/mikey/Documents/Unreal Projects/BeyondHuman/DerivedDataCache/Compressed.ddp not found, will not use a pak cache.
[2018.09.04-08.23.59:772][  0]LogDerivedDataCache: Unable to find inner node CompressedPak for hierarchical cache Hierarchy.
[2018.09.04-08.23.59:848][  0]LogDerivedDataCache: Display: Pak cache opened for reading ../../../Engine/DerivedDataCache/Compressed.ddp.
[2018.09.04-08.23.59:871][  0]LogDerivedDataCache: Using Local data cache path C:/Users/mikey/AppData/Local/UnrealEngine/Common/DerivedDataCache: Writable
[2018.09.04-08.23.59:871][  0]LogDerivedDataCache: Shared data cache path not found in *engine.ini, will not use an Shared cache.
[2018.09.04-08.23.59:871][  0]LogDerivedDataCache: Unable to find inner node Shared for hierarchical cache Hierarchy.
[2018.09.04-08.23.59:984][  0]LogMaterial: Verifying Global Shaders for PCD3D_SM5
[2018.09.04-08.24.00:075][  0]LogSlate: Using FreeType 2.6.0
[2018.09.04-08.24.00:213][  0]LogSlate: SlateFontServices - WITH_FREETYPE: 1, WITH_HARFBUZZ: 1
[2018.09.04-08.24.01:854][  0]LogAssetRegistry: FAssetRegistry took 0.0913 seconds to start up
[2018.09.04-08.24.07:109][  0]LogInit: Selected Device Profile: [Windows]
[2018.09.04-08.24.09:576][  0]LogSimplygon: Simplygon DLL not present - disabling.
[2018.09.04-08.24.09:782][  0]LogMeshReduction: Using SimplygonSwarm for distributed automatic mesh merging
[2018.09.04-08.24.09:782][  0]LogMeshReduction: Using ProxyLODMeshReduction for automatic mesh merging
[2018.09.04-08.24.09:782][  0]LogMeshReduction: Using QuadricMeshReduction for automatic static mesh reduction
[2018.09.04-08.24.09:782][  0]LogMeshReduction: No automatic skeletal mesh reduction module available
[2018.09.04-08.24.10:972][  0]LogNetVersion: BeyondHuman 1.0.0, NetCL: 4212847, EngineNetVer: 5, GameNetVer: 0 (Checksum: 671501493)
[2018.09.04-08.24.17:867][  0]LogPackageLocalizationCache: Processed 11 localized package path(s) for 2 prioritized culture(s) in 0.219845 seconds
[2018.09.04-08.24.17:929][  0]LogUObjectArray: 38425 objects as part of root set at end of initial load.
[2018.09.04-08.24.17:929][  0]LogUObjectAllocator: 6690872 out of 0 bytes used by permanent object pool.
[2018.09.04-08.24.17:929][  0]LogUObjectArray: CloseDisregardForGC: 0/0 objects in disregard for GC pool
[2018.09.04-08.24.47:871][  0]LogSubstanceCoreModule: Substance [CPU] Engine Loaded, Max Texture Size = 2048
[2018.09.04-08.24.48:004][  0]LogTcpMessaging: Initializing TcpMessaging bridge
[2018.09.04-08.24.48:034][  0]LogUdpMessaging: Initializing bridge on interface 0.0.0.0:0 to multicast group 230.0.0.1:6666.
[2018.09.04-08.24.49:891][  0]SourceControl: Source control is disabled
[2018.09.04-08.24.49:891][  0]SourceControl: Source control is disabled
[2018.09.04-08.24.49:979][  0]SourceControl: Source control is disabled
[2018.09.04-08.24.50:008][  0]SourceControl: Source control is disabled
[2018.09.04-08.24.51:771][  0]LogAndroidPermission: UAndroidPermissionCallbackProxy::GetInstance
[2018.09.04-08.24.52:067][  0]LogOcInput: OculusInput pre-init called
[2018.09.04-08.24.53:855][  0]LogEngine: Initializing Engine...
[2018.09.04-08.24.53:916][  0]LogHMD: Failed to initialize OpenVR with code 110
[2018.09.04-08.24.53:946][  0]LogStats: UGameplayTagsManager::ConstructGameplayTagTree: ImportINI prefixes -  0.001 s
[2018.09.04-08.24.53:946][  0]LogStats: UGameplayTagsManager::ConstructGameplayTagTree: Construct from data asset -  0.000 s
[2018.09.04-08.24.53:946][  0]LogStats: UGameplayTagsManager::ConstructGameplayTagTree: ImportINI -  0.000 s
[2018.09.04-08.24.53:946][  0]LogStats: UGameplayTagsManager::ConstructGameplayTagTree: GameplayTagTreeChangedEvent.Broadcast -  0.000 s
[2018.09.04-08.24.55:650][  0]LogInit: Initializing FReadOnlyCVARCache
[2018.09.04-08.24.56:516][  0]LogAIModule: Creating AISystem for world Untitled
[2018.09.04-08.24.56:879][  0]LogInit: XAudio2 using 'Speakers / Headphones (Realtek Audio)' : 2 channels at 48 kHz using 32 bits per sample (channel mask 0x3)
[2018.09.04-08.24.57:386][  0]LogInit: FAudioDevice initialized.
[2018.09.04-08.24.57:411][  0]LogNetVersion: Set ProjectVersion to 1.0.0.0. Version Checksum will be recalculated on next use.
[2018.09.04-08.24.57:656][  0]LogDerivedDataCache: Saved boot cache 0.24s 71MB C:/Users/mikey/AppData/Local/UnrealEngine/4.20/DerivedDataCache/Boot.ddc.
[2018.09.04-08.24.57:823][  0]LogInit: Texture streaming: Enabled
[2018.09.04-08.24.58:045][  0]LogEngineSessionManager: EngineSessionManager initialized
[2018.09.04-08.24.58:378][  0]LogInit: Transaction tracking system initialized
[2018.09.04-08.24.58:820][  0]BlueprintLog: New page: Editor Load
[2018.09.04-08.25.00:833][  0]LocalizationService: Localization service is disabled
[2018.09.04-08.25.06:409][  0]LogFileCache: Scanning file cache for directory 'C:/Users/mikey/Documents/Unreal Projects/BeyondHuman/Content/' took 0.03s
[2018.09.04-08.25.06:409][  0]LogCook: Display: Max memory allowance for cook 16384mb min free memory 0mb
[2018.09.04-08.25.06:410][  0]LogCook: Display: Mobile HDR setting 1
[2018.09.04-08.25.06:438][  0]LogGameplayTags: Display: UGameplayTagsManager::DoneAddingNativeTags. DelegateIsBound: 0
[2018.09.04-08.25.06:438][  0]LogStats: UGameplayTagsManager::ConstructGameplayTagTree: ImportINI prefixes -  0.000 s
[2018.09.04-08.25.06:438][  0]LogStats: UGameplayTagsManager::ConstructGameplayTagTree: Construct from data asset -  0.000 s
[2018.09.04-08.25.06:438][  0]LogStats: UGameplayTagsManager::ConstructGameplayTagTree: ImportINI -  0.000 s
[2018.09.04-08.25.06:438][  0]LogStats: UGameplayTagsManager::ConstructGameplayTagTree: GameplayTagTreeChangedEvent.Broadcast -  0.000 s
[2018.09.04-08.25.08:324][  0]SourceControl: Source control is disabled
[2018.09.04-08.25.08:377][  0]Cmd: MAP LOAD FILE="../../../../../../Users/mikey/Documents/Unreal Projects/BeyondHuman/Content/Maps/Meshing.umap" TEMPLATE=0 SHOWPROGRESS=1 FEATURELEVEL=3
[2018.09.04-08.25.08:407][  0]LightingResults: New page: Lighting Build
[2018.09.04-08.25.08:675][  0]MapCheck: New page: Map Check
[2018.09.04-08.25.08:675][  0]LightingResults: New page: Lighting Build
[2018.09.04-08.25.08:700][  0]LogGarbage: Warning: 15.231599 ms for acquiring GC lock
[2018.09.04-08.25.58:457][  0]LogAIModule: Creating AISystem for world Meshing
[2018.09.04-08.26.00:231][  0]LogEditorServer: Finished looking for orphan Actors (0.002 secs)
[2018.09.04-08.26.01:322][  0]Cmd: MAP CHECKDEP NOCLEARLOG
[2018.09.04-08.26.02:392][  0]MapCheck: Map check complete: 0 Error(s), 0 Warning(s), took 1,070.639ms to complete.
[2018.09.04-08.26.02:433][  0]LogFileHelpers: Loading map 'Meshing' took 54.085
[2018.09.04-08.26.04:856][  0]LogSlate: Updating window title bar state: overlay mode, drag disabled, window buttons hidden, title bar hidden
[2018.09.04-08.26.04:905][  0]LogSlate: Updating window title bar state: overlay mode, drag disabled, window buttons hidden, title bar hidden
[2018.09.04-08.26.04:914][  0]LogSlate: Updating window title bar state: overlay mode, drag disabled, window buttons hidden, title bar hidden
[2018.09.04-08.26.04:923][  0]LogSlate: Updating window title bar state: overlay mode, drag disabled, window buttons hidden, title bar hidden
[2018.09.04-08.26.05:070][  0]LogCollectionManager: Loaded 0 collections in 0.002199 seconds
[2018.09.04-08.26.05:347][  0]LogFileCache: Scanning file cache for directory 'C:/Users/mikey/Documents/Unreal Projects/BeyondHuman/Saved/Collections/' took 0.01s
[2018.09.04-08.26.05:347][  0]LogFileCache: Scanning file cache for directory 'C:/Users/mikey/Documents/Unreal Projects/BeyondHuman/Content/Developers/mikey/Collections/' took 0.01s
[2018.09.04-08.26.05:347][  0]LogFileCache: Scanning file cache for directory 'C:/Users/mikey/Documents/Unreal Projects/BeyondHuman/Content/Collections/' took 0.01s
[2018.09.04-08.26.05:347][  0]LogCollectionManager: Rebuilt the GUID cache for 0 collections in 0.000000 seconds
[2018.09.04-08.26.05:364][  0]LogContentBrowser: Native class hierarchy populated in 0.0148 seconds. Added 2586 classes and 609 folders.
[2018.09.04-08.26.05:483][  0]LogContentBrowser: Native class hierarchy updated for 'WidgetCarousel' in 0.0005 seconds. Added 0 classes and 0 folders.
[2018.09.04-08.26.05:921][  0]LogContentBrowser: Native class hierarchy updated for 'AddContentDialog' in 0.0003 seconds. Added 0 classes and 0 folders.
[2018.09.04-08.26.05:985][  0]LogContentBrowser: Native class hierarchy updated for 'SceneOutliner' in 0.0003 seconds. Added 1 classes and 2 folders.
[2018.09.04-08.26.07:030][  0]LogSlate: Took 0.020032 seconds to synchronously load lazily loaded font '../../../Engine/Content/Slate/Fonts/Roboto-Regular.ttf' (155K)
[2018.09.04-08.26.07:106][  0]LogSlate: Took 0.044864 seconds to synchronously load lazily loaded font '../../../Engine/Content/Slate/Fonts/Roboto-Bold.ttf' (160K)
[2018.09.04-08.26.07:178][  0]LogSlate: Took 0.019661 seconds to synchronously load lazily loaded font '../../../Engine/Content/Editor/Slate/Fonts/FontAwesome.ttf' (139K)
[2018.09.04-08.26.08:070][  0]LogRenderer: Reallocating scene render targets to support 1016x668 Format 9 NumSamples 1 (Frame:1).
[2018.09.04-08.26.09:450][  0]LogContentBrowser: Native class hierarchy updated for 'HierarchicalLODOutliner' in 0.0005 seconds. Added 0 classes and 0 folders.
[2018.09.04-08.26.09:450][  0]LogLoad: (Engine Initialization) Total time: 200.88 seconds
[2018.09.04-08.26.09:450][  0]LogLoad: (Engine Initialization) Total Blueprint compile time: 0.00 seconds
[2018.09.04-08.26.10:015][  0]LogContentStreaming: Texture pool size now 3000 MB
[2018.09.04-08.26.10:373][  1]LogSubstanceLiveLink: Warning: Unable to send data along socket, closing connection
[2018.09.04-08.26.10:687][  1]LogSlate: Took 0.002483 seconds to synchronously load lazily loaded font '../../../Engine/Content/Slate/Fonts/Roboto-Light.ttf' (167K)
[2018.09.04-08.26.11:127][  3]LogAssetRegistry: Asset discovery search completed in 129.3283 seconds
[2018.09.04-08.26.11:135][  3]LogCollectionManager: Rebuilt the object cache for 0 collections in 0.000000 seconds (found 0 objects)
[2018.09.04-08.26.11:135][  3]LogCollectionManager: Fixed up redirectors for 0 collections in 0.000127 seconds (updated 0 objects)
[2018.09.04-08.26.11:165][  3]LogSlate: Took 0.000243 seconds to synchronously load lazily loaded font '../../../Engine/Content/Slate/Fonts/Roboto-Light.ttf' (167K)
[2018.09.04-09.00.19:352][144]LogSlate: FSceneViewport::OnFocusLost() reason 2
[2018.09.04-09.00.23:706][289]LogSlate: FSceneViewport::OnFocusLost() reason 0
[2018.09.04-09.16.44:799][400]LogSlate: FSceneViewport::OnFocusLost() reason 2
[2018.09.04-09.16.46:207][483]LogEditorViewport: Clicking on Actor (LMB): StaticMeshActor (Stairs)
[2018.09.04-09.16.47:181][483]LogEditorViewport: Clicking on Actor (LMB): StaticMeshActor (Stairs)
[2018.09.04-09.16.48:090][493]LogEditorViewport: Clicking on Actor (LMB): StaticMeshActor (Stairs)
[2018.09.04-09.16.55:827][939]LogEditorViewport: Clicking on Actor (LMB): StaticMeshActor (Stairs)
[2018.09.04-09.16.56:310][965]LogEditorViewport: Clicking on Actor (LMB): StaticMeshActor (Stairs)
[2018.09.04-09.17.06:199][515]LogEditorViewport: Clicking on Actor (LMB): StaticMeshActor (Stairs (2))
[2018.09.04-09.19.00:725][105]LogEditorViewport: Clicking on Actor (LMB): StaticMeshActor (BuildingEntrance)
[2018.09.04-09.19.01:388][115]LogEditorViewport: Clicking on Actor (context menu): StaticMeshActor (BuildingEntrance)
[2018.09.04-09.19.02:039][115]LogSlate: FSceneViewport::OnFocusLost() reason 2
[2018.09.04-09.19.03:660][164]LogSlate: FSceneViewport::OnFocusLost() reason 2
[2018.09.04-09.19.06:655][265]LogEditorFactories: Performing atomic reimport of [C:/Users/mikey/Dropbox/Docs/Projects/Beyond Human/Exports/Buildings/BuildingEntrance.fbx]
[2018.09.04-09.19.07:880][265]LogFbx: Loading FBX Scene from C:/Users/mikey/Dropbox/Docs/Projects/Beyond Human/Exports/Buildings/BuildingEntrance.fbx
[2018.09.04-09.19.07:999][265]LogFbx: FBX Scene Loaded Succesfully
[2018.09.04-09.19.09:193][265]LogStaticMesh: Building static mesh BuildingEntrance...
[2018.09.04-09.19.09:876][265]LogStaticMesh: Built static mesh [0.68s] /Game/Meshes/BuildingEntrance.BuildingEntrance
[2018.09.04-09.19.10:816][265]LogEditorFactories: -- imported successfully
[2018.09.04-09.19.26:474][738]LogSlate: FSceneViewport::OnFocusLost() reason 2
[2018.09.04-09.19.38:696][259]LogSlate: FSceneViewport::OnFocusLost() reason 2
[2018.09.04-09.19.41:014][366]LogEditorViewport: Clicking on Actor (LMB): StaticMeshActor (Stairs)
[2018.09.04-09.19.50:711][937]LogSlate: FSceneViewport::OnFocusLost() reason 0
[2018.09.04-09.19.53:526][ 60]Cmd: TRANSACTION UNDO
[2018.09.04-09.19.53:530][ 60]LogEditorTransaction: Undo Create Actors
[2018.09.04-09.19.56:946][230]LogSlate: FSceneViewport::OnFocusLost() reason 0
[2018.09.04-09.19.58:384][309]Cmd: TRANSACTION UNDO
[2018.09.04-09.19.58:384][309]LogEditorTransaction: Undo Create Actors
[2018.09.04-09.19.59:382][364]LogEditorViewport: Clicking on Actor (LMB): StaticMeshActor (Stairs)
[2018.09.04-09.21.09:873][525]LogSlate: FSceneViewport::OnFocusLost() reason 2
[2018.09.04-09.21.12:322][627]LogSlate: FSceneViewport::OnFocusLost() reason 2
[2018.09.04-09.21.45:971][146]LogSavePackage: Moving '../../../../../../Users/mikey/Documents/Unreal Projects/BeyondHuman/Saved/Meshing_Auto155C8935047BD23D88AB4D7ACC2B20E73.tmp' to '../../../../../../Users/mikey/Documents/Unreal Projects/BeyondHuman/Saved/Autosaves/Game/Maps/Meshing_Auto1.umap'
[2018.09.04-09.21.46:062][146]LogFileHelpers: Editor autosave (incl. sublevels) for '/Game/Maps/Meshing' took 1.255
[2018.09.04-09.21.46:062][146]LogFileHelpers: Editor autosave (incl. sublevels) for all levels took 1.255
[2018.09.04-09.21.46:072][146]OBJ SavePackage: Generating thumbnails for [1] asset(s) in package [/Game/Meshes/BuildingEntrance] ([1] browsable assets)...
[2018.09.04-09.21.46:129][146]OBJ SavePackage:     Rendered thumbnail for [StaticMesh /Game/Meshes/BuildingEntrance.BuildingEntrance]
[2018.09.04-09.21.46:129][146]OBJ SavePackage: Finished generating thumbnails for package [/Game/Meshes/BuildingEntrance]
[2018.09.04-09.21.46:288][146]LogSavePackage: Moving '../../../../../../Users/mikey/Documents/Unreal Projects/BeyondHuman/Saved/BuildingEntrance_Auto1CA0BF51F4F38FF1D9772D6A610D63BB4.tmp' to '../../../../../../Users/mikey/Documents/Unreal Projects/BeyondHuman/Saved/Autosaves/Game/Meshes/BuildingEntrance_Auto1.uasset'
[2018.09.04-09.21.46:344][146]LogFileHelpers: Auto-saving content packages took 0.277
[2018.09.04-09.30.49:913][656]LogEditorViewport: Clicking on Actor (LMB): StaticMeshActor (WallFront)
[2018.09.04-09.30.50:384][679]LogEditorViewport: Clicking on Actor (context menu): StaticMeshActor (WallFront)
[2018.09.04-09.30.50:455][679]LogSlate: FSceneViewport::OnFocusLost() reason 2
[2018.09.04-09.30.51:204][721]LogSlate: FSceneViewport::OnFocusLost() reason 2
[2018.09.04-09.31.00:327][812]LogEditorFactories: Performing atomic reimport of [C:/Users/mikey/Dropbox/Docs/Projects/Beyond Human/Exports/Architecture/WallFront.fbx]
[2018.09.04-09.31.00:492][812]LogFbx: Loading FBX Scene from C:/Users/mikey/Dropbox/Docs/Projects/Beyond Human/Exports/Architecture/WallFront.fbx
[2018.09.04-09.31.00:505][812]LogFbx: FBX Scene Loaded Succesfully
[2018.09.04-09.31.00:600][812]LogStaticMesh: Building static mesh WallFront...
[2018.09.04-09.31.00:624][812]LogStaticMesh: Built static mesh [0.02s] /Game/Meshes/WallFront.WallFront
[2018.09.04-09.31.02:290][812]LogSlate: Window 'Reimport Material Conflicts Resolution' being destroyed
[2018.09.04-09.31.02:322][812]LogEditorFactories: -- imported successfully
[2018.09.04-09.31.05:159][958]LogSlate: FSceneViewport::OnFocusLost() reason 0
[2018.09.04-09.31.16:677][448]LogSlate: Window 'Delete Assets' being destroyed
[2018.09.04-09.31.41:170][549]LogEditorViewport: Clicking on Actor (LMB): StaticMeshActor (WallFront)
[2018.09.04-09.31.46:430][825]LogSlate: FSceneViewport::OnFocusLost() reason 0
[2018.09.04-09.31.47:534][873]LogAssetEditorManager: Opening Asset editor for StaticMesh /Game/Meshes/WallFront.WallFront
[2018.09.04-09.31.51:804][873]LogRenderer: Reallocating scene render targets to support 1432x924 Format 9 NumSamples 1 (Frame:1).
[2018.09.04-09.31.51:804][873]LogSlate: Took 0.134711 seconds to synchronously load lazily loaded font '../../../Engine/Content/Slate/Fonts/Roboto-Italic.ttf' (157K)
[2018.09.04-09.31.59:458][165]LogEditorFactories: Performing atomic reimport of [C:/Users/mikey/Dropbox/Docs/Projects/Beyond Human/Exports/Architecture/WallFront.fbx]
[2018.09.04-09.31.59:512][165]LogFbx: Loading FBX Scene from C:/Users/mikey/Dropbox/Docs/Projects/Beyond Human/Exports/Architecture/WallFront.fbx
[2018.09.04-09.31.59:522][165]LogFbx: FBX Scene Loaded Succesfully
[2018.09.04-09.31.59:568][165]LogStaticMesh: Building static mesh WallFront...
[2018.09.04-09.31.59:583][165]LogStaticMesh: Built static mesh [0.02s] /Game/Meshes/WallFront.WallFront
[2018.09.04-09.31.59:656][165]LogEditorFactories: -- imported successfully
[2018.09.04-09.32.22:734][ 50]LogSlate: FSceneViewport::OnFocusLost() reason 0
[2018.09.04-09.32.31:421][415]LogSlate: FSceneViewport::OnFocusLost() reason 0
[2018.09.04-09.32.34:936][555]LogEditorFactories: Performing atomic reimport of [C:/Users/mikey/Dropbox/Docs/Projects/Beyond Human/Exports/Architecture/WallFront.fbx]
[2018.09.04-09.32.34:989][555]LogFbx: Loading FBX Scene from C:/Users/mikey/Dropbox/Docs/Projects/Beyond Human/Exports/Architecture/WallFront.fbx
[2018.09.04-09.32.35:000][555]LogFbx: FBX Scene Loaded Succesfully
[2018.09.04-09.32.35:049][555]LogStaticMesh: Building static mesh WallFront...
[2018.09.04-09.32.35:063][555]LogStaticMesh: Built static mesh [0.01s] /Game/Meshes/WallFront.WallFront
[2018.09.04-09.32.37:478][555]LogSlate: Window 'Reimport Material Conflicts Resolution' being destroyed
[2018.09.04-09.32.37:489][555]LogEditorFactories: -- imported successfully
[2018.09.04-09.32.45:619][875]LogSlate: FSceneViewport::OnFocusLost() reason 0
[2018.09.04-09.32.50:806][ 90]LogSlate: FSceneViewport::OnFocusLost() reason 0
[2018.09.04-09.32.57:598][358]LogEditorFactories: Performing atomic reimport of [C:/Users/mikey/Dropbox/Docs/Projects/Beyond Human/Exports/Architecture/WallFront.fbx]
[2018.09.04-09.32.57:645][358]LogFbx: Loading FBX Scene from C:/Users/mikey/Dropbox/Docs/Projects/Beyond Human/Exports/Architecture/WallFront.fbx
[2018.09.04-09.32.57:654][358]LogFbx: FBX Scene Loaded Succesfully
[2018.09.04-09.32.57:731][358]LogStaticMesh: Building static mesh WallFront...
[2018.09.04-09.32.57:744][358]LogStaticMesh: Built static mesh [0.03s] /Game/Meshes/WallFront.WallFront
[2018.09.04-09.32.57:790][358]LogEditorFactories: -- imported successfully
[2018.09.04-09.33.04:432][535]LogSlate: Window 'Save Content' being destroyed
[2018.09.04-09.33.18:845][535]Cmd: OBJ SAVEPACKAGE PACKAGE="/Game/Maps/Meshing" FILE="../../../../../../Users/mikey/Documents/Unreal Projects/BeyondHuman/Content/Maps/Meshing.umap" SILENT=true AUTOSAVING=false KEEPDIRTY=false
[2018.09.04-09.33.19:549][535]LogSavePackage: Moving '../../../../../../Users/mikey/Documents/Unreal Projects/BeyondHuman/Saved/Meshing0623F6E446C241A56349FBBA2E9492D2.tmp' to '../../../../../../Users/mikey/Documents/Unreal Projects/BeyondHuman/Content/Maps/Meshing.umap'
[2018.09.04-09.33.19:613][535]LogFileHelpers: Saving map 'Meshing' took 15.104
[2018.09.04-09.33.19:626][535]Cmd: OBJ SAVEPACKAGE PACKAGE="/Game/Meshes/BuildingEntrance" FILE="../../../../../../Users/mikey/Documents/Unreal Projects/BeyondHuman/Content/Meshes/BuildingEntrance.uasset" SILENT=true
[2018.09.04-09.33.19:740][535]LogSavePackage: Moving '../../../../../../Users/mikey/Documents/Unreal Projects/BeyondHuman/Saved/BuildingEntranceD7F49B74407E85ADA50D84B221CFA3F3.tmp' to '../../../../../../Users/mikey/Documents/Unreal Projects/BeyondHuman/Content/Meshes/BuildingEntrance.uasset'
[2018.09.04-09.33.19:785][535]Cmd: OBJ SAVEPACKAGE PACKAGE="/Game/Meshes/WallFront" FILE="../../../../../../Users/mikey/Documents/Unreal Projects/BeyondHuman/Content/Meshes/WallFront.uasset" SILENT=true
[2018.09.04-09.33.19:808][535]LogSavePackage: Moving '../../../../../../Users/mikey/Documents/Unreal Projects/BeyondHuman/Saved/WallFront08DD72CB47CC20A635A9958A8CFB813D.tmp' to '../../../../../../Users/mikey/Documents/Unreal Projects/BeyondHuman/Content/Meshes/WallFront.uasset'
[2018.09.04-09.33.23:598][685]LogEditorViewport: Clicking on Actor (LMB): StaticMeshActor (WallLeft)
[2018.09.04-09.33.24:875][734]LogSlate: FSceneViewport::OnFocusLost() reason 0
[2018.09.04-09.33.31:866][953]LogSlate: FSceneViewport::OnFocusLost() reason 0
[2018.09.04-09.33.35:286][ 49]LogSlate: FSceneViewport::OnFocusLost() reason 0
[2018.09.04-09.33.40:269][243]LogEditorViewport: Clicking on Actor (LMB): StaticMeshActor (BuildingTall)
[2018.09.04-09.33.45:349][441]LogSlate: FSceneViewport::OnFocusLost() reason 0
[2018.09.04-09.33.55:011][816]LogSlate: FSceneViewport::OnFocusLost() reason 0
[2018.09.04-09.34.18:920][671]LogSlate: FSceneViewport::OnFocusLost() reason 2
[2018.09.04-09.35.54:759][253]LogSlate: FSceneViewport::OnFocusLost() reason 2
[2018.09.04-09.36.33:979][397]LogSlate: FSceneViewport::OnFocusLost() reason 2
[2018.09.04-09.37.00:561][226]LogSlate: FSceneViewport::OnFocusLost() reason 2
[2018.09.04-09.37.01:595][247]LogEditorViewport: Clicking on Actor (LMB): StaticMeshActor (WallFront)
[2018.09.04-09.37.11:105][574]LogSlate: FSceneViewport::OnFocusLost() reason 2
[2018.09.04-09.37.23:209][925]LogEditorViewport: Clicking on Actor (LMB): StaticMeshActor (WallLeft)
[2018.09.04-09.37.31:730][172]LogSlate: FSceneViewport::OnFocusLost() reason 0
[2018.09.04-09.37.32:890][174]LogSlate: Window 'Save Content' being destroyed
[2018.09.04-09.37.32:923][174]LogSlate: FSceneViewport::OnFocusLost() reason 2
[2018.09.04-09.37.33:219][174]Cmd: OBJ SAVEPACKAGE PACKAGE="/Game/Maps/Meshing" FILE="../../../../../../Users/mikey/Documents/Unreal Projects/BeyondHuman/Content/Maps/Meshing.umap" SILENT=true AUTOSAVING=false KEEPDIRTY=false
[2018.09.04-09.37.33:712][174]LogSavePackage: Moving '../../../../../../Users/mikey/Documents/Unreal Projects/BeyondHuman/Saved/Meshing7152453D4236ECA315251E989F8DABB3.tmp' to '../../../../../../Users/mikey/Documents/Unreal Projects/BeyondHuman/Content/Maps/Meshing.umap'
[2018.09.04-09.37.33:761][174]LogFileHelpers: Saving map 'Meshing' took 0.806
[2018.09.04-09.38.33:349][521]LogSlate: FSceneViewport::OnFocusLost() reason 2
[2018.09.04-09.38.37:205][630]LogSlate: Window 'WallFront' being destroyed
[2018.09.04-09.38.37:211][630]LogSlate: Window 'WallFront' being destroyed
[2018.09.04-09.57.38:750][255]LogSlate: FSceneViewport::OnFocusLost() reason 0
[2018.09.04-10.57.42:875][312]LogSlate: FSceneViewport::OnFocusLost() reason 0
[2018.09.04-10.57.43:394][315]LogSlate: Window 'BeyondHuman - Unreal Editor' being destroyed
[2018.09.04-10.57.43:419][315]LogWindowsTextInputMethodSystem: Display: IME system now deactivated.
[2018.09.04-10.57.44:966][316]Cmd: QUIT_EDITOR
[2018.09.04-10.57.46:532][316]LogExit: Preparing to exit.
[2018.09.04-10.57.49:960][316]LogExit: Editor shut down
[2018.09.04-10.57.50:003][316]LogExit: Transaction tracking system shut down
[2018.09.04-10.57.57:548][316]LogExit: Object subsystem successfully closed.
[2018.09.04-10.57.58:482][316]LogShaderCompilers: Display: Shaders left to compile 0
[2018.09.04-10.57.58:613][316]LogD3D11RHI: Shutdown
[2018.09.04-10.57.58:613][316]LogD3D11RHI: CleanupD3DDevice
[2018.09.04-10.57.58:838][316]LogD3D11RHI: ~FD3D11DynamicRHI
[2018.09.04-10.58.01:774][316]LogModuleManager: Shutting down and abandoning module StaticMeshEditor (624)
[2018.09.04-10.58.01:774][316]LogModuleManager: Shutting down and abandoning module HierarchicalLODUtilities (622)
[2018.09.04-10.58.01:798][316]LogModuleManager: Shutting down and abandoning module MeshBuilder (620)
[2018.09.04-10.58.01:799][316]LogModuleManager: Shutting down and abandoning module HierarchicalLODOutliner (618)
[2018.09.04-10.58.01:799][316]LogModuleManager: Shutting down and abandoning module SceneOutliner (616)
[2018.09.04-10.58.01:799][316]LogModuleManager: Shutting down and abandoning module AddContentDialog (614)
[2018.09.04-10.58.01:969][316]LogModuleManager: Shutting down and abandoning module WidgetCarousel (613)
[2018.09.04-10.58.01:969][316]LogModuleManager: Shutting down and abandoning module EditorWidgets (610)
[2018.09.04-10.58.01:969][316]LogModuleManager: Shutting down and abandoning module CollectionManager (608)
[2018.09.04-10.58.01:992][316]LogModuleManager: Shutting down and abandoning module StatsViewer (606)
[2018.09.04-10.58.01:993][316]LogModuleManager: Shutting down and abandoning module FoliageEdit (604)
[2018.09.04-10.58.01:993][316]LogModuleManager: Shutting down and abandoning module LandscapeEditor (602)
[2018.09.04-10.58.02:233][316]LogModuleManager: Shutting down and abandoning module MeshPaintMode (600)
[2018.09.04-10.58.02:249][316]LogModuleManager: Shutting down and abandoning module SceneDepthPickerMode (598)
[2018.09.04-10.58.02:249][316]LogModuleManager: Shutting down and abandoning module ActorPickerMode (596)
[2018.09.04-10.58.02:249][316]LogModuleManager: Shutting down and abandoning module GeometryMode (594)
[2018.09.04-10.58.02:249][316]LogModuleManager: Shutting down and abandoning module TextureAlignMode (592)
[2018.09.04-10.58.02:249][316]LogModuleManager: Shutting down and abandoning module BspMode (590)
[2018.09.04-10.58.02:249][316]LogModuleManager: Shutting down and abandoning module PIEPreviewDeviceProfileSelector (588)
[2018.09.04-10.58.02:249][316]LogModuleManager: Shutting down and abandoning module SequenceRecorderSections (586)
[2018.09.04-10.58.02:250][316]LogModuleManager: Shutting down and abandoning module AutomationWorker (584)
[2018.09.04-10.58.02:292][316]LogModuleManager: Shutting down and abandoning module AudioCaptureEditor (582)
[2018.09.04-10.58.02:322][316]LogModuleManager: Shutting down and abandoning module SequenceRecorder (581)
[2018.09.04-10.58.02:357][316]LogModuleManager: Shutting down and abandoning module MatineeToLevelSequence (578)
[2018.09.04-10.58.02:359][316]LogModuleManager: Shutting down and abandoning module LevelSequenceEditor (576)
[2018.09.04-10.58.02:479][316]LogModuleManager: Shutting down and abandoning module PlacementMode (575)
[2018.09.04-10.58.02:504][316]LogModuleManager: Shutting down and abandoning module MaterialEditor (574)
[2018.09.04-10.58.02:538][316]LogModuleManager: Shutting down and abandoning module WmfMediaFactory (570)
[2018.09.04-10.58.02:539][316]LogModuleManager: Shutting down and abandoning module WmfMediaEditor (568)
[2018.09.04-10.58.02:539][316]LogModuleManager: Shutting down and abandoning module MediaPlayerEditor (566)
[2018.09.04-10.58.02:588][316]LogModuleManager: Shutting down and abandoning module OpenExrWrapper (564)
[2018.09.04-10.58.02:588][316]LogModuleManager: Shutting down and abandoning module ImgMediaFactory (562)
[2018.09.04-10.58.02:588][316]LogModuleManager: Shutting down and abandoning module ImgMediaEditor (560)
[2018.09.04-10.58.02:589][316]LogModuleManager: Shutting down and abandoning module AvfMediaFactory (558)
[2018.09.04-10.58.02:589][316]LogModuleManager: Shutting down and abandoning module AvfMediaEditor (556)
[2018.09.04-10.58.02:589][316]LogModuleManager: Shutting down and abandoning module AndroidMediaFactory (554)
[2018.09.04-10.58.02:589][316]LogModuleManager: Shutting down and abandoning module AndroidMediaEditor (552)
[2018.09.04-10.58.02:589][316]LogModuleManager: Shutting down and abandoning module MagicLeapCameraPreviewFactory (550)
[2018.09.04-10.58.02:589][316]LogModuleManager: Shutting down and abandoning module MagicLeapMediaFactory (548)
[2018.09.04-10.58.02:616][316]LogModuleManager: Shutting down and abandoning module MagicLeapMediaEditor (546)
[2018.09.04-10.58.02:616][316]LogModuleManager: Shutting down and abandoning module CharacterAI (544)
[2018.09.04-10.58.02:616][316]LogModuleManager: Shutting down and abandoning module SmartSnapping (542)
[2018.09.04-10.58.02:616][316]LogModuleManager: Shutting down and abandoning module SessionServices (540)
[2018.09.04-10.58.02:616][316]LogModuleManager: Shutting down and abandoning module ViewportSnapping (538)
[2018.09.04-10.58.02:616][316]LogModuleManager: Shutting down and abandoning module ViewportInteraction (536)
[2018.09.04-10.58.02:616][316]LogModuleManager: Shutting down and abandoning module ClothPainter (534)
[2018.09.04-10.58.02:683][316]LogModuleManager: Shutting down and abandoning module SkeletalMeshEditor (533)
[2018.09.04-10.58.02:747][316]LogModuleManager: Shutting down and abandoning module LogVisualizer (530)
[2018.09.04-10.58.02:874][316]LogModuleManager: Shutting down and abandoning module IntroTutorials (528)
[2018.09.04-10.58.03:047][316]LogModuleManager: Shutting down and abandoning module GameProjectGeneration (527)
[2018.09.04-10.58.03:090][316]LogModuleManager: Shutting down and abandoning module LuminPlatformEditor (524)
[2018.09.04-10.58.03:090][316]LogModuleManager: Shutting down and abandoning module IOSPlatformEditor (522)
[2018.09.04-10.58.03:116][316]LogModuleManager: Shutting down and abandoning module HTML5PlatformEditor (520)
[2018.09.04-10.58.03:116][316]LogModuleManager: Shutting down and abandoning module AndroidPlatformEditor (518)
[2018.09.04-10.58.03:117][316]LogModuleManager: Shutting down and abandoning module AndroidDeviceDetection (517)
[2018.09.04-10.58.04:059][316]LogModuleManager: Shutting down and abandoning module WindowsPlatformEditor (514)
[2018.09.04-10.58.04:059][316]LogModuleManager: Shutting down and abandoning module LuminRuntimeSettings (512)
[2018.09.04-10.58.04:059][316]LogModuleManager: Shutting down and abandoning module IOSRuntimeSettings (510)
[2018.09.04-10.58.04:059][316]LogModuleManager: Shutting down and abandoning module AndroidRuntimeSettings (508)
[2018.09.04-10.58.04:059][316]LogModuleManager: Shutting down and abandoning module InputBindingEditor (506)
[2018.09.04-10.58.04:090][316]LogModuleManager: Shutting down and abandoning module MergeActors (504)
[2018.09.04-10.58.04:154][316]LogModuleManager: Shutting down and abandoning module LocalizationDashboard (502)
[2018.09.04-10.58.04:205][316]LogModuleManager: Shutting down and abandoning module LocalizationService (501)
[2018.09.04-10.58.04:216][316]LogModuleManager: Shutting down and abandoning module HardwareTargeting (498)
[2018.09.04-10.58.04:216][316]LogModuleManager: Shutting down and abandoning module DeviceProfileEditor (496)
[2018.09.04-10.58.04:253][316]LogModuleManager: Shutting down and abandoning module UndoHistory (494)
[2018.09.04-10.58.04:294][316]LogModuleManager: Shutting down and abandoning module XmlParser (492)
[2018.09.04-10.58.04:295][316]LogModuleManager: Shutting down and abandoning module Blutility (490)
[2018.09.04-10.58.04:318][316]LogModuleManager: Shutting down and abandoning module ProjectSettingsViewer (488)
[2018.09.04-10.58.04:332][316]LogModuleManager: Shutting down and abandoning module ProjectTargetPlatformEditor (487)
[2018.09.04-10.58.04:352][316]LogModuleManager: Shutting down and abandoning module EditorSettingsViewer (484)
[2018.09.04-10.58.04:366][316]LogModuleManager: Shutting down and abandoning module SettingsEditor (482)
[2018.09.04-10.58.04:392][316]LogModuleManager: Shutting down and abandoning module ProjectLauncher (480)
[2018.09.04-10.58.04:440][316]LogModuleManager: Shutting down and abandoning module SessionFrontend (478)
[2018.09.04-10.58.04:498][316]LogModuleManager: Shutting down and abandoning module ProfilerClient (476)
[2018.09.04-10.58.04:539][316]LogModuleManager: Shutting down and abandoning module DeviceManager (474)
[2018.09.04-10.58.04:557][316]LogModuleManager: Shutting down and abandoning module TargetDeviceServices (473)
[2018.09.04-10.58.04:610][316]LogModuleManager: Shutting down and abandoning module AutomationController (470)
[2018.09.04-10.58.04:809][316]LogModuleManager: Shutting down and abandoning module AutomationWindow (468)
[2018.09.04-10.58.04:869][316]LogModuleManager: Shutting down and abandoning module Layers (466)
[2018.09.04-10.58.04:976][316]LogModuleManager: Shutting down and abandoning module ComponentVisualizers (464)
[2018.09.04-10.58.04:977][316]LogModuleManager: Shutting down and abandoning module DetailCustomizations (462)
[2018.09.04-10.58.04:978][316]LogModuleManager: Shutting down and abandoning module PackagesDialog (460)
[2018.09.04-10.58.04:978][316]LogModuleManager: Shutting down and abandoning module Persona (458)
[2018.09.04-10.58.05:098][316]LogModuleManager: Shutting down and abandoning module AdvancedPreviewScene (457)
[2018.09.04-10.58.05:098][316]LogModuleManager: Shutting down and abandoning module AnimGraph (455)
[2018.09.04-10.58.05:099][316]LogModuleManager: Shutting down and abandoning module Kismet (452)
[2018.09.04-10.58.05:166][316]LogModuleManager: Shutting down and abandoning module GraphEditor (450)
[2018.09.04-10.58.05:232][316]LogModuleManager: Shutting down and abandoning module ClassViewer (448)
[2018.09.04-10.58.05:233][316]LogModuleManager: Shutting down and abandoning module Toolbox (446)
[2018.09.04-10.58.05:233][316]LogModuleManager: Shutting down and abandoning module ModuleUI (444)
[2018.09.04-10.58.05:271][316]LogModuleManager: Shutting down and abandoning module MovieSceneTools (442)
[2018.09.04-10.58.05:325][316]LogModuleManager: Shutting down and abandoning module OutputLog (440)
[2018.09.04-10.58.05:375][316]LogModuleManager: Shutting down and abandoning module GammaUI (438)
[2018.09.04-10.58.05:423][316]LogModuleManager: Shutting down and abandoning module Documentation (436)
[2018.09.04-10.58.05:423][316]LogModuleManager: Shutting down and abandoning module MovieSceneTracks (434)
[2018.09.04-10.58.05:423][316]LogModuleManager: Shutting down and abandoning module MovieScene (432)
[2018.09.04-10.58.05:424][316]LogModuleManager: Shutting down and abandoning module StreamingPauseRendering (430)
[2018.09.04-10.58.05:440][316]LogModuleManager: Shutting down and abandoning module LauncherPlatform (428)
[2018.09.04-10.58.05:440][316]LogModuleManager: Shutting down and abandoning module AnalyticsET (426)
[2018.09.04-10.58.05:440][316]LogModuleManager: Shutting down and abandoning module PortalServices (424)
[2018.09.04-10.58.05:440][316]LogModuleManager: Shutting down and abandoning module PortalRpc (422)
[2018.09.04-10.58.05:440][316]LogModuleManager: Shutting down and abandoning module MessagingRpc (420)
[2018.09.04-10.58.05:440][316]LogModuleManager: Shutting down and abandoning module AIModule (418)
[2018.09.04-10.58.05:471][316]LogModuleManager: Shutting down and abandoning module GameplayDebugger (417)
[2018.09.04-10.58.05:473][316]LogModuleManager: Shutting down and abandoning module AITestSuite (415)
[2018.09.04-10.58.05:513][316]LogModuleManager: Shutting down and abandoning module NavigationSystem (413)
[2018.09.04-10.58.05:514][316]LogModuleManager: Shutting down and abandoning module DesktopPlatform (410)
[2018.09.04-10.58.05:514][316]LogModuleManager: Shutting down and abandoning module ProfilerService (408)
[2018.09.04-10.58.05:611][316]LogModuleManager: Shutting down and abandoning module TaskGraph (406)
[2018.09.04-10.58.05:649][316]LogModuleManager: Shutting down and abandoning module SubstanceLiveLink (404)
[2018.09.04-10.58.05:681][316]LogModuleManager: Shutting down and abandoning module SubstanceSource (402)
[2018.09.04-10.58.05:738][316]LogModuleManager: Shutting down and abandoning module SubstanceEditor (400)
[2018.09.04-10.58.05:756][316]LogModuleManager: Shutting down and abandoning module SteamVRController (398)
[2018.09.04-10.58.05:756][316]LogModuleManager: Shutting down and abandoning module ProceduralMeshComponentEditor (396)
[2018.09.04-10.58.05:756][316]LogModuleManager: Shutting down and abandoning module ProceduralMeshComponent (394)
[2018.09.04-10.58.05:778][316]LogModuleManager: Shutting down and abandoning module OculusInput (392)
[2018.09.04-10.58.05:791][316]LogModuleManager: Shutting down and abandoning module MobilePatchingUtils (390)
[2018.09.04-10.58.05:791][316]LogModuleManager: Shutting down and abandoning module EditableMesh (388)
[2018.09.04-10.58.05:806][316]LogModuleManager: Shutting down and abandoning module CustomMeshComponent (386)
[2018.09.04-10.58.05:807][316]LogModuleManager: Shutting down and abandoning module CableComponent (384)
[2018.09.04-10.58.05:807][316]LogModuleManager: Shutting down and abandoning module AudioCapture (382)
[2018.09.04-10.58.05:807][316]LogModuleManager: Shutting down and abandoning module ArchVisCharacter (380)
[2018.09.04-10.58.05:807][316]LogModuleManager: Shutting down and abandoning module AndroidPermission (378)
[2018.09.04-10.58.05:807][316]LogModuleManager: Shutting down and abandoning module NUTUnrealEngine4 (376)
[2018.09.04-10.58.05:807][316]LogModuleManager: Shutting down and abandoning module NetcodeUnitTest (374)
[2018.09.04-10.58.05:861][316]LogModuleManager: Shutting down and abandoning module MediaCompositingEditor (372)
[2018.09.04-10.58.05:861][316]LogModuleManager: Shutting down and abandoning module MediaCompositing (370)
[2018.09.04-10.58.05:861][316]LogModuleManager: Shutting down and abandoning module LinearTimecode (368)
[2018.09.04-10.58.05:861][316]LogModuleManager: Shutting down and abandoning module ImgMedia (366)
[2018.09.04-10.58.05:866][316]LogModuleManager: Shutting down and abandoning module HTML5Networking (364)
[2018.09.04-10.58.05:867][316]LogModuleManager: Shutting down and abandoning module GeometryCacheTracks (362)
[2018.09.04-10.58.05:867][316]LogModuleManager: Shutting down and abandoning module GeometryCacheSequencer (360)
[2018.09.04-10.58.05:867][316]LogModuleManager: Shutting down and abandoning module BackChannel (358)
[2018.09.04-10.58.05:867][316]LogModuleManager: Shutting down and abandoning module AppleVision (356)
[2018.09.04-10.58.05:867][316]LogModuleManager: Shutting down and abandoning module AppleImageUtils (354)
[2018.09.04-10.58.05:867][316]LogModuleManager: Shutting down and abandoning module AlembicImporter (352)
[2018.09.04-10.58.05:867][316]LogModuleManager: Shutting down and abandoning module AlembicLibrary (351)
[2018.09.04-10.58.05:867][316]LogModuleManager: Shutting down and abandoning module GeometryCache (350)
[2018.09.04-10.58.05:867][316]LogModuleManager: Shutting down and abandoning module GeometryCacheEd (349)
[2018.09.04-10.58.05:867][316]LogModuleManager: Shutting down and abandoning module DatasmithContentEditor (344)
[2018.09.04-10.58.05:868][316]LogModuleManager: Shutting down and abandoning module DatasmithContent (342)
[2018.09.04-10.58.05:869][316]LogModuleManager: Shutting down and abandoning module SpeedTreeImporter (340)
[2018.09.04-10.58.05:869][316]LogModuleManager: Shutting down and abandoning module PluginBrowser (338)
[2018.09.04-10.58.05:898][316]LogModuleManager: Shutting down and abandoning module MobileLauncherProfileWizard (336)
[2018.09.04-10.58.05:931][316]LogModuleManager: Shutting down and abandoning module PolygonModeling (334)
[2018.09.04-10.58.05:931][316]LogModuleManager: Shutting down and abandoning module MeshEditor (332)
[2018.09.04-10.58.05:944][316]LogModuleManager: Shutting down and abandoning module CryptoKeysOpenSSL (330)
[2018.09.04-10.58.05:949][316]LogModuleManager: Shutting down and abandoning module CryptoKeys (328)
[2018.09.04-10.58.05:949][316]LogModuleManager: Shutting down and abandoning module VisualStudioSourceCodeAccess (326)
[2018.09.04-10.58.05:950][316]LogModuleManager: Shutting down and abandoning module VisualStudioCodeSourceCodeAccess (324)
[2018.09.04-10.58.05:950][316]LogModuleManager: Shutting down and abandoning module UObjectPlugin (322)
[2018.09.04-10.58.05:950][316]LogModuleManager: Shutting down and abandoning module SubversionSourceControl (320)
[2018.09.04-10.58.05:959][316]LogModuleManager: Shutting down and abandoning module PerforceSourceControl (318)
[2018.09.04-10.58.05:974][316]LogModuleManager: Shutting down and abandoning module GitSourceControl (316)
[2018.09.04-10.58.05:999][316]LogModuleManager: Shutting down and abandoning module SourceControl (315)
[2018.09.04-10.58.06:000][316]LogModuleManager: Shutting down and abandoning module CLionSourceCodeAccess (312)
[2018.09.04-10.58.06:007][316]LogModuleManager: Shutting down and abandoning module LightPropagationVolumeEditor (310)
[2018.09.04-10.58.06:007][316]LogModuleManager: Shutting down and abandoning module PaperTiledImporter (308)
[2018.09.04-10.58.06:007][316]LogModuleManager: Shutting down and abandoning module PaperSpriteSheetImporter (306)
[2018.09.04-10.58.06:007][316]LogModuleManager: Shutting down and abandoning module Paper2DEditor (304)
[2018.09.04-10.58.06:034][316]LogModuleManager: Shutting down and abandoning module MeshPaint (303)
[2018.09.04-10.58.06:035][316]LogModuleManager: Shutting down and abandoning module RuntimePhysXCooking (300)
[2018.09.04-10.58.06:035][316]LogModuleManager: Shutting down and abandoning module PhysXVehiclesEditor (298)
[2018.09.04-10.58.06:035][316]LogModuleManager: Shutting down and abandoning module PhysXVehicles (296)
[2018.09.04-10.58.06:035][316]LogModuleManager: Shutting down and abandoning module OculusEditor (294)
[2018.09.04-10.58.06:046][316]LogModuleManager: Shutting down and abandoning module LocationServicesBPLibrary (292)
[2018.09.04-10.58.06:046][316]LogModuleManager: Shutting down and abandoning module ImmediatePhysicsEditor (290)
[2018.09.04-10.58.06:046][316]LogModuleManager: Shutting down and abandoning module ImmediatePhysics (288)
[2018.09.04-10.58.06:061][316]LogModuleManager: Shutting down and abandoning module ActorSequence (286)
[2018.09.04-10.58.06:061][316]LogModuleManager: Shutting down and abandoning module UdpMessaging (284)
[2018.09.04-10.58.06:162][316]LogModuleManager: Shutting down and abandoning module TcpMessaging (282)
[2018.09.04-10.58.06:263][316]LogModuleManager: Shutting down and abandoning module SubstanceCore (280)
[2018.09.04-10.58.06:308][316]LogModuleManager: Shutting down and abandoning module MagicLeapAudio (278)
[2018.09.04-10.58.06:308][316]LogModuleManager: Shutting down and abandoning module GameplayTagsEditor (276)
[2018.09.04-10.58.06:347][316]LogModuleManager: Shutting down and abandoning module FacialAnimationEditor (274)
[2018.09.04-10.58.06:347][316]LogModuleManager: Shutting down and abandoning module FacialAnimation (272)
[2018.09.04-10.58.06:347][316]LogModuleManager: Shutting down and abandoning module DataValidation (270)
[2018.09.04-10.58.06:347][316]LogModuleManager: Shutting down and abandoning module AssetManagerEditor (268)
[2018.09.04-10.58.06:363][316]LogModuleManager: Shutting down and abandoning module LevelEditor (267)
[2018.09.04-10.58.06:393][316]LogModuleManager: Shutting down and abandoning module PixelInspectorModule (266)
[2018.09.04-10.58.06:419][316]LogModuleManager: Shutting down and abandoning module CommonMenuExtensions (264)
[2018.09.04-10.58.06:420][316]LogModuleManager: Shutting down and abandoning module MainFrame (262)
[2018.09.04-10.58.06:420][316]LogModuleManager: Shutting down and abandoning module HotReload (261)
[2018.09.04-10.58.06:443][316]LogModuleManager: Shutting down and abandoning module ContentBrowser (257)
[2018.09.04-10.58.06:461][316]LogModuleManager: Shutting down and abandoning module TreeMap (255)
[2018.09.04-10.58.06:482][316]LogModuleManager: Shutting down and abandoning module LightPropagationVolumeRuntime (252)
[2018.09.04-10.58.06:482][316]LogModuleManager: Shutting down and abandoning module AISupportModule (250)
[2018.09.04-10.58.06:483][316]LogModuleManager: Shutting down and abandoning module Paper2D (248)
[2018.09.04-10.58.06:494][316]LogModuleManager: Shutting down and abandoning module WindowsMoviePlayer (246)
[2018.09.04-10.58.06:495][316]LogModuleManager: Shutting down and abandoning module WmfMedia (244)
[2018.09.04-10.58.06:516][316]LogModuleManager: Shutting down and abandoning module Media (243)
[2018.09.04-10.58.06:522][316]LogModuleManager: Shutting down and abandoning module PacketHandler (240)
[2018.09.04-10.58.06:522][316]LogModuleManager: Shutting down and abandoning module ClothingSystemEditor (238)
[2018.09.04-10.58.06:522][316]LogModuleManager: Shutting down and abandoning module ClothingSystemRuntime (236)
[2018.09.04-10.58.06:543][316]LogModuleManager: Shutting down and abandoning module MediaAssets (234)
[2018.09.04-10.58.06:543][316]LogModuleManager: Shutting down and abandoning module Overlay (232)
[2018.09.04-10.58.06:543][316]LogModuleManager: Shutting down and abandoning module OverlayEditor (231)
[2018.09.04-10.58.06:543][316]LogModuleManager: Shutting down and abandoning module VREditor (228)
[2018.09.04-10.58.06:556][316]LogModuleManager: Shutting down and abandoning module StringTableEditor (226)
[2018.09.04-10.58.06:574][316]LogModuleManager: Shutting down and abandoning module GameplayTasksEditor (224)
[2018.09.04-10.58.06:574][316]LogModuleManager: Shutting down and abandoning module BehaviorTreeEditor (222)
[2018.09.04-10.58.06:708][316]LogModuleManager: Shutting down and abandoning module FunctionalTesting (220)
[2018.09.04-10.58.06:709][316]LogModuleManager: Shutting down and abandoning module CollisionAnalyzer (218)
[2018.09.04-10.58.06:757][316]LogModuleManager: Shutting down and abandoning module WorkspaceMenuStructure (217)
[2018.09.04-10.58.06:817][316]LogModuleManager: Shutting down and abandoning module UMG (214)
[2018.09.04-10.58.06:835][316]LogModuleManager: Shutting down and abandoning module UMGEditor (213)
[2018.09.04-10.58.06:867][316]LogModuleManager: Shutting down and abandoning module Sequencer (212)
[2018.09.04-10.58.06:947][316]LogModuleManager: Shutting down and abandoning module MessageLog (209)
[2018.09.04-10.58.06:947][316]LogModuleManager: Shutting down and abandoning module SlateReflector (204)
[2018.09.04-10.58.06:997][316]LogModuleManager: Shutting down and abandoning module Slate (202)
[2018.09.04-10.58.06:997][316]LogModuleManager: Shutting down and abandoning module EditorStyle (200)
[2018.09.04-10.58.07:086][316]LogModuleManager: Shutting down and abandoning module MRMesh (198)
[2018.09.04-10.58.07:086][316]LogModuleManager: Shutting down and abandoning module SourceCodeAccess (196)
[2018.09.04-10.58.07:086][316]LogModuleManager: Shutting down and abandoning module HeadMountedDisplay (194)
[2018.09.04-10.58.07:087][316]LogModuleManager: Shutting down and abandoning module XAudio2 (192)
[2018.09.04-10.58.07:087][316]LogModuleManager: Shutting down and abandoning module Networking (190)
[2018.09.04-10.58.07:087][316]LogModuleManager: Shutting down and abandoning module Core (188)
[2018.09.04-10.58.07:087][316]LogModuleManager: Shutting down and abandoning module LevelSequence (186)
[2018.09.04-10.58.07:087][316]LogModuleManager: Shutting down and abandoning module KismetCompiler (184)
[2018.09.04-10.58.07:087][316]LogModuleManager: Shutting down and abandoning module MeshUtilities (182)
[2018.09.04-10.58.07:131][316]LogModuleManager: Shutting down and abandoning module MeshMergeUtilities (181)
[2018.09.04-10.58.07:152][316]LogModuleManager: Shutting down and abandoning module MeshReductionInterface (180)
[2018.09.04-10.58.07:152][316]LogModuleManager: Shutting down and abandoning module SimplygonSwarm (179)
[2018.09.04-10.58.07:153][316]LogModuleManager: Shutting down and abandoning module ProxyLODMeshReduction (177)
[2018.09.04-10.58.07:218][316]LogModuleManager: Shutting down and abandoning module SimplygonMeshReduction (175)
[2018.09.04-10.58.07:245][316]LogModuleManager: Shutting down and abandoning module QuadricMeshReduction (173)
[2018.09.04-10.58.07:261][316]LogModuleManager: Shutting down and abandoning module MaterialBaking (169)
[2018.09.04-10.58.07:261][316]LogModuleManager: Shutting down and abandoning module DirectoryWatcher (165)
[2018.09.04-10.58.07:302][316]LogModuleManager: Shutting down and abandoning module DerivedDataCache (162)
[2018.09.04-10.58.07:387][316]LogDerivedDataCache: Shutdown
[2018.09.04-10.58.07:387][316]LogModuleManager: Shutting down and abandoning module XGEController (160)
[2018.09.04-10.58.07:388][316]LogXGEController: Cleaning working directory: C:/Users/mikey/AppData/Local/Temp/UnrealXGEWorkingDir/
[2018.09.04-10.58.07:388][316]LogModuleManager: Shutting down and abandoning module TargetPlatform (158)
[2018.09.04-10.58.07:410][316]LogModuleManager: Shutting down and abandoning module VulkanShaderFormat (157)
[2018.09.04-10.58.07:427][316]LogModuleManager: Shutting down and abandoning module ShaderFormatVectorVM (155)
[2018.09.04-10.58.07:430][316]LogModuleManager: Shutting down and abandoning module ShaderFormatOpenGL (153)
[2018.09.04-10.58.07:441][316]LogModuleManager: Shutting down and abandoning module ShaderFormatD3D (151)
[2018.09.04-10.58.07:441][316]LogModuleManager: Shutting down and abandoning module MetalShaderFormat (149)
[2018.09.04-10.58.07:453][316]LogModuleManager: Shutting down and abandoning module TextureFormatUncompressed (147)
[2018.09.04-10.58.07:454][316]LogModuleManager: Shutting down and abandoning module TextureFormatPVR (145)
[2018.09.04-10.58.07:454][316]LogModuleManager: Shutting down and abandoning module TextureFormatDXT (143)
[2018.09.04-10.58.07:470][316]LogModuleManager: Shutting down and abandoning module TextureFormatIntelISPCTexComp (141)
[2018.09.04-10.58.07:488][316]LogModuleManager: Shutting down and abandoning module TextureFormatASTC (139)
[2018.09.04-10.58.07:488][316]LogModuleManager: Shutting down and abandoning module ImageWrapper (138)
[2018.09.04-10.58.07:488][316]LogModuleManager: Shutting down and abandoning module TextureFormatAndroid (135)
[2018.09.04-10.58.07:488][316]LogModuleManager: Shutting down and abandoning module AudioFormatOpus (133)
[2018.09.04-10.58.07:488][316]LogModuleManager: Shutting down and abandoning module AudioFormatOgg (131)
[2018.09.04-10.58.07:488][316]LogModuleManager: Shutting down and abandoning module AudioFormatADPCM (129)
[2018.09.04-10.58.07:489][316]LogModuleManager: Shutting down and abandoning module LuminTargetPlatform (127)
[2018.09.04-10.58.07:489][316]LogModuleManager: Shutting down and abandoning module LinuxTargetPlatform (125)
[2018.09.04-10.58.07:506][316]LogModuleManager: Shutting down and abandoning module LinuxServerTargetPlatform (123)
[2018.09.04-10.58.07:506][316]LogModuleManager: Shutting down and abandoning module LinuxNoEditorTargetPlatform (121)
[2018.09.04-10.58.07:514][316]LogModuleManager: Shutting down and abandoning module LinuxClientTargetPlatform (119)
[2018.09.04-10.58.07:514][316]LogModuleManager: Shutting down and abandoning module TVOSTargetPlatform (117)
[2018.09.04-10.58.07:673][316]LogModuleManager: Shutting down and abandoning module Messaging (115)
[2018.09.04-10.58.07:673][316]LogModuleManager: Shutting down and abandoning module IOSTargetPlatform (113)
[2018.09.04-10.58.07:720][316]LogModuleManager: Shutting down and abandoning module HTML5TargetPlatform (111)
[2018.09.04-10.58.07:720][316]LogModuleManager: Shutting down and abandoning module AndroidTargetPlatform (109)
[2018.09.04-10.58.08:068][316]LogModuleManager: Shutting down and abandoning module WindowsTargetPlatform (107)
[2018.09.04-10.58.08:068][316]LogModuleManager: Shutting down and abandoning module WindowsServerTargetPlatform (105)
[2018.09.04-10.58.08:068][316]LogModuleManager: Shutting down and abandoning module WindowsNoEditorTargetPlatform (103)
[2018.09.04-10.58.08:068][316]LogModuleManager: Shutting down and abandoning module WindowsClientTargetPlatform (101)
[2018.09.04-10.58.08:069][316]LogModuleManager: Shutting down and abandoning module MacTargetPlatform (99)
[2018.09.04-10.58.08:069][316]LogModuleManager: Shutting down and abandoning module MacServerTargetPlatform (97)
[2018.09.04-10.58.08:070][316]LogModuleManager: Shutting down and abandoning module MacNoEditorTargetPlatform (95)
[2018.09.04-10.58.08:070][316]LogModuleManager: Shutting down and abandoning module MacClientTargetPlatform (93)
[2018.09.04-10.58.08:071][316]LogModuleManager: Shutting down and abandoning module AllDesktopTargetPlatform (91)
[2018.09.04-10.58.08:071][316]LogModuleManager: Shutting down and abandoning module InputCore (88)
[2018.09.04-10.58.08:071][316]LogModuleManager: Shutting down and abandoning module Settings (86)
[2018.09.04-10.58.08:071][316]LogModuleManager: Shutting down and abandoning module PhysXCooking (84)
[2018.09.04-10.58.08:071][316]LogModuleManager: Shutting down and abandoning module SteamVR (82)
[2018.09.04-10.58.08:071][316]LogModuleManager: Shutting down and abandoning module OculusHMD (80)
[2018.09.04-10.58.08:072][316]LogModuleManager: Shutting down and abandoning module ExampleDeviceProfileSelector (78)
[2018.09.04-10.58.08:072][316]LogModuleManager: Shutting down and abandoning module LauncherChunkInstaller (76)
[2018.09.04-10.58.08:072][316]LogModuleManager: Shutting down and abandoning module OnlineBlueprintSupport (74)
[2018.09.04-10.58.08:072][316]LogModuleManager: Shutting down and abandoning module OnlineSubsystem (70)
[2018.09.04-10.58.08:104][316]LogModuleManager: Shutting down and abandoning module XMPP (65)
[2018.09.04-10.58.08:133][316]LogModuleManager: Shutting down and abandoning module WebSockets (64)
[2018.09.04-10.58.08:179][316]LogModuleManager: Shutting down and abandoning module HTTP (61)
[2018.09.04-10.58.08:180][316]LogHttp: Display: Http module shutting down, but needs to wait on 1 outstanding Http requests:
[2018.09.04-10.58.08:180][316]LogHttp: Display: 	verb=[POST] url=[https://datarouter.ol.epicgames.com/datarouter/api/v1/public/data?SessionID=%7B444B7915-45AE-E94D-40F5-C683F62EBED7%7D&AppID=UEEditor.Rocket.Release&AppVersion=4.20.0-4212847%2B%2B%2BUE4%2BRelease-4.20&UserID=31027a594662a0b97be24a9d90c3d532%7C9aea4035aae84fc6a50e2bbd0bcac9c5%7C272cb1e4-9c96-41d3-8475-4726cc712451&AppEnvironment=datacollector-binary&UploadType=eteventstream] status=Processing
[2018.09.04-10.58.08:226][316]LogModuleManager: Shutting down and abandoning module SSL (60)
[2018.09.04-10.58.08:230][316]LogModuleManager: Shutting down and abandoning module MagicLeapEmulator (56)
[2018.09.04-10.58.08:230][316]LogModuleManager: Shutting down and abandoning module MagicLeapPrivileges (54)
[2018.09.04-10.58.08:230][316]LogModuleManager: Shutting down and abandoning module MagicLeapIdentity (52)
[2018.09.04-10.58.08:230][316]LogModuleManager: Shutting down and abandoning module MagicLeapHelperVulkan (50)
[2018.09.04-10.58.08:230][316]LogModuleManager: Shutting down and abandoning module MagicLeapHelperOpenGL (48)
[2018.09.04-10.58.08:230][316]LogModuleManager: Shutting down and abandoning module MagicLeapSecureStorage (46)
[2018.09.04-10.58.08:230][316]LogModuleManager: Shutting down and abandoning module MagicLeapGestures (44)
[2018.09.04-10.58.08:230][316]LogModuleManager: Shutting down and abandoning module MagicLeapEyeTracker (42)
[2018.09.04-10.58.08:230][316]LogModuleManager: Shutting down and abandoning module MagicLeapController (40)
[2018.09.04-10.58.08:251][316]LogSlate: Slate User Destroyed.  User Index 0, Is Virtual User: 0
[2018.09.04-10.58.08:251][316]LogModuleManager: Shutting down and abandoning module MagicLeap (38)
[2018.09.04-10.58.08:253][316]LogModuleManager: Shutting down and abandoning module AnimationModifiers (36)
[2018.09.04-10.58.08:255][316]LogModuleManager: Shutting down and abandoning module PropertyEditor (35)
[2018.09.04-10.58.08:319][316]LogModuleManager: Shutting down and abandoning module AudioEditor (32)
[2018.09.04-10.58.08:322][316]LogModuleManager: Shutting down and abandoning module TextureCompressor (30)
[2018.09.04-10.58.08:325][316]LogModuleManager: Shutting down and abandoning module ShaderCore (28)
[2018.09.04-10.58.08:325][316]LogModuleManager: Shutting down and abandoning module Landscape (26)
[2018.09.04-10.58.08:325][316]LogModuleManager: Shutting down and abandoning module SlateRHIRenderer (24)
[2018.09.04-10.58.08:349][316]LogModuleManager: Shutting down and abandoning module OpenGLDrv (22)
[2018.09.04-10.58.08:365][316]LogModuleManager: Shutting down and abandoning module D3D11RHI (20)
[2018.09.04-10.58.08:365][316]LogModuleManager: Shutting down and abandoning module AnimGraphRuntime (18)
[2018.09.04-10.58.08:376][316]LogModuleManager: Shutting down and abandoning module Renderer (16)
[2018.09.04-10.58.08:377][316]LogModuleManager: Shutting down and abandoning module Engine (14)
[2018.09.04-10.58.08:377][316]LogModuleManager: Shutting down and abandoning module CoreUObject (12)
[2018.09.04-10.58.08:377][316]LogModuleManager: Shutting down and abandoning module NetworkFile (10)
[2018.09.04-10.58.08:378][316]LogModuleManager: Shutting down and abandoning module CookedIterativeFile (8)
[2018.09.04-10.58.08:378][316]LogModuleManager: Shutting down and abandoning module StreamingFile (6)
[2018.09.04-10.58.08:378][316]LogModuleManager: Shutting down and abandoning module SandboxFile (4)
[2018.09.04-10.58.08:378][316]LogModuleManager: Shutting down and abandoning module PakFile (2)
[2018.09.04-10.58.08:409][316]LogExit: Exiting.
[2018.09.04-10.58.08:498][316]Log file closed, 09/04/18 11:58:08
