Log file open, 09/02/18 19:59:45
LogWindows: Failed to load 'aqProf.dll' (GetLastError=126)
LogWindows: File 'aqProf.dll' does not exist
LogWindows: Failed to load 'VtuneApi.dll' (GetLastError=126)
LogWindows: File 'VtuneApi.dll' does not exist
LogWindows: Failed to load 'VtuneApi32e.dll' (GetLastError=126)
LogWindows: File 'VtuneApi32e.dll' does not exist
LogInit: Display: Running engine for game: BeyondHuman
LogPlatformFile: Not using cached read wrapper
LogTaskGraph: Started task graph with 5 named threads and 23 total threads with 3 sets of task threads.
LogStats: Stats thread started at 0.385203
LogD3D11RHI: Loaded GFSDK_Aftermath_Lib.x64.dll
LogICUInternationalization: Display: ICU TimeZone Detection - Raw Offset: +0:00, Platform Override: ''
LogPluginManager: Mounting plugin Paper2D
LogPluginManager: Mounting plugin AISupport
LogPluginManager: Mounting plugin LightPropagationVolume
LogPluginManager: Mounting plugin CLionSourceCodeAccess
LogPluginManager: Mounting plugin CodeLiteSourceCodeAccess
LogPluginManager: Mounting plugin GitSourceControl
LogPluginManager: Mounting plugin KDevelopSourceCodeAccess
LogPluginManager: Mounting plugin NullSourceCodeAccess
LogPluginManager: Mounting plugin PerforceSourceControl
LogPluginManager: Mounting plugin SubversionSourceControl
LogPluginManager: Mounting plugin UObjectPlugin
LogPluginManager: Mounting plugin VisualStudioCodeSourceCodeAccess
LogPluginManager: Mounting plugin VisualStudioSourceCodeAccess
LogPluginManager: Mounting plugin XCodeSourceCodeAccess
LogPluginManager: Mounting plugin AssetManagerEditor
LogPluginManager: Mounting plugin CryptoKeys
LogPluginManager: Mounting plugin DataValidation
LogPluginManager: Mounting plugin FacialAnimation
LogPluginManager: Mounting plugin GameplayTagsEditor
LogPluginManager: Mounting plugin MacGraphicsSwitching
LogPluginManager: Mounting plugin MeshEditor
LogPluginManager: Mounting plugin MobileLauncherProfileWizard
LogPluginManager: Mounting plugin PluginBrowser
LogPluginManager: Mounting plugin SpeedTreeImporter
LogPluginManager: Mounting plugin DatasmithContent
LogPluginManager: Mounting plugin AlembicImporter
LogPluginManager: Mounting plugin AppleImageUtils
LogPluginManager: Mounting plugin AppleVision
LogPluginManager: Mounting plugin BackChannel
LogPluginManager: Mounting plugin CharacterAI
LogPluginManager: Mounting plugin GeometryCache
LogPluginManager: Mounting plugin HTML5Networking
LogPluginManager: Mounting plugin ProxyLODPlugin
LogPluginManager: Mounting plugin MagicLeap
LogPluginManager: Mounting plugin MagicLeapEmulator
LogPluginManager: Mounting plugin MagicLeapMedia
LogPluginManager: Mounting plugin Substance
LogPluginManager: Mounting plugin AndroidMedia
LogPluginManager: Mounting plugin AvfMedia
LogPluginManager: Mounting plugin ImgMedia
LogPluginManager: Mounting plugin LinearTimecode
LogPluginManager: Mounting plugin MediaCompositing
LogPluginManager: Mounting plugin MediaPlayerEditor
LogPluginManager: Mounting plugin WmfMedia
LogPluginManager: Mounting plugin TcpMessaging
LogPluginManager: Mounting plugin UdpMessaging
LogPluginManager: Mounting plugin ActorSequence
LogPluginManager: Mounting plugin LevelSequenceEditor
LogPluginManager: Mounting plugin MatineeToLevelSequence
LogPluginManager: Mounting plugin NetcodeUnitTest
LogPluginManager: Mounting plugin NUTUnrealEngine4
LogPluginManager: Mounting plugin OnlineSubsystemGooglePlay
LogPluginManager: Mounting plugin OnlineSubsystemIOS
LogPluginManager: Mounting plugin OnlineSubsystem
LogPluginManager: Mounting plugin OnlineSubsystemNull
LogPluginManager: Mounting plugin OnlineSubsystemUtils
LogPluginManager: Mounting plugin LauncherChunkInstaller
LogPluginManager: Mounting plugin AndroidDeviceProfileSelector
LogPluginManager: Mounting plugin AndroidMoviePlayer
LogPluginManager: Mounting plugin AndroidPermission
LogPluginManager: Mounting plugin AppleMoviePlayer
LogPluginManager: Mounting plugin ArchVisCharacter
LogPluginManager: Mounting plugin AudioCapture
LogPluginManager: Mounting plugin CableComponent
LogPluginManager: Mounting plugin CustomMeshComponent
LogPluginManager: Mounting plugin EditableMesh
LogPluginManager: Mounting plugin ExampleDeviceProfileSelector
LogPluginManager: Mounting plugin GoogleCloudMessaging
LogPluginManager: Mounting plugin ImmediatePhysics
LogPluginManager: Mounting plugin IOSDeviceProfileSelector
LogPluginManager: Mounting plugin LinuxDeviceProfileSelector
LogPluginManager: Mounting plugin LocationServicesBPLibrary
LogPluginManager: Mounting plugin MobilePatchingUtils
LogPluginManager: Mounting plugin OculusVR
LogPluginManager: Plugin shader directory ../../../Engine/Plugins/Runtime/Oculus/OculusVR/Shaders found
LogPluginManager: Mapping shader source directory ../../../Engine/Plugins/Runtime/Oculus/OculusVR/Shaders to virtual directory /Plugin/OculusVR
LogPluginManager: Mounting plugin PhysXVehicles
LogPluginManager: Mounting plugin ProceduralMeshComponent
LogPluginManager: Mounting plugin RuntimePhysXCooking
LogPluginManager: Mounting plugin SteamVR
LogPluginManager: Mounting plugin WindowsMoviePlayer
LogStreaming: Display: Took  0.324s to configure plugins.
LogInit: Using libcurl 7.55.1-DEV
LogInit:  - built for x86_64-pc-win32
LogInit:  - supports SSL with OpenSSL/1.0.2h
LogInit:  - supports HTTP deflate (compression) using libz 1.2.8
LogInit:  - other features:
LogInit:      CURL_VERSION_SSL
LogInit:      CURL_VERSION_LIBZ
LogInit:      CURL_VERSION_IPV6
LogInit:      CURL_VERSION_ASYNCHDNS
LogInit:      CURL_VERSION_LARGEFILE
LogInit:      CURL_VERSION_IDN
LogInit:  CurlRequestOptions (configurable via config and command line):
LogInit:  - bVerifyPeer = false  - Libcurl will NOT verify peer certificate
LogInit:  - bUseHttpProxy = false  - Libcurl will NOT use HTTP proxy
LogInit:  - bDontReuseConnections = false  - Libcurl will reuse connections
LogInit:  - CertBundlePath = nullptr  - Libcurl will use whatever was configured at build time.
LogInit:  - MaxHostConnections = 16  - Libcurl will limit the number of connections to a host
LogInit:  - LocalHostAddr = Default
LogInit:  - BufferSize = 65536
LogInit: WinSock: version 1.1 (2.2), MaxSocks=32767, MaxUdp=65467
LogInit: Build: ++UE4+Release-4.20-CL-4212847
LogInit: Engine Version: 4.20.0-4212847+++UE4+Release-4.20
LogInit: Compatible Engine Version: 4.20.0-4212847+++UE4+Release-4.20
LogInit: Net CL: 4212847
LogInit: OS: Windows 10 (), CPU:        Intel(R) Core(TM) i7-2600K CPU @ 3.40GHz, GPU: NVIDIA GeForce GTX 970
LogInit: Compiled (64-bit): Jul 14 2018 09:51:14
LogInit: Compiled with Visual C++: 19.13.26129.00
LogInit: Build Configuration: Development
LogInit: Branch Name: ++UE4+Release-4.20
LogInit: Command Line:  
LogInit: Base Directory: C:/Program Files/Epic Games/UE_4.20/Engine/Binaries/Win64/
LogInit: Installed Engine Build: 1
LogDevObjectVersion: Number of dev versions registered: 20
LogDevObjectVersion:   Dev-Blueprints (B0D832E4-1F89-4F0D-ACCF-7EB736FD4AA2): 10
LogDevObjectVersion:   Dev-Build (E1C64328-A22C-4D53-A36C-8E866417BD8C): 0
LogDevObjectVersion:   Dev-Core (375EC13C-06E4-48FB-B500-84F0262A717E): 2
LogDevObjectVersion:   Dev-Editor (E4B068ED-F494-42E9-A231-DA0B2E46BB41): 24
LogDevObjectVersion:   Dev-Framework (CFFC743F-43B0-4480-9391-14DF171D2073): 34
LogDevObjectVersion:   Dev-Mobile (B02B49B5-BB20-44E9-A304-32B752E40360): 2
LogDevObjectVersion:   Dev-Networking (A4E4105C-59A1-49B5-A7C5-40C4547EDFEE): 0
LogDevObjectVersion:   Dev-Online (39C831C9-5AE6-47DC-9A44-9C173E1C8E7C): 0
LogDevObjectVersion:   Dev-Physics (78F01B33-EBEA-4F98-B9B4-84EACCB95AA2): 0
LogDevObjectVersion:   Dev-Platform (6631380F-2D4D-43E0-8009-CF276956A95A): 0
LogDevObjectVersion:   Dev-Rendering (12F88B9F-8875-4AFC-A67C-D90C383ABD29): 26
LogDevObjectVersion:   Dev-Sequencer (7B5AE74C-D270-4C10-A958-57980B212A5A): 9
LogDevObjectVersion:   Dev-VR (D7296918-1DD6-4BDD-9DE2-64A83CC13884): 2
LogDevObjectVersion:   Dev-LoadTimes (C2A15278-BFE7-4AFE-6C17-90FF531DF755): 1
LogDevObjectVersion:   Private-Geometry (6EACA3D4-40EC-4CC1-B786-8BED09428FC5): 3
LogDevObjectVersion:   Dev-AnimPhys (29E575DD-E0A3-4627-9D10-D276232CDCEA): 17
LogDevObjectVersion:   Dev-ReflectionCapture (6B266CEC-1EC7-4B8F-A30B-E4D90942FC07): 1
LogDevObjectVersion:   Dev-Automation (0DF73D61-A23F-47EA-B727-89E90C41499A): 1
LogDevObjectVersion:   FortniteMain (601D1886-AC64-4F84-AA16-D3DE0DEAC7D6): 12
LogDevObjectVersion:   Dev-Enterprise (9DFFBCD6-494F-0158-E221-12823C92A888): 1
LogStreaming: Display: Took  0.002s to delete old logs.
LogInit: Presizing for max 8388607 objects, including 0 objects not considered by GC, pre-allocating 0 bytes for permanent pool.
LogInit: Object subsystem initialized
[2018.09.02-18.59.46:225][  0]LogInit: Selected Device Profile: [Windows]
[2018.09.02-18.59.46:226][  0]LogInit: Applying CVar settings loaded from the selected device profile: [Windows]
[2018.09.02-18.59.46:253][  0]LogHAL: Display: Platform has ~ 16 GB [17160146944 / 17179869184 / 16], which maps to Larger [LargestMinGB=32, LargerMinGB=12, DefaultMinGB=8, SmallerMinGB=6, SmallestMinGB=0)
[2018.09.02-18.59.46:255][  0]LogInit: Setting Device Profile CVar: [[r.Vulkan.UseRealUBs:1]]
[2018.09.02-18.59.46:255][  0]LogInit: Going up to parent DeviceProfile []
[2018.09.02-18.59.46:257][  0]LogInit: Computer: DESKTOP-45O6R3R
[2018.09.02-18.59.46:257][  0]LogInit: User: mikey
[2018.09.02-18.59.46:257][  0]LogInit: CPU Page size=4096, Cores=4
[2018.09.02-18.59.46:257][  0]LogInit: High frequency timer resolution =3.331181 MHz
[2018.09.02-18.59.46:258][  0]LogMemory: Memory total: Physical=16.0GB (16GB approx)
[2018.09.02-18.59.46:258][  0]LogMemory: Platform Memory Stats for Windows
[2018.09.02-18.59.46:258][  0]LogMemory: Process Physical Memory: 99.92 MB used, 99.92 MB peak
[2018.09.02-18.59.46:258][  0]LogMemory: Process Virtual Memory: 91.07 MB used, 91.07 MB peak
[2018.09.02-18.59.46:258][  0]LogMemory: Physical Memory: 10666.96 MB used,  5698.23 MB free, 16365.19 MB total
[2018.09.02-18.59.46:258][  0]LogMemory: Virtual Memory: 4640.43 MB used,  5698.23 MB free, 134217728.00 MB total
[2018.09.02-18.59.46:403][  0]LogInit: Using OS detected language (en-US).
[2018.09.02-18.59.46:403][  0]LogInit: Using OS detected locale (en-GB).
[2018.09.02-18.59.46:407][  0]LogTextLocalizationManager: No specific localization for 'en-US' exists, so the 'en' localization will be used.
[2018.09.02-18.59.46:879][  0]LogStreaming: Display: Took  0.476s to InitEngineTextLocalization.
[2018.09.02-18.59.46:880][  0]LogInit: Setting process to per monitor DPI aware
[2018.09.02-18.59.46:963][  0]LogSlate: New Slate User Created.  User Index 0, Is Virtual User: 0
[2018.09.02-18.59.46:963][  0]LogSlate: Slate User Registered.  User Index 0, Is Virtual User: 0
[2018.09.02-18.59.47:458][  0]LogHMD: Failed to initialize OpenVR with code 126
[2018.09.02-18.59.47:458][  0]LogD3D11RHI: D3D11 adapters:
[2018.09.02-18.59.47:563][  0]LogD3D11RHI:    0. 'NVIDIA GeForce GTX 970' (Feature Level 11_0)
[2018.09.02-18.59.47:563][  0]LogD3D11RHI:       4058/0/8182 MB DedicatedVideo/DedicatedSystem/SharedSystem, Outputs:3, VendorId:0x10de
[2018.09.02-18.59.47:565][  0]LogD3D11RHI:    1. 'Microsoft Basic Render Driver' (Feature Level 11_0)
[2018.09.02-18.59.47:565][  0]LogD3D11RHI:       0/0/8182 MB DedicatedVideo/DedicatedSystem/SharedSystem, Outputs:0, VendorId:0x1414
[2018.09.02-18.59.47:565][  0]LogD3D11RHI: Chosen D3D11 Adapter: 0
[2018.09.02-18.59.47:576][  0]LogD3D11RHI: Creating new Direct3DDevice
[2018.09.02-18.59.47:576][  0]LogD3D11RHI:     GPU DeviceId: 0x13c2 (for the marketing name, search the web for "GPU Device Id")
[2018.09.02-18.59.47:577][  0]LogWindows: EnumDisplayDevices:
[2018.09.02-18.59.47:577][  0]LogWindows:    0. 'NVIDIA GeForce GTX 970' (P:1 D:1)
[2018.09.02-18.59.47:577][  0]LogWindows:    1. 'NVIDIA GeForce GTX 970' (P:0 D:1)
[2018.09.02-18.59.47:577][  0]LogWindows:    2. 'NVIDIA GeForce GTX 970' (P:0 D:1)
[2018.09.02-18.59.47:578][  0]LogWindows:    3. 'NVIDIA GeForce GTX 970' (P:0 D:0)
[2018.09.02-18.59.47:578][  0]LogWindows: DebugString: FoundDriverCount:4 
[2018.09.02-18.59.47:578][  0]LogD3D11RHI:     Adapter Name: NVIDIA GeForce GTX 970
[2018.09.02-18.59.47:578][  0]LogD3D11RHI:   Driver Version: 388.13 (internal:23.21.13.8813, unified:388.13)
[2018.09.02-18.59.47:578][  0]LogD3D11RHI:      Driver Date: 10-27-2017
[2018.09.02-18.59.47:578][  0]LogRHI: Texture pool is 2840 MB (70% of 4058 MB)
[2018.09.02-18.59.47:628][  0]LogD3D11RHI: Async texture creation enabled
[2018.09.02-18.59.47:675][  0]LogD3D11RHI: GPU Timing Frequency: 1000.000000 (Debug: 2 1)
[2018.09.02-18.59.47:826][  0]LogShaderCompilers: Guid format shader working directory is 15 characters bigger than the processId version (E:/Unreal Projects/BeyondHuman/Intermediate/Shaders/WorkingDirectory/11212/).
[2018.09.02-18.59.47:827][  0]LogShaderCompilers: Cleaned the shader compiler working directory 'C:/Users/mikey/AppData/Local/Temp/UnrealShaderWorkingDir/2C343AF74C8A6EABA68148BC11E547E1/'.
[2018.09.02-18.59.48:299][  0]LogTemp: Display: Loaded TP AllDesktopTargetPlatform
[2018.09.02-18.59.48:316][  0]LogTemp: Display: Loaded TP MacClientTargetPlatform
[2018.09.02-18.59.48:333][  0]LogTemp: Display: Loaded TP MacNoEditorTargetPlatform
[2018.09.02-18.59.48:350][  0]LogTemp: Display: Loaded TP MacServerTargetPlatform
[2018.09.02-18.59.48:366][  0]LogTemp: Display: Loaded TP MacTargetPlatform
[2018.09.02-18.59.48:385][  0]LogTemp: Display: Loaded TP WindowsClientTargetPlatform
[2018.09.02-18.59.48:403][  0]LogTemp: Display: Loaded TP WindowsNoEditorTargetPlatform
[2018.09.02-18.59.48:420][  0]LogTemp: Display: Loaded TP WindowsServerTargetPlatform
[2018.09.02-18.59.48:430][  0]LogTemp: Display: Loaded TP WindowsTargetPlatform
[2018.09.02-18.59.48:522][  0]LogTemp: Display: Loaded TP AndroidTargetPlatform
[2018.09.02-18.59.48:522][  0]LogTemp: Display: Loaded TP AndroidTargetPlatform
[2018.09.02-18.59.48:522][  0]LogTemp: Display: Loaded TP AndroidTargetPlatform
[2018.09.02-18.59.48:522][  0]LogTemp: Display: Loaded TP AndroidTargetPlatform
[2018.09.02-18.59.48:522][  0]LogTemp: Display: Loaded TP AndroidTargetPlatform
[2018.09.02-18.59.48:522][  0]LogTemp: Display: Loaded TP AndroidTargetPlatform
[2018.09.02-18.59.48:522][  0]LogTemp: Display: Loaded TP AndroidTargetPlatform
[2018.09.02-18.59.48:522][  0]LogTemp: Display: Loaded TP AndroidTargetPlatform
[2018.09.02-18.59.48:523][  0]LogTemp: Display: Loaded TP AndroidTargetPlatform
[2018.09.02-18.59.48:523][  0]LogTemp: Display: Loaded TP AndroidTargetPlatform
[2018.09.02-18.59.48:523][  0]LogTemp: Display: Loaded TP AndroidTargetPlatform
[2018.09.02-18.59.48:523][  0]LogTemp: Display: Loaded TP AndroidTargetPlatform
[2018.09.02-18.59.48:523][  0]LogTemp: Display: Loaded TP AndroidTargetPlatform
[2018.09.02-18.59.48:523][  0]LogTemp: Display: Loaded TP AndroidTargetPlatform
[2018.09.02-18.59.48:523][  0]LogTemp: Display: Loaded TP AndroidTargetPlatform
[2018.09.02-18.59.48:523][  0]LogTemp: Display: Loaded TP AndroidTargetPlatform
[2018.09.02-18.59.48:523][  0]LogTemp: Display: Loaded TP AndroidTargetPlatform
[2018.09.02-18.59.48:523][  0]LogTemp: Display: Loaded TP AndroidTargetPlatform
[2018.09.02-18.59.48:527][  0]LogTemp: Display: Loaded TP HTML5TargetPlatform
[2018.09.02-18.59.48:601][  0]LogTemp: Display: Loaded TP IOSTargetPlatform
[2018.09.02-18.59.48:601][  0]LogTemp: Display: Loaded TP IOSTargetPlatform
[2018.09.02-18.59.48:630][  0]LogTemp: Display: Loaded TP TVOSTargetPlatform
[2018.09.02-18.59.48:630][  0]LogTemp: Display: Loaded TP TVOSTargetPlatform
[2018.09.02-18.59.48:647][  0]LogTemp: Display: Loaded TP LinuxClientTargetPlatform
[2018.09.02-18.59.48:664][  0]LogTemp: Display: Loaded TP LinuxNoEditorTargetPlatform
[2018.09.02-18.59.48:682][  0]LogTemp: Display: Loaded TP LinuxServerTargetPlatform
[2018.09.02-18.59.48:700][  0]LogTemp: Display: Loaded TP LinuxTargetPlatform
[2018.09.02-18.59.48:712][  0]LogTemp: Display: Loaded TP LuminTargetPlatform
[2018.09.02-18.59.48:712][  0]LogTargetPlatformManager: Display: Building Assets For Windows
[2018.09.02-18.59.48:862][  0]LogXGEController: Cleaning working directory: C:/Users/mikey/AppData/Local/Temp/UnrealXGEWorkingDir/
[2018.09.02-18.59.48:862][  0]LogXGEController: Cannot use XGE Controller as Incredibuild is not installed on this machine.
[2018.09.02-18.59.48:862][  0]LogShaderCompilers: Cannot use XGE Shader Compiler as Incredibuild is not installed on this machine.
[2018.09.02-18.59.48:862][  0]LogShaderCompilers: Display: Using Local Shader Compiler.
[2018.09.02-18.59.49:966][  0]LogDerivedDataCache: Display: Max Cache Size: 512 MB
[2018.09.02-18.59.50:288][  0]LogDerivedDataCache: Loaded boot cache 0.32s 71MB C:/Users/mikey/AppData/Local/UnrealEngine/4.20/DerivedDataCache/Boot.ddc.
[2018.09.02-18.59.50:288][  0]LogDerivedDataCache: Display: Loaded Boot cache: C:/Users/mikey/AppData/Local/UnrealEngine/4.20/DerivedDataCache/Boot.ddc
[2018.09.02-18.59.50:288][  0]LogDerivedDataCache: FDerivedDataBackendGraph:  Pak pak cache file E:/Unreal Projects/BeyondHuman/DerivedDataCache/DDC.ddp not found, will not use a pak cache.
[2018.09.02-18.59.50:288][  0]LogDerivedDataCache: Unable to find inner node Pak for hierarchical cache Hierarchy.
[2018.09.02-18.59.50:288][  0]LogDerivedDataCache: FDerivedDataBackendGraph:  CompressedPak pak cache file E:/Unreal Projects/BeyondHuman/DerivedDataCache/Compressed.ddp not found, will not use a pak cache.
[2018.09.02-18.59.50:288][  0]LogDerivedDataCache: Unable to find inner node CompressedPak for hierarchical cache Hierarchy.
[2018.09.02-18.59.50:309][  0]LogDerivedDataCache: Display: Pak cache opened for reading ../../../Engine/DerivedDataCache/Compressed.ddp.
[2018.09.02-18.59.50:323][  0]LogDerivedDataCache: Using Local data cache path C:/Users/mikey/AppData/Local/UnrealEngine/Common/DerivedDataCache: Writable
[2018.09.02-18.59.50:323][  0]LogDerivedDataCache: Shared data cache path not found in *engine.ini, will not use an Shared cache.
[2018.09.02-18.59.50:323][  0]LogDerivedDataCache: Unable to find inner node Shared for hierarchical cache Hierarchy.
[2018.09.02-18.59.50:351][  0]LogMaterial: Verifying Global Shaders for PCD3D_SM5
[2018.09.02-18.59.50:359][  0]LogSlate: Using FreeType 2.6.0
[2018.09.02-18.59.50:364][  0]LogSlate: SlateFontServices - WITH_FREETYPE: 1, WITH_HARFBUZZ: 1
[2018.09.02-18.59.50:535][  0]LogAssetRegistry: FAssetRegistry took 0.0309 seconds to start up
[2018.09.02-18.59.51:186][  0]LogInit: Selected Device Profile: [Windows]
[2018.09.02-18.59.51:489][  0]LogSimplygon: Simplygon DLL not present - disabling.
[2018.09.02-18.59.51:512][  0]LogMeshReduction: Using SimplygonSwarm for distributed automatic mesh merging
[2018.09.02-18.59.51:513][  0]LogMeshReduction: Using ProxyLODMeshReduction for automatic mesh merging
[2018.09.02-18.59.51:514][  0]LogMeshReduction: Using QuadricMeshReduction for automatic static mesh reduction
[2018.09.02-18.59.51:514][  0]LogMeshReduction: No automatic skeletal mesh reduction module available
[2018.09.02-18.59.51:575][  0]LogNetVersion: BeyondHuman 1.0.0, NetCL: 4212847, EngineNetVer: 5, GameNetVer: 0 (Checksum: 671501493)
[2018.09.02-18.59.52:553][  0]LogPackageLocalizationCache: Processed 11 localized package path(s) for 2 prioritized culture(s) in 0.105219 seconds
[2018.09.02-18.59.52:561][  0]LogUObjectArray: 38425 objects as part of root set at end of initial load.
[2018.09.02-18.59.52:561][  0]LogUObjectAllocator: 6690864 out of 0 bytes used by permanent object pool.
[2018.09.02-18.59.52:561][  0]LogUObjectArray: CloseDisregardForGC: 0/0 objects in disregard for GC pool
[2018.09.02-18.59.54:800][  0]LogSubstanceCoreModule: Substance [CPU] Engine Loaded, Max Texture Size = 2048
[2018.09.02-18.59.54:815][  0]LogTcpMessaging: Initializing TcpMessaging bridge
[2018.09.02-18.59.54:833][  0]LogUdpMessaging: Initializing bridge on interface 0.0.0.0:0 to multicast group 230.0.0.1:6666.
[2018.09.02-18.59.55:122][  0]SourceControl: Source control is disabled
[2018.09.02-18.59.55:122][  0]SourceControl: Source control is disabled
[2018.09.02-18.59.55:135][  0]SourceControl: Source control is disabled
[2018.09.02-18.59.55:141][  0]SourceControl: Source control is disabled
[2018.09.02-18.59.55:496][  0]LogAndroidPermission: UAndroidPermissionCallbackProxy::GetInstance
[2018.09.02-18.59.55:643][  0]LogOcInput: OculusInput pre-init called
[2018.09.02-18.59.55:916][  0]LogEngine: Initializing Engine...
[2018.09.02-18.59.55:945][  0]LogHMD: Failed to initialize OpenVR with code 126
[2018.09.02-18.59.55:949][  0]LogStats: UGameplayTagsManager::ConstructGameplayTagTree: ImportINI prefixes -  0.000 s
[2018.09.02-18.59.55:949][  0]LogStats: UGameplayTagsManager::ConstructGameplayTagTree: Construct from data asset -  0.000 s
[2018.09.02-18.59.55:949][  0]LogStats: UGameplayTagsManager::ConstructGameplayTagTree: ImportINI -  0.000 s
[2018.09.02-18.59.55:950][  0]LogStats: UGameplayTagsManager::ConstructGameplayTagTree: GameplayTagTreeChangedEvent.Broadcast -  0.000 s
[2018.09.02-18.59.56:271][  0]LogInit: Initializing FReadOnlyCVARCache
[2018.09.02-18.59.56:345][  0]LogAIModule: Creating AISystem for world Untitled
[2018.09.02-18.59.56:415][  0]LogInit: XAudio2 using 'Speakers (High Definition Audio Device)' : 2 channels at 44.1 kHz using 16 bits per sample (channel mask 0x3)
[2018.09.02-18.59.56:432][  0]LogInit: FAudioDevice initialized.
[2018.09.02-18.59.56:433][  0]LogNetVersion: Set ProjectVersion to 1.0.0.0. Version Checksum will be recalculated on next use.
[2018.09.02-18.59.56:515][  0]LogDerivedDataCache: Saved boot cache 0.08s 71MB C:/Users/mikey/AppData/Local/UnrealEngine/4.20/DerivedDataCache/Boot.ddc.
[2018.09.02-18.59.56:516][  0]LogInit: Texture streaming: Enabled
[2018.09.02-18.59.56:557][  0]LogEngineSessionManager: EngineSessionManager initialized
[2018.09.02-18.59.56:585][  0]LogInit: Transaction tracking system initialized
[2018.09.02-18.59.56:652][  0]BlueprintLog: New page: Editor Load
[2018.09.02-18.59.56:901][  0]LocalizationService: Localization service is disabled
[2018.09.02-18.59.57:415][  0]LogCook: Display: Max memory allowance for cook 16384mb min free memory 0mb
[2018.09.02-18.59.57:416][  0]LogFileCache: Scanning file cache for directory 'E:/Unreal Projects/BeyondHuman/Content/' took 0.01s
[2018.09.02-18.59.57:416][  0]LogCook: Display: Mobile HDR setting 1
[2018.09.02-18.59.57:417][  0]LogGameplayTags: Display: UGameplayTagsManager::DoneAddingNativeTags. DelegateIsBound: 0
[2018.09.02-18.59.57:418][  0]LogStats: UGameplayTagsManager::ConstructGameplayTagTree: ImportINI prefixes -  0.000 s
[2018.09.02-18.59.57:418][  0]LogStats: UGameplayTagsManager::ConstructGameplayTagTree: Construct from data asset -  0.000 s
[2018.09.02-18.59.57:418][  0]LogStats: UGameplayTagsManager::ConstructGameplayTagTree: ImportINI -  0.000 s
[2018.09.02-18.59.57:418][  0]LogStats: UGameplayTagsManager::ConstructGameplayTagTree: GameplayTagTreeChangedEvent.Broadcast -  0.000 s
[2018.09.02-18.59.57:801][  0]SourceControl: Source control is disabled
[2018.09.02-18.59.57:802][  0]Cmd: MAP LOAD FILE="E:/Unreal Projects/BeyondHuman/Content/Maps/Meshing.umap" TEMPLATE=0 SHOWPROGRESS=1 FEATURELEVEL=3
[2018.09.02-18.59.57:804][  0]LightingResults: New page: Lighting Build
[2018.09.02-18.59.57:818][  0]MapCheck: New page: Map Check
[2018.09.02-18.59.57:818][  0]LightingResults: New page: Lighting Build
[2018.09.02-19.00.17:453][  0]LogAIModule: Creating AISystem for world Meshing
[2018.09.02-19.00.17:637][  0]LogEditorServer: Finished looking for orphan Actors (0.000 secs)
[2018.09.02-19.00.17:692][  0]Cmd: MAP CHECKDEP NOCLEARLOG
[2018.09.02-19.00.17:911][  0]MapCheck: Map check complete: 0 Error(s), 0 Warning(s), took 220.002ms to complete.
[2018.09.02-19.00.17:912][  0]LogFileHelpers: Loading map 'Meshing' took 20.111
[2018.09.02-19.00.18:212][  0]LogSlate: Updating window title bar state: overlay mode, drag disabled, window buttons hidden, title bar hidden
[2018.09.02-19.00.18:225][  0]LogSlate: Updating window title bar state: overlay mode, drag disabled, window buttons hidden, title bar hidden
[2018.09.02-19.00.18:235][  0]LogSlate: Updating window title bar state: overlay mode, drag disabled, window buttons hidden, title bar hidden
[2018.09.02-19.00.18:246][  0]LogSlate: Updating window title bar state: overlay mode, drag disabled, window buttons hidden, title bar hidden
[2018.09.02-19.00.18:268][  0]LogCollectionManager: Loaded 0 collections in 0.002299 seconds
[2018.09.02-19.00.18:350][  0]LogFileCache: Scanning file cache for directory 'E:/Unreal Projects/BeyondHuman/Saved/Collections/' took 0.01s
[2018.09.02-19.00.18:351][  0]LogFileCache: Scanning file cache for directory 'E:/Unreal Projects/BeyondHuman/Content/Developers/mikey/Collections/' took 0.01s
[2018.09.02-19.00.18:351][  0]LogFileCache: Scanning file cache for directory 'E:/Unreal Projects/BeyondHuman/Content/Collections/' took 0.01s
[2018.09.02-19.00.18:351][  0]LogCollectionManager: Rebuilt the GUID cache for 0 collections in 0.000001 seconds
[2018.09.02-19.00.18:372][  0]LogContentBrowser: Native class hierarchy populated in 0.0192 seconds. Added 2586 classes and 609 folders.
[2018.09.02-19.00.18:399][  0]LogContentBrowser: Native class hierarchy updated for 'WidgetCarousel' in 0.0007 seconds. Added 0 classes and 0 folders.
[2018.09.02-19.00.18:687][  0]LogContentBrowser: Native class hierarchy updated for 'AddContentDialog' in 0.0003 seconds. Added 0 classes and 0 folders.
[2018.09.02-19.00.18:701][  0]LogContentBrowser: Native class hierarchy updated for 'SceneOutliner' in 0.0004 seconds. Added 1 classes and 2 folders.
[2018.09.02-19.00.18:822][  0]LogSlate: Took 0.001526 seconds to synchronously load lazily loaded font '../../../Engine/Content/Slate/Fonts/Roboto-Regular.ttf' (155K)
[2018.09.02-19.00.18:829][  0]LogSlate: Took 0.001788 seconds to synchronously load lazily loaded font '../../../Engine/Content/Slate/Fonts/Roboto-Bold.ttf' (160K)
[2018.09.02-19.00.18:839][  0]LogSlate: Took 0.001671 seconds to synchronously load lazily loaded font '../../../Engine/Content/Editor/Slate/Fonts/FontAwesome.ttf' (139K)
[2018.09.02-19.00.19:001][  0]LogRenderer: Reallocating scene render targets to support 1236x436 Format 10 NumSamples 1 (Frame:1).
[2018.09.02-19.00.19:488][  0]LogContentBrowser: Native class hierarchy updated for 'HierarchicalLODOutliner' in 0.0003 seconds. Added 0 classes and 0 folders.
[2018.09.02-19.00.19:488][  0]LogLoad: (Engine Initialization) Total time: 37.85 seconds
[2018.09.02-19.00.19:488][  0]LogLoad: (Engine Initialization) Total Blueprint compile time: 0.00 seconds
[2018.09.02-19.00.19:552][  0]LogContentStreaming: Texture pool size now 3000 MB
[2018.09.02-19.00.19:639][  0]LogRenderer: Reallocating scene render targets to support 1236x456 Format 10 NumSamples 1 (Frame:2).
[2018.09.02-19.00.19:639][  0]LogSlate: Took 0.001747 seconds to synchronously load lazily loaded font '../../../Engine/Content/Slate/Fonts/Roboto-Light.ttf' (167K)
[2018.09.02-19.00.19:702][  1]LogSubstanceLiveLink: Warning: Unable to send data along socket, closing connection
[2018.09.02-19.00.19:784][  2]LogAssetRegistry: Asset discovery search completed in 29.2736 seconds
[2018.09.02-19.00.19:790][  2]LogCollectionManager: Rebuilt the object cache for 0 collections in 0.000001 seconds (found 0 objects)
[2018.09.02-19.00.19:790][  2]LogCollectionManager: Fixed up redirectors for 0 collections in 0.000104 seconds (updated 0 objects)
[2018.09.02-19.00.27:633][ 25]LogSlate: FSceneViewport::OnFocusLost() reason 0
[2018.09.02-19.00.44:124][813]LogSlate: FSceneViewport::OnFocusLost() reason 0
[2018.09.02-19.00.51:500][458]LogEditorFactories: Performing atomic reimport of [E:/Dropbox (Personal)/Docs/Projects/Beyond Human/SourceImages/Buildings/BuildingTall_M_Upper_BaseColor.png]
[2018.09.02-19.00.51:513][458]LogFactory: FactoryCreateFile: Texture2D with ReimportTextureFactory (0 0 E:/Dropbox (Personal)/Docs/Projects/Beyond Human/SourceImages/Buildings/BuildingTall_M_Upper_BaseColor.png)
[2018.09.02-19.00.51:660][458]LogTexture: Display: Building textures: BuildingTall_M_Upper_BaseColor (AutoDXT, 2048X2048)
[2018.09.02-19.00.52:836][458]LogEditorFactories: -- imported successfully
[2018.09.02-19.00.52:883][458]LogEditorFactories: Performing atomic reimport of [E:/Dropbox (Personal)/Docs/Projects/Beyond Human/SourceImages/Buildings/BuildingTall_M_Upper_Metallic.png]
[2018.09.02-19.00.52:887][458]LogFactory: FactoryCreateFile: Texture2D with ReimportTextureFactory (0 0 E:/Dropbox (Personal)/Docs/Projects/Beyond Human/SourceImages/Buildings/BuildingTall_M_Upper_Metallic.png)
[2018.09.02-19.00.52:925][458]LogTexture: Display: Building textures: BuildingTall_M_Upper_Metallic (AutoDXT, 2048X2048)
[2018.09.02-19.00.53:437][458]LogEditorFactories: -- imported successfully
[2018.09.02-19.00.53:475][458]LogEditorFactories: Performing atomic reimport of [E:/Dropbox (Personal)/Docs/Projects/Beyond Human/SourceImages/Buildings/BuildingTall_M_Upper_Normal.png]
[2018.09.02-19.00.53:491][458]LogFactory: FactoryCreateFile: Texture2D with ReimportTextureFactory (0 0 E:/Dropbox (Personal)/Docs/Projects/Beyond Human/SourceImages/Buildings/BuildingTall_M_Upper_Normal.png)
[2018.09.02-19.00.53:685][458]LogTexture: Display: Building textures: BuildingTall_M_Upper_Normal (BC5, 2048X2048)
[2018.09.02-19.00.53:954][458]LogEditorFactories: -- imported successfully
[2018.09.02-19.00.54:001][458]LogEditorFactories: Performing atomic reimport of [E:/Dropbox (Personal)/Docs/Projects/Beyond Human/SourceImages/Buildings/BuildingTall_M_Upper_Roughness.png]
[2018.09.02-19.00.54:007][458]LogFactory: FactoryCreateFile: Texture2D with ReimportTextureFactory (0 0 E:/Dropbox (Personal)/Docs/Projects/Beyond Human/SourceImages/Buildings/BuildingTall_M_Upper_Roughness.png)
[2018.09.02-19.00.54:065][458]LogTexture: Display: Building textures: BuildingTall_M_Upper_Roughness (AutoDXT, 2048X2048)
[2018.09.02-19.00.55:149][458]LogEditorFactories: -- imported successfully
[2018.09.02-19.00.55:202][458]LogSlate: Took 0.000365 seconds to synchronously load lazily loaded font '../../../Engine/Content/Slate/Fonts/Roboto-Light.ttf' (167K)
[2018.09.02-19.01.57:189][834]LogEditorFactories: Performing atomic reimport of [E:/Dropbox (Personal)/Docs/Projects/Beyond Human/SourceImages/Buildings/BuildingTall_M_Upper_BaseColor.png]
[2018.09.02-19.01.57:201][834]LogFactory: FactoryCreateFile: Texture2D with ReimportTextureFactory (0 0 E:/Dropbox (Personal)/Docs/Projects/Beyond Human/SourceImages/Buildings/BuildingTall_M_Upper_BaseColor.png)
[2018.09.02-19.01.57:341][834]LogTexture: Display: Building textures: BuildingTall_M_Upper_BaseColor (AutoDXT, 2048X2048)
[2018.09.02-19.01.58:494][834]LogEditorFactories: -- imported successfully
[2018.09.02-19.01.58:537][834]LogEditorFactories: Performing atomic reimport of [E:/Dropbox (Personal)/Docs/Projects/Beyond Human/SourceImages/Buildings/BuildingTall_M_Upper_Metallic.png]
[2018.09.02-19.01.58:541][834]LogFactory: FactoryCreateFile: Texture2D with ReimportTextureFactory (0 0 E:/Dropbox (Personal)/Docs/Projects/Beyond Human/SourceImages/Buildings/BuildingTall_M_Upper_Metallic.png)
[2018.09.02-19.01.58:586][834]LogTexture: Display: Building textures: BuildingTall_M_Upper_Metallic (AutoDXT, 2048X2048)
[2018.09.02-19.01.59:082][834]LogEditorFactories: -- imported successfully
[2018.09.02-19.01.59:118][834]LogEditorFactories: Performing atomic reimport of [E:/Dropbox (Personal)/Docs/Projects/Beyond Human/SourceImages/Buildings/BuildingTall_M_Upper_Normal.png]
[2018.09.02-19.01.59:133][834]LogFactory: FactoryCreateFile: Texture2D with ReimportTextureFactory (0 0 E:/Dropbox (Personal)/Docs/Projects/Beyond Human/SourceImages/Buildings/BuildingTall_M_Upper_Normal.png)
[2018.09.02-19.01.59:308][834]LogTexture: Display: Building textures: BuildingTall_M_Upper_Normal (BC5, 2048X2048)
[2018.09.02-19.01.59:593][834]LogEditorFactories: -- imported successfully
[2018.09.02-19.01.59:640][834]LogEditorFactories: Performing atomic reimport of [E:/Dropbox (Personal)/Docs/Projects/Beyond Human/SourceImages/Buildings/BuildingTall_M_Upper_Roughness.png]
[2018.09.02-19.01.59:646][834]LogFactory: FactoryCreateFile: Texture2D with ReimportTextureFactory (0 0 E:/Dropbox (Personal)/Docs/Projects/Beyond Human/SourceImages/Buildings/BuildingTall_M_Upper_Roughness.png)
[2018.09.02-19.01.59:706][834]LogTexture: Display: Building textures: BuildingTall_M_Upper_Roughness (AutoDXT, 2048X2048)
[2018.09.02-19.02.00:763][834]LogEditorFactories: -- imported successfully
[2018.09.02-19.02.13:400][292]LogFactory: FactoryCreateFile: Texture with ReimportTextureFactory (0 0 E:\Dropbox (Personal)\Docs\Projects\Beyond Human\SourceImages\Buildings\BuildingTall_M_Lower_Roughness.png)
[2018.09.02-19.02.13:460][292]LogTexture: Display: Building textures: BuildingTall_M_Lower_Roughness (AutoDXT, 2048X2048)
[2018.09.02-19.02.14:631][292]LogFactory: FactoryCreateFile: Texture with ReimportTextureFactory (0 0 E:\Dropbox (Personal)\Docs\Projects\Beyond Human\SourceImages\Buildings\BuildingTall_M_Lower_BaseColor.png)
[2018.09.02-19.02.14:767][292]LogTexture: Display: Building textures: BuildingTall_M_Lower_BaseColor (AutoDXT, 2048X2048)
[2018.09.02-19.02.16:198][292]LogFactory: FactoryCreateFile: Texture with ReimportTextureFactory (0 0 E:\Dropbox (Personal)\Docs\Projects\Beyond Human\SourceImages\Buildings\BuildingTall_M_Lower_Metallic.png)
[2018.09.02-19.02.16:240][292]LogTexture: Display: Building textures: BuildingTall_M_Lower_Metallic (AutoDXT, 2048X2048)
[2018.09.02-19.02.16:669][292]LogFactory: FactoryCreateFile: Texture with ReimportTextureFactory (0 0 E:\Dropbox (Personal)\Docs\Projects\Beyond Human\SourceImages\Buildings\BuildingTall_M_Lower_Normal.png)
[2018.09.02-19.02.16:863][292]LogTexture: Display: Building textures: BuildingTall_M_Lower_Normal (BC5, 2048X2048)
[2018.09.02-19.02.33:222][474]LogSlate: Window 'Save Content' being destroyed
[2018.09.02-19.02.33:281][474]Cmd: OBJ SAVEPACKAGE PACKAGE="/Game/Textures/Buildings/BuildingTall_M_Lower_BaseColor" FILE="E:/Unreal Projects/BeyondHuman/Content/Textures/Buildings/BuildingTall_M_Lower_BaseColor.uasset" SILENT=true
[2018.09.02-19.02.33:888][474]LogSavePackage: Moving 'E:/Unreal Projects/BeyondHuman/Saved/BuildingTall_M_Lower_BaseColor0833FFC14A0BE7D3068ACDB1AA53D673.tmp' to 'E:/Unreal Projects/BeyondHuman/Content/Textures/Buildings/BuildingTall_M_Lower_BaseColor.uasset'
[2018.09.02-19.02.33:905][474]Cmd: OBJ SAVEPACKAGE PACKAGE="/Game/Textures/Buildings/BuildingTall_M_Lower_Metallic" FILE="E:/Unreal Projects/BeyondHuman/Content/Textures/Buildings/BuildingTall_M_Lower_Metallic.uasset" SILENT=true
[2018.09.02-19.02.34:028][474]LogSavePackage: Moving 'E:/Unreal Projects/BeyondHuman/Saved/BuildingTall_M_Lower_Metallic09C88FB9490D6190CA8D0F89E14B234F.tmp' to 'E:/Unreal Projects/BeyondHuman/Content/Textures/Buildings/BuildingTall_M_Lower_Metallic.uasset'
[2018.09.02-19.02.34:044][474]Cmd: OBJ SAVEPACKAGE PACKAGE="/Game/Textures/Buildings/BuildingTall_M_Lower_Normal" FILE="E:/Unreal Projects/BeyondHuman/Content/Textures/Buildings/BuildingTall_M_Lower_Normal.uasset" SILENT=true
[2018.09.02-19.02.34:721][474]LogSavePackage: Moving 'E:/Unreal Projects/BeyondHuman/Saved/BuildingTall_M_Lower_NormalA922EAAD44ADCC3ACA067BBECDF8EBC4.tmp' to 'E:/Unreal Projects/BeyondHuman/Content/Textures/Buildings/BuildingTall_M_Lower_Normal.uasset'
[2018.09.02-19.02.34:738][474]Cmd: OBJ SAVEPACKAGE PACKAGE="/Game/Textures/Buildings/BuildingTall_M_Lower_Roughness" FILE="E:/Unreal Projects/BeyondHuman/Content/Textures/Buildings/BuildingTall_M_Lower_Roughness.uasset" SILENT=true
[2018.09.02-19.02.34:957][474]LogSavePackage: Moving 'E:/Unreal Projects/BeyondHuman/Saved/BuildingTall_M_Lower_Roughness4CB3317642590B8481A45C8E9BD967B9.tmp' to 'E:/Unreal Projects/BeyondHuman/Content/Textures/Buildings/BuildingTall_M_Lower_Roughness.uasset'
[2018.09.02-19.02.34:990][474]Cmd: OBJ SAVEPACKAGE PACKAGE="/Game/Textures/Buildings/BuildingTall_M_Upper_BaseColor" FILE="E:/Unreal Projects/BeyondHuman/Content/Textures/Buildings/BuildingTall_M_Upper_BaseColor.uasset" SILENT=true
[2018.09.02-19.02.35:721][474]LogSavePackage: Moving 'E:/Unreal Projects/BeyondHuman/Saved/BuildingTall_M_Upper_BaseColorCAC02F704ED49CFA82860AACAC5E0F13.tmp' to 'E:/Unreal Projects/BeyondHuman/Content/Textures/Buildings/BuildingTall_M_Upper_BaseColor.uasset'
[2018.09.02-19.02.35:734][474]Cmd: OBJ SAVEPACKAGE PACKAGE="/Game/Textures/Buildings/BuildingTall_M_Upper_Metallic" FILE="E:/Unreal Projects/BeyondHuman/Content/Textures/Buildings/BuildingTall_M_Upper_Metallic.uasset" SILENT=true
[2018.09.02-19.02.35:864][474]LogSavePackage: Moving 'E:/Unreal Projects/BeyondHuman/Saved/BuildingTall_M_Upper_Metallic3749355B4D883BDB5723838A428B169A.tmp' to 'E:/Unreal Projects/BeyondHuman/Content/Textures/Buildings/BuildingTall_M_Upper_Metallic.uasset'
[2018.09.02-19.02.35:878][474]Cmd: OBJ SAVEPACKAGE PACKAGE="/Game/Textures/Buildings/BuildingTall_M_Upper_Normal" FILE="E:/Unreal Projects/BeyondHuman/Content/Textures/Buildings/BuildingTall_M_Upper_Normal.uasset" SILENT=true
[2018.09.02-19.02.36:616][474]LogSavePackage: Moving 'E:/Unreal Projects/BeyondHuman/Saved/BuildingTall_M_Upper_Normal23A59D5348030033A0FC5DA06E1AD5AB.tmp' to 'E:/Unreal Projects/BeyondHuman/Content/Textures/Buildings/BuildingTall_M_Upper_Normal.uasset'
[2018.09.02-19.02.36:630][474]Cmd: OBJ SAVEPACKAGE PACKAGE="/Game/Textures/Buildings/BuildingTall_M_Upper_Roughness" FILE="E:/Unreal Projects/BeyondHuman/Content/Textures/Buildings/BuildingTall_M_Upper_Roughness.uasset" SILENT=true
[2018.09.02-19.02.36:848][474]LogSavePackage: Moving 'E:/Unreal Projects/BeyondHuman/Saved/BuildingTall_M_Upper_Roughness25FE01C149C8AA92B0DC4CB3EBB97020.tmp' to 'E:/Unreal Projects/BeyondHuman/Content/Textures/Buildings/BuildingTall_M_Upper_Roughness.uasset'
[2018.09.02-19.03.10:509][ 40]LogRenderer: Reallocating scene render targets to support 1236x480 Format 10 NumSamples 1 (Frame:2808).
[2018.09.02-19.03.11:009][ 41]LogRenderer: Reallocating scene render targets to support 1236x504 Format 10 NumSamples 1 (Frame:2810).
[2018.09.02-19.03.11:060][ 42]LogRenderer: Reallocating scene render targets to support 1236x524 Format 10 NumSamples 1 (Frame:2811).
[2018.09.02-19.03.20:207][343]LogSlate: FSceneViewport::OnFocusLost() reason 0
[2018.09.02-19.03.25:396][475]LogAssetEditorManager: Opening Asset editor for MaterialInstanceConstant /Game/Materials/Mi_BuildingTallLower.Mi_BuildingTallLower
[2018.09.02-19.03.25:995][475]LogRenderer: Reallocating scene render targets to support 1336x924 Format 10 NumSamples 1 (Frame:1).
[2018.09.02-19.03.39:038][546]LogEditorViewport: Clicking on Actor (LMB): StaticMeshActor (BuildingTall)
[2018.09.02-19.03.39:739][568]LogEditorViewport: Clicking on Actor (context menu): StaticMeshActor (BuildingTall)
[2018.09.02-19.03.39:812][568]LogSlate: FSceneViewport::OnFocusLost() reason 2
[2018.09.02-19.03.40:496][614]LogSlate: FSceneViewport::OnFocusLost() reason 2
[2018.09.02-19.03.42:553][695]LogEditorFactories: Performing atomic reimport of [E:/Dropbox (Personal)/Docs/Projects/Beyond Human/Exports/Buildings/BuildingTall.fbx]
[2018.09.02-19.03.42:798][695]LogFbx: Loading FBX Scene from E:/Dropbox (Personal)/Docs/Projects/Beyond Human/Exports/Buildings/BuildingTall.fbx
[2018.09.02-19.03.42:859][695]LogFbx: FBX Scene Loaded Succesfully
[2018.09.02-19.03.44:097][695]LogStaticMesh: Building static mesh BuildingTall...
[2018.09.02-19.03.45:369][695]LogStaticMesh: Built static mesh [1.27s] /Game/Meshes/BuildingTall.BuildingTall
[2018.09.02-19.03.45:780][695]LogEditorFactories: -- imported successfully
[2018.09.02-19.04.07:268][612]LogMaterial: Display: Missing cached shader map for material MA_Standard, compiling. 
[2018.09.02-19.04.07:369][612]LogShaderCompilers: Display: Shaders left to compile 22
[2018.09.02-19.04.07:369][612]LogShaderCompilers: Display: Shaders left to compile 12
[2018.09.02-19.04.07:369][612]LogShaderCompilers: Display: Shaders left to compile 2
[2018.09.02-19.04.16:120][ 29]LogMaterial: Display: Missing cached shader map for material MA_Standard, compiling. 
[2018.09.02-19.04.16:167][ 29]LogShaderCompilers: Display: Shaders left to compile 22
[2018.09.02-19.04.16:167][ 29]LogShaderCompilers: Display: Shaders left to compile 12
[2018.09.02-19.04.16:167][ 29]LogShaderCompilers: Display: Shaders left to compile 2
[2018.09.02-19.04.24:559][400]LogMaterial: Display: Missing cached shader map for material MA_Standard, compiling. 
[2018.09.02-19.04.24:605][400]LogShaderCompilers: Display: Shaders left to compile 22
[2018.09.02-19.04.24:605][400]LogShaderCompilers: Display: Shaders left to compile 12
[2018.09.02-19.04.24:605][400]LogShaderCompilers: Display: Shaders left to compile 2
[2018.09.02-19.04.37:151][948]LogSlate: FSceneViewport::OnFocusLost() reason 0
[2018.09.02-19.04.42:516][100]Cmd: TRANSACTION UNDO
[2018.09.02-19.04.42:516][100]LogEditorTransaction: Undo Edit MetallicRoughnessIntensity
[2018.09.02-19.04.50:580][474]Cmd: OBJ SAVEPACKAGE PACKAGE="/Game/Materials/Mi_BuildingTallLower" FILE="E:/Unreal Projects/BeyondHuman/Content/Materials/Mi_BuildingTallLower.uasset" SILENT=true
[2018.09.02-19.04.50:648][474]LogMaterial: Display: Missing cached shader map for material FDebugViewModeMaterialProxy Mi_BuildingTallLower, compiling. 
[2018.09.02-19.04.51:205][474]LogShaderCompilers: Display: Shaders left to compile 1
[2018.09.02-19.04.51:207][474]TextureStreamingBuild: Display: Compiling optional shaders took 0.567 seconds.
[2018.09.02-19.04.51:250][474]LogSavePackage: Moving 'E:/Unreal Projects/BeyondHuman/Saved/Mi_BuildingTallLowerE3FD13F4425E3AF0F987C591C55717D5.tmp' to 'E:/Unreal Projects/BeyondHuman/Content/Materials/Mi_BuildingTallLower.uasset'
[2018.09.02-19.04.52:458][527]LogEditorViewport: Clicking on Actor (context menu): StaticMeshActor (BuildingAngled)
[2018.09.02-19.04.52:556][527]LogSlate: FSceneViewport::OnFocusLost() reason 2
[2018.09.02-19.04.53:891][581]LogEditorViewport: Clicking on Actor (context menu): StaticMeshActor (BuildingAngled)
[2018.09.02-19.04.53:953][581]LogSlate: FSceneViewport::OnFocusLost() reason 2
[2018.09.02-19.05.08:327][125]LogSlate: FSceneViewport::OnFocusLost() reason 0
[2018.09.02-19.05.19:112][589]LogSlate: FSceneViewport::OnFocusLost() reason 0
[2018.09.02-19.05.19:238][593]Cmd: OBJ SAVEPACKAGE PACKAGE="/Game/Materials/Mi_BuildingTallLower" FILE="E:/Unreal Projects/BeyondHuman/Content/Materials/Mi_BuildingTallLower.uasset" SILENT=true
[2018.09.02-19.05.19:265][593]LogMaterial: Display: Missing cached shader map for material FDebugViewModeMaterialProxy Mi_BuildingTallLower, compiling. 
[2018.09.02-19.05.19:842][593]LogShaderCompilers: Display: Shaders left to compile 1
[2018.09.02-19.05.19:843][593]TextureStreamingBuild: Display: Compiling optional shaders took 0.582 seconds.
[2018.09.02-19.05.19:888][593]LogSavePackage: Moving 'E:/Unreal Projects/BeyondHuman/Saved/Mi_BuildingTallLower10ED105448FA5765FAE2629F0599C672.tmp' to 'E:/Unreal Projects/BeyondHuman/Content/Materials/Mi_BuildingTallLower.uasset'
[2018.09.02-19.05.20:626][625]LogSlate: Took 0.001679 seconds to synchronously load lazily loaded font '../../../Engine/Content/Slate/Fonts/Roboto-Italic.ttf' (157K)
[2018.09.02-19.05.41:253][393]LogEditorViewport: Clicking on Actor (LMB): StaticMeshActor (BuildingAngled)
[2018.09.02-19.05.42:365][438]LogEditorViewport: Clicking on Actor (LMB): BP_SearchLight_C (BP_SearchLight8)
[2018.09.02-19.05.45:135][536]LogEditorViewport: Clicking on Actor (LMB): StaticMeshActor (Stairs)
[2018.09.02-19.06.08:899][470]LogSlate: FSceneViewport::OnFocusLost() reason 0
[2018.09.02-19.06.09:888][472]LogSlate: Window 'Save Content' being destroyed
[2018.09.02-19.06.09:920][472]LogSlate: FSceneViewport::OnFocusLost() reason 2
[2018.09.02-19.06.10:134][472]Cmd: OBJ SAVEPACKAGE PACKAGE="/Game/Maps/Meshing" FILE="E:/Unreal Projects/BeyondHuman/Content/Maps/Meshing.umap" SILENT=true AUTOSAVING=false KEEPDIRTY=false
[2018.09.02-19.06.10:598][472]LogSavePackage: Moving 'E:/Unreal Projects/BeyondHuman/Saved/MeshingA59832364E873505AFB3E6BCFB803513.tmp' to 'E:/Unreal Projects/BeyondHuman/Content/Maps/Meshing.umap'
[2018.09.02-19.06.10:636][472]LogFileHelpers: Saving map 'Meshing' took 0.703
[2018.09.02-19.06.10:655][472]Cmd: OBJ SAVEPACKAGE PACKAGE="/Game/Meshes/BuildingTall" FILE="E:/Unreal Projects/BeyondHuman/Content/Meshes/BuildingTall.uasset" SILENT=true
[2018.09.02-19.06.10:688][472]LogSavePackage: Moving 'E:/Unreal Projects/BeyondHuman/Saved/BuildingTall5F89026D47614835A190AC819E2586BA.tmp' to 'E:/Unreal Projects/BeyondHuman/Content/Meshes/BuildingTall.uasset'
[2018.09.02-19.06.26:905][136]LogEditorViewport: Clicking on Actor (LMB): StaticMeshActor (GirderTRI)
[2018.09.02-19.07.06:794][940]LogSlate: FSceneViewport::OnFocusLost() reason 0
[2018.09.02-19.07.08:155][973]LogAssetEditorManager: Opening Asset editor for Blueprint /Game/Blueprints/BP_SearchLight.BP_SearchLight
[2018.09.02-19.07.08:838][973]LogContentBrowser: Native class hierarchy updated for 'BlueprintGraph' in 0.0008 seconds. Added 116 classes and 0 folders.
[2018.09.02-19.07.09:974][973]LogSlate: Took 0.001732 seconds to synchronously load lazily loaded font '../../../Engine/Content/Slate/Fonts/Roboto-BoldCondensed.ttf' (158K)
[2018.09.02-19.07.16:099][199]LogSlate: FSceneViewport::OnFocusLost() reason 0
[2018.09.02-19.07.26:729][780]LogSlate: FSceneViewport::OnFocusLost() reason 2
[2018.09.02-19.07.35:596][ 52]LogSlate: FSceneViewport::OnFocusLost() reason 0
[2018.09.02-19.07.58:706][899]LogSlate: FSceneViewport::OnFocusLost() reason 0
[2018.09.02-19.08.11:018][364]LogSlate: FSceneViewport::OnFocusLost() reason 0
[2018.09.02-19.09.04:225][489]LogEditorTransaction: Undo Remove Components
[2018.09.02-19.09.12:235][777]LogSlate: FSceneViewport::OnFocusLost() reason 0
[2018.09.02-19.09.25:219][258]LogEditorTransaction: Undo Remove Components
[2018.09.02-19.09.29:239][395]LogSlate: FSceneViewport::OnFocusLost() reason 0
[2018.09.02-19.09.41:277][853]Cmd: OBJ SAVEPACKAGE PACKAGE="/Game/Maps/Meshing" FILE="E:/Unreal Projects/BeyondHuman/Content/Maps/Meshing.umap" SILENT=true AUTOSAVING=false KEEPDIRTY=false
[2018.09.02-19.09.41:741][853]LogSavePackage: Moving 'E:/Unreal Projects/BeyondHuman/Saved/MeshingB1DFE4114CB50930B20DF1934D045F78.tmp' to 'E:/Unreal Projects/BeyondHuman/Content/Maps/Meshing.umap'
[2018.09.02-19.09.47:560][ 76]LogSlate: FSceneViewport::OnFocusLost() reason 0
[2018.09.02-19.09.47:672][ 79]Cmd: OBJ SAVEPACKAGE PACKAGE="/Game/Blueprints/BP_SearchLight" FILE="E:/Unreal Projects/BeyondHuman/Content/Blueprints/BP_SearchLight.uasset" SILENT=true
[2018.09.02-19.09.47:705][ 79]LogSavePackage: Moving 'E:/Unreal Projects/BeyondHuman/Saved/BP_SearchLight636914F445F5A0B7121BD195349650EA.tmp' to 'E:/Unreal Projects/BeyondHuman/Content/Blueprints/BP_SearchLight.uasset'
[2018.09.02-19.09.48:724][118]LogSlate: FSceneViewport::OnFocusLost() reason 0
[2018.09.02-19.09.50:780][205]LogSlate: Window 'Mi_BuildingTallLower*' being destroyed
[2018.09.02-19.09.54:562][365]LogSlate: FSceneViewport::OnFocusLost() reason 0
[2018.09.02-19.09.57:767][397]LogEditorViewport: Clicking on Actor (context menu): StaticMeshActor (BuildingTall)
[2018.09.02-19.09.58:041][397]LogSlate: FSceneViewport::OnFocusLost() reason 2
[2018.09.02-19.09.58:755][401]LogD3D11RHI: Timed out while waiting for GPU to catch up. (0.5 s)
[2018.09.02-19.10.06:583][561]LogEditorViewport: Clicking on Actor (LMB): StaticMeshActor (CeilingPillar (6))
[2018.09.02-19.10.06:768][565]LogEditorViewport: Clicking on Component (LMB): StaticMeshComponent (StaticMeshComponent0)
[2018.09.02-19.10.07:423][600]LogEditorViewport: Clicking on Actor (LMB): BP_SearchLight_C (BP_SearchLight4)
[2018.09.02-19.10.09:604][706]LogEditorViewport: Clicking on Actor (LMB): BP_SearchLight_C (BP_SearchLight4)
[2018.09.02-19.10.09:629][706]LogEditorViewport: Clicking on Component (LMB): StaticMeshComponent (SearchLight_RingOuter)
[2018.09.02-19.10.11:328][788]LogSlate: FSceneViewport::OnFocusLost() reason 0
[2018.09.02-19.10.15:562][ 38]LogEditorViewport: Clicking on Component (LMB): StaticMeshComponent (SearchLight_DishLight)
[2018.09.02-19.10.15:662][ 39]LogEditorViewport: Clicking on Actor (double click): BP_SearchLight_C (BP_SearchLight4)
[2018.09.02-19.10.16:354][ 82]LogEditorViewport: Clicking on Actor (LMB): BP_SearchLight_C (BP_SearchLight4)
[2018.09.02-19.10.16:728][102]LogEditorViewport: Clicking on Component (LMB): StaticMeshComponent (SearchLight_DishLight)
[2018.09.02-19.10.18:514][183]LogSlate: FSceneViewport::OnFocusLost() reason 0
[2018.09.02-19.10.35:121][903]LogSlate: FSceneViewport::OnFocusLost() reason 0
[2018.09.02-19.11.01:221][808]LogEditorViewport: Clicking on Actor (LMB): StaticMeshActor (GirderTRI)
[2018.09.02-19.11.03:236][881]LogEditorViewport: Clicking on Actor (LMB): StaticMeshActor (WallLeft)
[2018.09.02-19.11.07:959][ 58]LogEditorViewport: Clicking on Actor (LMB): BP_SearchLight_C (BP_SearchLight4)
[2018.09.02-19.11.09:368][109]LogSlate: FSceneViewport::OnFocusLost() reason 0
[2018.09.02-19.11.26:876][717]LogEditorViewport: Clicking on Actor (LMB): BP_SearchLight_C (BP_SearchLight7)
[2018.09.02-19.11.27:511][739]LogEditorViewport: Clicking on Actor (LMB): BP_SearchLight_C (BP_SearchLight7)
[2018.09.02-19.11.28:233][768]LogEditorViewport: Clicking on Actor (LMB): StaticMeshActor (TunnelSlope)
[2018.09.02-19.11.28:997][793]LogEditorViewport: Clicking on Actor (LMB): BP_SearchLight_C (BP_SearchLight7)
[2018.09.02-19.11.29:107][794]LogEditorViewport: Clicking on Component (LMB): StaticMeshComponent (SearchLight_DishLight)
[2018.09.02-19.11.32:021][904]LogEditorViewport: Clicking on Component (LMB): StaticMeshComponent (SearchLight_RingOuter)
[2018.09.02-19.11.32:068][904]LogEditorViewport: Clicking on Actor (double click): BP_SearchLight_C (BP_SearchLight7)
[2018.09.02-19.11.32:721][934]LogEditorViewport: Clicking on Actor (LMB): BP_SearchLight_C (BP_SearchLight7)
[2018.09.02-19.11.33:161][951]LogEditorViewport: Clicking on Component (LMB): StaticMeshComponent (SearchLight_RingOuter)
[2018.09.02-19.11.35:154][ 27]LogSlate: FSceneViewport::OnFocusLost() reason 0
[2018.09.02-19.11.44:529][463]LogSlate: FSceneViewport::OnFocusLost() reason 0
[2018.09.02-19.11.48:765][578]LogEditorViewport: Clicking on Actor (LMB): StaticMeshActor (BuildingTall)
[2018.09.02-19.11.49:917][612]LogEditorViewport: Clicking on Actor (LMB): StaticMeshActor (GirderSQ (5)2)
[2018.09.02-19.11.54:715][745]LogSlate: FSceneViewport::OnFocusLost() reason 0
[2018.09.02-19.11.55:658][746]LogSlate: Window 'Save Content' being destroyed
[2018.09.02-19.11.55:691][746]LogSlate: FSceneViewport::OnFocusLost() reason 2
[2018.09.02-19.11.55:914][746]Cmd: OBJ SAVEPACKAGE PACKAGE="/Game/Maps/Meshing" FILE="E:/Unreal Projects/BeyondHuman/Content/Maps/Meshing.umap" SILENT=true AUTOSAVING=false KEEPDIRTY=false
[2018.09.02-19.11.56:368][746]LogSavePackage: Moving 'E:/Unreal Projects/BeyondHuman/Saved/MeshingE4BCBDC94D32E51DBF00F9AAF01186C1.tmp' to 'E:/Unreal Projects/BeyondHuman/Content/Maps/Meshing.umap'
[2018.09.02-19.11.56:386][746]LogFileHelpers: Saving map 'Meshing' took 0.690
[2018.09.02-19.11.56:388][746]Cmd: OBJ SAVEPACKAGE PACKAGE="/Game/Materials/Mi_BuildingTallLower" FILE="E:/Unreal Projects/BeyondHuman/Content/Materials/Mi_BuildingTallLower.uasset" SILENT=true
[2018.09.02-19.11.56:396][746]LogSavePackage: Moving 'E:/Unreal Projects/BeyondHuman/Saved/Mi_BuildingTallLowerB6E889074E65501DFCE481B1B03F9ED5.tmp' to 'E:/Unreal Projects/BeyondHuman/Content/Materials/Mi_BuildingTallLower.uasset'
[2018.09.02-19.12.07:931][158]LogSlate: FSceneViewport::OnFocusLost() reason 0
[2018.09.02-19.12.18:431][372]LogSlate: FSceneViewport::OnFocusLost() reason 0
[2018.09.02-19.12.18:593][378]LogSlate: Window 'BeyondHuman - Unreal Editor' being destroyed
[2018.09.02-19.12.18:791][379]Cmd: QUIT_EDITOR
[2018.09.02-19.12.18:825][379]LogWindowsTextInputMethodSystem: Display: IME system now deactivated.
[2018.09.02-19.12.18:837][379]LogExit: Preparing to exit.
[2018.09.02-19.12.19:351][379]LogExit: Editor shut down
[2018.09.02-19.12.19:351][379]LogExit: Transaction tracking system shut down
[2018.09.02-19.12.19:866][379]LogExit: Object subsystem successfully closed.
[2018.09.02-19.12.19:898][379]LogShaderCompilers: Display: Shaders left to compile 0
[2018.09.02-19.12.19:904][379]LogD3D11RHI: Shutdown
[2018.09.02-19.12.19:904][379]LogD3D11RHI: CleanupD3DDevice
[2018.09.02-19.12.19:910][379]LogD3D11RHI: ~FD3D11DynamicRHI
[2018.09.02-19.12.19:982][379]LogModuleManager: Shutting down and abandoning module BlueprintGraph (622)
[2018.09.02-19.12.19:982][379]LogModuleManager: Shutting down and abandoning module MeshBuilder (620)
[2018.09.02-19.12.19:982][379]LogModuleManager: Shutting down and abandoning module HierarchicalLODOutliner (618)
[2018.09.02-19.12.19:982][379]LogModuleManager: Shutting down and abandoning module SceneOutliner (616)
[2018.09.02-19.12.19:982][379]LogModuleManager: Shutting down and abandoning module AddContentDialog (614)
[2018.09.02-19.12.19:983][379]LogModuleManager: Shutting down and abandoning module WidgetCarousel (613)
[2018.09.02-19.12.19:983][379]LogModuleManager: Shutting down and abandoning module EditorWidgets (610)
[2018.09.02-19.12.19:983][379]LogModuleManager: Shutting down and abandoning module CollectionManager (608)
[2018.09.02-19.12.19:984][379]LogModuleManager: Shutting down and abandoning module StatsViewer (606)
[2018.09.02-19.12.19:985][379]LogModuleManager: Shutting down and abandoning module FoliageEdit (604)
[2018.09.02-19.12.19:985][379]LogModuleManager: Shutting down and abandoning module LandscapeEditor (602)
[2018.09.02-19.12.19:987][379]LogModuleManager: Shutting down and abandoning module MeshPaintMode (600)
[2018.09.02-19.12.19:987][379]LogModuleManager: Shutting down and abandoning module SceneDepthPickerMode (598)
[2018.09.02-19.12.19:987][379]LogModuleManager: Shutting down and abandoning module ActorPickerMode (596)
[2018.09.02-19.12.19:987][379]LogModuleManager: Shutting down and abandoning module GeometryMode (594)
[2018.09.02-19.12.19:987][379]LogModuleManager: Shutting down and abandoning module TextureAlignMode (592)
[2018.09.02-19.12.19:987][379]LogModuleManager: Shutting down and abandoning module BspMode (590)
[2018.09.02-19.12.19:987][379]LogModuleManager: Shutting down and abandoning module PIEPreviewDeviceProfileSelector (588)
[2018.09.02-19.12.19:988][379]LogModuleManager: Shutting down and abandoning module SequenceRecorderSections (586)
[2018.09.02-19.12.19:988][379]LogModuleManager: Shutting down and abandoning module AutomationWorker (584)
[2018.09.02-19.12.19:988][379]LogModuleManager: Shutting down and abandoning module AudioCaptureEditor (582)
[2018.09.02-19.12.19:988][379]LogModuleManager: Shutting down and abandoning module SequenceRecorder (581)
[2018.09.02-19.12.19:988][379]LogModuleManager: Shutting down and abandoning module MatineeToLevelSequence (578)
[2018.09.02-19.12.19:988][379]LogModuleManager: Shutting down and abandoning module LevelSequenceEditor (576)
[2018.09.02-19.12.19:991][379]LogModuleManager: Shutting down and abandoning module PlacementMode (575)
[2018.09.02-19.12.19:991][379]LogModuleManager: Shutting down and abandoning module MaterialEditor (574)
[2018.09.02-19.12.19:991][379]LogModuleManager: Shutting down and abandoning module WmfMediaFactory (570)
[2018.09.02-19.12.19:991][379]LogModuleManager: Shutting down and abandoning module WmfMediaEditor (568)
[2018.09.02-19.12.19:991][379]LogModuleManager: Shutting down and abandoning module MediaPlayerEditor (566)
[2018.09.02-19.12.19:992][379]LogModuleManager: Shutting down and abandoning module OpenExrWrapper (564)
[2018.09.02-19.12.19:992][379]LogModuleManager: Shutting down and abandoning module ImgMediaFactory (562)
[2018.09.02-19.12.19:992][379]LogModuleManager: Shutting down and abandoning module ImgMediaEditor (560)
[2018.09.02-19.12.19:992][379]LogModuleManager: Shutting down and abandoning module AvfMediaFactory (558)
[2018.09.02-19.12.19:992][379]LogModuleManager: Shutting down and abandoning module AvfMediaEditor (556)
[2018.09.02-19.12.19:992][379]LogModuleManager: Shutting down and abandoning module AndroidMediaFactory (554)
[2018.09.02-19.12.19:992][379]LogModuleManager: Shutting down and abandoning module AndroidMediaEditor (552)
[2018.09.02-19.12.19:992][379]LogModuleManager: Shutting down and abandoning module MagicLeapCameraPreviewFactory (550)
[2018.09.02-19.12.19:992][379]LogModuleManager: Shutting down and abandoning module MagicLeapMediaFactory (548)
[2018.09.02-19.12.19:993][379]LogModuleManager: Shutting down and abandoning module MagicLeapMediaEditor (546)
[2018.09.02-19.12.19:993][379]LogModuleManager: Shutting down and abandoning module CharacterAI (544)
[2018.09.02-19.12.19:993][379]LogModuleManager: Shutting down and abandoning module SmartSnapping (542)
[2018.09.02-19.12.19:993][379]LogModuleManager: Shutting down and abandoning module SessionServices (540)
[2018.09.02-19.12.19:993][379]LogModuleManager: Shutting down and abandoning module ViewportSnapping (538)
[2018.09.02-19.12.19:993][379]LogModuleManager: Shutting down and abandoning module ViewportInteraction (536)
[2018.09.02-19.12.19:993][379]LogModuleManager: Shutting down and abandoning module ClothPainter (534)
[2018.09.02-19.12.19:994][379]LogModuleManager: Shutting down and abandoning module SkeletalMeshEditor (533)
[2018.09.02-19.12.19:996][379]LogModuleManager: Shutting down and abandoning module LogVisualizer (530)
[2018.09.02-19.12.19:998][379]LogModuleManager: Shutting down and abandoning module IntroTutorials (528)
[2018.09.02-19.12.19:999][379]LogModuleManager: Shutting down and abandoning module GameProjectGeneration (527)
[2018.09.02-19.12.19:999][379]LogModuleManager: Shutting down and abandoning module LuminPlatformEditor (524)
[2018.09.02-19.12.20:000][379]LogModuleManager: Shutting down and abandoning module IOSPlatformEditor (522)
[2018.09.02-19.12.20:001][379]LogModuleManager: Shutting down and abandoning module HTML5PlatformEditor (520)
[2018.09.02-19.12.20:001][379]LogModuleManager: Shutting down and abandoning module AndroidPlatformEditor (518)
[2018.09.02-19.12.20:001][379]LogModuleManager: Shutting down and abandoning module AndroidDeviceDetection (517)
[2018.09.02-19.12.20:384][379]LogModuleManager: Shutting down and abandoning module WindowsPlatformEditor (514)
[2018.09.02-19.12.20:384][379]LogModuleManager: Shutting down and abandoning module LuminRuntimeSettings (512)
[2018.09.02-19.12.20:384][379]LogModuleManager: Shutting down and abandoning module IOSRuntimeSettings (510)
[2018.09.02-19.12.20:384][379]LogModuleManager: Shutting down and abandoning module AndroidRuntimeSettings (508)
[2018.09.02-19.12.20:384][379]LogModuleManager: Shutting down and abandoning module InputBindingEditor (506)
[2018.09.02-19.12.20:391][379]LogModuleManager: Shutting down and abandoning module MergeActors (504)
[2018.09.02-19.12.20:392][379]LogModuleManager: Shutting down and abandoning module LocalizationDashboard (502)
[2018.09.02-19.12.20:393][379]LogModuleManager: Shutting down and abandoning module LocalizationService (501)
[2018.09.02-19.12.20:393][379]LogModuleManager: Shutting down and abandoning module HardwareTargeting (498)
[2018.09.02-19.12.20:393][379]LogModuleManager: Shutting down and abandoning module DeviceProfileEditor (496)
[2018.09.02-19.12.20:393][379]LogModuleManager: Shutting down and abandoning module UndoHistory (494)
[2018.09.02-19.12.20:394][379]LogModuleManager: Shutting down and abandoning module XmlParser (492)
[2018.09.02-19.12.20:394][379]LogModuleManager: Shutting down and abandoning module Blutility (490)
[2018.09.02-19.12.20:394][379]LogModuleManager: Shutting down and abandoning module ProjectSettingsViewer (488)
[2018.09.02-19.12.20:394][379]LogModuleManager: Shutting down and abandoning module ProjectTargetPlatformEditor (487)
[2018.09.02-19.12.20:394][379]LogModuleManager: Shutting down and abandoning module EditorSettingsViewer (484)
[2018.09.02-19.12.20:394][379]LogModuleManager: Shutting down and abandoning module SettingsEditor (482)
[2018.09.02-19.12.20:395][379]LogModuleManager: Shutting down and abandoning module ProjectLauncher (480)
[2018.09.02-19.12.20:396][379]LogModuleManager: Shutting down and abandoning module SessionFrontend (478)
[2018.09.02-19.12.20:397][379]LogModuleManager: Shutting down and abandoning module ProfilerClient (476)
[2018.09.02-19.12.20:397][379]LogModuleManager: Shutting down and abandoning module DeviceManager (474)
[2018.09.02-19.12.20:397][379]LogModuleManager: Shutting down and abandoning module TargetDeviceServices (473)
[2018.09.02-19.12.20:452][379]LogModuleManager: Shutting down and abandoning module AutomationController (470)
[2018.09.02-19.12.20:453][379]LogModuleManager: Shutting down and abandoning module AutomationWindow (468)
[2018.09.02-19.12.20:454][379]LogModuleManager: Shutting down and abandoning module Layers (466)
[2018.09.02-19.12.20:456][379]LogModuleManager: Shutting down and abandoning module ComponentVisualizers (464)
[2018.09.02-19.12.20:457][379]LogModuleManager: Shutting down and abandoning module DetailCustomizations (462)
[2018.09.02-19.12.20:457][379]LogModuleManager: Shutting down and abandoning module PackagesDialog (460)
[2018.09.02-19.12.20:457][379]LogModuleManager: Shutting down and abandoning module Persona (458)
[2018.09.02-19.12.20:459][379]LogModuleManager: Shutting down and abandoning module AdvancedPreviewScene (457)
[2018.09.02-19.12.20:459][379]LogModuleManager: Shutting down and abandoning module AnimGraph (455)
[2018.09.02-19.12.20:459][379]LogModuleManager: Shutting down and abandoning module Kismet (452)
[2018.09.02-19.12.20:464][379]LogModuleManager: Shutting down and abandoning module GraphEditor (450)
[2018.09.02-19.12.20:464][379]LogModuleManager: Shutting down and abandoning module ClassViewer (448)
[2018.09.02-19.12.20:464][379]LogModuleManager: Shutting down and abandoning module Toolbox (446)
[2018.09.02-19.12.20:464][379]LogModuleManager: Shutting down and abandoning module ModuleUI (444)
[2018.09.02-19.12.20:465][379]LogModuleManager: Shutting down and abandoning module MovieSceneTools (442)
[2018.09.02-19.12.20:466][379]LogModuleManager: Shutting down and abandoning module OutputLog (440)
[2018.09.02-19.12.20:466][379]LogModuleManager: Shutting down and abandoning module GammaUI (438)
[2018.09.02-19.12.20:466][379]LogModuleManager: Shutting down and abandoning module Documentation (436)
[2018.09.02-19.12.20:466][379]LogModuleManager: Shutting down and abandoning module MovieSceneTracks (434)
[2018.09.02-19.12.20:466][379]LogModuleManager: Shutting down and abandoning module MovieScene (432)
[2018.09.02-19.12.20:467][379]LogModuleManager: Shutting down and abandoning module StreamingPauseRendering (430)
[2018.09.02-19.12.20:467][379]LogModuleManager: Shutting down and abandoning module LauncherPlatform (428)
[2018.09.02-19.12.20:467][379]LogModuleManager: Shutting down and abandoning module AnalyticsET (426)
[2018.09.02-19.12.20:467][379]LogModuleManager: Shutting down and abandoning module PortalServices (424)
[2018.09.02-19.12.20:467][379]LogModuleManager: Shutting down and abandoning module PortalRpc (422)
[2018.09.02-19.12.20:467][379]LogModuleManager: Shutting down and abandoning module MessagingRpc (420)
[2018.09.02-19.12.20:467][379]LogModuleManager: Shutting down and abandoning module AIModule (418)
[2018.09.02-19.12.20:468][379]LogModuleManager: Shutting down and abandoning module GameplayDebugger (417)
[2018.09.02-19.12.20:469][379]LogModuleManager: Shutting down and abandoning module AITestSuite (415)
[2018.09.02-19.12.20:470][379]LogModuleManager: Shutting down and abandoning module NavigationSystem (413)
[2018.09.02-19.12.20:470][379]LogModuleManager: Shutting down and abandoning module DesktopPlatform (410)
[2018.09.02-19.12.20:470][379]LogModuleManager: Shutting down and abandoning module ProfilerService (408)
[2018.09.02-19.12.20:494][379]LogModuleManager: Shutting down and abandoning module TaskGraph (406)
[2018.09.02-19.12.20:496][379]LogModuleManager: Shutting down and abandoning module SubstanceLiveLink (404)
[2018.09.02-19.12.20:496][379]LogModuleManager: Shutting down and abandoning module SubstanceSource (402)
[2018.09.02-19.12.20:499][379]LogModuleManager: Shutting down and abandoning module SubstanceEditor (400)
[2018.09.02-19.12.20:500][379]LogModuleManager: Shutting down and abandoning module SteamVRController (398)
[2018.09.02-19.12.20:500][379]LogModuleManager: Shutting down and abandoning module ProceduralMeshComponentEditor (396)
[2018.09.02-19.12.20:500][379]LogModuleManager: Shutting down and abandoning module ProceduralMeshComponent (394)
[2018.09.02-19.12.20:500][379]LogModuleManager: Shutting down and abandoning module OculusInput (392)
[2018.09.02-19.12.20:500][379]LogModuleManager: Shutting down and abandoning module MobilePatchingUtils (390)
[2018.09.02-19.12.20:500][379]LogModuleManager: Shutting down and abandoning module EditableMesh (388)
[2018.09.02-19.12.20:501][379]LogModuleManager: Shutting down and abandoning module CustomMeshComponent (386)
[2018.09.02-19.12.20:501][379]LogModuleManager: Shutting down and abandoning module CableComponent (384)
[2018.09.02-19.12.20:501][379]LogModuleManager: Shutting down and abandoning module AudioCapture (382)
[2018.09.02-19.12.20:501][379]LogModuleManager: Shutting down and abandoning module ArchVisCharacter (380)
[2018.09.02-19.12.20:501][379]LogModuleManager: Shutting down and abandoning module AndroidPermission (378)
[2018.09.02-19.12.20:501][379]LogModuleManager: Shutting down and abandoning module NUTUnrealEngine4 (376)
[2018.09.02-19.12.20:501][379]LogModuleManager: Shutting down and abandoning module NetcodeUnitTest (374)
[2018.09.02-19.12.20:503][379]LogModuleManager: Shutting down and abandoning module MediaCompositingEditor (372)
[2018.09.02-19.12.20:503][379]LogModuleManager: Shutting down and abandoning module MediaCompositing (370)
[2018.09.02-19.12.20:503][379]LogModuleManager: Shutting down and abandoning module LinearTimecode (368)
[2018.09.02-19.12.20:503][379]LogModuleManager: Shutting down and abandoning module ImgMedia (366)
[2018.09.02-19.12.20:507][379]LogModuleManager: Shutting down and abandoning module HTML5Networking (364)
[2018.09.02-19.12.20:507][379]LogModuleManager: Shutting down and abandoning module GeometryCacheTracks (362)
[2018.09.02-19.12.20:507][379]LogModuleManager: Shutting down and abandoning module GeometryCacheSequencer (360)
[2018.09.02-19.12.20:507][379]LogModuleManager: Shutting down and abandoning module BackChannel (358)
[2018.09.02-19.12.20:508][379]LogModuleManager: Shutting down and abandoning module AppleVision (356)
[2018.09.02-19.12.20:508][379]LogModuleManager: Shutting down and abandoning module AppleImageUtils (354)
[2018.09.02-19.12.20:508][379]LogModuleManager: Shutting down and abandoning module AlembicImporter (352)
[2018.09.02-19.12.20:508][379]LogModuleManager: Shutting down and abandoning module AlembicLibrary (351)
[2018.09.02-19.12.20:508][379]LogModuleManager: Shutting down and abandoning module GeometryCache (350)
[2018.09.02-19.12.20:508][379]LogModuleManager: Shutting down and abandoning module GeometryCacheEd (349)
[2018.09.02-19.12.20:508][379]LogModuleManager: Shutting down and abandoning module DatasmithContentEditor (344)
[2018.09.02-19.12.20:508][379]LogModuleManager: Shutting down and abandoning module DatasmithContent (342)
[2018.09.02-19.12.20:509][379]LogModuleManager: Shutting down and abandoning module SpeedTreeImporter (340)
[2018.09.02-19.12.20:509][379]LogModuleManager: Shutting down and abandoning module PluginBrowser (338)
[2018.09.02-19.12.20:512][379]LogModuleManager: Shutting down and abandoning module MobileLauncherProfileWizard (336)
[2018.09.02-19.12.20:512][379]LogModuleManager: Shutting down and abandoning module PolygonModeling (334)
[2018.09.02-19.12.20:512][379]LogModuleManager: Shutting down and abandoning module MeshEditor (332)
[2018.09.02-19.12.20:512][379]LogModuleManager: Shutting down and abandoning module CryptoKeysOpenSSL (330)
[2018.09.02-19.12.20:513][379]LogModuleManager: Shutting down and abandoning module CryptoKeys (328)
[2018.09.02-19.12.20:513][379]LogModuleManager: Shutting down and abandoning module VisualStudioSourceCodeAccess (326)
[2018.09.02-19.12.20:513][379]LogModuleManager: Shutting down and abandoning module VisualStudioCodeSourceCodeAccess (324)
[2018.09.02-19.12.20:513][379]LogModuleManager: Shutting down and abandoning module UObjectPlugin (322)
[2018.09.02-19.12.20:513][379]LogModuleManager: Shutting down and abandoning module SubversionSourceControl (320)
[2018.09.02-19.12.20:514][379]LogModuleManager: Shutting down and abandoning module PerforceSourceControl (318)
[2018.09.02-19.12.20:515][379]LogModuleManager: Shutting down and abandoning module GitSourceControl (316)
[2018.09.02-19.12.20:517][379]LogModuleManager: Shutting down and abandoning module SourceControl (315)
[2018.09.02-19.12.20:517][379]LogModuleManager: Shutting down and abandoning module CLionSourceCodeAccess (312)
[2018.09.02-19.12.20:517][379]LogModuleManager: Shutting down and abandoning module LightPropagationVolumeEditor (310)
[2018.09.02-19.12.20:517][379]LogModuleManager: Shutting down and abandoning module PaperTiledImporter (308)
[2018.09.02-19.12.20:517][379]LogModuleManager: Shutting down and abandoning module PaperSpriteSheetImporter (306)
[2018.09.02-19.12.20:517][379]LogModuleManager: Shutting down and abandoning module Paper2DEditor (304)
[2018.09.02-19.12.20:519][379]LogModuleManager: Shutting down and abandoning module MeshPaint (303)
[2018.09.02-19.12.20:519][379]LogModuleManager: Shutting down and abandoning module RuntimePhysXCooking (300)
[2018.09.02-19.12.20:519][379]LogModuleManager: Shutting down and abandoning module PhysXVehiclesEditor (298)
[2018.09.02-19.12.20:519][379]LogModuleManager: Shutting down and abandoning module PhysXVehicles (296)
[2018.09.02-19.12.20:519][379]LogModuleManager: Shutting down and abandoning module OculusEditor (294)
[2018.09.02-19.12.20:519][379]LogModuleManager: Shutting down and abandoning module LocationServicesBPLibrary (292)
[2018.09.02-19.12.20:519][379]LogModuleManager: Shutting down and abandoning module ImmediatePhysicsEditor (290)
[2018.09.02-19.12.20:520][379]LogModuleManager: Shutting down and abandoning module ImmediatePhysics (288)
[2018.09.02-19.12.20:520][379]LogModuleManager: Shutting down and abandoning module ActorSequence (286)
[2018.09.02-19.12.20:520][379]LogModuleManager: Shutting down and abandoning module UdpMessaging (284)
[2018.09.02-19.12.20:622][379]LogModuleManager: Shutting down and abandoning module TcpMessaging (282)
[2018.09.02-19.12.20:722][379]LogModuleManager: Shutting down and abandoning module SubstanceCore (280)
[2018.09.02-19.12.20:724][379]LogModuleManager: Shutting down and abandoning module MagicLeapAudio (278)
[2018.09.02-19.12.20:724][379]LogModuleManager: Shutting down and abandoning module GameplayTagsEditor (276)
[2018.09.02-19.12.20:725][379]LogModuleManager: Shutting down and abandoning module FacialAnimationEditor (274)
[2018.09.02-19.12.20:725][379]LogModuleManager: Shutting down and abandoning module FacialAnimation (272)
[2018.09.02-19.12.20:725][379]LogModuleManager: Shutting down and abandoning module DataValidation (270)
[2018.09.02-19.12.20:725][379]LogModuleManager: Shutting down and abandoning module AssetManagerEditor (268)
[2018.09.02-19.12.20:726][379]LogModuleManager: Shutting down and abandoning module LevelEditor (267)
[2018.09.02-19.12.20:728][379]LogModuleManager: Shutting down and abandoning module PixelInspectorModule (266)
[2018.09.02-19.12.20:728][379]LogModuleManager: Shutting down and abandoning module CommonMenuExtensions (264)
[2018.09.02-19.12.20:728][379]LogModuleManager: Shutting down and abandoning module MainFrame (262)
[2018.09.02-19.12.20:729][379]LogModuleManager: Shutting down and abandoning module HotReload (261)
[2018.09.02-19.12.20:730][379]LogModuleManager: Shutting down and abandoning module ContentBrowser (257)
[2018.09.02-19.12.20:731][379]LogModuleManager: Shutting down and abandoning module TreeMap (255)
[2018.09.02-19.12.20:731][379]LogModuleManager: Shutting down and abandoning module LightPropagationVolumeRuntime (252)
[2018.09.02-19.12.20:731][379]LogModuleManager: Shutting down and abandoning module AISupportModule (250)
[2018.09.02-19.12.20:731][379]LogModuleManager: Shutting down and abandoning module Paper2D (248)
[2018.09.02-19.12.20:732][379]LogModuleManager: Shutting down and abandoning module WindowsMoviePlayer (246)
[2018.09.02-19.12.20:732][379]LogModuleManager: Shutting down and abandoning module WmfMedia (244)
[2018.09.02-19.12.20:734][379]LogModuleManager: Shutting down and abandoning module Media (243)
[2018.09.02-19.12.20:740][379]LogModuleManager: Shutting down and abandoning module PacketHandler (240)
[2018.09.02-19.12.20:740][379]LogModuleManager: Shutting down and abandoning module ClothingSystemEditor (238)
[2018.09.02-19.12.20:740][379]LogModuleManager: Shutting down and abandoning module ClothingSystemRuntime (236)
[2018.09.02-19.12.20:741][379]LogModuleManager: Shutting down and abandoning module MediaAssets (234)
[2018.09.02-19.12.20:741][379]LogModuleManager: Shutting down and abandoning module Overlay (232)
[2018.09.02-19.12.20:741][379]LogModuleManager: Shutting down and abandoning module OverlayEditor (231)
[2018.09.02-19.12.20:741][379]LogModuleManager: Shutting down and abandoning module VREditor (228)
[2018.09.02-19.12.20:741][379]LogModuleManager: Shutting down and abandoning module StringTableEditor (226)
[2018.09.02-19.12.20:742][379]LogModuleManager: Shutting down and abandoning module GameplayTasksEditor (224)
[2018.09.02-19.12.20:742][379]LogModuleManager: Shutting down and abandoning module BehaviorTreeEditor (222)
[2018.09.02-19.12.20:745][379]LogModuleManager: Shutting down and abandoning module FunctionalTesting (220)
[2018.09.02-19.12.20:745][379]LogModuleManager: Shutting down and abandoning module CollisionAnalyzer (218)
[2018.09.02-19.12.20:746][379]LogModuleManager: Shutting down and abandoning module WorkspaceMenuStructure (217)
[2018.09.02-19.12.20:746][379]LogModuleManager: Shutting down and abandoning module UMG (214)
[2018.09.02-19.12.20:747][379]LogModuleManager: Shutting down and abandoning module UMGEditor (213)
[2018.09.02-19.12.20:748][379]LogModuleManager: Shutting down and abandoning module Sequencer (212)
[2018.09.02-19.12.20:751][379]LogModuleManager: Shutting down and abandoning module MessageLog (209)
[2018.09.02-19.12.20:751][379]LogModuleManager: Shutting down and abandoning module SlateReflector (204)
[2018.09.02-19.12.20:754][379]LogModuleManager: Shutting down and abandoning module Slate (202)
[2018.09.02-19.12.20:754][379]LogModuleManager: Shutting down and abandoning module EditorStyle (200)
[2018.09.02-19.12.20:755][379]LogModuleManager: Shutting down and abandoning module MRMesh (198)
[2018.09.02-19.12.20:756][379]LogModuleManager: Shutting down and abandoning module SourceCodeAccess (196)
[2018.09.02-19.12.20:756][379]LogModuleManager: Shutting down and abandoning module HeadMountedDisplay (194)
[2018.09.02-19.12.20:756][379]LogModuleManager: Shutting down and abandoning module XAudio2 (192)
[2018.09.02-19.12.20:756][379]LogModuleManager: Shutting down and abandoning module Networking (190)
[2018.09.02-19.12.20:756][379]LogModuleManager: Shutting down and abandoning module Core (188)
[2018.09.02-19.12.20:756][379]LogModuleManager: Shutting down and abandoning module LevelSequence (186)
[2018.09.02-19.12.20:756][379]LogModuleManager: Shutting down and abandoning module KismetCompiler (184)
[2018.09.02-19.12.20:756][379]LogModuleManager: Shutting down and abandoning module MeshUtilities (182)
[2018.09.02-19.12.20:757][379]LogModuleManager: Shutting down and abandoning module MeshMergeUtilities (181)
[2018.09.02-19.12.20:758][379]LogModuleManager: Shutting down and abandoning module MeshReductionInterface (180)
[2018.09.02-19.12.20:758][379]LogModuleManager: Shutting down and abandoning module SimplygonSwarm (179)
[2018.09.02-19.12.20:758][379]LogModuleManager: Shutting down and abandoning module ProxyLODMeshReduction (177)
[2018.09.02-19.12.20:759][379]LogModuleManager: Shutting down and abandoning module SimplygonMeshReduction (175)
[2018.09.02-19.12.20:759][379]LogModuleManager: Shutting down and abandoning module QuadricMeshReduction (173)
[2018.09.02-19.12.20:760][379]LogModuleManager: Shutting down and abandoning module MaterialBaking (169)
[2018.09.02-19.12.20:760][379]LogModuleManager: Shutting down and abandoning module DirectoryWatcher (165)
[2018.09.02-19.12.20:760][379]LogModuleManager: Shutting down and abandoning module DerivedDataCache (162)
[2018.09.02-19.12.20:853][379]LogDerivedDataCache: Shutdown
[2018.09.02-19.12.20:853][379]LogModuleManager: Shutting down and abandoning module XGEController (160)
[2018.09.02-19.12.20:853][379]LogXGEController: Cleaning working directory: C:/Users/mikey/AppData/Local/Temp/UnrealXGEWorkingDir/
[2018.09.02-19.12.20:854][379]LogModuleManager: Shutting down and abandoning module TargetPlatform (158)
[2018.09.02-19.12.20:854][379]LogModuleManager: Shutting down and abandoning module VulkanShaderFormat (157)
[2018.09.02-19.12.20:855][379]LogModuleManager: Shutting down and abandoning module ShaderFormatVectorVM (155)
[2018.09.02-19.12.20:855][379]LogModuleManager: Shutting down and abandoning module ShaderFormatOpenGL (153)
[2018.09.02-19.12.20:856][379]LogModuleManager: Shutting down and abandoning module ShaderFormatD3D (151)
[2018.09.02-19.12.20:856][379]LogModuleManager: Shutting down and abandoning module MetalShaderFormat (149)
[2018.09.02-19.12.20:857][379]LogModuleManager: Shutting down and abandoning module TextureFormatUncompressed (147)
[2018.09.02-19.12.20:857][379]LogModuleManager: Shutting down and abandoning module TextureFormatPVR (145)
[2018.09.02-19.12.20:857][379]LogModuleManager: Shutting down and abandoning module TextureFormatDXT (143)
[2018.09.02-19.12.20:857][379]LogModuleManager: Shutting down and abandoning module TextureFormatIntelISPCTexComp (141)
[2018.09.02-19.12.20:857][379]LogModuleManager: Shutting down and abandoning module TextureFormatASTC (139)
[2018.09.02-19.12.20:857][379]LogModuleManager: Shutting down and abandoning module ImageWrapper (138)
[2018.09.02-19.12.20:857][379]LogModuleManager: Shutting down and abandoning module TextureFormatAndroid (135)
[2018.09.02-19.12.20:857][379]LogModuleManager: Shutting down and abandoning module AudioFormatOpus (133)
[2018.09.02-19.12.20:857][379]LogModuleManager: Shutting down and abandoning module AudioFormatOgg (131)
[2018.09.02-19.12.20:857][379]LogModuleManager: Shutting down and abandoning module AudioFormatADPCM (129)
[2018.09.02-19.12.20:857][379]LogModuleManager: Shutting down and abandoning module LuminTargetPlatform (127)
[2018.09.02-19.12.20:857][379]LogModuleManager: Shutting down and abandoning module LinuxTargetPlatform (125)
[2018.09.02-19.12.20:857][379]LogModuleManager: Shutting down and abandoning module LinuxServerTargetPlatform (123)
[2018.09.02-19.12.20:857][379]LogModuleManager: Shutting down and abandoning module LinuxNoEditorTargetPlatform (121)
[2018.09.02-19.12.20:858][379]LogModuleManager: Shutting down and abandoning module LinuxClientTargetPlatform (119)
[2018.09.02-19.12.20:858][379]LogModuleManager: Shutting down and abandoning module TVOSTargetPlatform (117)
[2018.09.02-19.12.20:859][379]LogModuleManager: Shutting down and abandoning module Messaging (115)
[2018.09.02-19.12.20:859][379]LogModuleManager: Shutting down and abandoning module IOSTargetPlatform (113)
[2018.09.02-19.12.20:860][379]LogModuleManager: Shutting down and abandoning module HTML5TargetPlatform (111)
[2018.09.02-19.12.20:860][379]LogModuleManager: Shutting down and abandoning module AndroidTargetPlatform (109)
[2018.09.02-19.12.20:866][379]LogModuleManager: Shutting down and abandoning module WindowsTargetPlatform (107)
[2018.09.02-19.12.20:867][379]LogModuleManager: Shutting down and abandoning module WindowsServerTargetPlatform (105)
[2018.09.02-19.12.20:867][379]LogModuleManager: Shutting down and abandoning module WindowsNoEditorTargetPlatform (103)
[2018.09.02-19.12.20:867][379]LogModuleManager: Shutting down and abandoning module WindowsClientTargetPlatform (101)
[2018.09.02-19.12.20:867][379]LogModuleManager: Shutting down and abandoning module MacTargetPlatform (99)
[2018.09.02-19.12.20:867][379]LogModuleManager: Shutting down and abandoning module MacServerTargetPlatform (97)
[2018.09.02-19.12.20:867][379]LogModuleManager: Shutting down and abandoning module MacNoEditorTargetPlatform (95)
[2018.09.02-19.12.20:867][379]LogModuleManager: Shutting down and abandoning module MacClientTargetPlatform (93)
[2018.09.02-19.12.20:867][379]LogModuleManager: Shutting down and abandoning module AllDesktopTargetPlatform (91)
[2018.09.02-19.12.20:867][379]LogModuleManager: Shutting down and abandoning module InputCore (88)
[2018.09.02-19.12.20:867][379]LogModuleManager: Shutting down and abandoning module Settings (86)
[2018.09.02-19.12.20:867][379]LogModuleManager: Shutting down and abandoning module PhysXCooking (84)
[2018.09.02-19.12.20:867][379]LogModuleManager: Shutting down and abandoning module SteamVR (82)
[2018.09.02-19.12.20:867][379]LogModuleManager: Shutting down and abandoning module OculusHMD (80)
[2018.09.02-19.12.20:867][379]LogModuleManager: Shutting down and abandoning module ExampleDeviceProfileSelector (78)
[2018.09.02-19.12.20:867][379]LogModuleManager: Shutting down and abandoning module LauncherChunkInstaller (76)
[2018.09.02-19.12.20:867][379]LogModuleManager: Shutting down and abandoning module OnlineBlueprintSupport (74)
[2018.09.02-19.12.20:867][379]LogModuleManager: Shutting down and abandoning module OnlineSubsystem (70)
[2018.09.02-19.12.20:870][379]LogModuleManager: Shutting down and abandoning module XMPP (65)
[2018.09.02-19.12.20:872][379]LogModuleManager: Shutting down and abandoning module WebSockets (64)
[2018.09.02-19.12.20:900][379]LogModuleManager: Shutting down and abandoning module HTTP (61)
[2018.09.02-19.12.20:900][379]LogHttp: Display: Http module shutting down, but needs to wait on 1 outstanding Http requests:
[2018.09.02-19.12.20:900][379]LogHttp: Display: 	verb=[POST] url=[https://datarouter.ol.epicgames.com/datarouter/api/v1/public/data?SessionID=%7BA8543DD3-4DB6-EF0C-3E0B-36BE7BB00414%7D&AppID=UEEditor.Rocket.Release&AppVersion=4.20.0-4212847%2B%2B%2BUE4%2BRelease-4.20&UserID=ec07022c4af9fd51145d0db19289c0e8%7C9aea4035aae84fc6a50e2bbd0bcac9c5%7Ccbe8bf3f-5855-4af8-b073-42d59ac0a56b&AppEnvironment=datacollector-binary&UploadType=eteventstream] status=Processing
[2018.09.02-19.12.20:933][379]LogModuleManager: Shutting down and abandoning module SSL (60)
[2018.09.02-19.12.20:935][379]LogModuleManager: Shutting down and abandoning module MagicLeapEmulator (56)
[2018.09.02-19.12.20:935][379]LogModuleManager: Shutting down and abandoning module MagicLeapPrivileges (54)
[2018.09.02-19.12.20:935][379]LogModuleManager: Shutting down and abandoning module MagicLeapIdentity (52)
[2018.09.02-19.12.20:935][379]LogModuleManager: Shutting down and abandoning module MagicLeapHelperVulkan (50)
[2018.09.02-19.12.20:935][379]LogModuleManager: Shutting down and abandoning module MagicLeapHelperOpenGL (48)
[2018.09.02-19.12.20:935][379]LogModuleManager: Shutting down and abandoning module MagicLeapSecureStorage (46)
[2018.09.02-19.12.20:935][379]LogModuleManager: Shutting down and abandoning module MagicLeapGestures (44)
[2018.09.02-19.12.20:935][379]LogModuleManager: Shutting down and abandoning module MagicLeapEyeTracker (42)
[2018.09.02-19.12.20:935][379]LogModuleManager: Shutting down and abandoning module MagicLeapController (40)
[2018.09.02-19.12.20:935][379]LogSlate: Slate User Destroyed.  User Index 0, Is Virtual User: 0
[2018.09.02-19.12.20:935][379]LogModuleManager: Shutting down and abandoning module MagicLeap (38)
[2018.09.02-19.12.20:936][379]LogModuleManager: Shutting down and abandoning module AnimationModifiers (36)
[2018.09.02-19.12.20:937][379]LogModuleManager: Shutting down and abandoning module PropertyEditor (35)
[2018.09.02-19.12.20:938][379]LogModuleManager: Shutting down and abandoning module AudioEditor (32)
[2018.09.02-19.12.20:939][379]LogModuleManager: Shutting down and abandoning module TextureCompressor (30)
[2018.09.02-19.12.20:939][379]LogModuleManager: Shutting down and abandoning module ShaderCore (28)
[2018.09.02-19.12.20:940][379]LogModuleManager: Shutting down and abandoning module Landscape (26)
[2018.09.02-19.12.20:940][379]LogModuleManager: Shutting down and abandoning module SlateRHIRenderer (24)
[2018.09.02-19.12.20:941][379]LogModuleManager: Shutting down and abandoning module OpenGLDrv (22)
[2018.09.02-19.12.20:942][379]LogModuleManager: Shutting down and abandoning module D3D11RHI (20)
[2018.09.02-19.12.20:942][379]LogModuleManager: Shutting down and abandoning module AnimGraphRuntime (18)
[2018.09.02-19.12.20:942][379]LogModuleManager: Shutting down and abandoning module Renderer (16)
[2018.09.02-19.12.20:942][379]LogModuleManager: Shutting down and abandoning module Engine (14)
[2018.09.02-19.12.20:942][379]LogModuleManager: Shutting down and abandoning module CoreUObject (12)
[2018.09.02-19.12.20:942][379]LogModuleManager: Shutting down and abandoning module NetworkFile (10)
[2018.09.02-19.12.20:942][379]LogModuleManager: Shutting down and abandoning module CookedIterativeFile (8)
[2018.09.02-19.12.20:942][379]LogModuleManager: Shutting down and abandoning module StreamingFile (6)
[2018.09.02-19.12.20:943][379]LogModuleManager: Shutting down and abandoning module SandboxFile (4)
[2018.09.02-19.12.20:943][379]LogModuleManager: Shutting down and abandoning module PakFile (2)
[2018.09.02-19.12.20:950][379]LogExit: Exiting.
[2018.09.02-19.12.20:961][379]Log file closed, 09/02/18 20:12:20
