Log file open, 09/11/18 22:09:52
LogWindows: Failed to load 'aqProf.dll' (GetLastError=126)
LogWindows: File 'aqProf.dll' does not exist
LogWindows: Failed to load 'VtuneApi.dll' (GetLastError=126)
LogWindows: File 'VtuneApi.dll' does not exist
LogWindows: Failed to load 'VtuneApi32e.dll' (GetLastError=126)
LogWindows: File 'VtuneApi32e.dll' does not exist
LogInit: Display: Running engine for game: BeyondHuman
LogPlatformFile: Not using cached read wrapper
LogTaskGraph: Started task graph with 5 named threads and 23 total threads with 3 sets of task threads.
LogStats: Stats thread started at 0.294172
LogD3D11RHI: Loaded GFSDK_Aftermath_Lib.x64.dll
LogICUInternationalization: Display: ICU TimeZone Detection - Raw Offset: +0:00, Platform Override: ''
LogPluginManager: Mounting plugin Paper2D
LogPluginManager: Mounting plugin AISupport
LogPluginManager: Mounting plugin LightPropagationVolume
LogPluginManager: Mounting plugin CLionSourceCodeAccess
LogPluginManager: Mounting plugin CodeLiteSourceCodeAccess
LogPluginManager: Mounting plugin GitSourceControl
LogPluginManager: Mounting plugin KDevelopSourceCodeAccess
LogPluginManager: Mounting plugin NullSourceCodeAccess
LogPluginManager: Mounting plugin PerforceSourceControl
LogPluginManager: Mounting plugin SubversionSourceControl
LogPluginManager: Mounting plugin UObjectPlugin
LogPluginManager: Mounting plugin VisualStudioCodeSourceCodeAccess
LogPluginManager: Mounting plugin VisualStudioSourceCodeAccess
LogPluginManager: Mounting plugin XCodeSourceCodeAccess
LogPluginManager: Mounting plugin AssetManagerEditor
LogPluginManager: Mounting plugin CryptoKeys
LogPluginManager: Mounting plugin DataValidation
LogPluginManager: Mounting plugin FacialAnimation
LogPluginManager: Mounting plugin GameplayTagsEditor
LogPluginManager: Mounting plugin MacGraphicsSwitching
LogPluginManager: Mounting plugin MeshEditor
LogPluginManager: Mounting plugin MobileLauncherProfileWizard
LogPluginManager: Mounting plugin PluginBrowser
LogPluginManager: Mounting plugin SpeedTreeImporter
LogPluginManager: Mounting plugin DatasmithContent
LogPluginManager: Mounting plugin AlembicImporter
LogPluginManager: Mounting plugin AppleImageUtils
LogPluginManager: Mounting plugin AppleVision
LogPluginManager: Mounting plugin BackChannel
LogPluginManager: Mounting plugin CharacterAI
LogPluginManager: Mounting plugin GeometryCache
LogPluginManager: Mounting plugin HTML5Networking
LogPluginManager: Mounting plugin ProxyLODPlugin
LogPluginManager: Mounting plugin MagicLeap
LogPluginManager: Mounting plugin MagicLeapEmulator
LogPluginManager: Mounting plugin MagicLeapMedia
LogPluginManager: Mounting plugin Substance
LogPluginManager: Mounting plugin AndroidMedia
LogPluginManager: Mounting plugin AvfMedia
LogPluginManager: Mounting plugin ImgMedia
LogPluginManager: Mounting plugin LinearTimecode
LogPluginManager: Mounting plugin MediaCompositing
LogPluginManager: Mounting plugin MediaPlayerEditor
LogPluginManager: Mounting plugin WmfMedia
LogPluginManager: Mounting plugin TcpMessaging
LogPluginManager: Mounting plugin UdpMessaging
LogPluginManager: Mounting plugin ActorSequence
LogPluginManager: Mounting plugin LevelSequenceEditor
LogPluginManager: Mounting plugin MatineeToLevelSequence
LogPluginManager: Mounting plugin NetcodeUnitTest
LogPluginManager: Mounting plugin NUTUnrealEngine4
LogPluginManager: Mounting plugin OnlineSubsystemGooglePlay
LogPluginManager: Mounting plugin OnlineSubsystemIOS
LogPluginManager: Mounting plugin OnlineSubsystem
LogPluginManager: Mounting plugin OnlineSubsystemNull
LogPluginManager: Mounting plugin OnlineSubsystemUtils
LogPluginManager: Mounting plugin LauncherChunkInstaller
LogPluginManager: Mounting plugin AndroidDeviceProfileSelector
LogPluginManager: Mounting plugin AndroidMoviePlayer
LogPluginManager: Mounting plugin AndroidPermission
LogPluginManager: Mounting plugin AppleMoviePlayer
LogPluginManager: Mounting plugin ArchVisCharacter
LogPluginManager: Mounting plugin AudioCapture
LogPluginManager: Mounting plugin CableComponent
LogPluginManager: Mounting plugin CustomMeshComponent
LogPluginManager: Mounting plugin EditableMesh
LogPluginManager: Mounting plugin ExampleDeviceProfileSelector
LogPluginManager: Mounting plugin GoogleCloudMessaging
LogPluginManager: Mounting plugin ImmediatePhysics
LogPluginManager: Mounting plugin IOSDeviceProfileSelector
LogPluginManager: Mounting plugin LinuxDeviceProfileSelector
LogPluginManager: Mounting plugin LocationServicesBPLibrary
LogPluginManager: Mounting plugin MobilePatchingUtils
LogPluginManager: Mounting plugin OculusVR
LogPluginManager: Plugin shader directory ../../../Engine/Plugins/Runtime/Oculus/OculusVR/Shaders found
LogPluginManager: Mapping shader source directory ../../../Engine/Plugins/Runtime/Oculus/OculusVR/Shaders to virtual directory /Plugin/OculusVR
LogPluginManager: Mounting plugin PhysXVehicles
LogPluginManager: Mounting plugin ProceduralMeshComponent
LogPluginManager: Mounting plugin RuntimePhysXCooking
LogPluginManager: Mounting plugin SteamVR
LogPluginManager: Mounting plugin WindowsMoviePlayer
LogStreaming: Display: Took  0.097s to configure plugins.
LogInit: Using libcurl 7.55.1-DEV
LogInit:  - built for x86_64-pc-win32
LogInit:  - supports SSL with OpenSSL/1.0.2h
LogInit:  - supports HTTP deflate (compression) using libz 1.2.8
LogInit:  - other features:
LogInit:      CURL_VERSION_SSL
LogInit:      CURL_VERSION_LIBZ
LogInit:      CURL_VERSION_IPV6
LogInit:      CURL_VERSION_ASYNCHDNS
LogInit:      CURL_VERSION_LARGEFILE
LogInit:      CURL_VERSION_IDN
LogInit:  CurlRequestOptions (configurable via config and command line):
LogInit:  - bVerifyPeer = false  - Libcurl will NOT verify peer certificate
LogInit:  - bUseHttpProxy = false  - Libcurl will NOT use HTTP proxy
LogInit:  - bDontReuseConnections = false  - Libcurl will reuse connections
LogInit:  - CertBundlePath = nullptr  - Libcurl will use whatever was configured at build time.
LogInit:  - MaxHostConnections = 16  - Libcurl will limit the number of connections to a host
LogInit:  - LocalHostAddr = Default
LogInit:  - BufferSize = 65536
LogInit: WinSock: version 1.1 (2.2), MaxSocks=32767, MaxUdp=65467
LogInit: Build: ++UE4+Release-4.20-CL-4212847
LogInit: Engine Version: 4.20.0-4212847+++UE4+Release-4.20
LogInit: Compatible Engine Version: 4.20.0-4212847+++UE4+Release-4.20
LogInit: Net CL: 4212847
LogInit: OS: Windows 10 (), CPU:        Intel(R) Core(TM) i7-2600K CPU @ 3.40GHz, GPU: NVIDIA GeForce GTX 970
LogInit: Compiled (64-bit): Jul 14 2018 09:51:14
LogInit: Compiled with Visual C++: 19.13.26129.00
LogInit: Build Configuration: Development
LogInit: Branch Name: ++UE4+Release-4.20
LogInit: Command Line:  
LogInit: Base Directory: C:/Program Files/Epic Games/UE_4.20/Engine/Binaries/Win64/
LogInit: Installed Engine Build: 1
LogDevObjectVersion: Number of dev versions registered: 20
LogDevObjectVersion:   Dev-Blueprints (B0D832E4-1F89-4F0D-ACCF-7EB736FD4AA2): 10
LogDevObjectVersion:   Dev-Build (E1C64328-A22C-4D53-A36C-8E866417BD8C): 0
LogDevObjectVersion:   Dev-Core (375EC13C-06E4-48FB-B500-84F0262A717E): 2
LogDevObjectVersion:   Dev-Editor (E4B068ED-F494-42E9-A231-DA0B2E46BB41): 24
LogDevObjectVersion:   Dev-Framework (CFFC743F-43B0-4480-9391-14DF171D2073): 34
LogDevObjectVersion:   Dev-Mobile (B02B49B5-BB20-44E9-A304-32B752E40360): 2
LogDevObjectVersion:   Dev-Networking (A4E4105C-59A1-49B5-A7C5-40C4547EDFEE): 0
LogDevObjectVersion:   Dev-Online (39C831C9-5AE6-47DC-9A44-9C173E1C8E7C): 0
LogDevObjectVersion:   Dev-Physics (78F01B33-EBEA-4F98-B9B4-84EACCB95AA2): 0
LogDevObjectVersion:   Dev-Platform (6631380F-2D4D-43E0-8009-CF276956A95A): 0
LogDevObjectVersion:   Dev-Rendering (12F88B9F-8875-4AFC-A67C-D90C383ABD29): 26
LogDevObjectVersion:   Dev-Sequencer (7B5AE74C-D270-4C10-A958-57980B212A5A): 9
LogDevObjectVersion:   Dev-VR (D7296918-1DD6-4BDD-9DE2-64A83CC13884): 2
LogDevObjectVersion:   Dev-LoadTimes (C2A15278-BFE7-4AFE-6C17-90FF531DF755): 1
LogDevObjectVersion:   Private-Geometry (6EACA3D4-40EC-4CC1-B786-8BED09428FC5): 3
LogDevObjectVersion:   Dev-AnimPhys (29E575DD-E0A3-4627-9D10-D276232CDCEA): 17
LogDevObjectVersion:   Dev-ReflectionCapture (6B266CEC-1EC7-4B8F-A30B-E4D90942FC07): 1
LogDevObjectVersion:   Dev-Automation (0DF73D61-A23F-47EA-B727-89E90C41499A): 1
LogDevObjectVersion:   FortniteMain (601D1886-AC64-4F84-AA16-D3DE0DEAC7D6): 12
LogDevObjectVersion:   Dev-Enterprise (9DFFBCD6-494F-0158-E221-12823C92A888): 1
LogStreaming: Display: Took  0.002s to delete old logs.
LogInit: Presizing for max 8388607 objects, including 0 objects not considered by GC, pre-allocating 0 bytes for permanent pool.
LogInit: Object subsystem initialized
[2018.09.11-21.09.52:441][  0]LogInit: Selected Device Profile: [Windows]
[2018.09.11-21.09.52:441][  0]LogInit: Applying CVar settings loaded from the selected device profile: [Windows]
[2018.09.11-21.09.52:450][  0]LogHAL: Display: Platform has ~ 16 GB [17160146944 / 17179869184 / 16], which maps to Larger [LargestMinGB=32, LargerMinGB=12, DefaultMinGB=8, SmallerMinGB=6, SmallestMinGB=0)
[2018.09.11-21.09.52:450][  0]LogInit: Setting Device Profile CVar: [[r.Vulkan.UseRealUBs:1]]
[2018.09.11-21.09.52:450][  0]LogInit: Going up to parent DeviceProfile []
[2018.09.11-21.09.52:451][  0]LogInit: Computer: DESKTOP-45O6R3R
[2018.09.11-21.09.52:451][  0]LogInit: User: mikey
[2018.09.11-21.09.52:451][  0]LogInit: CPU Page size=4096, Cores=4
[2018.09.11-21.09.52:451][  0]LogInit: High frequency timer resolution =3.331195 MHz
[2018.09.11-21.09.52:451][  0]LogMemory: Memory total: Physical=16.0GB (16GB approx)
[2018.09.11-21.09.52:451][  0]LogMemory: Platform Memory Stats for Windows
[2018.09.11-21.09.52:451][  0]LogMemory: Process Physical Memory: 100.05 MB used, 100.05 MB peak
[2018.09.11-21.09.52:451][  0]LogMemory: Process Virtual Memory: 90.98 MB used, 90.98 MB peak
[2018.09.11-21.09.52:451][  0]LogMemory: Physical Memory: 7604.07 MB used,  8761.12 MB free, 16365.19 MB total
[2018.09.11-21.09.52:451][  0]LogMemory: Virtual Memory: 4640.43 MB used,  8761.12 MB free, 134217728.00 MB total
[2018.09.11-21.09.52:475][  0]LogInit: Using OS detected language (en-US).
[2018.09.11-21.09.52:475][  0]LogInit: Using OS detected locale (en-GB).
[2018.09.11-21.09.52:476][  0]LogTextLocalizationManager: No specific localization for 'en-US' exists, so the 'en' localization will be used.
[2018.09.11-21.09.52:902][  0]LogStreaming: Display: Took  0.427s to InitEngineTextLocalization.
[2018.09.11-21.09.52:902][  0]LogInit: Setting process to per monitor DPI aware
[2018.09.11-21.09.52:963][  0]LogSlate: New Slate User Created.  User Index 0, Is Virtual User: 0
[2018.09.11-21.09.52:963][  0]LogSlate: Slate User Registered.  User Index 0, Is Virtual User: 0
[2018.09.11-21.09.53:232][  0]LogHMD: Failed to initialize OpenVR with code 126
[2018.09.11-21.09.53:232][  0]LogD3D11RHI: D3D11 adapters:
[2018.09.11-21.09.53:298][  0]LogD3D11RHI:    0. 'NVIDIA GeForce GTX 970' (Feature Level 11_0)
[2018.09.11-21.09.53:298][  0]LogD3D11RHI:       4058/0/8182 MB DedicatedVideo/DedicatedSystem/SharedSystem, Outputs:3, VendorId:0x10de
[2018.09.11-21.09.53:300][  0]LogD3D11RHI:    1. 'Microsoft Basic Render Driver' (Feature Level 11_0)
[2018.09.11-21.09.53:300][  0]LogD3D11RHI:       0/0/8182 MB DedicatedVideo/DedicatedSystem/SharedSystem, Outputs:0, VendorId:0x1414
[2018.09.11-21.09.53:300][  0]LogD3D11RHI: Chosen D3D11 Adapter: 0
[2018.09.11-21.09.53:306][  0]LogD3D11RHI: Creating new Direct3DDevice
[2018.09.11-21.09.53:306][  0]LogD3D11RHI:     GPU DeviceId: 0x13c2 (for the marketing name, search the web for "GPU Device Id")
[2018.09.11-21.09.53:306][  0]LogWindows: EnumDisplayDevices:
[2018.09.11-21.09.53:306][  0]LogWindows:    0. 'NVIDIA GeForce GTX 970' (P:1 D:1)
[2018.09.11-21.09.53:307][  0]LogWindows:    1. 'NVIDIA GeForce GTX 970' (P:0 D:1)
[2018.09.11-21.09.53:307][  0]LogWindows:    2. 'NVIDIA GeForce GTX 970' (P:0 D:1)
[2018.09.11-21.09.53:307][  0]LogWindows:    3. 'NVIDIA GeForce GTX 970' (P:0 D:0)
[2018.09.11-21.09.53:307][  0]LogWindows: DebugString: FoundDriverCount:4 
[2018.09.11-21.09.53:307][  0]LogD3D11RHI:     Adapter Name: NVIDIA GeForce GTX 970
[2018.09.11-21.09.53:307][  0]LogD3D11RHI:   Driver Version: 388.13 (internal:23.21.13.8813, unified:388.13)
[2018.09.11-21.09.53:307][  0]LogD3D11RHI:      Driver Date: 10-27-2017
[2018.09.11-21.09.53:307][  0]LogRHI: Texture pool is 2840 MB (70% of 4058 MB)
[2018.09.11-21.09.53:348][  0]LogD3D11RHI: Async texture creation enabled
[2018.09.11-21.09.53:361][  0]LogD3D11RHI: GPU Timing Frequency: 1000.000000 (Debug: 2 1)
[2018.09.11-21.09.53:506][  0]LogShaderCompilers: Guid format shader working directory is 15 characters bigger than the processId version (E:/Unreal Projects/BeyondHuman/Intermediate/Shaders/WorkingDirectory/10328/).
[2018.09.11-21.09.53:507][  0]LogShaderCompilers: Cleaned the shader compiler working directory 'C:/Users/mikey/AppData/Local/Temp/UnrealShaderWorkingDir/A416B93448906A13A8162CA6B2FF6441/'.
[2018.09.11-21.09.53:875][  0]LogTemp: Display: Loaded TP AllDesktopTargetPlatform
[2018.09.11-21.09.53:891][  0]LogTemp: Display: Loaded TP MacClientTargetPlatform
[2018.09.11-21.09.53:906][  0]LogTemp: Display: Loaded TP MacNoEditorTargetPlatform
[2018.09.11-21.09.53:922][  0]LogTemp: Display: Loaded TP MacServerTargetPlatform
[2018.09.11-21.09.53:938][  0]LogTemp: Display: Loaded TP MacTargetPlatform
[2018.09.11-21.09.53:954][  0]LogTemp: Display: Loaded TP WindowsClientTargetPlatform
[2018.09.11-21.09.53:970][  0]LogTemp: Display: Loaded TP WindowsNoEditorTargetPlatform
[2018.09.11-21.09.53:986][  0]LogTemp: Display: Loaded TP WindowsServerTargetPlatform
[2018.09.11-21.09.53:993][  0]LogTemp: Display: Loaded TP WindowsTargetPlatform
[2018.09.11-21.09.54:085][  0]LogTemp: Display: Loaded TP AndroidTargetPlatform
[2018.09.11-21.09.54:085][  0]LogTemp: Display: Loaded TP AndroidTargetPlatform
[2018.09.11-21.09.54:085][  0]LogTemp: Display: Loaded TP AndroidTargetPlatform
[2018.09.11-21.09.54:085][  0]LogTemp: Display: Loaded TP AndroidTargetPlatform
[2018.09.11-21.09.54:085][  0]LogTemp: Display: Loaded TP AndroidTargetPlatform
[2018.09.11-21.09.54:085][  0]LogTemp: Display: Loaded TP AndroidTargetPlatform
[2018.09.11-21.09.54:085][  0]LogTemp: Display: Loaded TP AndroidTargetPlatform
[2018.09.11-21.09.54:085][  0]LogTemp: Display: Loaded TP AndroidTargetPlatform
[2018.09.11-21.09.54:085][  0]LogTemp: Display: Loaded TP AndroidTargetPlatform
[2018.09.11-21.09.54:085][  0]LogTemp: Display: Loaded TP AndroidTargetPlatform
[2018.09.11-21.09.54:085][  0]LogTemp: Display: Loaded TP AndroidTargetPlatform
[2018.09.11-21.09.54:085][  0]LogTemp: Display: Loaded TP AndroidTargetPlatform
[2018.09.11-21.09.54:085][  0]LogTemp: Display: Loaded TP AndroidTargetPlatform
[2018.09.11-21.09.54:085][  0]LogTemp: Display: Loaded TP AndroidTargetPlatform
[2018.09.11-21.09.54:085][  0]LogTemp: Display: Loaded TP AndroidTargetPlatform
[2018.09.11-21.09.54:085][  0]LogTemp: Display: Loaded TP AndroidTargetPlatform
[2018.09.11-21.09.54:085][  0]LogTemp: Display: Loaded TP AndroidTargetPlatform
[2018.09.11-21.09.54:085][  0]LogTemp: Display: Loaded TP AndroidTargetPlatform
[2018.09.11-21.09.54:087][  0]LogTemp: Display: Loaded TP HTML5TargetPlatform
[2018.09.11-21.09.54:153][  0]LogTemp: Display: Loaded TP IOSTargetPlatform
[2018.09.11-21.09.54:153][  0]LogTemp: Display: Loaded TP IOSTargetPlatform
[2018.09.11-21.09.54:184][  0]LogTemp: Display: Loaded TP TVOSTargetPlatform
[2018.09.11-21.09.54:184][  0]LogTemp: Display: Loaded TP TVOSTargetPlatform
[2018.09.11-21.09.54:199][  0]LogTemp: Display: Loaded TP LinuxClientTargetPlatform
[2018.09.11-21.09.54:213][  0]LogTemp: Display: Loaded TP LinuxNoEditorTargetPlatform
[2018.09.11-21.09.54:229][  0]LogTemp: Display: Loaded TP LinuxServerTargetPlatform
[2018.09.11-21.09.54:245][  0]LogTemp: Display: Loaded TP LinuxTargetPlatform
[2018.09.11-21.09.54:256][  0]LogTemp: Display: Loaded TP LuminTargetPlatform
[2018.09.11-21.09.54:256][  0]LogTargetPlatformManager: Display: Building Assets For Windows
[2018.09.11-21.09.54:321][  0]LogXGEController: Cleaning working directory: C:/Users/mikey/AppData/Local/Temp/UnrealXGEWorkingDir/
[2018.09.11-21.09.54:321][  0]LogXGEController: Cannot use XGE Controller as Incredibuild is not installed on this machine.
[2018.09.11-21.09.54:321][  0]LogShaderCompilers: Cannot use XGE Shader Compiler as Incredibuild is not installed on this machine.
[2018.09.11-21.09.54:321][  0]LogShaderCompilers: Display: Using Local Shader Compiler.
[2018.09.11-21.09.55:296][  0]LogDerivedDataCache: Display: Max Cache Size: 512 MB
[2018.09.11-21.09.55:366][  0]LogDerivedDataCache: Loaded boot cache 0.07s 71MB C:/Users/mikey/AppData/Local/UnrealEngine/4.20/DerivedDataCache/Boot.ddc.
[2018.09.11-21.09.55:367][  0]LogDerivedDataCache: Display: Loaded Boot cache: C:/Users/mikey/AppData/Local/UnrealEngine/4.20/DerivedDataCache/Boot.ddc
[2018.09.11-21.09.55:367][  0]LogDerivedDataCache: FDerivedDataBackendGraph:  Pak pak cache file E:/Unreal Projects/BeyondHuman/DerivedDataCache/DDC.ddp not found, will not use a pak cache.
[2018.09.11-21.09.55:367][  0]LogDerivedDataCache: Unable to find inner node Pak for hierarchical cache Hierarchy.
[2018.09.11-21.09.55:367][  0]LogDerivedDataCache: FDerivedDataBackendGraph:  CompressedPak pak cache file E:/Unreal Projects/BeyondHuman/DerivedDataCache/Compressed.ddp not found, will not use a pak cache.
[2018.09.11-21.09.55:367][  0]LogDerivedDataCache: Unable to find inner node CompressedPak for hierarchical cache Hierarchy.
[2018.09.11-21.09.55:382][  0]LogDerivedDataCache: Display: Pak cache opened for reading ../../../Engine/DerivedDataCache/Compressed.ddp.
[2018.09.11-21.09.55:394][  0]LogDerivedDataCache: Using Local data cache path C:/Users/mikey/AppData/Local/UnrealEngine/Common/DerivedDataCache: Writable
[2018.09.11-21.09.55:394][  0]LogDerivedDataCache: Shared data cache path not found in *engine.ini, will not use an Shared cache.
[2018.09.11-21.09.55:394][  0]LogDerivedDataCache: Unable to find inner node Shared for hierarchical cache Hierarchy.
[2018.09.11-21.09.55:417][  0]LogMaterial: Verifying Global Shaders for PCD3D_SM5
[2018.09.11-21.09.55:419][  0]LogSlate: Using FreeType 2.6.0
[2018.09.11-21.09.55:420][  0]LogSlate: SlateFontServices - WITH_FREETYPE: 1, WITH_HARFBUZZ: 1
[2018.09.11-21.09.55:509][  0]LogAssetRegistry: FAssetRegistry took 0.0281 seconds to start up
[2018.09.11-21.09.56:001][  0]LogInit: Selected Device Profile: [Windows]
[2018.09.11-21.09.56:177][  0]LogSimplygon: Simplygon DLL not present - disabling.
[2018.09.11-21.09.56:181][  0]LogMeshReduction: Using SimplygonSwarm for distributed automatic mesh merging
[2018.09.11-21.09.56:181][  0]LogMeshReduction: Using ProxyLODMeshReduction for automatic mesh merging
[2018.09.11-21.09.56:181][  0]LogMeshReduction: Using QuadricMeshReduction for automatic static mesh reduction
[2018.09.11-21.09.56:181][  0]LogMeshReduction: No automatic skeletal mesh reduction module available
[2018.09.11-21.09.56:214][  0]LogNetVersion: BeyondHuman 1.0.0, NetCL: 4212847, EngineNetVer: 5, GameNetVer: 0 (Checksum: 671501493)
[2018.09.11-21.09.56:782][  0]LogPackageLocalizationCache: Processed 11 localized package path(s) for 2 prioritized culture(s) in 0.103078 seconds
[2018.09.11-21.09.56:789][  0]LogUObjectArray: 38425 objects as part of root set at end of initial load.
[2018.09.11-21.09.56:789][  0]LogUObjectAllocator: 6690864 out of 0 bytes used by permanent object pool.
[2018.09.11-21.09.56:789][  0]LogUObjectArray: CloseDisregardForGC: 0/0 objects in disregard for GC pool
[2018.09.11-21.09.57:781][  0]LogSubstanceCoreModule: Substance [CPU] Engine Loaded, Max Texture Size = 2048
[2018.09.11-21.09.57:785][  0]LogTcpMessaging: Initializing TcpMessaging bridge
[2018.09.11-21.09.57:799][  0]LogUdpMessaging: Initializing bridge on interface 0.0.0.0:0 to multicast group 230.0.0.1:6666.
[2018.09.11-21.09.57:967][  0]SourceControl: Source control is disabled
[2018.09.11-21.09.57:967][  0]SourceControl: Source control is disabled
[2018.09.11-21.09.57:969][  0]SourceControl: Source control is disabled
[2018.09.11-21.09.57:971][  0]SourceControl: Source control is disabled
[2018.09.11-21.09.58:162][  0]LogAndroidPermission: UAndroidPermissionCallbackProxy::GetInstance
[2018.09.11-21.09.58:279][  0]LogOcInput: OculusInput pre-init called
[2018.09.11-21.09.58:434][  0]LogEngine: Initializing Engine...
[2018.09.11-21.09.58:467][  0]LogHMD: Failed to initialize OpenVR with code 126
[2018.09.11-21.09.58:469][  0]LogStats: UGameplayTagsManager::ConstructGameplayTagTree: ImportINI prefixes -  0.000 s
[2018.09.11-21.09.58:469][  0]LogStats: UGameplayTagsManager::ConstructGameplayTagTree: Construct from data asset -  0.000 s
[2018.09.11-21.09.58:469][  0]LogStats: UGameplayTagsManager::ConstructGameplayTagTree: ImportINI -  0.000 s
[2018.09.11-21.09.58:469][  0]LogStats: UGameplayTagsManager::ConstructGameplayTagTree: GameplayTagTreeChangedEvent.Broadcast -  0.000 s
[2018.09.11-21.09.58:744][  0]LogInit: Initializing FReadOnlyCVARCache
[2018.09.11-21.09.58:766][  0]LogAIModule: Creating AISystem for world Untitled
[2018.09.11-21.09.58:824][  0]LogInit: XAudio2 using 'Speakers (High Definition Audio Device)' : 2 channels at 44.1 kHz using 16 bits per sample (channel mask 0x3)
[2018.09.11-21.09.58:840][  0]LogInit: FAudioDevice initialized.
[2018.09.11-21.09.58:840][  0]LogNetVersion: Set ProjectVersion to 1.0.0.0. Version Checksum will be recalculated on next use.
[2018.09.11-21.09.58:924][  0]LogDerivedDataCache: Saved boot cache 0.08s 71MB C:/Users/mikey/AppData/Local/UnrealEngine/4.20/DerivedDataCache/Boot.ddc.
[2018.09.11-21.09.58:924][  0]LogInit: Texture streaming: Enabled
[2018.09.11-21.09.58:948][  0]LogEngineSessionManager: EngineSessionManager initialized
[2018.09.11-21.09.58:962][  0]LogInit: Transaction tracking system initialized
[2018.09.11-21.09.58:985][  0]BlueprintLog: New page: Editor Load
[2018.09.11-21.09.59:072][  0]LocalizationService: Localization service is disabled
[2018.09.11-21.09.59:363][  0]LogCook: Display: Max memory allowance for cook 16384mb min free memory 0mb
[2018.09.11-21.09.59:363][  0]LogCook: Display: Mobile HDR setting 1
[2018.09.11-21.09.59:363][  0]LogGameplayTags: Display: UGameplayTagsManager::DoneAddingNativeTags. DelegateIsBound: 0
[2018.09.11-21.09.59:363][  0]LogStats: UGameplayTagsManager::ConstructGameplayTagTree: ImportINI prefixes -  0.000 s
[2018.09.11-21.09.59:363][  0]LogStats: UGameplayTagsManager::ConstructGameplayTagTree: Construct from data asset -  0.000 s
[2018.09.11-21.09.59:363][  0]LogStats: UGameplayTagsManager::ConstructGameplayTagTree: ImportINI -  0.000 s
[2018.09.11-21.09.59:363][  0]LogStats: UGameplayTagsManager::ConstructGameplayTagTree: GameplayTagTreeChangedEvent.Broadcast -  0.000 s
[2018.09.11-21.09.59:524][  0]LogFileCache: Scanning file cache for directory 'E:/Unreal Projects/BeyondHuman/Content/' took 0.02s
[2018.09.11-21.09.59:524][  0]SourceControl: Source control is disabled
[2018.09.11-21.09.59:525][  0]Cmd: MAP LOAD FILE="E:/Unreal Projects/BeyondHuman/Content/Maps/Meshing.umap" TEMPLATE=0 SHOWPROGRESS=1 FEATURELEVEL=3
[2018.09.11-21.09.59:525][  0]LightingResults: New page: Lighting Build
[2018.09.11-21.09.59:528][  0]MapCheck: New page: Map Check
[2018.09.11-21.09.59:528][  0]LightingResults: New page: Lighting Build
[2018.09.11-21.10.04:186][  0]LogAIModule: Creating AISystem for world Meshing
[2018.09.11-21.10.04:330][  0]LogEditorServer: Finished looking for orphan Actors (0.000 secs)
[2018.09.11-21.10.04:368][  0]Cmd: MAP CHECKDEP NOCLEARLOG
[2018.09.11-21.10.04:596][  0]MapCheck: Map check complete: 0 Error(s), 0 Warning(s), took 227.452ms to complete.
[2018.09.11-21.10.04:596][  0]LogFileHelpers: Loading map 'Meshing' took 5.071
[2018.09.11-21.10.04:760][  0]LogSlate: Updating window title bar state: overlay mode, drag disabled, window buttons hidden, title bar hidden
[2018.09.11-21.10.04:770][  0]LogSlate: Updating window title bar state: overlay mode, drag disabled, window buttons hidden, title bar hidden
[2018.09.11-21.10.04:780][  0]LogSlate: Updating window title bar state: overlay mode, drag disabled, window buttons hidden, title bar hidden
[2018.09.11-21.10.04:790][  0]LogSlate: Updating window title bar state: overlay mode, drag disabled, window buttons hidden, title bar hidden
[2018.09.11-21.10.04:797][  0]LogCollectionManager: Loaded 0 collections in 0.001566 seconds
[2018.09.11-21.10.04:853][  0]LogFileCache: Scanning file cache for directory 'E:/Unreal Projects/BeyondHuman/Saved/Collections/' took 0.01s
[2018.09.11-21.10.04:853][  0]LogFileCache: Scanning file cache for directory 'E:/Unreal Projects/BeyondHuman/Content/Developers/mikey/Collections/' took 0.01s
[2018.09.11-21.10.04:853][  0]LogFileCache: Scanning file cache for directory 'E:/Unreal Projects/BeyondHuman/Content/Collections/' took 0.01s
[2018.09.11-21.10.04:853][  0]LogCollectionManager: Rebuilt the GUID cache for 0 collections in 0.000001 seconds
[2018.09.11-21.10.04:865][  0]LogContentBrowser: Native class hierarchy populated in 0.0109 seconds. Added 2586 classes and 609 folders.
[2018.09.11-21.10.04:873][  0]LogContentBrowser: Native class hierarchy updated for 'WidgetCarousel' in 0.0003 seconds. Added 0 classes and 0 folders.
[2018.09.11-21.10.04:924][  0]LogContentBrowser: Native class hierarchy updated for 'AddContentDialog' in 0.0003 seconds. Added 0 classes and 0 folders.
[2018.09.11-21.10.04:930][  0]LogContentBrowser: Native class hierarchy updated for 'SceneOutliner' in 0.0003 seconds. Added 1 classes and 2 folders.
[2018.09.11-21.10.04:950][  0]LogSlate: Took 0.000280 seconds to synchronously load lazily loaded font '../../../Engine/Content/Slate/Fonts/Roboto-Regular.ttf' (155K)
[2018.09.11-21.10.04:953][  0]LogSlate: Took 0.000291 seconds to synchronously load lazily loaded font '../../../Engine/Content/Slate/Fonts/Roboto-Bold.ttf' (160K)
[2018.09.11-21.10.04:960][  0]LogSlate: Took 0.000281 seconds to synchronously load lazily loaded font '../../../Engine/Content/Editor/Slate/Fonts/FontAwesome.ttf' (139K)
[2018.09.11-21.10.05:057][  0]LogRenderer: Reallocating scene render targets to support 1236x492 Format 10 NumSamples 1 (Frame:1).
[2018.09.11-21.10.05:289][  0]LogContentBrowser: Native class hierarchy updated for 'HierarchicalLODOutliner' in 0.0003 seconds. Added 0 classes and 0 folders.
[2018.09.11-21.10.05:289][  0]LogLoad: (Engine Initialization) Total time: 14.63 seconds
[2018.09.11-21.10.05:289][  0]LogLoad: (Engine Initialization) Total Blueprint compile time: 0.00 seconds
[2018.09.11-21.10.05:299][  0]LogWindowsTextInputMethodSystem: Display: IME system now deactivated.
[2018.09.11-21.10.05:322][  0]LogContentStreaming: Texture pool size now 3000 MB
[2018.09.11-21.10.05:400][  0]LogRenderer: Reallocating scene render targets to support 1236x508 Format 10 NumSamples 1 (Frame:2).
[2018.09.11-21.10.05:400][  0]LogSlate: Took 0.000226 seconds to synchronously load lazily loaded font '../../../Engine/Content/Slate/Fonts/Roboto-Light.ttf' (167K)
[2018.09.11-21.10.05:453][  1]LogSubstanceLiveLink: Warning: Unable to send data along socket, closing connection
[2018.09.11-21.10.05:512][  2]LogAssetRegistry: Asset discovery search completed in 10.0260 seconds
[2018.09.11-21.10.05:514][  2]LogCollectionManager: Rebuilt the object cache for 0 collections in 0.000001 seconds (found 0 objects)
[2018.09.11-21.10.05:514][  2]LogCollectionManager: Fixed up redirectors for 0 collections in 0.000052 seconds (updated 0 objects)
[2018.09.11-21.10.14:332][146]LogSlate: FSceneViewport::OnFocusLost() reason 0
[2018.09.11-21.10.24:575][194]LogSlate: Took 0.000348 seconds to synchronously load lazily loaded font '../../../Engine/Content/Slate/Fonts/Roboto-Light.ttf' (167K)
[2018.09.11-21.10.24:589][194]LogFactory: FactoryCreateFile: StaticMesh with FbxFactory (0 0 E:/Dropbox (Personal)/Docs/Projects/Beyond Human/Exports/Props/TrashBagPile.fbx)
[2018.09.11-21.10.24:607][194]LogFbx: Loading FBX Scene from E:/Dropbox (Personal)/Docs/Projects/Beyond Human/Exports/Props/TrashBagPile.fbx
[2018.09.11-21.10.24:622][194]LogFbx: FBX Scene Loaded Succesfully
[2018.09.11-21.10.25:862][194]LogSlate: Window 'FBX Import Options' being destroyed
[2018.09.11-21.10.26:022][194]LogStaticMesh: Building static mesh TrashBagPile...
[2018.09.11-21.10.26:176][194]LogStaticMesh: Built static mesh [0.16s] /Game/Meshes/TrashBagPile.TrashBagPile
[2018.09.11-21.10.27:661][231]LogActorFactory: Actor Factory created TrashBagPile
[2018.09.11-21.10.29:530][244]LogActorFactory: Actor Factory created TrashBagPile
[2018.09.11-21.10.51:053][ 67]LogEditorViewport: Clicking on Actor (LMB): StaticMeshActor (Ground)
[2018.09.11-21.10.54:546][205]LogEditorViewport: Clicking on Actor (LMB): StaticMeshActor (TrashBagPile)
[2018.09.11-21.11.00:534][429]LogEditorViewport: Clicking on Actor (LMB): StaticMeshActor (Ground)
[2018.09.11-21.11.07:777][651]LogEditorViewport: Clicking on Actor (LMB): StaticMeshActor (TrashBagPile)
[2018.09.11-21.11.09:594][710]LogEditorViewport: Clicking on Actor (LMB): StaticMeshActor (TrashBagPile)
[2018.09.11-21.11.11:225][772]LogEditorViewport: Clicking on Actor (LMB): StaticMeshActor (Ground)
[2018.09.11-21.11.13:171][846]LogEditorViewport: Clicking on Actor (LMB): StaticMeshActor (TrashBagPile)
[2018.09.11-21.11.18:458][ 43]LogEditorViewport: Clicking on Actor (LMB): StaticMeshActor (CrateLRG)
[2018.09.11-21.11.21:065][139]LogEditorViewport: Clicking on Actor (LMB): StaticMeshActor (TrashBagPile)
[2018.09.11-21.11.22:151][174]LogEditorViewport: Clicking on Actor (LMB): StaticMeshActor (CrateLRG)
[2018.09.11-21.11.22:919][198]LogEditorViewport: Clicking on Actor (LMB): StaticMeshActor (TrashBagPile)
[2018.09.11-21.11.25:051][286]LogEditorViewport: Clicking on Actor (LMB): StaticMeshActor (CrateLRG)
[2018.09.11-21.11.27:526][362]LogEditorViewport: Clicking on Actor (LMB): StaticMeshActor (CrateLRG)
[2018.09.11-21.11.28:309][390]LogEditorViewport: Clicking on Actor (LMB): StaticMeshActor (WallPillar (14)9)
[2018.09.11-21.11.31:944][525]LogEditorViewport: Clicking on Actor (LMB): StaticMeshActor (TrashBagPile)
[2018.09.11-21.11.34:435][623]LogEditorViewport: Clicking on Actor (LMB): StaticMeshActor (Ground)
[2018.09.11-21.11.37:983][740]LogEditorViewport: Clicking on Actor (LMB): StaticMeshActor (BuildingAngled)
[2018.09.11-21.11.42:698][900]LogEditorViewport: Clicking on Actor (LMB): StaticMeshActor (TrashBagPile)
[2018.09.11-21.11.44:597][967]LogEditorViewport: Clicking on Actor (LMB): StaticMeshActor (CrateLRG)
[2018.09.11-21.11.45:558][  6]LogEditorViewport: Clicking on Actor (LMB): StaticMeshActor (Ground)
[2018.09.11-21.11.46:652][ 51]LogEditorViewport: Clicking on Actor (LMB): StaticMeshActor (TrashBagPile)
[2018.09.11-21.11.49:028][150]LogEditorViewport: Clicking on Actor (LMB): StaticMeshActor (CrateLRG)
[2018.09.11-21.11.50:746][203]LogEditorViewport: Clicking on Actor (LMB): StaticMeshActor (TrashBagPile)
[2018.09.11-21.11.52:457][246]LogEditorViewport: Clicking on Actor (LMB): StaticMeshActor (Ground)
[2018.09.11-21.12.00:979][525]LogSlate: FSceneViewport::OnFocusLost() reason 0
[2018.09.11-21.12.02:023][527]LogSlate: Window 'Save Content' being destroyed
[2018.09.11-21.12.02:277][527]Cmd: OBJ SAVEPACKAGE PACKAGE="/Game/Maps/Meshing" FILE="E:/Unreal Projects/BeyondHuman/Content/Maps/Meshing.umap" SILENT=true AUTOSAVING=false KEEPDIRTY=false
[2018.09.11-21.12.02:835][527]LogSavePackage: Moving 'E:/Unreal Projects/BeyondHuman/Saved/Meshing86F47B0F4461113E96B0E9A9C40A79B4.tmp' to 'E:/Unreal Projects/BeyondHuman/Content/Maps/Meshing.umap'
[2018.09.11-21.12.02:858][527]LogFileHelpers: Saving map 'Meshing' took 0.796
[2018.09.11-21.12.02:879][527]Cmd: OBJ SAVEPACKAGE PACKAGE="/Game/Meshes/TrashBagPile" FILE="E:/Unreal Projects/BeyondHuman/Content/Meshes/TrashBagPile.uasset" SILENT=true
[2018.09.11-21.12.02:893][527]LogSavePackage: Moving 'E:/Unreal Projects/BeyondHuman/Saved/TrashBagPileC7D1C161435B409E75ED4C86DF220D28.tmp' to 'E:/Unreal Projects/BeyondHuman/Content/Meshes/TrashBagPile.uasset'
[2018.09.11-21.12.04:846][585]LogEditorViewport: Clicking on Actor (LMB): StaticMeshActor (CrateLRG)
[2018.09.11-21.12.36:203][813]LogEditorViewport: Clicking on Actor (LMB): StaticMeshActor (Ground)
[2018.09.11-21.12.40:618][971]LogSlate: FSceneViewport::OnFocusLost() reason 0
[2018.09.11-21.19.44:241][492]LogSlate: FSceneViewport::OnFocusLost() reason 0
[2018.09.11-21.20.13:324][657]LogFactory: FactoryCreateFile: Texture with ReimportTextureFactory (0 0 E:\Dropbox (Personal)\Docs\Projects\Beyond Human\SourceImages\Props\TrashBagPile_M_TrashBagPile_BaseColor.png)
[2018.09.11-21.20.13:362][657]LogTexture: Display: Building textures: TrashBagPile_M_TrashBagPile_BaseColor (AutoDXT, 1024X1024)
[2018.09.11-21.20.13:615][657]LogFactory: FactoryCreateFile: Texture with ReimportTextureFactory (0 0 E:\Dropbox (Personal)\Docs\Projects\Beyond Human\SourceImages\Props\TrashBagPile_M_TrashBagPile_Metallic.png)
[2018.09.11-21.20.13:637][657]LogTexture: Display: Building textures: TrashBagPile_M_TrashBagPile_Metallic (AutoDXT, 1024X1024)
[2018.09.11-21.20.13:950][657]LogFactory: FactoryCreateFile: Texture with ReimportTextureFactory (0 0 E:\Dropbox (Personal)\Docs\Projects\Beyond Human\SourceImages\Props\TrashBagPile_M_TrashBagPile_Normal.png)
[2018.09.11-21.20.14:025][657]LogTexture: Display: Building textures: TrashBagPile_M_TrashBagPile_Normal (BC5, 1024X1024)
[2018.09.11-21.20.14:120][657]LogFactory: FactoryCreateFile: Texture with ReimportTextureFactory (0 0 E:\Dropbox (Personal)\Docs\Projects\Beyond Human\SourceImages\Props\TrashBagPile_M_TrashBagPile_Roughness.png)
[2018.09.11-21.20.14:142][657]LogTexture: Display: Building textures: TrashBagPile_M_TrashBagPile_Roughness (AutoDXT, 1024X1024)
[2018.09.11-21.20.32:463][290]LogSlate: FSceneViewport::OnFocusLost() reason 0
[2018.09.11-21.20.32:636][295]LogAssetEditorManager: Opening Asset editor for MaterialInstanceConstant /Game/Materials/Mi_TrashBagPile.Mi_TrashBagPile
[2018.09.11-21.20.33:121][295]LogRenderer: Reallocating scene render targets to support 1336x924 Format 10 NumSamples 1 (Frame:1).
[2018.09.11-21.20.33:561][300]LogSlate: Took 0.000408 seconds to synchronously load lazily loaded font '../../../Engine/Content/Slate/Fonts/Roboto-Italic.ttf' (157K)
[2018.09.11-21.20.50:251][979]LogMaterial: Display: Missing cached shader map for material MA_Standard, compiling. 
[2018.09.11-21.20.50:359][979]LogShaderCompilers: Display: Shaders left to compile 31
[2018.09.11-21.20.50:360][979]LogShaderCompilers: Display: Shaders left to compile 21
[2018.09.11-21.20.50:360][979]LogShaderCompilers: Display: Shaders left to compile 11
[2018.09.11-21.20.50:360][979]LogShaderCompilers: Display: Shaders left to compile 1
[2018.09.11-21.21.10:954][816]LogSlate: FSceneViewport::OnFocusLost() reason 0
[2018.09.11-21.21.17:090][ 52]LogSlate: FSceneViewport::OnFocusLost() reason 0
[2018.09.11-21.21.45:527][ 63]LogSlate: FSceneViewport::OnFocusLost() reason 0
[2018.09.11-21.21.45:657][ 68]Cmd: OBJ SAVEPACKAGE PACKAGE="/Game/Materials/Mi_TrashBagPile" FILE="E:/Unreal Projects/BeyondHuman/Content/Materials/Mi_TrashBagPile.uasset" SILENT=true
[2018.09.11-21.21.45:686][ 68]LogMaterial: Display: Missing cached shader map for material FDebugViewModeMaterialProxy Mi_TrashBagPile, compiling. 
[2018.09.11-21.21.46:299][ 68]LogShaderCompilers: Display: Shaders left to compile 1
[2018.09.11-21.21.46:300][ 68]TextureStreamingBuild: Display: Compiling optional shaders took 0.620 seconds.
[2018.09.11-21.21.46:335][ 68]LogSavePackage: Moving 'E:/Unreal Projects/BeyondHuman/Saved/Mi_TrashBagPile9AB7459F4B5FADC4ADEE37A1E64404D7.tmp' to 'E:/Unreal Projects/BeyondHuman/Content/Materials/Mi_TrashBagPile.uasset'
[2018.09.11-21.21.47:473][114]LogSlate: FSceneViewport::OnFocusLost() reason 2
[2018.09.11-21.21.50:375][219]LogSlate: FSceneViewport::OnFocusLost() reason 2
[2018.09.11-21.22.40:792][ 75]LogSlate: FSceneViewport::OnFocusLost() reason 2
[2018.09.11-21.22.40:837][ 75]Cmd: OBJ SAVEPACKAGE PACKAGE="/Game/Maps/Meshing" FILE="E:/Unreal Projects/BeyondHuman/Saved/Autosaves/Game/Maps/Meshing_Auto1.umap" SILENT=true AUTOSAVING=true KEEPDIRTY=false
[2018.09.11-21.22.41:367][ 75]LogSavePackage: Moving 'E:/Unreal Projects/BeyondHuman/Saved/Meshing_Auto10CC319284776E1D5BDE9408EBEE6A8FE.tmp' to 'E:/Unreal Projects/BeyondHuman/Saved/Autosaves/Game/Maps/Meshing_Auto1.umap'
[2018.09.11-21.22.41:370][ 75]LogFileHelpers: Editor autosave (incl. sublevels) for '/Game/Maps/Meshing' took 0.554
[2018.09.11-21.22.41:370][ 75]LogFileHelpers: Editor autosave (incl. sublevels) for all levels took 0.554
[2018.09.11-21.22.41:372][ 75]OBJ SavePackage: Generating thumbnails for [1] asset(s) in package [/Game/Textures/Props/TrashBagPile_M_TrashBagPile_BaseColor] ([1] browsable assets)...
[2018.09.11-21.22.41:378][ 75]OBJ SavePackage:     Rendered thumbnail for [Texture2D /Game/Textures/Props/TrashBagPile_M_TrashBagPile_BaseColor.TrashBagPile_M_TrashBagPile_BaseColor]
[2018.09.11-21.22.41:378][ 75]OBJ SavePackage: Finished generating thumbnails for package [/Game/Textures/Props/TrashBagPile_M_TrashBagPile_BaseColor]
[2018.09.11-21.22.41:388][ 75]LogSavePackage: Moving 'E:/Unreal Projects/BeyondHuman/Saved/TrashBagPile_M_TrashBagPile_Base4B40029A4D2B4A553905AF8412E9EB08.tmp' to 'E:/Unreal Projects/BeyondHuman/Saved/Autosaves/Game/Textures/Props/TrashBagPile_M_TrashBagPile_BaseColor_Auto1.uasset'
[2018.09.11-21.22.41:413][ 75]OBJ SavePackage: Generating thumbnails for [1] asset(s) in package [/Game/Textures/Props/TrashBagPile_M_TrashBagPile_Metallic] ([1] browsable assets)...
[2018.09.11-21.22.41:421][ 75]OBJ SavePackage:     Rendered thumbnail for [Texture2D /Game/Textures/Props/TrashBagPile_M_TrashBagPile_Metallic.TrashBagPile_M_TrashBagPile_Metallic]
[2018.09.11-21.22.41:421][ 75]OBJ SavePackage: Finished generating thumbnails for package [/Game/Textures/Props/TrashBagPile_M_TrashBagPile_Metallic]
[2018.09.11-21.22.41:432][ 75]LogSavePackage: Moving 'E:/Unreal Projects/BeyondHuman/Saved/TrashBagPile_M_TrashBagPile_Meta705F43C745F52CB0070670B19E9C263C.tmp' to 'E:/Unreal Projects/BeyondHuman/Saved/Autosaves/Game/Textures/Props/TrashBagPile_M_TrashBagPile_Metallic_Auto1.uasset'
[2018.09.11-21.22.41:433][ 75]OBJ SavePackage: Generating thumbnails for [1] asset(s) in package [/Game/Textures/Props/TrashBagPile_M_TrashBagPile_Normal] ([1] browsable assets)...
[2018.09.11-21.22.41:444][ 75]OBJ SavePackage:     Rendered thumbnail for [Texture2D /Game/Textures/Props/TrashBagPile_M_TrashBagPile_Normal.TrashBagPile_M_TrashBagPile_Normal]
[2018.09.11-21.22.41:445][ 75]OBJ SavePackage: Finished generating thumbnails for package [/Game/Textures/Props/TrashBagPile_M_TrashBagPile_Normal]
[2018.09.11-21.22.41:476][ 75]LogSavePackage: Moving 'E:/Unreal Projects/BeyondHuman/Saved/TrashBagPile_M_TrashBagPile_Norm8D8135E94B93504909A233926D2F21C8.tmp' to 'E:/Unreal Projects/BeyondHuman/Saved/Autosaves/Game/Textures/Props/TrashBagPile_M_TrashBagPile_Normal_Auto1.uasset'
[2018.09.11-21.22.41:478][ 75]OBJ SavePackage: Generating thumbnails for [1] asset(s) in package [/Game/Textures/Props/TrashBagPile_M_TrashBagPile_Roughness] ([1] browsable assets)...
[2018.09.11-21.22.41:487][ 75]OBJ SavePackage:     Rendered thumbnail for [Texture2D /Game/Textures/Props/TrashBagPile_M_TrashBagPile_Roughness.TrashBagPile_M_TrashBagPile_Roughness]
[2018.09.11-21.22.41:487][ 75]OBJ SavePackage: Finished generating thumbnails for package [/Game/Textures/Props/TrashBagPile_M_TrashBagPile_Roughness]
[2018.09.11-21.22.41:498][ 75]LogSavePackage: Moving 'E:/Unreal Projects/BeyondHuman/Saved/TrashBagPile_M_TrashBagPile_Roug930EAD5A45413B66FD4ABD95EB723491.tmp' to 'E:/Unreal Projects/BeyondHuman/Saved/Autosaves/Game/Textures/Props/TrashBagPile_M_TrashBagPile_Roughness_Auto1.uasset'
[2018.09.11-21.22.41:498][ 75]LogFileHelpers: Auto-saving content packages took 0.127
[2018.09.11-21.22.42:303][105]LogEditorViewport: Clicking on Actor (LMB): StaticMeshActor (Scaffold)
[2018.09.11-21.22.43:594][147]LogSlate: FSceneViewport::OnFocusLost() reason 0
[2018.09.11-21.23.25:892][846]LogSlate: Window 'Save Content' being destroyed
[2018.09.11-21.23.26:150][846]Cmd: OBJ SAVEPACKAGE PACKAGE="/Game/Maps/Meshing" FILE="E:/Unreal Projects/BeyondHuman/Content/Maps/Meshing.umap" SILENT=true AUTOSAVING=false KEEPDIRTY=false
[2018.09.11-21.23.26:697][846]LogSavePackage: Moving 'E:/Unreal Projects/BeyondHuman/Saved/MeshingB954E0644FE1A751179025A358476976.tmp' to 'E:/Unreal Projects/BeyondHuman/Content/Maps/Meshing.umap'
[2018.09.11-21.23.26:717][846]LogFileHelpers: Saving map 'Meshing' took 0.788
[2018.09.11-21.23.26:828][846]LogSavePackage: Moving 'E:/Unreal Projects/BeyondHuman/Saved/TrashBagPile_M_TrashBagPile_Base4D5E228D4E97B50631F3F6B71CE841BA.tmp' to 'E:/Unreal Projects/BeyondHuman/Content/Textures/Props/TrashBagPile_M_TrashBagPile_BaseColor.uasset'
[2018.09.11-21.23.26:910][846]LogSavePackage: Moving 'E:/Unreal Projects/BeyondHuman/Saved/TrashBagPile_M_TrashBagPile_MetaAC34EE9A4F89FF2639A99FB82B7280A9.tmp' to 'E:/Unreal Projects/BeyondHuman/Content/Textures/Props/TrashBagPile_M_TrashBagPile_Metallic.uasset'
[2018.09.11-21.23.26:918][846]Cmd: OBJ SAVEPACKAGE PACKAGE="/Game/Textures/Props/TrashBagPile_M_TrashBagPile_Normal" FILE="E:/Unreal Projects/BeyondHuman/Content/Textures/Props/TrashBagPile_M_TrashBagPile_Normal.uasset" SILENT=true
[2018.09.11-21.23.27:142][846]LogSavePackage: Moving 'E:/Unreal Projects/BeyondHuman/Saved/TrashBagPile_M_TrashBagPile_Norm0D2EEC52468C3E4198EC319ECAC4C4D2.tmp' to 'E:/Unreal Projects/BeyondHuman/Content/Textures/Props/TrashBagPile_M_TrashBagPile_Normal.uasset'
[2018.09.11-21.23.27:212][846]LogSavePackage: Moving 'E:/Unreal Projects/BeyondHuman/Saved/TrashBagPile_M_TrashBagPile_Roug8394888144EB040B935ADD9678CB0BC8.tmp' to 'E:/Unreal Projects/BeyondHuman/Content/Textures/Props/TrashBagPile_M_TrashBagPile_Roughness.uasset'
[2018.09.11-21.26.52:724][348]LogSlate: FSceneViewport::OnFocusLost() reason 0
[2018.09.11-21.26.52:804][350]LogSlate: Window 'Mi_TrashBagPile' being destroyed
[2018.09.11-21.26.52:810][350]LogSlate: Window 'Mi_TrashBagPile' being destroyed
[2018.09.11-21.26.54:455][401]LogEditorViewport: Clicking on Actor (LMB): StaticMeshActor (CrateLRG)
[2018.09.11-21.26.59:418][541]LogSlate: FSceneViewport::OnFocusLost() reason 0
[2018.09.11-21.27.03:157][715]LogEditorFactories: Performing atomic reimport of [E:/Dropbox (Personal)/Docs/Projects/Beyond Human/SourceImages/Props/CrateLRG_M_CrateLRG_BaseColor.png]
[2018.09.11-21.27.03:176][715]LogFactory: FactoryCreateFile: Texture2D with ReimportTextureFactory (0 0 E:/Dropbox (Personal)/Docs/Projects/Beyond Human/SourceImages/Props/CrateLRG_M_CrateLRG_BaseColor.png)
[2018.09.11-21.27.03:355][715]LogTexture: Display: Building textures: CrateLRG_M_CrateLRG_BaseColor (AutoDXT, 2048X2048)
[2018.09.11-21.27.05:025][715]LogEditorFactories: -- imported successfully
[2018.09.11-21.27.05:079][715]LogEditorFactories: Performing atomic reimport of [E:/Dropbox (Personal)/Docs/Projects/Beyond Human/SourceImages/Props/CrateLRG_M_CrateLRG_Metallic.png]
[2018.09.11-21.27.05:082][715]LogFactory: FactoryCreateFile: Texture2D with ReimportTextureFactory (0 0 E:/Dropbox (Personal)/Docs/Projects/Beyond Human/SourceImages/Props/CrateLRG_M_CrateLRG_Metallic.png)
[2018.09.11-21.27.05:121][715]LogTexture: Display: Building textures: CrateLRG_M_CrateLRG_Metallic (AutoDXT, 2048X2048)
[2018.09.11-21.27.05:592][715]LogEditorFactories: -- imported successfully
[2018.09.11-21.27.05:629][715]LogEditorFactories: Performing atomic reimport of [E:/Dropbox (Personal)/Docs/Projects/Beyond Human/SourceImages/Props/CrateLRG_M_CrateLRG_Normal.png]
[2018.09.11-21.27.05:646][715]LogFactory: FactoryCreateFile: Texture2D with ReimportTextureFactory (0 0 E:/Dropbox (Personal)/Docs/Projects/Beyond Human/SourceImages/Props/CrateLRG_M_CrateLRG_Normal.png)
[2018.09.11-21.27.05:833][715]LogTexture: Display: Building textures: CrateLRG_M_CrateLRG_Normal (BC5, 2048X2048)
[2018.09.11-21.27.06:145][715]LogEditorFactories: -- imported successfully
[2018.09.11-21.27.06:195][715]LogEditorFactories: Performing atomic reimport of [E:/Dropbox (Personal)/Docs/Projects/Beyond Human/SourceImages/Props/CrateLRG_M_CrateLRG_Roughness.png]
[2018.09.11-21.27.06:202][715]LogFactory: FactoryCreateFile: Texture2D with ReimportTextureFactory (0 0 E:/Dropbox (Personal)/Docs/Projects/Beyond Human/SourceImages/Props/CrateLRG_M_CrateLRG_Roughness.png)
[2018.09.11-21.27.06:266][715]LogTexture: Display: Building textures: CrateLRG_M_CrateLRG_Roughness (AutoDXT, 2048X2048)
[2018.09.11-21.27.07:413][715]LogEditorFactories: -- imported successfully
[2018.09.11-21.27.08:903][764]LogEditorViewport: Clicking on Actor (LMB): StaticMeshActor (BuildingAngled)
[2018.09.11-21.27.10:162][807]LogEditorViewport: Clicking on Actor (LMB): StaticMeshActor (BuildingAngled)
[2018.09.11-21.27.10:867][833]LogEditorViewport: Clicking on Actor (LMB): StaticMeshActor (Ground)
[2018.09.11-21.27.25:122][382]LogEditorViewport: Clicking on Actor (LMB): StaticMeshActor (BuildingTall)
[2018.09.11-21.27.26:483][427]LogSlate: FSceneViewport::OnFocusLost() reason 0
[2018.09.11-21.27.27:150][452]LogEditorViewport: Clicking on Actor (LMB): StaticMeshActor (BuildingTall)
[2018.09.11-21.27.30:285][557]LogSlate: FSceneViewport::OnFocusLost() reason 0
[2018.09.11-21.27.31:332][560]LogSlate: Window 'Save Content' being destroyed
[2018.09.11-21.27.31:388][560]Cmd: OBJ SAVEPACKAGE PACKAGE="/Game/Textures/Props/CrateLRG_M_CrateLRG_BaseColor" FILE="E:/Unreal Projects/BeyondHuman/Content/Textures/Props/CrateLRG_M_CrateLRG_BaseColor.uasset" SILENT=true
[2018.09.11-21.27.32:107][560]LogSavePackage: Moving 'E:/Unreal Projects/BeyondHuman/Saved/CrateLRG_M_CrateLRG_BaseColor0B80861449B49464E8945EA82C85B6EF.tmp' to 'E:/Unreal Projects/BeyondHuman/Content/Textures/Props/CrateLRG_M_CrateLRG_BaseColor.uasset'
[2018.09.11-21.27.32:138][560]Cmd: OBJ SAVEPACKAGE PACKAGE="/Game/Textures/Props/CrateLRG_M_CrateLRG_Metallic" FILE="E:/Unreal Projects/BeyondHuman/Content/Textures/Props/CrateLRG_M_CrateLRG_Metallic.uasset" SILENT=true
[2018.09.11-21.27.32:257][560]LogSavePackage: Moving 'E:/Unreal Projects/BeyondHuman/Saved/CrateLRG_M_CrateLRG_Metallic2E7059A0496C5954B815D59653045E14.tmp' to 'E:/Unreal Projects/BeyondHuman/Content/Textures/Props/CrateLRG_M_CrateLRG_Metallic.uasset'
[2018.09.11-21.27.32:272][560]Cmd: OBJ SAVEPACKAGE PACKAGE="/Game/Textures/Props/CrateLRG_M_CrateLRG_Normal" FILE="E:/Unreal Projects/BeyondHuman/Content/Textures/Props/CrateLRG_M_CrateLRG_Normal.uasset" SILENT=true
[2018.09.11-21.27.33:132][560]LogSavePackage: Moving 'E:/Unreal Projects/BeyondHuman/Saved/CrateLRG_M_CrateLRG_NormalADA9FE2B4A3B7E1C10F42F8625FC3BC4.tmp' to 'E:/Unreal Projects/BeyondHuman/Content/Textures/Props/CrateLRG_M_CrateLRG_Normal.uasset'
[2018.09.11-21.27.33:146][560]Cmd: OBJ SAVEPACKAGE PACKAGE="/Game/Textures/Props/CrateLRG_M_CrateLRG_Roughness" FILE="E:/Unreal Projects/BeyondHuman/Content/Textures/Props/CrateLRG_M_CrateLRG_Roughness.uasset" SILENT=true
[2018.09.11-21.27.33:401][560]LogSavePackage: Moving 'E:/Unreal Projects/BeyondHuman/Saved/CrateLRG_M_CrateLRG_Roughness931209344FC096EEF9B449BD70FA887E.tmp' to 'E:/Unreal Projects/BeyondHuman/Content/Textures/Props/CrateLRG_M_CrateLRG_Roughness.uasset'
[2018.09.11-21.27.49:736][216]EditorErrors: New page: Actor attachment
[2018.09.11-21.28.17:542][596]Cmd: TRANSACTION UNDO
[2018.09.11-21.28.17:542][596]LogEditorTransaction: Undo Move World Outliner Items
[2018.09.11-21.28.23:041][815]Cmd: CAMERA ALIGN ACTIVEVIEWPORTONLY
[2018.09.11-21.28.30:572][130]LogSlate: FSceneViewport::OnFocusLost() reason 0
[2018.09.11-21.28.40:043][663]LogSlate: FSceneViewport::OnFocusLost() reason 0
[2018.09.11-21.28.49:282][ 60]LogEditorViewport: Clicking on Actor (LMB): StaticMeshActor (GirderSQ (5)14)
[2018.09.11-21.28.54:282][289]LogSlate: FSceneViewport::OnFocusLost() reason 0
[2018.09.11-21.29.05:275][931]LogEditorViewport: Clicking on Actor (LMB): StaticMeshActor (Ground)
[2018.09.11-21.29.20:109][418]LogSlate: FSceneViewport::OnFocusLost() reason 0
[2018.09.11-21.29.21:355][423]LogSlate: Window 'Save Content' being destroyed
[2018.09.11-21.29.21:913][423]Cmd: OBJ SAVEPACKAGE PACKAGE="/Game/Maps/Meshing" FILE="E:/Unreal Projects/BeyondHuman/Content/Maps/Meshing.umap" SILENT=true AUTOSAVING=false KEEPDIRTY=false
[2018.09.11-21.29.22:860][423]LogSavePackage: Moving 'E:/Unreal Projects/BeyondHuman/Saved/Meshing57882074426D16DCE3B959B735ADECFA.tmp' to 'E:/Unreal Projects/BeyondHuman/Content/Maps/Meshing.umap'
[2018.09.11-21.29.22:888][423]LogFileHelpers: Saving map 'Meshing' took 1.498
[2018.09.11-21.29.24:272][480]LogEditorViewport: Clicking on Actor (LMB): StaticMeshActor (GirderTRI (6))
[2018.09.11-21.29.31:671][773]LogSlate: FSceneViewport::OnFocusLost() reason 0
[2018.09.11-21.30.08:833][217]LogSlate: FSceneViewport::OnFocusLost() reason 0
[2018.09.11-21.30.32:557][930]LogSlate: FSceneViewport::OnFocusLost() reason 0
[2018.09.11-21.30.34:927][ 25]LogSlate: Window 'BeyondHuman - Unreal Editor' being destroyed
[2018.09.11-21.30.35:117][ 26]Cmd: QUIT_EDITOR
[2018.09.11-21.30.35:148][ 26]LogWindowsTextInputMethodSystem: Display: IME system now deactivated.
[2018.09.11-21.30.35:161][ 26]LogExit: Preparing to exit.
[2018.09.11-21.30.35:592][ 26]LogExit: Editor shut down
[2018.09.11-21.30.35:592][ 26]LogExit: Transaction tracking system shut down
[2018.09.11-21.30.35:987][ 26]LogExit: Object subsystem successfully closed.
[2018.09.11-21.30.36:012][ 26]LogShaderCompilers: Display: Shaders left to compile 0
[2018.09.11-21.30.36:018][ 26]LogD3D11RHI: Shutdown
[2018.09.11-21.30.36:018][ 26]LogD3D11RHI: CleanupD3DDevice
[2018.09.11-21.30.36:025][ 26]LogD3D11RHI: ~FD3D11DynamicRHI
[2018.09.11-21.30.36:094][ 26]LogModuleManager: Shutting down and abandoning module MeshBuilder (620)
[2018.09.11-21.30.36:094][ 26]LogModuleManager: Shutting down and abandoning module HierarchicalLODOutliner (618)
[2018.09.11-21.30.36:094][ 26]LogModuleManager: Shutting down and abandoning module SceneOutliner (616)
[2018.09.11-21.30.36:094][ 26]LogModuleManager: Shutting down and abandoning module AddContentDialog (614)
[2018.09.11-21.30.36:096][ 26]LogModuleManager: Shutting down and abandoning module WidgetCarousel (613)
[2018.09.11-21.30.36:096][ 26]LogModuleManager: Shutting down and abandoning module EditorWidgets (610)
[2018.09.11-21.30.36:096][ 26]LogModuleManager: Shutting down and abandoning module CollectionManager (608)
[2018.09.11-21.30.36:097][ 26]LogModuleManager: Shutting down and abandoning module StatsViewer (606)
[2018.09.11-21.30.36:097][ 26]LogModuleManager: Shutting down and abandoning module FoliageEdit (604)
[2018.09.11-21.30.36:098][ 26]LogModuleManager: Shutting down and abandoning module LandscapeEditor (602)
[2018.09.11-21.30.36:100][ 26]LogModuleManager: Shutting down and abandoning module MeshPaintMode (600)
[2018.09.11-21.30.36:100][ 26]LogModuleManager: Shutting down and abandoning module SceneDepthPickerMode (598)
[2018.09.11-21.30.36:100][ 26]LogModuleManager: Shutting down and abandoning module ActorPickerMode (596)
[2018.09.11-21.30.36:100][ 26]LogModuleManager: Shutting down and abandoning module GeometryMode (594)
[2018.09.11-21.30.36:100][ 26]LogModuleManager: Shutting down and abandoning module TextureAlignMode (592)
[2018.09.11-21.30.36:100][ 26]LogModuleManager: Shutting down and abandoning module BspMode (590)
[2018.09.11-21.30.36:100][ 26]LogModuleManager: Shutting down and abandoning module PIEPreviewDeviceProfileSelector (588)
[2018.09.11-21.30.36:100][ 26]LogModuleManager: Shutting down and abandoning module SequenceRecorderSections (586)
[2018.09.11-21.30.36:101][ 26]LogModuleManager: Shutting down and abandoning module AutomationWorker (584)
[2018.09.11-21.30.36:101][ 26]LogModuleManager: Shutting down and abandoning module AudioCaptureEditor (582)
[2018.09.11-21.30.36:101][ 26]LogModuleManager: Shutting down and abandoning module SequenceRecorder (581)
[2018.09.11-21.30.36:101][ 26]LogModuleManager: Shutting down and abandoning module MatineeToLevelSequence (578)
[2018.09.11-21.30.36:102][ 26]LogModuleManager: Shutting down and abandoning module LevelSequenceEditor (576)
[2018.09.11-21.30.36:104][ 26]LogModuleManager: Shutting down and abandoning module PlacementMode (575)
[2018.09.11-21.30.36:104][ 26]LogModuleManager: Shutting down and abandoning module MaterialEditor (574)
[2018.09.11-21.30.36:104][ 26]LogModuleManager: Shutting down and abandoning module WmfMediaFactory (570)
[2018.09.11-21.30.36:104][ 26]LogModuleManager: Shutting down and abandoning module WmfMediaEditor (568)
[2018.09.11-21.30.36:104][ 26]LogModuleManager: Shutting down and abandoning module MediaPlayerEditor (566)
[2018.09.11-21.30.36:105][ 26]LogModuleManager: Shutting down and abandoning module OpenExrWrapper (564)
[2018.09.11-21.30.36:105][ 26]LogModuleManager: Shutting down and abandoning module ImgMediaFactory (562)
[2018.09.11-21.30.36:105][ 26]LogModuleManager: Shutting down and abandoning module ImgMediaEditor (560)
[2018.09.11-21.30.36:105][ 26]LogModuleManager: Shutting down and abandoning module AvfMediaFactory (558)
[2018.09.11-21.30.36:105][ 26]LogModuleManager: Shutting down and abandoning module AvfMediaEditor (556)
[2018.09.11-21.30.36:105][ 26]LogModuleManager: Shutting down and abandoning module AndroidMediaFactory (554)
[2018.09.11-21.30.36:105][ 26]LogModuleManager: Shutting down and abandoning module AndroidMediaEditor (552)
[2018.09.11-21.30.36:105][ 26]LogModuleManager: Shutting down and abandoning module MagicLeapCameraPreviewFactory (550)
[2018.09.11-21.30.36:105][ 26]LogModuleManager: Shutting down and abandoning module MagicLeapMediaFactory (548)
[2018.09.11-21.30.36:105][ 26]LogModuleManager: Shutting down and abandoning module MagicLeapMediaEditor (546)
[2018.09.11-21.30.36:105][ 26]LogModuleManager: Shutting down and abandoning module CharacterAI (544)
[2018.09.11-21.30.36:105][ 26]LogModuleManager: Shutting down and abandoning module SmartSnapping (542)
[2018.09.11-21.30.36:105][ 26]LogModuleManager: Shutting down and abandoning module SessionServices (540)
[2018.09.11-21.30.36:105][ 26]LogModuleManager: Shutting down and abandoning module ViewportSnapping (538)
[2018.09.11-21.30.36:105][ 26]LogModuleManager: Shutting down and abandoning module ViewportInteraction (536)
[2018.09.11-21.30.36:105][ 26]LogModuleManager: Shutting down and abandoning module ClothPainter (534)
[2018.09.11-21.30.36:107][ 26]LogModuleManager: Shutting down and abandoning module SkeletalMeshEditor (533)
[2018.09.11-21.30.36:108][ 26]LogModuleManager: Shutting down and abandoning module LogVisualizer (530)
[2018.09.11-21.30.36:109][ 26]LogModuleManager: Shutting down and abandoning module IntroTutorials (528)
[2018.09.11-21.30.36:110][ 26]LogModuleManager: Shutting down and abandoning module GameProjectGeneration (527)
[2018.09.11-21.30.36:111][ 26]LogModuleManager: Shutting down and abandoning module LuminPlatformEditor (524)
[2018.09.11-21.30.36:111][ 26]LogModuleManager: Shutting down and abandoning module IOSPlatformEditor (522)
[2018.09.11-21.30.36:111][ 26]LogModuleManager: Shutting down and abandoning module HTML5PlatformEditor (520)
[2018.09.11-21.30.36:111][ 26]LogModuleManager: Shutting down and abandoning module AndroidPlatformEditor (518)
[2018.09.11-21.30.36:111][ 26]LogModuleManager: Shutting down and abandoning module AndroidDeviceDetection (517)
[2018.09.11-21.30.36:802][ 26]LogModuleManager: Shutting down and abandoning module WindowsPlatformEditor (514)
[2018.09.11-21.30.36:802][ 26]LogModuleManager: Shutting down and abandoning module LuminRuntimeSettings (512)
[2018.09.11-21.30.36:802][ 26]LogModuleManager: Shutting down and abandoning module IOSRuntimeSettings (510)
[2018.09.11-21.30.36:802][ 26]LogModuleManager: Shutting down and abandoning module AndroidRuntimeSettings (508)
[2018.09.11-21.30.36:802][ 26]LogModuleManager: Shutting down and abandoning module InputBindingEditor (506)
[2018.09.11-21.30.36:809][ 26]LogModuleManager: Shutting down and abandoning module MergeActors (504)
[2018.09.11-21.30.36:810][ 26]LogModuleManager: Shutting down and abandoning module LocalizationDashboard (502)
[2018.09.11-21.30.36:810][ 26]LogModuleManager: Shutting down and abandoning module LocalizationService (501)
[2018.09.11-21.30.36:811][ 26]LogModuleManager: Shutting down and abandoning module HardwareTargeting (498)
[2018.09.11-21.30.36:811][ 26]LogModuleManager: Shutting down and abandoning module DeviceProfileEditor (496)
[2018.09.11-21.30.36:811][ 26]LogModuleManager: Shutting down and abandoning module UndoHistory (494)
[2018.09.11-21.30.36:811][ 26]LogModuleManager: Shutting down and abandoning module XmlParser (492)
[2018.09.11-21.30.36:811][ 26]LogModuleManager: Shutting down and abandoning module Blutility (490)
[2018.09.11-21.30.36:811][ 26]LogModuleManager: Shutting down and abandoning module ProjectSettingsViewer (488)
[2018.09.11-21.30.36:811][ 26]LogModuleManager: Shutting down and abandoning module ProjectTargetPlatformEditor (487)
[2018.09.11-21.30.36:812][ 26]LogModuleManager: Shutting down and abandoning module EditorSettingsViewer (484)
[2018.09.11-21.30.36:812][ 26]LogModuleManager: Shutting down and abandoning module SettingsEditor (482)
[2018.09.11-21.30.36:813][ 26]LogModuleManager: Shutting down and abandoning module ProjectLauncher (480)
[2018.09.11-21.30.36:813][ 26]LogModuleManager: Shutting down and abandoning module SessionFrontend (478)
[2018.09.11-21.30.36:814][ 26]LogModuleManager: Shutting down and abandoning module ProfilerClient (476)
[2018.09.11-21.30.36:814][ 26]LogModuleManager: Shutting down and abandoning module DeviceManager (474)
[2018.09.11-21.30.36:814][ 26]LogModuleManager: Shutting down and abandoning module TargetDeviceServices (473)
[2018.09.11-21.30.36:869][ 26]LogModuleManager: Shutting down and abandoning module AutomationController (470)
[2018.09.11-21.30.36:870][ 26]LogModuleManager: Shutting down and abandoning module AutomationWindow (468)
[2018.09.11-21.30.36:870][ 26]LogModuleManager: Shutting down and abandoning module Layers (466)
[2018.09.11-21.30.36:872][ 26]LogModuleManager: Shutting down and abandoning module ComponentVisualizers (464)
[2018.09.11-21.30.36:872][ 26]LogModuleManager: Shutting down and abandoning module DetailCustomizations (462)
[2018.09.11-21.30.36:872][ 26]LogModuleManager: Shutting down and abandoning module PackagesDialog (460)
[2018.09.11-21.30.36:872][ 26]LogModuleManager: Shutting down and abandoning module Persona (458)
[2018.09.11-21.30.36:874][ 26]LogModuleManager: Shutting down and abandoning module AdvancedPreviewScene (457)
[2018.09.11-21.30.36:874][ 26]LogModuleManager: Shutting down and abandoning module AnimGraph (455)
[2018.09.11-21.30.36:874][ 26]LogModuleManager: Shutting down and abandoning module Kismet (452)
[2018.09.11-21.30.36:875][ 26]LogModuleManager: Shutting down and abandoning module GraphEditor (450)
[2018.09.11-21.30.36:877][ 26]LogModuleManager: Shutting down and abandoning module ClassViewer (448)
[2018.09.11-21.30.36:877][ 26]LogModuleManager: Shutting down and abandoning module Toolbox (446)
[2018.09.11-21.30.36:877][ 26]LogModuleManager: Shutting down and abandoning module ModuleUI (444)
[2018.09.11-21.30.36:878][ 26]LogModuleManager: Shutting down and abandoning module MovieSceneTools (442)
[2018.09.11-21.30.36:879][ 26]LogModuleManager: Shutting down and abandoning module OutputLog (440)
[2018.09.11-21.30.36:879][ 26]LogModuleManager: Shutting down and abandoning module GammaUI (438)
[2018.09.11-21.30.36:879][ 26]LogModuleManager: Shutting down and abandoning module Documentation (436)
[2018.09.11-21.30.36:879][ 26]LogModuleManager: Shutting down and abandoning module MovieSceneTracks (434)
[2018.09.11-21.30.36:879][ 26]LogModuleManager: Shutting down and abandoning module MovieScene (432)
[2018.09.11-21.30.36:879][ 26]LogModuleManager: Shutting down and abandoning module StreamingPauseRendering (430)
[2018.09.11-21.30.36:880][ 26]LogModuleManager: Shutting down and abandoning module LauncherPlatform (428)
[2018.09.11-21.30.36:880][ 26]LogModuleManager: Shutting down and abandoning module AnalyticsET (426)
[2018.09.11-21.30.36:880][ 26]LogModuleManager: Shutting down and abandoning module PortalServices (424)
[2018.09.11-21.30.36:880][ 26]LogModuleManager: Shutting down and abandoning module PortalRpc (422)
[2018.09.11-21.30.36:880][ 26]LogModuleManager: Shutting down and abandoning module MessagingRpc (420)
[2018.09.11-21.30.36:880][ 26]LogModuleManager: Shutting down and abandoning module AIModule (418)
[2018.09.11-21.30.36:881][ 26]LogModuleManager: Shutting down and abandoning module GameplayDebugger (417)
[2018.09.11-21.30.36:881][ 26]LogModuleManager: Shutting down and abandoning module AITestSuite (415)
[2018.09.11-21.30.36:882][ 26]LogModuleManager: Shutting down and abandoning module NavigationSystem (413)
[2018.09.11-21.30.36:882][ 26]LogModuleManager: Shutting down and abandoning module DesktopPlatform (410)
[2018.09.11-21.30.36:882][ 26]LogModuleManager: Shutting down and abandoning module ProfilerService (408)
[2018.09.11-21.30.36:974][ 26]LogModuleManager: Shutting down and abandoning module TaskGraph (406)
[2018.09.11-21.30.36:975][ 26]LogModuleManager: Shutting down and abandoning module SubstanceLiveLink (404)
[2018.09.11-21.30.36:976][ 26]LogModuleManager: Shutting down and abandoning module SubstanceSource (402)
[2018.09.11-21.30.36:978][ 26]LogModuleManager: Shutting down and abandoning module SubstanceEditor (400)
[2018.09.11-21.30.36:979][ 26]LogModuleManager: Shutting down and abandoning module SteamVRController (398)
[2018.09.11-21.30.36:979][ 26]LogModuleManager: Shutting down and abandoning module ProceduralMeshComponentEditor (396)
[2018.09.11-21.30.36:979][ 26]LogModuleManager: Shutting down and abandoning module ProceduralMeshComponent (394)
[2018.09.11-21.30.36:979][ 26]LogModuleManager: Shutting down and abandoning module OculusInput (392)
[2018.09.11-21.30.36:979][ 26]LogModuleManager: Shutting down and abandoning module MobilePatchingUtils (390)
[2018.09.11-21.30.36:979][ 26]LogModuleManager: Shutting down and abandoning module EditableMesh (388)
[2018.09.11-21.30.36:980][ 26]LogModuleManager: Shutting down and abandoning module CustomMeshComponent (386)
[2018.09.11-21.30.36:980][ 26]LogModuleManager: Shutting down and abandoning module CableComponent (384)
[2018.09.11-21.30.36:980][ 26]LogModuleManager: Shutting down and abandoning module AudioCapture (382)
[2018.09.11-21.30.36:980][ 26]LogModuleManager: Shutting down and abandoning module ArchVisCharacter (380)
[2018.09.11-21.30.36:980][ 26]LogModuleManager: Shutting down and abandoning module AndroidPermission (378)
[2018.09.11-21.30.36:980][ 26]LogModuleManager: Shutting down and abandoning module NUTUnrealEngine4 (376)
[2018.09.11-21.30.36:980][ 26]LogModuleManager: Shutting down and abandoning module NetcodeUnitTest (374)
[2018.09.11-21.30.36:982][ 26]LogModuleManager: Shutting down and abandoning module MediaCompositingEditor (372)
[2018.09.11-21.30.36:982][ 26]LogModuleManager: Shutting down and abandoning module MediaCompositing (370)
[2018.09.11-21.30.36:982][ 26]LogModuleManager: Shutting down and abandoning module LinearTimecode (368)
[2018.09.11-21.30.36:982][ 26]LogModuleManager: Shutting down and abandoning module ImgMedia (366)
[2018.09.11-21.30.36:985][ 26]LogModuleManager: Shutting down and abandoning module HTML5Networking (364)
[2018.09.11-21.30.36:985][ 26]LogModuleManager: Shutting down and abandoning module GeometryCacheTracks (362)
[2018.09.11-21.30.36:985][ 26]LogModuleManager: Shutting down and abandoning module GeometryCacheSequencer (360)
[2018.09.11-21.30.36:985][ 26]LogModuleManager: Shutting down and abandoning module BackChannel (358)
[2018.09.11-21.30.36:986][ 26]LogModuleManager: Shutting down and abandoning module AppleVision (356)
[2018.09.11-21.30.36:986][ 26]LogModuleManager: Shutting down and abandoning module AppleImageUtils (354)
[2018.09.11-21.30.36:986][ 26]LogModuleManager: Shutting down and abandoning module AlembicImporter (352)
[2018.09.11-21.30.36:986][ 26]LogModuleManager: Shutting down and abandoning module AlembicLibrary (351)
[2018.09.11-21.30.36:986][ 26]LogModuleManager: Shutting down and abandoning module GeometryCache (350)
[2018.09.11-21.30.36:986][ 26]LogModuleManager: Shutting down and abandoning module GeometryCacheEd (349)
[2018.09.11-21.30.36:986][ 26]LogModuleManager: Shutting down and abandoning module DatasmithContentEditor (344)
[2018.09.11-21.30.36:986][ 26]LogModuleManager: Shutting down and abandoning module DatasmithContent (342)
[2018.09.11-21.30.36:987][ 26]LogModuleManager: Shutting down and abandoning module SpeedTreeImporter (340)
[2018.09.11-21.30.36:987][ 26]LogModuleManager: Shutting down and abandoning module PluginBrowser (338)
[2018.09.11-21.30.36:989][ 26]LogModuleManager: Shutting down and abandoning module MobileLauncherProfileWizard (336)
[2018.09.11-21.30.36:989][ 26]LogModuleManager: Shutting down and abandoning module PolygonModeling (334)
[2018.09.11-21.30.36:989][ 26]LogModuleManager: Shutting down and abandoning module MeshEditor (332)
[2018.09.11-21.30.36:990][ 26]LogModuleManager: Shutting down and abandoning module CryptoKeysOpenSSL (330)
[2018.09.11-21.30.36:990][ 26]LogModuleManager: Shutting down and abandoning module CryptoKeys (328)
[2018.09.11-21.30.36:990][ 26]LogModuleManager: Shutting down and abandoning module VisualStudioSourceCodeAccess (326)
[2018.09.11-21.30.36:990][ 26]LogModuleManager: Shutting down and abandoning module VisualStudioCodeSourceCodeAccess (324)
[2018.09.11-21.30.36:990][ 26]LogModuleManager: Shutting down and abandoning module UObjectPlugin (322)
[2018.09.11-21.30.36:990][ 26]LogModuleManager: Shutting down and abandoning module SubversionSourceControl (320)
[2018.09.11-21.30.36:991][ 26]LogModuleManager: Shutting down and abandoning module PerforceSourceControl (318)
[2018.09.11-21.30.36:992][ 26]LogModuleManager: Shutting down and abandoning module GitSourceControl (316)
[2018.09.11-21.30.36:993][ 26]LogModuleManager: Shutting down and abandoning module SourceControl (315)
[2018.09.11-21.30.36:993][ 26]LogModuleManager: Shutting down and abandoning module CLionSourceCodeAccess (312)
[2018.09.11-21.30.36:993][ 26]LogModuleManager: Shutting down and abandoning module LightPropagationVolumeEditor (310)
[2018.09.11-21.30.36:993][ 26]LogModuleManager: Shutting down and abandoning module PaperTiledImporter (308)
[2018.09.11-21.30.36:993][ 26]LogModuleManager: Shutting down and abandoning module PaperSpriteSheetImporter (306)
[2018.09.11-21.30.36:993][ 26]LogModuleManager: Shutting down and abandoning module Paper2DEditor (304)
[2018.09.11-21.30.36:994][ 26]LogModuleManager: Shutting down and abandoning module MeshPaint (303)
[2018.09.11-21.30.36:995][ 26]LogModuleManager: Shutting down and abandoning module RuntimePhysXCooking (300)
[2018.09.11-21.30.36:995][ 26]LogModuleManager: Shutting down and abandoning module PhysXVehiclesEditor (298)
[2018.09.11-21.30.36:995][ 26]LogModuleManager: Shutting down and abandoning module PhysXVehicles (296)
[2018.09.11-21.30.36:995][ 26]LogModuleManager: Shutting down and abandoning module OculusEditor (294)
[2018.09.11-21.30.36:995][ 26]LogModuleManager: Shutting down and abandoning module LocationServicesBPLibrary (292)
[2018.09.11-21.30.36:995][ 26]LogModuleManager: Shutting down and abandoning module ImmediatePhysicsEditor (290)
[2018.09.11-21.30.36:995][ 26]LogModuleManager: Shutting down and abandoning module ImmediatePhysics (288)
[2018.09.11-21.30.36:995][ 26]LogModuleManager: Shutting down and abandoning module ActorSequence (286)
[2018.09.11-21.30.36:996][ 26]LogModuleManager: Shutting down and abandoning module UdpMessaging (284)
[2018.09.11-21.30.37:097][ 26]LogModuleManager: Shutting down and abandoning module TcpMessaging (282)
[2018.09.11-21.30.37:198][ 26]LogModuleManager: Shutting down and abandoning module SubstanceCore (280)
[2018.09.11-21.30.37:199][ 26]LogModuleManager: Shutting down and abandoning module MagicLeapAudio (278)
[2018.09.11-21.30.37:199][ 26]LogModuleManager: Shutting down and abandoning module GameplayTagsEditor (276)
[2018.09.11-21.30.37:199][ 26]LogModuleManager: Shutting down and abandoning module FacialAnimationEditor (274)
[2018.09.11-21.30.37:199][ 26]LogModuleManager: Shutting down and abandoning module FacialAnimation (272)
[2018.09.11-21.30.37:199][ 26]LogModuleManager: Shutting down and abandoning module DataValidation (270)
[2018.09.11-21.30.37:199][ 26]LogModuleManager: Shutting down and abandoning module AssetManagerEditor (268)
[2018.09.11-21.30.37:200][ 26]LogModuleManager: Shutting down and abandoning module LevelEditor (267)
[2018.09.11-21.30.37:202][ 26]LogModuleManager: Shutting down and abandoning module PixelInspectorModule (266)
[2018.09.11-21.30.37:202][ 26]LogModuleManager: Shutting down and abandoning module CommonMenuExtensions (264)
[2018.09.11-21.30.37:202][ 26]LogModuleManager: Shutting down and abandoning module MainFrame (262)
[2018.09.11-21.30.37:202][ 26]LogModuleManager: Shutting down and abandoning module HotReload (261)
[2018.09.11-21.30.37:203][ 26]LogModuleManager: Shutting down and abandoning module ContentBrowser (257)
[2018.09.11-21.30.37:204][ 26]LogModuleManager: Shutting down and abandoning module TreeMap (255)
[2018.09.11-21.30.37:204][ 26]LogModuleManager: Shutting down and abandoning module LightPropagationVolumeRuntime (252)
[2018.09.11-21.30.37:204][ 26]LogModuleManager: Shutting down and abandoning module AISupportModule (250)
[2018.09.11-21.30.37:204][ 26]LogModuleManager: Shutting down and abandoning module Paper2D (248)
[2018.09.11-21.30.37:205][ 26]LogModuleManager: Shutting down and abandoning module WindowsMoviePlayer (246)
[2018.09.11-21.30.37:206][ 26]LogModuleManager: Shutting down and abandoning module WmfMedia (244)
[2018.09.11-21.30.37:207][ 26]LogModuleManager: Shutting down and abandoning module Media (243)
[2018.09.11-21.30.37:213][ 26]LogModuleManager: Shutting down and abandoning module PacketHandler (240)
[2018.09.11-21.30.37:213][ 26]LogModuleManager: Shutting down and abandoning module ClothingSystemEditor (238)
[2018.09.11-21.30.37:213][ 26]LogModuleManager: Shutting down and abandoning module ClothingSystemRuntime (236)
[2018.09.11-21.30.37:214][ 26]LogModuleManager: Shutting down and abandoning module MediaAssets (234)
[2018.09.11-21.30.37:214][ 26]LogModuleManager: Shutting down and abandoning module Overlay (232)
[2018.09.11-21.30.37:214][ 26]LogModuleManager: Shutting down and abandoning module OverlayEditor (231)
[2018.09.11-21.30.37:214][ 26]LogModuleManager: Shutting down and abandoning module VREditor (228)
[2018.09.11-21.30.37:215][ 26]LogModuleManager: Shutting down and abandoning module StringTableEditor (226)
[2018.09.11-21.30.37:215][ 26]LogModuleManager: Shutting down and abandoning module GameplayTasksEditor (224)
[2018.09.11-21.30.37:215][ 26]LogModuleManager: Shutting down and abandoning module BehaviorTreeEditor (222)
[2018.09.11-21.30.37:217][ 26]LogModuleManager: Shutting down and abandoning module FunctionalTesting (220)
[2018.09.11-21.30.37:218][ 26]LogModuleManager: Shutting down and abandoning module CollisionAnalyzer (218)
[2018.09.11-21.30.37:219][ 26]LogModuleManager: Shutting down and abandoning module WorkspaceMenuStructure (217)
[2018.09.11-21.30.37:219][ 26]LogModuleManager: Shutting down and abandoning module UMG (214)
[2018.09.11-21.30.37:219][ 26]LogModuleManager: Shutting down and abandoning module UMGEditor (213)
[2018.09.11-21.30.37:220][ 26]LogModuleManager: Shutting down and abandoning module Sequencer (212)
[2018.09.11-21.30.37:222][ 26]LogModuleManager: Shutting down and abandoning module MessageLog (209)
[2018.09.11-21.30.37:222][ 26]LogModuleManager: Shutting down and abandoning module SlateReflector (204)
[2018.09.11-21.30.37:224][ 26]LogModuleManager: Shutting down and abandoning module Slate (202)
[2018.09.11-21.30.37:224][ 26]LogModuleManager: Shutting down and abandoning module EditorStyle (200)
[2018.09.11-21.30.37:226][ 26]LogModuleManager: Shutting down and abandoning module MRMesh (198)
[2018.09.11-21.30.37:226][ 26]LogModuleManager: Shutting down and abandoning module SourceCodeAccess (196)
[2018.09.11-21.30.37:226][ 26]LogModuleManager: Shutting down and abandoning module HeadMountedDisplay (194)
[2018.09.11-21.30.37:226][ 26]LogModuleManager: Shutting down and abandoning module XAudio2 (192)
[2018.09.11-21.30.37:226][ 26]LogModuleManager: Shutting down and abandoning module Networking (190)
[2018.09.11-21.30.37:226][ 26]LogModuleManager: Shutting down and abandoning module Core (188)
[2018.09.11-21.30.37:226][ 26]LogModuleManager: Shutting down and abandoning module LevelSequence (186)
[2018.09.11-21.30.37:226][ 26]LogModuleManager: Shutting down and abandoning module KismetCompiler (184)
[2018.09.11-21.30.37:226][ 26]LogModuleManager: Shutting down and abandoning module MeshUtilities (182)
[2018.09.11-21.30.37:227][ 26]LogModuleManager: Shutting down and abandoning module MeshMergeUtilities (181)
[2018.09.11-21.30.37:228][ 26]LogModuleManager: Shutting down and abandoning module MeshReductionInterface (180)
[2018.09.11-21.30.37:228][ 26]LogModuleManager: Shutting down and abandoning module SimplygonSwarm (179)
[2018.09.11-21.30.37:228][ 26]LogModuleManager: Shutting down and abandoning module ProxyLODMeshReduction (177)
[2018.09.11-21.30.37:229][ 26]LogModuleManager: Shutting down and abandoning module SimplygonMeshReduction (175)
[2018.09.11-21.30.37:229][ 26]LogModuleManager: Shutting down and abandoning module QuadricMeshReduction (173)
[2018.09.11-21.30.37:230][ 26]LogModuleManager: Shutting down and abandoning module MaterialBaking (169)
[2018.09.11-21.30.37:230][ 26]LogModuleManager: Shutting down and abandoning module DirectoryWatcher (165)
[2018.09.11-21.30.37:230][ 26]LogModuleManager: Shutting down and abandoning module DerivedDataCache (162)
[2018.09.11-21.30.37:257][ 26]LogDerivedDataCache: Shutdown
[2018.09.11-21.30.37:257][ 26]LogModuleManager: Shutting down and abandoning module XGEController (160)
[2018.09.11-21.30.37:257][ 26]LogXGEController: Cleaning working directory: C:/Users/mikey/AppData/Local/Temp/UnrealXGEWorkingDir/
[2018.09.11-21.30.37:258][ 26]LogModuleManager: Shutting down and abandoning module TargetPlatform (158)
[2018.09.11-21.30.37:258][ 26]LogModuleManager: Shutting down and abandoning module VulkanShaderFormat (157)
[2018.09.11-21.30.37:258][ 26]LogModuleManager: Shutting down and abandoning module ShaderFormatVectorVM (155)
[2018.09.11-21.30.37:259][ 26]LogModuleManager: Shutting down and abandoning module ShaderFormatOpenGL (153)
[2018.09.11-21.30.37:259][ 26]LogModuleManager: Shutting down and abandoning module ShaderFormatD3D (151)
[2018.09.11-21.30.37:259][ 26]LogModuleManager: Shutting down and abandoning module MetalShaderFormat (149)
[2018.09.11-21.30.37:260][ 26]LogModuleManager: Shutting down and abandoning module TextureFormatUncompressed (147)
[2018.09.11-21.30.37:260][ 26]LogModuleManager: Shutting down and abandoning module TextureFormatPVR (145)
[2018.09.11-21.30.37:260][ 26]LogModuleManager: Shutting down and abandoning module TextureFormatDXT (143)
[2018.09.11-21.30.37:260][ 26]LogModuleManager: Shutting down and abandoning module TextureFormatIntelISPCTexComp (141)
[2018.09.11-21.30.37:260][ 26]LogModuleManager: Shutting down and abandoning module TextureFormatASTC (139)
[2018.09.11-21.30.37:260][ 26]LogModuleManager: Shutting down and abandoning module ImageWrapper (138)
[2018.09.11-21.30.37:260][ 26]LogModuleManager: Shutting down and abandoning module TextureFormatAndroid (135)
[2018.09.11-21.30.37:260][ 26]LogModuleManager: Shutting down and abandoning module AudioFormatOpus (133)
[2018.09.11-21.30.37:260][ 26]LogModuleManager: Shutting down and abandoning module AudioFormatOgg (131)
[2018.09.11-21.30.37:260][ 26]LogModuleManager: Shutting down and abandoning module AudioFormatADPCM (129)
[2018.09.11-21.30.37:260][ 26]LogModuleManager: Shutting down and abandoning module LuminTargetPlatform (127)
[2018.09.11-21.30.37:260][ 26]LogModuleManager: Shutting down and abandoning module LinuxTargetPlatform (125)
[2018.09.11-21.30.37:260][ 26]LogModuleManager: Shutting down and abandoning module LinuxServerTargetPlatform (123)
[2018.09.11-21.30.37:260][ 26]LogModuleManager: Shutting down and abandoning module LinuxNoEditorTargetPlatform (121)
[2018.09.11-21.30.37:260][ 26]LogModuleManager: Shutting down and abandoning module LinuxClientTargetPlatform (119)
[2018.09.11-21.30.37:261][ 26]LogModuleManager: Shutting down and abandoning module TVOSTargetPlatform (117)
[2018.09.11-21.30.37:261][ 26]LogModuleManager: Shutting down and abandoning module Messaging (115)
[2018.09.11-21.30.37:261][ 26]LogModuleManager: Shutting down and abandoning module IOSTargetPlatform (113)
[2018.09.11-21.30.37:262][ 26]LogModuleManager: Shutting down and abandoning module HTML5TargetPlatform (111)
[2018.09.11-21.30.37:262][ 26]LogModuleManager: Shutting down and abandoning module AndroidTargetPlatform (109)
[2018.09.11-21.30.37:269][ 26]LogModuleManager: Shutting down and abandoning module WindowsTargetPlatform (107)
[2018.09.11-21.30.37:269][ 26]LogModuleManager: Shutting down and abandoning module WindowsServerTargetPlatform (105)
[2018.09.11-21.30.37:269][ 26]LogModuleManager: Shutting down and abandoning module WindowsNoEditorTargetPlatform (103)
[2018.09.11-21.30.37:269][ 26]LogModuleManager: Shutting down and abandoning module WindowsClientTargetPlatform (101)
[2018.09.11-21.30.37:269][ 26]LogModuleManager: Shutting down and abandoning module MacTargetPlatform (99)
[2018.09.11-21.30.37:269][ 26]LogModuleManager: Shutting down and abandoning module MacServerTargetPlatform (97)
[2018.09.11-21.30.37:269][ 26]LogModuleManager: Shutting down and abandoning module MacNoEditorTargetPlatform (95)
[2018.09.11-21.30.37:269][ 26]LogModuleManager: Shutting down and abandoning module MacClientTargetPlatform (93)
[2018.09.11-21.30.37:269][ 26]LogModuleManager: Shutting down and abandoning module AllDesktopTargetPlatform (91)
[2018.09.11-21.30.37:269][ 26]LogModuleManager: Shutting down and abandoning module InputCore (88)
[2018.09.11-21.30.37:269][ 26]LogModuleManager: Shutting down and abandoning module Settings (86)
[2018.09.11-21.30.37:269][ 26]LogModuleManager: Shutting down and abandoning module PhysXCooking (84)
[2018.09.11-21.30.37:269][ 26]LogModuleManager: Shutting down and abandoning module SteamVR (82)
[2018.09.11-21.30.37:269][ 26]LogModuleManager: Shutting down and abandoning module OculusHMD (80)
[2018.09.11-21.30.37:270][ 26]LogModuleManager: Shutting down and abandoning module ExampleDeviceProfileSelector (78)
[2018.09.11-21.30.37:270][ 26]LogModuleManager: Shutting down and abandoning module LauncherChunkInstaller (76)
[2018.09.11-21.30.37:270][ 26]LogModuleManager: Shutting down and abandoning module OnlineBlueprintSupport (74)
[2018.09.11-21.30.37:270][ 26]LogModuleManager: Shutting down and abandoning module OnlineSubsystem (70)
[2018.09.11-21.30.37:273][ 26]LogModuleManager: Shutting down and abandoning module XMPP (65)
[2018.09.11-21.30.37:274][ 26]LogModuleManager: Shutting down and abandoning module WebSockets (64)
[2018.09.11-21.30.37:284][ 26]LogModuleManager: Shutting down and abandoning module HTTP (61)
[2018.09.11-21.30.37:284][ 26]LogHttp: Display: Http module shutting down, but needs to wait on 1 outstanding Http requests:
[2018.09.11-21.30.37:284][ 26]LogHttp: Display: 	verb=[POST] url=[https://datarouter.ol.epicgames.com/datarouter/api/v1/public/data?SessionID=%7B83DB7B19-42AF-4760-E596-01B314D742F9%7D&AppID=UEEditor.Rocket.Release&AppVersion=4.20.0-4212847%2B%2B%2BUE4%2BRelease-4.20&UserID=ec07022c4af9fd51145d0db19289c0e8%7C9aea4035aae84fc6a50e2bbd0bcac9c5%7Ccbe8bf3f-5855-4af8-b073-42d59ac0a56b&AppEnvironment=datacollector-binary&UploadType=eteventstream] status=Processing
[2018.09.11-21.30.37:287][ 26]LogModuleManager: Shutting down and abandoning module SSL (60)
[2018.09.11-21.30.37:288][ 26]LogModuleManager: Shutting down and abandoning module MagicLeapEmulator (56)
[2018.09.11-21.30.37:289][ 26]LogModuleManager: Shutting down and abandoning module MagicLeapPrivileges (54)
[2018.09.11-21.30.37:289][ 26]LogModuleManager: Shutting down and abandoning module MagicLeapIdentity (52)
[2018.09.11-21.30.37:289][ 26]LogModuleManager: Shutting down and abandoning module MagicLeapHelperVulkan (50)
[2018.09.11-21.30.37:289][ 26]LogModuleManager: Shutting down and abandoning module MagicLeapHelperOpenGL (48)
[2018.09.11-21.30.37:289][ 26]LogModuleManager: Shutting down and abandoning module MagicLeapSecureStorage (46)
[2018.09.11-21.30.37:289][ 26]LogModuleManager: Shutting down and abandoning module MagicLeapGestures (44)
[2018.09.11-21.30.37:289][ 26]LogModuleManager: Shutting down and abandoning module MagicLeapEyeTracker (42)
[2018.09.11-21.30.37:289][ 26]LogModuleManager: Shutting down and abandoning module MagicLeapController (40)
[2018.09.11-21.30.37:289][ 26]LogSlate: Slate User Destroyed.  User Index 0, Is Virtual User: 0
[2018.09.11-21.30.37:289][ 26]LogModuleManager: Shutting down and abandoning module MagicLeap (38)
[2018.09.11-21.30.37:289][ 26]LogModuleManager: Shutting down and abandoning module AnimationModifiers (36)
[2018.09.11-21.30.37:290][ 26]LogModuleManager: Shutting down and abandoning module PropertyEditor (35)
[2018.09.11-21.30.37:291][ 26]LogModuleManager: Shutting down and abandoning module AudioEditor (32)
[2018.09.11-21.30.37:292][ 26]LogModuleManager: Shutting down and abandoning module TextureCompressor (30)
[2018.09.11-21.30.37:292][ 26]LogModuleManager: Shutting down and abandoning module ShaderCore (28)
[2018.09.11-21.30.37:292][ 26]LogModuleManager: Shutting down and abandoning module Landscape (26)
[2018.09.11-21.30.37:292][ 26]LogModuleManager: Shutting down and abandoning module SlateRHIRenderer (24)
[2018.09.11-21.30.37:293][ 26]LogModuleManager: Shutting down and abandoning module OpenGLDrv (22)
[2018.09.11-21.30.37:293][ 26]LogModuleManager: Shutting down and abandoning module D3D11RHI (20)
[2018.09.11-21.30.37:293][ 26]LogModuleManager: Shutting down and abandoning module AnimGraphRuntime (18)
[2018.09.11-21.30.37:294][ 26]LogModuleManager: Shutting down and abandoning module Renderer (16)
[2018.09.11-21.30.37:294][ 26]LogModuleManager: Shutting down and abandoning module Engine (14)
[2018.09.11-21.30.37:294][ 26]LogModuleManager: Shutting down and abandoning module CoreUObject (12)
[2018.09.11-21.30.37:294][ 26]LogModuleManager: Shutting down and abandoning module NetworkFile (10)
[2018.09.11-21.30.37:294][ 26]LogModuleManager: Shutting down and abandoning module CookedIterativeFile (8)
[2018.09.11-21.30.37:294][ 26]LogModuleManager: Shutting down and abandoning module StreamingFile (6)
[2018.09.11-21.30.37:294][ 26]LogModuleManager: Shutting down and abandoning module SandboxFile (4)
[2018.09.11-21.30.37:294][ 26]LogModuleManager: Shutting down and abandoning module PakFile (2)
[2018.09.11-21.30.37:300][ 26]LogExit: Exiting.
[2018.09.11-21.30.37:319][ 26]Log file closed, 09/11/18 22:30:37
