Log file open, 09/13/18 13:22:18
LogWindows: Failed to load 'aqProf.dll' (GetLastError=126)
LogWindows: File 'aqProf.dll' does not exist
LogWindows: Failed to load 'VSPerf140.dll' (GetLastError=126)
LogWindows: File 'VSPerf140.dll' does not exist
LogWindows: Failed to load 'VtuneApi.dll' (GetLastError=126)
LogWindows: File 'VtuneApi.dll' does not exist
LogWindows: Failed to load 'VtuneApi32e.dll' (GetLastError=126)
LogWindows: File 'VtuneApi32e.dll' does not exist
LogInit: Display: Running engine for game: BeyondHuman
LogPlatformFile: Not using cached read wrapper
LogTaskGraph: Started task graph with 5 named threads and 23 total threads with 3 sets of task threads.
LogStats: Stats thread started at 5.006234
LogD3D11RHI: Loaded GFSDK_Aftermath_Lib.x64.dll
LogICUInternationalization: Display: ICU TimeZone Detection - Raw Offset: +0:00, Platform Override: ''
LogPluginManager: Mounting plugin Paper2D
LogPluginManager: Mounting plugin AISupport
LogPluginManager: Mounting plugin LightPropagationVolume
LogPluginManager: Mounting plugin CLionSourceCodeAccess
LogPluginManager: Mounting plugin CodeLiteSourceCodeAccess
LogPluginManager: Mounting plugin GitSourceControl
LogPluginManager: Mounting plugin KDevelopSourceCodeAccess
LogPluginManager: Mounting plugin NullSourceCodeAccess
LogPluginManager: Mounting plugin PerforceSourceControl
LogPluginManager: Mounting plugin SubversionSourceControl
LogPluginManager: Mounting plugin UObjectPlugin
LogPluginManager: Mounting plugin VisualStudioCodeSourceCodeAccess
LogPluginManager: Mounting plugin VisualStudioSourceCodeAccess
LogPluginManager: Mounting plugin XCodeSourceCodeAccess
LogPluginManager: Mounting plugin AssetManagerEditor
LogPluginManager: Mounting plugin CryptoKeys
LogPluginManager: Mounting plugin DataValidation
LogPluginManager: Mounting plugin FacialAnimation
LogPluginManager: Mounting plugin GameplayTagsEditor
LogPluginManager: Mounting plugin MacGraphicsSwitching
LogPluginManager: Mounting plugin MeshEditor
LogPluginManager: Mounting plugin MobileLauncherProfileWizard
LogPluginManager: Mounting plugin PluginBrowser
LogPluginManager: Mounting plugin SpeedTreeImporter
LogPluginManager: Mounting plugin DatasmithContent
LogPluginManager: Mounting plugin AlembicImporter
LogPluginManager: Mounting plugin AppleImageUtils
LogPluginManager: Mounting plugin AppleVision
LogPluginManager: Mounting plugin BackChannel
LogPluginManager: Mounting plugin CharacterAI
LogPluginManager: Mounting plugin GeometryCache
LogPluginManager: Mounting plugin HTML5Networking
LogPluginManager: Mounting plugin ProxyLODPlugin
LogPluginManager: Mounting plugin MagicLeap
LogPluginManager: Mounting plugin MagicLeapEmulator
LogPluginManager: Mounting plugin MagicLeapMedia
LogPluginManager: Mounting plugin Substance
LogPluginManager: Mounting plugin AndroidMedia
LogPluginManager: Mounting plugin AvfMedia
LogPluginManager: Mounting plugin ImgMedia
LogPluginManager: Mounting plugin LinearTimecode
LogPluginManager: Mounting plugin MediaCompositing
LogPluginManager: Mounting plugin MediaPlayerEditor
LogPluginManager: Mounting plugin WmfMedia
LogPluginManager: Mounting plugin TcpMessaging
LogPluginManager: Mounting plugin UdpMessaging
LogPluginManager: Mounting plugin ActorSequence
LogPluginManager: Mounting plugin LevelSequenceEditor
LogPluginManager: Mounting plugin MatineeToLevelSequence
LogPluginManager: Mounting plugin NetcodeUnitTest
LogPluginManager: Mounting plugin NUTUnrealEngine4
LogPluginManager: Mounting plugin OnlineSubsystemGooglePlay
LogPluginManager: Mounting plugin OnlineSubsystemIOS
LogPluginManager: Mounting plugin OnlineSubsystem
LogPluginManager: Mounting plugin OnlineSubsystemNull
LogPluginManager: Mounting plugin OnlineSubsystemUtils
LogPluginManager: Mounting plugin LauncherChunkInstaller
LogPluginManager: Mounting plugin AndroidDeviceProfileSelector
LogPluginManager: Mounting plugin AndroidMoviePlayer
LogPluginManager: Mounting plugin AndroidPermission
LogPluginManager: Mounting plugin AppleMoviePlayer
LogPluginManager: Mounting plugin ArchVisCharacter
LogPluginManager: Mounting plugin AudioCapture
LogPluginManager: Mounting plugin CableComponent
LogPluginManager: Mounting plugin CustomMeshComponent
LogPluginManager: Mounting plugin EditableMesh
LogPluginManager: Mounting plugin ExampleDeviceProfileSelector
LogPluginManager: Mounting plugin GoogleCloudMessaging
LogPluginManager: Mounting plugin ImmediatePhysics
LogPluginManager: Mounting plugin IOSDeviceProfileSelector
LogPluginManager: Mounting plugin LinuxDeviceProfileSelector
LogPluginManager: Mounting plugin LocationServicesBPLibrary
LogPluginManager: Mounting plugin MobilePatchingUtils
LogPluginManager: Mounting plugin OculusVR
LogPluginManager: Plugin shader directory ../../../Engine/Plugins/Runtime/Oculus/OculusVR/Shaders found
LogPluginManager: Mapping shader source directory ../../../Engine/Plugins/Runtime/Oculus/OculusVR/Shaders to virtual directory /Plugin/OculusVR
LogPluginManager: Mounting plugin PhysXVehicles
LogPluginManager: Mounting plugin ProceduralMeshComponent
LogPluginManager: Mounting plugin RuntimePhysXCooking
LogPluginManager: Mounting plugin SteamVR
LogPluginManager: Mounting plugin WindowsMoviePlayer
LogStreaming: Display: Took  0.532s to configure plugins.
LogInit: Using libcurl 7.55.1-DEV
LogInit:  - built for x86_64-pc-win32
LogInit:  - supports SSL with OpenSSL/1.0.2h
LogInit:  - supports HTTP deflate (compression) using libz 1.2.8
LogInit:  - other features:
LogInit:      CURL_VERSION_SSL
LogInit:      CURL_VERSION_LIBZ
LogInit:      CURL_VERSION_IPV6
LogInit:      CURL_VERSION_ASYNCHDNS
LogInit:      CURL_VERSION_LARGEFILE
LogInit:      CURL_VERSION_IDN
LogInit:  CurlRequestOptions (configurable via config and command line):
LogInit:  - bVerifyPeer = false  - Libcurl will NOT verify peer certificate
LogInit:  - bUseHttpProxy = false  - Libcurl will NOT use HTTP proxy
LogInit:  - bDontReuseConnections = false  - Libcurl will reuse connections
LogInit:  - CertBundlePath = nullptr  - Libcurl will use whatever was configured at build time.
LogInit:  - MaxHostConnections = 16  - Libcurl will limit the number of connections to a host
LogInit:  - LocalHostAddr = Default
LogInit:  - BufferSize = 65536
LogInit: WinSock: version 1.1 (2.2), MaxSocks=32767, MaxUdp=65467
LogInit: Build: ++UE4+Release-4.20-CL-4212847
LogInit: Engine Version: 4.20.0-4212847+++UE4+Release-4.20
LogInit: Compatible Engine Version: 4.20.0-4212847+++UE4+Release-4.20
LogInit: Net CL: 4212847
LogInit: OS: Windows 10 (), CPU: Intel(R) Core(TM) i7-6700HQ CPU @ 2.60GHz, GPU: Intel(R) HD Graphics 530
LogInit: Compiled (64-bit): Jul 14 2018 09:51:14
LogInit: Compiled with Visual C++: 19.13.26129.00
LogInit: Build Configuration: Development
LogInit: Branch Name: ++UE4+Release-4.20
LogInit: Command Line:  
LogInit: Base Directory: C:/Program Files/Epic Games/UE_4.20/Engine/Binaries/Win64/
LogInit: Installed Engine Build: 1
LogDevObjectVersion: Number of dev versions registered: 20
LogDevObjectVersion:   Dev-Blueprints (B0D832E4-1F89-4F0D-ACCF-7EB736FD4AA2): 10
LogDevObjectVersion:   Dev-Build (E1C64328-A22C-4D53-A36C-8E866417BD8C): 0
LogDevObjectVersion:   Dev-Core (375EC13C-06E4-48FB-B500-84F0262A717E): 2
LogDevObjectVersion:   Dev-Editor (E4B068ED-F494-42E9-A231-DA0B2E46BB41): 24
LogDevObjectVersion:   Dev-Framework (CFFC743F-43B0-4480-9391-14DF171D2073): 34
LogDevObjectVersion:   Dev-Mobile (B02B49B5-BB20-44E9-A304-32B752E40360): 2
LogDevObjectVersion:   Dev-Networking (A4E4105C-59A1-49B5-A7C5-40C4547EDFEE): 0
LogDevObjectVersion:   Dev-Online (39C831C9-5AE6-47DC-9A44-9C173E1C8E7C): 0
LogDevObjectVersion:   Dev-Physics (78F01B33-EBEA-4F98-B9B4-84EACCB95AA2): 0
LogDevObjectVersion:   Dev-Platform (6631380F-2D4D-43E0-8009-CF276956A95A): 0
LogDevObjectVersion:   Dev-Rendering (12F88B9F-8875-4AFC-A67C-D90C383ABD29): 26
LogDevObjectVersion:   Dev-Sequencer (7B5AE74C-D270-4C10-A958-57980B212A5A): 9
LogDevObjectVersion:   Dev-VR (D7296918-1DD6-4BDD-9DE2-64A83CC13884): 2
LogDevObjectVersion:   Dev-LoadTimes (C2A15278-BFE7-4AFE-6C17-90FF531DF755): 1
LogDevObjectVersion:   Private-Geometry (6EACA3D4-40EC-4CC1-B786-8BED09428FC5): 3
LogDevObjectVersion:   Dev-AnimPhys (29E575DD-E0A3-4627-9D10-D276232CDCEA): 17
LogDevObjectVersion:   Dev-ReflectionCapture (6B266CEC-1EC7-4B8F-A30B-E4D90942FC07): 1
LogDevObjectVersion:   Dev-Automation (0DF73D61-A23F-47EA-B727-89E90C41499A): 1
LogDevObjectVersion:   FortniteMain (601D1886-AC64-4F84-AA16-D3DE0DEAC7D6): 12
LogDevObjectVersion:   Dev-Enterprise (9DFFBCD6-494F-0158-E221-12823C92A888): 1
LogStreaming: Display: Took  0.014s to delete old logs.
LogInit: Presizing for max 8388607 objects, including 0 objects not considered by GC, pre-allocating 0 bytes for permanent pool.
LogInit: Object subsystem initialized
[2018.09.13-12.22.26:667][  0]LogInit: Selected Device Profile: [Windows]
[2018.09.13-12.22.26:679][  0]LogInit: Applying CVar settings loaded from the selected device profile: [Windows]
[2018.09.13-12.22.26:808][  0]LogHAL: Display: Platform has ~ 8 GB [8456720384 / 8589934592 / 8], which maps to Default [LargestMinGB=32, LargerMinGB=12, DefaultMinGB=8, SmallerMinGB=6, SmallestMinGB=0)
[2018.09.13-12.22.26:809][  0]LogInit: Setting Device Profile CVar: [[r.Vulkan.UseRealUBs:1]]
[2018.09.13-12.22.26:809][  0]LogInit: Going up to parent DeviceProfile []
[2018.09.13-12.22.26:895][  0]LogInit: Computer: DESKTOP-MKF8VAK
[2018.09.13-12.22.26:895][  0]LogInit: User: mikey
[2018.09.13-12.22.26:895][  0]LogInit: CPU Page size=4096, Cores=4
[2018.09.13-12.22.26:895][  0]LogInit: High frequency timer resolution =2.531253 MHz
[2018.09.13-12.22.26:897][  0]LogMemory: Memory total: Physical=7.9GB (8GB approx)
[2018.09.13-12.22.26:967][  0]LogMemory: Platform Memory Stats for Windows
[2018.09.13-12.22.26:967][  0]LogMemory: Process Physical Memory: 98.66 MB used, 98.66 MB peak
[2018.09.13-12.22.26:967][  0]LogMemory: Process Virtual Memory: 90.96 MB used, 90.96 MB peak
[2018.09.13-12.22.26:967][  0]LogMemory: Physical Memory: 5311.13 MB used,  2753.83 MB free, 8064.96 MB total
[2018.09.13-12.22.26:967][  0]LogMemory: Virtual Memory: 4640.08 MB used,  2753.83 MB free, 134217728.00 MB total
[2018.09.13-12.22.30:306][  0]LogInit: Using OS detected language (en-US).
[2018.09.13-12.22.30:306][  0]LogInit: Using OS detected locale (en-GB).
[2018.09.13-12.22.30:435][  0]LogTextLocalizationManager: No specific localization for 'en-US' exists, so the 'en' localization will be used.
[2018.09.13-12.22.35:004][  0]LogStreaming: Display: Took  4.741s to InitEngineTextLocalization.
[2018.09.13-12.22.35:043][  0]LogInit: Setting process to per monitor DPI aware
[2018.09.13-12.22.36:522][  0]LogSlate: New Slate User Created.  User Index 0, Is Virtual User: 0
[2018.09.13-12.22.36:522][  0]LogSlate: Slate User Registered.  User Index 0, Is Virtual User: 0
[2018.09.13-12.22.42:096][  0]LogHMD: Failed to initialize OpenVR with code 110
[2018.09.13-12.22.42:115][  0]LogD3D11RHI: D3D11 adapters:
[2018.09.13-12.22.42:217][  0]LogD3D11RHI:    0. 'NVIDIA GeForce GTX 960M' (Feature Level 11_0)
[2018.09.13-12.22.42:217][  0]LogD3D11RHI:       4065/0/4032 MB DedicatedVideo/DedicatedSystem/SharedSystem, Outputs:2, VendorId:0x10de
[2018.09.13-12.22.42:237][  0]LogD3D11RHI:    1. 'Intel(R) HD Graphics 530' (Feature Level 11_0)
[2018.09.13-12.22.42:238][  0]LogD3D11RHI:       128/0/4032 MB DedicatedVideo/DedicatedSystem/SharedSystem, Outputs:0, VendorId:0x8086
[2018.09.13-12.22.42:241][  0]LogD3D11RHI:    2. 'Microsoft Basic Render Driver' (Feature Level 11_0)
[2018.09.13-12.22.42:241][  0]LogD3D11RHI:       0/0/4032 MB DedicatedVideo/DedicatedSystem/SharedSystem, Outputs:0, VendorId:0x1414
[2018.09.13-12.22.42:241][  0]LogD3D11RHI: Chosen D3D11 Adapter: 0
[2018.09.13-12.22.42:275][  0]LogD3D11RHI: Creating new Direct3DDevice
[2018.09.13-12.22.42:275][  0]LogD3D11RHI:     GPU DeviceId: 0x139b (for the marketing name, search the web for "GPU Device Id")
[2018.09.13-12.22.42:300][  0]LogWindows: EnumDisplayDevices:
[2018.09.13-12.22.42:301][  0]LogWindows:    0. 'Intel(R) HD Graphics 530' (P:0 D:1)
[2018.09.13-12.22.42:301][  0]LogWindows:    1. 'Intel(R) HD Graphics 530' (P:1 D:1)
[2018.09.13-12.22.42:302][  0]LogWindows:    2. 'Intel(R) HD Graphics 530' (P:0 D:0)
[2018.09.13-12.22.42:302][  0]LogWindows: DebugString: PrimaryIsNotTheChoosenAdapter PrimaryIsNotTheChoosenAdapter PrimaryIsNotTheChoosenAdapter FoundDriverCount:0 
[2018.09.13-12.22.42:302][  0]LogD3D11RHI:     Adapter Name: NVIDIA GeForce GTX 960M
[2018.09.13-12.22.42:302][  0]LogD3D11RHI:   Driver Version: Unknown (internal:Unknown, unified:Unknown)
[2018.09.13-12.22.42:302][  0]LogD3D11RHI:      Driver Date: Unknown
[2018.09.13-12.22.42:302][  0]LogRHI: Texture pool is 2846 MB (70% of 4065 MB)
[2018.09.13-12.22.42:425][  0]LogD3D11RHI: Async texture creation enabled
[2018.09.13-12.22.42:836][  0]LogD3D11RHI: GPU Timing Frequency: 1000.000000 (Debug: 2 9)
[2018.09.13-12.22.43:040][  0]LogShaderCompilers: Guid format shader working directory is -21 characters bigger than the processId version (../../../../../../Users/mikey/Documents/Unreal Projects/BeyondHuman/Intermediate/Shaders/WorkingDirectory/1924/).
[2018.09.13-12.22.43:040][  0]LogShaderCompilers: Cleaned the shader compiler working directory 'C:/Users/mikey/AppData/Local/Temp/UnrealShaderWorkingDir/9A46DEA64B465F481E16CEA00EED0807/'.
[2018.09.13-12.22.50:334][  0]LogTemp: Display: Loaded TP AllDesktopTargetPlatform
[2018.09.13-12.22.50:398][  0]LogTemp: Display: Loaded TP MacClientTargetPlatform
[2018.09.13-12.22.50:469][  0]LogTemp: Display: Loaded TP MacNoEditorTargetPlatform
[2018.09.13-12.22.50:506][  0]LogTemp: Display: Loaded TP MacServerTargetPlatform
[2018.09.13-12.22.50:572][  0]LogTemp: Display: Loaded TP MacTargetPlatform
[2018.09.13-12.22.50:603][  0]LogTemp: Display: Loaded TP WindowsClientTargetPlatform
[2018.09.13-12.22.50:663][  0]LogTemp: Display: Loaded TP WindowsNoEditorTargetPlatform
[2018.09.13-12.22.50:703][  0]LogTemp: Display: Loaded TP WindowsServerTargetPlatform
[2018.09.13-12.22.50:753][  0]LogTemp: Display: Loaded TP WindowsTargetPlatform
[2018.09.13-12.22.51:056][  0]LogTemp: Display: Loaded TP AndroidTargetPlatform
[2018.09.13-12.22.51:056][  0]LogTemp: Display: Loaded TP AndroidTargetPlatform
[2018.09.13-12.22.51:056][  0]LogTemp: Display: Loaded TP AndroidTargetPlatform
[2018.09.13-12.22.51:056][  0]LogTemp: Display: Loaded TP AndroidTargetPlatform
[2018.09.13-12.22.51:056][  0]LogTemp: Display: Loaded TP AndroidTargetPlatform
[2018.09.13-12.22.51:056][  0]LogTemp: Display: Loaded TP AndroidTargetPlatform
[2018.09.13-12.22.51:056][  0]LogTemp: Display: Loaded TP AndroidTargetPlatform
[2018.09.13-12.22.51:056][  0]LogTemp: Display: Loaded TP AndroidTargetPlatform
[2018.09.13-12.22.51:056][  0]LogTemp: Display: Loaded TP AndroidTargetPlatform
[2018.09.13-12.22.51:056][  0]LogTemp: Display: Loaded TP AndroidTargetPlatform
[2018.09.13-12.22.51:056][  0]LogTemp: Display: Loaded TP AndroidTargetPlatform
[2018.09.13-12.22.51:057][  0]LogTemp: Display: Loaded TP AndroidTargetPlatform
[2018.09.13-12.22.51:057][  0]LogTemp: Display: Loaded TP AndroidTargetPlatform
[2018.09.13-12.22.51:057][  0]LogTemp: Display: Loaded TP AndroidTargetPlatform
[2018.09.13-12.22.51:057][  0]LogTemp: Display: Loaded TP AndroidTargetPlatform
[2018.09.13-12.22.51:057][  0]LogTemp: Display: Loaded TP AndroidTargetPlatform
[2018.09.13-12.22.51:057][  0]LogTemp: Display: Loaded TP AndroidTargetPlatform
[2018.09.13-12.22.51:057][  0]LogTemp: Display: Loaded TP AndroidTargetPlatform
[2018.09.13-12.22.51:388][  0]LogTemp: Display: Loaded TP HTML5TargetPlatform
[2018.09.13-12.22.51:689][  0]LogTemp: Display: Loaded TP IOSTargetPlatform
[2018.09.13-12.22.51:689][  0]LogTemp: Display: Loaded TP IOSTargetPlatform
[2018.09.13-12.22.51:763][  0]LogTemp: Display: Loaded TP TVOSTargetPlatform
[2018.09.13-12.22.51:763][  0]LogTemp: Display: Loaded TP TVOSTargetPlatform
[2018.09.13-12.22.51:829][  0]LogTemp: Display: Loaded TP LinuxClientTargetPlatform
[2018.09.13-12.22.51:865][  0]LogTemp: Display: Loaded TP LinuxNoEditorTargetPlatform
[2018.09.13-12.22.51:939][  0]LogTemp: Display: Loaded TP LinuxServerTargetPlatform
[2018.09.13-12.22.52:041][  0]LogTemp: Display: Loaded TP LinuxTargetPlatform
[2018.09.13-12.22.52:070][  0]LogTemp: Display: Loaded TP LuminTargetPlatform
[2018.09.13-12.22.52:070][  0]LogTargetPlatformManager: Display: Building Assets For Windows
[2018.09.13-12.22.54:400][  0]LogXGEController: Cleaning working directory: C:/Users/mikey/AppData/Local/Temp/UnrealXGEWorkingDir/
[2018.09.13-12.22.54:402][  0]LogXGEController: Cannot use XGE Controller as Incredibuild is not installed on this machine.
[2018.09.13-12.22.54:402][  0]LogShaderCompilers: Cannot use XGE Shader Compiler as Incredibuild is not installed on this machine.
[2018.09.13-12.22.54:487][  0]LogShaderCompilers: Display: Using Local Shader Compiler.
[2018.09.13-12.23.01:489][  0]LogDerivedDataCache: Display: Max Cache Size: 512 MB
[2018.09.13-12.23.03:439][  0]LogDerivedDataCache: Loaded boot cache 1.95s 71MB C:/Users/mikey/AppData/Local/UnrealEngine/4.20/DerivedDataCache/Boot.ddc.
[2018.09.13-12.23.03:439][  0]LogDerivedDataCache: Display: Loaded Boot cache: C:/Users/mikey/AppData/Local/UnrealEngine/4.20/DerivedDataCache/Boot.ddc
[2018.09.13-12.23.03:440][  0]LogDerivedDataCache: FDerivedDataBackendGraph:  Pak pak cache file ../../../../../../Users/mikey/Documents/Unreal Projects/BeyondHuman/DerivedDataCache/DDC.ddp not found, will not use a pak cache.
[2018.09.13-12.23.03:440][  0]LogDerivedDataCache: Unable to find inner node Pak for hierarchical cache Hierarchy.
[2018.09.13-12.23.03:440][  0]LogDerivedDataCache: FDerivedDataBackendGraph:  CompressedPak pak cache file ../../../../../../Users/mikey/Documents/Unreal Projects/BeyondHuman/DerivedDataCache/Compressed.ddp not found, will not use a pak cache.
[2018.09.13-12.23.03:440][  0]LogDerivedDataCache: Unable to find inner node CompressedPak for hierarchical cache Hierarchy.
[2018.09.13-12.23.03:495][  0]LogDerivedDataCache: Display: Pak cache opened for reading ../../../Engine/DerivedDataCache/Compressed.ddp.
[2018.09.13-12.23.03:509][  0]LogDerivedDataCache: Using Local data cache path C:/Users/mikey/AppData/Local/UnrealEngine/Common/DerivedDataCache: Writable
[2018.09.13-12.23.03:509][  0]LogDerivedDataCache: Shared data cache path not found in *engine.ini, will not use an Shared cache.
[2018.09.13-12.23.03:509][  0]LogDerivedDataCache: Unable to find inner node Shared for hierarchical cache Hierarchy.
[2018.09.13-12.23.03:576][  0]LogMaterial: Verifying Global Shaders for PCD3D_SM5
[2018.09.13-12.23.03:630][  0]LogSlate: Using FreeType 2.6.0
[2018.09.13-12.23.03:664][  0]LogSlate: SlateFontServices - WITH_FREETYPE: 1, WITH_HARFBUZZ: 1
[2018.09.13-12.23.05:513][  0]LogAssetRegistry: FAssetRegistry took 0.0329 seconds to start up
[2018.09.13-12.23.19:704][  0]LogInit: Selected Device Profile: [Windows]
[2018.09.13-12.23.21:146][  0]LogSimplygon: Simplygon DLL not present - disabling.
[2018.09.13-12.23.21:366][  0]LogMeshReduction: Using SimplygonSwarm for distributed automatic mesh merging
[2018.09.13-12.23.21:367][  0]LogMeshReduction: Using ProxyLODMeshReduction for automatic mesh merging
[2018.09.13-12.23.21:368][  0]LogMeshReduction: Using QuadricMeshReduction for automatic static mesh reduction
[2018.09.13-12.23.21:368][  0]LogMeshReduction: No automatic skeletal mesh reduction module available
[2018.09.13-12.23.21:769][  0]LogNetVersion: BeyondHuman 1.0.0, NetCL: 4212847, EngineNetVer: 5, GameNetVer: 0 (Checksum: 671501493)
[2018.09.13-12.23.23:879][  0]LogConfig: Warning: Failed to saved backup for config[GameplayTags]
[2018.09.13-12.23.26:689][  0]LogConfig: Warning: Failed to saved backup for config[TemplateDefs]
[2018.09.13-12.23.30:090][  0]LogAssetRegistry: Error: Failed to open file for write ../../../../../../Users/mikey/Documents/Unreal Projects/BeyondHuman/Intermediate/AssetRegistryCache/5a627529.bin
[2018.09.13-12.23.30:115][  0]LogAssetRegistry: Error: Failed to open file for write ../../../../../../Users/mikey/Documents/Unreal Projects/BeyondHuman/Intermediate/AssetRegistryCache/2657c409.bin
[2018.09.13-12.23.30:138][  0]LogAssetRegistry: Error: Failed to open file for write ../../../../../../Users/mikey/Documents/Unreal Projects/BeyondHuman/Intermediate/AssetRegistryCache/866581fd.bin
[2018.09.13-12.23.30:150][  0]LogAssetRegistry: Error: Failed to open file for write ../../../../../../Users/mikey/Documents/Unreal Projects/BeyondHuman/Intermediate/AssetRegistryCache/8c0e1344.bin
[2018.09.13-12.23.30:165][  0]LogAssetRegistry: Error: Failed to open file for write ../../../../../../Users/mikey/Documents/Unreal Projects/BeyondHuman/Intermediate/AssetRegistryCache/29c3675e.bin
[2018.09.13-12.23.30:172][  0]LogFileManager: Warning: MoveFile was unable to move '../../../../../../Users/mikey/Documents/Unreal Projects/BeyondHuman/Intermediate/AssetRegistryCache/c9e91a3f.bin.tmp' to '../../../../../../Users/mikey/Documents/Unreal Projects/BeyondHuman/Intermediate/AssetRegistryCache/c9e91a3f.bin', retrying in .5s...
[2018.09.13-12.23.30:673][  0]LogFileManager: Warning: MoveFile was unable to move '../../../../../../Users/mikey/Documents/Unreal Projects/BeyondHuman/Intermediate/AssetRegistryCache/c9e91a3f.bin.tmp' to '../../../../../../Users/mikey/Documents/Unreal Projects/BeyondHuman/Intermediate/AssetRegistryCache/c9e91a3f.bin', retrying in .5s...
[2018.09.13-12.23.31:173][  0]LogFileManager: Warning: MoveFile was unable to move '../../../../../../Users/mikey/Documents/Unreal Projects/BeyondHuman/Intermediate/AssetRegistryCache/c9e91a3f.bin.tmp' to '../../../../../../Users/mikey/Documents/Unreal Projects/BeyondHuman/Intermediate/AssetRegistryCache/c9e91a3f.bin', retrying in .5s...
[2018.09.13-12.23.31:674][  0]LogFileManager: Warning: MoveFile was unable to move '../../../../../../Users/mikey/Documents/Unreal Projects/BeyondHuman/Intermediate/AssetRegistryCache/c9e91a3f.bin.tmp' to '../../../../../../Users/mikey/Documents/Unreal Projects/BeyondHuman/Intermediate/AssetRegistryCache/c9e91a3f.bin', retrying in .5s...
[2018.09.13-12.23.32:175][  0]LogFileManager: Warning: MoveFile was unable to move '../../../../../../Users/mikey/Documents/Unreal Projects/BeyondHuman/Intermediate/AssetRegistryCache/c9e91a3f.bin.tmp' to '../../../../../../Users/mikey/Documents/Unreal Projects/BeyondHuman/Intermediate/AssetRegistryCache/c9e91a3f.bin', retrying in .5s...
[2018.09.13-12.23.32:675][  0]LogFileManager: Warning: MoveFile was unable to move '../../../../../../Users/mikey/Documents/Unreal Projects/BeyondHuman/Intermediate/AssetRegistryCache/c9e91a3f.bin.tmp' to '../../../../../../Users/mikey/Documents/Unreal Projects/BeyondHuman/Intermediate/AssetRegistryCache/c9e91a3f.bin', retrying in .5s...
[2018.09.13-12.23.33:176][  0]LogFileManager: Warning: MoveFile was unable to move '../../../../../../Users/mikey/Documents/Unreal Projects/BeyondHuman/Intermediate/AssetRegistryCache/c9e91a3f.bin.tmp' to '../../../../../../Users/mikey/Documents/Unreal Projects/BeyondHuman/Intermediate/AssetRegistryCache/c9e91a3f.bin', retrying in .5s...
[2018.09.13-12.23.33:677][  0]LogFileManager: Warning: MoveFile was unable to move '../../../../../../Users/mikey/Documents/Unreal Projects/BeyondHuman/Intermediate/AssetRegistryCache/c9e91a3f.bin.tmp' to '../../../../../../Users/mikey/Documents/Unreal Projects/BeyondHuman/Intermediate/AssetRegistryCache/c9e91a3f.bin', retrying in .5s...
[2018.09.13-12.23.34:178][  0]LogFileManager: Warning: MoveFile was unable to move '../../../../../../Users/mikey/Documents/Unreal Projects/BeyondHuman/Intermediate/AssetRegistryCache/c9e91a3f.bin.tmp' to '../../../../../../Users/mikey/Documents/Unreal Projects/BeyondHuman/Intermediate/AssetRegistryCache/c9e91a3f.bin', retrying in .5s...
[2018.09.13-12.23.34:679][  0]LogFileManager: Warning: MoveFile was unable to move '../../../../../../Users/mikey/Documents/Unreal Projects/BeyondHuman/Intermediate/AssetRegistryCache/c9e91a3f.bin.tmp' to '../../../../../../Users/mikey/Documents/Unreal Projects/BeyondHuman/Intermediate/AssetRegistryCache/c9e91a3f.bin', retrying in .5s...
[2018.09.13-12.23.35:180][  0]LogFileManager: Error: Error moving file '../../../../../../Users/mikey/Documents/Unreal Projects/BeyondHuman/Intermediate/AssetRegistryCache/c9e91a3f.bin.tmp' to '../../../../../../Users/mikey/Documents/Unreal Projects/BeyondHuman/Intermediate/AssetRegistryCache/c9e91a3f.bin'.
[2018.09.13-12.23.35:299][  0]LogPackageLocalizationCache: Processed 11 localized package path(s) for 2 prioritized culture(s) in 5.241934 seconds
[2018.09.13-12.23.35:307][  0]LogUObjectArray: 38425 objects as part of root set at end of initial load.
[2018.09.13-12.23.35:307][  0]LogUObjectAllocator: 6690872 out of 0 bytes used by permanent object pool.
[2018.09.13-12.23.35:307][  0]LogUObjectArray: CloseDisregardForGC: 0/0 objects in disregard for GC pool
[2018.09.13-12.23.59:611][  0]LogSubstanceCoreModule: Substance [CPU] Engine Loaded, Max Texture Size = 2048
[2018.09.13-12.23.59:723][  0]LogTcpMessaging: Initializing TcpMessaging bridge
[2018.09.13-12.23.59:769][  0]LogUdpMessaging: Initializing bridge on interface 0.0.0.0:0 to multicast group 230.0.0.1:6666.
[2018.09.13-12.24.01:433][  0]LogConfig: Warning: Failed to saved backup for config[SourceControlSettings]
[2018.09.13-12.24.01:468][  0]SourceControl: Source control is disabled
[2018.09.13-12.24.01:479][  0]SourceControl: Source control is disabled
[2018.09.13-12.24.01:572][  0]SourceControl: Source control is disabled
[2018.09.13-12.24.01:597][  0]SourceControl: Source control is disabled
[2018.09.13-12.24.03:082][  0]LogAndroidPermission: UAndroidPermissionCallbackProxy::GetInstance
[2018.09.13-12.24.03:465][  0]LogOcInput: OculusInput pre-init called
[2018.09.13-12.24.06:566][  0]LogEngine: Initializing Engine...
[2018.09.13-12.24.06:676][  0]LogHMD: Failed to initialize OpenVR with code 110
[2018.09.13-12.24.06:800][  0]LogStats: UGameplayTagsManager::ConstructGameplayTagTree: ImportINI prefixes -  0.013 s
[2018.09.13-12.24.06:800][  0]LogStats: UGameplayTagsManager::ConstructGameplayTagTree: Construct from data asset -  0.000 s
[2018.09.13-12.24.06:800][  0]LogStats: UGameplayTagsManager::ConstructGameplayTagTree: ImportINI -  0.000 s
[2018.09.13-12.24.06:800][  0]LogStats: UGameplayTagsManager::ConstructGameplayTagTree: GameplayTagTreeChangedEvent.Broadcast -  0.001 s
[2018.09.13-12.24.08:314][  0]LogInit: Initializing FReadOnlyCVARCache
[2018.09.13-12.24.08:789][  0]LogAIModule: Creating AISystem for world Untitled
[2018.09.13-12.24.09:119][  0]LogInit: XAudio2 using 'Speakers / Headphones (Realtek Audio)' : 2 channels at 48 kHz using 32 bits per sample (channel mask 0x3)
[2018.09.13-12.24.09:678][  0]LogInit: FAudioDevice initialized.
[2018.09.13-12.24.09:700][  0]LogNetVersion: Set ProjectVersion to 1.0.0.0. Version Checksum will be recalculated on next use.
[2018.09.13-12.24.10:101][  0]LogDerivedDataCache: Saved boot cache 0.40s 71MB C:/Users/mikey/AppData/Local/UnrealEngine/4.20/DerivedDataCache/Boot.ddc.
[2018.09.13-12.24.10:117][  0]LogInit: Texture streaming: Enabled
[2018.09.13-12.24.10:298][  0]LogEngineSessionManager: EngineSessionManager initialized
[2018.09.13-12.24.10:525][  0]LogInit: Transaction tracking system initialized
[2018.09.13-12.24.11:439][  0]BlueprintLog: New page: Editor Load
[2018.09.13-12.24.13:393][  0]LocalizationService: Localization service is disabled
[2018.09.13-12.24.24:013][  0]LogFileCache: Scanning file cache for directory 'C:/Users/mikey/Documents/Unreal Projects/BeyondHuman/Content/' took 0.05s
[2018.09.13-12.24.24:013][  0]LogCook: Display: Max memory allowance for cook 16384mb min free memory 0mb
[2018.09.13-12.24.24:088][  0]LogCook: Display: Mobile HDR setting 1
[2018.09.13-12.24.24:175][  0]LogGameplayTags: Display: UGameplayTagsManager::DoneAddingNativeTags. DelegateIsBound: 0
[2018.09.13-12.24.24:175][  0]LogStats: UGameplayTagsManager::ConstructGameplayTagTree: ImportINI prefixes -  0.000 s
[2018.09.13-12.24.24:175][  0]LogStats: UGameplayTagsManager::ConstructGameplayTagTree: Construct from data asset -  0.000 s
[2018.09.13-12.24.24:175][  0]LogStats: UGameplayTagsManager::ConstructGameplayTagTree: ImportINI -  0.000 s
[2018.09.13-12.24.24:176][  0]LogStats: UGameplayTagsManager::ConstructGameplayTagTree: GameplayTagTreeChangedEvent.Broadcast -  0.000 s
[2018.09.13-12.24.29:111][  0]SourceControl: Source control is disabled
[2018.09.13-12.24.29:135][  0]Cmd: MAP LOAD FILE="../../../../../../Users/mikey/Documents/Unreal Projects/BeyondHuman/Content/Maps/Meshing.umap" TEMPLATE=0 SHOWPROGRESS=1 FEATURELEVEL=3
[2018.09.13-12.24.29:145][  0]LightingResults: New page: Lighting Build
[2018.09.13-12.24.29:349][  0]MapCheck: New page: Map Check
[2018.09.13-12.24.29:349][  0]LightingResults: New page: Lighting Build
[2018.09.13-12.28.22:305][  0]LogAIModule: Creating AISystem for world Meshing
[2018.09.13-12.28.31:105][  0]LogEditorServer: Finished looking for orphan Actors (0.172 secs)
[2018.09.13-12.28.31:913][  0]LogGarbage: Warning: 1.307258 ms for acquiring GC lock
[2018.09.13-12.28.35:669][  0]Cmd: MAP CHECKDEP NOCLEARLOG
[2018.09.13-12.28.44:692][  0]MapCheck: Map check complete: 0 Error(s), 0 Warning(s), took 8,891.335ms to complete.
[2018.09.13-12.28.44:735][  0]LogFileHelpers: Loading map 'Meshing' took 255.600
[2018.09.13-12.28.55:804][  0]LogSlate: Updating window title bar state: overlay mode, drag disabled, window buttons hidden, title bar hidden
[2018.09.13-12.28.55:920][  0]LogSlate: Updating window title bar state: overlay mode, drag disabled, window buttons hidden, title bar hidden
[2018.09.13-12.28.55:937][  0]LogSlate: Updating window title bar state: overlay mode, drag disabled, window buttons hidden, title bar hidden
[2018.09.13-12.28.56:049][  0]LogSlate: Updating window title bar state: overlay mode, drag disabled, window buttons hidden, title bar hidden
[2018.09.13-12.28.57:386][  0]LogCollectionManager: Loaded 0 collections in 0.004930 seconds
[2018.09.13-12.28.58:772][  0]LogFileCache: Scanning file cache for directory 'C:/Users/mikey/Documents/Unreal Projects/BeyondHuman/Saved/Collections/' took 0.04s
[2018.09.13-12.28.58:772][  0]LogFileCache: Scanning file cache for directory 'C:/Users/mikey/Documents/Unreal Projects/BeyondHuman/Content/Developers/mikey/Collections/' took 0.03s
[2018.09.13-12.28.58:773][  0]LogFileCache: Scanning file cache for directory 'C:/Users/mikey/Documents/Unreal Projects/BeyondHuman/Content/Collections/' took 0.05s
[2018.09.13-12.28.58:773][  0]LogCollectionManager: Rebuilt the GUID cache for 0 collections in 0.000001 seconds
[2018.09.13-12.28.59:253][  0]LogContentBrowser: Native class hierarchy populated in 0.4596 seconds. Added 2586 classes and 609 folders.
[2018.09.13-12.28.59:914][  0]LogContentBrowser: Native class hierarchy updated for 'WidgetCarousel' in 0.0009 seconds. Added 0 classes and 0 folders.
[2018.09.13-12.29.02:774][  0]LogContentBrowser: Native class hierarchy updated for 'AddContentDialog' in 0.0019 seconds. Added 0 classes and 0 folders.
[2018.09.13-12.29.05:765][  0]LogContentBrowser: Native class hierarchy updated for 'SceneOutliner' in 0.0009 seconds. Added 1 classes and 2 folders.
[2018.09.13-12.29.11:810][  0]LogSlate: Took 0.162236 seconds to synchronously load lazily loaded font '../../../Engine/Content/Slate/Fonts/Roboto-Regular.ttf' (155K)
[2018.09.13-12.29.12:142][  0]LogSlate: Took 0.048039 seconds to synchronously load lazily loaded font '../../../Engine/Content/Slate/Fonts/Roboto-Bold.ttf' (160K)
[2018.09.13-12.29.12:921][  0]LogSlate: Took 0.165886 seconds to synchronously load lazily loaded font '../../../Engine/Content/Editor/Slate/Fonts/FontAwesome.ttf' (139K)
[2018.09.13-12.29.20:271][  0]LogRenderer: Reallocating scene render targets to support 1016x712 Format 9 NumSamples 1 (Frame:1).
[2018.09.13-12.29.34:609][  0]LogContentBrowser: Native class hierarchy updated for 'HierarchicalLODOutliner' in 0.0006 seconds. Added 0 classes and 0 folders.
[2018.09.13-12.29.34:609][  0]LogLoad: (Engine Initialization) Total time: 485.92 seconds
[2018.09.13-12.29.34:609][  0]LogLoad: (Engine Initialization) Total Blueprint compile time: 0.00 seconds
[2018.09.13-12.29.38:220][  0]LogContentStreaming: Texture pool size now 3000 MB
[2018.09.13-12.29.41:461][  0]LogSlate: Took 0.076461 seconds to synchronously load lazily loaded font '../../../Engine/Content/Slate/Fonts/Roboto-Light.ttf' (167K)
[2018.09.13-12.29.41:515][  1]LogSubstanceLiveLink: Warning: Unable to send data along socket, closing connection
[2018.09.13-12.29.44:458][ 12]LogAssetRegistry: Asset discovery search completed in 398.9690 seconds
[2018.09.13-12.29.44:501][ 12]LogCollectionManager: Rebuilt the object cache for 0 collections in 0.000000 seconds (found 0 objects)
[2018.09.13-12.29.44:501][ 12]LogCollectionManager: Fixed up redirectors for 0 collections in 0.000105 seconds (updated 0 objects)
[2018.09.13-12.48.54:262][431]LogSlate: FSceneViewport::OnFocusLost() reason 0
[2018.09.13-12.48.55:211][431]LogSlate: Window 'BeyondHuman - Unreal Editor' being destroyed
[2018.09.13-12.48.55:251][431]LogWindowsTextInputMethodSystem: Display: IME system now deactivated.
[2018.09.13-12.48.57:551][432]Cmd: QUIT_EDITOR
[2018.09.13-12.48.59:956][432]LogExit: Preparing to exit.
[2018.09.13-12.49.20:956][432]LogExit: Editor shut down
[2018.09.13-12.49.21:046][432]LogExit: Transaction tracking system shut down
[2018.09.13-12.49.31:956][432]LogExit: Object subsystem successfully closed.
[2018.09.13-12.49.32:964][432]LogShaderCompilers: Display: Shaders left to compile 0
[2018.09.13-12.49.33:042][432]LogD3D11RHI: Shutdown
[2018.09.13-12.49.33:057][432]LogD3D11RHI: CleanupD3DDevice
[2018.09.13-12.49.33:622][432]LogD3D11RHI: ~FD3D11DynamicRHI
[2018.09.13-12.49.37:540][432]LogModuleManager: Shutting down and abandoning module HierarchicalLODOutliner (618)
[2018.09.13-12.49.37:541][432]LogModuleManager: Shutting down and abandoning module SceneOutliner (616)
[2018.09.13-12.49.37:541][432]LogModuleManager: Shutting down and abandoning module AddContentDialog (614)
[2018.09.13-12.49.37:544][432]LogModuleManager: Shutting down and abandoning module WidgetCarousel (613)
[2018.09.13-12.49.37:544][432]LogModuleManager: Shutting down and abandoning module EditorWidgets (610)
[2018.09.13-12.49.37:544][432]LogModuleManager: Shutting down and abandoning module CollectionManager (608)
[2018.09.13-12.49.37:578][432]LogModuleManager: Shutting down and abandoning module StatsViewer (606)
[2018.09.13-12.49.37:666][432]LogModuleManager: Shutting down and abandoning module FoliageEdit (604)
[2018.09.13-12.49.37:666][432]LogModuleManager: Shutting down and abandoning module LandscapeEditor (602)
[2018.09.13-12.49.37:873][432]LogModuleManager: Shutting down and abandoning module MeshPaintMode (600)
[2018.09.13-12.49.37:944][432]LogModuleManager: Shutting down and abandoning module SceneDepthPickerMode (598)
[2018.09.13-12.49.37:944][432]LogModuleManager: Shutting down and abandoning module ActorPickerMode (596)
[2018.09.13-12.49.37:944][432]LogModuleManager: Shutting down and abandoning module GeometryMode (594)
[2018.09.13-12.49.37:989][432]LogModuleManager: Shutting down and abandoning module TextureAlignMode (592)
[2018.09.13-12.49.37:989][432]LogModuleManager: Shutting down and abandoning module BspMode (590)
[2018.09.13-12.49.37:989][432]LogModuleManager: Shutting down and abandoning module PIEPreviewDeviceProfileSelector (588)
[2018.09.13-12.49.37:989][432]LogModuleManager: Shutting down and abandoning module SequenceRecorderSections (586)
[2018.09.13-12.49.37:989][432]LogModuleManager: Shutting down and abandoning module AutomationWorker (584)
[2018.09.13-12.49.38:010][432]LogModuleManager: Shutting down and abandoning module AudioCaptureEditor (582)
[2018.09.13-12.49.38:052][432]LogModuleManager: Shutting down and abandoning module SequenceRecorder (581)
[2018.09.13-12.49.38:066][432]LogModuleManager: Shutting down and abandoning module MatineeToLevelSequence (578)
[2018.09.13-12.49.38:147][432]LogModuleManager: Shutting down and abandoning module LevelSequenceEditor (576)
[2018.09.13-12.49.38:313][432]LogModuleManager: Shutting down and abandoning module PlacementMode (575)
[2018.09.13-12.49.38:313][432]LogModuleManager: Shutting down and abandoning module MaterialEditor (574)
[2018.09.13-12.49.38:500][432]LogModuleManager: Shutting down and abandoning module WmfMediaFactory (570)
[2018.09.13-12.49.38:542][432]LogModuleManager: Shutting down and abandoning module WmfMediaEditor (568)
[2018.09.13-12.49.38:542][432]LogModuleManager: Shutting down and abandoning module MediaPlayerEditor (566)
[2018.09.13-12.49.38:584][432]LogModuleManager: Shutting down and abandoning module OpenExrWrapper (564)
[2018.09.13-12.49.38:584][432]LogModuleManager: Shutting down and abandoning module ImgMediaFactory (562)
[2018.09.13-12.49.38:584][432]LogModuleManager: Shutting down and abandoning module ImgMediaEditor (560)
[2018.09.13-12.49.38:584][432]LogModuleManager: Shutting down and abandoning module AvfMediaFactory (558)
[2018.09.13-12.49.38:584][432]LogModuleManager: Shutting down and abandoning module AvfMediaEditor (556)
[2018.09.13-12.49.38:584][432]LogModuleManager: Shutting down and abandoning module AndroidMediaFactory (554)
[2018.09.13-12.49.38:584][432]LogModuleManager: Shutting down and abandoning module AndroidMediaEditor (552)
[2018.09.13-12.49.38:584][432]LogModuleManager: Shutting down and abandoning module MagicLeapCameraPreviewFactory (550)
[2018.09.13-12.49.38:584][432]LogModuleManager: Shutting down and abandoning module MagicLeapMediaFactory (548)
[2018.09.13-12.49.38:589][432]LogModuleManager: Shutting down and abandoning module MagicLeapMediaEditor (546)
[2018.09.13-12.49.38:589][432]LogModuleManager: Shutting down and abandoning module CharacterAI (544)
[2018.09.13-12.49.38:612][432]LogModuleManager: Shutting down and abandoning module SmartSnapping (542)
[2018.09.13-12.49.38:629][432]LogModuleManager: Shutting down and abandoning module SessionServices (540)
[2018.09.13-12.49.38:630][432]LogModuleManager: Shutting down and abandoning module ViewportSnapping (538)
[2018.09.13-12.49.38:658][432]LogModuleManager: Shutting down and abandoning module ViewportInteraction (536)
[2018.09.13-12.49.38:659][432]LogModuleManager: Shutting down and abandoning module ClothPainter (534)
[2018.09.13-12.49.38:796][432]LogModuleManager: Shutting down and abandoning module SkeletalMeshEditor (533)
[2018.09.13-12.49.38:866][432]LogModuleManager: Shutting down and abandoning module LogVisualizer (530)
[2018.09.13-12.49.38:962][432]LogModuleManager: Shutting down and abandoning module IntroTutorials (528)
[2018.09.13-12.49.39:084][432]LogModuleManager: Shutting down and abandoning module GameProjectGeneration (527)
[2018.09.13-12.49.39:138][432]LogModuleManager: Shutting down and abandoning module LuminPlatformEditor (524)
[2018.09.13-12.49.39:139][432]LogModuleManager: Shutting down and abandoning module IOSPlatformEditor (522)
[2018.09.13-12.49.39:202][432]LogModuleManager: Shutting down and abandoning module HTML5PlatformEditor (520)
[2018.09.13-12.49.39:202][432]LogModuleManager: Shutting down and abandoning module AndroidPlatformEditor (518)
[2018.09.13-12.49.39:212][432]LogModuleManager: Shutting down and abandoning module AndroidDeviceDetection (517)
[2018.09.13-12.49.39:827][432]LogModuleManager: Shutting down and abandoning module WindowsPlatformEditor (514)
[2018.09.13-12.49.39:827][432]LogModuleManager: Shutting down and abandoning module LuminRuntimeSettings (512)
[2018.09.13-12.49.39:827][432]LogModuleManager: Shutting down and abandoning module IOSRuntimeSettings (510)
[2018.09.13-12.49.39:827][432]LogModuleManager: Shutting down and abandoning module AndroidRuntimeSettings (508)
[2018.09.13-12.49.39:827][432]LogModuleManager: Shutting down and abandoning module InputBindingEditor (506)
[2018.09.13-12.49.39:855][432]LogModuleManager: Shutting down and abandoning module MergeActors (504)
[2018.09.13-12.49.39:961][432]LogModuleManager: Shutting down and abandoning module LocalizationDashboard (502)
[2018.09.13-12.49.40:024][432]LogModuleManager: Shutting down and abandoning module LocalizationService (501)
[2018.09.13-12.49.40:035][432]LogModuleManager: Shutting down and abandoning module HardwareTargeting (498)
[2018.09.13-12.49.40:035][432]LogModuleManager: Shutting down and abandoning module DeviceProfileEditor (496)
[2018.09.13-12.49.40:072][432]LogModuleManager: Shutting down and abandoning module UndoHistory (494)
[2018.09.13-12.49.40:102][432]LogModuleManager: Shutting down and abandoning module XmlParser (492)
[2018.09.13-12.49.40:120][432]LogModuleManager: Shutting down and abandoning module Blutility (490)
[2018.09.13-12.49.40:148][432]LogModuleManager: Shutting down and abandoning module ProjectSettingsViewer (488)
[2018.09.13-12.49.40:162][432]LogModuleManager: Shutting down and abandoning module ProjectTargetPlatformEditor (487)
[2018.09.13-12.49.40:205][432]LogModuleManager: Shutting down and abandoning module EditorSettingsViewer (484)
[2018.09.13-12.49.40:273][432]LogModuleManager: Shutting down and abandoning module SettingsEditor (482)
[2018.09.13-12.49.40:390][432]LogModuleManager: Shutting down and abandoning module ProjectLauncher (480)
[2018.09.13-12.49.40:503][432]LogModuleManager: Shutting down and abandoning module SessionFrontend (478)
[2018.09.13-12.49.40:550][432]LogModuleManager: Shutting down and abandoning module ProfilerClient (476)
[2018.09.13-12.49.40:579][432]LogModuleManager: Shutting down and abandoning module DeviceManager (474)
[2018.09.13-12.49.40:598][432]LogModuleManager: Shutting down and abandoning module TargetDeviceServices (473)
[2018.09.13-12.49.40:765][432]LogModuleManager: Shutting down and abandoning module AutomationController (470)
[2018.09.13-12.49.40:797][432]LogModuleManager: Shutting down and abandoning module AutomationWindow (468)
[2018.09.13-12.49.40:843][432]LogModuleManager: Shutting down and abandoning module Layers (466)
[2018.09.13-12.49.40:983][432]LogModuleManager: Shutting down and abandoning module ComponentVisualizers (464)
[2018.09.13-12.49.40:984][432]LogModuleManager: Shutting down and abandoning module DetailCustomizations (462)
[2018.09.13-12.49.41:246][432]LogModuleManager: Shutting down and abandoning module PackagesDialog (460)
[2018.09.13-12.49.41:273][432]LogModuleManager: Shutting down and abandoning module Persona (458)
[2018.09.13-12.49.41:394][432]LogModuleManager: Shutting down and abandoning module AdvancedPreviewScene (457)
[2018.09.13-12.49.41:394][432]LogModuleManager: Shutting down and abandoning module AnimGraph (455)
[2018.09.13-12.49.41:412][432]LogModuleManager: Shutting down and abandoning module Kismet (452)
[2018.09.13-12.49.41:504][432]LogModuleManager: Shutting down and abandoning module GraphEditor (450)
[2018.09.13-12.49.41:624][432]LogModuleManager: Shutting down and abandoning module ClassViewer (448)
[2018.09.13-12.49.41:625][432]LogModuleManager: Shutting down and abandoning module Toolbox (446)
[2018.09.13-12.49.41:625][432]LogModuleManager: Shutting down and abandoning module ModuleUI (444)
[2018.09.13-12.49.41:656][432]LogModuleManager: Shutting down and abandoning module MovieSceneTools (442)
[2018.09.13-12.49.41:807][432]LogModuleManager: Shutting down and abandoning module OutputLog (440)
[2018.09.13-12.49.41:808][432]LogModuleManager: Shutting down and abandoning module GammaUI (438)
[2018.09.13-12.49.41:885][432]LogModuleManager: Shutting down and abandoning module Documentation (436)
[2018.09.13-12.49.41:885][432]LogModuleManager: Shutting down and abandoning module MovieSceneTracks (434)
[2018.09.13-12.49.41:885][432]LogModuleManager: Shutting down and abandoning module MovieScene (432)
[2018.09.13-12.49.41:886][432]LogModuleManager: Shutting down and abandoning module StreamingPauseRendering (430)
[2018.09.13-12.49.41:947][432]LogModuleManager: Shutting down and abandoning module LauncherPlatform (428)
[2018.09.13-12.49.41:947][432]LogModuleManager: Shutting down and abandoning module AnalyticsET (426)
[2018.09.13-12.49.41:947][432]LogModuleManager: Shutting down and abandoning module PortalServices (424)
[2018.09.13-12.49.41:947][432]LogModuleManager: Shutting down and abandoning module PortalRpc (422)
[2018.09.13-12.49.41:948][432]LogModuleManager: Shutting down and abandoning module MessagingRpc (420)
[2018.09.13-12.49.41:948][432]LogModuleManager: Shutting down and abandoning module AIModule (418)
[2018.09.13-12.49.41:995][432]LogModuleManager: Shutting down and abandoning module GameplayDebugger (417)
[2018.09.13-12.49.41:997][432]LogModuleManager: Shutting down and abandoning module AITestSuite (415)
[2018.09.13-12.49.42:032][432]LogModuleManager: Shutting down and abandoning module NavigationSystem (413)
[2018.09.13-12.49.42:032][432]LogModuleManager: Shutting down and abandoning module DesktopPlatform (410)
[2018.09.13-12.49.42:095][432]LogModuleManager: Shutting down and abandoning module ProfilerService (408)
[2018.09.13-12.49.42:206][432]LogModuleManager: Shutting down and abandoning module TaskGraph (406)
[2018.09.13-12.49.42:311][432]LogModuleManager: Shutting down and abandoning module SubstanceLiveLink (404)
[2018.09.13-12.49.42:391][432]LogModuleManager: Shutting down and abandoning module SubstanceSource (402)
[2018.09.13-12.49.42:500][432]LogModuleManager: Shutting down and abandoning module SubstanceEditor (400)
[2018.09.13-12.49.42:584][432]LogModuleManager: Shutting down and abandoning module SteamVRController (398)
[2018.09.13-12.49.42:584][432]LogModuleManager: Shutting down and abandoning module ProceduralMeshComponentEditor (396)
[2018.09.13-12.49.42:584][432]LogModuleManager: Shutting down and abandoning module ProceduralMeshComponent (394)
[2018.09.13-12.49.42:617][432]LogModuleManager: Shutting down and abandoning module OculusInput (392)
[2018.09.13-12.49.42:617][432]LogModuleManager: Shutting down and abandoning module MobilePatchingUtils (390)
[2018.09.13-12.49.42:617][432]LogModuleManager: Shutting down and abandoning module EditableMesh (388)
[2018.09.13-12.49.42:635][432]LogModuleManager: Shutting down and abandoning module CustomMeshComponent (386)
[2018.09.13-12.49.42:635][432]LogModuleManager: Shutting down and abandoning module CableComponent (384)
[2018.09.13-12.49.42:635][432]LogModuleManager: Shutting down and abandoning module AudioCapture (382)
[2018.09.13-12.49.42:635][432]LogModuleManager: Shutting down and abandoning module ArchVisCharacter (380)
[2018.09.13-12.49.42:635][432]LogModuleManager: Shutting down and abandoning module AndroidPermission (378)
[2018.09.13-12.49.42:635][432]LogModuleManager: Shutting down and abandoning module NUTUnrealEngine4 (376)
[2018.09.13-12.49.42:635][432]LogModuleManager: Shutting down and abandoning module NetcodeUnitTest (374)
[2018.09.13-12.49.42:779][432]LogModuleManager: Shutting down and abandoning module MediaCompositingEditor (372)
[2018.09.13-12.49.42:795][432]LogModuleManager: Shutting down and abandoning module MediaCompositing (370)
[2018.09.13-12.49.42:795][432]LogModuleManager: Shutting down and abandoning module LinearTimecode (368)
[2018.09.13-12.49.42:795][432]LogModuleManager: Shutting down and abandoning module ImgMedia (366)
[2018.09.13-12.49.42:834][432]LogModuleManager: Shutting down and abandoning module HTML5Networking (364)
[2018.09.13-12.49.42:834][432]LogModuleManager: Shutting down and abandoning module GeometryCacheTracks (362)
[2018.09.13-12.49.42:834][432]LogModuleManager: Shutting down and abandoning module GeometryCacheSequencer (360)
[2018.09.13-12.49.42:835][432]LogModuleManager: Shutting down and abandoning module BackChannel (358)
[2018.09.13-12.49.42:848][432]LogModuleManager: Shutting down and abandoning module AppleVision (356)
[2018.09.13-12.49.42:848][432]LogModuleManager: Shutting down and abandoning module AppleImageUtils (354)
[2018.09.13-12.49.42:848][432]LogModuleManager: Shutting down and abandoning module AlembicImporter (352)
[2018.09.13-12.49.42:848][432]LogModuleManager: Shutting down and abandoning module AlembicLibrary (351)
[2018.09.13-12.49.42:860][432]LogModuleManager: Shutting down and abandoning module GeometryCache (350)
[2018.09.13-12.49.42:860][432]LogModuleManager: Shutting down and abandoning module GeometryCacheEd (349)
[2018.09.13-12.49.42:860][432]LogModuleManager: Shutting down and abandoning module DatasmithContentEditor (344)
[2018.09.13-12.49.42:895][432]LogModuleManager: Shutting down and abandoning module DatasmithContent (342)
[2018.09.13-12.49.42:897][432]LogModuleManager: Shutting down and abandoning module SpeedTreeImporter (340)
[2018.09.13-12.49.42:897][432]LogModuleManager: Shutting down and abandoning module PluginBrowser (338)
[2018.09.13-12.49.42:986][432]LogModuleManager: Shutting down and abandoning module MobileLauncherProfileWizard (336)
[2018.09.13-12.49.42:992][432]LogModuleManager: Shutting down and abandoning module PolygonModeling (334)
[2018.09.13-12.49.42:992][432]LogModuleManager: Shutting down and abandoning module MeshEditor (332)
[2018.09.13-12.49.43:027][432]LogModuleManager: Shutting down and abandoning module CryptoKeysOpenSSL (330)
[2018.09.13-12.49.43:032][432]LogModuleManager: Shutting down and abandoning module CryptoKeys (328)
[2018.09.13-12.49.43:032][432]LogModuleManager: Shutting down and abandoning module VisualStudioSourceCodeAccess (326)
[2018.09.13-12.49.43:072][432]LogModuleManager: Shutting down and abandoning module VisualStudioCodeSourceCodeAccess (324)
[2018.09.13-12.49.43:087][432]LogModuleManager: Shutting down and abandoning module UObjectPlugin (322)
[2018.09.13-12.49.43:087][432]LogModuleManager: Shutting down and abandoning module SubversionSourceControl (320)
[2018.09.13-12.49.43:141][432]LogModuleManager: Shutting down and abandoning module PerforceSourceControl (318)
[2018.09.13-12.49.43:309][432]LogModuleManager: Shutting down and abandoning module GitSourceControl (316)
[2018.09.13-12.49.43:386][432]LogModuleManager: Shutting down and abandoning module SourceControl (315)
[2018.09.13-12.49.43:433][432]LogModuleManager: Shutting down and abandoning module CLionSourceCodeAccess (312)
[2018.09.13-12.49.43:446][432]LogModuleManager: Shutting down and abandoning module LightPropagationVolumeEditor (310)
[2018.09.13-12.49.43:446][432]LogModuleManager: Shutting down and abandoning module PaperTiledImporter (308)
[2018.09.13-12.49.43:446][432]LogModuleManager: Shutting down and abandoning module PaperSpriteSheetImporter (306)
[2018.09.13-12.49.43:446][432]LogModuleManager: Shutting down and abandoning module Paper2DEditor (304)
[2018.09.13-12.49.43:449][432]LogModuleManager: Shutting down and abandoning module MeshPaint (303)
[2018.09.13-12.49.43:507][432]LogModuleManager: Shutting down and abandoning module RuntimePhysXCooking (300)
[2018.09.13-12.49.43:507][432]LogModuleManager: Shutting down and abandoning module PhysXVehiclesEditor (298)
[2018.09.13-12.49.43:536][432]LogModuleManager: Shutting down and abandoning module PhysXVehicles (296)
[2018.09.13-12.49.43:536][432]LogModuleManager: Shutting down and abandoning module OculusEditor (294)
[2018.09.13-12.49.43:584][432]LogModuleManager: Shutting down and abandoning module LocationServicesBPLibrary (292)
[2018.09.13-12.49.43:584][432]LogModuleManager: Shutting down and abandoning module ImmediatePhysicsEditor (290)
[2018.09.13-12.49.43:584][432]LogModuleManager: Shutting down and abandoning module ImmediatePhysics (288)
[2018.09.13-12.49.43:584][432]LogModuleManager: Shutting down and abandoning module ActorSequence (286)
[2018.09.13-12.49.43:584][432]LogModuleManager: Shutting down and abandoning module UdpMessaging (284)
[2018.09.13-12.49.43:685][432]LogModuleManager: Shutting down and abandoning module TcpMessaging (282)
[2018.09.13-12.49.43:805][432]LogModuleManager: Shutting down and abandoning module SubstanceCore (280)
[2018.09.13-12.49.43:848][432]LogModuleManager: Shutting down and abandoning module MagicLeapAudio (278)
[2018.09.13-12.49.43:848][432]LogModuleManager: Shutting down and abandoning module GameplayTagsEditor (276)
[2018.09.13-12.49.43:919][432]LogModuleManager: Shutting down and abandoning module FacialAnimationEditor (274)
[2018.09.13-12.49.43:931][432]LogModuleManager: Shutting down and abandoning module FacialAnimation (272)
[2018.09.13-12.49.43:931][432]LogModuleManager: Shutting down and abandoning module DataValidation (270)
[2018.09.13-12.49.43:948][432]LogModuleManager: Shutting down and abandoning module AssetManagerEditor (268)
[2018.09.13-12.49.43:985][432]LogModuleManager: Shutting down and abandoning module LevelEditor (267)
[2018.09.13-12.49.44:138][432]LogModuleManager: Shutting down and abandoning module PixelInspectorModule (266)
[2018.09.13-12.49.44:180][432]LogModuleManager: Shutting down and abandoning module CommonMenuExtensions (264)
[2018.09.13-12.49.44:223][432]LogModuleManager: Shutting down and abandoning module MainFrame (262)
[2018.09.13-12.49.44:223][432]LogModuleManager: Shutting down and abandoning module HotReload (261)
[2018.09.13-12.49.44:353][432]LogModuleManager: Shutting down and abandoning module ContentBrowser (257)
[2018.09.13-12.49.44:355][432]LogModuleManager: Shutting down and abandoning module TreeMap (255)
[2018.09.13-12.49.44:388][432]LogModuleManager: Shutting down and abandoning module LightPropagationVolumeRuntime (252)
[2018.09.13-12.49.44:388][432]LogModuleManager: Shutting down and abandoning module AISupportModule (250)
[2018.09.13-12.49.44:388][432]LogModuleManager: Shutting down and abandoning module Paper2D (248)
[2018.09.13-12.49.44:421][432]LogModuleManager: Shutting down and abandoning module WindowsMoviePlayer (246)
[2018.09.13-12.49.44:495][432]LogModuleManager: Shutting down and abandoning module WmfMedia (244)
[2018.09.13-12.49.44:565][432]LogModuleManager: Shutting down and abandoning module Media (243)
[2018.09.13-12.49.44:571][432]LogModuleManager: Shutting down and abandoning module PacketHandler (240)
[2018.09.13-12.49.44:571][432]LogModuleManager: Shutting down and abandoning module ClothingSystemEditor (238)
[2018.09.13-12.49.44:571][432]LogModuleManager: Shutting down and abandoning module ClothingSystemRuntime (236)
[2018.09.13-12.49.44:614][432]LogModuleManager: Shutting down and abandoning module MediaAssets (234)
[2018.09.13-12.49.44:614][432]LogModuleManager: Shutting down and abandoning module Overlay (232)
[2018.09.13-12.49.44:614][432]LogModuleManager: Shutting down and abandoning module OverlayEditor (231)
[2018.09.13-12.49.44:614][432]LogModuleManager: Shutting down and abandoning module VREditor (228)
[2018.09.13-12.49.44:649][432]LogModuleManager: Shutting down and abandoning module StringTableEditor (226)
[2018.09.13-12.49.44:668][432]LogModuleManager: Shutting down and abandoning module GameplayTasksEditor (224)
[2018.09.13-12.49.44:668][432]LogModuleManager: Shutting down and abandoning module BehaviorTreeEditor (222)
[2018.09.13-12.49.44:834][432]LogModuleManager: Shutting down and abandoning module FunctionalTesting (220)
[2018.09.13-12.49.44:872][432]LogModuleManager: Shutting down and abandoning module CollisionAnalyzer (218)
[2018.09.13-12.49.44:896][432]LogModuleManager: Shutting down and abandoning module WorkspaceMenuStructure (217)
[2018.09.13-12.49.44:987][432]LogModuleManager: Shutting down and abandoning module UMG (214)
[2018.09.13-12.49.45:026][432]LogModuleManager: Shutting down and abandoning module UMGEditor (213)
[2018.09.13-12.49.45:053][432]LogModuleManager: Shutting down and abandoning module Sequencer (212)
[2018.09.13-12.49.45:195][432]LogModuleManager: Shutting down and abandoning module MessageLog (209)
[2018.09.13-12.49.45:229][432]LogModuleManager: Shutting down and abandoning module SlateReflector (204)
[2018.09.13-12.49.45:510][432]LogModuleManager: Shutting down and abandoning module Slate (202)
[2018.09.13-12.49.45:547][432]LogModuleManager: Shutting down and abandoning module EditorStyle (200)
[2018.09.13-12.49.45:621][432]LogModuleManager: Shutting down and abandoning module MRMesh (198)
[2018.09.13-12.49.45:621][432]LogModuleManager: Shutting down and abandoning module SourceCodeAccess (196)
[2018.09.13-12.49.45:637][432]LogModuleManager: Shutting down and abandoning module HeadMountedDisplay (194)
[2018.09.13-12.49.45:638][432]LogModuleManager: Shutting down and abandoning module XAudio2 (192)
[2018.09.13-12.49.45:638][432]LogModuleManager: Shutting down and abandoning module Networking (190)
[2018.09.13-12.49.45:638][432]LogModuleManager: Shutting down and abandoning module Core (188)
[2018.09.13-12.49.45:638][432]LogModuleManager: Shutting down and abandoning module LevelSequence (186)
[2018.09.13-12.49.45:638][432]LogModuleManager: Shutting down and abandoning module KismetCompiler (184)
[2018.09.13-12.49.45:638][432]LogModuleManager: Shutting down and abandoning module MeshUtilities (182)
[2018.09.13-12.49.45:650][432]LogModuleManager: Shutting down and abandoning module MeshMergeUtilities (181)
[2018.09.13-12.49.45:666][432]LogModuleManager: Shutting down and abandoning module MeshReductionInterface (180)
[2018.09.13-12.49.45:667][432]LogModuleManager: Shutting down and abandoning module SimplygonSwarm (179)
[2018.09.13-12.49.45:669][432]LogModuleManager: Shutting down and abandoning module ProxyLODMeshReduction (177)
[2018.09.13-12.49.45:713][432]LogModuleManager: Shutting down and abandoning module SimplygonMeshReduction (175)
[2018.09.13-12.49.45:726][432]LogModuleManager: Shutting down and abandoning module QuadricMeshReduction (173)
[2018.09.13-12.49.45:742][432]LogModuleManager: Shutting down and abandoning module MaterialBaking (169)
[2018.09.13-12.49.45:743][432]LogModuleManager: Shutting down and abandoning module DirectoryWatcher (165)
[2018.09.13-12.49.45:816][432]LogModuleManager: Shutting down and abandoning module DerivedDataCache (162)
[2018.09.13-12.49.45:840][432]LogDerivedDataCache: Shutdown
[2018.09.13-12.49.45:840][432]LogModuleManager: Shutting down and abandoning module XGEController (160)
[2018.09.13-12.49.45:842][432]LogXGEController: Cleaning working directory: C:/Users/mikey/AppData/Local/Temp/UnrealXGEWorkingDir/
[2018.09.13-12.49.45:859][432]LogModuleManager: Shutting down and abandoning module TargetPlatform (158)
[2018.09.13-12.49.45:873][432]LogModuleManager: Shutting down and abandoning module VulkanShaderFormat (157)
[2018.09.13-12.49.45:874][432]LogModuleManager: Shutting down and abandoning module ShaderFormatVectorVM (155)
[2018.09.13-12.49.45:896][432]LogModuleManager: Shutting down and abandoning module ShaderFormatOpenGL (153)
[2018.09.13-12.49.45:911][432]LogModuleManager: Shutting down and abandoning module ShaderFormatD3D (151)
[2018.09.13-12.49.45:912][432]LogModuleManager: Shutting down and abandoning module MetalShaderFormat (149)
[2018.09.13-12.49.45:923][432]LogModuleManager: Shutting down and abandoning module TextureFormatUncompressed (147)
[2018.09.13-12.49.45:924][432]LogModuleManager: Shutting down and abandoning module TextureFormatPVR (145)
[2018.09.13-12.49.45:924][432]LogModuleManager: Shutting down and abandoning module TextureFormatDXT (143)
[2018.09.13-12.49.45:924][432]LogModuleManager: Shutting down and abandoning module TextureFormatIntelISPCTexComp (141)
[2018.09.13-12.49.45:951][432]LogModuleManager: Shutting down and abandoning module TextureFormatASTC (139)
[2018.09.13-12.49.45:951][432]LogModuleManager: Shutting down and abandoning module ImageWrapper (138)
[2018.09.13-12.49.45:951][432]LogModuleManager: Shutting down and abandoning module TextureFormatAndroid (135)
[2018.09.13-12.49.45:952][432]LogModuleManager: Shutting down and abandoning module AudioFormatOpus (133)
[2018.09.13-12.49.45:953][432]LogModuleManager: Shutting down and abandoning module AudioFormatOgg (131)
[2018.09.13-12.49.45:953][432]LogModuleManager: Shutting down and abandoning module AudioFormatADPCM (129)
[2018.09.13-12.49.45:953][432]LogModuleManager: Shutting down and abandoning module LuminTargetPlatform (127)
[2018.09.13-12.49.45:958][432]LogModuleManager: Shutting down and abandoning module LinuxTargetPlatform (125)
[2018.09.13-12.49.46:002][432]LogModuleManager: Shutting down and abandoning module LinuxServerTargetPlatform (123)
[2018.09.13-12.49.46:003][432]LogModuleManager: Shutting down and abandoning module LinuxNoEditorTargetPlatform (121)
[2018.09.13-12.49.46:008][432]LogModuleManager: Shutting down and abandoning module LinuxClientTargetPlatform (119)
[2018.09.13-12.49.46:009][432]LogModuleManager: Shutting down and abandoning module TVOSTargetPlatform (117)
[2018.09.13-12.49.46:320][432]LogModuleManager: Shutting down and abandoning module Messaging (115)
[2018.09.13-12.49.46:320][432]LogModuleManager: Shutting down and abandoning module IOSTargetPlatform (113)
[2018.09.13-12.49.47:272][432]LogModuleManager: Shutting down and abandoning module HTML5TargetPlatform (111)
[2018.09.13-12.49.47:273][432]LogModuleManager: Shutting down and abandoning module AndroidTargetPlatform (109)
[2018.09.13-12.49.47:742][432]LogModuleManager: Shutting down and abandoning module WindowsTargetPlatform (107)
[2018.09.13-12.49.47:742][432]LogModuleManager: Shutting down and abandoning module WindowsServerTargetPlatform (105)
[2018.09.13-12.49.47:743][432]LogModuleManager: Shutting down and abandoning module WindowsNoEditorTargetPlatform (103)
[2018.09.13-12.49.47:744][432]LogModuleManager: Shutting down and abandoning module WindowsClientTargetPlatform (101)
[2018.09.13-12.49.47:744][432]LogModuleManager: Shutting down and abandoning module MacTargetPlatform (99)
[2018.09.13-12.49.47:747][432]LogModuleManager: Shutting down and abandoning module MacServerTargetPlatform (97)
[2018.09.13-12.49.47:747][432]LogModuleManager: Shutting down and abandoning module MacNoEditorTargetPlatform (95)
[2018.09.13-12.49.47:748][432]LogModuleManager: Shutting down and abandoning module MacClientTargetPlatform (93)
[2018.09.13-12.49.47:748][432]LogModuleManager: Shutting down and abandoning module AllDesktopTargetPlatform (91)
[2018.09.13-12.49.47:748][432]LogModuleManager: Shutting down and abandoning module InputCore (88)
[2018.09.13-12.49.47:748][432]LogModuleManager: Shutting down and abandoning module Settings (86)
[2018.09.13-12.49.47:761][432]LogModuleManager: Shutting down and abandoning module PhysXCooking (84)
[2018.09.13-12.49.47:761][432]LogModuleManager: Shutting down and abandoning module SteamVR (82)
[2018.09.13-12.49.47:761][432]LogModuleManager: Shutting down and abandoning module OculusHMD (80)
[2018.09.13-12.49.47:779][432]LogModuleManager: Shutting down and abandoning module ExampleDeviceProfileSelector (78)
[2018.09.13-12.49.47:779][432]LogModuleManager: Shutting down and abandoning module LauncherChunkInstaller (76)
[2018.09.13-12.49.47:796][432]LogModuleManager: Shutting down and abandoning module OnlineBlueprintSupport (74)
[2018.09.13-12.49.47:796][432]LogModuleManager: Shutting down and abandoning module OnlineSubsystem (70)
[2018.09.13-12.49.47:885][432]LogModuleManager: Shutting down and abandoning module XMPP (65)
[2018.09.13-12.49.47:912][432]LogModuleManager: Shutting down and abandoning module WebSockets (64)
[2018.09.13-12.49.48:010][432]LogModuleManager: Shutting down and abandoning module HTTP (61)
[2018.09.13-12.49.48:011][432]LogHttp: Display: Http module shutting down, but needs to wait on 1 outstanding Http requests:
[2018.09.13-12.49.48:011][432]LogHttp: Display: 	verb=[POST] url=[https://datarouter.ol.epicgames.com/datarouter/api/v1/public/data?SessionID=%7B4153A59B-48B0-CF14-CBCF-12B36C4978C5%7D&AppID=UEEditor.Rocket.Release&AppVersion=4.20.0-4212847%2B%2B%2BUE4%2BRelease-4.20&UserID=31027a594662a0b97be24a9d90c3d532%7C9aea4035aae84fc6a50e2bbd0bcac9c5%7C272cb1e4-9c96-41d3-8475-4726cc712451&AppEnvironment=datacollector-binary&UploadType=eteventstream] status=Processing
[2018.09.13-12.49.48:086][432]LogModuleManager: Shutting down and abandoning module SSL (60)
[2018.09.13-12.49.48:117][432]LogModuleManager: Shutting down and abandoning module MagicLeapEmulator (56)
[2018.09.13-12.49.48:117][432]LogModuleManager: Shutting down and abandoning module MagicLeapPrivileges (54)
[2018.09.13-12.49.48:117][432]LogModuleManager: Shutting down and abandoning module MagicLeapIdentity (52)
[2018.09.13-12.49.48:117][432]LogModuleManager: Shutting down and abandoning module MagicLeapHelperVulkan (50)
[2018.09.13-12.49.48:117][432]LogModuleManager: Shutting down and abandoning module MagicLeapHelperOpenGL (48)
[2018.09.13-12.49.48:117][432]LogModuleManager: Shutting down and abandoning module MagicLeapSecureStorage (46)
[2018.09.13-12.49.48:117][432]LogModuleManager: Shutting down and abandoning module MagicLeapGestures (44)
[2018.09.13-12.49.48:131][432]LogModuleManager: Shutting down and abandoning module MagicLeapEyeTracker (42)
[2018.09.13-12.49.48:131][432]LogModuleManager: Shutting down and abandoning module MagicLeapController (40)
[2018.09.13-12.49.48:164][432]LogSlate: Slate User Destroyed.  User Index 0, Is Virtual User: 0
[2018.09.13-12.49.48:164][432]LogModuleManager: Shutting down and abandoning module MagicLeap (38)
[2018.09.13-12.49.48:166][432]LogModuleManager: Shutting down and abandoning module AnimationModifiers (36)
[2018.09.13-12.49.48:169][432]LogModuleManager: Shutting down and abandoning module PropertyEditor (35)
[2018.09.13-12.49.48:380][432]LogModuleManager: Shutting down and abandoning module AudioEditor (32)
[2018.09.13-12.49.48:412][432]LogModuleManager: Shutting down and abandoning module TextureCompressor (30)
[2018.09.13-12.49.48:497][432]LogModuleManager: Shutting down and abandoning module ShaderCore (28)
[2018.09.13-12.49.48:497][432]LogModuleManager: Shutting down and abandoning module Landscape (26)
[2018.09.13-12.49.48:497][432]LogModuleManager: Shutting down and abandoning module SlateRHIRenderer (24)
[2018.09.13-12.49.48:530][432]LogModuleManager: Shutting down and abandoning module OpenGLDrv (22)
[2018.09.13-12.49.48:546][432]LogModuleManager: Shutting down and abandoning module D3D11RHI (20)
[2018.09.13-12.49.48:546][432]LogModuleManager: Shutting down and abandoning module AnimGraphRuntime (18)
[2018.09.13-12.49.48:546][432]LogModuleManager: Shutting down and abandoning module Renderer (16)
[2018.09.13-12.49.48:546][432]LogModuleManager: Shutting down and abandoning module Engine (14)
[2018.09.13-12.49.48:546][432]LogModuleManager: Shutting down and abandoning module CoreUObject (12)
[2018.09.13-12.49.48:546][432]LogModuleManager: Shutting down and abandoning module NetworkFile (10)
[2018.09.13-12.49.48:546][432]LogModuleManager: Shutting down and abandoning module CookedIterativeFile (8)
[2018.09.13-12.49.48:547][432]LogModuleManager: Shutting down and abandoning module StreamingFile (6)
[2018.09.13-12.49.48:547][432]LogModuleManager: Shutting down and abandoning module SandboxFile (4)
[2018.09.13-12.49.48:547][432]LogModuleManager: Shutting down and abandoning module PakFile (2)
[2018.09.13-12.49.48:594][432]LogExit: Exiting.
[2018.09.13-12.49.48:790][432]Log file closed, 09/13/18 13:49:48
