Log file open, 09/01/18 13:27:28
LogWindows: Failed to load 'aqProf.dll' (GetLastError=126)
LogWindows: File 'aqProf.dll' does not exist
LogWindows: Failed to load 'VSPerf140.dll' (GetLastError=126)
LogWindows: File 'VSPerf140.dll' does not exist
LogWindows: Failed to load 'VtuneApi.dll' (GetLastError=126)
LogWindows: File 'VtuneApi.dll' does not exist
LogWindows: Failed to load 'VtuneApi32e.dll' (GetLastError=126)
LogWindows: File 'VtuneApi32e.dll' does not exist
LogInit: Display: Running engine for game: BeyondHuman
LogPlatformFile: Not using cached read wrapper
LogTaskGraph: Started task graph with 5 named threads and 23 total threads with 3 sets of task threads.
LogStats: Stats thread started at 4.576214
LogD3D11RHI: Loaded GFSDK_Aftermath_Lib.x64.dll
LogICUInternationalization: Display: ICU TimeZone Detection - Raw Offset: +0:00, Platform Override: ''
LogPluginManager: Mounting plugin Paper2D
LogPluginManager: Mounting plugin AISupport
LogPluginManager: Mounting plugin LightPropagationVolume
LogPluginManager: Mounting plugin CLionSourceCodeAccess
LogPluginManager: Mounting plugin CodeLiteSourceCodeAccess
LogPluginManager: Mounting plugin GitSourceControl
LogPluginManager: Mounting plugin KDevelopSourceCodeAccess
LogPluginManager: Mounting plugin NullSourceCodeAccess
LogPluginManager: Mounting plugin PerforceSourceControl
LogPluginManager: Mounting plugin SubversionSourceControl
LogPluginManager: Mounting plugin UObjectPlugin
LogPluginManager: Mounting plugin VisualStudioCodeSourceCodeAccess
LogPluginManager: Mounting plugin VisualStudioSourceCodeAccess
LogPluginManager: Mounting plugin XCodeSourceCodeAccess
LogPluginManager: Mounting plugin AssetManagerEditor
LogPluginManager: Mounting plugin CryptoKeys
LogPluginManager: Mounting plugin DataValidation
LogPluginManager: Mounting plugin FacialAnimation
LogPluginManager: Mounting plugin GameplayTagsEditor
LogPluginManager: Mounting plugin MacGraphicsSwitching
LogPluginManager: Mounting plugin MeshEditor
LogPluginManager: Mounting plugin MobileLauncherProfileWizard
LogPluginManager: Mounting plugin PluginBrowser
LogPluginManager: Mounting plugin SpeedTreeImporter
LogPluginManager: Mounting plugin DatasmithContent
LogPluginManager: Mounting plugin AlembicImporter
LogPluginManager: Mounting plugin AppleImageUtils
LogPluginManager: Mounting plugin AppleVision
LogPluginManager: Mounting plugin BackChannel
LogPluginManager: Mounting plugin CharacterAI
LogPluginManager: Mounting plugin GeometryCache
LogPluginManager: Mounting plugin HTML5Networking
LogPluginManager: Mounting plugin ProxyLODPlugin
LogPluginManager: Mounting plugin MagicLeap
LogPluginManager: Mounting plugin MagicLeapEmulator
LogPluginManager: Mounting plugin MagicLeapMedia
LogPluginManager: Mounting plugin Substance
LogPluginManager: Mounting plugin AndroidMedia
LogPluginManager: Mounting plugin AvfMedia
LogPluginManager: Mounting plugin ImgMedia
LogPluginManager: Mounting plugin LinearTimecode
LogPluginManager: Mounting plugin MediaCompositing
LogPluginManager: Mounting plugin MediaPlayerEditor
LogPluginManager: Mounting plugin WmfMedia
LogPluginManager: Mounting plugin TcpMessaging
LogPluginManager: Mounting plugin UdpMessaging
LogPluginManager: Mounting plugin ActorSequence
LogPluginManager: Mounting plugin LevelSequenceEditor
LogPluginManager: Mounting plugin MatineeToLevelSequence
LogPluginManager: Mounting plugin NetcodeUnitTest
LogPluginManager: Mounting plugin NUTUnrealEngine4
LogPluginManager: Mounting plugin OnlineSubsystemGooglePlay
LogPluginManager: Mounting plugin OnlineSubsystemIOS
LogPluginManager: Mounting plugin OnlineSubsystem
LogPluginManager: Mounting plugin OnlineSubsystemNull
LogPluginManager: Mounting plugin OnlineSubsystemUtils
LogPluginManager: Mounting plugin LauncherChunkInstaller
LogPluginManager: Mounting plugin AndroidDeviceProfileSelector
LogPluginManager: Mounting plugin AndroidMoviePlayer
LogPluginManager: Mounting plugin AndroidPermission
LogPluginManager: Mounting plugin AppleMoviePlayer
LogPluginManager: Mounting plugin ArchVisCharacter
LogPluginManager: Mounting plugin AudioCapture
LogPluginManager: Mounting plugin CableComponent
LogPluginManager: Mounting plugin CustomMeshComponent
LogPluginManager: Mounting plugin EditableMesh
LogPluginManager: Mounting plugin ExampleDeviceProfileSelector
LogPluginManager: Mounting plugin GoogleCloudMessaging
LogPluginManager: Mounting plugin ImmediatePhysics
LogPluginManager: Mounting plugin IOSDeviceProfileSelector
LogPluginManager: Mounting plugin LinuxDeviceProfileSelector
LogPluginManager: Mounting plugin LocationServicesBPLibrary
LogPluginManager: Mounting plugin MobilePatchingUtils
LogPluginManager: Mounting plugin OculusVR
LogPluginManager: Plugin shader directory ../../../Engine/Plugins/Runtime/Oculus/OculusVR/Shaders found
LogPluginManager: Mapping shader source directory ../../../Engine/Plugins/Runtime/Oculus/OculusVR/Shaders to virtual directory /Plugin/OculusVR
LogPluginManager: Mounting plugin PhysXVehicles
LogPluginManager: Mounting plugin ProceduralMeshComponent
LogPluginManager: Mounting plugin RuntimePhysXCooking
LogPluginManager: Mounting plugin SteamVR
LogPluginManager: Mounting plugin WindowsMoviePlayer
LogStreaming: Display: Took  0.763s to configure plugins.
LogInit: Using libcurl 7.55.1-DEV
LogInit:  - built for x86_64-pc-win32
LogInit:  - supports SSL with OpenSSL/1.0.2h
LogInit:  - supports HTTP deflate (compression) using libz 1.2.8
LogInit:  - other features:
LogInit:      CURL_VERSION_SSL
LogInit:      CURL_VERSION_LIBZ
LogInit:      CURL_VERSION_IPV6
LogInit:      CURL_VERSION_ASYNCHDNS
LogInit:      CURL_VERSION_LARGEFILE
LogInit:      CURL_VERSION_IDN
LogInit:  CurlRequestOptions (configurable via config and command line):
LogInit:  - bVerifyPeer = false  - Libcurl will NOT verify peer certificate
LogInit:  - bUseHttpProxy = false  - Libcurl will NOT use HTTP proxy
LogInit:  - bDontReuseConnections = false  - Libcurl will reuse connections
LogInit:  - CertBundlePath = nullptr  - Libcurl will use whatever was configured at build time.
LogInit:  - MaxHostConnections = 16  - Libcurl will limit the number of connections to a host
LogInit:  - LocalHostAddr = Default
LogInit:  - BufferSize = 65536
LogInit: WinSock: version 1.1 (2.2), MaxSocks=32767, MaxUdp=65467
LogInit: Build: ++UE4+Release-4.20-CL-4212847
LogInit: Engine Version: 4.20.0-4212847+++UE4+Release-4.20
LogInit: Compatible Engine Version: 4.20.0-4212847+++UE4+Release-4.20
LogInit: Net CL: 4212847
LogInit: OS: Windows 10 (), CPU: Intel(R) Core(TM) i7-6700HQ CPU @ 2.60GHz, GPU: Intel(R) HD Graphics 530
LogInit: Compiled (64-bit): Jul 14 2018 09:51:14
LogInit: Compiled with Visual C++: 19.13.26129.00
LogInit: Build Configuration: Development
LogInit: Branch Name: ++UE4+Release-4.20
LogInit: Command Line:  
LogInit: Base Directory: C:/Program Files/Epic Games/UE_4.20/Engine/Binaries/Win64/
LogInit: Installed Engine Build: 1
LogDevObjectVersion: Number of dev versions registered: 20
LogDevObjectVersion:   Dev-Blueprints (B0D832E4-1F89-4F0D-ACCF-7EB736FD4AA2): 10
LogDevObjectVersion:   Dev-Build (E1C64328-A22C-4D53-A36C-8E866417BD8C): 0
LogDevObjectVersion:   Dev-Core (375EC13C-06E4-48FB-B500-84F0262A717E): 2
LogDevObjectVersion:   Dev-Editor (E4B068ED-F494-42E9-A231-DA0B2E46BB41): 24
LogDevObjectVersion:   Dev-Framework (CFFC743F-43B0-4480-9391-14DF171D2073): 34
LogDevObjectVersion:   Dev-Mobile (B02B49B5-BB20-44E9-A304-32B752E40360): 2
LogDevObjectVersion:   Dev-Networking (A4E4105C-59A1-49B5-A7C5-40C4547EDFEE): 0
LogDevObjectVersion:   Dev-Online (39C831C9-5AE6-47DC-9A44-9C173E1C8E7C): 0
LogDevObjectVersion:   Dev-Physics (78F01B33-EBEA-4F98-B9B4-84EACCB95AA2): 0
LogDevObjectVersion:   Dev-Platform (6631380F-2D4D-43E0-8009-CF276956A95A): 0
LogDevObjectVersion:   Dev-Rendering (12F88B9F-8875-4AFC-A67C-D90C383ABD29): 26
LogDevObjectVersion:   Dev-Sequencer (7B5AE74C-D270-4C10-A958-57980B212A5A): 9
LogDevObjectVersion:   Dev-VR (D7296918-1DD6-4BDD-9DE2-64A83CC13884): 2
LogDevObjectVersion:   Dev-LoadTimes (C2A15278-BFE7-4AFE-6C17-90FF531DF755): 1
LogDevObjectVersion:   Private-Geometry (6EACA3D4-40EC-4CC1-B786-8BED09428FC5): 3
LogDevObjectVersion:   Dev-AnimPhys (29E575DD-E0A3-4627-9D10-D276232CDCEA): 17
LogDevObjectVersion:   Dev-ReflectionCapture (6B266CEC-1EC7-4B8F-A30B-E4D90942FC07): 1
LogDevObjectVersion:   Dev-Automation (0DF73D61-A23F-47EA-B727-89E90C41499A): 1
LogDevObjectVersion:   FortniteMain (601D1886-AC64-4F84-AA16-D3DE0DEAC7D6): 12
LogDevObjectVersion:   Dev-Enterprise (9DFFBCD6-494F-0158-E221-12823C92A888): 1
LogStreaming: Display: Took  0.055s to delete old logs.
LogInit: Presizing for max 8388607 objects, including 0 objects not considered by GC, pre-allocating 0 bytes for permanent pool.
LogInit: Object subsystem initialized
[2018.09.01-12.27.31:524][  0]LogInit: Selected Device Profile: [Windows]
[2018.09.01-12.27.31:524][  0]LogInit: Applying CVar settings loaded from the selected device profile: [Windows]
[2018.09.01-12.27.31:572][  0]LogHAL: Display: Platform has ~ 8 GB [8456720384 / 8589934592 / 8], which maps to Default [LargestMinGB=32, LargerMinGB=12, DefaultMinGB=8, SmallerMinGB=6, SmallestMinGB=0)
[2018.09.01-12.27.31:572][  0]LogInit: Setting Device Profile CVar: [[r.Vulkan.UseRealUBs:1]]
[2018.09.01-12.27.31:572][  0]LogInit: Going up to parent DeviceProfile []
[2018.09.01-12.27.31:600][  0]LogInit: Computer: DESKTOP-MKF8VAK
[2018.09.01-12.27.31:601][  0]LogInit: User: mikey
[2018.09.01-12.27.31:601][  0]LogInit: CPU Page size=4096, Cores=4
[2018.09.01-12.27.31:601][  0]LogInit: High frequency timer resolution =2.531251 MHz
[2018.09.01-12.27.31:601][  0]LogMemory: Memory total: Physical=7.9GB (8GB approx)
[2018.09.01-12.27.31:602][  0]LogMemory: Platform Memory Stats for Windows
[2018.09.01-12.27.31:602][  0]LogMemory: Process Physical Memory: 99.84 MB used, 99.84 MB peak
[2018.09.01-12.27.31:602][  0]LogMemory: Process Virtual Memory: 90.84 MB used, 90.84 MB peak
[2018.09.01-12.27.31:602][  0]LogMemory: Physical Memory: 4932.65 MB used,  3132.31 MB free, 8064.96 MB total
[2018.09.01-12.27.31:602][  0]LogMemory: Virtual Memory: 4640.08 MB used,  3132.31 MB free, 134217728.00 MB total
[2018.09.01-12.27.32:725][  0]LogInit: Using OS detected language (en-US).
[2018.09.01-12.27.32:725][  0]LogInit: Using OS detected locale (en-GB).
[2018.09.01-12.27.32:771][  0]LogTextLocalizationManager: No specific localization for 'en-US' exists, so the 'en' localization will be used.
[2018.09.01-12.27.34:019][  0]LogStreaming: Display: Took  1.294s to InitEngineTextLocalization.
[2018.09.01-12.27.34:020][  0]LogInit: Setting process to per monitor DPI aware
[2018.09.01-12.27.35:196][  0]LogSlate: New Slate User Created.  User Index 0, Is Virtual User: 0
[2018.09.01-12.27.35:196][  0]LogSlate: Slate User Registered.  User Index 0, Is Virtual User: 0
[2018.09.01-12.27.41:892][  0]LogHMD: Failed to initialize OpenVR with code 110
[2018.09.01-12.27.41:892][  0]LogD3D11RHI: D3D11 adapters:
[2018.09.01-12.27.41:961][  0]LogD3D11RHI:    0. 'NVIDIA GeForce GTX 960M' (Feature Level 11_0)
[2018.09.01-12.27.41:962][  0]LogD3D11RHI:       4065/0/4032 MB DedicatedVideo/DedicatedSystem/SharedSystem, Outputs:2, VendorId:0x10de
[2018.09.01-12.27.42:001][  0]LogD3D11RHI:    1. 'Intel(R) HD Graphics 530' (Feature Level 11_0)
[2018.09.01-12.27.42:001][  0]LogD3D11RHI:       128/0/4032 MB DedicatedVideo/DedicatedSystem/SharedSystem, Outputs:0, VendorId:0x8086
[2018.09.01-12.27.42:004][  0]LogD3D11RHI:    2. 'Microsoft Basic Render Driver' (Feature Level 11_0)
[2018.09.01-12.27.42:004][  0]LogD3D11RHI:       0/0/4032 MB DedicatedVideo/DedicatedSystem/SharedSystem, Outputs:0, VendorId:0x1414
[2018.09.01-12.27.42:004][  0]LogD3D11RHI: Chosen D3D11 Adapter: 0
[2018.09.01-12.27.42:028][  0]LogD3D11RHI: Creating new Direct3DDevice
[2018.09.01-12.27.42:028][  0]LogD3D11RHI:     GPU DeviceId: 0x139b (for the marketing name, search the web for "GPU Device Id")
[2018.09.01-12.27.42:028][  0]LogWindows: EnumDisplayDevices:
[2018.09.01-12.27.42:029][  0]LogWindows:    0. 'Intel(R) HD Graphics 530' (P:0 D:1)
[2018.09.01-12.27.42:029][  0]LogWindows:    1. 'Intel(R) HD Graphics 530' (P:1 D:1)
[2018.09.01-12.27.42:029][  0]LogWindows:    2. 'Intel(R) HD Graphics 530' (P:0 D:0)
[2018.09.01-12.27.42:029][  0]LogWindows: DebugString: PrimaryIsNotTheChoosenAdapter PrimaryIsNotTheChoosenAdapter PrimaryIsNotTheChoosenAdapter FoundDriverCount:0 
[2018.09.01-12.27.42:029][  0]LogD3D11RHI:     Adapter Name: NVIDIA GeForce GTX 960M
[2018.09.01-12.27.42:029][  0]LogD3D11RHI:   Driver Version: Unknown (internal:Unknown, unified:Unknown)
[2018.09.01-12.27.42:029][  0]LogD3D11RHI:      Driver Date: Unknown
[2018.09.01-12.27.42:029][  0]LogRHI: Texture pool is 2846 MB (70% of 4065 MB)
[2018.09.01-12.27.42:063][  0]LogD3D11RHI: Async texture creation enabled
[2018.09.01-12.27.42:277][  0]LogD3D11RHI: GPU Timing Frequency: 1000.000000 (Debug: 2 7)
[2018.09.01-12.27.42:309][  0]LogShaderCompilers: Guid format shader working directory is -21 characters bigger than the processId version (../../../../../../Users/mikey/Documents/Unreal Projects/BeyondHuman/Intermediate/Shaders/WorkingDirectory/5900/).
[2018.09.01-12.27.42:310][  0]LogShaderCompilers: Cleaned the shader compiler working directory 'C:/Users/mikey/AppData/Local/Temp/UnrealShaderWorkingDir/E27093BB4F9D991C6E81CD83C218CA42/'.
[2018.09.01-12.27.53:063][  0]LogTemp: Display: Loaded TP AllDesktopTargetPlatform
[2018.09.01-12.27.53:113][  0]LogTemp: Display: Loaded TP MacClientTargetPlatform
[2018.09.01-12.27.53:158][  0]LogTemp: Display: Loaded TP MacNoEditorTargetPlatform
[2018.09.01-12.27.53:183][  0]LogTemp: Display: Loaded TP MacServerTargetPlatform
[2018.09.01-12.27.53:238][  0]LogTemp: Display: Loaded TP MacTargetPlatform
[2018.09.01-12.27.53:269][  0]LogTemp: Display: Loaded TP WindowsClientTargetPlatform
[2018.09.01-12.27.53:320][  0]LogTemp: Display: Loaded TP WindowsNoEditorTargetPlatform
[2018.09.01-12.27.53:353][  0]LogTemp: Display: Loaded TP WindowsServerTargetPlatform
[2018.09.01-12.27.53:378][  0]LogTemp: Display: Loaded TP WindowsTargetPlatform
[2018.09.01-12.27.53:531][  0]LogTemp: Display: Loaded TP AndroidTargetPlatform
[2018.09.01-12.27.53:531][  0]LogTemp: Display: Loaded TP AndroidTargetPlatform
[2018.09.01-12.27.53:531][  0]LogTemp: Display: Loaded TP AndroidTargetPlatform
[2018.09.01-12.27.53:531][  0]LogTemp: Display: Loaded TP AndroidTargetPlatform
[2018.09.01-12.27.53:531][  0]LogTemp: Display: Loaded TP AndroidTargetPlatform
[2018.09.01-12.27.53:531][  0]LogTemp: Display: Loaded TP AndroidTargetPlatform
[2018.09.01-12.27.53:531][  0]LogTemp: Display: Loaded TP AndroidTargetPlatform
[2018.09.01-12.27.53:531][  0]LogTemp: Display: Loaded TP AndroidTargetPlatform
[2018.09.01-12.27.53:531][  0]LogTemp: Display: Loaded TP AndroidTargetPlatform
[2018.09.01-12.27.53:531][  0]LogTemp: Display: Loaded TP AndroidTargetPlatform
[2018.09.01-12.27.53:531][  0]LogTemp: Display: Loaded TP AndroidTargetPlatform
[2018.09.01-12.27.53:532][  0]LogTemp: Display: Loaded TP AndroidTargetPlatform
[2018.09.01-12.27.53:532][  0]LogTemp: Display: Loaded TP AndroidTargetPlatform
[2018.09.01-12.27.53:532][  0]LogTemp: Display: Loaded TP AndroidTargetPlatform
[2018.09.01-12.27.53:532][  0]LogTemp: Display: Loaded TP AndroidTargetPlatform
[2018.09.01-12.27.53:532][  0]LogTemp: Display: Loaded TP AndroidTargetPlatform
[2018.09.01-12.27.53:532][  0]LogTemp: Display: Loaded TP AndroidTargetPlatform
[2018.09.01-12.27.53:532][  0]LogTemp: Display: Loaded TP AndroidTargetPlatform
[2018.09.01-12.27.53:573][  0]LogTemp: Display: Loaded TP HTML5TargetPlatform
[2018.09.01-12.27.53:797][  0]LogTemp: Display: Loaded TP IOSTargetPlatform
[2018.09.01-12.27.53:797][  0]LogTemp: Display: Loaded TP IOSTargetPlatform
[2018.09.01-12.27.53:878][  0]LogTemp: Display: Loaded TP TVOSTargetPlatform
[2018.09.01-12.27.53:878][  0]LogTemp: Display: Loaded TP TVOSTargetPlatform
[2018.09.01-12.27.53:910][  0]LogTemp: Display: Loaded TP LinuxClientTargetPlatform
[2018.09.01-12.27.53:940][  0]LogTemp: Display: Loaded TP LinuxNoEditorTargetPlatform
[2018.09.01-12.27.54:002][  0]LogTemp: Display: Loaded TP LinuxServerTargetPlatform
[2018.09.01-12.27.54:076][  0]LogTemp: Display: Loaded TP LinuxTargetPlatform
[2018.09.01-12.27.54:141][  0]LogTemp: Display: Loaded TP LuminTargetPlatform
[2018.09.01-12.27.54:141][  0]LogTargetPlatformManager: Display: Building Assets For Windows
[2018.09.01-12.27.55:146][  0]LogXGEController: Cleaning working directory: C:/Users/mikey/AppData/Local/Temp/UnrealXGEWorkingDir/
[2018.09.01-12.27.55:146][  0]LogXGEController: Cannot use XGE Controller as Incredibuild is not installed on this machine.
[2018.09.01-12.27.55:146][  0]LogShaderCompilers: Cannot use XGE Shader Compiler as Incredibuild is not installed on this machine.
[2018.09.01-12.27.55:146][  0]LogShaderCompilers: Display: Using Local Shader Compiler.
[2018.09.01-12.27.58:611][  0]LogDerivedDataCache: Display: Max Cache Size: 512 MB
[2018.09.01-12.27.59:610][  0]LogDerivedDataCache: Loaded boot cache 1.00s 71MB C:/Users/mikey/AppData/Local/UnrealEngine/4.20/DerivedDataCache/Boot.ddc.
[2018.09.01-12.27.59:611][  0]LogDerivedDataCache: Display: Loaded Boot cache: C:/Users/mikey/AppData/Local/UnrealEngine/4.20/DerivedDataCache/Boot.ddc
[2018.09.01-12.27.59:611][  0]LogDerivedDataCache: FDerivedDataBackendGraph:  Pak pak cache file ../../../../../../Users/mikey/Documents/Unreal Projects/BeyondHuman/DerivedDataCache/DDC.ddp not found, will not use a pak cache.
[2018.09.01-12.27.59:611][  0]LogDerivedDataCache: Unable to find inner node Pak for hierarchical cache Hierarchy.
[2018.09.01-12.27.59:611][  0]LogDerivedDataCache: FDerivedDataBackendGraph:  CompressedPak pak cache file ../../../../../../Users/mikey/Documents/Unreal Projects/BeyondHuman/DerivedDataCache/Compressed.ddp not found, will not use a pak cache.
[2018.09.01-12.27.59:611][  0]LogDerivedDataCache: Unable to find inner node CompressedPak for hierarchical cache Hierarchy.
[2018.09.01-12.27.59:695][  0]LogDerivedDataCache: Display: Pak cache opened for reading ../../../Engine/DerivedDataCache/Compressed.ddp.
[2018.09.01-12.27.59:710][  0]LogDerivedDataCache: Using Local data cache path C:/Users/mikey/AppData/Local/UnrealEngine/Common/DerivedDataCache: Writable
[2018.09.01-12.27.59:710][  0]LogDerivedDataCache: Shared data cache path not found in *engine.ini, will not use an Shared cache.
[2018.09.01-12.27.59:710][  0]LogDerivedDataCache: Unable to find inner node Shared for hierarchical cache Hierarchy.
[2018.09.01-12.27.59:743][  0]LogMaterial: Verifying Global Shaders for PCD3D_SM5
[2018.09.01-12.27.59:773][  0]LogSlate: Using FreeType 2.6.0
[2018.09.01-12.27.59:927][  0]LogSlate: SlateFontServices - WITH_FREETYPE: 1, WITH_HARFBUZZ: 1
[2018.09.01-12.28.01:920][  0]LogAssetRegistry: FAssetRegistry took 0.0320 seconds to start up
[2018.09.01-12.28.05:421][  0]LogInit: Selected Device Profile: [Windows]
[2018.09.01-12.28.07:721][  0]LogSimplygon: Simplygon DLL not present - disabling.
[2018.09.01-12.28.08:271][  0]LogMeshReduction: Using SimplygonSwarm for distributed automatic mesh merging
[2018.09.01-12.28.08:271][  0]LogMeshReduction: Using ProxyLODMeshReduction for automatic mesh merging
[2018.09.01-12.28.08:293][  0]LogMeshReduction: Using QuadricMeshReduction for automatic static mesh reduction
[2018.09.01-12.28.08:293][  0]LogMeshReduction: No automatic skeletal mesh reduction module available
[2018.09.01-12.28.08:723][  0]LogNetVersion: BeyondHuman 1.0.0, NetCL: 4212847, EngineNetVer: 5, GameNetVer: 0 (Checksum: 671501493)
[2018.09.01-12.28.14:935][  0]LogPackageLocalizationCache: Processed 11 localized package path(s) for 2 prioritized culture(s) in 0.235580 seconds
[2018.09.01-12.28.14:989][  0]LogUObjectArray: 38425 objects as part of root set at end of initial load.
[2018.09.01-12.28.14:989][  0]LogUObjectAllocator: 6690872 out of 0 bytes used by permanent object pool.
[2018.09.01-12.28.14:989][  0]LogUObjectArray: CloseDisregardForGC: 0/0 objects in disregard for GC pool
[2018.09.01-12.28.45:186][  0]LogSubstanceCoreModule: Substance [CPU] Engine Loaded, Max Texture Size = 2048
[2018.09.01-12.28.45:291][  0]LogTcpMessaging: Initializing TcpMessaging bridge
[2018.09.01-12.28.45:326][  0]LogUdpMessaging: Initializing bridge on interface 0.0.0.0:0 to multicast group 230.0.0.1:6666.
[2018.09.01-12.28.46:779][  0]SourceControl: Source control is disabled
[2018.09.01-12.28.46:779][  0]SourceControl: Source control is disabled
[2018.09.01-12.28.46:875][  0]SourceControl: Source control is disabled
[2018.09.01-12.28.46:910][  0]SourceControl: Source control is disabled
[2018.09.01-12.28.48:332][  0]LogAndroidPermission: UAndroidPermissionCallbackProxy::GetInstance
[2018.09.01-12.28.48:812][  0]LogOcInput: OculusInput pre-init called
[2018.09.01-12.28.50:574][  0]LogEngine: Initializing Engine...
[2018.09.01-12.28.50:604][  0]LogHMD: Failed to initialize OpenVR with code 110
[2018.09.01-12.28.50:639][  0]LogStats: UGameplayTagsManager::ConstructGameplayTagTree: ImportINI prefixes -  0.000 s
[2018.09.01-12.28.50:639][  0]LogStats: UGameplayTagsManager::ConstructGameplayTagTree: Construct from data asset -  0.000 s
[2018.09.01-12.28.50:640][  0]LogStats: UGameplayTagsManager::ConstructGameplayTagTree: ImportINI -  0.000 s
[2018.09.01-12.28.50:640][  0]LogStats: UGameplayTagsManager::ConstructGameplayTagTree: GameplayTagTreeChangedEvent.Broadcast -  0.000 s
[2018.09.01-12.28.51:388][  0]LogInit: Initializing FReadOnlyCVARCache
[2018.09.01-12.28.51:652][  0]LogAIModule: Creating AISystem for world Untitled
[2018.09.01-12.28.51:768][  0]LogInit: XAudio2 using 'Speakers / Headphones (Realtek Audio)' : 2 channels at 48 kHz using 32 bits per sample (channel mask 0x3)
[2018.09.01-12.28.51:819][  0]LogInit: FAudioDevice initialized.
[2018.09.01-12.28.51:819][  0]LogNetVersion: Set ProjectVersion to 1.0.0.0. Version Checksum will be recalculated on next use.
[2018.09.01-12.28.52:098][  0]LogDerivedDataCache: Saved boot cache 0.28s 71MB C:/Users/mikey/AppData/Local/UnrealEngine/4.20/DerivedDataCache/Boot.ddc.
[2018.09.01-12.28.52:119][  0]LogInit: Texture streaming: Enabled
[2018.09.01-12.28.52:233][  0]LogEngineSessionManager: EngineSessionManager initialized
[2018.09.01-12.28.52:313][  0]LogInit: Transaction tracking system initialized
[2018.09.01-12.28.52:899][  0]BlueprintLog: New page: Editor Load
[2018.09.01-12.28.54:422][  0]LocalizationService: Localization service is disabled
[2018.09.01-12.28.57:676][  0]LogCook: Display: Max memory allowance for cook 16384mb min free memory 0mb
[2018.09.01-12.28.57:676][  0]LogCook: Display: Mobile HDR setting 1
[2018.09.01-12.28.57:695][  0]LogFileCache: Scanning file cache for directory 'C:/Users/mikey/Documents/Unreal Projects/BeyondHuman/Content/' took 0.03s
[2018.09.01-12.28.57:695][  0]LogGameplayTags: Display: UGameplayTagsManager::DoneAddingNativeTags. DelegateIsBound: 0
[2018.09.01-12.28.57:695][  0]LogStats: UGameplayTagsManager::ConstructGameplayTagTree: ImportINI prefixes -  0.000 s
[2018.09.01-12.28.57:695][  0]LogStats: UGameplayTagsManager::ConstructGameplayTagTree: Construct from data asset -  0.000 s
[2018.09.01-12.28.57:695][  0]LogStats: UGameplayTagsManager::ConstructGameplayTagTree: ImportINI -  0.000 s
[2018.09.01-12.28.57:696][  0]LogStats: UGameplayTagsManager::ConstructGameplayTagTree: GameplayTagTreeChangedEvent.Broadcast -  0.000 s
[2018.09.01-12.29.03:264][  0]SourceControl: Source control is disabled
[2018.09.01-12.29.03:282][  0]Cmd: MAP LOAD FILE="../../../../../../Users/mikey/Documents/Unreal Projects/BeyondHuman/Content/Maps/Meshing.umap" TEMPLATE=0 SHOWPROGRESS=1 FEATURELEVEL=3
[2018.09.01-12.29.03:308][  0]LightingResults: New page: Lighting Build
[2018.09.01-12.29.03:410][  0]MapCheck: New page: Map Check
[2018.09.01-12.29.03:410][  0]LightingResults: New page: Lighting Build
[2018.09.01-12.30.01:006][  0]LogAIModule: Creating AISystem for world Meshing
[2018.09.01-12.30.02:117][  0]LogEditorServer: Finished looking for orphan Actors (0.001 secs)
[2018.09.01-12.30.02:339][  0]Cmd: MAP CHECKDEP NOCLEARLOG
[2018.09.01-12.30.02:691][  0]MapCheck: Map check complete: 0 Error(s), 0 Warning(s), took 351.957ms to complete.
[2018.09.01-12.30.02:699][  0]LogFileHelpers: Loading map 'Meshing' took 59.417
[2018.09.01-12.30.05:197][  0]LogSlate: Updating window title bar state: overlay mode, drag disabled, window buttons hidden, title bar hidden
[2018.09.01-12.30.05:215][  0]LogSlate: Updating window title bar state: overlay mode, drag disabled, window buttons hidden, title bar hidden
[2018.09.01-12.30.05:226][  0]LogSlate: Updating window title bar state: overlay mode, drag disabled, window buttons hidden, title bar hidden
[2018.09.01-12.30.05:238][  0]LogSlate: Updating window title bar state: overlay mode, drag disabled, window buttons hidden, title bar hidden
[2018.09.01-12.30.05:339][  0]LogCollectionManager: Loaded 0 collections in 0.007830 seconds
[2018.09.01-12.30.05:522][  0]LogFileCache: Scanning file cache for directory 'C:/Users/mikey/Documents/Unreal Projects/BeyondHuman/Saved/Collections/' took 0.01s
[2018.09.01-12.30.05:522][  0]LogFileCache: Scanning file cache for directory 'C:/Users/mikey/Documents/Unreal Projects/BeyondHuman/Content/Developers/mikey/Collections/' took 0.01s
[2018.09.01-12.30.05:522][  0]LogFileCache: Scanning file cache for directory 'C:/Users/mikey/Documents/Unreal Projects/BeyondHuman/Content/Collections/' took 0.01s
[2018.09.01-12.30.05:522][  0]LogCollectionManager: Rebuilt the GUID cache for 0 collections in 0.000001 seconds
[2018.09.01-12.30.05:548][  0]LogContentBrowser: Native class hierarchy populated in 0.0234 seconds. Added 2586 classes and 609 folders.
[2018.09.01-12.30.05:692][  0]LogContentBrowser: Native class hierarchy updated for 'WidgetCarousel' in 0.0009 seconds. Added 0 classes and 0 folders.
[2018.09.01-12.30.07:132][  0]LogContentBrowser: Native class hierarchy updated for 'AddContentDialog' in 0.0009 seconds. Added 0 classes and 0 folders.
[2018.09.01-12.30.07:181][  0]LogContentBrowser: Native class hierarchy updated for 'SceneOutliner' in 0.0010 seconds. Added 1 classes and 2 folders.
[2018.09.01-12.30.07:805][  0]LogSlate: Took 0.081904 seconds to synchronously load lazily loaded font '../../../Engine/Content/Slate/Fonts/Roboto-Regular.ttf' (155K)
[2018.09.01-12.30.07:916][  0]LogSlate: Took 0.062194 seconds to synchronously load lazily loaded font '../../../Engine/Content/Slate/Fonts/Roboto-Bold.ttf' (160K)
[2018.09.01-12.30.08:060][  0]LogSlate: Took 0.095281 seconds to synchronously load lazily loaded font '../../../Engine/Content/Editor/Slate/Fonts/FontAwesome.ttf' (139K)
[2018.09.01-12.30.08:887][  0]LogRenderer: Reallocating scene render targets to support 1164x440 Format 9 NumSamples 1 (Frame:1).
[2018.09.01-12.30.10:225][  0]LogContentBrowser: Native class hierarchy updated for 'HierarchicalLODOutliner' in 0.0013 seconds. Added 0 classes and 0 folders.
[2018.09.01-12.30.10:225][  0]LogLoad: (Engine Initialization) Total time: 184.09 seconds
[2018.09.01-12.30.10:225][  0]LogLoad: (Engine Initialization) Total Blueprint compile time: 0.00 seconds
[2018.09.01-12.30.10:642][  0]LogContentStreaming: Texture pool size now 3000 MB
[2018.09.01-12.30.10:961][  0]LogSlate: Took 0.016713 seconds to synchronously load lazily loaded font '../../../Engine/Content/Slate/Fonts/Roboto-Light.ttf' (167K)
[2018.09.01-12.30.11:136][  1]LogSubstanceLiveLink: Warning: Unable to send data along socket, closing connection
[2018.09.01-12.30.11:619][  5]LogAssetRegistry: Asset discovery search completed in 129.7228 seconds
[2018.09.01-12.30.11:647][  5]LogCollectionManager: Rebuilt the object cache for 0 collections in 0.000000 seconds (found 0 objects)
[2018.09.01-12.30.11:647][  5]LogCollectionManager: Fixed up redirectors for 0 collections in 0.000119 seconds (updated 0 objects)
[2018.09.01-12.39.14:324][920]LogSlate: FSceneViewport::OnFocusLost() reason 0
[2018.09.01-12.39.14:424][924]LogRenderer: Reallocating scene render targets to support 1164x444 Format 9 NumSamples 1 (Frame:318).
[2018.09.01-12.39.14:475][925]LogRenderer: Reallocating scene render targets to support 1164x464 Format 9 NumSamples 1 (Frame:320).
[2018.09.01-12.39.14:564][926]LogRenderer: Reallocating scene render targets to support 1164x492 Format 9 NumSamples 1 (Frame:322).
[2018.09.01-12.39.14:644][927]LogRenderer: Reallocating scene render targets to support 1164x536 Format 9 NumSamples 1 (Frame:324).
[2018.09.01-12.39.14:689][928]LogRenderer: Reallocating scene render targets to support 1164x568 Format 9 NumSamples 1 (Frame:326).
[2018.09.01-12.39.14:774][929]LogRenderer: Reallocating scene render targets to support 1164x592 Format 9 NumSamples 1 (Frame:328).
[2018.09.01-12.39.14:843][930]LogRenderer: Reallocating scene render targets to support 1164x628 Format 9 NumSamples 1 (Frame:330).
[2018.09.01-12.39.14:898][931]LogRenderer: Reallocating scene render targets to support 1164x668 Format 9 NumSamples 1 (Frame:332).
[2018.09.01-12.39.14:946][932]LogRenderer: Reallocating scene render targets to support 1164x692 Format 9 NumSamples 1 (Frame:334).
[2018.09.01-12.39.14:995][933]LogRenderer: Reallocating scene render targets to support 1164x704 Format 9 NumSamples 1 (Frame:336).
[2018.09.01-12.39.15:041][934]LogRenderer: Reallocating scene render targets to support 1164x716 Format 9 NumSamples 1 (Frame:338).
[2018.09.01-12.39.15:087][935]LogRenderer: Reallocating scene render targets to support 1164x724 Format 9 NumSamples 1 (Frame:340).
[2018.09.01-12.39.15:135][936]LogRenderer: Reallocating scene render targets to support 1164x736 Format 9 NumSamples 1 (Frame:342).
[2018.09.01-12.39.15:238][938]LogRenderer: Reallocating scene render targets to support 1164x740 Format 9 NumSamples 1 (Frame:346).
[2018.09.01-12.39.22:361][332]LogEditorViewport: Clicking on Actor (LMB): StaticMeshActor (BuildingEntrance)
[2018.09.01-12.39.25:987][462]LogSlate: FSceneViewport::OnFocusLost() reason 0
[2018.09.01-12.39.39:933][111]Cmd: TRANSACTION UNDO
[2018.09.01-12.39.39:933][111]LogEditorTransaction: Undo Vertex Paint
[2018.09.01-12.39.40:243][111]LogSlate: Took 0.000617 seconds to synchronously load lazily loaded font '../../../Engine/Content/Slate/Fonts/Roboto-Light.ttf' (167K)
[2018.09.01-12.39.40:382][114]Cmd: TRANSACTION UNDO
[2018.09.01-12.39.40:382][114]LogEditorTransaction: Undo Vertex Paint
[2018.09.01-12.39.40:880][126]Cmd: TRANSACTION UNDO
[2018.09.01-12.39.40:880][126]LogEditorTransaction: Undo Edit Radius
[2018.09.01-12.39.42:839][225]LogSlate: FSceneViewport::OnFocusLost() reason 0
[2018.09.01-12.39.45:411][338]Cmd: TRANSACTION UNDO
[2018.09.01-12.39.45:411][338]LogEditorTransaction: Undo Vertex Paint
[2018.09.01-12.39.46:256][368]LogSlate: FSceneViewport::OnFocusLost() reason 0
[2018.09.01-12.39.57:826][981]LogSlate: FSceneViewport::OnFocusLost() reason 0
[2018.09.01-12.40.00:059][986]LogSlate: Window 'Save Content' being destroyed
[2018.09.01-12.40.01:100][986]Cmd: OBJ SAVEPACKAGE PACKAGE="/Game/Maps/Meshing" FILE="../../../../../../Users/mikey/Documents/Unreal Projects/BeyondHuman/Content/Maps/Meshing.umap" SILENT=true AUTOSAVING=false KEEPDIRTY=false
[2018.09.01-12.40.02:280][986]LogSavePackage: Moving '../../../../../../Users/mikey/Documents/Unreal Projects/BeyondHuman/Saved/MeshingBDF71C1A4DFFE7E26FC131BCC6AA15B4.tmp' to '../../../../../../Users/mikey/Documents/Unreal Projects/BeyondHuman/Content/Maps/Meshing.umap'
[2018.09.01-12.40.02:362][986]LogFileHelpers: Saving map 'Meshing' took 2.110
[2018.09.01-12.50.01:730][421]LogSavePackage: Moving '../../../../../../Users/mikey/Documents/Unreal Projects/BeyondHuman/Saved/Meshing_Auto1321A0263472A3C8160FE9A86FB50C425.tmp' to '../../../../../../Users/mikey/Documents/Unreal Projects/BeyondHuman/Saved/Autosaves/Game/Maps/Meshing_Auto1.umap'
[2018.09.01-12.50.01:737][421]LogFileHelpers: Editor autosave (incl. sublevels) for '/Game/Maps/Meshing' took 1.420
[2018.09.01-12.50.01:737][421]LogFileHelpers: Editor autosave (incl. sublevels) for all levels took 1.420
[2018.09.01-13.29.26:286][471]LogInit: XAudio2 using 'Speakers / Headphones (Realtek Audio)' : 2 channels at 48 kHz using 32 bits per sample (channel mask 0x3)
[2018.09.01-13.30.09:848][598]LogInit: XAudio2 using 'Speakers / Headphones (Realtek Audio)' : 2 channels at 48 kHz using 32 bits per sample (channel mask 0x3)
[2018.09.01-13.30.10:202][599]LogInit: XAudio2 using 'Speakers / Headphones (Realtek Audio)' : 2 channels at 48 kHz using 32 bits per sample (channel mask 0x3)
[2018.09.01-13.30.10:528][600]LogInit: XAudio2 using 'Speakers / Headphones (Realtek Audio)' : 2 channels at 48 kHz using 32 bits per sample (channel mask 0x3)
[2018.09.01-13.30.10:892][601]LogInit: XAudio2 using 'VS248 (Intel(R) Display Audio)' : 2 channels at 48 kHz using 16 bits per sample (channel mask 0x3)
[2018.09.01-13.30.10:895][601]LogAudio: Error: CreateMasteringVoice error: Device Invalidated
[2018.09.01-13.30.10:895][601]LogInit: Warning: Failed to create the mastering voice for XAudio2
[2018.09.01-13.30.10:917][602]LogAudio: Warning: Current Audio Device with ID {0.0.0.00000000}.{5486f327-8948-4794-a9db-66cc0aabd82f} was removed. Shutting down audio device.
[2018.09.01-13.30.11:182][602]LogInit: XAudio2 using 'Speakers / Headphones (Realtek Audio)' : 2 channels at 48 kHz using 32 bits per sample (channel mask 0x3)
[2018.09.01-13.34.39:423][456]LogEditorViewport: Clicking on Actor (LMB): StaticMeshActor (BuildingSmall)
[2018.09.01-13.34.40:420][461]LogEditorViewport: Clicking on Actor (context menu): StaticMeshActor (BuildingSmall)
[2018.09.01-13.34.40:721][461]LogSlate: FSceneViewport::OnFocusLost() reason 2
[2018.09.01-13.34.42:457][485]LogSlate: FSceneViewport::OnFocusLost() reason 2
[2018.09.01-13.34.46:713][526]LogEditorFactories: Performing atomic reimport of [C:/Users/mikey/Dropbox/Docs/Projects/Beyond Human/Exports/Buildings/BuildingSmall.fbx]
[2018.09.01-13.34.47:254][526]LogFbx: Loading FBX Scene from C:/Users/mikey/Dropbox/Docs/Projects/Beyond Human/Exports/Buildings/BuildingSmall.fbx
[2018.09.01-13.34.47:341][526]LogFbx: FBX Scene Loaded Succesfully
[2018.09.01-13.34.48:338][526]LogStaticMesh: Building static mesh BuildingSmall...
[2018.09.01-13.34.49:127][526]LogStaticMesh: Built static mesh [0.85s] /Game/Meshes/BuildingSmall.BuildingSmall
[2018.09.01-13.34.49:249][526]LogStaticMesh: Warning: BuildingSmall has degenerate tangent bases which will result in incorrect shading.  MikkTSpace relies on tangent bases and may result in mesh corruption, consider disabling this option.
[2018.09.01-13.34.49:249][526]LogStaticMesh: Warning: BuildingSmall has some nearly zero bi-normals which can create some issues. (Tolerance of 1E-4)
[2018.09.01-13.34.50:010][526]LogEditorFactories: -- imported successfully
[2018.09.01-13.34.50:076][526]FBXImport: Warning: BuildingSmall has degenerate tangent bases which will result in incorrect shading.  MikkTSpace relies on tangent bases and may result in mesh corruption, consider disabling this option. 
[2018.09.01-13.34.50:076][526]FBXImport: Warning: BuildingSmall has some nearly zero bi-normals which can create some issues. (Tolerance of 1E-4) 
[2018.09.01-13.34.55:515][634]LogSlate: FSceneViewport::OnFocusLost() reason 0
[2018.09.01-13.34.55:695][635]LogAssetEditorManager: Opening Asset editor for StaticMesh /Game/Meshes/BuildingSmall.BuildingSmall
[2018.09.01-13.34.58:966][635]LogRenderer: Reallocating scene render targets to support 1432x924 Format 9 NumSamples 1 (Frame:1).
[2018.09.01-13.34.58:966][635]LogSlate: Took 0.051809 seconds to synchronously load lazily loaded font '../../../Engine/Content/Slate/Fonts/Roboto-Italic.ttf' (157K)
[2018.09.01-13.35.12:498][864]LogSlate: Window 'BuildingSmall*' being destroyed
[2018.09.01-13.35.20:957][ 28]LogSlate: FSceneViewport::OnFocusLost() reason 0
[2018.09.01-13.35.22:205][ 55]LogEditorViewport: Clicking on Actor (LMB): StaticMeshActor (Stairs (2))
[2018.09.01-13.35.24:448][100]LogSlate: FSceneViewport::OnFocusLost() reason 0
[2018.09.01-13.35.28:003][168]LogEditorViewport: Clicking on Actor (LMB): StaticMeshActor (Ground)
[2018.09.01-13.35.38:035][416]LogEditorViewport: Clicking on Actor (LMB): StaticMeshActor (BuildingAngled)
[2018.09.01-13.35.40:059][455]LogSlate: FSceneViewport::OnFocusLost() reason 0
[2018.09.01-13.35.49:876][692]LogSlate: FSceneViewport::OnFocusLost() reason 2
[2018.09.01-13.36.12:370][ 79]LogSlate: FSceneViewport::OnFocusLost() reason 0
[2018.09.01-13.36.13:714][ 80]LogSlate: Window 'Save Content' being destroyed
[2018.09.01-13.36.13:779][ 80]LogSlate: FSceneViewport::OnFocusLost() reason 2
[2018.09.01-13.36.19:740][ 80]Cmd: OBJ SAVEPACKAGE PACKAGE="/Game/Maps/Meshing" FILE="../../../../../../Users/mikey/Documents/Unreal Projects/BeyondHuman/Content/Maps/Meshing.umap" SILENT=true AUTOSAVING=false KEEPDIRTY=false
[2018.09.01-13.36.20:637][ 80]LogSavePackage: Moving '../../../../../../Users/mikey/Documents/Unreal Projects/BeyondHuman/Saved/Meshing3F576CBE46F0CE3A22FA9D91F53D3B3E.tmp' to '../../../../../../Users/mikey/Documents/Unreal Projects/BeyondHuman/Content/Maps/Meshing.umap'
[2018.09.01-13.36.20:692][ 80]LogFileHelpers: Saving map 'Meshing' took 6.867
[2018.09.01-13.36.20:784][ 80]Cmd: OBJ SAVEPACKAGE PACKAGE="/Game/Meshes/BuildingSmall" FILE="../../../../../../Users/mikey/Documents/Unreal Projects/BeyondHuman/Content/Meshes/BuildingSmall.uasset" SILENT=true
[2018.09.01-13.36.20:931][ 80]LogSavePackage: Moving '../../../../../../Users/mikey/Documents/Unreal Projects/BeyondHuman/Saved/BuildingSmallE39AD7804E771701DB82D0973DCCD397.tmp' to '../../../../../../Users/mikey/Documents/Unreal Projects/BeyondHuman/Content/Meshes/BuildingSmall.uasset'
[2018.09.01-13.36.30:948][258]LogSlate: FSceneViewport::OnFocusLost() reason 0
[2018.09.01-14.07.26:098][796]LogInit: XAudio2 using 'Speakers / Headphones (Realtek Audio)' : 2 channels at 48 kHz using 32 bits per sample (channel mask 0x3)
[2018.09.01-14.50.20:773][492]LogInit: XAudio2 using 'Speakers / Headphones (Realtek Audio)' : 2 channels at 48 kHz using 32 bits per sample (channel mask 0x3)
[2018.09.01-14.50.21:131][493]LogInit: XAudio2 using 'Speakers / Headphones (Realtek Audio)' : 2 channels at 48 kHz using 32 bits per sample (channel mask 0x3)
[2018.09.01-14.50.21:484][494]LogInit: XAudio2 using 'VS248 (Intel(R) Display Audio)' : 2 channels at 48 kHz using 16 bits per sample (channel mask 0x3)
[2018.09.01-14.50.21:507][494]LogAudio: Warning: Current Audio Device with ID {0.0.0.00000000}.{0679933f-eb2c-464d-b2de-f801687b4614} was removed. Shutting down audio device.
[2018.09.01-14.50.21:507][494]LogAudio: Error: CreateMasteringVoice error: Unhandled error code -2004287480
[2018.09.01-14.50.21:507][494]LogInit: Warning: Failed to create the mastering voice for XAudio2
[2018.09.01-14.50.21:764][495]LogInit: XAudio2 using 'Speakers / Headphones (Realtek Audio)' : 2 channels at 48 kHz using 32 bits per sample (channel mask 0x3)
[2018.09.01-14.50.22:108][496]LogInit: XAudio2 using 'Speakers / Headphones (Realtek Audio)' : 2 channels at 48 kHz using 32 bits per sample (channel mask 0x3)
[2018.09.01-14.50.22:489][497]LogInit: XAudio2 using 'Speakers / Headphones (Realtek Audio)' : 2 channels at 48 kHz using 32 bits per sample (channel mask 0x3)
[2018.09.01-14.50.22:785][498]LogInit: XAudio2 using 'Speakers / Headphones (Realtek Audio)' : 2 channels at 48 kHz using 32 bits per sample (channel mask 0x3)
[2018.09.01-14.50.50:198][716]LogSlate: FSceneViewport::OnFocusLost() reason 0
[2018.09.01-14.50.56:214][933]LogEditorViewport: Clicking on Actor (LMB): StaticMeshActor (BuildingSmall)
[2018.09.01-14.51.16:321][469]LogSlate: FSceneViewport::OnFocusLost() reason 0
[2018.09.01-14.51.25:479][746]LogSlate: FSceneViewport::OnFocusLost() reason 0
[2018.09.01-14.51.29:662][864]LogSlate: FSceneViewport::OnFocusLost() reason 0
[2018.09.01-14.51.35:550][ 29]LogSlate: FSceneViewport::OnFocusLost() reason 2
[2018.09.01-14.51.39:507][233]LogSlate: FSceneViewport::OnFocusLost() reason 0
[2018.09.01-14.51.58:505][  5]LogSlate: FSceneViewport::OnFocusLost() reason 0
[2018.09.01-14.52.14:516][597]LogSlate: FSceneViewport::OnFocusLost() reason 0
[2018.09.01-14.52.44:452][934]LogSlate: FSceneViewport::OnFocusLost() reason 0
[2018.09.01-14.53.23:184][248]LogSlate: FSceneViewport::OnFocusLost() reason 0
[2018.09.01-14.53.38:665][ 44]Cmd: TRANSACTION UNDO
[2018.09.01-14.53.38:665][ 44]LogEditorTransaction: Undo Vertex Paint
[2018.09.01-14.53.41:567][175]LogSlate: FSceneViewport::OnFocusLost() reason 2
[2018.09.01-14.54.19:447][361]LogSlate: FSceneViewport::OnFocusLost() reason 0
[2018.09.01-14.54.20:575][384]LogEditorViewport: Clicking on Actor (LMB): StaticMeshActor (Stairs (2))
[2018.09.01-14.54.24:564][519]LogSlate: FSceneViewport::OnFocusLost() reason 0
[2018.09.01-14.54.30:937][833]LogSlate: FSceneViewport::OnFocusLost() reason 0
[2018.09.01-14.54.32:780][939]Cmd: TRANSACTION UNDO
[2018.09.01-14.54.32:780][939]LogEditorTransaction: Undo Vertex Paint
[2018.09.01-14.54.34:870][ 54]Cmd: TRANSACTION UNDO
[2018.09.01-14.54.34:870][ 54]LogEditorTransaction: Undo Vertex Paint
[2018.09.01-14.54.37:220][179]LogEditorViewport: Clicking on Actor (LMB): StaticMeshActor (BuildingSmall)
[2018.09.01-14.54.38:355][226]LogEditorViewport: Clicking on Actor (LMB): StaticMeshActor (Stairs (2))
[2018.09.01-14.54.40:057][318]Cmd: TRANSACTION UNDO
[2018.09.01-14.54.40:057][318]LogEditorTransaction: Undo Vertex Paint
[2018.09.01-14.54.43:412][484]Cmd: TRANSACTION UNDO
[2018.09.01-14.54.43:412][484]LogEditorTransaction: Undo Vertex Paint
[2018.09.01-14.54.44:731][548]LogSlate: FSceneViewport::OnFocusLost() reason 0
[2018.09.01-14.54.54:142][ 17]LogEditorViewport: Clicking on Actor (LMB): StaticMeshActor (BuildingSmall)
[2018.09.01-14.54.55:404][ 60]LogEditorViewport: Clicking on Actor (LMB): StaticMeshActor (Stairs (2))
[2018.09.01-14.55.05:264][513]LogSlate: FSceneViewport::OnFocusLost() reason 0
[2018.09.01-14.55.09:668][740]LogSlate: FSceneViewport::OnFocusLost() reason 0
[2018.09.01-14.55.10:589][794]LogEditorViewport: Clicking on Actor (LMB): StaticMeshActor (BuildingSmall)
[2018.09.01-14.55.15:205][ 21]LogSlate: FSceneViewport::OnFocusLost() reason 0
[2018.09.01-14.55.23:628][298]Cmd: TRANSACTION UNDO
[2018.09.01-14.55.23:628][298]LogEditorTransaction: Undo Vertex Paint
[2018.09.01-14.55.33:455][650]LogSlate: FSceneViewport::OnFocusLost() reason 0
[2018.09.01-14.55.48:155][306]LogSlate: FSceneViewport::OnFocusLost() reason 0
[2018.09.01-14.55.48:788][342]LogEditorViewport: Clicking on Actor (LMB): StaticMeshActor (Stairs (2))
[2018.09.01-14.55.49:803][395]LogSlate: FSceneViewport::OnFocusLost() reason 0
[2018.09.01-14.56.00:354][860]LogSlate: FSceneViewport::OnFocusLost() reason 0
[2018.09.01-14.56.05:872][ 97]Cmd: TRANSACTION UNDO
[2018.09.01-14.56.05:872][ 97]LogEditorTransaction: Undo Vertex Paint
[2018.09.01-14.56.07:072][145]LogSlate: FSceneViewport::OnFocusLost() reason 0
[2018.09.01-14.56.14:904][429]LogSlate: FSceneViewport::OnFocusLost() reason 0
[2018.09.01-14.56.19:915][569]Cmd: TRANSACTION UNDO
[2018.09.01-14.56.19:915][569]LogEditorTransaction: Undo Vertex Paint
[2018.09.01-14.56.27:953][786]Cmd: TRANSACTION UNDO
[2018.09.01-14.56.27:953][786]LogEditorTransaction: Undo Vertex Paint
[2018.09.01-14.56.28:262][787]Cmd: TRANSACTION UNDO
[2018.09.01-14.56.28:262][787]LogEditorTransaction: Undo Vertex Paint
[2018.09.01-14.56.28:409][787]Cmd: TRANSACTION UNDO
[2018.09.01-14.56.28:409][787]LogEditorTransaction: Undo Vertex Paint
[2018.09.01-14.56.28:902][795]Cmd: TRANSACTION UNDO
[2018.09.01-14.56.28:903][795]LogEditorTransaction: Undo Vertex Paint
[2018.09.01-14.56.29:414][803]Cmd: TRANSACTION UNDO
[2018.09.01-14.56.29:414][803]LogEditorTransaction: Undo Vertex Paint
[2018.09.01-14.56.30:066][819]Cmd: TRANSACTION UNDO
[2018.09.01-14.56.30:066][819]LogEditorTransaction: Undo Vertex Paint
[2018.09.01-14.56.30:559][826]Cmd: TRANSACTION UNDO
[2018.09.01-14.56.30:559][826]LogEditorTransaction: Undo Vertex Paint
[2018.09.01-14.56.30:749][826]Cmd: TRANSACTION UNDO
[2018.09.01-14.56.30:749][826]LogEditorTransaction: Undo Vertex Paint
[2018.09.01-14.56.31:069][831]Cmd: TRANSACTION UNDO
[2018.09.01-14.56.31:069][831]LogEditorTransaction: Undo Vertex Paint
[2018.09.01-14.56.31:409][833]Cmd: TRANSACTION UNDO
[2018.09.01-14.56.31:409][833]LogEditorTransaction: Undo Vertex Paint
[2018.09.01-14.56.31:842][843]Cmd: TRANSACTION UNDO
[2018.09.01-14.56.31:843][843]LogEditorTransaction: Undo Vertex Paint
[2018.09.01-14.56.32:445][859]Cmd: TRANSACTION UNDO
[2018.09.01-14.56.32:445][859]LogEditorTransaction: Undo Vertex Paint
[2018.09.01-14.56.32:970][868]Cmd: TRANSACTION UNDO
[2018.09.01-14.56.32:970][868]LogEditorTransaction: Undo Vertex Paint
[2018.09.01-14.56.33:497][878]Cmd: TRANSACTION UNDO
[2018.09.01-14.56.33:497][878]LogEditorTransaction: Undo Swap paint and erase colors
[2018.09.01-14.56.33:973][901]Cmd: TRANSACTION UNDO
[2018.09.01-14.56.33:973][901]LogEditorTransaction: Undo Vertex Paint
[2018.09.01-14.56.34:554][915]Cmd: TRANSACTION UNDO
[2018.09.01-14.56.34:555][915]LogEditorTransaction: Undo Vertex Paint
[2018.09.01-14.56.35:089][923]Cmd: TRANSACTION UNDO
[2018.09.01-14.56.35:089][923]LogEditorTransaction: Undo Vertex Paint
[2018.09.01-14.56.35:601][930]Cmd: TRANSACTION UNDO
[2018.09.01-14.56.35:601][930]LogEditorTransaction: Undo Vertex Paint
[2018.09.01-14.56.36:210][944]Cmd: TRANSACTION UNDO
[2018.09.01-14.56.36:210][944]LogEditorTransaction: Undo Vertex Paint
[2018.09.01-14.56.44:149][316]LogSlate: FSceneViewport::OnFocusLost() reason 0
[2018.09.01-14.56.57:509][786]LogSlate: FSceneViewport::OnFocusLost() reason 0
[2018.09.01-14.57.06:521][114]LogSlate: FSceneViewport::OnFocusLost() reason 0
[2018.09.01-14.57.19:222][506]LogEditorViewport: Clicking on Actor (LMB): StaticMeshActor (Stairs)
[2018.09.01-14.57.20:451][554]LogEditorViewport: Clicking on Actor (LMB): StaticMeshActor (Stairs (2))
[2018.09.01-14.57.30:695][ 98]LogSlate: FSceneViewport::OnFocusLost() reason 0
[2018.09.01-14.57.35:118][345]LogSlate: FSceneViewport::OnFocusLost() reason 0
[2018.09.01-14.57.45:135][861]Cmd: TRANSACTION UNDO
[2018.09.01-14.57.45:135][861]LogEditorTransaction: Undo Vertex Paint
[2018.09.01-14.58.05:589][897]LogEditorViewport: Clicking on Actor (LMB): StaticMeshActor (Ground)
[2018.09.01-14.58.09:099][ 93]LogEditorViewport: Clicking on Actor (LMB): StaticMeshActor (BuildingSmall)
[2018.09.01-14.58.10:478][137]LogSlate: FSceneViewport::OnFocusLost() reason 0
[2018.09.01-14.58.15:610][370]LogSlate: FSceneViewport::OnFocusLost() reason 0
[2018.09.01-14.58.21:181][593]LogEditorViewport: Clicking on Actor (LMB): StaticMeshActor (Ground)
[2018.09.01-14.58.25:484][828]LogSlate: FSceneViewport::OnFocusLost() reason 2
[2018.09.01-14.59.00:706][ 44]Cmd: TRANSACTION UNDO
[2018.09.01-14.59.00:706][ 44]LogEditorTransaction: Undo Vertex Paint
[2018.09.01-14.59.01:637][ 77]LogSlate: FSceneViewport::OnFocusLost() reason 0
[2018.09.01-14.59.02:910][120]LogEditorViewport: Clicking on Actor (LMB): StaticMeshActor (BuildingAngled)
[2018.09.01-14.59.14:181][500]LogSlate: FSceneViewport::OnFocusLost() reason 0
[2018.09.01-14.59.15:655][502]LogSlate: Window 'Save Content' being destroyed
[2018.09.01-14.59.15:703][502]LogSlate: FSceneViewport::OnFocusLost() reason 2
[2018.09.01-14.59.18:443][502]Cmd: OBJ SAVEPACKAGE PACKAGE="/Game/Maps/Meshing" FILE="../../../../../../Users/mikey/Documents/Unreal Projects/BeyondHuman/Content/Maps/Meshing.umap" SILENT=true AUTOSAVING=false KEEPDIRTY=false
[2018.09.01-14.59.19:123][502]LogSavePackage: Moving '../../../../../../Users/mikey/Documents/Unreal Projects/BeyondHuman/Saved/MeshingDF427D064FE7743F225031A163799EB5.tmp' to '../../../../../../Users/mikey/Documents/Unreal Projects/BeyondHuman/Content/Maps/Meshing.umap'
[2018.09.01-14.59.19:153][502]LogFileHelpers: Saving map 'Meshing' took 3.427
[2018.09.01-14.59.25:730][588]LogSlate: FSceneViewport::OnFocusLost() reason 0
[2018.09.01-14.59.26:093][588]LogSlate: Window 'BeyondHuman - Unreal Editor' being destroyed
[2018.09.01-14.59.26:624][589]Cmd: QUIT_EDITOR
[2018.09.01-14.59.27:109][589]LogWindowsTextInputMethodSystem: Display: IME system now deactivated.
[2018.09.01-14.59.27:260][589]LogExit: Preparing to exit.
[2018.09.01-14.59.36:032][589]LogExit: Editor shut down
[2018.09.01-14.59.36:069][589]LogExit: Transaction tracking system shut down
[2018.09.01-14.59.43:865][589]LogExit: Object subsystem successfully closed.
[2018.09.01-14.59.44:319][589]LogShaderCompilers: Display: Shaders left to compile 0
[2018.09.01-14.59.44:428][589]LogD3D11RHI: Shutdown
[2018.09.01-14.59.44:429][589]LogD3D11RHI: CleanupD3DDevice
[2018.09.01-14.59.44:619][589]LogD3D11RHI: ~FD3D11DynamicRHI
[2018.09.01-14.59.48:409][589]LogModuleManager: Shutting down and abandoning module StaticMeshEditor (622)
[2018.09.01-14.59.48:410][589]LogModuleManager: Shutting down and abandoning module MeshBuilder (620)
[2018.09.01-14.59.48:410][589]LogModuleManager: Shutting down and abandoning module HierarchicalLODOutliner (618)
[2018.09.01-14.59.48:410][589]LogModuleManager: Shutting down and abandoning module SceneOutliner (616)
[2018.09.01-14.59.48:410][589]LogModuleManager: Shutting down and abandoning module AddContentDialog (614)
[2018.09.01-14.59.48:444][589]LogModuleManager: Shutting down and abandoning module WidgetCarousel (613)
[2018.09.01-14.59.48:444][589]LogModuleManager: Shutting down and abandoning module EditorWidgets (610)
[2018.09.01-14.59.48:444][589]LogModuleManager: Shutting down and abandoning module CollectionManager (608)
[2018.09.01-14.59.48:473][589]LogModuleManager: Shutting down and abandoning module StatsViewer (606)
[2018.09.01-14.59.48:526][589]LogModuleManager: Shutting down and abandoning module FoliageEdit (604)
[2018.09.01-14.59.48:539][589]LogModuleManager: Shutting down and abandoning module LandscapeEditor (602)
[2018.09.01-14.59.48:740][589]LogModuleManager: Shutting down and abandoning module MeshPaintMode (600)
[2018.09.01-14.59.48:740][589]LogModuleManager: Shutting down and abandoning module SceneDepthPickerMode (598)
[2018.09.01-14.59.48:740][589]LogModuleManager: Shutting down and abandoning module ActorPickerMode (596)
[2018.09.01-14.59.48:740][589]LogModuleManager: Shutting down and abandoning module GeometryMode (594)
[2018.09.01-14.59.48:740][589]LogModuleManager: Shutting down and abandoning module TextureAlignMode (592)
[2018.09.01-14.59.48:740][589]LogModuleManager: Shutting down and abandoning module BspMode (590)
[2018.09.01-14.59.48:740][589]LogModuleManager: Shutting down and abandoning module PIEPreviewDeviceProfileSelector (588)
[2018.09.01-14.59.48:740][589]LogModuleManager: Shutting down and abandoning module SequenceRecorderSections (586)
[2018.09.01-14.59.48:763][589]LogModuleManager: Shutting down and abandoning module AutomationWorker (584)
[2018.09.01-14.59.48:765][589]LogModuleManager: Shutting down and abandoning module AudioCaptureEditor (582)
[2018.09.01-14.59.48:766][589]LogModuleManager: Shutting down and abandoning module SequenceRecorder (581)
[2018.09.01-14.59.48:806][589]LogModuleManager: Shutting down and abandoning module MatineeToLevelSequence (578)
[2018.09.01-14.59.48:806][589]LogModuleManager: Shutting down and abandoning module LevelSequenceEditor (576)
[2018.09.01-14.59.48:883][589]LogModuleManager: Shutting down and abandoning module PlacementMode (575)
[2018.09.01-14.59.48:883][589]LogModuleManager: Shutting down and abandoning module MaterialEditor (574)
[2018.09.01-14.59.48:887][589]LogModuleManager: Shutting down and abandoning module WmfMediaFactory (570)
[2018.09.01-14.59.48:887][589]LogModuleManager: Shutting down and abandoning module WmfMediaEditor (568)
[2018.09.01-14.59.48:887][589]LogModuleManager: Shutting down and abandoning module MediaPlayerEditor (566)
[2018.09.01-14.59.48:947][589]LogModuleManager: Shutting down and abandoning module OpenExrWrapper (564)
[2018.09.01-14.59.48:947][589]LogModuleManager: Shutting down and abandoning module ImgMediaFactory (562)
[2018.09.01-14.59.48:947][589]LogModuleManager: Shutting down and abandoning module ImgMediaEditor (560)
[2018.09.01-14.59.48:947][589]LogModuleManager: Shutting down and abandoning module AvfMediaFactory (558)
[2018.09.01-14.59.48:947][589]LogModuleManager: Shutting down and abandoning module AvfMediaEditor (556)
[2018.09.01-14.59.48:947][589]LogModuleManager: Shutting down and abandoning module AndroidMediaFactory (554)
[2018.09.01-14.59.48:947][589]LogModuleManager: Shutting down and abandoning module AndroidMediaEditor (552)
[2018.09.01-14.59.48:947][589]LogModuleManager: Shutting down and abandoning module MagicLeapCameraPreviewFactory (550)
[2018.09.01-14.59.48:947][589]LogModuleManager: Shutting down and abandoning module MagicLeapMediaFactory (548)
[2018.09.01-14.59.48:948][589]LogModuleManager: Shutting down and abandoning module MagicLeapMediaEditor (546)
[2018.09.01-14.59.48:948][589]LogModuleManager: Shutting down and abandoning module CharacterAI (544)
[2018.09.01-14.59.48:948][589]LogModuleManager: Shutting down and abandoning module SmartSnapping (542)
[2018.09.01-14.59.48:948][589]LogModuleManager: Shutting down and abandoning module SessionServices (540)
[2018.09.01-14.59.48:948][589]LogModuleManager: Shutting down and abandoning module ViewportSnapping (538)
[2018.09.01-14.59.48:948][589]LogModuleManager: Shutting down and abandoning module ViewportInteraction (536)
[2018.09.01-14.59.48:948][589]LogModuleManager: Shutting down and abandoning module ClothPainter (534)
[2018.09.01-14.59.49:120][589]LogModuleManager: Shutting down and abandoning module SkeletalMeshEditor (533)
[2018.09.01-14.59.49:228][589]LogModuleManager: Shutting down and abandoning module LogVisualizer (530)
[2018.09.01-14.59.49:264][589]LogModuleManager: Shutting down and abandoning module IntroTutorials (528)
[2018.09.01-14.59.49:313][589]LogModuleManager: Shutting down and abandoning module GameProjectGeneration (527)
[2018.09.01-14.59.49:360][589]LogModuleManager: Shutting down and abandoning module LuminPlatformEditor (524)
[2018.09.01-14.59.49:360][589]LogModuleManager: Shutting down and abandoning module IOSPlatformEditor (522)
[2018.09.01-14.59.49:374][589]LogModuleManager: Shutting down and abandoning module HTML5PlatformEditor (520)
[2018.09.01-14.59.49:375][589]LogModuleManager: Shutting down and abandoning module AndroidPlatformEditor (518)
[2018.09.01-14.59.49:375][589]LogModuleManager: Shutting down and abandoning module AndroidDeviceDetection (517)
[2018.09.01-14.59.50:250][589]LogModuleManager: Shutting down and abandoning module WindowsPlatformEditor (514)
[2018.09.01-14.59.50:250][589]LogModuleManager: Shutting down and abandoning module LuminRuntimeSettings (512)
[2018.09.01-14.59.50:250][589]LogModuleManager: Shutting down and abandoning module IOSRuntimeSettings (510)
[2018.09.01-14.59.50:250][589]LogModuleManager: Shutting down and abandoning module AndroidRuntimeSettings (508)
[2018.09.01-14.59.50:250][589]LogModuleManager: Shutting down and abandoning module InputBindingEditor (506)
[2018.09.01-14.59.50:304][589]LogModuleManager: Shutting down and abandoning module MergeActors (504)
[2018.09.01-14.59.50:330][589]LogModuleManager: Shutting down and abandoning module LocalizationDashboard (502)
[2018.09.01-14.59.50:387][589]LogModuleManager: Shutting down and abandoning module LocalizationService (501)
[2018.09.01-14.59.50:388][589]LogModuleManager: Shutting down and abandoning module HardwareTargeting (498)
[2018.09.01-14.59.50:388][589]LogModuleManager: Shutting down and abandoning module DeviceProfileEditor (496)
[2018.09.01-14.59.50:400][589]LogModuleManager: Shutting down and abandoning module UndoHistory (494)
[2018.09.01-14.59.50:420][589]LogModuleManager: Shutting down and abandoning module XmlParser (492)
[2018.09.01-14.59.50:420][589]LogModuleManager: Shutting down and abandoning module Blutility (490)
[2018.09.01-14.59.50:421][589]LogModuleManager: Shutting down and abandoning module ProjectSettingsViewer (488)
[2018.09.01-14.59.50:434][589]LogModuleManager: Shutting down and abandoning module ProjectTargetPlatformEditor (487)
[2018.09.01-14.59.50:435][589]LogModuleManager: Shutting down and abandoning module EditorSettingsViewer (484)
[2018.09.01-14.59.50:457][589]LogModuleManager: Shutting down and abandoning module SettingsEditor (482)
[2018.09.01-14.59.50:506][589]LogModuleManager: Shutting down and abandoning module ProjectLauncher (480)
[2018.09.01-14.59.50:533][589]LogModuleManager: Shutting down and abandoning module SessionFrontend (478)
[2018.09.01-14.59.50:579][589]LogModuleManager: Shutting down and abandoning module ProfilerClient (476)
[2018.09.01-14.59.50:587][589]LogModuleManager: Shutting down and abandoning module DeviceManager (474)
[2018.09.01-14.59.50:604][589]LogModuleManager: Shutting down and abandoning module TargetDeviceServices (473)
[2018.09.01-14.59.50:671][589]LogModuleManager: Shutting down and abandoning module AutomationController (470)
[2018.09.01-14.59.50:701][589]LogModuleManager: Shutting down and abandoning module AutomationWindow (468)
[2018.09.01-14.59.50:750][589]LogModuleManager: Shutting down and abandoning module Layers (466)
[2018.09.01-14.59.50:803][589]LogModuleManager: Shutting down and abandoning module ComponentVisualizers (464)
[2018.09.01-14.59.50:803][589]LogModuleManager: Shutting down and abandoning module DetailCustomizations (462)
[2018.09.01-14.59.50:805][589]LogModuleManager: Shutting down and abandoning module PackagesDialog (460)
[2018.09.01-14.59.50:806][589]LogModuleManager: Shutting down and abandoning module Persona (458)
[2018.09.01-14.59.50:869][589]LogModuleManager: Shutting down and abandoning module AdvancedPreviewScene (457)
[2018.09.01-14.59.50:869][589]LogModuleManager: Shutting down and abandoning module AnimGraph (455)
[2018.09.01-14.59.50:900][589]LogModuleManager: Shutting down and abandoning module Kismet (452)
[2018.09.01-14.59.50:905][589]LogModuleManager: Shutting down and abandoning module GraphEditor (450)
[2018.09.01-14.59.50:909][589]LogModuleManager: Shutting down and abandoning module ClassViewer (448)
[2018.09.01-14.59.50:910][589]LogModuleManager: Shutting down and abandoning module Toolbox (446)
[2018.09.01-14.59.50:910][589]LogModuleManager: Shutting down and abandoning module ModuleUI (444)
[2018.09.01-14.59.50:920][589]LogModuleManager: Shutting down and abandoning module MovieSceneTools (442)
[2018.09.01-14.59.50:996][589]LogModuleManager: Shutting down and abandoning module OutputLog (440)
[2018.09.01-14.59.50:996][589]LogModuleManager: Shutting down and abandoning module GammaUI (438)
[2018.09.01-14.59.51:015][589]LogModuleManager: Shutting down and abandoning module Documentation (436)
[2018.09.01-14.59.51:015][589]LogModuleManager: Shutting down and abandoning module MovieSceneTracks (434)
[2018.09.01-14.59.51:015][589]LogModuleManager: Shutting down and abandoning module MovieScene (432)
[2018.09.01-14.59.51:015][589]LogModuleManager: Shutting down and abandoning module StreamingPauseRendering (430)
[2018.09.01-14.59.51:016][589]LogModuleManager: Shutting down and abandoning module LauncherPlatform (428)
[2018.09.01-14.59.51:016][589]LogModuleManager: Shutting down and abandoning module AnalyticsET (426)
[2018.09.01-14.59.51:016][589]LogModuleManager: Shutting down and abandoning module PortalServices (424)
[2018.09.01-14.59.51:016][589]LogModuleManager: Shutting down and abandoning module PortalRpc (422)
[2018.09.01-14.59.51:016][589]LogModuleManager: Shutting down and abandoning module MessagingRpc (420)
[2018.09.01-14.59.51:016][589]LogModuleManager: Shutting down and abandoning module AIModule (418)
[2018.09.01-14.59.51:037][589]LogModuleManager: Shutting down and abandoning module GameplayDebugger (417)
[2018.09.01-14.59.51:072][589]LogModuleManager: Shutting down and abandoning module AITestSuite (415)
[2018.09.01-14.59.51:095][589]LogModuleManager: Shutting down and abandoning module NavigationSystem (413)
[2018.09.01-14.59.51:095][589]LogModuleManager: Shutting down and abandoning module DesktopPlatform (410)
[2018.09.01-14.59.51:097][589]LogModuleManager: Shutting down and abandoning module ProfilerService (408)
[2018.09.01-14.59.51:178][589]LogModuleManager: Shutting down and abandoning module TaskGraph (406)
[2018.09.01-14.59.51:266][589]LogModuleManager: Shutting down and abandoning module SubstanceLiveLink (404)
[2018.09.01-14.59.51:267][589]LogModuleManager: Shutting down and abandoning module SubstanceSource (402)
[2018.09.01-14.59.51:324][589]LogModuleManager: Shutting down and abandoning module SubstanceEditor (400)
[2018.09.01-14.59.51:349][589]LogModuleManager: Shutting down and abandoning module SteamVRController (398)
[2018.09.01-14.59.51:349][589]LogModuleManager: Shutting down and abandoning module ProceduralMeshComponentEditor (396)
[2018.09.01-14.59.51:349][589]LogModuleManager: Shutting down and abandoning module ProceduralMeshComponent (394)
[2018.09.01-14.59.51:349][589]LogModuleManager: Shutting down and abandoning module OculusInput (392)
[2018.09.01-14.59.51:350][589]LogModuleManager: Shutting down and abandoning module MobilePatchingUtils (390)
[2018.09.01-14.59.51:350][589]LogModuleManager: Shutting down and abandoning module EditableMesh (388)
[2018.09.01-14.59.51:384][589]LogModuleManager: Shutting down and abandoning module CustomMeshComponent (386)
[2018.09.01-14.59.51:384][589]LogModuleManager: Shutting down and abandoning module CableComponent (384)
[2018.09.01-14.59.51:384][589]LogModuleManager: Shutting down and abandoning module AudioCapture (382)
[2018.09.01-14.59.51:385][589]LogModuleManager: Shutting down and abandoning module ArchVisCharacter (380)
[2018.09.01-14.59.51:385][589]LogModuleManager: Shutting down and abandoning module AndroidPermission (378)
[2018.09.01-14.59.51:385][589]LogModuleManager: Shutting down and abandoning module NUTUnrealEngine4 (376)
[2018.09.01-14.59.51:385][589]LogModuleManager: Shutting down and abandoning module NetcodeUnitTest (374)
[2018.09.01-14.59.51:487][589]LogModuleManager: Shutting down and abandoning module MediaCompositingEditor (372)
[2018.09.01-14.59.51:488][589]LogModuleManager: Shutting down and abandoning module MediaCompositing (370)
[2018.09.01-14.59.51:488][589]LogModuleManager: Shutting down and abandoning module LinearTimecode (368)
[2018.09.01-14.59.51:488][589]LogModuleManager: Shutting down and abandoning module ImgMedia (366)
[2018.09.01-14.59.51:521][589]LogModuleManager: Shutting down and abandoning module HTML5Networking (364)
[2018.09.01-14.59.51:521][589]LogModuleManager: Shutting down and abandoning module GeometryCacheTracks (362)
[2018.09.01-14.59.51:521][589]LogModuleManager: Shutting down and abandoning module GeometryCacheSequencer (360)
[2018.09.01-14.59.51:521][589]LogModuleManager: Shutting down and abandoning module BackChannel (358)
[2018.09.01-14.59.51:523][589]LogModuleManager: Shutting down and abandoning module AppleVision (356)
[2018.09.01-14.59.51:523][589]LogModuleManager: Shutting down and abandoning module AppleImageUtils (354)
[2018.09.01-14.59.51:523][589]LogModuleManager: Shutting down and abandoning module AlembicImporter (352)
[2018.09.01-14.59.51:523][589]LogModuleManager: Shutting down and abandoning module AlembicLibrary (351)
[2018.09.01-14.59.51:523][589]LogModuleManager: Shutting down and abandoning module GeometryCache (350)
[2018.09.01-14.59.51:523][589]LogModuleManager: Shutting down and abandoning module GeometryCacheEd (349)
[2018.09.01-14.59.51:523][589]LogModuleManager: Shutting down and abandoning module DatasmithContentEditor (344)
[2018.09.01-14.59.51:582][589]LogModuleManager: Shutting down and abandoning module DatasmithContent (342)
[2018.09.01-14.59.51:583][589]LogModuleManager: Shutting down and abandoning module SpeedTreeImporter (340)
[2018.09.01-14.59.51:584][589]LogModuleManager: Shutting down and abandoning module PluginBrowser (338)
[2018.09.01-14.59.51:633][589]LogModuleManager: Shutting down and abandoning module MobileLauncherProfileWizard (336)
[2018.09.01-14.59.51:657][589]LogModuleManager: Shutting down and abandoning module PolygonModeling (334)
[2018.09.01-14.59.51:657][589]LogModuleManager: Shutting down and abandoning module MeshEditor (332)
[2018.09.01-14.59.51:692][589]LogModuleManager: Shutting down and abandoning module CryptoKeysOpenSSL (330)
[2018.09.01-14.59.51:719][589]LogModuleManager: Shutting down and abandoning module CryptoKeys (328)
[2018.09.01-14.59.51:719][589]LogModuleManager: Shutting down and abandoning module VisualStudioSourceCodeAccess (326)
[2018.09.01-14.59.51:721][589]LogModuleManager: Shutting down and abandoning module VisualStudioCodeSourceCodeAccess (324)
[2018.09.01-14.59.51:721][589]LogModuleManager: Shutting down and abandoning module UObjectPlugin (322)
[2018.09.01-14.59.51:721][589]LogModuleManager: Shutting down and abandoning module SubversionSourceControl (320)
[2018.09.01-14.59.51:761][589]LogModuleManager: Shutting down and abandoning module PerforceSourceControl (318)
[2018.09.01-14.59.51:858][589]LogModuleManager: Shutting down and abandoning module GitSourceControl (316)
[2018.09.01-14.59.51:914][589]LogModuleManager: Shutting down and abandoning module SourceControl (315)
[2018.09.01-14.59.51:954][589]LogModuleManager: Shutting down and abandoning module CLionSourceCodeAccess (312)
[2018.09.01-14.59.51:954][589]LogModuleManager: Shutting down and abandoning module LightPropagationVolumeEditor (310)
[2018.09.01-14.59.51:955][589]LogModuleManager: Shutting down and abandoning module PaperTiledImporter (308)
[2018.09.01-14.59.51:955][589]LogModuleManager: Shutting down and abandoning module PaperSpriteSheetImporter (306)
[2018.09.01-14.59.51:955][589]LogModuleManager: Shutting down and abandoning module Paper2DEditor (304)
[2018.09.01-14.59.51:972][589]LogModuleManager: Shutting down and abandoning module MeshPaint (303)
[2018.09.01-14.59.51:972][589]LogModuleManager: Shutting down and abandoning module RuntimePhysXCooking (300)
[2018.09.01-14.59.51:972][589]LogModuleManager: Shutting down and abandoning module PhysXVehiclesEditor (298)
[2018.09.01-14.59.51:972][589]LogModuleManager: Shutting down and abandoning module PhysXVehicles (296)
[2018.09.01-14.59.51:972][589]LogModuleManager: Shutting down and abandoning module OculusEditor (294)
[2018.09.01-14.59.51:972][589]LogModuleManager: Shutting down and abandoning module LocationServicesBPLibrary (292)
[2018.09.01-14.59.51:972][589]LogModuleManager: Shutting down and abandoning module ImmediatePhysicsEditor (290)
[2018.09.01-14.59.51:972][589]LogModuleManager: Shutting down and abandoning module ImmediatePhysics (288)
[2018.09.01-14.59.51:972][589]LogModuleManager: Shutting down and abandoning module ActorSequence (286)
[2018.09.01-14.59.51:972][589]LogModuleManager: Shutting down and abandoning module UdpMessaging (284)
[2018.09.01-14.59.52:073][589]LogModuleManager: Shutting down and abandoning module TcpMessaging (282)
[2018.09.01-14.59.52:174][589]LogModuleManager: Shutting down and abandoning module SubstanceCore (280)
[2018.09.01-14.59.52:176][589]LogModuleManager: Shutting down and abandoning module MagicLeapAudio (278)
[2018.09.01-14.59.52:176][589]LogModuleManager: Shutting down and abandoning module GameplayTagsEditor (276)
[2018.09.01-14.59.52:228][589]LogModuleManager: Shutting down and abandoning module FacialAnimationEditor (274)
[2018.09.01-14.59.52:240][589]LogModuleManager: Shutting down and abandoning module FacialAnimation (272)
[2018.09.01-14.59.52:240][589]LogModuleManager: Shutting down and abandoning module DataValidation (270)
[2018.09.01-14.59.52:241][589]LogModuleManager: Shutting down and abandoning module AssetManagerEditor (268)
[2018.09.01-14.59.52:251][589]LogModuleManager: Shutting down and abandoning module LevelEditor (267)
[2018.09.01-14.59.52:324][589]LogModuleManager: Shutting down and abandoning module PixelInspectorModule (266)
[2018.09.01-14.59.52:366][589]LogModuleManager: Shutting down and abandoning module CommonMenuExtensions (264)
[2018.09.01-14.59.52:367][589]LogModuleManager: Shutting down and abandoning module MainFrame (262)
[2018.09.01-14.59.52:368][589]LogModuleManager: Shutting down and abandoning module HotReload (261)
[2018.09.01-14.59.52:385][589]LogModuleManager: Shutting down and abandoning module ContentBrowser (257)
[2018.09.01-14.59.52:391][589]LogModuleManager: Shutting down and abandoning module TreeMap (255)
[2018.09.01-14.59.52:396][589]LogModuleManager: Shutting down and abandoning module LightPropagationVolumeRuntime (252)
[2018.09.01-14.59.52:396][589]LogModuleManager: Shutting down and abandoning module AISupportModule (250)
[2018.09.01-14.59.52:396][589]LogModuleManager: Shutting down and abandoning module Paper2D (248)
[2018.09.01-14.59.52:408][589]LogModuleManager: Shutting down and abandoning module WindowsMoviePlayer (246)
[2018.09.01-14.59.52:410][589]LogModuleManager: Shutting down and abandoning module WmfMedia (244)
[2018.09.01-14.59.52:442][589]LogModuleManager: Shutting down and abandoning module Media (243)
[2018.09.01-14.59.52:450][589]LogModuleManager: Shutting down and abandoning module PacketHandler (240)
[2018.09.01-14.59.52:450][589]LogModuleManager: Shutting down and abandoning module ClothingSystemEditor (238)
[2018.09.01-14.59.52:450][589]LogModuleManager: Shutting down and abandoning module ClothingSystemRuntime (236)
[2018.09.01-14.59.52:487][589]LogModuleManager: Shutting down and abandoning module MediaAssets (234)
[2018.09.01-14.59.52:487][589]LogModuleManager: Shutting down and abandoning module Overlay (232)
[2018.09.01-14.59.52:487][589]LogModuleManager: Shutting down and abandoning module OverlayEditor (231)
[2018.09.01-14.59.52:487][589]LogModuleManager: Shutting down and abandoning module VREditor (228)
[2018.09.01-14.59.52:489][589]LogModuleManager: Shutting down and abandoning module StringTableEditor (226)
[2018.09.01-14.59.52:511][589]LogModuleManager: Shutting down and abandoning module GameplayTasksEditor (224)
[2018.09.01-14.59.52:511][589]LogModuleManager: Shutting down and abandoning module BehaviorTreeEditor (222)
[2018.09.01-14.59.52:645][589]LogModuleManager: Shutting down and abandoning module FunctionalTesting (220)
[2018.09.01-14.59.52:646][589]LogModuleManager: Shutting down and abandoning module CollisionAnalyzer (218)
[2018.09.01-14.59.52:704][589]LogModuleManager: Shutting down and abandoning module WorkspaceMenuStructure (217)
[2018.09.01-14.59.52:720][589]LogModuleManager: Shutting down and abandoning module UMG (214)
[2018.09.01-14.59.52:739][589]LogModuleManager: Shutting down and abandoning module UMGEditor (213)
[2018.09.01-14.59.52:805][589]LogModuleManager: Shutting down and abandoning module Sequencer (212)
[2018.09.01-14.59.52:861][589]LogModuleManager: Shutting down and abandoning module MessageLog (209)
[2018.09.01-14.59.52:862][589]LogModuleManager: Shutting down and abandoning module SlateReflector (204)
[2018.09.01-14.59.52:924][589]LogModuleManager: Shutting down and abandoning module Slate (202)
[2018.09.01-14.59.52:924][589]LogModuleManager: Shutting down and abandoning module EditorStyle (200)
[2018.09.01-14.59.52:964][589]LogModuleManager: Shutting down and abandoning module MRMesh (198)
[2018.09.01-14.59.53:013][589]LogModuleManager: Shutting down and abandoning module SourceCodeAccess (196)
[2018.09.01-14.59.53:013][589]LogModuleManager: Shutting down and abandoning module HeadMountedDisplay (194)
[2018.09.01-14.59.53:013][589]LogModuleManager: Shutting down and abandoning module XAudio2 (192)
[2018.09.01-14.59.53:013][589]LogModuleManager: Shutting down and abandoning module Networking (190)
[2018.09.01-14.59.53:013][589]LogModuleManager: Shutting down and abandoning module Core (188)
[2018.09.01-14.59.53:013][589]LogModuleManager: Shutting down and abandoning module LevelSequence (186)
[2018.09.01-14.59.53:013][589]LogModuleManager: Shutting down and abandoning module KismetCompiler (184)
[2018.09.01-14.59.53:013][589]LogModuleManager: Shutting down and abandoning module MeshUtilities (182)
[2018.09.01-14.59.53:034][589]LogModuleManager: Shutting down and abandoning module MeshMergeUtilities (181)
[2018.09.01-14.59.53:088][589]LogModuleManager: Shutting down and abandoning module MeshReductionInterface (180)
[2018.09.01-14.59.53:088][589]LogModuleManager: Shutting down and abandoning module SimplygonSwarm (179)
[2018.09.01-14.59.53:103][589]LogModuleManager: Shutting down and abandoning module ProxyLODMeshReduction (177)
[2018.09.01-14.59.53:176][589]LogModuleManager: Shutting down and abandoning module SimplygonMeshReduction (175)
[2018.09.01-14.59.53:194][589]LogModuleManager: Shutting down and abandoning module QuadricMeshReduction (173)
[2018.09.01-14.59.53:208][589]LogModuleManager: Shutting down and abandoning module MaterialBaking (169)
[2018.09.01-14.59.53:237][589]LogModuleManager: Shutting down and abandoning module DirectoryWatcher (165)
[2018.09.01-14.59.53:334][589]LogModuleManager: Shutting down and abandoning module DerivedDataCache (162)
[2018.09.01-14.59.53:372][589]LogDerivedDataCache: Shutdown
[2018.09.01-14.59.53:372][589]LogModuleManager: Shutting down and abandoning module XGEController (160)
[2018.09.01-14.59.53:372][589]LogXGEController: Cleaning working directory: C:/Users/mikey/AppData/Local/Temp/UnrealXGEWorkingDir/
[2018.09.01-14.59.53:394][589]LogModuleManager: Shutting down and abandoning module TargetPlatform (158)
[2018.09.01-14.59.53:395][589]LogModuleManager: Shutting down and abandoning module VulkanShaderFormat (157)
[2018.09.01-14.59.53:420][589]LogModuleManager: Shutting down and abandoning module ShaderFormatVectorVM (155)
[2018.09.01-14.59.53:441][589]LogModuleManager: Shutting down and abandoning module ShaderFormatOpenGL (153)
[2018.09.01-14.59.53:455][589]LogModuleManager: Shutting down and abandoning module ShaderFormatD3D (151)
[2018.09.01-14.59.53:456][589]LogModuleManager: Shutting down and abandoning module MetalShaderFormat (149)
[2018.09.01-14.59.53:467][589]LogModuleManager: Shutting down and abandoning module TextureFormatUncompressed (147)
[2018.09.01-14.59.53:467][589]LogModuleManager: Shutting down and abandoning module TextureFormatPVR (145)
[2018.09.01-14.59.53:468][589]LogModuleManager: Shutting down and abandoning module TextureFormatDXT (143)
[2018.09.01-14.59.53:469][589]LogModuleManager: Shutting down and abandoning module TextureFormatIntelISPCTexComp (141)
[2018.09.01-14.59.53:515][589]LogModuleManager: Shutting down and abandoning module TextureFormatASTC (139)
[2018.09.01-14.59.53:515][589]LogModuleManager: Shutting down and abandoning module ImageWrapper (138)
[2018.09.01-14.59.53:515][589]LogModuleManager: Shutting down and abandoning module TextureFormatAndroid (135)
[2018.09.01-14.59.53:516][589]LogModuleManager: Shutting down and abandoning module AudioFormatOpus (133)
[2018.09.01-14.59.53:517][589]LogModuleManager: Shutting down and abandoning module AudioFormatOgg (131)
[2018.09.01-14.59.53:529][589]LogModuleManager: Shutting down and abandoning module AudioFormatADPCM (129)
[2018.09.01-14.59.53:529][589]LogModuleManager: Shutting down and abandoning module LuminTargetPlatform (127)
[2018.09.01-14.59.53:530][589]LogModuleManager: Shutting down and abandoning module LinuxTargetPlatform (125)
[2018.09.01-14.59.53:551][589]LogModuleManager: Shutting down and abandoning module LinuxServerTargetPlatform (123)
[2018.09.01-14.59.53:551][589]LogModuleManager: Shutting down and abandoning module LinuxNoEditorTargetPlatform (121)
[2018.09.01-14.59.53:606][589]LogModuleManager: Shutting down and abandoning module LinuxClientTargetPlatform (119)
[2018.09.01-14.59.53:607][589]LogModuleManager: Shutting down and abandoning module TVOSTargetPlatform (117)
[2018.09.01-14.59.53:754][589]LogModuleManager: Shutting down and abandoning module Messaging (115)
[2018.09.01-14.59.53:755][589]LogModuleManager: Shutting down and abandoning module IOSTargetPlatform (113)
[2018.09.01-14.59.53:835][589]LogModuleManager: Shutting down and abandoning module HTML5TargetPlatform (111)
[2018.09.01-14.59.53:835][589]LogModuleManager: Shutting down and abandoning module AndroidTargetPlatform (109)
[2018.09.01-14.59.54:124][589]LogModuleManager: Shutting down and abandoning module WindowsTargetPlatform (107)
[2018.09.01-14.59.54:124][589]LogModuleManager: Shutting down and abandoning module WindowsServerTargetPlatform (105)
[2018.09.01-14.59.54:124][589]LogModuleManager: Shutting down and abandoning module WindowsNoEditorTargetPlatform (103)
[2018.09.01-14.59.54:124][589]LogModuleManager: Shutting down and abandoning module WindowsClientTargetPlatform (101)
[2018.09.01-14.59.54:124][589]LogModuleManager: Shutting down and abandoning module MacTargetPlatform (99)
[2018.09.01-14.59.54:125][589]LogModuleManager: Shutting down and abandoning module MacServerTargetPlatform (97)
[2018.09.01-14.59.54:158][589]LogModuleManager: Shutting down and abandoning module MacNoEditorTargetPlatform (95)
[2018.09.01-14.59.54:158][589]LogModuleManager: Shutting down and abandoning module MacClientTargetPlatform (93)
[2018.09.01-14.59.54:158][589]LogModuleManager: Shutting down and abandoning module AllDesktopTargetPlatform (91)
[2018.09.01-14.59.54:159][589]LogModuleManager: Shutting down and abandoning module InputCore (88)
[2018.09.01-14.59.54:159][589]LogModuleManager: Shutting down and abandoning module Settings (86)
[2018.09.01-14.59.54:160][589]LogModuleManager: Shutting down and abandoning module PhysXCooking (84)
[2018.09.01-14.59.54:160][589]LogModuleManager: Shutting down and abandoning module SteamVR (82)
[2018.09.01-14.59.54:176][589]LogModuleManager: Shutting down and abandoning module OculusHMD (80)
[2018.09.01-14.59.54:191][589]LogModuleManager: Shutting down and abandoning module ExampleDeviceProfileSelector (78)
[2018.09.01-14.59.54:191][589]LogModuleManager: Shutting down and abandoning module LauncherChunkInstaller (76)
[2018.09.01-14.59.54:191][589]LogModuleManager: Shutting down and abandoning module OnlineBlueprintSupport (74)
[2018.09.01-14.59.54:191][589]LogModuleManager: Shutting down and abandoning module OnlineSubsystem (70)
[2018.09.01-14.59.54:212][589]LogModuleManager: Shutting down and abandoning module XMPP (65)
[2018.09.01-14.59.54:235][589]LogModuleManager: Shutting down and abandoning module WebSockets (64)
[2018.09.01-14.59.54:395][589]LogModuleManager: Shutting down and abandoning module HTTP (61)
[2018.09.01-14.59.54:397][589]LogHttp: Display: Http module shutting down, but needs to wait on 1 outstanding Http requests:
[2018.09.01-14.59.54:397][589]LogHttp: Display: 	verb=[POST] url=[https://datarouter.ol.epicgames.com/datarouter/api/v1/public/data?SessionID=%7BE8300F06-4CF6-C8EE-7E05-508B6358F672%7D&AppID=UEEditor.Rocket.Release&AppVersion=4.20.0-4212847%2B%2B%2BUE4%2BRelease-4.20&UserID=31027a594662a0b97be24a9d90c3d532%7C9aea4035aae84fc6a50e2bbd0bcac9c5%7C272cb1e4-9c96-41d3-8475-4726cc712451&AppEnvironment=datacollector-binary&UploadType=eteventstream] status=Processing
[2018.09.01-14.59.54:406][589]LogModuleManager: Shutting down and abandoning module SSL (60)
[2018.09.01-14.59.54:430][589]LogModuleManager: Shutting down and abandoning module MagicLeapEmulator (56)
[2018.09.01-14.59.54:430][589]LogModuleManager: Shutting down and abandoning module MagicLeapPrivileges (54)
[2018.09.01-14.59.54:430][589]LogModuleManager: Shutting down and abandoning module MagicLeapIdentity (52)
[2018.09.01-14.59.54:430][589]LogModuleManager: Shutting down and abandoning module MagicLeapHelperVulkan (50)
[2018.09.01-14.59.54:431][589]LogModuleManager: Shutting down and abandoning module MagicLeapHelperOpenGL (48)
[2018.09.01-14.59.54:431][589]LogModuleManager: Shutting down and abandoning module MagicLeapSecureStorage (46)
[2018.09.01-14.59.54:431][589]LogModuleManager: Shutting down and abandoning module MagicLeapGestures (44)
[2018.09.01-14.59.54:439][589]LogModuleManager: Shutting down and abandoning module MagicLeapEyeTracker (42)
[2018.09.01-14.59.54:440][589]LogModuleManager: Shutting down and abandoning module MagicLeapController (40)
[2018.09.01-14.59.54:466][589]LogSlate: Slate User Destroyed.  User Index 0, Is Virtual User: 0
[2018.09.01-14.59.54:466][589]LogModuleManager: Shutting down and abandoning module MagicLeap (38)
[2018.09.01-14.59.54:491][589]LogModuleManager: Shutting down and abandoning module AnimationModifiers (36)
[2018.09.01-14.59.54:504][589]LogModuleManager: Shutting down and abandoning module PropertyEditor (35)
[2018.09.01-14.59.54:533][589]LogModuleManager: Shutting down and abandoning module AudioEditor (32)
[2018.09.01-14.59.54:563][589]LogModuleManager: Shutting down and abandoning module TextureCompressor (30)
[2018.09.01-14.59.54:587][589]LogModuleManager: Shutting down and abandoning module ShaderCore (28)
[2018.09.01-14.59.54:587][589]LogModuleManager: Shutting down and abandoning module Landscape (26)
[2018.09.01-14.59.54:587][589]LogModuleManager: Shutting down and abandoning module SlateRHIRenderer (24)
[2018.09.01-14.59.54:629][589]LogModuleManager: Shutting down and abandoning module OpenGLDrv (22)
[2018.09.01-14.59.54:646][589]LogModuleManager: Shutting down and abandoning module D3D11RHI (20)
[2018.09.01-14.59.54:646][589]LogModuleManager: Shutting down and abandoning module AnimGraphRuntime (18)
[2018.09.01-14.59.54:657][589]LogModuleManager: Shutting down and abandoning module Renderer (16)
[2018.09.01-14.59.54:657][589]LogModuleManager: Shutting down and abandoning module Engine (14)
[2018.09.01-14.59.54:657][589]LogModuleManager: Shutting down and abandoning module CoreUObject (12)
[2018.09.01-14.59.54:657][589]LogModuleManager: Shutting down and abandoning module NetworkFile (10)
[2018.09.01-14.59.54:675][589]LogModuleManager: Shutting down and abandoning module CookedIterativeFile (8)
[2018.09.01-14.59.54:675][589]LogModuleManager: Shutting down and abandoning module StreamingFile (6)
[2018.09.01-14.59.54:676][589]LogModuleManager: Shutting down and abandoning module SandboxFile (4)
[2018.09.01-14.59.54:676][589]LogModuleManager: Shutting down and abandoning module PakFile (2)
[2018.09.01-14.59.54:706][589]LogExit: Exiting.
[2018.09.01-14.59.54:738][589]Log file closed, 09/01/18 15:59:54
