Log file open, 09/13/18 21:12:47
LogWindows: Failed to load 'aqProf.dll' (GetLastError=126)
LogWindows: File 'aqProf.dll' does not exist
LogWindows: Failed to load 'VtuneApi.dll' (GetLastError=126)
LogWindows: File 'VtuneApi.dll' does not exist
LogWindows: Failed to load 'VtuneApi32e.dll' (GetLastError=126)
LogWindows: File 'VtuneApi32e.dll' does not exist
LogInit: Display: Running engine for game: BeyondHuman
LogPlatformFile: Not using cached read wrapper
LogTaskGraph: Started task graph with 5 named threads and 23 total threads with 3 sets of task threads.
LogStats: Stats thread started at 0.297868
LogD3D11RHI: Loaded GFSDK_Aftermath_Lib.x64.dll
LogICUInternationalization: Display: ICU TimeZone Detection - Raw Offset: +0:00, Platform Override: ''
LogPluginManager: Mounting plugin Paper2D
LogPluginManager: Mounting plugin AISupport
LogPluginManager: Mounting plugin LightPropagationVolume
LogPluginManager: Mounting plugin CLionSourceCodeAccess
LogPluginManager: Mounting plugin CodeLiteSourceCodeAccess
LogPluginManager: Mounting plugin GitSourceControl
LogPluginManager: Mounting plugin KDevelopSourceCodeAccess
LogPluginManager: Mounting plugin NullSourceCodeAccess
LogPluginManager: Mounting plugin PerforceSourceControl
LogPluginManager: Mounting plugin SubversionSourceControl
LogPluginManager: Mounting plugin UObjectPlugin
LogPluginManager: Mounting plugin VisualStudioCodeSourceCodeAccess
LogPluginManager: Mounting plugin VisualStudioSourceCodeAccess
LogPluginManager: Mounting plugin XCodeSourceCodeAccess
LogPluginManager: Mounting plugin AssetManagerEditor
LogPluginManager: Mounting plugin CryptoKeys
LogPluginManager: Mounting plugin DataValidation
LogPluginManager: Mounting plugin FacialAnimation
LogPluginManager: Mounting plugin GameplayTagsEditor
LogPluginManager: Mounting plugin MacGraphicsSwitching
LogPluginManager: Mounting plugin MeshEditor
LogPluginManager: Mounting plugin MobileLauncherProfileWizard
LogPluginManager: Mounting plugin PluginBrowser
LogPluginManager: Mounting plugin SpeedTreeImporter
LogPluginManager: Mounting plugin DatasmithContent
LogPluginManager: Mounting plugin AlembicImporter
LogPluginManager: Mounting plugin AppleImageUtils
LogPluginManager: Mounting plugin AppleVision
LogPluginManager: Mounting plugin BackChannel
LogPluginManager: Mounting plugin CharacterAI
LogPluginManager: Mounting plugin GeometryCache
LogPluginManager: Mounting plugin HTML5Networking
LogPluginManager: Mounting plugin ProxyLODPlugin
LogPluginManager: Mounting plugin MagicLeap
LogPluginManager: Mounting plugin MagicLeapEmulator
LogPluginManager: Mounting plugin MagicLeapMedia
LogPluginManager: Mounting plugin Substance
LogPluginManager: Mounting plugin AndroidMedia
LogPluginManager: Mounting plugin AvfMedia
LogPluginManager: Mounting plugin ImgMedia
LogPluginManager: Mounting plugin LinearTimecode
LogPluginManager: Mounting plugin MediaCompositing
LogPluginManager: Mounting plugin MediaPlayerEditor
LogPluginManager: Mounting plugin WmfMedia
LogPluginManager: Mounting plugin TcpMessaging
LogPluginManager: Mounting plugin UdpMessaging
LogPluginManager: Mounting plugin ActorSequence
LogPluginManager: Mounting plugin LevelSequenceEditor
LogPluginManager: Mounting plugin MatineeToLevelSequence
LogPluginManager: Mounting plugin NetcodeUnitTest
LogPluginManager: Mounting plugin NUTUnrealEngine4
LogPluginManager: Mounting plugin OnlineSubsystemGooglePlay
LogPluginManager: Mounting plugin OnlineSubsystemIOS
LogPluginManager: Mounting plugin OnlineSubsystem
LogPluginManager: Mounting plugin OnlineSubsystemNull
LogPluginManager: Mounting plugin OnlineSubsystemUtils
LogPluginManager: Mounting plugin LauncherChunkInstaller
LogPluginManager: Mounting plugin AndroidDeviceProfileSelector
LogPluginManager: Mounting plugin AndroidMoviePlayer
LogPluginManager: Mounting plugin AndroidPermission
LogPluginManager: Mounting plugin AppleMoviePlayer
LogPluginManager: Mounting plugin ArchVisCharacter
LogPluginManager: Mounting plugin AudioCapture
LogPluginManager: Mounting plugin CableComponent
LogPluginManager: Mounting plugin CustomMeshComponent
LogPluginManager: Mounting plugin EditableMesh
LogPluginManager: Mounting plugin ExampleDeviceProfileSelector
LogPluginManager: Mounting plugin GoogleCloudMessaging
LogPluginManager: Mounting plugin ImmediatePhysics
LogPluginManager: Mounting plugin IOSDeviceProfileSelector
LogPluginManager: Mounting plugin LinuxDeviceProfileSelector
LogPluginManager: Mounting plugin LocationServicesBPLibrary
LogPluginManager: Mounting plugin MobilePatchingUtils
LogPluginManager: Mounting plugin OculusVR
LogPluginManager: Plugin shader directory ../../../Engine/Plugins/Runtime/Oculus/OculusVR/Shaders found
LogPluginManager: Mapping shader source directory ../../../Engine/Plugins/Runtime/Oculus/OculusVR/Shaders to virtual directory /Plugin/OculusVR
LogPluginManager: Mounting plugin PhysXVehicles
LogPluginManager: Mounting plugin ProceduralMeshComponent
LogPluginManager: Mounting plugin RuntimePhysXCooking
LogPluginManager: Mounting plugin SteamVR
LogPluginManager: Mounting plugin WindowsMoviePlayer
LogStreaming: Display: Took  0.096s to configure plugins.
LogInit: Using libcurl 7.55.1-DEV
LogInit:  - built for x86_64-pc-win32
LogInit:  - supports SSL with OpenSSL/1.0.2h
LogInit:  - supports HTTP deflate (compression) using libz 1.2.8
LogInit:  - other features:
LogInit:      CURL_VERSION_SSL
LogInit:      CURL_VERSION_LIBZ
LogInit:      CURL_VERSION_IPV6
LogInit:      CURL_VERSION_ASYNCHDNS
LogInit:      CURL_VERSION_LARGEFILE
LogInit:      CURL_VERSION_IDN
LogInit:  CurlRequestOptions (configurable via config and command line):
LogInit:  - bVerifyPeer = false  - Libcurl will NOT verify peer certificate
LogInit:  - bUseHttpProxy = false  - Libcurl will NOT use HTTP proxy
LogInit:  - bDontReuseConnections = false  - Libcurl will reuse connections
LogInit:  - CertBundlePath = nullptr  - Libcurl will use whatever was configured at build time.
LogInit:  - MaxHostConnections = 16  - Libcurl will limit the number of connections to a host
LogInit:  - LocalHostAddr = Default
LogInit:  - BufferSize = 65536
LogInit: WinSock: version 1.1 (2.2), MaxSocks=32767, MaxUdp=65467
LogInit: Build: ++UE4+Release-4.20-CL-4212847
LogInit: Engine Version: 4.20.0-4212847+++UE4+Release-4.20
LogInit: Compatible Engine Version: 4.20.0-4212847+++UE4+Release-4.20
LogInit: Net CL: 4212847
LogInit: OS: Windows 10 (), CPU:        Intel(R) Core(TM) i7-2600K CPU @ 3.40GHz, GPU: NVIDIA GeForce GTX 970
LogInit: Compiled (64-bit): Jul 14 2018 09:51:14
LogInit: Compiled with Visual C++: 19.13.26129.00
LogInit: Build Configuration: Development
LogInit: Branch Name: ++UE4+Release-4.20
LogInit: Command Line:  
LogInit: Base Directory: C:/Program Files/Epic Games/UE_4.20/Engine/Binaries/Win64/
LogInit: Installed Engine Build: 1
LogDevObjectVersion: Number of dev versions registered: 20
LogDevObjectVersion:   Dev-Blueprints (B0D832E4-1F89-4F0D-ACCF-7EB736FD4AA2): 10
LogDevObjectVersion:   Dev-Build (E1C64328-A22C-4D53-A36C-8E866417BD8C): 0
LogDevObjectVersion:   Dev-Core (375EC13C-06E4-48FB-B500-84F0262A717E): 2
LogDevObjectVersion:   Dev-Editor (E4B068ED-F494-42E9-A231-DA0B2E46BB41): 24
LogDevObjectVersion:   Dev-Framework (CFFC743F-43B0-4480-9391-14DF171D2073): 34
LogDevObjectVersion:   Dev-Mobile (B02B49B5-BB20-44E9-A304-32B752E40360): 2
LogDevObjectVersion:   Dev-Networking (A4E4105C-59A1-49B5-A7C5-40C4547EDFEE): 0
LogDevObjectVersion:   Dev-Online (39C831C9-5AE6-47DC-9A44-9C173E1C8E7C): 0
LogDevObjectVersion:   Dev-Physics (78F01B33-EBEA-4F98-B9B4-84EACCB95AA2): 0
LogDevObjectVersion:   Dev-Platform (6631380F-2D4D-43E0-8009-CF276956A95A): 0
LogDevObjectVersion:   Dev-Rendering (12F88B9F-8875-4AFC-A67C-D90C383ABD29): 26
LogDevObjectVersion:   Dev-Sequencer (7B5AE74C-D270-4C10-A958-57980B212A5A): 9
LogDevObjectVersion:   Dev-VR (D7296918-1DD6-4BDD-9DE2-64A83CC13884): 2
LogDevObjectVersion:   Dev-LoadTimes (C2A15278-BFE7-4AFE-6C17-90FF531DF755): 1
LogDevObjectVersion:   Private-Geometry (6EACA3D4-40EC-4CC1-B786-8BED09428FC5): 3
LogDevObjectVersion:   Dev-AnimPhys (29E575DD-E0A3-4627-9D10-D276232CDCEA): 17
LogDevObjectVersion:   Dev-ReflectionCapture (6B266CEC-1EC7-4B8F-A30B-E4D90942FC07): 1
LogDevObjectVersion:   Dev-Automation (0DF73D61-A23F-47EA-B727-89E90C41499A): 1
LogDevObjectVersion:   FortniteMain (601D1886-AC64-4F84-AA16-D3DE0DEAC7D6): 12
LogDevObjectVersion:   Dev-Enterprise (9DFFBCD6-494F-0158-E221-12823C92A888): 1
LogStreaming: Display: Took  0.002s to delete old logs.
LogInit: Presizing for max 8388607 objects, including 0 objects not considered by GC, pre-allocating 0 bytes for permanent pool.
LogInit: Object subsystem initialized
[2018.09.13-20.12.47:383][  0]LogInit: Selected Device Profile: [Windows]
[2018.09.13-20.12.47:383][  0]LogInit: Applying CVar settings loaded from the selected device profile: [Windows]
[2018.09.13-20.12.47:398][  0]LogHAL: Display: Platform has ~ 16 GB [17160146944 / 17179869184 / 16], which maps to Larger [LargestMinGB=32, LargerMinGB=12, DefaultMinGB=8, SmallerMinGB=6, SmallestMinGB=0)
[2018.09.13-20.12.47:398][  0]LogInit: Setting Device Profile CVar: [[r.Vulkan.UseRealUBs:1]]
[2018.09.13-20.12.47:398][  0]LogInit: Going up to parent DeviceProfile []
[2018.09.13-20.12.47:399][  0]LogInit: Computer: DESKTOP-45O6R3R
[2018.09.13-20.12.47:399][  0]LogInit: User: mikey
[2018.09.13-20.12.47:399][  0]LogInit: CPU Page size=4096, Cores=4
[2018.09.13-20.12.47:399][  0]LogInit: High frequency timer resolution =3.331194 MHz
[2018.09.13-20.12.47:399][  0]LogMemory: Memory total: Physical=16.0GB (16GB approx)
[2018.09.13-20.12.47:399][  0]LogMemory: Platform Memory Stats for Windows
[2018.09.13-20.12.47:399][  0]LogMemory: Process Physical Memory: 100.06 MB used, 100.06 MB peak
[2018.09.13-20.12.47:399][  0]LogMemory: Process Virtual Memory: 91.17 MB used, 91.17 MB peak
[2018.09.13-20.12.47:399][  0]LogMemory: Physical Memory: 5666.75 MB used,  10698.45 MB free, 16365.19 MB total
[2018.09.13-20.12.47:399][  0]LogMemory: Virtual Memory: 4640.43 MB used,  10698.45 MB free, 134217728.00 MB total
[2018.09.13-20.12.47:420][  0]LogInit: Using OS detected language (en-US).
[2018.09.13-20.12.47:420][  0]LogInit: Using OS detected locale (en-GB).
[2018.09.13-20.12.47:421][  0]LogTextLocalizationManager: No specific localization for 'en-US' exists, so the 'en' localization will be used.
[2018.09.13-20.12.47:839][  0]LogStreaming: Display: Took  0.419s to InitEngineTextLocalization.
[2018.09.13-20.12.47:839][  0]LogInit: Setting process to per monitor DPI aware
[2018.09.13-20.12.47:890][  0]LogSlate: New Slate User Created.  User Index 0, Is Virtual User: 0
[2018.09.13-20.12.47:890][  0]LogSlate: Slate User Registered.  User Index 0, Is Virtual User: 0
[2018.09.13-20.12.48:135][  0]LogHMD: Failed to initialize OpenVR with code 126
[2018.09.13-20.12.48:135][  0]LogD3D11RHI: D3D11 adapters:
[2018.09.13-20.12.48:193][  0]LogD3D11RHI:    0. 'NVIDIA GeForce GTX 970' (Feature Level 11_0)
[2018.09.13-20.12.48:193][  0]LogD3D11RHI:       4058/0/8182 MB DedicatedVideo/DedicatedSystem/SharedSystem, Outputs:3, VendorId:0x10de
[2018.09.13-20.12.48:196][  0]LogD3D11RHI:    1. 'Microsoft Basic Render Driver' (Feature Level 11_0)
[2018.09.13-20.12.48:196][  0]LogD3D11RHI:       0/0/8182 MB DedicatedVideo/DedicatedSystem/SharedSystem, Outputs:0, VendorId:0x1414
[2018.09.13-20.12.48:196][  0]LogD3D11RHI: Chosen D3D11 Adapter: 0
[2018.09.13-20.12.48:201][  0]LogD3D11RHI: Creating new Direct3DDevice
[2018.09.13-20.12.48:201][  0]LogD3D11RHI:     GPU DeviceId: 0x13c2 (for the marketing name, search the web for "GPU Device Id")
[2018.09.13-20.12.48:201][  0]LogWindows: EnumDisplayDevices:
[2018.09.13-20.12.48:202][  0]LogWindows:    0. 'NVIDIA GeForce GTX 970' (P:1 D:1)
[2018.09.13-20.12.48:202][  0]LogWindows:    1. 'NVIDIA GeForce GTX 970' (P:0 D:1)
[2018.09.13-20.12.48:202][  0]LogWindows:    2. 'NVIDIA GeForce GTX 970' (P:0 D:1)
[2018.09.13-20.12.48:202][  0]LogWindows:    3. 'NVIDIA GeForce GTX 970' (P:0 D:0)
[2018.09.13-20.12.48:203][  0]LogWindows: DebugString: FoundDriverCount:4 
[2018.09.13-20.12.48:203][  0]LogD3D11RHI:     Adapter Name: NVIDIA GeForce GTX 970
[2018.09.13-20.12.48:203][  0]LogD3D11RHI:   Driver Version: 388.13 (internal:23.21.13.8813, unified:388.13)
[2018.09.13-20.12.48:203][  0]LogD3D11RHI:      Driver Date: 10-27-2017
[2018.09.13-20.12.48:203][  0]LogRHI: Texture pool is 2840 MB (70% of 4058 MB)
[2018.09.13-20.12.48:245][  0]LogD3D11RHI: Async texture creation enabled
[2018.09.13-20.12.48:269][  0]LogD3D11RHI: GPU Timing Frequency: 1000.000000 (Debug: 2 1)
[2018.09.13-20.12.48:415][  0]LogShaderCompilers: Guid format shader working directory is 16 characters bigger than the processId version (E:/Unreal Projects/BeyondHuman/Intermediate/Shaders/WorkingDirectory/3824/).
[2018.09.13-20.12.48:415][  0]LogShaderCompilers: Cleaned the shader compiler working directory 'C:/Users/mikey/AppData/Local/Temp/UnrealShaderWorkingDir/57BE6F724B5EC40BE8E445AE0DDD8697/'.
[2018.09.13-20.12.48:738][  0]LogTemp: Display: Loaded TP AllDesktopTargetPlatform
[2018.09.13-20.12.48:753][  0]LogTemp: Display: Loaded TP MacClientTargetPlatform
[2018.09.13-20.12.48:768][  0]LogTemp: Display: Loaded TP MacNoEditorTargetPlatform
[2018.09.13-20.12.48:783][  0]LogTemp: Display: Loaded TP MacServerTargetPlatform
[2018.09.13-20.12.48:799][  0]LogTemp: Display: Loaded TP MacTargetPlatform
[2018.09.13-20.12.48:814][  0]LogTemp: Display: Loaded TP WindowsClientTargetPlatform
[2018.09.13-20.12.48:831][  0]LogTemp: Display: Loaded TP WindowsNoEditorTargetPlatform
[2018.09.13-20.12.48:846][  0]LogTemp: Display: Loaded TP WindowsServerTargetPlatform
[2018.09.13-20.12.48:853][  0]LogTemp: Display: Loaded TP WindowsTargetPlatform
[2018.09.13-20.12.48:943][  0]LogTemp: Display: Loaded TP AndroidTargetPlatform
[2018.09.13-20.12.48:943][  0]LogTemp: Display: Loaded TP AndroidTargetPlatform
[2018.09.13-20.12.48:943][  0]LogTemp: Display: Loaded TP AndroidTargetPlatform
[2018.09.13-20.12.48:943][  0]LogTemp: Display: Loaded TP AndroidTargetPlatform
[2018.09.13-20.12.48:943][  0]LogTemp: Display: Loaded TP AndroidTargetPlatform
[2018.09.13-20.12.48:943][  0]LogTemp: Display: Loaded TP AndroidTargetPlatform
[2018.09.13-20.12.48:943][  0]LogTemp: Display: Loaded TP AndroidTargetPlatform
[2018.09.13-20.12.48:943][  0]LogTemp: Display: Loaded TP AndroidTargetPlatform
[2018.09.13-20.12.48:943][  0]LogTemp: Display: Loaded TP AndroidTargetPlatform
[2018.09.13-20.12.48:943][  0]LogTemp: Display: Loaded TP AndroidTargetPlatform
[2018.09.13-20.12.48:943][  0]LogTemp: Display: Loaded TP AndroidTargetPlatform
[2018.09.13-20.12.48:943][  0]LogTemp: Display: Loaded TP AndroidTargetPlatform
[2018.09.13-20.12.48:943][  0]LogTemp: Display: Loaded TP AndroidTargetPlatform
[2018.09.13-20.12.48:943][  0]LogTemp: Display: Loaded TP AndroidTargetPlatform
[2018.09.13-20.12.48:943][  0]LogTemp: Display: Loaded TP AndroidTargetPlatform
[2018.09.13-20.12.48:943][  0]LogTemp: Display: Loaded TP AndroidTargetPlatform
[2018.09.13-20.12.48:943][  0]LogTemp: Display: Loaded TP AndroidTargetPlatform
[2018.09.13-20.12.48:943][  0]LogTemp: Display: Loaded TP AndroidTargetPlatform
[2018.09.13-20.12.48:944][  0]LogTemp: Display: Loaded TP HTML5TargetPlatform
[2018.09.13-20.12.49:009][  0]LogTemp: Display: Loaded TP IOSTargetPlatform
[2018.09.13-20.12.49:009][  0]LogTemp: Display: Loaded TP IOSTargetPlatform
[2018.09.13-20.12.49:036][  0]LogTemp: Display: Loaded TP TVOSTargetPlatform
[2018.09.13-20.12.49:036][  0]LogTemp: Display: Loaded TP TVOSTargetPlatform
[2018.09.13-20.12.49:052][  0]LogTemp: Display: Loaded TP LinuxClientTargetPlatform
[2018.09.13-20.12.49:066][  0]LogTemp: Display: Loaded TP LinuxNoEditorTargetPlatform
[2018.09.13-20.12.49:081][  0]LogTemp: Display: Loaded TP LinuxServerTargetPlatform
[2018.09.13-20.12.49:103][  0]LogTemp: Display: Loaded TP LinuxTargetPlatform
[2018.09.13-20.12.49:115][  0]LogTemp: Display: Loaded TP LuminTargetPlatform
[2018.09.13-20.12.49:115][  0]LogTargetPlatformManager: Display: Building Assets For Windows
[2018.09.13-20.12.49:181][  0]LogXGEController: Cleaning working directory: C:/Users/mikey/AppData/Local/Temp/UnrealXGEWorkingDir/
[2018.09.13-20.12.49:182][  0]LogXGEController: Cannot use XGE Controller as Incredibuild is not installed on this machine.
[2018.09.13-20.12.49:182][  0]LogShaderCompilers: Cannot use XGE Shader Compiler as Incredibuild is not installed on this machine.
[2018.09.13-20.12.49:182][  0]LogShaderCompilers: Display: Using Local Shader Compiler.
[2018.09.13-20.12.50:108][  0]LogDerivedDataCache: Display: Max Cache Size: 512 MB
[2018.09.13-20.12.50:174][  0]LogDerivedDataCache: Loaded boot cache 0.07s 71MB C:/Users/mikey/AppData/Local/UnrealEngine/4.20/DerivedDataCache/Boot.ddc.
[2018.09.13-20.12.50:175][  0]LogDerivedDataCache: Display: Loaded Boot cache: C:/Users/mikey/AppData/Local/UnrealEngine/4.20/DerivedDataCache/Boot.ddc
[2018.09.13-20.12.50:175][  0]LogDerivedDataCache: FDerivedDataBackendGraph:  Pak pak cache file E:/Unreal Projects/BeyondHuman/DerivedDataCache/DDC.ddp not found, will not use a pak cache.
[2018.09.13-20.12.50:175][  0]LogDerivedDataCache: Unable to find inner node Pak for hierarchical cache Hierarchy.
[2018.09.13-20.12.50:175][  0]LogDerivedDataCache: FDerivedDataBackendGraph:  CompressedPak pak cache file E:/Unreal Projects/BeyondHuman/DerivedDataCache/Compressed.ddp not found, will not use a pak cache.
[2018.09.13-20.12.50:175][  0]LogDerivedDataCache: Unable to find inner node CompressedPak for hierarchical cache Hierarchy.
[2018.09.13-20.12.50:190][  0]LogDerivedDataCache: Display: Pak cache opened for reading ../../../Engine/DerivedDataCache/Compressed.ddp.
[2018.09.13-20.12.50:203][  0]LogDerivedDataCache: Using Local data cache path C:/Users/mikey/AppData/Local/UnrealEngine/Common/DerivedDataCache: Writable
[2018.09.13-20.12.50:203][  0]LogDerivedDataCache: Shared data cache path not found in *engine.ini, will not use an Shared cache.
[2018.09.13-20.12.50:203][  0]LogDerivedDataCache: Unable to find inner node Shared for hierarchical cache Hierarchy.
[2018.09.13-20.12.50:229][  0]LogMaterial: Verifying Global Shaders for PCD3D_SM5
[2018.09.13-20.12.50:231][  0]LogSlate: Using FreeType 2.6.0
[2018.09.13-20.12.50:231][  0]LogSlate: SlateFontServices - WITH_FREETYPE: 1, WITH_HARFBUZZ: 1
[2018.09.13-20.12.50:314][  0]LogAssetRegistry: FAssetRegistry took 0.0270 seconds to start up
[2018.09.13-20.12.50:735][  0]LogInit: Selected Device Profile: [Windows]
[2018.09.13-20.12.50:896][  0]LogSimplygon: Simplygon DLL not present - disabling.
[2018.09.13-20.12.50:900][  0]LogMeshReduction: Using SimplygonSwarm for distributed automatic mesh merging
[2018.09.13-20.12.50:900][  0]LogMeshReduction: Using ProxyLODMeshReduction for automatic mesh merging
[2018.09.13-20.12.50:900][  0]LogMeshReduction: Using QuadricMeshReduction for automatic static mesh reduction
[2018.09.13-20.12.50:900][  0]LogMeshReduction: No automatic skeletal mesh reduction module available
[2018.09.13-20.12.50:930][  0]LogNetVersion: BeyondHuman 1.0.0, NetCL: 4212847, EngineNetVer: 5, GameNetVer: 0 (Checksum: 671501493)
[2018.09.13-20.12.51:488][  0]LogPackageLocalizationCache: Processed 11 localized package path(s) for 2 prioritized culture(s) in 0.100302 seconds
[2018.09.13-20.12.51:495][  0]LogUObjectArray: 38425 objects as part of root set at end of initial load.
[2018.09.13-20.12.51:495][  0]LogUObjectAllocator: 6690864 out of 0 bytes used by permanent object pool.
[2018.09.13-20.12.51:495][  0]LogUObjectArray: CloseDisregardForGC: 0/0 objects in disregard for GC pool
[2018.09.13-20.12.52:474][  0]LogSubstanceCoreModule: Substance [CPU] Engine Loaded, Max Texture Size = 2048
[2018.09.13-20.12.52:478][  0]LogTcpMessaging: Initializing TcpMessaging bridge
[2018.09.13-20.12.52:491][  0]LogUdpMessaging: Initializing bridge on interface 0.0.0.0:0 to multicast group 230.0.0.1:6666.
[2018.09.13-20.12.52:644][  0]SourceControl: Source control is disabled
[2018.09.13-20.12.52:644][  0]SourceControl: Source control is disabled
[2018.09.13-20.12.52:646][  0]SourceControl: Source control is disabled
[2018.09.13-20.12.52:647][  0]SourceControl: Source control is disabled
[2018.09.13-20.12.52:826][  0]LogAndroidPermission: UAndroidPermissionCallbackProxy::GetInstance
[2018.09.13-20.12.52:956][  0]LogOcInput: OculusInput pre-init called
[2018.09.13-20.12.53:111][  0]LogEngine: Initializing Engine...
[2018.09.13-20.12.53:139][  0]LogHMD: Failed to initialize OpenVR with code 126
[2018.09.13-20.12.53:141][  0]LogStats: UGameplayTagsManager::ConstructGameplayTagTree: ImportINI prefixes -  0.000 s
[2018.09.13-20.12.53:141][  0]LogStats: UGameplayTagsManager::ConstructGameplayTagTree: Construct from data asset -  0.000 s
[2018.09.13-20.12.53:141][  0]LogStats: UGameplayTagsManager::ConstructGameplayTagTree: ImportINI -  0.000 s
[2018.09.13-20.12.53:141][  0]LogStats: UGameplayTagsManager::ConstructGameplayTagTree: GameplayTagTreeChangedEvent.Broadcast -  0.000 s
[2018.09.13-20.12.53:390][  0]LogInit: Initializing FReadOnlyCVARCache
[2018.09.13-20.12.53:421][  0]LogAIModule: Creating AISystem for world Untitled
[2018.09.13-20.12.53:468][  0]LogInit: XAudio2 using 'Speakers (High Definition Audio Device)' : 2 channels at 44.1 kHz using 16 bits per sample (channel mask 0x3)
[2018.09.13-20.12.53:486][  0]LogInit: FAudioDevice initialized.
[2018.09.13-20.12.53:486][  0]LogNetVersion: Set ProjectVersion to 1.0.0.0. Version Checksum will be recalculated on next use.
[2018.09.13-20.12.53:571][  0]LogDerivedDataCache: Saved boot cache 0.08s 71MB C:/Users/mikey/AppData/Local/UnrealEngine/4.20/DerivedDataCache/Boot.ddc.
[2018.09.13-20.12.53:571][  0]LogInit: Texture streaming: Enabled
[2018.09.13-20.12.53:594][  0]LogEngineSessionManager: EngineSessionManager initialized
[2018.09.13-20.12.53:594][  0]LogEngineSessionManager: EngineSessionManager sent abnormal shutdown report. Type=Crashed, SessionId={0CD96D4C-4A15-1150-5802-C5AE3E2E5AC0}
[2018.09.13-20.12.53:609][  0]LogInit: Transaction tracking system initialized
[2018.09.13-20.12.53:635][  0]BlueprintLog: New page: Editor Load
[2018.09.13-20.12.53:721][  0]LocalizationService: Localization service is disabled
[2018.09.13-20.12.53:995][  0]LogCook: Display: Max memory allowance for cook 16384mb min free memory 0mb
[2018.09.13-20.12.53:995][  0]LogCook: Display: Mobile HDR setting 1
[2018.09.13-20.12.53:995][  0]LogGameplayTags: Display: UGameplayTagsManager::DoneAddingNativeTags. DelegateIsBound: 0
[2018.09.13-20.12.53:995][  0]LogStats: UGameplayTagsManager::ConstructGameplayTagTree: ImportINI prefixes -  0.000 s
[2018.09.13-20.12.53:995][  0]LogStats: UGameplayTagsManager::ConstructGameplayTagTree: Construct from data asset -  0.000 s
[2018.09.13-20.12.53:995][  0]LogStats: UGameplayTagsManager::ConstructGameplayTagTree: ImportINI -  0.000 s
[2018.09.13-20.12.53:995][  0]LogStats: UGameplayTagsManager::ConstructGameplayTagTree: GameplayTagTreeChangedEvent.Broadcast -  0.000 s
[2018.09.13-20.12.54:146][  0]LogFileCache: Scanning file cache for directory 'E:/Unreal Projects/BeyondHuman/Content/' took 0.01s
[2018.09.13-20.12.54:147][  0]SourceControl: Source control is disabled
[2018.09.13-20.12.54:147][  0]Cmd: MAP LOAD FILE="E:/Unreal Projects/BeyondHuman/Content/Maps/Meshing.umap" TEMPLATE=0 SHOWPROGRESS=1 FEATURELEVEL=3
[2018.09.13-20.12.54:147][  0]LightingResults: New page: Lighting Build
[2018.09.13-20.12.54:150][  0]MapCheck: New page: Map Check
[2018.09.13-20.12.54:150][  0]LightingResults: New page: Lighting Build
[2018.09.13-20.12.58:712][  0]LogAIModule: Creating AISystem for world Meshing
[2018.09.13-20.12.58:828][  0]LogEditorServer: Finished looking for orphan Actors (0.000 secs)
[2018.09.13-20.12.58:863][  0]Cmd: MAP CHECKDEP NOCLEARLOG
[2018.09.13-20.12.59:079][  0]MapCheck: Map check complete: 0 Error(s), 0 Warning(s), took 215.918ms to complete.
[2018.09.13-20.12.59:079][  0]LogFileHelpers: Loading map 'Meshing' took 4.932
[2018.09.13-20.12.59:221][  0]LogSlate: Updating window title bar state: overlay mode, drag disabled, window buttons hidden, title bar hidden
[2018.09.13-20.12.59:230][  0]LogSlate: Updating window title bar state: overlay mode, drag disabled, window buttons hidden, title bar hidden
[2018.09.13-20.12.59:239][  0]LogSlate: Updating window title bar state: overlay mode, drag disabled, window buttons hidden, title bar hidden
[2018.09.13-20.12.59:249][  0]LogSlate: Updating window title bar state: overlay mode, drag disabled, window buttons hidden, title bar hidden
[2018.09.13-20.12.59:257][  0]LogCollectionManager: Loaded 0 collections in 0.001601 seconds
[2018.09.13-20.12.59:312][  0]LogFileCache: Scanning file cache for directory 'E:/Unreal Projects/BeyondHuman/Saved/Collections/' took 0.01s
[2018.09.13-20.12.59:312][  0]LogFileCache: Scanning file cache for directory 'E:/Unreal Projects/BeyondHuman/Content/Developers/mikey/Collections/' took 0.01s
[2018.09.13-20.12.59:312][  0]LogFileCache: Scanning file cache for directory 'E:/Unreal Projects/BeyondHuman/Content/Collections/' took 0.01s
[2018.09.13-20.12.59:312][  0]LogCollectionManager: Rebuilt the GUID cache for 0 collections in 0.000001 seconds
[2018.09.13-20.12.59:324][  0]LogContentBrowser: Native class hierarchy populated in 0.0117 seconds. Added 2586 classes and 609 folders.
[2018.09.13-20.12.59:331][  0]LogContentBrowser: Native class hierarchy updated for 'WidgetCarousel' in 0.0003 seconds. Added 0 classes and 0 folders.
[2018.09.13-20.12.59:389][  0]LogContentBrowser: Native class hierarchy updated for 'AddContentDialog' in 0.0003 seconds. Added 0 classes and 0 folders.
[2018.09.13-20.12.59:394][  0]LogContentBrowser: Native class hierarchy updated for 'SceneOutliner' in 0.0003 seconds. Added 1 classes and 2 folders.
[2018.09.13-20.12.59:415][  0]LogSlate: Took 0.000235 seconds to synchronously load lazily loaded font '../../../Engine/Content/Slate/Fonts/Roboto-Regular.ttf' (155K)
[2018.09.13-20.12.59:417][  0]LogSlate: Took 0.000254 seconds to synchronously load lazily loaded font '../../../Engine/Content/Slate/Fonts/Roboto-Bold.ttf' (160K)
[2018.09.13-20.12.59:426][  0]LogSlate: Took 0.000250 seconds to synchronously load lazily loaded font '../../../Engine/Content/Editor/Slate/Fonts/FontAwesome.ttf' (139K)
[2018.09.13-20.12.59:533][  0]LogRenderer: Reallocating scene render targets to support 1236x592 Format 10 NumSamples 1 (Frame:1).
[2018.09.13-20.12.59:949][  0]LogContentBrowser: Native class hierarchy updated for 'HierarchicalLODOutliner' in 0.0003 seconds. Added 0 classes and 0 folders.
[2018.09.13-20.12.59:949][  0]LogLoad: (Engine Initialization) Total time: 14.32 seconds
[2018.09.13-20.12.59:949][  0]LogLoad: (Engine Initialization) Total Blueprint compile time: 0.00 seconds
[2018.09.13-20.12.59:960][  0]LogWindowsTextInputMethodSystem: Display: IME system now deactivated.
[2018.09.13-20.12.59:981][  0]LogContentStreaming: Texture pool size now 3000 MB
[2018.09.13-20.13.00:059][  0]LogRenderer: Reallocating scene render targets to support 1236x608 Format 10 NumSamples 1 (Frame:3).
[2018.09.13-20.13.00:059][  0]LogSlate: Took 0.000193 seconds to synchronously load lazily loaded font '../../../Engine/Content/Slate/Fonts/Roboto-Light.ttf' (167K)
[2018.09.13-20.13.00:095][  1]LogSubstanceLiveLink: Warning: Unable to send data along socket, closing connection
[2018.09.13-20.13.00:329][  2]LogAssetRegistry: Asset discovery search completed in 10.0387 seconds
[2018.09.13-20.13.00:333][  2]LogCollectionManager: Rebuilt the object cache for 0 collections in 0.000001 seconds (found 0 objects)
[2018.09.13-20.13.00:333][  2]LogCollectionManager: Fixed up redirectors for 0 collections in 0.000100 seconds (updated 0 objects)
[2018.09.13-20.13.01:062][ 14]LogSlate: Took 0.000221 seconds to synchronously load lazily loaded font '../../../Engine/Content/Slate/Fonts/Roboto-Light.ttf' (167K)
[2018.09.13-20.13.07:761][336]LogSlate: FSceneViewport::OnFocusLost() reason 0
[2018.09.13-20.13.23:047][232]LogSlate: FSceneViewport::OnFocusLost() reason 0
[2018.09.13-20.13.23:854][301]LogMaterial: Warning: Material /Game/Substance/BeePatternPlastic/Bees_Pattern_Plastic_White_MAT.Bees_Pattern_Plastic_White_MAT needed to have new flag set bUsedWithStaticLighting !
[2018.09.13-20.13.23:857][301]LogMaterial: Display: Missing cached shader map for material Bees_Pattern_Plastic_White_MAT, compiling. 
[2018.09.13-20.13.23:942][301]LogShaderCompilers: Display: Shaders left to compile 31
[2018.09.13-20.13.23:942][301]LogShaderCompilers: Display: Shaders left to compile 21
[2018.09.13-20.13.23:942][301]LogShaderCompilers: Display: Shaders left to compile 11
[2018.09.13-20.13.23:942][301]LogShaderCompilers: Display: Shaders left to compile 1
[2018.09.13-20.13.30:014][576]LogSlate: FSceneViewport::OnFocusLost() reason 0
[2018.09.13-20.13.31:014][579]LogSlate: Window 'Save Content' being destroyed
[2018.09.13-20.13.31:275][579]Cmd: OBJ SAVEPACKAGE PACKAGE="/Game/Maps/Meshing" FILE="E:/Unreal Projects/BeyondHuman/Content/Maps/Meshing.umap" SILENT=true AUTOSAVING=false KEEPDIRTY=false
[2018.09.13-20.13.31:900][579]LogSavePackage: Moving 'E:/Unreal Projects/BeyondHuman/Saved/MeshingFB02C36843C6EADBF1E1EDAA5F19C914.tmp' to 'E:/Unreal Projects/BeyondHuman/Content/Maps/Meshing.umap'
[2018.09.13-20.13.31:922][579]LogFileHelpers: Saving map 'Meshing' took 0.866
[2018.09.13-20.13.31:973][579]LogSavePackage: Moving 'E:/Unreal Projects/BeyondHuman/Saved/Bees_Pattern_Plastic_White_MAT773FAADB4511A9EA07D2B4B52B35F299.tmp' to 'E:/Unreal Projects/BeyondHuman/Content/Substance/BeePatternPlastic/Bees_Pattern_Plastic_White_MAT.uasset'
[2018.09.13-20.13.34:704][714]LogAssetEditorManager: Opening Asset editor for SubstanceGraphInstance /Game/Substance/BeePatternPlastic/Bees_Pattern_Plastic_Blue_INST.Bees_Pattern_Plastic_Blue_INST
[2018.09.13-20.14.12:633][222]LogSlate: Window 'Color Picker' being destroyed
[2018.09.13-20.14.13:953][277]LogSavePackage: Moving 'E:/Unreal Projects/BeyondHuman/Saved/Bees_Pattern_Plastic_Blue_INST2C91D41A41DE96188E99BDA95E522D6D.tmp' to 'E:/Unreal Projects/BeyondHuman/Content/Substance/BeePatternPlastic/Bees_Pattern_Plastic_Blue_INST.uasset'
[2018.09.13-20.14.24:737][734]LogSlate: FSceneViewport::OnFocusLost() reason 0
[2018.09.13-20.14.46:739][561]LogSlate: FSceneViewport::OnFocusLost() reason 0
[2018.09.13-20.14.47:722][565]LogSlate: Window 'Save Content' being destroyed
[2018.09.13-20.14.47:983][565]Cmd: OBJ SAVEPACKAGE PACKAGE="/Game/Maps/Meshing" FILE="E:/Unreal Projects/BeyondHuman/Content/Maps/Meshing.umap" SILENT=true AUTOSAVING=false KEEPDIRTY=false
[2018.09.13-20.14.48:629][565]LogSavePackage: Moving 'E:/Unreal Projects/BeyondHuman/Saved/Meshing384DAF6B41C92ADFF3D8C3B379CB8027.tmp' to 'E:/Unreal Projects/BeyondHuman/Content/Maps/Meshing.umap'
[2018.09.13-20.14.48:650][565]LogFileHelpers: Saving map 'Meshing' took 0.891
[2018.09.13-20.14.48:682][565]LogSavePackage: Moving 'E:/Unreal Projects/BeyondHuman/Saved/Bees_Pattern_Plastic_Blue_INST_b513D824F48D84543F5FD33A035EF21E5.tmp' to 'E:/Unreal Projects/BeyondHuman/Content/Substance/BeePatternPlastic/Bees_Pattern_Plastic_Blue_INST_basecolor.uasset'
[2018.09.13-20.14.48:723][565]LogSavePackage: Moving 'E:/Unreal Projects/BeyondHuman/Saved/Bees_Pattern_Plastic_Blue_INST_s8558848C487444DC4C173C96F47E6957.tmp' to 'E:/Unreal Projects/BeyondHuman/Content/Substance/BeePatternPlastic/Bees_Pattern_Plastic_Blue_INST_specular.uasset'
[2018.09.13-20.14.53:787][756]LogRenderer: Reallocating scene render targets to support 1236x612 Format 10 NumSamples 1 (Frame:3714).
[2018.09.13-20.14.58:372][857]LogAssetEditorManager: Opening Asset editor for SubstanceGraphInstance /Game/Substance/BeePatternPlastic/Bees_Pattern_Plastic_Orange_INST.Bees_Pattern_Plastic_Orange_INST
[2018.09.13-20.15.13:316][402]LogThreadingWindows: Error: Runnable thread RenderThread 10 crashed.
[2018.09.13-20.15.13:316][402]LogWindows: Error: === Critical error: ===
[2018.09.13-20.15.13:316][402]LogWindows: Error: 
[2018.09.13-20.15.13:316][402]LogWindows: Error: Assertion failed: (GIsCriticalError || !NumMarks) [File:D:\Build\++UE4\Sync\Engine\Source\Runtime\Core\Public\Misc/MemStack.h] [Line: 89] 
[2018.09.13-20.15.13:316][402]LogWindows: Error: 
[2018.09.13-20.15.13:316][402]LogWindows: Error: 
[2018.09.13-20.15.13:316][402]LogWindows: Error: 
[2018.09.13-20.15.13:316][402]LogWindows: Error: 
[2018.09.13-20.15.13:316][402]LogWindows: Error: Crash in runnable thread RenderThread 10
[2018.09.13-20.15.13:323][402]LogWindows: Windows GetLastError: The operation completed successfully. (0)
[2018.09.13-20.15.13:323][402]LogWindows: Error: HandleError re-entered.
[2018.09.13-20.15.13:323][402]LogWindows: FPlatformMisc::RequestExit(1)
[2018.09.13-20.15.13:334][402]Log file closed, 09/13/18 21:15:13
