Log file open, 09/11/18 21:58:02
LogWindows: Failed to load 'aqProf.dll' (GetLastError=126)
LogWindows: File 'aqProf.dll' does not exist
LogWindows: Failed to load 'VtuneApi.dll' (GetLastError=126)
LogWindows: File 'VtuneApi.dll' does not exist
LogWindows: Failed to load 'VtuneApi32e.dll' (GetLastError=126)
LogWindows: File 'VtuneApi32e.dll' does not exist
LogInit: Display: Running engine for game: BeyondHuman
LogPlatformFile: Not using cached read wrapper
LogTaskGraph: Started task graph with 5 named threads and 23 total threads with 3 sets of task threads.
LogStats: Stats thread started at 0.297839
LogD3D11RHI: Loaded GFSDK_Aftermath_Lib.x64.dll
LogICUInternationalization: Display: ICU TimeZone Detection - Raw Offset: +0:00, Platform Override: ''
LogPluginManager: Mounting plugin Paper2D
LogPluginManager: Mounting plugin AISupport
LogPluginManager: Mounting plugin LightPropagationVolume
LogPluginManager: Mounting plugin CLionSourceCodeAccess
LogPluginManager: Mounting plugin CodeLiteSourceCodeAccess
LogPluginManager: Mounting plugin GitSourceControl
LogPluginManager: Mounting plugin KDevelopSourceCodeAccess
LogPluginManager: Mounting plugin NullSourceCodeAccess
LogPluginManager: Mounting plugin PerforceSourceControl
LogPluginManager: Mounting plugin SubversionSourceControl
LogPluginManager: Mounting plugin UObjectPlugin
LogPluginManager: Mounting plugin VisualStudioCodeSourceCodeAccess
LogPluginManager: Mounting plugin VisualStudioSourceCodeAccess
LogPluginManager: Mounting plugin XCodeSourceCodeAccess
LogPluginManager: Mounting plugin AssetManagerEditor
LogPluginManager: Mounting plugin CryptoKeys
LogPluginManager: Mounting plugin DataValidation
LogPluginManager: Mounting plugin FacialAnimation
LogPluginManager: Mounting plugin GameplayTagsEditor
LogPluginManager: Mounting plugin MacGraphicsSwitching
LogPluginManager: Mounting plugin MeshEditor
LogPluginManager: Mounting plugin MobileLauncherProfileWizard
LogPluginManager: Mounting plugin PluginBrowser
LogPluginManager: Mounting plugin SpeedTreeImporter
LogPluginManager: Mounting plugin DatasmithContent
LogPluginManager: Mounting plugin AlembicImporter
LogPluginManager: Mounting plugin AppleImageUtils
LogPluginManager: Mounting plugin AppleVision
LogPluginManager: Mounting plugin BackChannel
LogPluginManager: Mounting plugin CharacterAI
LogPluginManager: Mounting plugin GeometryCache
LogPluginManager: Mounting plugin HTML5Networking
LogPluginManager: Mounting plugin ProxyLODPlugin
LogPluginManager: Mounting plugin MagicLeap
LogPluginManager: Mounting plugin MagicLeapEmulator
LogPluginManager: Mounting plugin MagicLeapMedia
LogPluginManager: Mounting plugin Substance
LogPluginManager: Mounting plugin AndroidMedia
LogPluginManager: Mounting plugin AvfMedia
LogPluginManager: Mounting plugin ImgMedia
LogPluginManager: Mounting plugin LinearTimecode
LogPluginManager: Mounting plugin MediaCompositing
LogPluginManager: Mounting plugin MediaPlayerEditor
LogPluginManager: Mounting plugin WmfMedia
LogPluginManager: Mounting plugin TcpMessaging
LogPluginManager: Mounting plugin UdpMessaging
LogPluginManager: Mounting plugin ActorSequence
LogPluginManager: Mounting plugin LevelSequenceEditor
LogPluginManager: Mounting plugin MatineeToLevelSequence
LogPluginManager: Mounting plugin NetcodeUnitTest
LogPluginManager: Mounting plugin NUTUnrealEngine4
LogPluginManager: Mounting plugin OnlineSubsystemGooglePlay
LogPluginManager: Mounting plugin OnlineSubsystemIOS
LogPluginManager: Mounting plugin OnlineSubsystem
LogPluginManager: Mounting plugin OnlineSubsystemNull
LogPluginManager: Mounting plugin OnlineSubsystemUtils
LogPluginManager: Mounting plugin LauncherChunkInstaller
LogPluginManager: Mounting plugin AndroidDeviceProfileSelector
LogPluginManager: Mounting plugin AndroidMoviePlayer
LogPluginManager: Mounting plugin AndroidPermission
LogPluginManager: Mounting plugin AppleMoviePlayer
LogPluginManager: Mounting plugin ArchVisCharacter
LogPluginManager: Mounting plugin AudioCapture
LogPluginManager: Mounting plugin CableComponent
LogPluginManager: Mounting plugin CustomMeshComponent
LogPluginManager: Mounting plugin EditableMesh
LogPluginManager: Mounting plugin ExampleDeviceProfileSelector
LogPluginManager: Mounting plugin GoogleCloudMessaging
LogPluginManager: Mounting plugin ImmediatePhysics
LogPluginManager: Mounting plugin IOSDeviceProfileSelector
LogPluginManager: Mounting plugin LinuxDeviceProfileSelector
LogPluginManager: Mounting plugin LocationServicesBPLibrary
LogPluginManager: Mounting plugin MobilePatchingUtils
LogPluginManager: Mounting plugin OculusVR
LogPluginManager: Plugin shader directory ../../../Engine/Plugins/Runtime/Oculus/OculusVR/Shaders found
LogPluginManager: Mapping shader source directory ../../../Engine/Plugins/Runtime/Oculus/OculusVR/Shaders to virtual directory /Plugin/OculusVR
LogPluginManager: Mounting plugin PhysXVehicles
LogPluginManager: Mounting plugin ProceduralMeshComponent
LogPluginManager: Mounting plugin RuntimePhysXCooking
LogPluginManager: Mounting plugin SteamVR
LogPluginManager: Mounting plugin WindowsMoviePlayer
LogStreaming: Display: Took  0.099s to configure plugins.
LogInit: Using libcurl 7.55.1-DEV
LogInit:  - built for x86_64-pc-win32
LogInit:  - supports SSL with OpenSSL/1.0.2h
LogInit:  - supports HTTP deflate (compression) using libz 1.2.8
LogInit:  - other features:
LogInit:      CURL_VERSION_SSL
LogInit:      CURL_VERSION_LIBZ
LogInit:      CURL_VERSION_IPV6
LogInit:      CURL_VERSION_ASYNCHDNS
LogInit:      CURL_VERSION_LARGEFILE
LogInit:      CURL_VERSION_IDN
LogInit:  CurlRequestOptions (configurable via config and command line):
LogInit:  - bVerifyPeer = false  - Libcurl will NOT verify peer certificate
LogInit:  - bUseHttpProxy = false  - Libcurl will NOT use HTTP proxy
LogInit:  - bDontReuseConnections = false  - Libcurl will reuse connections
LogInit:  - CertBundlePath = nullptr  - Libcurl will use whatever was configured at build time.
LogInit:  - MaxHostConnections = 16  - Libcurl will limit the number of connections to a host
LogInit:  - LocalHostAddr = Default
LogInit:  - BufferSize = 65536
LogInit: WinSock: version 1.1 (2.2), MaxSocks=32767, MaxUdp=65467
LogInit: Build: ++UE4+Release-4.20-CL-4212847
LogInit: Engine Version: 4.20.0-4212847+++UE4+Release-4.20
LogInit: Compatible Engine Version: 4.20.0-4212847+++UE4+Release-4.20
LogInit: Net CL: 4212847
LogInit: OS: Windows 10 (), CPU:        Intel(R) Core(TM) i7-2600K CPU @ 3.40GHz, GPU: NVIDIA GeForce GTX 970
LogInit: Compiled (64-bit): Jul 14 2018 09:51:14
LogInit: Compiled with Visual C++: 19.13.26129.00
LogInit: Build Configuration: Development
LogInit: Branch Name: ++UE4+Release-4.20
LogInit: Command Line:  
LogInit: Base Directory: C:/Program Files/Epic Games/UE_4.20/Engine/Binaries/Win64/
LogInit: Installed Engine Build: 1
LogDevObjectVersion: Number of dev versions registered: 20
LogDevObjectVersion:   Dev-Blueprints (B0D832E4-1F89-4F0D-ACCF-7EB736FD4AA2): 10
LogDevObjectVersion:   Dev-Build (E1C64328-A22C-4D53-A36C-8E866417BD8C): 0
LogDevObjectVersion:   Dev-Core (375EC13C-06E4-48FB-B500-84F0262A717E): 2
LogDevObjectVersion:   Dev-Editor (E4B068ED-F494-42E9-A231-DA0B2E46BB41): 24
LogDevObjectVersion:   Dev-Framework (CFFC743F-43B0-4480-9391-14DF171D2073): 34
LogDevObjectVersion:   Dev-Mobile (B02B49B5-BB20-44E9-A304-32B752E40360): 2
LogDevObjectVersion:   Dev-Networking (A4E4105C-59A1-49B5-A7C5-40C4547EDFEE): 0
LogDevObjectVersion:   Dev-Online (39C831C9-5AE6-47DC-9A44-9C173E1C8E7C): 0
LogDevObjectVersion:   Dev-Physics (78F01B33-EBEA-4F98-B9B4-84EACCB95AA2): 0
LogDevObjectVersion:   Dev-Platform (6631380F-2D4D-43E0-8009-CF276956A95A): 0
LogDevObjectVersion:   Dev-Rendering (12F88B9F-8875-4AFC-A67C-D90C383ABD29): 26
LogDevObjectVersion:   Dev-Sequencer (7B5AE74C-D270-4C10-A958-57980B212A5A): 9
LogDevObjectVersion:   Dev-VR (D7296918-1DD6-4BDD-9DE2-64A83CC13884): 2
LogDevObjectVersion:   Dev-LoadTimes (C2A15278-BFE7-4AFE-6C17-90FF531DF755): 1
LogDevObjectVersion:   Private-Geometry (6EACA3D4-40EC-4CC1-B786-8BED09428FC5): 3
LogDevObjectVersion:   Dev-AnimPhys (29E575DD-E0A3-4627-9D10-D276232CDCEA): 17
LogDevObjectVersion:   Dev-ReflectionCapture (6B266CEC-1EC7-4B8F-A30B-E4D90942FC07): 1
LogDevObjectVersion:   Dev-Automation (0DF73D61-A23F-47EA-B727-89E90C41499A): 1
LogDevObjectVersion:   FortniteMain (601D1886-AC64-4F84-AA16-D3DE0DEAC7D6): 12
LogDevObjectVersion:   Dev-Enterprise (9DFFBCD6-494F-0158-E221-12823C92A888): 1
LogStreaming: Display: Took  0.001s to delete old logs.
LogInit: Presizing for max 8388607 objects, including 0 objects not considered by GC, pre-allocating 0 bytes for permanent pool.
LogInit: Object subsystem initialized
[2018.09.11-20.58.02:537][  0]LogInit: Selected Device Profile: [Windows]
[2018.09.11-20.58.02:537][  0]LogInit: Applying CVar settings loaded from the selected device profile: [Windows]
[2018.09.11-20.58.02:553][  0]LogHAL: Display: Platform has ~ 16 GB [17160146944 / 17179869184 / 16], which maps to Larger [LargestMinGB=32, LargerMinGB=12, DefaultMinGB=8, SmallerMinGB=6, SmallestMinGB=0)
[2018.09.11-20.58.02:553][  0]LogInit: Setting Device Profile CVar: [[r.Vulkan.UseRealUBs:1]]
[2018.09.11-20.58.02:553][  0]LogInit: Going up to parent DeviceProfile []
[2018.09.11-20.58.02:554][  0]LogInit: Computer: DESKTOP-45O6R3R
[2018.09.11-20.58.02:554][  0]LogInit: User: mikey
[2018.09.11-20.58.02:554][  0]LogInit: CPU Page size=4096, Cores=4
[2018.09.11-20.58.02:554][  0]LogInit: High frequency timer resolution =3.331195 MHz
[2018.09.11-20.58.02:554][  0]LogMemory: Memory total: Physical=16.0GB (16GB approx)
[2018.09.11-20.58.02:554][  0]LogMemory: Platform Memory Stats for Windows
[2018.09.11-20.58.02:554][  0]LogMemory: Process Physical Memory: 100.09 MB used, 100.09 MB peak
[2018.09.11-20.58.02:554][  0]LogMemory: Process Virtual Memory: 91.01 MB used, 91.01 MB peak
[2018.09.11-20.58.02:554][  0]LogMemory: Physical Memory: 8311.21 MB used,  8053.98 MB free, 16365.19 MB total
[2018.09.11-20.58.02:554][  0]LogMemory: Virtual Memory: 4640.43 MB used,  8053.98 MB free, 134217728.00 MB total
[2018.09.11-20.58.02:577][  0]LogInit: Using OS detected language (en-US).
[2018.09.11-20.58.02:578][  0]LogInit: Using OS detected locale (en-GB).
[2018.09.11-20.58.02:578][  0]LogTextLocalizationManager: No specific localization for 'en-US' exists, so the 'en' localization will be used.
[2018.09.11-20.58.03:003][  0]LogStreaming: Display: Took  0.426s to InitEngineTextLocalization.
[2018.09.11-20.58.03:003][  0]LogInit: Setting process to per monitor DPI aware
[2018.09.11-20.58.03:059][  0]LogSlate: New Slate User Created.  User Index 0, Is Virtual User: 0
[2018.09.11-20.58.03:059][  0]LogSlate: Slate User Registered.  User Index 0, Is Virtual User: 0
[2018.09.11-20.58.03:316][  0]LogHMD: Failed to initialize OpenVR with code 126
[2018.09.11-20.58.03:316][  0]LogD3D11RHI: D3D11 adapters:
[2018.09.11-20.58.03:378][  0]LogD3D11RHI:    0. 'NVIDIA GeForce GTX 970' (Feature Level 11_0)
[2018.09.11-20.58.03:378][  0]LogD3D11RHI:       4058/0/8182 MB DedicatedVideo/DedicatedSystem/SharedSystem, Outputs:3, VendorId:0x10de
[2018.09.11-20.58.03:380][  0]LogD3D11RHI:    1. 'Microsoft Basic Render Driver' (Feature Level 11_0)
[2018.09.11-20.58.03:380][  0]LogD3D11RHI:       0/0/8182 MB DedicatedVideo/DedicatedSystem/SharedSystem, Outputs:0, VendorId:0x1414
[2018.09.11-20.58.03:380][  0]LogD3D11RHI: Chosen D3D11 Adapter: 0
[2018.09.11-20.58.03:387][  0]LogD3D11RHI: Creating new Direct3DDevice
[2018.09.11-20.58.03:387][  0]LogD3D11RHI:     GPU DeviceId: 0x13c2 (for the marketing name, search the web for "GPU Device Id")
[2018.09.11-20.58.03:387][  0]LogWindows: EnumDisplayDevices:
[2018.09.11-20.58.03:387][  0]LogWindows:    0. 'NVIDIA GeForce GTX 970' (P:1 D:1)
[2018.09.11-20.58.03:387][  0]LogWindows:    1. 'NVIDIA GeForce GTX 970' (P:0 D:1)
[2018.09.11-20.58.03:387][  0]LogWindows:    2. 'NVIDIA GeForce GTX 970' (P:0 D:1)
[2018.09.11-20.58.03:388][  0]LogWindows:    3. 'NVIDIA GeForce GTX 970' (P:0 D:0)
[2018.09.11-20.58.03:388][  0]LogWindows: DebugString: FoundDriverCount:4 
[2018.09.11-20.58.03:388][  0]LogD3D11RHI:     Adapter Name: NVIDIA GeForce GTX 970
[2018.09.11-20.58.03:388][  0]LogD3D11RHI:   Driver Version: 388.13 (internal:23.21.13.8813, unified:388.13)
[2018.09.11-20.58.03:388][  0]LogD3D11RHI:      Driver Date: 10-27-2017
[2018.09.11-20.58.03:388][  0]LogRHI: Texture pool is 2840 MB (70% of 4058 MB)
[2018.09.11-20.58.03:430][  0]LogD3D11RHI: Async texture creation enabled
[2018.09.11-20.58.03:441][  0]LogD3D11RHI: GPU Timing Frequency: 1000.000000 (Debug: 2 1)
[2018.09.11-20.58.03:586][  0]LogShaderCompilers: Guid format shader working directory is 16 characters bigger than the processId version (E:/Unreal Projects/BeyondHuman/Intermediate/Shaders/WorkingDirectory/8936/).
[2018.09.11-20.58.03:586][  0]LogShaderCompilers: Cleaned the shader compiler working directory 'C:/Users/mikey/AppData/Local/Temp/UnrealShaderWorkingDir/2E5ABA8B484921AA9F09A79DEACC8589/'.
[2018.09.11-20.58.03:944][  0]LogTemp: Display: Loaded TP AllDesktopTargetPlatform
[2018.09.11-20.58.03:962][  0]LogTemp: Display: Loaded TP MacClientTargetPlatform
[2018.09.11-20.58.03:978][  0]LogTemp: Display: Loaded TP MacNoEditorTargetPlatform
[2018.09.11-20.58.03:994][  0]LogTemp: Display: Loaded TP MacServerTargetPlatform
[2018.09.11-20.58.04:009][  0]LogTemp: Display: Loaded TP MacTargetPlatform
[2018.09.11-20.58.04:025][  0]LogTemp: Display: Loaded TP WindowsClientTargetPlatform
[2018.09.11-20.58.04:042][  0]LogTemp: Display: Loaded TP WindowsNoEditorTargetPlatform
[2018.09.11-20.58.04:058][  0]LogTemp: Display: Loaded TP WindowsServerTargetPlatform
[2018.09.11-20.58.04:066][  0]LogTemp: Display: Loaded TP WindowsTargetPlatform
[2018.09.11-20.58.04:156][  0]LogTemp: Display: Loaded TP AndroidTargetPlatform
[2018.09.11-20.58.04:156][  0]LogTemp: Display: Loaded TP AndroidTargetPlatform
[2018.09.11-20.58.04:156][  0]LogTemp: Display: Loaded TP AndroidTargetPlatform
[2018.09.11-20.58.04:156][  0]LogTemp: Display: Loaded TP AndroidTargetPlatform
[2018.09.11-20.58.04:156][  0]LogTemp: Display: Loaded TP AndroidTargetPlatform
[2018.09.11-20.58.04:156][  0]LogTemp: Display: Loaded TP AndroidTargetPlatform
[2018.09.11-20.58.04:156][  0]LogTemp: Display: Loaded TP AndroidTargetPlatform
[2018.09.11-20.58.04:156][  0]LogTemp: Display: Loaded TP AndroidTargetPlatform
[2018.09.11-20.58.04:156][  0]LogTemp: Display: Loaded TP AndroidTargetPlatform
[2018.09.11-20.58.04:156][  0]LogTemp: Display: Loaded TP AndroidTargetPlatform
[2018.09.11-20.58.04:156][  0]LogTemp: Display: Loaded TP AndroidTargetPlatform
[2018.09.11-20.58.04:156][  0]LogTemp: Display: Loaded TP AndroidTargetPlatform
[2018.09.11-20.58.04:156][  0]LogTemp: Display: Loaded TP AndroidTargetPlatform
[2018.09.11-20.58.04:156][  0]LogTemp: Display: Loaded TP AndroidTargetPlatform
[2018.09.11-20.58.04:156][  0]LogTemp: Display: Loaded TP AndroidTargetPlatform
[2018.09.11-20.58.04:156][  0]LogTemp: Display: Loaded TP AndroidTargetPlatform
[2018.09.11-20.58.04:156][  0]LogTemp: Display: Loaded TP AndroidTargetPlatform
[2018.09.11-20.58.04:156][  0]LogTemp: Display: Loaded TP AndroidTargetPlatform
[2018.09.11-20.58.04:158][  0]LogTemp: Display: Loaded TP HTML5TargetPlatform
[2018.09.11-20.58.04:223][  0]LogTemp: Display: Loaded TP IOSTargetPlatform
[2018.09.11-20.58.04:223][  0]LogTemp: Display: Loaded TP IOSTargetPlatform
[2018.09.11-20.58.04:251][  0]LogTemp: Display: Loaded TP TVOSTargetPlatform
[2018.09.11-20.58.04:251][  0]LogTemp: Display: Loaded TP TVOSTargetPlatform
[2018.09.11-20.58.04:272][  0]LogTemp: Display: Loaded TP LinuxClientTargetPlatform
[2018.09.11-20.58.04:287][  0]LogTemp: Display: Loaded TP LinuxNoEditorTargetPlatform
[2018.09.11-20.58.04:302][  0]LogTemp: Display: Loaded TP LinuxServerTargetPlatform
[2018.09.11-20.58.04:318][  0]LogTemp: Display: Loaded TP LinuxTargetPlatform
[2018.09.11-20.58.04:329][  0]LogTemp: Display: Loaded TP LuminTargetPlatform
[2018.09.11-20.58.04:330][  0]LogTargetPlatformManager: Display: Building Assets For Windows
[2018.09.11-20.58.04:396][  0]LogXGEController: Cleaning working directory: C:/Users/mikey/AppData/Local/Temp/UnrealXGEWorkingDir/
[2018.09.11-20.58.04:397][  0]LogXGEController: Cannot use XGE Controller as Incredibuild is not installed on this machine.
[2018.09.11-20.58.04:397][  0]LogShaderCompilers: Cannot use XGE Shader Compiler as Incredibuild is not installed on this machine.
[2018.09.11-20.58.04:397][  0]LogShaderCompilers: Display: Using Local Shader Compiler.
[2018.09.11-20.58.05:318][  0]LogDerivedDataCache: Display: Max Cache Size: 512 MB
[2018.09.11-20.58.05:387][  0]LogDerivedDataCache: Loaded boot cache 0.07s 71MB C:/Users/mikey/AppData/Local/UnrealEngine/4.20/DerivedDataCache/Boot.ddc.
[2018.09.11-20.58.05:388][  0]LogDerivedDataCache: Display: Loaded Boot cache: C:/Users/mikey/AppData/Local/UnrealEngine/4.20/DerivedDataCache/Boot.ddc
[2018.09.11-20.58.05:388][  0]LogDerivedDataCache: FDerivedDataBackendGraph:  Pak pak cache file E:/Unreal Projects/BeyondHuman/DerivedDataCache/DDC.ddp not found, will not use a pak cache.
[2018.09.11-20.58.05:388][  0]LogDerivedDataCache: Unable to find inner node Pak for hierarchical cache Hierarchy.
[2018.09.11-20.58.05:388][  0]LogDerivedDataCache: FDerivedDataBackendGraph:  CompressedPak pak cache file E:/Unreal Projects/BeyondHuman/DerivedDataCache/Compressed.ddp not found, will not use a pak cache.
[2018.09.11-20.58.05:388][  0]LogDerivedDataCache: Unable to find inner node CompressedPak for hierarchical cache Hierarchy.
[2018.09.11-20.58.05:403][  0]LogDerivedDataCache: Display: Pak cache opened for reading ../../../Engine/DerivedDataCache/Compressed.ddp.
[2018.09.11-20.58.05:415][  0]LogDerivedDataCache: Using Local data cache path C:/Users/mikey/AppData/Local/UnrealEngine/Common/DerivedDataCache: Writable
[2018.09.11-20.58.05:415][  0]LogDerivedDataCache: Shared data cache path not found in *engine.ini, will not use an Shared cache.
[2018.09.11-20.58.05:415][  0]LogDerivedDataCache: Unable to find inner node Shared for hierarchical cache Hierarchy.
[2018.09.11-20.58.05:436][  0]LogMaterial: Verifying Global Shaders for PCD3D_SM5
[2018.09.11-20.58.05:437][  0]LogSlate: Using FreeType 2.6.0
[2018.09.11-20.58.05:438][  0]LogSlate: SlateFontServices - WITH_FREETYPE: 1, WITH_HARFBUZZ: 1
[2018.09.11-20.58.05:521][  0]LogAssetRegistry: FAssetRegistry took 0.0268 seconds to start up
[2018.09.11-20.58.05:942][  0]LogInit: Selected Device Profile: [Windows]
[2018.09.11-20.58.06:102][  0]LogSimplygon: Simplygon DLL not present - disabling.
[2018.09.11-20.58.06:106][  0]LogMeshReduction: Using SimplygonSwarm for distributed automatic mesh merging
[2018.09.11-20.58.06:106][  0]LogMeshReduction: Using ProxyLODMeshReduction for automatic mesh merging
[2018.09.11-20.58.06:106][  0]LogMeshReduction: Using QuadricMeshReduction for automatic static mesh reduction
[2018.09.11-20.58.06:106][  0]LogMeshReduction: No automatic skeletal mesh reduction module available
[2018.09.11-20.58.06:137][  0]LogNetVersion: BeyondHuman 1.0.0, NetCL: 4212847, EngineNetVer: 5, GameNetVer: 0 (Checksum: 671501493)
[2018.09.11-20.58.06:721][  0]LogPackageLocalizationCache: Processed 11 localized package path(s) for 2 prioritized culture(s) in 0.096209 seconds
[2018.09.11-20.58.06:729][  0]LogUObjectArray: 38425 objects as part of root set at end of initial load.
[2018.09.11-20.58.06:729][  0]LogUObjectAllocator: 6690872 out of 0 bytes used by permanent object pool.
[2018.09.11-20.58.06:729][  0]LogUObjectArray: CloseDisregardForGC: 0/0 objects in disregard for GC pool
[2018.09.11-20.58.07:737][  0]LogSubstanceCoreModule: Substance [CPU] Engine Loaded, Max Texture Size = 2048
[2018.09.11-20.58.07:742][  0]LogTcpMessaging: Initializing TcpMessaging bridge
[2018.09.11-20.58.07:758][  0]LogUdpMessaging: Initializing bridge on interface 0.0.0.0:0 to multicast group 230.0.0.1:6666.
[2018.09.11-20.58.07:939][  0]SourceControl: Source control is disabled
[2018.09.11-20.58.07:939][  0]SourceControl: Source control is disabled
[2018.09.11-20.58.07:941][  0]SourceControl: Source control is disabled
[2018.09.11-20.58.07:942][  0]SourceControl: Source control is disabled
[2018.09.11-20.58.08:128][  0]LogAndroidPermission: UAndroidPermissionCallbackProxy::GetInstance
[2018.09.11-20.58.08:248][  0]LogOcInput: OculusInput pre-init called
[2018.09.11-20.58.08:402][  0]LogEngine: Initializing Engine...
[2018.09.11-20.58.08:426][  0]LogHMD: Failed to initialize OpenVR with code 126
[2018.09.11-20.58.08:428][  0]LogStats: UGameplayTagsManager::ConstructGameplayTagTree: ImportINI prefixes -  0.000 s
[2018.09.11-20.58.08:428][  0]LogStats: UGameplayTagsManager::ConstructGameplayTagTree: Construct from data asset -  0.000 s
[2018.09.11-20.58.08:428][  0]LogStats: UGameplayTagsManager::ConstructGameplayTagTree: ImportINI -  0.000 s
[2018.09.11-20.58.08:428][  0]LogStats: UGameplayTagsManager::ConstructGameplayTagTree: GameplayTagTreeChangedEvent.Broadcast -  0.000 s
[2018.09.11-20.58.08:676][  0]LogInit: Initializing FReadOnlyCVARCache
[2018.09.11-20.58.08:696][  0]LogAIModule: Creating AISystem for world Untitled
[2018.09.11-20.58.08:740][  0]LogInit: XAudio2 using 'Speakers (High Definition Audio Device)' : 2 channels at 44.1 kHz using 16 bits per sample (channel mask 0x3)
[2018.09.11-20.58.08:756][  0]LogInit: FAudioDevice initialized.
[2018.09.11-20.58.08:757][  0]LogNetVersion: Set ProjectVersion to 1.0.0.0. Version Checksum will be recalculated on next use.
[2018.09.11-20.58.08:836][  0]LogDerivedDataCache: Saved boot cache 0.08s 71MB C:/Users/mikey/AppData/Local/UnrealEngine/4.20/DerivedDataCache/Boot.ddc.
[2018.09.11-20.58.08:837][  0]LogInit: Texture streaming: Enabled
[2018.09.11-20.58.08:857][  0]LogEngineSessionManager: EngineSessionManager initialized
[2018.09.11-20.58.08:876][  0]LogInit: Transaction tracking system initialized
[2018.09.11-20.58.08:902][  0]BlueprintLog: New page: Editor Load
[2018.09.11-20.58.08:993][  0]LocalizationService: Localization service is disabled
[2018.09.11-20.58.09:310][  0]LogCook: Display: Max memory allowance for cook 16384mb min free memory 0mb
[2018.09.11-20.58.09:310][  0]LogCook: Display: Mobile HDR setting 1
[2018.09.11-20.58.09:310][  0]LogGameplayTags: Display: UGameplayTagsManager::DoneAddingNativeTags. DelegateIsBound: 0
[2018.09.11-20.58.09:310][  0]LogStats: UGameplayTagsManager::ConstructGameplayTagTree: ImportINI prefixes -  0.000 s
[2018.09.11-20.58.09:310][  0]LogStats: UGameplayTagsManager::ConstructGameplayTagTree: Construct from data asset -  0.000 s
[2018.09.11-20.58.09:310][  0]LogStats: UGameplayTagsManager::ConstructGameplayTagTree: ImportINI -  0.000 s
[2018.09.11-20.58.09:310][  0]LogStats: UGameplayTagsManager::ConstructGameplayTagTree: GameplayTagTreeChangedEvent.Broadcast -  0.000 s
[2018.09.11-20.58.09:470][  0]LogFileCache: Scanning file cache for directory 'E:/Unreal Projects/BeyondHuman/Content/' took 0.02s
[2018.09.11-20.58.09:470][  0]SourceControl: Source control is disabled
[2018.09.11-20.58.09:470][  0]Cmd: MAP LOAD FILE="E:/Unreal Projects/BeyondHuman/Content/Maps/Meshing.umap" TEMPLATE=0 SHOWPROGRESS=1 FEATURELEVEL=3
[2018.09.11-20.58.09:471][  0]LightingResults: New page: Lighting Build
[2018.09.11-20.58.09:474][  0]MapCheck: New page: Map Check
[2018.09.11-20.58.09:474][  0]LightingResults: New page: Lighting Build
[2018.09.11-20.58.14:404][  0]LogAIModule: Creating AISystem for world Meshing
[2018.09.11-20.58.14:541][  0]LogEditorServer: Finished looking for orphan Actors (0.000 secs)
[2018.09.11-20.58.14:581][  0]Cmd: MAP CHECKDEP NOCLEARLOG
[2018.09.11-20.58.14:797][  0]MapCheck: Map check complete: 0 Error(s), 0 Warning(s), took 216.248ms to complete.
[2018.09.11-20.58.14:797][  0]LogFileHelpers: Loading map 'Meshing' took 5.326
[2018.09.11-20.58.14:954][  0]LogSlate: Updating window title bar state: overlay mode, drag disabled, window buttons hidden, title bar hidden
[2018.09.11-20.58.14:963][  0]LogSlate: Updating window title bar state: overlay mode, drag disabled, window buttons hidden, title bar hidden
[2018.09.11-20.58.14:972][  0]LogSlate: Updating window title bar state: overlay mode, drag disabled, window buttons hidden, title bar hidden
[2018.09.11-20.58.14:981][  0]LogSlate: Updating window title bar state: overlay mode, drag disabled, window buttons hidden, title bar hidden
[2018.09.11-20.58.14:988][  0]LogCollectionManager: Loaded 0 collections in 0.001493 seconds
[2018.09.11-20.58.15:050][  0]LogFileCache: Scanning file cache for directory 'E:/Unreal Projects/BeyondHuman/Saved/Collections/' took 0.01s
[2018.09.11-20.58.15:050][  0]LogFileCache: Scanning file cache for directory 'E:/Unreal Projects/BeyondHuman/Content/Developers/mikey/Collections/' took 0.01s
[2018.09.11-20.58.15:050][  0]LogFileCache: Scanning file cache for directory 'E:/Unreal Projects/BeyondHuman/Content/Collections/' took 0.01s
[2018.09.11-20.58.15:050][  0]LogCollectionManager: Rebuilt the GUID cache for 0 collections in 0.000001 seconds
[2018.09.11-20.58.15:063][  0]LogContentBrowser: Native class hierarchy populated in 0.0123 seconds. Added 2586 classes and 609 folders.
[2018.09.11-20.58.15:069][  0]LogContentBrowser: Native class hierarchy updated for 'WidgetCarousel' in 0.0003 seconds. Added 0 classes and 0 folders.
[2018.09.11-20.58.15:122][  0]LogContentBrowser: Native class hierarchy updated for 'AddContentDialog' in 0.0003 seconds. Added 0 classes and 0 folders.
[2018.09.11-20.58.15:128][  0]LogContentBrowser: Native class hierarchy updated for 'SceneOutliner' in 0.0003 seconds. Added 1 classes and 2 folders.
[2018.09.11-20.58.15:150][  0]LogSlate: Took 0.000231 seconds to synchronously load lazily loaded font '../../../Engine/Content/Slate/Fonts/Roboto-Regular.ttf' (155K)
[2018.09.11-20.58.15:153][  0]LogSlate: Took 0.000195 seconds to synchronously load lazily loaded font '../../../Engine/Content/Slate/Fonts/Roboto-Bold.ttf' (160K)
[2018.09.11-20.58.15:161][  0]LogSlate: Took 0.000321 seconds to synchronously load lazily loaded font '../../../Engine/Content/Editor/Slate/Fonts/FontAwesome.ttf' (139K)
[2018.09.11-20.58.15:267][  0]LogRenderer: Reallocating scene render targets to support 1236x492 Format 10 NumSamples 1 (Frame:1).
[2018.09.11-20.58.15:677][  0]LogContentBrowser: Native class hierarchy updated for 'HierarchicalLODOutliner' in 0.0003 seconds. Added 0 classes and 0 folders.
[2018.09.11-20.58.15:677][  0]LogLoad: (Engine Initialization) Total time: 14.94 seconds
[2018.09.11-20.58.15:677][  0]LogLoad: (Engine Initialization) Total Blueprint compile time: 0.00 seconds
[2018.09.11-20.58.15:688][  0]LogWindowsTextInputMethodSystem: Display: IME system now deactivated.
[2018.09.11-20.58.15:709][  0]LogContentStreaming: Texture pool size now 3000 MB
[2018.09.11-20.58.15:781][  0]LogRenderer: Reallocating scene render targets to support 1236x508 Format 10 NumSamples 1 (Frame:3).
[2018.09.11-20.58.15:782][  0]LogSlate: Took 0.000255 seconds to synchronously load lazily loaded font '../../../Engine/Content/Slate/Fonts/Roboto-Light.ttf' (167K)
[2018.09.11-20.58.15:840][  1]LogSubstanceLiveLink: Warning: Unable to send data along socket, closing connection
[2018.09.11-20.58.16:206][  2]LogAssetRegistry: Asset discovery search completed in 10.7081 seconds
[2018.09.11-20.58.16:208][  2]LogCollectionManager: Rebuilt the object cache for 0 collections in 0.000000 seconds (found 0 objects)
[2018.09.11-20.58.16:208][  2]LogCollectionManager: Fixed up redirectors for 0 collections in 0.000058 seconds (updated 0 objects)
[2018.09.11-20.58.20:272][159]LogEditorViewport: Clicking on Actor (LMB): StaticMeshActor (Sandbags)
[2018.09.11-20.58.20:860][177]LogEditorViewport: Clicking on Actor (context menu): StaticMeshActor (Sandbags)
[2018.09.11-20.58.20:923][177]LogSlate: FSceneViewport::OnFocusLost() reason 2
[2018.09.11-20.58.21:939][264]LogSlate: FSceneViewport::OnFocusLost() reason 2
[2018.09.11-20.58.25:281][368]LogSlate: Took 0.000296 seconds to synchronously load lazily loaded font '../../../Engine/Content/Slate/Fonts/Roboto-Light.ttf' (167K)
[2018.09.11-20.58.25:290][368]LogAssetEditorManager: Opening Asset editor for StaticMesh /Game/Meshes/Sandbags.Sandbags
[2018.09.11-20.58.26:022][368]LogRenderer: Reallocating scene render targets to support 1432x924 Format 10 NumSamples 1 (Frame:1).
[2018.09.11-20.58.26:022][368]LogSlate: Took 0.002183 seconds to synchronously load lazily loaded font '../../../Engine/Content/Slate/Fonts/Roboto-Italic.ttf' (157K)
[2018.09.11-20.58.31:669][573]LogSlate: FSceneViewport::OnFocusLost() reason 0
[2018.09.11-20.58.32:794][638]LogEditorFactories: Performing atomic reimport of [E:/Dropbox (Personal)/Docs/Projects/Beyond Human/Exports/Props/Sandbags.fbx]
[2018.09.11-20.58.32:869][638]LogFbx: Loading FBX Scene from E:/Dropbox (Personal)/Docs/Projects/Beyond Human/Exports/Props/Sandbags.fbx
[2018.09.11-20.58.32:879][638]LogFbx: FBX Scene Loaded Succesfully
[2018.09.11-20.58.33:008][638]LogStaticMesh: Building static mesh Sandbags...
[2018.09.11-20.58.33:068][638]LogStaticMesh: Built static mesh [0.06s] /Game/Meshes/Sandbags.Sandbags
[2018.09.11-20.58.33:098][638]LogEditorFactories: -- imported successfully
[2018.09.11-20.58.45:348][168]LogEditorFactories: Performing atomic reimport of [E:/Dropbox (Personal)/Docs/Projects/Beyond Human/SourceImages/Props/Sandbags_M_SandBags_BaseColor.png]
[2018.09.11-20.58.45:352][168]LogFactory: FactoryCreateFile: Texture2D with ReimportTextureFactory (0 0 E:/Dropbox (Personal)/Docs/Projects/Beyond Human/SourceImages/Props/Sandbags_M_SandBags_BaseColor.png)
[2018.09.11-20.58.45:401][168]LogTexture: Display: Building textures: Sandbags_M_SandBags_BaseColor (AutoDXT, 1024X1024)
[2018.09.11-20.58.45:810][168]LogEditorFactories: -- imported successfully
[2018.09.11-20.58.45:850][168]LogEditorFactories: Performing atomic reimport of [E:/Dropbox (Personal)/Docs/Projects/Beyond Human/SourceImages/Props/Sandbags_M_SandBags_Metallic.png]
[2018.09.11-20.58.45:851][168]LogFactory: FactoryCreateFile: Texture2D with ReimportTextureFactory (0 0 E:/Dropbox (Personal)/Docs/Projects/Beyond Human/SourceImages/Props/Sandbags_M_SandBags_Metallic.png)
[2018.09.11-20.58.45:870][168]LogTexture: Display: Building textures: Sandbags_M_SandBags_Metallic (AutoDXT, 1024X1024)
[2018.09.11-20.58.46:067][168]LogEditorFactories: -- imported successfully
[2018.09.11-20.58.46:105][168]LogEditorFactories: Performing atomic reimport of [E:/Dropbox (Personal)/Docs/Projects/Beyond Human/SourceImages/Props/Sandbags_M_SandBags_Normal.png]
[2018.09.11-20.58.46:109][168]LogFactory: FactoryCreateFile: Texture2D with ReimportTextureFactory (0 0 E:/Dropbox (Personal)/Docs/Projects/Beyond Human/SourceImages/Props/Sandbags_M_SandBags_Normal.png)
[2018.09.11-20.58.46:162][168]LogTexture: Display: Building textures: Sandbags_M_SandBags_Normal (BC5, 1024X1024)
[2018.09.11-20.58.46:244][168]LogEditorFactories: -- imported successfully
[2018.09.11-20.58.46:284][168]LogEditorFactories: Performing atomic reimport of [E:/Dropbox (Personal)/Docs/Projects/Beyond Human/SourceImages/Props/Sandbags_M_SandBags_Roughness.png]
[2018.09.11-20.58.46:287][168]LogFactory: FactoryCreateFile: Texture2D with ReimportTextureFactory (0 0 E:/Dropbox (Personal)/Docs/Projects/Beyond Human/SourceImages/Props/Sandbags_M_SandBags_Roughness.png)
[2018.09.11-20.58.46:308][168]LogTexture: Display: Building textures: Sandbags_M_SandBags_Roughness (AutoDXT, 1024X1024)
[2018.09.11-20.58.46:655][168]LogEditorFactories: -- imported successfully
[2018.09.11-20.58.52:863][362]LogSlate: FSceneViewport::OnFocusLost() reason 0
[2018.09.11-20.58.53:707][364]LogSlate: Window 'Save Content' being destroyed
[2018.09.11-20.58.53:959][364]Cmd: OBJ SAVEPACKAGE PACKAGE="/Game/Maps/Meshing" FILE="E:/Unreal Projects/BeyondHuman/Content/Maps/Meshing.umap" SILENT=true AUTOSAVING=false KEEPDIRTY=false
[2018.09.11-20.58.54:534][364]LogSavePackage: Moving 'E:/Unreal Projects/BeyondHuman/Saved/Meshing8E8F71E24A40C3110C5D60A8B717F614.tmp' to 'E:/Unreal Projects/BeyondHuman/Content/Maps/Meshing.umap'
[2018.09.11-20.58.54:553][364]LogFileHelpers: Saving map 'Meshing' took 0.805
[2018.09.11-20.58.54:572][364]Cmd: OBJ SAVEPACKAGE PACKAGE="/Game/Meshes/Sandbags" FILE="E:/Unreal Projects/BeyondHuman/Content/Meshes/Sandbags.uasset" SILENT=true
[2018.09.11-20.58.54:591][364]LogSavePackage: Moving 'E:/Unreal Projects/BeyondHuman/Saved/SandbagsF5A4BDF84AC09EB90F2491A00E8CB81E.tmp' to 'E:/Unreal Projects/BeyondHuman/Content/Meshes/Sandbags.uasset'
[2018.09.11-20.58.54:608][364]Cmd: OBJ SAVEPACKAGE PACKAGE="/Game/Textures/Props/Sandbags_M_SandBags_BaseColor" FILE="E:/Unreal Projects/BeyondHuman/Content/Textures/Props/Sandbags_M_SandBags_BaseColor.uasset" SILENT=true
[2018.09.11-20.58.54:789][364]LogSavePackage: Moving 'E:/Unreal Projects/BeyondHuman/Saved/Sandbags_M_SandBags_BaseColor83A3D5474522A713BA9F078E946AE455.tmp' to 'E:/Unreal Projects/BeyondHuman/Content/Textures/Props/Sandbags_M_SandBags_BaseColor.uasset'
[2018.09.11-20.58.54:805][364]Cmd: OBJ SAVEPACKAGE PACKAGE="/Game/Textures/Props/Sandbags_M_SandBags_Metallic" FILE="E:/Unreal Projects/BeyondHuman/Content/Textures/Props/Sandbags_M_SandBags_Metallic.uasset" SILENT=true
[2018.09.11-20.58.54:862][364]LogSavePackage: Moving 'E:/Unreal Projects/BeyondHuman/Saved/Sandbags_M_SandBags_Metallic0C2C3B804323BAE40F6FF0ACA941D76C.tmp' to 'E:/Unreal Projects/BeyondHuman/Content/Textures/Props/Sandbags_M_SandBags_Metallic.uasset'
[2018.09.11-20.58.54:882][364]Cmd: OBJ SAVEPACKAGE PACKAGE="/Game/Textures/Props/Sandbags_M_SandBags_Normal" FILE="E:/Unreal Projects/BeyondHuman/Content/Textures/Props/Sandbags_M_SandBags_Normal.uasset" SILENT=true
[2018.09.11-20.58.55:104][364]LogSavePackage: Moving 'E:/Unreal Projects/BeyondHuman/Saved/Sandbags_M_SandBags_Normal0F2B164D4C5245B21501D4A50D3E8012.tmp' to 'E:/Unreal Projects/BeyondHuman/Content/Textures/Props/Sandbags_M_SandBags_Normal.uasset'
[2018.09.11-20.58.55:119][364]Cmd: OBJ SAVEPACKAGE PACKAGE="/Game/Textures/Props/Sandbags_M_SandBags_Roughness" FILE="E:/Unreal Projects/BeyondHuman/Content/Textures/Props/Sandbags_M_SandBags_Roughness.uasset" SILENT=true
[2018.09.11-20.58.55:215][364]LogSavePackage: Moving 'E:/Unreal Projects/BeyondHuman/Saved/Sandbags_M_SandBags_Roughness92A632BB4FB41DF8D64532AAE864CCA5.tmp' to 'E:/Unreal Projects/BeyondHuman/Content/Textures/Props/Sandbags_M_SandBags_Roughness.uasset'
[2018.09.11-20.58.57:684][436]LogEditorViewport: Clicking on Actor (LMB): StaticMeshActor (Ground)
[2018.09.11-20.59.05:014][569]LogSlate: FSceneViewport::OnFocusLost() reason 0
[2018.09.11-20.59.05:093][570]LogSlate: Window 'Sandbags' being destroyed
[2018.09.11-20.59.05:099][570]LogSlate: Window 'Sandbags' being destroyed
[2018.09.11-20.59.07:655][670]LogSlate: Window 'BeyondHuman - Unreal Editor' being destroyed
[2018.09.11-20.59.07:657][670]LogWindowsTextInputMethodSystem: Display: IME system now deactivated.
[2018.09.11-20.59.07:842][671]Cmd: QUIT_EDITOR
[2018.09.11-20.59.07:876][671]LogExit: Preparing to exit.
[2018.09.11-20.59.08:956][671]LogExit: Editor shut down
[2018.09.11-20.59.08:956][671]LogExit: Transaction tracking system shut down
[2018.09.11-20.59.09:280][671]LogExit: Object subsystem successfully closed.
[2018.09.11-20.59.09:299][671]LogShaderCompilers: Display: Shaders left to compile 0
[2018.09.11-20.59.09:303][671]LogD3D11RHI: Shutdown
[2018.09.11-20.59.09:303][671]LogD3D11RHI: CleanupD3DDevice
[2018.09.11-20.59.09:307][671]LogD3D11RHI: ~FD3D11DynamicRHI
[2018.09.11-20.59.09:335][671]LogModuleManager: Shutting down and abandoning module MeshBuilder (622)
[2018.09.11-20.59.09:335][671]LogModuleManager: Shutting down and abandoning module StaticMeshEditor (620)
[2018.09.11-20.59.09:335][671]LogModuleManager: Shutting down and abandoning module HierarchicalLODOutliner (618)
[2018.09.11-20.59.09:335][671]LogModuleManager: Shutting down and abandoning module SceneOutliner (616)
[2018.09.11-20.59.09:335][671]LogModuleManager: Shutting down and abandoning module AddContentDialog (614)
[2018.09.11-20.59.09:338][671]LogModuleManager: Shutting down and abandoning module WidgetCarousel (613)
[2018.09.11-20.59.09:338][671]LogModuleManager: Shutting down and abandoning module EditorWidgets (610)
[2018.09.11-20.59.09:338][671]LogModuleManager: Shutting down and abandoning module CollectionManager (608)
[2018.09.11-20.59.09:338][671]LogModuleManager: Shutting down and abandoning module StatsViewer (606)
[2018.09.11-20.59.09:338][671]LogModuleManager: Shutting down and abandoning module FoliageEdit (604)
[2018.09.11-20.59.09:338][671]LogModuleManager: Shutting down and abandoning module LandscapeEditor (602)
[2018.09.11-20.59.09:338][671]LogModuleManager: Shutting down and abandoning module MeshPaintMode (600)
[2018.09.11-20.59.09:338][671]LogModuleManager: Shutting down and abandoning module SceneDepthPickerMode (598)
[2018.09.11-20.59.09:338][671]LogModuleManager: Shutting down and abandoning module ActorPickerMode (596)
[2018.09.11-20.59.09:338][671]LogModuleManager: Shutting down and abandoning module GeometryMode (594)
[2018.09.11-20.59.09:338][671]LogModuleManager: Shutting down and abandoning module TextureAlignMode (592)
[2018.09.11-20.59.09:338][671]LogModuleManager: Shutting down and abandoning module BspMode (590)
[2018.09.11-20.59.09:338][671]LogModuleManager: Shutting down and abandoning module PIEPreviewDeviceProfileSelector (588)
[2018.09.11-20.59.09:338][671]LogModuleManager: Shutting down and abandoning module SequenceRecorderSections (586)
[2018.09.11-20.59.09:338][671]LogModuleManager: Shutting down and abandoning module AutomationWorker (584)
[2018.09.11-20.59.09:338][671]LogModuleManager: Shutting down and abandoning module AudioCaptureEditor (582)
[2018.09.11-20.59.09:339][671]LogModuleManager: Shutting down and abandoning module SequenceRecorder (581)
[2018.09.11-20.59.09:339][671]LogModuleManager: Shutting down and abandoning module MatineeToLevelSequence (578)
[2018.09.11-20.59.09:339][671]LogModuleManager: Shutting down and abandoning module LevelSequenceEditor (576)
[2018.09.11-20.59.09:339][671]LogModuleManager: Shutting down and abandoning module PlacementMode (575)
[2018.09.11-20.59.09:339][671]LogModuleManager: Shutting down and abandoning module MaterialEditor (574)
[2018.09.11-20.59.09:339][671]LogModuleManager: Shutting down and abandoning module WmfMediaFactory (570)
[2018.09.11-20.59.09:339][671]LogModuleManager: Shutting down and abandoning module WmfMediaEditor (568)
[2018.09.11-20.59.09:339][671]LogModuleManager: Shutting down and abandoning module MediaPlayerEditor (566)
[2018.09.11-20.59.09:339][671]LogModuleManager: Shutting down and abandoning module OpenExrWrapper (564)
[2018.09.11-20.59.09:339][671]LogModuleManager: Shutting down and abandoning module ImgMediaFactory (562)
[2018.09.11-20.59.09:339][671]LogModuleManager: Shutting down and abandoning module ImgMediaEditor (560)
[2018.09.11-20.59.09:339][671]LogModuleManager: Shutting down and abandoning module AvfMediaFactory (558)
[2018.09.11-20.59.09:339][671]LogModuleManager: Shutting down and abandoning module AvfMediaEditor (556)
[2018.09.11-20.59.09:339][671]LogModuleManager: Shutting down and abandoning module AndroidMediaFactory (554)
[2018.09.11-20.59.09:339][671]LogModuleManager: Shutting down and abandoning module AndroidMediaEditor (552)
[2018.09.11-20.59.09:339][671]LogModuleManager: Shutting down and abandoning module MagicLeapCameraPreviewFactory (550)
[2018.09.11-20.59.09:339][671]LogModuleManager: Shutting down and abandoning module MagicLeapMediaFactory (548)
[2018.09.11-20.59.09:339][671]LogModuleManager: Shutting down and abandoning module MagicLeapMediaEditor (546)
[2018.09.11-20.59.09:339][671]LogModuleManager: Shutting down and abandoning module CharacterAI (544)
[2018.09.11-20.59.09:339][671]LogModuleManager: Shutting down and abandoning module SmartSnapping (542)
[2018.09.11-20.59.09:339][671]LogModuleManager: Shutting down and abandoning module SessionServices (540)
[2018.09.11-20.59.09:339][671]LogModuleManager: Shutting down and abandoning module ViewportSnapping (538)
[2018.09.11-20.59.09:339][671]LogModuleManager: Shutting down and abandoning module ViewportInteraction (536)
[2018.09.11-20.59.09:339][671]LogModuleManager: Shutting down and abandoning module ClothPainter (534)
[2018.09.11-20.59.09:339][671]LogModuleManager: Shutting down and abandoning module SkeletalMeshEditor (533)
[2018.09.11-20.59.09:339][671]LogModuleManager: Shutting down and abandoning module LogVisualizer (530)
[2018.09.11-20.59.09:339][671]LogModuleManager: Shutting down and abandoning module IntroTutorials (528)
[2018.09.11-20.59.09:339][671]LogModuleManager: Shutting down and abandoning module GameProjectGeneration (527)
[2018.09.11-20.59.09:339][671]LogModuleManager: Shutting down and abandoning module LuminPlatformEditor (524)
[2018.09.11-20.59.09:339][671]LogModuleManager: Shutting down and abandoning module IOSPlatformEditor (522)
[2018.09.11-20.59.09:340][671]LogModuleManager: Shutting down and abandoning module HTML5PlatformEditor (520)
[2018.09.11-20.59.09:340][671]LogModuleManager: Shutting down and abandoning module AndroidPlatformEditor (518)
[2018.09.11-20.59.09:340][671]LogModuleManager: Shutting down and abandoning module AndroidDeviceDetection (517)
[2018.09.11-20.59.10:071][671]LogModuleManager: Shutting down and abandoning module WindowsPlatformEditor (514)
[2018.09.11-20.59.10:071][671]LogModuleManager: Shutting down and abandoning module LuminRuntimeSettings (512)
[2018.09.11-20.59.10:071][671]LogModuleManager: Shutting down and abandoning module IOSRuntimeSettings (510)
[2018.09.11-20.59.10:071][671]LogModuleManager: Shutting down and abandoning module AndroidRuntimeSettings (508)
[2018.09.11-20.59.10:071][671]LogModuleManager: Shutting down and abandoning module InputBindingEditor (506)
[2018.09.11-20.59.10:071][671]LogModuleManager: Shutting down and abandoning module MergeActors (504)
[2018.09.11-20.59.10:071][671]LogModuleManager: Shutting down and abandoning module LocalizationDashboard (502)
[2018.09.11-20.59.10:072][671]LogModuleManager: Shutting down and abandoning module LocalizationService (501)
[2018.09.11-20.59.10:072][671]LogModuleManager: Shutting down and abandoning module HardwareTargeting (498)
[2018.09.11-20.59.10:072][671]LogModuleManager: Shutting down and abandoning module DeviceProfileEditor (496)
[2018.09.11-20.59.10:072][671]LogModuleManager: Shutting down and abandoning module UndoHistory (494)
[2018.09.11-20.59.10:072][671]LogModuleManager: Shutting down and abandoning module XmlParser (492)
[2018.09.11-20.59.10:072][671]LogModuleManager: Shutting down and abandoning module Blutility (490)
[2018.09.11-20.59.10:072][671]LogModuleManager: Shutting down and abandoning module ProjectSettingsViewer (488)
[2018.09.11-20.59.10:072][671]LogModuleManager: Shutting down and abandoning module ProjectTargetPlatformEditor (487)
[2018.09.11-20.59.10:072][671]LogModuleManager: Shutting down and abandoning module EditorSettingsViewer (484)
[2018.09.11-20.59.10:072][671]LogModuleManager: Shutting down and abandoning module SettingsEditor (482)
[2018.09.11-20.59.10:072][671]LogModuleManager: Shutting down and abandoning module ProjectLauncher (480)
[2018.09.11-20.59.10:072][671]LogModuleManager: Shutting down and abandoning module SessionFrontend (478)
[2018.09.11-20.59.10:072][671]LogModuleManager: Shutting down and abandoning module ProfilerClient (476)
[2018.09.11-20.59.10:072][671]LogModuleManager: Shutting down and abandoning module DeviceManager (474)
[2018.09.11-20.59.10:072][671]LogModuleManager: Shutting down and abandoning module TargetDeviceServices (473)
[2018.09.11-20.59.10:127][671]LogModuleManager: Shutting down and abandoning module AutomationController (470)
[2018.09.11-20.59.10:127][671]LogModuleManager: Shutting down and abandoning module AutomationWindow (468)
[2018.09.11-20.59.10:127][671]LogModuleManager: Shutting down and abandoning module Layers (466)
[2018.09.11-20.59.10:127][671]LogModuleManager: Shutting down and abandoning module ComponentVisualizers (464)
[2018.09.11-20.59.10:127][671]LogModuleManager: Shutting down and abandoning module DetailCustomizations (462)
[2018.09.11-20.59.10:127][671]LogModuleManager: Shutting down and abandoning module PackagesDialog (460)
[2018.09.11-20.59.10:127][671]LogModuleManager: Shutting down and abandoning module Persona (458)
[2018.09.11-20.59.10:127][671]LogModuleManager: Shutting down and abandoning module AdvancedPreviewScene (457)
[2018.09.11-20.59.10:127][671]LogModuleManager: Shutting down and abandoning module AnimGraph (455)
[2018.09.11-20.59.10:127][671]LogModuleManager: Shutting down and abandoning module Kismet (452)
[2018.09.11-20.59.10:127][671]LogModuleManager: Shutting down and abandoning module GraphEditor (450)
[2018.09.11-20.59.10:128][671]LogModuleManager: Shutting down and abandoning module ClassViewer (448)
[2018.09.11-20.59.10:128][671]LogModuleManager: Shutting down and abandoning module Toolbox (446)
[2018.09.11-20.59.10:128][671]LogModuleManager: Shutting down and abandoning module ModuleUI (444)
[2018.09.11-20.59.10:128][671]LogModuleManager: Shutting down and abandoning module MovieSceneTools (442)
[2018.09.11-20.59.10:128][671]LogModuleManager: Shutting down and abandoning module OutputLog (440)
[2018.09.11-20.59.10:128][671]LogModuleManager: Shutting down and abandoning module GammaUI (438)
[2018.09.11-20.59.10:128][671]LogModuleManager: Shutting down and abandoning module Documentation (436)
[2018.09.11-20.59.10:128][671]LogModuleManager: Shutting down and abandoning module MovieSceneTracks (434)
[2018.09.11-20.59.10:128][671]LogModuleManager: Shutting down and abandoning module MovieScene (432)
[2018.09.11-20.59.10:128][671]LogModuleManager: Shutting down and abandoning module StreamingPauseRendering (430)
[2018.09.11-20.59.10:128][671]LogModuleManager: Shutting down and abandoning module LauncherPlatform (428)
[2018.09.11-20.59.10:128][671]LogModuleManager: Shutting down and abandoning module AnalyticsET (426)
[2018.09.11-20.59.10:128][671]LogModuleManager: Shutting down and abandoning module PortalServices (424)
[2018.09.11-20.59.10:128][671]LogModuleManager: Shutting down and abandoning module PortalRpc (422)
[2018.09.11-20.59.10:128][671]LogModuleManager: Shutting down and abandoning module MessagingRpc (420)
[2018.09.11-20.59.10:128][671]LogModuleManager: Shutting down and abandoning module AIModule (418)
[2018.09.11-20.59.10:128][671]LogModuleManager: Shutting down and abandoning module GameplayDebugger (417)
[2018.09.11-20.59.10:128][671]LogModuleManager: Shutting down and abandoning module AITestSuite (415)
[2018.09.11-20.59.10:128][671]LogModuleManager: Shutting down and abandoning module NavigationSystem (413)
[2018.09.11-20.59.10:128][671]LogModuleManager: Shutting down and abandoning module DesktopPlatform (410)
[2018.09.11-20.59.10:128][671]LogModuleManager: Shutting down and abandoning module ProfilerService (408)
[2018.09.11-20.59.10:255][671]LogModuleManager: Shutting down and abandoning module TaskGraph (406)
[2018.09.11-20.59.10:255][671]LogModuleManager: Shutting down and abandoning module SubstanceLiveLink (404)
[2018.09.11-20.59.10:255][671]LogModuleManager: Shutting down and abandoning module SubstanceSource (402)
[2018.09.11-20.59.10:256][671]LogModuleManager: Shutting down and abandoning module SubstanceEditor (400)
[2018.09.11-20.59.10:256][671]LogModuleManager: Shutting down and abandoning module SteamVRController (398)
[2018.09.11-20.59.10:256][671]LogModuleManager: Shutting down and abandoning module ProceduralMeshComponentEditor (396)
[2018.09.11-20.59.10:256][671]LogModuleManager: Shutting down and abandoning module ProceduralMeshComponent (394)
[2018.09.11-20.59.10:256][671]LogModuleManager: Shutting down and abandoning module OculusInput (392)
[2018.09.11-20.59.10:256][671]LogModuleManager: Shutting down and abandoning module MobilePatchingUtils (390)
[2018.09.11-20.59.10:256][671]LogModuleManager: Shutting down and abandoning module EditableMesh (388)
[2018.09.11-20.59.10:256][671]LogModuleManager: Shutting down and abandoning module CustomMeshComponent (386)
[2018.09.11-20.59.10:256][671]LogModuleManager: Shutting down and abandoning module CableComponent (384)
[2018.09.11-20.59.10:256][671]LogModuleManager: Shutting down and abandoning module AudioCapture (382)
[2018.09.11-20.59.10:256][671]LogModuleManager: Shutting down and abandoning module ArchVisCharacter (380)
[2018.09.11-20.59.10:256][671]LogModuleManager: Shutting down and abandoning module AndroidPermission (378)
[2018.09.11-20.59.10:256][671]LogModuleManager: Shutting down and abandoning module NUTUnrealEngine4 (376)
[2018.09.11-20.59.10:256][671]LogModuleManager: Shutting down and abandoning module NetcodeUnitTest (374)
[2018.09.11-20.59.10:256][671]LogModuleManager: Shutting down and abandoning module MediaCompositingEditor (372)
[2018.09.11-20.59.10:256][671]LogModuleManager: Shutting down and abandoning module MediaCompositing (370)
[2018.09.11-20.59.10:256][671]LogModuleManager: Shutting down and abandoning module LinearTimecode (368)
[2018.09.11-20.59.10:256][671]LogModuleManager: Shutting down and abandoning module ImgMedia (366)
[2018.09.11-20.59.10:259][671]LogModuleManager: Shutting down and abandoning module HTML5Networking (364)
[2018.09.11-20.59.10:259][671]LogModuleManager: Shutting down and abandoning module GeometryCacheTracks (362)
[2018.09.11-20.59.10:259][671]LogModuleManager: Shutting down and abandoning module GeometryCacheSequencer (360)
[2018.09.11-20.59.10:259][671]LogModuleManager: Shutting down and abandoning module BackChannel (358)
[2018.09.11-20.59.10:259][671]LogModuleManager: Shutting down and abandoning module AppleVision (356)
[2018.09.11-20.59.10:259][671]LogModuleManager: Shutting down and abandoning module AppleImageUtils (354)
[2018.09.11-20.59.10:259][671]LogModuleManager: Shutting down and abandoning module AlembicImporter (352)
[2018.09.11-20.59.10:259][671]LogModuleManager: Shutting down and abandoning module AlembicLibrary (351)
[2018.09.11-20.59.10:259][671]LogModuleManager: Shutting down and abandoning module GeometryCache (350)
[2018.09.11-20.59.10:259][671]LogModuleManager: Shutting down and abandoning module GeometryCacheEd (349)
[2018.09.11-20.59.10:259][671]LogModuleManager: Shutting down and abandoning module DatasmithContentEditor (344)
[2018.09.11-20.59.10:259][671]LogModuleManager: Shutting down and abandoning module DatasmithContent (342)
[2018.09.11-20.59.10:260][671]LogModuleManager: Shutting down and abandoning module SpeedTreeImporter (340)
[2018.09.11-20.59.10:260][671]LogModuleManager: Shutting down and abandoning module PluginBrowser (338)
[2018.09.11-20.59.10:260][671]LogModuleManager: Shutting down and abandoning module MobileLauncherProfileWizard (336)
[2018.09.11-20.59.10:260][671]LogModuleManager: Shutting down and abandoning module PolygonModeling (334)
[2018.09.11-20.59.10:260][671]LogModuleManager: Shutting down and abandoning module MeshEditor (332)
[2018.09.11-20.59.10:260][671]LogModuleManager: Shutting down and abandoning module CryptoKeysOpenSSL (330)
[2018.09.11-20.59.10:260][671]LogModuleManager: Shutting down and abandoning module CryptoKeys (328)
[2018.09.11-20.59.10:260][671]LogModuleManager: Shutting down and abandoning module VisualStudioSourceCodeAccess (326)
[2018.09.11-20.59.10:260][671]LogModuleManager: Shutting down and abandoning module VisualStudioCodeSourceCodeAccess (324)
[2018.09.11-20.59.10:260][671]LogModuleManager: Shutting down and abandoning module UObjectPlugin (322)
[2018.09.11-20.59.10:260][671]LogModuleManager: Shutting down and abandoning module SubversionSourceControl (320)
[2018.09.11-20.59.10:260][671]LogModuleManager: Shutting down and abandoning module PerforceSourceControl (318)
[2018.09.11-20.59.10:260][671]LogModuleManager: Shutting down and abandoning module GitSourceControl (316)
[2018.09.11-20.59.10:260][671]LogModuleManager: Shutting down and abandoning module SourceControl (315)
[2018.09.11-20.59.10:260][671]LogModuleManager: Shutting down and abandoning module CLionSourceCodeAccess (312)
[2018.09.11-20.59.10:260][671]LogModuleManager: Shutting down and abandoning module LightPropagationVolumeEditor (310)
[2018.09.11-20.59.10:260][671]LogModuleManager: Shutting down and abandoning module PaperTiledImporter (308)
[2018.09.11-20.59.10:260][671]LogModuleManager: Shutting down and abandoning module PaperSpriteSheetImporter (306)
[2018.09.11-20.59.10:260][671]LogModuleManager: Shutting down and abandoning module Paper2DEditor (304)
[2018.09.11-20.59.10:260][671]LogModuleManager: Shutting down and abandoning module MeshPaint (303)
[2018.09.11-20.59.10:260][671]LogModuleManager: Shutting down and abandoning module RuntimePhysXCooking (300)
[2018.09.11-20.59.10:260][671]LogModuleManager: Shutting down and abandoning module PhysXVehiclesEditor (298)
[2018.09.11-20.59.10:260][671]LogModuleManager: Shutting down and abandoning module PhysXVehicles (296)
[2018.09.11-20.59.10:261][671]LogModuleManager: Shutting down and abandoning module OculusEditor (294)
[2018.09.11-20.59.10:261][671]LogModuleManager: Shutting down and abandoning module LocationServicesBPLibrary (292)
[2018.09.11-20.59.10:261][671]LogModuleManager: Shutting down and abandoning module ImmediatePhysicsEditor (290)
[2018.09.11-20.59.10:261][671]LogModuleManager: Shutting down and abandoning module ImmediatePhysics (288)
[2018.09.11-20.59.10:261][671]LogModuleManager: Shutting down and abandoning module ActorSequence (286)
[2018.09.11-20.59.10:261][671]LogModuleManager: Shutting down and abandoning module UdpMessaging (284)
[2018.09.11-20.59.10:361][671]LogModuleManager: Shutting down and abandoning module TcpMessaging (282)
[2018.09.11-20.59.10:462][671]LogModuleManager: Shutting down and abandoning module SubstanceCore (280)
[2018.09.11-20.59.10:462][671]LogModuleManager: Shutting down and abandoning module MagicLeapAudio (278)
[2018.09.11-20.59.10:462][671]LogModuleManager: Shutting down and abandoning module GameplayTagsEditor (276)
[2018.09.11-20.59.10:462][671]LogModuleManager: Shutting down and abandoning module FacialAnimationEditor (274)
[2018.09.11-20.59.10:462][671]LogModuleManager: Shutting down and abandoning module FacialAnimation (272)
[2018.09.11-20.59.10:462][671]LogModuleManager: Shutting down and abandoning module DataValidation (270)
[2018.09.11-20.59.10:462][671]LogModuleManager: Shutting down and abandoning module AssetManagerEditor (268)
[2018.09.11-20.59.10:462][671]LogModuleManager: Shutting down and abandoning module LevelEditor (267)
[2018.09.11-20.59.10:463][671]LogModuleManager: Shutting down and abandoning module PixelInspectorModule (266)
[2018.09.11-20.59.10:463][671]LogModuleManager: Shutting down and abandoning module CommonMenuExtensions (264)
[2018.09.11-20.59.10:463][671]LogModuleManager: Shutting down and abandoning module MainFrame (262)
[2018.09.11-20.59.10:463][671]LogModuleManager: Shutting down and abandoning module HotReload (261)
[2018.09.11-20.59.10:464][671]LogModuleManager: Shutting down and abandoning module ContentBrowser (257)
[2018.09.11-20.59.10:465][671]LogModuleManager: Shutting down and abandoning module TreeMap (255)
[2018.09.11-20.59.10:466][671]LogModuleManager: Shutting down and abandoning module LightPropagationVolumeRuntime (252)
[2018.09.11-20.59.10:466][671]LogModuleManager: Shutting down and abandoning module AISupportModule (250)
[2018.09.11-20.59.10:466][671]LogModuleManager: Shutting down and abandoning module Paper2D (248)
[2018.09.11-20.59.10:466][671]LogModuleManager: Shutting down and abandoning module WindowsMoviePlayer (246)
[2018.09.11-20.59.10:466][671]LogModuleManager: Shutting down and abandoning module WmfMedia (244)
[2018.09.11-20.59.10:467][671]LogModuleManager: Shutting down and abandoning module Media (243)
[2018.09.11-20.59.10:473][671]LogModuleManager: Shutting down and abandoning module PacketHandler (240)
[2018.09.11-20.59.10:473][671]LogModuleManager: Shutting down and abandoning module ClothingSystemEditor (238)
[2018.09.11-20.59.10:473][671]LogModuleManager: Shutting down and abandoning module ClothingSystemRuntime (236)
[2018.09.11-20.59.10:473][671]LogModuleManager: Shutting down and abandoning module MediaAssets (234)
[2018.09.11-20.59.10:473][671]LogModuleManager: Shutting down and abandoning module Overlay (232)
[2018.09.11-20.59.10:473][671]LogModuleManager: Shutting down and abandoning module OverlayEditor (231)
[2018.09.11-20.59.10:473][671]LogModuleManager: Shutting down and abandoning module VREditor (228)
[2018.09.11-20.59.10:473][671]LogModuleManager: Shutting down and abandoning module StringTableEditor (226)
[2018.09.11-20.59.10:473][671]LogModuleManager: Shutting down and abandoning module GameplayTasksEditor (224)
[2018.09.11-20.59.10:473][671]LogModuleManager: Shutting down and abandoning module BehaviorTreeEditor (222)
[2018.09.11-20.59.10:473][671]LogModuleManager: Shutting down and abandoning module FunctionalTesting (220)
[2018.09.11-20.59.10:473][671]LogModuleManager: Shutting down and abandoning module CollisionAnalyzer (218)
[2018.09.11-20.59.10:473][671]LogModuleManager: Shutting down and abandoning module WorkspaceMenuStructure (217)
[2018.09.11-20.59.10:474][671]LogModuleManager: Shutting down and abandoning module UMG (214)
[2018.09.11-20.59.10:474][671]LogModuleManager: Shutting down and abandoning module UMGEditor (213)
[2018.09.11-20.59.10:474][671]LogModuleManager: Shutting down and abandoning module Sequencer (212)
[2018.09.11-20.59.10:474][671]LogModuleManager: Shutting down and abandoning module MessageLog (209)
[2018.09.11-20.59.10:474][671]LogModuleManager: Shutting down and abandoning module SlateReflector (204)
[2018.09.11-20.59.10:474][671]LogModuleManager: Shutting down and abandoning module Slate (202)
[2018.09.11-20.59.10:474][671]LogModuleManager: Shutting down and abandoning module EditorStyle (200)
[2018.09.11-20.59.10:475][671]LogModuleManager: Shutting down and abandoning module MRMesh (198)
[2018.09.11-20.59.10:476][671]LogModuleManager: Shutting down and abandoning module SourceCodeAccess (196)
[2018.09.11-20.59.10:476][671]LogModuleManager: Shutting down and abandoning module HeadMountedDisplay (194)
[2018.09.11-20.59.10:476][671]LogModuleManager: Shutting down and abandoning module XAudio2 (192)
[2018.09.11-20.59.10:476][671]LogModuleManager: Shutting down and abandoning module Networking (190)
[2018.09.11-20.59.10:476][671]LogModuleManager: Shutting down and abandoning module Core (188)
[2018.09.11-20.59.10:476][671]LogModuleManager: Shutting down and abandoning module LevelSequence (186)
[2018.09.11-20.59.10:476][671]LogModuleManager: Shutting down and abandoning module KismetCompiler (184)
[2018.09.11-20.59.10:476][671]LogModuleManager: Shutting down and abandoning module MeshUtilities (182)
[2018.09.11-20.59.10:476][671]LogModuleManager: Shutting down and abandoning module MeshMergeUtilities (181)
[2018.09.11-20.59.10:476][671]LogModuleManager: Shutting down and abandoning module MeshReductionInterface (180)
[2018.09.11-20.59.10:476][671]LogModuleManager: Shutting down and abandoning module SimplygonSwarm (179)
[2018.09.11-20.59.10:476][671]LogModuleManager: Shutting down and abandoning module ProxyLODMeshReduction (177)
[2018.09.11-20.59.10:476][671]LogModuleManager: Shutting down and abandoning module SimplygonMeshReduction (175)
[2018.09.11-20.59.10:476][671]LogModuleManager: Shutting down and abandoning module QuadricMeshReduction (173)
[2018.09.11-20.59.10:476][671]LogModuleManager: Shutting down and abandoning module MaterialBaking (169)
[2018.09.11-20.59.10:476][671]LogModuleManager: Shutting down and abandoning module DirectoryWatcher (165)
[2018.09.11-20.59.10:476][671]LogModuleManager: Shutting down and abandoning module DerivedDataCache (162)
[2018.09.11-20.59.10:478][671]LogDerivedDataCache: Shutdown
[2018.09.11-20.59.10:478][671]LogModuleManager: Shutting down and abandoning module XGEController (160)
[2018.09.11-20.59.10:478][671]LogXGEController: Cleaning working directory: C:/Users/mikey/AppData/Local/Temp/UnrealXGEWorkingDir/
[2018.09.11-20.59.10:478][671]LogModuleManager: Shutting down and abandoning module TargetPlatform (158)
[2018.09.11-20.59.10:478][671]LogModuleManager: Shutting down and abandoning module VulkanShaderFormat (157)
[2018.09.11-20.59.10:478][671]LogModuleManager: Shutting down and abandoning module ShaderFormatVectorVM (155)
[2018.09.11-20.59.10:478][671]LogModuleManager: Shutting down and abandoning module ShaderFormatOpenGL (153)
[2018.09.11-20.59.10:478][671]LogModuleManager: Shutting down and abandoning module ShaderFormatD3D (151)
[2018.09.11-20.59.10:478][671]LogModuleManager: Shutting down and abandoning module MetalShaderFormat (149)
[2018.09.11-20.59.10:478][671]LogModuleManager: Shutting down and abandoning module TextureFormatUncompressed (147)
[2018.09.11-20.59.10:478][671]LogModuleManager: Shutting down and abandoning module TextureFormatPVR (145)
[2018.09.11-20.59.10:478][671]LogModuleManager: Shutting down and abandoning module TextureFormatDXT (143)
[2018.09.11-20.59.10:478][671]LogModuleManager: Shutting down and abandoning module TextureFormatIntelISPCTexComp (141)
[2018.09.11-20.59.10:478][671]LogModuleManager: Shutting down and abandoning module TextureFormatASTC (139)
[2018.09.11-20.59.10:478][671]LogModuleManager: Shutting down and abandoning module ImageWrapper (138)
[2018.09.11-20.59.10:478][671]LogModuleManager: Shutting down and abandoning module TextureFormatAndroid (135)
[2018.09.11-20.59.10:478][671]LogModuleManager: Shutting down and abandoning module AudioFormatOpus (133)
[2018.09.11-20.59.10:478][671]LogModuleManager: Shutting down and abandoning module AudioFormatOgg (131)
[2018.09.11-20.59.10:479][671]LogModuleManager: Shutting down and abandoning module AudioFormatADPCM (129)
[2018.09.11-20.59.10:479][671]LogModuleManager: Shutting down and abandoning module LuminTargetPlatform (127)
[2018.09.11-20.59.10:479][671]LogModuleManager: Shutting down and abandoning module LinuxTargetPlatform (125)
[2018.09.11-20.59.10:479][671]LogModuleManager: Shutting down and abandoning module LinuxServerTargetPlatform (123)
[2018.09.11-20.59.10:479][671]LogModuleManager: Shutting down and abandoning module LinuxNoEditorTargetPlatform (121)
[2018.09.11-20.59.10:479][671]LogModuleManager: Shutting down and abandoning module LinuxClientTargetPlatform (119)
[2018.09.11-20.59.10:479][671]LogModuleManager: Shutting down and abandoning module TVOSTargetPlatform (117)
[2018.09.11-20.59.10:479][671]LogModuleManager: Shutting down and abandoning module Messaging (115)
[2018.09.11-20.59.10:479][671]LogModuleManager: Shutting down and abandoning module IOSTargetPlatform (113)
[2018.09.11-20.59.10:480][671]LogModuleManager: Shutting down and abandoning module HTML5TargetPlatform (111)
[2018.09.11-20.59.10:480][671]LogModuleManager: Shutting down and abandoning module AndroidTargetPlatform (109)
[2018.09.11-20.59.10:487][671]LogModuleManager: Shutting down and abandoning module WindowsTargetPlatform (107)
[2018.09.11-20.59.10:487][671]LogModuleManager: Shutting down and abandoning module WindowsServerTargetPlatform (105)
[2018.09.11-20.59.10:487][671]LogModuleManager: Shutting down and abandoning module WindowsNoEditorTargetPlatform (103)
[2018.09.11-20.59.10:487][671]LogModuleManager: Shutting down and abandoning module WindowsClientTargetPlatform (101)
[2018.09.11-20.59.10:487][671]LogModuleManager: Shutting down and abandoning module MacTargetPlatform (99)
[2018.09.11-20.59.10:487][671]LogModuleManager: Shutting down and abandoning module MacServerTargetPlatform (97)
[2018.09.11-20.59.10:487][671]LogModuleManager: Shutting down and abandoning module MacNoEditorTargetPlatform (95)
[2018.09.11-20.59.10:487][671]LogModuleManager: Shutting down and abandoning module MacClientTargetPlatform (93)
[2018.09.11-20.59.10:487][671]LogModuleManager: Shutting down and abandoning module AllDesktopTargetPlatform (91)
[2018.09.11-20.59.10:487][671]LogModuleManager: Shutting down and abandoning module InputCore (88)
[2018.09.11-20.59.10:487][671]LogModuleManager: Shutting down and abandoning module Settings (86)
[2018.09.11-20.59.10:487][671]LogModuleManager: Shutting down and abandoning module PhysXCooking (84)
[2018.09.11-20.59.10:487][671]LogModuleManager: Shutting down and abandoning module SteamVR (82)
[2018.09.11-20.59.10:487][671]LogModuleManager: Shutting down and abandoning module OculusHMD (80)
[2018.09.11-20.59.10:487][671]LogModuleManager: Shutting down and abandoning module ExampleDeviceProfileSelector (78)
[2018.09.11-20.59.10:487][671]LogModuleManager: Shutting down and abandoning module LauncherChunkInstaller (76)
[2018.09.11-20.59.10:487][671]LogModuleManager: Shutting down and abandoning module OnlineBlueprintSupport (74)
[2018.09.11-20.59.10:487][671]LogModuleManager: Shutting down and abandoning module OnlineSubsystem (70)
[2018.09.11-20.59.10:488][671]LogModuleManager: Shutting down and abandoning module XMPP (65)
[2018.09.11-20.59.10:488][671]LogModuleManager: Shutting down and abandoning module WebSockets (64)
[2018.09.11-20.59.10:510][671]LogModuleManager: Shutting down and abandoning module HTTP (61)
[2018.09.11-20.59.10:510][671]LogHttp: Display: Http module shutting down, but needs to wait on 1 outstanding Http requests:
[2018.09.11-20.59.10:510][671]LogHttp: Display: 	verb=[POST] url=[https://datarouter.ol.epicgames.com/datarouter/api/v1/public/data?SessionID=%7B24E6232F-4615-1B59-F810-B49822D2D159%7D&AppID=UEEditor.Rocket.Release&AppVersion=4.20.0-4212847%2B%2B%2BUE4%2BRelease-4.20&UserID=ec07022c4af9fd51145d0db19289c0e8%7C9aea4035aae84fc6a50e2bbd0bcac9c5%7Ccbe8bf3f-5855-4af8-b073-42d59ac0a56b&AppEnvironment=datacollector-binary&UploadType=eteventstream] status=Processing
[2018.09.11-20.59.10:523][671]LogModuleManager: Shutting down and abandoning module SSL (60)
[2018.09.11-20.59.10:524][671]LogModuleManager: Shutting down and abandoning module MagicLeapEmulator (56)
[2018.09.11-20.59.10:524][671]LogModuleManager: Shutting down and abandoning module MagicLeapPrivileges (54)
[2018.09.11-20.59.10:524][671]LogModuleManager: Shutting down and abandoning module MagicLeapIdentity (52)
[2018.09.11-20.59.10:524][671]LogModuleManager: Shutting down and abandoning module MagicLeapHelperVulkan (50)
[2018.09.11-20.59.10:524][671]LogModuleManager: Shutting down and abandoning module MagicLeapHelperOpenGL (48)
[2018.09.11-20.59.10:524][671]LogModuleManager: Shutting down and abandoning module MagicLeapSecureStorage (46)
[2018.09.11-20.59.10:524][671]LogModuleManager: Shutting down and abandoning module MagicLeapGestures (44)
[2018.09.11-20.59.10:524][671]LogModuleManager: Shutting down and abandoning module MagicLeapEyeTracker (42)
[2018.09.11-20.59.10:524][671]LogModuleManager: Shutting down and abandoning module MagicLeapController (40)
[2018.09.11-20.59.10:524][671]LogSlate: Slate User Destroyed.  User Index 0, Is Virtual User: 0
[2018.09.11-20.59.10:527][671]LogModuleManager: Shutting down and abandoning module MagicLeap (38)
[2018.09.11-20.59.10:527][671]LogModuleManager: Shutting down and abandoning module AnimationModifiers (36)
[2018.09.11-20.59.10:527][671]LogModuleManager: Shutting down and abandoning module PropertyEditor (35)
[2018.09.11-20.59.10:527][671]LogModuleManager: Shutting down and abandoning module AudioEditor (32)
[2018.09.11-20.59.10:527][671]LogModuleManager: Shutting down and abandoning module TextureCompressor (30)
[2018.09.11-20.59.10:527][671]LogModuleManager: Shutting down and abandoning module ShaderCore (28)
[2018.09.11-20.59.10:527][671]LogModuleManager: Shutting down and abandoning module Landscape (26)
[2018.09.11-20.59.10:527][671]LogModuleManager: Shutting down and abandoning module SlateRHIRenderer (24)
[2018.09.11-20.59.10:527][671]LogModuleManager: Shutting down and abandoning module OpenGLDrv (22)
[2018.09.11-20.59.10:527][671]LogModuleManager: Shutting down and abandoning module D3D11RHI (20)
[2018.09.11-20.59.10:527][671]LogModuleManager: Shutting down and abandoning module AnimGraphRuntime (18)
[2018.09.11-20.59.10:527][671]LogModuleManager: Shutting down and abandoning module Renderer (16)
[2018.09.11-20.59.10:527][671]LogModuleManager: Shutting down and abandoning module Engine (14)
[2018.09.11-20.59.10:527][671]LogModuleManager: Shutting down and abandoning module CoreUObject (12)
[2018.09.11-20.59.10:527][671]LogModuleManager: Shutting down and abandoning module NetworkFile (10)
[2018.09.11-20.59.10:528][671]LogModuleManager: Shutting down and abandoning module CookedIterativeFile (8)
[2018.09.11-20.59.10:528][671]LogModuleManager: Shutting down and abandoning module StreamingFile (6)
[2018.09.11-20.59.10:528][671]LogModuleManager: Shutting down and abandoning module SandboxFile (4)
[2018.09.11-20.59.10:528][671]LogModuleManager: Shutting down and abandoning module PakFile (2)
[2018.09.11-20.59.10:533][671]LogExit: Exiting.
[2018.09.11-20.59.10:536][671]Log file closed, 09/11/18 21:59:10
