Log file open, 09/13/18 21:19:37
LogWindows: Failed to load 'aqProf.dll' (GetLastError=126)
LogWindows: File 'aqProf.dll' does not exist
LogWindows: Failed to load 'VtuneApi.dll' (GetLastError=126)
LogWindows: File 'VtuneApi.dll' does not exist
LogWindows: Failed to load 'VtuneApi32e.dll' (GetLastError=126)
LogWindows: File 'VtuneApi32e.dll' does not exist
LogInit: Display: Running engine for game: BeyondHuman
LogPlatformFile: Not using cached read wrapper
LogTaskGraph: Started task graph with 5 named threads and 23 total threads with 3 sets of task threads.
LogStats: Stats thread started at 0.299953
LogD3D11RHI: Loaded GFSDK_Aftermath_Lib.x64.dll
LogICUInternationalization: Display: ICU TimeZone Detection - Raw Offset: +0:00, Platform Override: ''
LogPluginManager: Mounting plugin Paper2D
LogPluginManager: Mounting plugin AISupport
LogPluginManager: Mounting plugin LightPropagationVolume
LogPluginManager: Mounting plugin CLionSourceCodeAccess
LogPluginManager: Mounting plugin CodeLiteSourceCodeAccess
LogPluginManager: Mounting plugin GitSourceControl
LogPluginManager: Mounting plugin KDevelopSourceCodeAccess
LogPluginManager: Mounting plugin NullSourceCodeAccess
LogPluginManager: Mounting plugin PerforceSourceControl
LogPluginManager: Mounting plugin SubversionSourceControl
LogPluginManager: Mounting plugin UObjectPlugin
LogPluginManager: Mounting plugin VisualStudioCodeSourceCodeAccess
LogPluginManager: Mounting plugin VisualStudioSourceCodeAccess
LogPluginManager: Mounting plugin XCodeSourceCodeAccess
LogPluginManager: Mounting plugin AssetManagerEditor
LogPluginManager: Mounting plugin CryptoKeys
LogPluginManager: Mounting plugin DataValidation
LogPluginManager: Mounting plugin FacialAnimation
LogPluginManager: Mounting plugin GameplayTagsEditor
LogPluginManager: Mounting plugin MacGraphicsSwitching
LogPluginManager: Mounting plugin MeshEditor
LogPluginManager: Mounting plugin MobileLauncherProfileWizard
LogPluginManager: Mounting plugin PluginBrowser
LogPluginManager: Mounting plugin SpeedTreeImporter
LogPluginManager: Mounting plugin DatasmithContent
LogPluginManager: Mounting plugin AlembicImporter
LogPluginManager: Mounting plugin AppleImageUtils
LogPluginManager: Mounting plugin AppleVision
LogPluginManager: Mounting plugin BackChannel
LogPluginManager: Mounting plugin CharacterAI
LogPluginManager: Mounting plugin GeometryCache
LogPluginManager: Mounting plugin HTML5Networking
LogPluginManager: Mounting plugin ProxyLODPlugin
LogPluginManager: Mounting plugin MagicLeap
LogPluginManager: Mounting plugin MagicLeapEmulator
LogPluginManager: Mounting plugin MagicLeapMedia
LogPluginManager: Mounting plugin Substance
LogPluginManager: Mounting plugin AndroidMedia
LogPluginManager: Mounting plugin AvfMedia
LogPluginManager: Mounting plugin ImgMedia
LogPluginManager: Mounting plugin LinearTimecode
LogPluginManager: Mounting plugin MediaCompositing
LogPluginManager: Mounting plugin MediaPlayerEditor
LogPluginManager: Mounting plugin WmfMedia
LogPluginManager: Mounting plugin TcpMessaging
LogPluginManager: Mounting plugin UdpMessaging
LogPluginManager: Mounting plugin ActorSequence
LogPluginManager: Mounting plugin LevelSequenceEditor
LogPluginManager: Mounting plugin MatineeToLevelSequence
LogPluginManager: Mounting plugin NetcodeUnitTest
LogPluginManager: Mounting plugin NUTUnrealEngine4
LogPluginManager: Mounting plugin OnlineSubsystemGooglePlay
LogPluginManager: Mounting plugin OnlineSubsystemIOS
LogPluginManager: Mounting plugin OnlineSubsystem
LogPluginManager: Mounting plugin OnlineSubsystemNull
LogPluginManager: Mounting plugin OnlineSubsystemUtils
LogPluginManager: Mounting plugin LauncherChunkInstaller
LogPluginManager: Mounting plugin AndroidDeviceProfileSelector
LogPluginManager: Mounting plugin AndroidMoviePlayer
LogPluginManager: Mounting plugin AndroidPermission
LogPluginManager: Mounting plugin AppleMoviePlayer
LogPluginManager: Mounting plugin ArchVisCharacter
LogPluginManager: Mounting plugin AudioCapture
LogPluginManager: Mounting plugin CableComponent
LogPluginManager: Mounting plugin CustomMeshComponent
LogPluginManager: Mounting plugin EditableMesh
LogPluginManager: Mounting plugin ExampleDeviceProfileSelector
LogPluginManager: Mounting plugin GoogleCloudMessaging
LogPluginManager: Mounting plugin ImmediatePhysics
LogPluginManager: Mounting plugin IOSDeviceProfileSelector
LogPluginManager: Mounting plugin LinuxDeviceProfileSelector
LogPluginManager: Mounting plugin LocationServicesBPLibrary
LogPluginManager: Mounting plugin MobilePatchingUtils
LogPluginManager: Mounting plugin OculusVR
LogPluginManager: Plugin shader directory ../../../Engine/Plugins/Runtime/Oculus/OculusVR/Shaders found
LogPluginManager: Mapping shader source directory ../../../Engine/Plugins/Runtime/Oculus/OculusVR/Shaders to virtual directory /Plugin/OculusVR
LogPluginManager: Mounting plugin PhysXVehicles
LogPluginManager: Mounting plugin ProceduralMeshComponent
LogPluginManager: Mounting plugin RuntimePhysXCooking
LogPluginManager: Mounting plugin SteamVR
LogPluginManager: Mounting plugin WindowsMoviePlayer
LogStreaming: Display: Took  0.102s to configure plugins.
LogInit: Using libcurl 7.55.1-DEV
LogInit:  - built for x86_64-pc-win32
LogInit:  - supports SSL with OpenSSL/1.0.2h
LogInit:  - supports HTTP deflate (compression) using libz 1.2.8
LogInit:  - other features:
LogInit:      CURL_VERSION_SSL
LogInit:      CURL_VERSION_LIBZ
LogInit:      CURL_VERSION_IPV6
LogInit:      CURL_VERSION_ASYNCHDNS
LogInit:      CURL_VERSION_LARGEFILE
LogInit:      CURL_VERSION_IDN
LogInit:  CurlRequestOptions (configurable via config and command line):
LogInit:  - bVerifyPeer = false  - Libcurl will NOT verify peer certificate
LogInit:  - bUseHttpProxy = false  - Libcurl will NOT use HTTP proxy
LogInit:  - bDontReuseConnections = false  - Libcurl will reuse connections
LogInit:  - CertBundlePath = nullptr  - Libcurl will use whatever was configured at build time.
LogInit:  - MaxHostConnections = 16  - Libcurl will limit the number of connections to a host
LogInit:  - LocalHostAddr = Default
LogInit:  - BufferSize = 65536
LogInit: WinSock: version 1.1 (2.2), MaxSocks=32767, MaxUdp=65467
LogInit: Build: ++UE4+Release-4.20-CL-4212847
LogInit: Engine Version: 4.20.0-4212847+++UE4+Release-4.20
LogInit: Compatible Engine Version: 4.20.0-4212847+++UE4+Release-4.20
LogInit: Net CL: 4212847
LogInit: OS: Windows 10 (), CPU:        Intel(R) Core(TM) i7-2600K CPU @ 3.40GHz, GPU: NVIDIA GeForce GTX 970
LogInit: Compiled (64-bit): Jul 14 2018 09:51:14
LogInit: Compiled with Visual C++: 19.13.26129.00
LogInit: Build Configuration: Development
LogInit: Branch Name: ++UE4+Release-4.20
LogInit: Command Line:  
LogInit: Base Directory: C:/Program Files/Epic Games/UE_4.20/Engine/Binaries/Win64/
LogInit: Installed Engine Build: 1
LogDevObjectVersion: Number of dev versions registered: 20
LogDevObjectVersion:   Dev-Blueprints (B0D832E4-1F89-4F0D-ACCF-7EB736FD4AA2): 10
LogDevObjectVersion:   Dev-Build (E1C64328-A22C-4D53-A36C-8E866417BD8C): 0
LogDevObjectVersion:   Dev-Core (375EC13C-06E4-48FB-B500-84F0262A717E): 2
LogDevObjectVersion:   Dev-Editor (E4B068ED-F494-42E9-A231-DA0B2E46BB41): 24
LogDevObjectVersion:   Dev-Framework (CFFC743F-43B0-4480-9391-14DF171D2073): 34
LogDevObjectVersion:   Dev-Mobile (B02B49B5-BB20-44E9-A304-32B752E40360): 2
LogDevObjectVersion:   Dev-Networking (A4E4105C-59A1-49B5-A7C5-40C4547EDFEE): 0
LogDevObjectVersion:   Dev-Online (39C831C9-5AE6-47DC-9A44-9C173E1C8E7C): 0
LogDevObjectVersion:   Dev-Physics (78F01B33-EBEA-4F98-B9B4-84EACCB95AA2): 0
LogDevObjectVersion:   Dev-Platform (6631380F-2D4D-43E0-8009-CF276956A95A): 0
LogDevObjectVersion:   Dev-Rendering (12F88B9F-8875-4AFC-A67C-D90C383ABD29): 26
LogDevObjectVersion:   Dev-Sequencer (7B5AE74C-D270-4C10-A958-57980B212A5A): 9
LogDevObjectVersion:   Dev-VR (D7296918-1DD6-4BDD-9DE2-64A83CC13884): 2
LogDevObjectVersion:   Dev-LoadTimes (C2A15278-BFE7-4AFE-6C17-90FF531DF755): 1
LogDevObjectVersion:   Private-Geometry (6EACA3D4-40EC-4CC1-B786-8BED09428FC5): 3
LogDevObjectVersion:   Dev-AnimPhys (29E575DD-E0A3-4627-9D10-D276232CDCEA): 17
LogDevObjectVersion:   Dev-ReflectionCapture (6B266CEC-1EC7-4B8F-A30B-E4D90942FC07): 1
LogDevObjectVersion:   Dev-Automation (0DF73D61-A23F-47EA-B727-89E90C41499A): 1
LogDevObjectVersion:   FortniteMain (601D1886-AC64-4F84-AA16-D3DE0DEAC7D6): 12
LogDevObjectVersion:   Dev-Enterprise (9DFFBCD6-494F-0158-E221-12823C92A888): 1
LogStreaming: Display: Took  0.003s to delete old logs.
LogInit: Presizing for max 8388607 objects, including 0 objects not considered by GC, pre-allocating 0 bytes for permanent pool.
LogInit: Object subsystem initialized
[2018.09.13-20.19.37:904][  0]LogInit: Selected Device Profile: [Windows]
[2018.09.13-20.19.37:904][  0]LogInit: Applying CVar settings loaded from the selected device profile: [Windows]
[2018.09.13-20.19.37:914][  0]LogHAL: Display: Platform has ~ 16 GB [17160146944 / 17179869184 / 16], which maps to Larger [LargestMinGB=32, LargerMinGB=12, DefaultMinGB=8, SmallerMinGB=6, SmallestMinGB=0)
[2018.09.13-20.19.37:914][  0]LogInit: Setting Device Profile CVar: [[r.Vulkan.UseRealUBs:1]]
[2018.09.13-20.19.37:914][  0]LogInit: Going up to parent DeviceProfile []
[2018.09.13-20.19.37:914][  0]LogInit: Computer: DESKTOP-45O6R3R
[2018.09.13-20.19.37:914][  0]LogInit: User: mikey
[2018.09.13-20.19.37:914][  0]LogInit: CPU Page size=4096, Cores=4
[2018.09.13-20.19.37:914][  0]LogInit: High frequency timer resolution =3.331194 MHz
[2018.09.13-20.19.37:914][  0]LogMemory: Memory total: Physical=16.0GB (16GB approx)
[2018.09.13-20.19.37:914][  0]LogMemory: Platform Memory Stats for Windows
[2018.09.13-20.19.37:914][  0]LogMemory: Process Physical Memory: 100.01 MB used, 100.01 MB peak
[2018.09.13-20.19.37:914][  0]LogMemory: Process Virtual Memory: 91.14 MB used, 91.14 MB peak
[2018.09.13-20.19.37:914][  0]LogMemory: Physical Memory: 5268.88 MB used,  11096.32 MB free, 16365.19 MB total
[2018.09.13-20.19.37:914][  0]LogMemory: Virtual Memory: 4640.43 MB used,  11096.32 MB free, 134217728.00 MB total
[2018.09.13-20.19.37:978][  0]LogInit: Using OS detected language (en-US).
[2018.09.13-20.19.37:978][  0]LogInit: Using OS detected locale (en-GB).
[2018.09.13-20.19.37:979][  0]LogTextLocalizationManager: No specific localization for 'en-US' exists, so the 'en' localization will be used.
[2018.09.13-20.19.38:455][  0]LogStreaming: Display: Took  0.477s to InitEngineTextLocalization.
[2018.09.13-20.19.38:455][  0]LogInit: Setting process to per monitor DPI aware
[2018.09.13-20.19.38:502][  0]LogSlate: New Slate User Created.  User Index 0, Is Virtual User: 0
[2018.09.13-20.19.38:502][  0]LogSlate: Slate User Registered.  User Index 0, Is Virtual User: 0
[2018.09.13-20.19.38:778][  0]LogHMD: Failed to initialize OpenVR with code 126
[2018.09.13-20.19.38:778][  0]LogD3D11RHI: D3D11 adapters:
[2018.09.13-20.19.38:844][  0]LogD3D11RHI:    0. 'NVIDIA GeForce GTX 970' (Feature Level 11_0)
[2018.09.13-20.19.38:844][  0]LogD3D11RHI:       4058/0/8182 MB DedicatedVideo/DedicatedSystem/SharedSystem, Outputs:3, VendorId:0x10de
[2018.09.13-20.19.38:846][  0]LogD3D11RHI:    1. 'Microsoft Basic Render Driver' (Feature Level 11_0)
[2018.09.13-20.19.38:846][  0]LogD3D11RHI:       0/0/8182 MB DedicatedVideo/DedicatedSystem/SharedSystem, Outputs:0, VendorId:0x1414
[2018.09.13-20.19.38:846][  0]LogD3D11RHI: Chosen D3D11 Adapter: 0
[2018.09.13-20.19.38:853][  0]LogD3D11RHI: Creating new Direct3DDevice
[2018.09.13-20.19.38:854][  0]LogD3D11RHI:     GPU DeviceId: 0x13c2 (for the marketing name, search the web for "GPU Device Id")
[2018.09.13-20.19.38:854][  0]LogWindows: EnumDisplayDevices:
[2018.09.13-20.19.38:854][  0]LogWindows:    0. 'NVIDIA GeForce GTX 970' (P:1 D:1)
[2018.09.13-20.19.38:854][  0]LogWindows:    1. 'NVIDIA GeForce GTX 970' (P:0 D:1)
[2018.09.13-20.19.38:854][  0]LogWindows:    2. 'NVIDIA GeForce GTX 970' (P:0 D:1)
[2018.09.13-20.19.38:854][  0]LogWindows:    3. 'NVIDIA GeForce GTX 970' (P:0 D:0)
[2018.09.13-20.19.38:855][  0]LogWindows: DebugString: FoundDriverCount:4 
[2018.09.13-20.19.38:855][  0]LogD3D11RHI:     Adapter Name: NVIDIA GeForce GTX 970
[2018.09.13-20.19.38:855][  0]LogD3D11RHI:   Driver Version: 388.13 (internal:23.21.13.8813, unified:388.13)
[2018.09.13-20.19.38:855][  0]LogD3D11RHI:      Driver Date: 10-27-2017
[2018.09.13-20.19.38:855][  0]LogRHI: Texture pool is 2840 MB (70% of 4058 MB)
[2018.09.13-20.19.38:903][  0]LogD3D11RHI: Async texture creation enabled
[2018.09.13-20.19.38:929][  0]LogD3D11RHI: GPU Timing Frequency: 1000.000000 (Debug: 2 1)
[2018.09.13-20.19.39:075][  0]LogShaderCompilers: Guid format shader working directory is 16 characters bigger than the processId version (E:/Unreal Projects/BeyondHuman/Intermediate/Shaders/WorkingDirectory/8804/).
[2018.09.13-20.19.39:076][  0]LogShaderCompilers: Cleaned the shader compiler working directory 'C:/Users/mikey/AppData/Local/Temp/UnrealShaderWorkingDir/DE4F63164FA80BC7E57A5ABBF065263C/'.
[2018.09.13-20.19.39:412][  0]LogTemp: Display: Loaded TP AllDesktopTargetPlatform
[2018.09.13-20.19.39:431][  0]LogTemp: Display: Loaded TP MacClientTargetPlatform
[2018.09.13-20.19.39:447][  0]LogTemp: Display: Loaded TP MacNoEditorTargetPlatform
[2018.09.13-20.19.39:466][  0]LogTemp: Display: Loaded TP MacServerTargetPlatform
[2018.09.13-20.19.39:486][  0]LogTemp: Display: Loaded TP MacTargetPlatform
[2018.09.13-20.19.39:508][  0]LogTemp: Display: Loaded TP WindowsClientTargetPlatform
[2018.09.13-20.19.39:526][  0]LogTemp: Display: Loaded TP WindowsNoEditorTargetPlatform
[2018.09.13-20.19.39:543][  0]LogTemp: Display: Loaded TP WindowsServerTargetPlatform
[2018.09.13-20.19.39:550][  0]LogTemp: Display: Loaded TP WindowsTargetPlatform
[2018.09.13-20.19.39:665][  0]LogTemp: Display: Loaded TP AndroidTargetPlatform
[2018.09.13-20.19.39:665][  0]LogTemp: Display: Loaded TP AndroidTargetPlatform
[2018.09.13-20.19.39:665][  0]LogTemp: Display: Loaded TP AndroidTargetPlatform
[2018.09.13-20.19.39:665][  0]LogTemp: Display: Loaded TP AndroidTargetPlatform
[2018.09.13-20.19.39:665][  0]LogTemp: Display: Loaded TP AndroidTargetPlatform
[2018.09.13-20.19.39:665][  0]LogTemp: Display: Loaded TP AndroidTargetPlatform
[2018.09.13-20.19.39:665][  0]LogTemp: Display: Loaded TP AndroidTargetPlatform
[2018.09.13-20.19.39:665][  0]LogTemp: Display: Loaded TP AndroidTargetPlatform
[2018.09.13-20.19.39:665][  0]LogTemp: Display: Loaded TP AndroidTargetPlatform
[2018.09.13-20.19.39:665][  0]LogTemp: Display: Loaded TP AndroidTargetPlatform
[2018.09.13-20.19.39:665][  0]LogTemp: Display: Loaded TP AndroidTargetPlatform
[2018.09.13-20.19.39:665][  0]LogTemp: Display: Loaded TP AndroidTargetPlatform
[2018.09.13-20.19.39:665][  0]LogTemp: Display: Loaded TP AndroidTargetPlatform
[2018.09.13-20.19.39:665][  0]LogTemp: Display: Loaded TP AndroidTargetPlatform
[2018.09.13-20.19.39:665][  0]LogTemp: Display: Loaded TP AndroidTargetPlatform
[2018.09.13-20.19.39:665][  0]LogTemp: Display: Loaded TP AndroidTargetPlatform
[2018.09.13-20.19.39:665][  0]LogTemp: Display: Loaded TP AndroidTargetPlatform
[2018.09.13-20.19.39:665][  0]LogTemp: Display: Loaded TP AndroidTargetPlatform
[2018.09.13-20.19.39:667][  0]LogTemp: Display: Loaded TP HTML5TargetPlatform
[2018.09.13-20.19.39:737][  0]LogTemp: Display: Loaded TP IOSTargetPlatform
[2018.09.13-20.19.39:737][  0]LogTemp: Display: Loaded TP IOSTargetPlatform
[2018.09.13-20.19.39:769][  0]LogTemp: Display: Loaded TP TVOSTargetPlatform
[2018.09.13-20.19.39:769][  0]LogTemp: Display: Loaded TP TVOSTargetPlatform
[2018.09.13-20.19.39:785][  0]LogTemp: Display: Loaded TP LinuxClientTargetPlatform
[2018.09.13-20.19.39:801][  0]LogTemp: Display: Loaded TP LinuxNoEditorTargetPlatform
[2018.09.13-20.19.39:816][  0]LogTemp: Display: Loaded TP LinuxServerTargetPlatform
[2018.09.13-20.19.39:832][  0]LogTemp: Display: Loaded TP LinuxTargetPlatform
[2018.09.13-20.19.39:843][  0]LogTemp: Display: Loaded TP LuminTargetPlatform
[2018.09.13-20.19.39:844][  0]LogTargetPlatformManager: Display: Building Assets For Windows
[2018.09.13-20.19.39:918][  0]LogXGEController: Cleaning working directory: C:/Users/mikey/AppData/Local/Temp/UnrealXGEWorkingDir/
[2018.09.13-20.19.39:918][  0]LogXGEController: Cannot use XGE Controller as Incredibuild is not installed on this machine.
[2018.09.13-20.19.39:918][  0]LogShaderCompilers: Cannot use XGE Shader Compiler as Incredibuild is not installed on this machine.
[2018.09.13-20.19.39:918][  0]LogShaderCompilers: Display: Using Local Shader Compiler.
[2018.09.13-20.19.40:972][  0]LogDerivedDataCache: Display: Max Cache Size: 512 MB
[2018.09.13-20.19.41:041][  0]LogDerivedDataCache: Loaded boot cache 0.07s 71MB C:/Users/mikey/AppData/Local/UnrealEngine/4.20/DerivedDataCache/Boot.ddc.
[2018.09.13-20.19.41:041][  0]LogDerivedDataCache: Display: Loaded Boot cache: C:/Users/mikey/AppData/Local/UnrealEngine/4.20/DerivedDataCache/Boot.ddc
[2018.09.13-20.19.41:041][  0]LogDerivedDataCache: FDerivedDataBackendGraph:  Pak pak cache file E:/Unreal Projects/BeyondHuman/DerivedDataCache/DDC.ddp not found, will not use a pak cache.
[2018.09.13-20.19.41:041][  0]LogDerivedDataCache: Unable to find inner node Pak for hierarchical cache Hierarchy.
[2018.09.13-20.19.41:042][  0]LogDerivedDataCache: FDerivedDataBackendGraph:  CompressedPak pak cache file E:/Unreal Projects/BeyondHuman/DerivedDataCache/Compressed.ddp not found, will not use a pak cache.
[2018.09.13-20.19.41:042][  0]LogDerivedDataCache: Unable to find inner node CompressedPak for hierarchical cache Hierarchy.
[2018.09.13-20.19.41:058][  0]LogDerivedDataCache: Display: Pak cache opened for reading ../../../Engine/DerivedDataCache/Compressed.ddp.
[2018.09.13-20.19.41:070][  0]LogDerivedDataCache: Using Local data cache path C:/Users/mikey/AppData/Local/UnrealEngine/Common/DerivedDataCache: Writable
[2018.09.13-20.19.41:070][  0]LogDerivedDataCache: Shared data cache path not found in *engine.ini, will not use an Shared cache.
[2018.09.13-20.19.41:070][  0]LogDerivedDataCache: Unable to find inner node Shared for hierarchical cache Hierarchy.
[2018.09.13-20.19.41:095][  0]LogMaterial: Verifying Global Shaders for PCD3D_SM5
[2018.09.13-20.19.41:097][  0]LogSlate: Using FreeType 2.6.0
[2018.09.13-20.19.41:098][  0]LogSlate: SlateFontServices - WITH_FREETYPE: 1, WITH_HARFBUZZ: 1
[2018.09.13-20.19.41:193][  0]LogAssetRegistry: FAssetRegistry took 0.0295 seconds to start up
[2018.09.13-20.19.41:708][  0]LogInit: Selected Device Profile: [Windows]
[2018.09.13-20.19.41:903][  0]LogSimplygon: Simplygon DLL not present - disabling.
[2018.09.13-20.19.41:908][  0]LogMeshReduction: Using SimplygonSwarm for distributed automatic mesh merging
[2018.09.13-20.19.41:908][  0]LogMeshReduction: Using ProxyLODMeshReduction for automatic mesh merging
[2018.09.13-20.19.41:908][  0]LogMeshReduction: Using QuadricMeshReduction for automatic static mesh reduction
[2018.09.13-20.19.41:908][  0]LogMeshReduction: No automatic skeletal mesh reduction module available
[2018.09.13-20.19.41:938][  0]LogNetVersion: BeyondHuman 1.0.0, NetCL: 4212847, EngineNetVer: 5, GameNetVer: 0 (Checksum: 671501493)
[2018.09.13-20.19.42:553][  0]LogPackageLocalizationCache: Processed 11 localized package path(s) for 2 prioritized culture(s) in 0.102666 seconds
[2018.09.13-20.19.42:561][  0]LogUObjectArray: 38425 objects as part of root set at end of initial load.
[2018.09.13-20.19.42:561][  0]LogUObjectAllocator: 6690864 out of 0 bytes used by permanent object pool.
[2018.09.13-20.19.42:561][  0]LogUObjectArray: CloseDisregardForGC: 0/0 objects in disregard for GC pool
[2018.09.13-20.19.43:676][  0]LogSubstanceCoreModule: Substance [CPU] Engine Loaded, Max Texture Size = 2048
[2018.09.13-20.19.43:680][  0]LogTcpMessaging: Initializing TcpMessaging bridge
[2018.09.13-20.19.43:695][  0]LogUdpMessaging: Initializing bridge on interface 0.0.0.0:0 to multicast group 230.0.0.1:6666.
[2018.09.13-20.19.43:864][  0]SourceControl: Source control is disabled
[2018.09.13-20.19.43:864][  0]SourceControl: Source control is disabled
[2018.09.13-20.19.43:866][  0]SourceControl: Source control is disabled
[2018.09.13-20.19.43:867][  0]SourceControl: Source control is disabled
[2018.09.13-20.19.44:062][  0]LogAndroidPermission: UAndroidPermissionCallbackProxy::GetInstance
[2018.09.13-20.19.44:200][  0]LogOcInput: OculusInput pre-init called
[2018.09.13-20.19.44:374][  0]LogEngine: Initializing Engine...
[2018.09.13-20.19.44:398][  0]LogHMD: Failed to initialize OpenVR with code 126
[2018.09.13-20.19.44:400][  0]LogStats: UGameplayTagsManager::ConstructGameplayTagTree: ImportINI prefixes -  0.000 s
[2018.09.13-20.19.44:400][  0]LogStats: UGameplayTagsManager::ConstructGameplayTagTree: Construct from data asset -  0.000 s
[2018.09.13-20.19.44:400][  0]LogStats: UGameplayTagsManager::ConstructGameplayTagTree: ImportINI -  0.000 s
[2018.09.13-20.19.44:400][  0]LogStats: UGameplayTagsManager::ConstructGameplayTagTree: GameplayTagTreeChangedEvent.Broadcast -  0.000 s
[2018.09.13-20.19.44:660][  0]LogInit: Initializing FReadOnlyCVARCache
[2018.09.13-20.19.44:683][  0]LogAIModule: Creating AISystem for world Untitled
[2018.09.13-20.19.44:730][  0]LogInit: XAudio2 using 'Speakers (High Definition Audio Device)' : 2 channels at 44.1 kHz using 16 bits per sample (channel mask 0x3)
[2018.09.13-20.19.44:749][  0]LogInit: FAudioDevice initialized.
[2018.09.13-20.19.44:749][  0]LogNetVersion: Set ProjectVersion to 1.0.0.0. Version Checksum will be recalculated on next use.
[2018.09.13-20.19.44:829][  0]LogDerivedDataCache: Saved boot cache 0.08s 71MB C:/Users/mikey/AppData/Local/UnrealEngine/4.20/DerivedDataCache/Boot.ddc.
[2018.09.13-20.19.44:830][  0]LogInit: Texture streaming: Enabled
[2018.09.13-20.19.44:852][  0]LogEngineSessionManager: EngineSessionManager initialized
[2018.09.13-20.19.44:852][  0]LogEngineSessionManager: EngineSessionManager sent abnormal shutdown report. Type=Crashed, SessionId={D25BF74F-44E6-9684-EC42-45AE54A350DC}
[2018.09.13-20.19.44:866][  0]LogInit: Transaction tracking system initialized
[2018.09.13-20.19.44:890][  0]BlueprintLog: New page: Editor Load
[2018.09.13-20.19.44:979][  0]LocalizationService: Localization service is disabled
[2018.09.13-20.19.45:292][  0]LogCook: Display: Max memory allowance for cook 16384mb min free memory 0mb
[2018.09.13-20.19.45:292][  0]LogCook: Display: Mobile HDR setting 1
[2018.09.13-20.19.45:292][  0]LogGameplayTags: Display: UGameplayTagsManager::DoneAddingNativeTags. DelegateIsBound: 0
[2018.09.13-20.19.45:292][  0]LogStats: UGameplayTagsManager::ConstructGameplayTagTree: ImportINI prefixes -  0.000 s
[2018.09.13-20.19.45:292][  0]LogStats: UGameplayTagsManager::ConstructGameplayTagTree: Construct from data asset -  0.000 s
[2018.09.13-20.19.45:292][  0]LogStats: UGameplayTagsManager::ConstructGameplayTagTree: ImportINI -  0.000 s
[2018.09.13-20.19.45:292][  0]LogStats: UGameplayTagsManager::ConstructGameplayTagTree: GameplayTagTreeChangedEvent.Broadcast -  0.000 s
[2018.09.13-20.19.45:439][  0]LogFileCache: Scanning file cache for directory 'E:/Unreal Projects/BeyondHuman/Content/' took 0.02s
[2018.09.13-20.19.45:439][  0]SourceControl: Source control is disabled
[2018.09.13-20.19.45:439][  0]Cmd: MAP LOAD FILE="E:/Unreal Projects/BeyondHuman/Content/Maps/Meshing.umap" TEMPLATE=0 SHOWPROGRESS=1 FEATURELEVEL=3
[2018.09.13-20.19.45:440][  0]LightingResults: New page: Lighting Build
[2018.09.13-20.19.45:442][  0]MapCheck: New page: Map Check
[2018.09.13-20.19.45:442][  0]LightingResults: New page: Lighting Build
[2018.09.13-20.19.50:279][  0]LogAIModule: Creating AISystem for world Meshing
[2018.09.13-20.19.50:391][  0]LogEditorServer: Finished looking for orphan Actors (0.000 secs)
[2018.09.13-20.19.50:424][  0]Cmd: MAP CHECKDEP NOCLEARLOG
[2018.09.13-20.19.50:651][  0]MapCheck: Map check complete: 0 Error(s), 0 Warning(s), took 226.555ms to complete.
[2018.09.13-20.19.50:651][  0]LogFileHelpers: Loading map 'Meshing' took 5.212
[2018.09.13-20.19.50:814][  0]LogSlate: Updating window title bar state: overlay mode, drag disabled, window buttons hidden, title bar hidden
[2018.09.13-20.19.50:823][  0]LogSlate: Updating window title bar state: overlay mode, drag disabled, window buttons hidden, title bar hidden
[2018.09.13-20.19.50:832][  0]LogSlate: Updating window title bar state: overlay mode, drag disabled, window buttons hidden, title bar hidden
[2018.09.13-20.19.50:841][  0]LogSlate: Updating window title bar state: overlay mode, drag disabled, window buttons hidden, title bar hidden
[2018.09.13-20.19.50:847][  0]LogCollectionManager: Loaded 0 collections in 0.001396 seconds
[2018.09.13-20.19.50:904][  0]LogFileCache: Scanning file cache for directory 'E:/Unreal Projects/BeyondHuman/Saved/Collections/' took 0.01s
[2018.09.13-20.19.50:904][  0]LogFileCache: Scanning file cache for directory 'E:/Unreal Projects/BeyondHuman/Content/Developers/mikey/Collections/' took 0.01s
[2018.09.13-20.19.50:904][  0]LogFileCache: Scanning file cache for directory 'E:/Unreal Projects/BeyondHuman/Content/Collections/' took 0.01s
[2018.09.13-20.19.50:904][  0]LogCollectionManager: Rebuilt the GUID cache for 0 collections in 0.000001 seconds
[2018.09.13-20.19.50:915][  0]LogContentBrowser: Native class hierarchy populated in 0.0110 seconds. Added 2586 classes and 609 folders.
[2018.09.13-20.19.50:921][  0]LogContentBrowser: Native class hierarchy updated for 'WidgetCarousel' in 0.0003 seconds. Added 0 classes and 0 folders.
[2018.09.13-20.19.50:974][  0]LogContentBrowser: Native class hierarchy updated for 'AddContentDialog' in 0.0003 seconds. Added 0 classes and 0 folders.
[2018.09.13-20.19.50:980][  0]LogContentBrowser: Native class hierarchy updated for 'SceneOutliner' in 0.0003 seconds. Added 1 classes and 2 folders.
[2018.09.13-20.19.50:999][  0]LogSlate: Took 0.000339 seconds to synchronously load lazily loaded font '../../../Engine/Content/Slate/Fonts/Roboto-Regular.ttf' (155K)
[2018.09.13-20.19.51:002][  0]LogSlate: Took 0.000347 seconds to synchronously load lazily loaded font '../../../Engine/Content/Slate/Fonts/Roboto-Bold.ttf' (160K)
[2018.09.13-20.19.51:010][  0]LogSlate: Took 0.000254 seconds to synchronously load lazily loaded font '../../../Engine/Content/Editor/Slate/Fonts/FontAwesome.ttf' (139K)
[2018.09.13-20.19.51:155][  0]LogRenderer: Reallocating scene render targets to support 1236x592 Format 10 NumSamples 1 (Frame:1).
[2018.09.13-20.19.51:544][  0]LogContentBrowser: Native class hierarchy updated for 'HierarchicalLODOutliner' in 0.0003 seconds. Added 0 classes and 0 folders.
[2018.09.13-20.19.51:544][  0]LogLoad: (Engine Initialization) Total time: 15.53 seconds
[2018.09.13-20.19.51:544][  0]LogLoad: (Engine Initialization) Total Blueprint compile time: 0.00 seconds
[2018.09.13-20.19.51:556][  0]LogWindowsTextInputMethodSystem: Display: IME system now deactivated.
[2018.09.13-20.19.51:576][  0]LogContentStreaming: Texture pool size now 3000 MB
[2018.09.13-20.19.51:653][  0]LogRenderer: Reallocating scene render targets to support 1236x608 Format 10 NumSamples 1 (Frame:3).
[2018.09.13-20.19.51:653][  0]LogSlate: Took 0.000250 seconds to synchronously load lazily loaded font '../../../Engine/Content/Slate/Fonts/Roboto-Light.ttf' (167K)
[2018.09.13-20.19.51:690][  1]LogSubstanceLiveLink: Warning: Unable to send data along socket, closing connection
[2018.09.13-20.19.51:879][  2]LogAssetRegistry: Asset discovery search completed in 10.7084 seconds
[2018.09.13-20.19.51:883][  2]LogCollectionManager: Rebuilt the object cache for 0 collections in 0.000001 seconds (found 0 objects)
[2018.09.13-20.19.51:883][  2]LogCollectionManager: Fixed up redirectors for 0 collections in 0.000201 seconds (updated 0 objects)
[2018.09.13-20.19.52:614][ 15]LogSlate: Took 0.000174 seconds to synchronously load lazily loaded font '../../../Engine/Content/Slate/Fonts/Roboto-Light.ttf' (167K)
[2018.09.13-20.19.55:952][184]LogSlate: FSceneViewport::OnFocusLost() reason 0
[2018.09.13-20.20.04:274][509]LogSlate: FSceneViewport::OnFocusLost() reason 0
[2018.09.13-20.20.07:298][665]LogSlate: FSceneViewport::OnFocusLost() reason 0
[2018.09.13-20.20.19:334][143]LogSlate: FSceneViewport::OnFocusLost() reason 0
[2018.09.13-20.21.25:586][622]LogSlate: FSceneViewport::OnFocusLost() reason 0
[2018.09.13-20.21.26:896][687]LogEditorViewport: Clicking on Actor (LMB): StaticMeshActor (BuildingEntrance)
[2018.09.13-20.21.27:419][703]LogEditorViewport: Clicking on Actor (context menu): StaticMeshActor (BuildingEntrance)
[2018.09.13-20.21.27:482][703]LogSlate: FSceneViewport::OnFocusLost() reason 2
[2018.09.13-20.21.28:052][756]LogSlate: FSceneViewport::OnFocusLost() reason 2
[2018.09.13-20.21.30:005][863]LogEditorFactories: Performing atomic reimport of [E:/Dropbox (Personal)/Docs/Projects/Beyond Human/Exports/Buildings/BuildingEntrance.fbx]
[2018.09.13-20.21.30:060][863]LogFbx: Loading FBX Scene from E:/Dropbox (Personal)/Docs/Projects/Beyond Human/Exports/Buildings/BuildingEntrance.fbx
[2018.09.13-20.21.30:084][863]LogFbx: FBX Scene Loaded Succesfully
[2018.09.13-20.21.30:549][863]LogStaticMesh: Building static mesh BuildingEntrance...
[2018.09.13-20.21.31:043][863]LogStaticMesh: Built static mesh [0.49s] /Game/Meshes/BuildingEntrance.BuildingEntrance
[2018.09.13-20.21.31:213][863]LogEditorFactories: -- imported successfully
[2018.09.13-20.21.35:279][ 73]LogEditorViewport: Clicking on Actor (LMB): StaticMeshActor (Cube)
[2018.09.13-20.21.42:550][331]LogSlate: FSceneViewport::OnFocusLost() reason 0
[2018.09.13-20.21.43:731][333]LogSlate: Window 'Save Content' being destroyed
[2018.09.13-20.21.44:010][333]Cmd: OBJ SAVEPACKAGE PACKAGE="/Game/Maps/Meshing" FILE="E:/Unreal Projects/BeyondHuman/Content/Maps/Meshing.umap" SILENT=true AUTOSAVING=false KEEPDIRTY=false
[2018.09.13-20.21.44:668][333]LogSavePackage: Moving 'E:/Unreal Projects/BeyondHuman/Saved/Meshing8E2DCA514B26CBD7C3C57A8849A72169.tmp' to 'E:/Unreal Projects/BeyondHuman/Content/Maps/Meshing.umap'
[2018.09.13-20.21.44:688][333]LogFileHelpers: Saving map 'Meshing' took 0.917
[2018.09.13-20.21.44:709][333]Cmd: OBJ SAVEPACKAGE PACKAGE="/Game/Meshes/BuildingEntrance" FILE="E:/Unreal Projects/BeyondHuman/Content/Meshes/BuildingEntrance.uasset" SILENT=true
[2018.09.13-20.21.44:731][333]LogSavePackage: Moving 'E:/Unreal Projects/BeyondHuman/Saved/BuildingEntrance99D735BF43C2D0574078748A990A2BD0.tmp' to 'E:/Unreal Projects/BeyondHuman/Content/Meshes/BuildingEntrance.uasset'
[2018.09.13-20.22.05:508][ 84]LogSlate: FSceneViewport::OnFocusLost() reason 0
[2018.09.13-20.22.12:201][521]LogContentStreaming: Texture pool size now 1000 MB
[2018.09.13-20.22.12:215][522]LogRenderer: Reallocating scene render targets to support 1236x608 Format 9 NumSamples 1 (Frame:2556).
[2018.09.13-20.22.14:913][756]LogSlate: FSceneViewport::OnFocusLost() reason 0
[2018.09.13-20.22.17:537][959]LogAssetEditorManager: Opening Asset editor for SubstanceGraphInstance /Game/Substance/BeePatternPlastic/Bees_Pattern_Plastic_Orange_INST.Bees_Pattern_Plastic_Orange_INST
[2018.09.13-20.22.20:916][164]LogSlate: Window 'Bees_Pattern_Plastic_Orange_INST' being destroyed
[2018.09.13-20.22.22:092][255]LogAssetEditorManager: Opening Asset editor for SubstanceGraphInstance /Game/Substance/BeePatternPlastic/Bees_Pattern_Plastic_Green_INST.Bees_Pattern_Plastic_Green_INST
[2018.09.13-20.22.30:671][720]LogWindows: Windows GetLastError: The operation completed successfully. (0)
[2018.09.13-20.22.30:671][720]LogThreadingWindows: Error: Runnable thread RenderThread 2 crashed.
[2018.09.13-20.22.30:671][720]LogWindows: Error: === Critical error: ===
[2018.09.13-20.22.30:671][720]LogWindows: Error: 
[2018.09.13-20.22.30:671][720]LogWindows: Error: Assertion failed: (GIsCriticalError || !NumMarks) [File:D:\Build\++UE4\Sync\Engine\Source\Runtime\Core\Public\Misc/MemStack.h] [Line: 89] 
[2018.09.13-20.22.30:671][720]LogWindows: Error: 
[2018.09.13-20.22.30:671][720]LogWindows: Error: 
[2018.09.13-20.22.30:671][720]LogWindows: Error: 
[2018.09.13-20.22.30:671][720]LogWindows: Error: 
[2018.09.13-20.22.30:671][720]LogWindows: Error: Crash in runnable thread RenderThread 2
[2018.09.13-20.22.30:679][720]LogWindows: Windows GetLastError: The operation completed successfully. (0)
[2018.09.13-20.22.30:679][720]LogWindows: Error: HandleError re-entered.
[2018.09.13-20.22.30:679][720]LogWindows: FPlatformMisc::RequestExit(1)
[2018.09.13-20.22.30:690][720]Log file closed, 09/13/18 21:22:30
