Log file open, 09/09/18 21:03:16
LogWindows: Failed to load 'aqProf.dll' (GetLastError=126)
LogWindows: File 'aqProf.dll' does not exist
LogWindows: Failed to load 'VtuneApi.dll' (GetLastError=126)
LogWindows: File 'VtuneApi.dll' does not exist
LogWindows: Failed to load 'VtuneApi32e.dll' (GetLastError=126)
LogWindows: File 'VtuneApi32e.dll' does not exist
LogInit: Display: Running engine for game: BeyondHuman
LogPlatformFile: Not using cached read wrapper
LogTaskGraph: Started task graph with 5 named threads and 23 total threads with 3 sets of task threads.
LogStats: Stats thread started at 0.305973
LogD3D11RHI: Loaded GFSDK_Aftermath_Lib.x64.dll
LogICUInternationalization: Display: ICU TimeZone Detection - Raw Offset: +0:00, Platform Override: ''
LogPluginManager: Mounting plugin Paper2D
LogPluginManager: Mounting plugin AISupport
LogPluginManager: Mounting plugin LightPropagationVolume
LogPluginManager: Mounting plugin CLionSourceCodeAccess
LogPluginManager: Mounting plugin CodeLiteSourceCodeAccess
LogPluginManager: Mounting plugin GitSourceControl
LogPluginManager: Mounting plugin KDevelopSourceCodeAccess
LogPluginManager: Mounting plugin NullSourceCodeAccess
LogPluginManager: Mounting plugin PerforceSourceControl
LogPluginManager: Mounting plugin SubversionSourceControl
LogPluginManager: Mounting plugin UObjectPlugin
LogPluginManager: Mounting plugin VisualStudioCodeSourceCodeAccess
LogPluginManager: Mounting plugin VisualStudioSourceCodeAccess
LogPluginManager: Mounting plugin XCodeSourceCodeAccess
LogPluginManager: Mounting plugin AssetManagerEditor
LogPluginManager: Mounting plugin CryptoKeys
LogPluginManager: Mounting plugin DataValidation
LogPluginManager: Mounting plugin FacialAnimation
LogPluginManager: Mounting plugin GameplayTagsEditor
LogPluginManager: Mounting plugin MacGraphicsSwitching
LogPluginManager: Mounting plugin MeshEditor
LogPluginManager: Mounting plugin MobileLauncherProfileWizard
LogPluginManager: Mounting plugin PluginBrowser
LogPluginManager: Mounting plugin SpeedTreeImporter
LogPluginManager: Mounting plugin DatasmithContent
LogPluginManager: Mounting plugin AlembicImporter
LogPluginManager: Mounting plugin AppleImageUtils
LogPluginManager: Mounting plugin AppleVision
LogPluginManager: Mounting plugin BackChannel
LogPluginManager: Mounting plugin CharacterAI
LogPluginManager: Mounting plugin GeometryCache
LogPluginManager: Mounting plugin HTML5Networking
LogPluginManager: Mounting plugin ProxyLODPlugin
LogPluginManager: Mounting plugin MagicLeap
LogPluginManager: Mounting plugin MagicLeapEmulator
LogPluginManager: Mounting plugin MagicLeapMedia
LogPluginManager: Mounting plugin Substance
LogPluginManager: Mounting plugin AndroidMedia
LogPluginManager: Mounting plugin AvfMedia
LogPluginManager: Mounting plugin ImgMedia
LogPluginManager: Mounting plugin LinearTimecode
LogPluginManager: Mounting plugin MediaCompositing
LogPluginManager: Mounting plugin MediaPlayerEditor
LogPluginManager: Mounting plugin WmfMedia
LogPluginManager: Mounting plugin TcpMessaging
LogPluginManager: Mounting plugin UdpMessaging
LogPluginManager: Mounting plugin ActorSequence
LogPluginManager: Mounting plugin LevelSequenceEditor
LogPluginManager: Mounting plugin MatineeToLevelSequence
LogPluginManager: Mounting plugin NetcodeUnitTest
LogPluginManager: Mounting plugin NUTUnrealEngine4
LogPluginManager: Mounting plugin OnlineSubsystemGooglePlay
LogPluginManager: Mounting plugin OnlineSubsystemIOS
LogPluginManager: Mounting plugin OnlineSubsystem
LogPluginManager: Mounting plugin OnlineSubsystemNull
LogPluginManager: Mounting plugin OnlineSubsystemUtils
LogPluginManager: Mounting plugin LauncherChunkInstaller
LogPluginManager: Mounting plugin AndroidDeviceProfileSelector
LogPluginManager: Mounting plugin AndroidMoviePlayer
LogPluginManager: Mounting plugin AndroidPermission
LogPluginManager: Mounting plugin AppleMoviePlayer
LogPluginManager: Mounting plugin ArchVisCharacter
LogPluginManager: Mounting plugin AudioCapture
LogPluginManager: Mounting plugin CableComponent
LogPluginManager: Mounting plugin CustomMeshComponent
LogPluginManager: Mounting plugin EditableMesh
LogPluginManager: Mounting plugin ExampleDeviceProfileSelector
LogPluginManager: Mounting plugin GoogleCloudMessaging
LogPluginManager: Mounting plugin ImmediatePhysics
LogPluginManager: Mounting plugin IOSDeviceProfileSelector
LogPluginManager: Mounting plugin LinuxDeviceProfileSelector
LogPluginManager: Mounting plugin LocationServicesBPLibrary
LogPluginManager: Mounting plugin MobilePatchingUtils
LogPluginManager: Mounting plugin OculusVR
LogPluginManager: Plugin shader directory ../../../Engine/Plugins/Runtime/Oculus/OculusVR/Shaders found
LogPluginManager: Mapping shader source directory ../../../Engine/Plugins/Runtime/Oculus/OculusVR/Shaders to virtual directory /Plugin/OculusVR
LogPluginManager: Mounting plugin PhysXVehicles
LogPluginManager: Mounting plugin ProceduralMeshComponent
LogPluginManager: Mounting plugin RuntimePhysXCooking
LogPluginManager: Mounting plugin SteamVR
LogPluginManager: Mounting plugin WindowsMoviePlayer
LogStreaming: Display: Took  0.181s to configure plugins.
LogInit: Using libcurl 7.55.1-DEV
LogInit:  - built for x86_64-pc-win32
LogInit:  - supports SSL with OpenSSL/1.0.2h
LogInit:  - supports HTTP deflate (compression) using libz 1.2.8
LogInit:  - other features:
LogInit:      CURL_VERSION_SSL
LogInit:      CURL_VERSION_LIBZ
LogInit:      CURL_VERSION_IPV6
LogInit:      CURL_VERSION_ASYNCHDNS
LogInit:      CURL_VERSION_LARGEFILE
LogInit:      CURL_VERSION_IDN
LogInit:  CurlRequestOptions (configurable via config and command line):
LogInit:  - bVerifyPeer = false  - Libcurl will NOT verify peer certificate
LogInit:  - bUseHttpProxy = false  - Libcurl will NOT use HTTP proxy
LogInit:  - bDontReuseConnections = false  - Libcurl will reuse connections
LogInit:  - CertBundlePath = nullptr  - Libcurl will use whatever was configured at build time.
LogInit:  - MaxHostConnections = 16  - Libcurl will limit the number of connections to a host
LogInit:  - LocalHostAddr = Default
LogInit:  - BufferSize = 65536
LogInit: WinSock: version 1.1 (2.2), MaxSocks=32767, MaxUdp=65467
LogInit: Build: ++UE4+Release-4.20-CL-4212847
LogInit: Engine Version: 4.20.0-4212847+++UE4+Release-4.20
LogInit: Compatible Engine Version: 4.20.0-4212847+++UE4+Release-4.20
LogInit: Net CL: 4212847
LogInit: OS: Windows 10 (), CPU:        Intel(R) Core(TM) i7-2600K CPU @ 3.40GHz, GPU: NVIDIA GeForce GTX 970
LogInit: Compiled (64-bit): Jul 14 2018 09:51:14
LogInit: Compiled with Visual C++: 19.13.26129.00
LogInit: Build Configuration: Development
LogInit: Branch Name: ++UE4+Release-4.20
LogInit: Command Line:  
LogInit: Base Directory: C:/Program Files/Epic Games/UE_4.20/Engine/Binaries/Win64/
LogInit: Installed Engine Build: 1
LogDevObjectVersion: Number of dev versions registered: 20
LogDevObjectVersion:   Dev-Blueprints (B0D832E4-1F89-4F0D-ACCF-7EB736FD4AA2): 10
LogDevObjectVersion:   Dev-Build (E1C64328-A22C-4D53-A36C-8E866417BD8C): 0
LogDevObjectVersion:   Dev-Core (375EC13C-06E4-48FB-B500-84F0262A717E): 2
LogDevObjectVersion:   Dev-Editor (E4B068ED-F494-42E9-A231-DA0B2E46BB41): 24
LogDevObjectVersion:   Dev-Framework (CFFC743F-43B0-4480-9391-14DF171D2073): 34
LogDevObjectVersion:   Dev-Mobile (B02B49B5-BB20-44E9-A304-32B752E40360): 2
LogDevObjectVersion:   Dev-Networking (A4E4105C-59A1-49B5-A7C5-40C4547EDFEE): 0
LogDevObjectVersion:   Dev-Online (39C831C9-5AE6-47DC-9A44-9C173E1C8E7C): 0
LogDevObjectVersion:   Dev-Physics (78F01B33-EBEA-4F98-B9B4-84EACCB95AA2): 0
LogDevObjectVersion:   Dev-Platform (6631380F-2D4D-43E0-8009-CF276956A95A): 0
LogDevObjectVersion:   Dev-Rendering (12F88B9F-8875-4AFC-A67C-D90C383ABD29): 26
LogDevObjectVersion:   Dev-Sequencer (7B5AE74C-D270-4C10-A958-57980B212A5A): 9
LogDevObjectVersion:   Dev-VR (D7296918-1DD6-4BDD-9DE2-64A83CC13884): 2
LogDevObjectVersion:   Dev-LoadTimes (C2A15278-BFE7-4AFE-6C17-90FF531DF755): 1
LogDevObjectVersion:   Private-Geometry (6EACA3D4-40EC-4CC1-B786-8BED09428FC5): 3
LogDevObjectVersion:   Dev-AnimPhys (29E575DD-E0A3-4627-9D10-D276232CDCEA): 17
LogDevObjectVersion:   Dev-ReflectionCapture (6B266CEC-1EC7-4B8F-A30B-E4D90942FC07): 1
LogDevObjectVersion:   Dev-Automation (0DF73D61-A23F-47EA-B727-89E90C41499A): 1
LogDevObjectVersion:   FortniteMain (601D1886-AC64-4F84-AA16-D3DE0DEAC7D6): 12
LogDevObjectVersion:   Dev-Enterprise (9DFFBCD6-494F-0158-E221-12823C92A888): 1
LogStreaming: Display: Took  0.003s to delete old logs.
LogInit: Presizing for max 8388607 objects, including 0 objects not considered by GC, pre-allocating 0 bytes for permanent pool.
LogInit: Object subsystem initialized
[2018.09.09-20.03.16:649][  0]LogInit: Selected Device Profile: [Windows]
[2018.09.09-20.03.16:649][  0]LogInit: Applying CVar settings loaded from the selected device profile: [Windows]
[2018.09.09-20.03.16:665][  0]LogHAL: Display: Platform has ~ 16 GB [17160146944 / 17179869184 / 16], which maps to Larger [LargestMinGB=32, LargerMinGB=12, DefaultMinGB=8, SmallerMinGB=6, SmallestMinGB=0)
[2018.09.09-20.03.16:665][  0]LogInit: Setting Device Profile CVar: [[r.Vulkan.UseRealUBs:1]]
[2018.09.09-20.03.16:665][  0]LogInit: Going up to parent DeviceProfile []
[2018.09.09-20.03.16:665][  0]LogInit: Computer: DESKTOP-45O6R3R
[2018.09.09-20.03.16:665][  0]LogInit: User: mikey
[2018.09.09-20.03.16:665][  0]LogInit: CPU Page size=4096, Cores=4
[2018.09.09-20.03.16:665][  0]LogInit: High frequency timer resolution =3.331197 MHz
[2018.09.09-20.03.16:666][  0]LogMemory: Memory total: Physical=16.0GB (16GB approx)
[2018.09.09-20.03.16:666][  0]LogMemory: Platform Memory Stats for Windows
[2018.09.09-20.03.16:666][  0]LogMemory: Process Physical Memory: 99.99 MB used, 99.99 MB peak
[2018.09.09-20.03.16:666][  0]LogMemory: Process Virtual Memory: 90.98 MB used, 90.98 MB peak
[2018.09.09-20.03.16:666][  0]LogMemory: Physical Memory: 4436.82 MB used,  11928.38 MB free, 16365.19 MB total
[2018.09.09-20.03.16:666][  0]LogMemory: Virtual Memory: 4640.43 MB used,  11928.38 MB free, 134217728.00 MB total
[2018.09.09-20.03.16:689][  0]LogInit: Using OS detected language (en-US).
[2018.09.09-20.03.16:689][  0]LogInit: Using OS detected locale (en-GB).
[2018.09.09-20.03.16:690][  0]LogTextLocalizationManager: No specific localization for 'en-US' exists, so the 'en' localization will be used.
[2018.09.09-20.03.17:123][  0]LogStreaming: Display: Took  0.435s to InitEngineTextLocalization.
[2018.09.09-20.03.17:123][  0]LogInit: Setting process to per monitor DPI aware
[2018.09.09-20.03.17:166][  0]LogSlate: New Slate User Created.  User Index 0, Is Virtual User: 0
[2018.09.09-20.03.17:166][  0]LogSlate: Slate User Registered.  User Index 0, Is Virtual User: 0
[2018.09.09-20.03.19:848][  0]LogD3D11RHI: D3D11 adapters:
[2018.09.09-20.03.19:927][  0]LogD3D11RHI:    0. 'NVIDIA GeForce GTX 970' (Feature Level 11_0)
[2018.09.09-20.03.19:927][  0]LogD3D11RHI:       4058/0/8182 MB DedicatedVideo/DedicatedSystem/SharedSystem, Outputs:2, VendorId:0x10de
[2018.09.09-20.03.19:930][  0]LogD3D11RHI:    1. 'Microsoft Basic Render Driver' (Feature Level 11_0)
[2018.09.09-20.03.19:930][  0]LogD3D11RHI:       0/0/8182 MB DedicatedVideo/DedicatedSystem/SharedSystem, Outputs:0, VendorId:0x1414
[2018.09.09-20.03.19:930][  0]LogD3D11RHI: Chosen D3D11 Adapter: 0
[2018.09.09-20.03.19:936][  0]LogD3D11RHI: Creating new Direct3DDevice
[2018.09.09-20.03.19:936][  0]LogD3D11RHI:     GPU DeviceId: 0x13c2 (for the marketing name, search the web for "GPU Device Id")
[2018.09.09-20.03.19:936][  0]LogWindows: EnumDisplayDevices:
[2018.09.09-20.03.19:937][  0]LogWindows:    0. 'NVIDIA GeForce GTX 970' (P:1 D:1)
[2018.09.09-20.03.19:937][  0]LogWindows:    1. 'NVIDIA GeForce GTX 970' (P:0 D:1)
[2018.09.09-20.03.19:937][  0]LogWindows:    2. 'NVIDIA GeForce GTX 970' (P:0 D:0)
[2018.09.09-20.03.19:938][  0]LogWindows:    3. 'NVIDIA GeForce GTX 970' (P:0 D:0)
[2018.09.09-20.03.19:938][  0]LogWindows: DebugString: FoundDriverCount:4 
[2018.09.09-20.03.19:938][  0]LogD3D11RHI:     Adapter Name: NVIDIA GeForce GTX 970
[2018.09.09-20.03.19:938][  0]LogD3D11RHI:   Driver Version: 388.13 (internal:23.21.13.8813, unified:388.13)
[2018.09.09-20.03.19:938][  0]LogD3D11RHI:      Driver Date: 10-27-2017
[2018.09.09-20.03.19:938][  0]LogRHI: Texture pool is 2840 MB (70% of 4058 MB)
[2018.09.09-20.03.19:987][  0]LogD3D11RHI: Async texture creation enabled
[2018.09.09-20.03.20:018][  0]LogD3D11RHI: GPU Timing Frequency: 1000.000000 (Debug: 2 1)
[2018.09.09-20.03.20:118][  0]LogShaderCompilers: Guid format shader working directory is 16 characters bigger than the processId version (E:/Unreal Projects/BeyondHuman/Intermediate/Shaders/WorkingDirectory/8112/).
[2018.09.09-20.03.20:118][  0]LogShaderCompilers: Cleaned the shader compiler working directory 'C:/Users/mikey/AppData/Local/Temp/UnrealShaderWorkingDir/BF88A4274062C8B5A27E169DFC728CB2/'.
[2018.09.09-20.03.20:500][  0]LogTemp: Display: Loaded TP AllDesktopTargetPlatform
[2018.09.09-20.03.20:518][  0]LogTemp: Display: Loaded TP MacClientTargetPlatform
[2018.09.09-20.03.20:534][  0]LogTemp: Display: Loaded TP MacNoEditorTargetPlatform
[2018.09.09-20.03.20:550][  0]LogTemp: Display: Loaded TP MacServerTargetPlatform
[2018.09.09-20.03.20:567][  0]LogTemp: Display: Loaded TP MacTargetPlatform
[2018.09.09-20.03.20:583][  0]LogTemp: Display: Loaded TP WindowsClientTargetPlatform
[2018.09.09-20.03.20:598][  0]LogTemp: Display: Loaded TP WindowsNoEditorTargetPlatform
[2018.09.09-20.03.20:613][  0]LogTemp: Display: Loaded TP WindowsServerTargetPlatform
[2018.09.09-20.03.20:620][  0]LogTemp: Display: Loaded TP WindowsTargetPlatform
[2018.09.09-20.03.20:709][  0]LogTemp: Display: Loaded TP AndroidTargetPlatform
[2018.09.09-20.03.20:709][  0]LogTemp: Display: Loaded TP AndroidTargetPlatform
[2018.09.09-20.03.20:709][  0]LogTemp: Display: Loaded TP AndroidTargetPlatform
[2018.09.09-20.03.20:710][  0]LogTemp: Display: Loaded TP AndroidTargetPlatform
[2018.09.09-20.03.20:710][  0]LogTemp: Display: Loaded TP AndroidTargetPlatform
[2018.09.09-20.03.20:710][  0]LogTemp: Display: Loaded TP AndroidTargetPlatform
[2018.09.09-20.03.20:710][  0]LogTemp: Display: Loaded TP AndroidTargetPlatform
[2018.09.09-20.03.20:710][  0]LogTemp: Display: Loaded TP AndroidTargetPlatform
[2018.09.09-20.03.20:710][  0]LogTemp: Display: Loaded TP AndroidTargetPlatform
[2018.09.09-20.03.20:710][  0]LogTemp: Display: Loaded TP AndroidTargetPlatform
[2018.09.09-20.03.20:710][  0]LogTemp: Display: Loaded TP AndroidTargetPlatform
[2018.09.09-20.03.20:710][  0]LogTemp: Display: Loaded TP AndroidTargetPlatform
[2018.09.09-20.03.20:710][  0]LogTemp: Display: Loaded TP AndroidTargetPlatform
[2018.09.09-20.03.20:710][  0]LogTemp: Display: Loaded TP AndroidTargetPlatform
[2018.09.09-20.03.20:710][  0]LogTemp: Display: Loaded TP AndroidTargetPlatform
[2018.09.09-20.03.20:710][  0]LogTemp: Display: Loaded TP AndroidTargetPlatform
[2018.09.09-20.03.20:710][  0]LogTemp: Display: Loaded TP AndroidTargetPlatform
[2018.09.09-20.03.20:710][  0]LogTemp: Display: Loaded TP AndroidTargetPlatform
[2018.09.09-20.03.20:711][  0]LogTemp: Display: Loaded TP HTML5TargetPlatform
[2018.09.09-20.03.20:780][  0]LogTemp: Display: Loaded TP IOSTargetPlatform
[2018.09.09-20.03.20:780][  0]LogTemp: Display: Loaded TP IOSTargetPlatform
[2018.09.09-20.03.20:808][  0]LogTemp: Display: Loaded TP TVOSTargetPlatform
[2018.09.09-20.03.20:808][  0]LogTemp: Display: Loaded TP TVOSTargetPlatform
[2018.09.09-20.03.20:823][  0]LogTemp: Display: Loaded TP LinuxClientTargetPlatform
[2018.09.09-20.03.20:837][  0]LogTemp: Display: Loaded TP LinuxNoEditorTargetPlatform
[2018.09.09-20.03.20:852][  0]LogTemp: Display: Loaded TP LinuxServerTargetPlatform
[2018.09.09-20.03.20:867][  0]LogTemp: Display: Loaded TP LinuxTargetPlatform
[2018.09.09-20.03.20:879][  0]LogTemp: Display: Loaded TP LuminTargetPlatform
[2018.09.09-20.03.20:879][  0]LogTargetPlatformManager: Display: Building Assets For Windows
[2018.09.09-20.03.20:944][  0]LogXGEController: Cleaning working directory: C:/Users/mikey/AppData/Local/Temp/UnrealXGEWorkingDir/
[2018.09.09-20.03.20:944][  0]LogXGEController: Cannot use XGE Controller as Incredibuild is not installed on this machine.
[2018.09.09-20.03.20:944][  0]LogShaderCompilers: Cannot use XGE Shader Compiler as Incredibuild is not installed on this machine.
[2018.09.09-20.03.20:944][  0]LogShaderCompilers: Display: Using Local Shader Compiler.
[2018.09.09-20.03.21:918][  0]LogDerivedDataCache: Display: Max Cache Size: 512 MB
[2018.09.09-20.03.21:982][  0]LogDerivedDataCache: Loaded boot cache 0.06s 71MB C:/Users/mikey/AppData/Local/UnrealEngine/4.20/DerivedDataCache/Boot.ddc.
[2018.09.09-20.03.21:982][  0]LogDerivedDataCache: Display: Loaded Boot cache: C:/Users/mikey/AppData/Local/UnrealEngine/4.20/DerivedDataCache/Boot.ddc
[2018.09.09-20.03.21:982][  0]LogDerivedDataCache: FDerivedDataBackendGraph:  Pak pak cache file E:/Unreal Projects/BeyondHuman/DerivedDataCache/DDC.ddp not found, will not use a pak cache.
[2018.09.09-20.03.21:982][  0]LogDerivedDataCache: Unable to find inner node Pak for hierarchical cache Hierarchy.
[2018.09.09-20.03.21:982][  0]LogDerivedDataCache: FDerivedDataBackendGraph:  CompressedPak pak cache file E:/Unreal Projects/BeyondHuman/DerivedDataCache/Compressed.ddp not found, will not use a pak cache.
[2018.09.09-20.03.21:982][  0]LogDerivedDataCache: Unable to find inner node CompressedPak for hierarchical cache Hierarchy.
[2018.09.09-20.03.21:997][  0]LogDerivedDataCache: Display: Pak cache opened for reading ../../../Engine/DerivedDataCache/Compressed.ddp.
[2018.09.09-20.03.22:010][  0]LogDerivedDataCache: Using Local data cache path C:/Users/mikey/AppData/Local/UnrealEngine/Common/DerivedDataCache: Writable
[2018.09.09-20.03.22:010][  0]LogDerivedDataCache: Shared data cache path not found in *engine.ini, will not use an Shared cache.
[2018.09.09-20.03.22:010][  0]LogDerivedDataCache: Unable to find inner node Shared for hierarchical cache Hierarchy.
[2018.09.09-20.03.22:032][  0]LogMaterial: Verifying Global Shaders for PCD3D_SM5
[2018.09.09-20.03.22:033][  0]LogSlate: Using FreeType 2.6.0
[2018.09.09-20.03.22:037][  0]LogSlate: SlateFontServices - WITH_FREETYPE: 1, WITH_HARFBUZZ: 1
[2018.09.09-20.03.22:125][  0]LogAssetRegistry: FAssetRegistry took 0.0268 seconds to start up
[2018.09.09-20.03.22:672][  0]LogInit: Selected Device Profile: [Windows]
[2018.09.09-20.03.23:043][  0]LogSimplygon: Simplygon DLL not present - disabling.
[2018.09.09-20.03.23:047][  0]LogMeshReduction: Using SimplygonSwarm for distributed automatic mesh merging
[2018.09.09-20.03.23:047][  0]LogMeshReduction: Using ProxyLODMeshReduction for automatic mesh merging
[2018.09.09-20.03.23:047][  0]LogMeshReduction: Using QuadricMeshReduction for automatic static mesh reduction
[2018.09.09-20.03.23:047][  0]LogMeshReduction: No automatic skeletal mesh reduction module available
[2018.09.09-20.03.23:211][  0]LogNetVersion: BeyondHuman 1.0.0, NetCL: 4212847, EngineNetVer: 5, GameNetVer: 0 (Checksum: 671501493)
[2018.09.09-20.03.23:927][  0]LogPackageLocalizationCache: Processed 11 localized package path(s) for 2 prioritized culture(s) in 0.094716 seconds
[2018.09.09-20.03.23:934][  0]LogUObjectArray: 38425 objects as part of root set at end of initial load.
[2018.09.09-20.03.23:934][  0]LogUObjectAllocator: 6690864 out of 0 bytes used by permanent object pool.
[2018.09.09-20.03.23:934][  0]LogUObjectArray: CloseDisregardForGC: 0/0 objects in disregard for GC pool
[2018.09.09-20.03.25:047][  0]LogSubstanceCoreModule: Substance [CPU] Engine Loaded, Max Texture Size = 2048
[2018.09.09-20.03.25:055][  0]LogTcpMessaging: Initializing TcpMessaging bridge
[2018.09.09-20.03.25:070][  0]LogUdpMessaging: Initializing bridge on interface 0.0.0.0:0 to multicast group 230.0.0.1:6666.
[2018.09.09-20.03.25:243][  0]SourceControl: Source control is disabled
[2018.09.09-20.03.25:243][  0]SourceControl: Source control is disabled
[2018.09.09-20.03.25:245][  0]SourceControl: Source control is disabled
[2018.09.09-20.03.25:246][  0]SourceControl: Source control is disabled
[2018.09.09-20.03.25:435][  0]LogAndroidPermission: UAndroidPermissionCallbackProxy::GetInstance
[2018.09.09-20.03.25:570][  0]LogOcInput: OculusInput pre-init called
[2018.09.09-20.03.25:800][  0]LogEngine: Initializing Engine...
[2018.09.09-20.03.25:861][  0]LogHMD: SteamVR initialized.  Driver: lighthouse  Display: LHR-CC3C676A
[2018.09.09-20.03.25:864][  0]LogStats: UGameplayTagsManager::ConstructGameplayTagTree: ImportINI prefixes -  0.000 s
[2018.09.09-20.03.25:864][  0]LogStats: UGameplayTagsManager::ConstructGameplayTagTree: Construct from data asset -  0.000 s
[2018.09.09-20.03.25:864][  0]LogStats: UGameplayTagsManager::ConstructGameplayTagTree: ImportINI -  0.000 s
[2018.09.09-20.03.25:864][  0]LogStats: UGameplayTagsManager::ConstructGameplayTagTree: GameplayTagTreeChangedEvent.Broadcast -  0.000 s
[2018.09.09-20.03.26:139][  0]LogInit: Initializing FReadOnlyCVARCache
[2018.09.09-20.03.26:162][  0]LogAIModule: Creating AISystem for world Untitled
[2018.09.09-20.03.26:213][  0]LogInit: XAudio2 using 'Speakers (High Definition Audio Device)' : 2 channels at 44.1 kHz using 16 bits per sample (channel mask 0x3)
[2018.09.09-20.03.26:232][  0]LogInit: FAudioDevice initialized.
[2018.09.09-20.03.26:232][  0]LogNetVersion: Set ProjectVersion to 1.0.0.0. Version Checksum will be recalculated on next use.
[2018.09.09-20.03.26:307][  0]LogDerivedDataCache: Saved boot cache 0.07s 71MB C:/Users/mikey/AppData/Local/UnrealEngine/4.20/DerivedDataCache/Boot.ddc.
[2018.09.09-20.03.26:307][  0]LogInit: Texture streaming: Enabled
[2018.09.09-20.03.26:329][  0]LogEngineSessionManager: EngineSessionManager initialized
[2018.09.09-20.03.26:343][  0]LogInit: Transaction tracking system initialized
[2018.09.09-20.03.26:366][  0]BlueprintLog: New page: Editor Load
[2018.09.09-20.03.26:451][  0]LocalizationService: Localization service is disabled
[2018.09.09-20.03.26:766][  0]LogCook: Display: Max memory allowance for cook 16384mb min free memory 0mb
[2018.09.09-20.03.26:766][  0]LogCook: Display: Mobile HDR setting 1
[2018.09.09-20.03.26:766][  0]LogGameplayTags: Display: UGameplayTagsManager::DoneAddingNativeTags. DelegateIsBound: 0
[2018.09.09-20.03.26:766][  0]LogStats: UGameplayTagsManager::ConstructGameplayTagTree: ImportINI prefixes -  0.000 s
[2018.09.09-20.03.26:766][  0]LogStats: UGameplayTagsManager::ConstructGameplayTagTree: Construct from data asset -  0.000 s
[2018.09.09-20.03.26:766][  0]LogStats: UGameplayTagsManager::ConstructGameplayTagTree: ImportINI -  0.000 s
[2018.09.09-20.03.26:766][  0]LogStats: UGameplayTagsManager::ConstructGameplayTagTree: GameplayTagTreeChangedEvent.Broadcast -  0.000 s
[2018.09.09-20.03.26:773][  0]LogFileCache: Scanning file cache for directory 'E:/Unreal Projects/BeyondHuman/Content/' took 0.02s
[2018.09.09-20.03.26:923][  0]SourceControl: Source control is disabled
[2018.09.09-20.03.26:924][  0]Cmd: MAP LOAD FILE="E:/Unreal Projects/BeyondHuman/Content/Maps/Meshing.umap" TEMPLATE=0 SHOWPROGRESS=1 FEATURELEVEL=3
[2018.09.09-20.03.26:924][  0]LightingResults: New page: Lighting Build
[2018.09.09-20.03.26:927][  0]MapCheck: New page: Map Check
[2018.09.09-20.03.26:927][  0]LightingResults: New page: Lighting Build
[2018.09.09-20.03.51:889][  0]LogAIModule: Creating AISystem for world Meshing
[2018.09.09-20.03.52:010][  0]LogEditorServer: Finished looking for orphan Actors (0.000 secs)
[2018.09.09-20.03.52:043][  0]Cmd: MAP CHECKDEP NOCLEARLOG
[2018.09.09-20.03.52:278][  0]MapCheck: Map check complete: 0 Error(s), 0 Warning(s), took 234.427ms to complete.
[2018.09.09-20.03.52:278][  0]LogFileHelpers: Loading map 'Meshing' took 25.353
[2018.09.09-20.03.52:429][  0]LogSlate: Updating window title bar state: overlay mode, drag disabled, window buttons hidden, title bar hidden
[2018.09.09-20.03.52:439][  0]LogSlate: Updating window title bar state: overlay mode, drag disabled, window buttons hidden, title bar hidden
[2018.09.09-20.03.52:450][  0]LogSlate: Updating window title bar state: overlay mode, drag disabled, window buttons hidden, title bar hidden
[2018.09.09-20.03.52:459][  0]LogSlate: Updating window title bar state: overlay mode, drag disabled, window buttons hidden, title bar hidden
[2018.09.09-20.03.52:472][  0]LogCollectionManager: Loaded 0 collections in 0.001635 seconds
[2018.09.09-20.03.52:531][  0]LogFileCache: Scanning file cache for directory 'E:/Unreal Projects/BeyondHuman/Saved/Collections/' took 0.01s
[2018.09.09-20.03.52:531][  0]LogFileCache: Scanning file cache for directory 'E:/Unreal Projects/BeyondHuman/Content/Developers/mikey/Collections/' took 0.01s
[2018.09.09-20.03.52:531][  0]LogFileCache: Scanning file cache for directory 'E:/Unreal Projects/BeyondHuman/Content/Collections/' took 0.01s
[2018.09.09-20.03.52:532][  0]LogCollectionManager: Rebuilt the GUID cache for 0 collections in 0.000001 seconds
[2018.09.09-20.03.52:545][  0]LogContentBrowser: Native class hierarchy populated in 0.0125 seconds. Added 2586 classes and 609 folders.
[2018.09.09-20.03.52:557][  0]LogContentBrowser: Native class hierarchy updated for 'WidgetCarousel' in 0.0003 seconds. Added 0 classes and 0 folders.
[2018.09.09-20.03.52:735][  0]LogContentBrowser: Native class hierarchy updated for 'AddContentDialog' in 0.0004 seconds. Added 0 classes and 0 folders.
[2018.09.09-20.03.52:760][  0]LogContentBrowser: Native class hierarchy updated for 'SceneOutliner' in 0.0003 seconds. Added 1 classes and 2 folders.
[2018.09.09-20.03.52:817][  0]LogSlate: Took 0.000302 seconds to synchronously load lazily loaded font '../../../Engine/Content/Slate/Fonts/Roboto-Regular.ttf' (155K)
[2018.09.09-20.03.52:820][  0]LogSlate: Took 0.000284 seconds to synchronously load lazily loaded font '../../../Engine/Content/Slate/Fonts/Roboto-Bold.ttf' (160K)
[2018.09.09-20.03.52:831][  0]LogSlate: Took 0.001558 seconds to synchronously load lazily loaded font '../../../Engine/Content/Editor/Slate/Fonts/FontAwesome.ttf' (139K)
[2018.09.09-20.03.52:958][  0]LogRenderer: Reallocating scene render targets to support 1236x492 Format 10 NumSamples 1 (Frame:1).
[2018.09.09-20.03.53:167][  0]LogContentBrowser: Native class hierarchy updated for 'HierarchicalLODOutliner' in 0.0004 seconds. Added 0 classes and 0 folders.
[2018.09.09-20.03.53:167][  0]LogLoad: (Engine Initialization) Total time: 38.64 seconds
[2018.09.09-20.03.53:168][  0]LogLoad: (Engine Initialization) Total Blueprint compile time: 0.00 seconds
[2018.09.09-20.03.53:178][  0]LogWindowsTextInputMethodSystem: Display: IME system now deactivated.
[2018.09.09-20.03.53:207][  0]LogContentStreaming: Texture pool size now 3000 MB
[2018.09.09-20.03.53:280][  0]LogRenderer: Reallocating scene render targets to support 1236x508 Format 10 NumSamples 1 (Frame:2).
[2018.09.09-20.03.53:280][  0]LogSlate: Took 0.001653 seconds to synchronously load lazily loaded font '../../../Engine/Content/Slate/Fonts/Roboto-Light.ttf' (167K)
[2018.09.09-20.03.53:339][  1]LogSubstanceLiveLink: Warning: Unable to send data along socket, closing connection
[2018.09.09-20.03.53:512][  3]LogAssetRegistry: Asset discovery search completed in 31.4086 seconds
[2018.09.09-20.03.53:517][  3]LogCollectionManager: Rebuilt the object cache for 0 collections in 0.000000 seconds (found 0 objects)
[2018.09.09-20.03.53:517][  3]LogCollectionManager: Fixed up redirectors for 0 collections in 0.000101 seconds (updated 0 objects)
[2018.09.09-20.11.04:396][633]LogSlate: FSceneViewport::OnFocusLost() reason 0
[2018.09.09-20.23.02:547][789]LogInit: XAudio2 using 'Speakers (High Definition Audio Device)' : 2 channels at 44.1 kHz using 16 bits per sample (channel mask 0x3)
[2018.09.09-20.53.50:951][476]LogEditorViewport: Clicking on Actor (LMB): StaticMeshActor (WallLeft)
[2018.09.09-20.53.51:205][480]LogEditorViewport: Clicking on Actor (context menu): StaticMeshActor (WallLeft)
[2018.09.09-20.53.51:255][480]LogSlate: FSceneViewport::OnFocusLost() reason 2
[2018.09.09-20.53.52:112][555]LogSlate: FSceneViewport::OnFocusLost() reason 2
[2018.09.09-20.54.18:828][683]LogEditorFactories: Performing atomic reimport of [E:/Dropbox (Personal)/Docs/Projects/Beyond Human/Exports/Architecture/WallLeft.fbx]
[2018.09.09-20.54.18:838][683]LogSlate: Took 0.000325 seconds to synchronously load lazily loaded font '../../../Engine/Content/Slate/Fonts/Roboto-Light.ttf' (167K)
[2018.09.09-20.54.18:876][683]LogFbx: Loading FBX Scene from E:/Dropbox (Personal)/Docs/Projects/Beyond Human/Exports/Architecture/WallLeft.fbx
[2018.09.09-20.54.18:890][683]LogFbx: FBX Scene Loaded Succesfully
[2018.09.09-20.54.18:951][683]LogStaticMesh: Building static mesh WallLeft...
[2018.09.09-20.54.18:984][683]LogStaticMesh: Built static mesh [0.03s] /Game/Meshes/WallLeft.WallLeft
[2018.09.09-20.54.20:411][683]LogSlate: Window 'Reimport Material Conflicts Resolution' being destroyed
[2018.09.09-20.54.20:416][683]LogEditorFactories: -- imported successfully
[2018.09.09-20.54.38:577][816]LogSlate: FSceneViewport::OnFocusLost() reason 2
[2018.09.09-20.54.38:653][816]Cmd: OBJ SAVEPACKAGE PACKAGE="/Game/Maps/Meshing" FILE="E:/Unreal Projects/BeyondHuman/Saved/Autosaves/Game/Maps/Meshing_Auto1.umap" SILENT=true AUTOSAVING=true KEEPDIRTY=false
[2018.09.09-20.54.39:227][816]LogSavePackage: Moving 'E:/Unreal Projects/BeyondHuman/Saved/Meshing_Auto1E05C406F4B881F733E5D9F99275E3CF8.tmp' to 'E:/Unreal Projects/BeyondHuman/Saved/Autosaves/Game/Maps/Meshing_Auto1.umap'
[2018.09.09-20.54.39:232][816]LogFileHelpers: Editor autosave (incl. sublevels) for '/Game/Maps/Meshing' took 0.625
[2018.09.09-20.54.39:232][816]LogFileHelpers: Editor autosave (incl. sublevels) for all levels took 0.625
[2018.09.09-20.54.39:237][816]OBJ SavePackage: Generating thumbnails for [1] asset(s) in package [/Game/Meshes/WallLeft] ([1] browsable assets)...
[2018.09.09-20.54.39:253][816]OBJ SavePackage:     Rendered thumbnail for [StaticMesh /Game/Meshes/WallLeft.WallLeft]
[2018.09.09-20.54.39:253][816]OBJ SavePackage: Finished generating thumbnails for package [/Game/Meshes/WallLeft]
[2018.09.09-20.54.39:253][816]Cmd: OBJ SAVEPACKAGE PACKAGE="/Game/Meshes/WallLeft" FILE="E:/Unreal Projects/BeyondHuman/Saved/Autosaves/Game/Meshes/WallLeft_Auto1.uasset" SILENT=false AUTOSAVING=true
[2018.09.09-20.54.39:271][816]LogSavePackage: Moving 'E:/Unreal Projects/BeyondHuman/Saved/WallLeft_Auto1E0AC8AC44E512B3031E4AE9F3567C2B4.tmp' to 'E:/Unreal Projects/BeyondHuman/Saved/Autosaves/Game/Meshes/WallLeft_Auto1.uasset'
[2018.09.09-20.54.39:293][816]LogFileHelpers: Auto-saving content packages took 0.056
[2018.09.09-20.56.18:287][258]LogSlate: FSceneViewport::OnFocusLost() reason 2
[2018.09.09-20.56.18:932][277]LogEditorViewport: Clicking on Actor (LMB): StaticMeshActor (WallLeft)
[2018.09.09-20.56.21:201][433]LogSlate: Took 0.008166 seconds to synchronously load lazily loaded font '../../../Engine/Content/Slate/Fonts/Roboto-Italic.ttf' (157K)
[2018.09.09-20.59.59:721][220]LogSlate: FSceneViewport::OnFocusLost() reason 2
[2018.09.09-21.00.02:199][340]LogEditorViewport: Clicking on Actor (LMB): StaticMeshActor (CeilingPillar (7))
[2018.09.09-21.00.07:661][608]LogSlate: FSceneViewport::OnFocusLost() reason 2
[2018.09.09-21.00.08:542][646]LogEditorViewport: Clicking on Actor (LMB): StaticMeshActor (WallLeft)
[2018.09.09-21.00.14:841][  9]LogEditorViewport: Clicking on Actor (LMB): StaticMeshActor (CeilingPillar (7))
[2018.09.09-21.01.07:479][636]LogSlate: FSceneViewport::OnFocusLost() reason 2
[2018.09.09-21.02.34:842][997]LogSlate: FSceneViewport::OnFocusLost() reason 2
[2018.09.09-21.08.09:143][400]LogSlate: FSceneViewport::OnFocusLost() reason 2
[2018.09.09-21.08.10:837][479]LogEditorViewport: Clicking on Actor (context menu): StaticMeshActor (WallLeft)
[2018.09.09-21.08.10:882][479]LogSlate: FSceneViewport::OnFocusLost() reason 2
[2018.09.09-21.08.11:719][557]LogSlate: FSceneViewport::OnFocusLost() reason 2
[2018.09.09-21.08.17:213][688]LogEditorFactories: Performing atomic reimport of [E:/Dropbox (Personal)/Docs/Projects/Beyond Human/Exports/Architecture/WallLeft.fbx]
[2018.09.09-21.08.17:244][688]LogFbx: Loading FBX Scene from E:/Dropbox (Personal)/Docs/Projects/Beyond Human/Exports/Architecture/WallLeft.fbx
[2018.09.09-21.08.17:253][688]LogFbx: FBX Scene Loaded Succesfully
[2018.09.09-21.08.17:301][688]LogStaticMesh: Building static mesh WallLeft...
[2018.09.09-21.08.17:330][688]LogStaticMesh: Built static mesh [0.03s] /Game/Meshes/WallLeft.WallLeft
[2018.09.09-21.08.17:349][688]LogEditorFactories: -- imported successfully
[2018.09.09-21.08.17:372][688]LogEditorFactories: Performing atomic reimport of [E:/Dropbox (Personal)/Docs/Projects/Beyond Human/Exports/Architecture/WallLeft.fbx]
[2018.09.09-21.08.17:404][688]LogFbx: Loading FBX Scene from E:/Dropbox (Personal)/Docs/Projects/Beyond Human/Exports/Architecture/WallLeft.fbx
[2018.09.09-21.08.17:412][688]LogFbx: FBX Scene Loaded Succesfully
[2018.09.09-21.08.17:465][688]LogStaticMesh: Building static mesh CeilingPillar...
[2018.09.09-21.08.17:496][688]LogStaticMesh: Built static mesh [0.03s] /Game/Meshes/CeilingPillar.CeilingPillar
[2018.09.09-21.08.19:157][688]LogSlate: Window 'Reimport Material Conflicts Resolution' being destroyed
[2018.09.09-21.08.19:163][688]LogEditorFactories: -- imported successfully
[2018.09.09-21.08.36:493][104]LogSlate: FSceneViewport::OnFocusLost() reason 2
[2018.09.09-21.08.41:855][478]Cmd: TRANSACTION UNDO
[2018.09.09-21.08.41:855][478]LogEditorTransaction: Undo Clicking on Actors (context menu)
[2018.09.09-21.08.42:332][506]Cmd: TRANSACTION UNDO
[2018.09.09-21.08.42:332][506]LogEditorTransaction: Undo Clicking on Actors
[2018.09.09-21.08.43:059][557]Cmd: TRANSACTION UNDO
[2018.09.09-21.08.43:059][557]LogEditorTransaction: Undo Clicking on Actors
[2018.09.09-21.08.43:538][591]Cmd: TRANSACTION UNDO
[2018.09.09-21.08.43:538][591]LogEditorTransaction: Undo Clicking on Actors
[2018.09.09-21.08.44:031][626]Cmd: TRANSACTION UNDO
[2018.09.09-21.08.44:031][626]LogEditorTransaction: Undo Clicking on Actors
[2018.09.09-21.08.44:431][654]Cmd: TRANSACTION UNDO
[2018.09.09-21.08.44:431][654]LogEditorTransaction: Undo Clicking on Actors
[2018.09.09-21.08.44:892][690]Cmd: TRANSACTION UNDO
[2018.09.09-21.08.44:892][690]LogEditorTransaction: Undo Clicking on Actors (context menu)
[2018.09.09-21.08.45:308][721]Cmd: TRANSACTION UNDO
[2018.09.09-21.08.45:308][721]LogEditorTransaction: Undo Clicking on Actors
[2018.09.09-21.08.51:157][169]LogEditorFactories: Performing atomic reimport of [E:/Dropbox (Personal)/Docs/Projects/Beyond Human/Exports/Architecture/WallLeft.fbx]
[2018.09.09-21.08.51:185][169]LogFbx: Loading FBX Scene from E:/Dropbox (Personal)/Docs/Projects/Beyond Human/Exports/Architecture/WallLeft.fbx
[2018.09.09-21.08.51:193][169]LogFbx: FBX Scene Loaded Succesfully
[2018.09.09-21.08.51:240][169]LogStaticMesh: Building static mesh CeilingPillar...
[2018.09.09-21.08.51:269][169]LogStaticMesh: Built static mesh [0.03s] /Game/Meshes/CeilingPillar.CeilingPillar
[2018.09.09-21.08.51:295][169]LogEditorFactories: -- imported successfully
[2018.09.09-21.09.16:073][756]LogSlate: FSceneViewport::OnFocusLost() reason 2
[2018.09.09-21.09.18:302][889]LogEditorFactories: Performing atomic reimport of [E:/Dropbox (Personal)/Docs/Projects/Beyond Human/Exports/Architecture/WallLeft.fbx]
[2018.09.09-21.09.18:342][889]LogFbx: Loading FBX Scene from E:/Dropbox (Personal)/Docs/Projects/Beyond Human/Exports/Architecture/WallLeft.fbx
[2018.09.09-21.09.18:351][889]LogFbx: FBX Scene Loaded Succesfully
[2018.09.09-21.09.18:400][889]LogStaticMesh: Building static mesh CeilingPillar...
[2018.09.09-21.09.18:430][889]LogStaticMesh: Built static mesh [0.03s] /Game/Meshes/CeilingPillar.CeilingPillar
[2018.09.09-21.09.18:459][889]LogEditorFactories: -- imported successfully
[2018.09.09-21.09.24:397][162]Cmd: OBJ SAVEPACKAGE PACKAGE="/Game/Maps/Meshing" FILE="E:/Unreal Projects/BeyondHuman/Saved/Autosaves/Game/Maps/Meshing_Auto2.umap" SILENT=true AUTOSAVING=true KEEPDIRTY=false
[2018.09.09-21.09.24:922][162]LogSavePackage: Moving 'E:/Unreal Projects/BeyondHuman/Saved/Meshing_Auto260CF814A48F0D7784B11F2A9A0037766.tmp' to 'E:/Unreal Projects/BeyondHuman/Saved/Autosaves/Game/Maps/Meshing_Auto2.umap'
[2018.09.09-21.09.24:960][162]LogFileHelpers: Editor autosave (incl. sublevels) for '/Game/Maps/Meshing' took 0.590
[2018.09.09-21.09.24:960][162]LogFileHelpers: Editor autosave (incl. sublevels) for all levels took 0.590
[2018.09.09-21.09.24:962][162]OBJ SavePackage: Generating thumbnails for [1] asset(s) in package [/Game/Meshes/CeilingPillar] ([1] browsable assets)...
[2018.09.09-21.09.24:977][162]OBJ SavePackage:     Rendered thumbnail for [StaticMesh /Game/Meshes/CeilingPillar.CeilingPillar]
[2018.09.09-21.09.24:977][162]OBJ SavePackage: Finished generating thumbnails for package [/Game/Meshes/CeilingPillar]
[2018.09.09-21.09.24:977][162]Cmd: OBJ SAVEPACKAGE PACKAGE="/Game/Meshes/CeilingPillar" FILE="E:/Unreal Projects/BeyondHuman/Saved/Autosaves/Game/Meshes/CeilingPillar_Auto2.uasset" SILENT=false AUTOSAVING=true
[2018.09.09-21.09.24:994][162]LogSavePackage: Moving 'E:/Unreal Projects/BeyondHuman/Saved/CeilingPillar_Auto23982F925496C717229D17380A36E152A.tmp' to 'E:/Unreal Projects/BeyondHuman/Saved/Autosaves/Game/Meshes/CeilingPillar_Auto2.uasset'
[2018.09.09-21.09.24:995][162]OBJ SavePackage: Generating thumbnails for [1] asset(s) in package [/Game/Meshes/WallLeft] ([1] browsable assets)...
[2018.09.09-21.09.25:010][162]OBJ SavePackage:     Rendered thumbnail for [StaticMesh /Game/Meshes/WallLeft.WallLeft]
[2018.09.09-21.09.25:010][162]OBJ SavePackage: Finished generating thumbnails for package [/Game/Meshes/WallLeft]
[2018.09.09-21.09.25:010][162]Cmd: OBJ SAVEPACKAGE PACKAGE="/Game/Meshes/WallLeft" FILE="E:/Unreal Projects/BeyondHuman/Saved/Autosaves/Game/Meshes/WallLeft_Auto2.uasset" SILENT=false AUTOSAVING=true
[2018.09.09-21.09.25:044][162]LogSavePackage: Moving 'E:/Unreal Projects/BeyondHuman/Saved/WallLeft_Auto27BF1372B45BD7A54D8208DBB88472826.tmp' to 'E:/Unreal Projects/BeyondHuman/Saved/Autosaves/Game/Meshes/WallLeft_Auto2.uasset'
[2018.09.09-21.09.25:044][162]LogFileHelpers: Auto-saving content packages took 0.083
[2018.09.09-21.09.34:301][191]LogSlate: FSceneViewport::OnFocusLost() reason 2
[2018.09.09-21.09.58:753][552]LogSlate: Window 'Message' being destroyed
[2018.09.09-21.09.58:791][552]LogUObjectGlobals: Warning: ReloadPackage failed to find a replacement object for 'CeilingPillar:BodySetup_3' in the new package '/Game/Meshes/CeilingPillar'. Any existing references to this object will be nulled out.
[2018.09.09-21.09.58:792][552]LogUObjectGlobals: Warning: ReloadPackage failed to find a replacement object for 'CeilingPillar:NavCollision_6' in the new package '/Game/Meshes/CeilingPillar'. Any existing references to this object will be nulled out.
[2018.09.09-21.10.12:284][599]LogEditorViewport: Clicking on Actor (LMB): StaticMeshActor (CeilingPillar (6))
[2018.09.09-21.11.31:485][ 44]LogSlate: FSceneViewport::OnFocusLost() reason 2
[2018.09.09-21.11.35:733][184]LogEditorViewport: Clicking on Actor (LMB): StaticMeshActor (WallLeft)
[2018.09.09-21.11.35:927][188]LogEditorViewport: Clicking on Actor (context menu): StaticMeshActor (WallLeft)
[2018.09.09-21.11.35:990][188]LogSlate: FSceneViewport::OnFocusLost() reason 2
[2018.09.09-21.11.37:225][302]LogSlate: FSceneViewport::OnFocusLost() reason 2
[2018.09.09-21.11.38:954][405]LogEditorFactories: Performing atomic reimport of [E:/Dropbox (Personal)/Docs/Projects/Beyond Human/Exports/Architecture/WallLeft.fbx]
[2018.09.09-21.11.38:981][405]LogFbx: Loading FBX Scene from E:/Dropbox (Personal)/Docs/Projects/Beyond Human/Exports/Architecture/WallLeft.fbx
[2018.09.09-21.11.38:990][405]LogFbx: FBX Scene Loaded Succesfully
[2018.09.09-21.11.39:039][405]LogStaticMesh: Building static mesh WallLeft...
[2018.09.09-21.11.39:068][405]LogStaticMesh: Built static mesh [0.03s] /Game/Meshes/WallLeft.WallLeft
[2018.09.09-21.11.39:087][405]LogEditorFactories: -- imported successfully
[2018.09.09-21.11.44:769][775]LogSlate: FSceneViewport::OnFocusLost() reason 2
[2018.09.09-21.11.49:535][216]LogSlate: FSceneViewport::OnFocusLost() reason 2
[2018.09.09-21.11.59:300][864]LogEditorViewport: Clicking on Actor (LMB): StaticMeshActor (TunnelCorner (9))
[2018.09.09-21.12.08:073][365]LogEditorViewport: Clicking on Actor (LMB): StaticMeshActor (HandrailX4 (2))
[2018.09.09-21.19.31:372][607]Cmd: OBJ SAVEPACKAGE PACKAGE="/Game/Maps/Meshing" FILE="E:/Unreal Projects/BeyondHuman/Saved/Autosaves/Game/Maps/Meshing_Auto3.umap" SILENT=true AUTOSAVING=true KEEPDIRTY=false
[2018.09.09-21.19.31:909][607]LogSavePackage: Moving 'E:/Unreal Projects/BeyondHuman/Saved/Meshing_Auto32309C39B4AC0E46FBC0F9F860FF2E478.tmp' to 'E:/Unreal Projects/BeyondHuman/Saved/Autosaves/Game/Maps/Meshing_Auto3.umap'
[2018.09.09-21.19.31:956][607]LogFileHelpers: Editor autosave (incl. sublevels) for '/Game/Maps/Meshing' took 0.611
[2018.09.09-21.19.31:956][607]LogFileHelpers: Editor autosave (incl. sublevels) for all levels took 0.611
[2018.09.09-21.19.31:958][607]OBJ SavePackage: Generating thumbnails for [1] asset(s) in package [/Game/Meshes/WallLeft] ([1] browsable assets)...
[2018.09.09-21.19.31:975][607]OBJ SavePackage:     Rendered thumbnail for [StaticMesh /Game/Meshes/WallLeft.WallLeft]
[2018.09.09-21.19.31:975][607]OBJ SavePackage: Finished generating thumbnails for package [/Game/Meshes/WallLeft]
[2018.09.09-21.19.31:975][607]Cmd: OBJ SAVEPACKAGE PACKAGE="/Game/Meshes/WallLeft" FILE="E:/Unreal Projects/BeyondHuman/Saved/Autosaves/Game/Meshes/WallLeft_Auto3.uasset" SILENT=false AUTOSAVING=true
[2018.09.09-21.19.31:992][607]LogSavePackage: Moving 'E:/Unreal Projects/BeyondHuman/Saved/WallLeft_Auto3E145B6124EB53C50627948A7788F2143.tmp' to 'E:/Unreal Projects/BeyondHuman/Saved/Autosaves/Game/Meshes/WallLeft_Auto3.uasset'
[2018.09.09-21.19.31:993][607]LogFileHelpers: Auto-saving content packages took 0.036
[2018.09.09-21.29.32:366][404]LogEditorViewport: Clicking on Actor (LMB): StaticMeshActor (WallLeft)
[2018.09.09-21.29.32:657][415]LogEditorViewport: Clicking on Actor (context menu): StaticMeshActor (WallLeft)
[2018.09.09-21.29.32:712][415]LogSlate: FSceneViewport::OnFocusLost() reason 2
[2018.09.09-21.29.33:443][482]LogSlate: FSceneViewport::OnFocusLost() reason 2
[2018.09.09-21.29.35:458][607]LogEditorFactories: Performing atomic reimport of [E:/Dropbox (Personal)/Docs/Projects/Beyond Human/Exports/Architecture/WallLeft.fbx]
[2018.09.09-21.29.35:485][607]LogFbx: Loading FBX Scene from E:/Dropbox (Personal)/Docs/Projects/Beyond Human/Exports/Architecture/WallLeft.fbx
[2018.09.09-21.29.35:494][607]LogFbx: FBX Scene Loaded Succesfully
[2018.09.09-21.29.35:556][607]LogStaticMesh: Building static mesh WallLeft...
[2018.09.09-21.29.35:595][607]LogStaticMesh: Built static mesh [0.04s] /Game/Meshes/WallLeft.WallLeft
[2018.09.09-21.29.35:619][607]LogEditorFactories: -- imported successfully
[2018.09.09-21.29.44:245][101]LogSlate: FSceneViewport::OnFocusLost() reason 0
[2018.09.09-21.30.06:913][197]LogEditorViewport: Clicking on Actor (LMB): StaticMeshActor (CeilingPillar (7))
[2018.09.09-21.30.49:486][334]Cmd: OBJ SAVEPACKAGE PACKAGE="/Game/Maps/Meshing" FILE="E:/Unreal Projects/BeyondHuman/Saved/Autosaves/Game/Maps/Meshing_Auto4.umap" SILENT=true AUTOSAVING=true KEEPDIRTY=false
[2018.09.09-21.30.50:017][334]LogSavePackage: Moving 'E:/Unreal Projects/BeyondHuman/Saved/Meshing_Auto41736DDDE4BC1857B20849F887FABC1A8.tmp' to 'E:/Unreal Projects/BeyondHuman/Saved/Autosaves/Game/Maps/Meshing_Auto4.umap'
[2018.09.09-21.30.50:028][334]LogFileHelpers: Editor autosave (incl. sublevels) for '/Game/Maps/Meshing' took 0.567
[2018.09.09-21.30.50:028][334]LogFileHelpers: Editor autosave (incl. sublevels) for all levels took 0.567
[2018.09.09-21.30.50:030][334]OBJ SavePackage: Generating thumbnails for [1] asset(s) in package [/Game/Meshes/WallLeft] ([1] browsable assets)...
[2018.09.09-21.30.50:052][334]OBJ SavePackage:     Rendered thumbnail for [StaticMesh /Game/Meshes/WallLeft.WallLeft]
[2018.09.09-21.30.50:052][334]OBJ SavePackage: Finished generating thumbnails for package [/Game/Meshes/WallLeft]
[2018.09.09-21.30.50:052][334]Cmd: OBJ SAVEPACKAGE PACKAGE="/Game/Meshes/WallLeft" FILE="E:/Unreal Projects/BeyondHuman/Saved/Autosaves/Game/Meshes/WallLeft_Auto4.uasset" SILENT=false AUTOSAVING=true
[2018.09.09-21.30.50:078][334]LogSavePackage: Moving 'E:/Unreal Projects/BeyondHuman/Saved/WallLeft_Auto4FAC49FB94A82AF4D199E908FB8362E95.tmp' to 'E:/Unreal Projects/BeyondHuman/Saved/Autosaves/Game/Meshes/WallLeft_Auto4.uasset'
[2018.09.09-21.30.50:078][334]LogFileHelpers: Auto-saving content packages took 0.049
[2018.09.09-21.32.14:079][668]LogEditorViewport: Clicking on Actor (LMB): StaticMeshActor (WallLeft)
[2018.09.09-21.32.14:479][693]LogEditorViewport: Clicking on Actor (context menu): StaticMeshActor (WallLeft)
[2018.09.09-21.32.14:521][693]LogSlate: FSceneViewport::OnFocusLost() reason 2
[2018.09.09-21.32.15:299][758]LogSlate: FSceneViewport::OnFocusLost() reason 2
[2018.09.09-21.32.17:277][876]LogEditorFactories: Performing atomic reimport of [E:/Dropbox (Personal)/Docs/Projects/Beyond Human/Exports/Architecture/WallLeft.fbx]
[2018.09.09-21.32.17:310][876]LogFbx: Loading FBX Scene from E:/Dropbox (Personal)/Docs/Projects/Beyond Human/Exports/Architecture/WallLeft.fbx
[2018.09.09-21.32.17:319][876]LogFbx: FBX Scene Loaded Succesfully
[2018.09.09-21.32.17:383][876]LogStaticMesh: Building static mesh WallLeft...
[2018.09.09-21.32.17:423][876]LogStaticMesh: Built static mesh [0.04s] /Game/Meshes/WallLeft.WallLeft
[2018.09.09-21.32.17:448][876]LogEditorFactories: -- imported successfully
[2018.09.09-21.33.22:795][275]LogSlate: FSceneViewport::OnFocusLost() reason 0
[2018.09.09-21.33.22:914][280]LogActorFactory: Actor Factory created PipeHolderD
[2018.09.09-21.33.24:403][303]LogActorFactory: Actor Factory created PipeHolderD
[2018.09.09-21.33.39:646][346]Cmd: CAMERA ALIGN ACTIVEVIEWPORTONLY
[2018.09.09-21.33.44:076][631]Cmd: TRANSACTION UNDO
[2018.09.09-21.33.44:076][631]LogEditorTransaction: Undo Move Actors
[2018.09.09-21.33.47:080][821]Cmd: TRANSACTION UNDO
[2018.09.09-21.33.47:080][821]LogEditorTransaction: Undo Move Actors
[2018.09.09-21.33.59:119][578]LogSlate: FSceneViewport::OnFocusLost() reason 0
[2018.09.09-21.34.02:884][785]LogSlate: FSceneViewport::OnFocusLost() reason 0
[2018.09.09-21.34.07:974][ 72]Cmd: TRANSACTION UNDO
[2018.09.09-21.34.07:974][ 72]LogEditorTransaction: Undo Move Actors
[2018.09.09-21.34.08:340][ 87]LogSlate: FSceneViewport::OnFocusLost() reason 0
[2018.09.09-21.34.12:808][460]Cmd: EDIT COPY
[2018.09.09-21.34.13:010][471]Cmd: EDIT PASTE
[2018.09.09-21.34.23:748][123]LogEditorViewport: Clicking on Actor (LMB): StaticMeshActor (WallLeft)
[2018.09.09-21.34.27:580][383]LogEditorViewport: Clicking on Actor (LMB): StaticMeshActor (WallLeft)
[2018.09.09-21.34.28:216][421]LogEditorViewport: Clicking on Actor (LMB): StaticMeshActor (PipeHolderD24)
[2018.09.09-21.34.29:109][487]Cmd: EDIT COPY
[2018.09.09-21.34.29:364][508]Cmd: EDIT PASTE
[2018.09.09-21.34.43:444][520]LogSlate: FSceneViewport::OnFocusLost() reason 0
[2018.09.09-21.34.51:551][124]Cmd: CAMERA ALIGN ACTIVEVIEWPORTONLY
[2018.09.09-21.35.02:796][885]Cmd: CAMERA ALIGN ACTIVEVIEWPORTONLY
[2018.09.09-21.35.10:766][467]LogEditorViewport: Clicking on Actor (LMB): StaticMeshActor (WallLeft)
[2018.09.09-21.35.11:296][503]LogEditorViewport: Clicking on Actor (LMB): StaticMeshActor (PipeHolderD24)
[2018.09.09-21.35.13:342][657]LogEditorViewport: Clicking on Actor (LMB): StaticMeshActor (WallLeft)
[2018.09.09-21.35.19:843][ 64]LogEditorViewport: Clicking on Actor (LMB): StaticMeshActor (WallLeft)
[2018.09.09-21.35.20:873][133]LogEditorViewport: Clicking on Actor (LMB): StaticMeshActor (WallLeft)
[2018.09.09-21.35.21:834][197]LogEditorViewport: Clicking on Actor (LMB): StaticMeshActor (WallLeft)
[2018.09.09-21.35.22:742][257]LogEditorViewport: Clicking on Actor (LMB): StaticMeshActor (PipeHolderD25)
[2018.09.09-21.35.23:708][319]Cmd: EDIT COPY
[2018.09.09-21.35.23:921][334]Cmd: EDIT PASTE
[2018.09.09-21.35.27:401][564]Cmd: CAMERA ALIGN ACTIVEVIEWPORTONLY
[2018.09.09-21.35.32:695][966]Cmd: TRANSACTION UNDO
[2018.09.09-21.35.32:695][966]LogEditorTransaction: Undo Move Actors
[2018.09.09-21.35.38:062][301]LogEditorViewport: Clicking on Actor (LMB): StaticMeshActor (WallLeft)
[2018.09.09-21.38.12:362][324]LogSlate: FSceneViewport::OnFocusLost() reason 2
[2018.09.09-21.38.12:997][334]LogEditorViewport: Clicking on Actor (LMB): StaticMeshActor (WallLeft)
[2018.09.09-21.38.13:186][339]LogEditorViewport: Clicking on Actor (context menu): StaticMeshActor (WallLeft)
[2018.09.09-21.38.13:256][339]LogSlate: FSceneViewport::OnFocusLost() reason 2
[2018.09.09-21.38.14:204][422]LogSlate: FSceneViewport::OnFocusLost() reason 2
[2018.09.09-21.38.15:887][520]LogEditorFactories: Performing atomic reimport of [E:/Dropbox (Personal)/Docs/Projects/Beyond Human/Exports/Architecture/WallLeft.fbx]
[2018.09.09-21.38.15:916][520]LogFbx: Loading FBX Scene from E:/Dropbox (Personal)/Docs/Projects/Beyond Human/Exports/Architecture/WallLeft.fbx
[2018.09.09-21.38.15:925][520]LogFbx: FBX Scene Loaded Succesfully
[2018.09.09-21.38.15:989][520]LogStaticMesh: Building static mesh WallLeft...
[2018.09.09-21.38.16:028][520]LogStaticMesh: Built static mesh [0.04s] /Game/Meshes/WallLeft.WallLeft
[2018.09.09-21.38.16:054][520]LogEditorFactories: -- imported successfully
[2018.09.09-21.38.30:196][470]LogEditorViewport: Clicking on Actor (LMB): StaticMeshActor (PipeHolderD26)
[2018.09.09-21.38.31:136][525]Cmd: EDIT COPY
[2018.09.09-21.38.31:369][540]Cmd: EDIT PASTE
[2018.09.09-21.38.44:416][438]Cmd: CAMERA ALIGN ACTIVEVIEWPORTONLY
[2018.09.09-21.38.55:756][193]Cmd: EDIT COPY
[2018.09.09-21.38.56:030][213]Cmd: EDIT PASTE
[2018.09.09-21.38.59:838][484]Cmd: CAMERA ALIGN ACTIVEVIEWPORTONLY
[2018.09.09-21.39.12:223][326]LogEditorViewport: Clicking on Actor (LMB): StaticMeshActor (WallLeft)
[2018.09.09-21.39.12:655][350]LogEditorViewport: Clicking on Actor (LMB): StaticMeshActor (WallLeft)
[2018.09.09-21.39.16:672][644]LogEditorViewport: Clicking on Actor (LMB): StaticMeshActor (PipeHolderD26)
[2018.09.09-21.39.18:374][767]Cmd: EDIT COPY
[2018.09.09-21.39.18:663][787]Cmd: EDIT PASTE
[2018.09.09-21.39.21:488][994]Cmd: CAMERA ALIGN ACTIVEVIEWPORTONLY
[2018.09.09-21.39.27:502][494]LogEditorViewport: Clicking on Actor (LMB): StaticMeshActor (TunnelCorner (9))
[2018.09.09-21.40.04:404][ 54]LogEditorViewport: Clicking on Actor (LMB): StaticMeshActor (PipeHolderD29)
[2018.09.09-21.40.05:919][141]Cmd: EDIT COPY
[2018.09.09-21.40.06:159][158]Cmd: EDIT PASTE
[2018.09.09-21.40.19:038][ 59]Cmd: CAMERA ALIGN ACTIVEVIEWPORTONLY
[2018.09.09-21.40.24:646][535]Cmd: CAMERA ALIGN ACTIVEVIEWPORTONLY
[2018.09.09-21.40.28:345][804]Cmd: EDIT COPY
[2018.09.09-21.40.28:591][820]Cmd: EDIT PASTE
[2018.09.09-21.40.31:369][ 40]Cmd: DELETE
[2018.09.09-21.40.31:369][ 40]Cmd: ACTOR DELETE
[2018.09.09-21.40.31:513][ 40]LogEditorActor: Deleted Actor: StaticMeshActor
[2018.09.09-21.40.31:538][ 40]LogEditorActor: Deleted 1 Actors (0.169 secs)
[2018.09.09-21.40.32:949][162]LogEditorViewport: Clicking on Actor (LMB): StaticMeshActor (PipeHolderD28)
[2018.09.09-21.40.33:819][231]Cmd: EDIT COPY
[2018.09.09-21.40.34:044][249]Cmd: EDIT PASTE
[2018.09.09-21.40.36:815][445]Cmd: CAMERA ALIGN ACTIVEVIEWPORTONLY
[2018.09.09-21.40.43:236][975]LogSlate: FSceneViewport::OnFocusLost() reason 0
[2018.09.09-21.40.43:303][982]Cmd: MODE GRID=0
[2018.09.09-21.40.50:175][432]LogEditorViewport: Clicking on Actor (LMB): StaticMeshActor (WallLeft)
[2018.09.09-21.41.20:338][688]LogSlate: FSceneViewport::OnFocusLost() reason 2
[2018.09.09-21.41.20:376][688]Cmd: OBJ SAVEPACKAGE PACKAGE="/Game/Maps/Meshing" FILE="E:/Unreal Projects/BeyondHuman/Saved/Autosaves/Game/Maps/Meshing_Auto5.umap" SILENT=true AUTOSAVING=true KEEPDIRTY=false
[2018.09.09-21.41.20:916][688]LogSavePackage: Moving 'E:/Unreal Projects/BeyondHuman/Saved/Meshing_Auto5A9A890664DB0C6FD05DA7D91CCA8286A.tmp' to 'E:/Unreal Projects/BeyondHuman/Saved/Autosaves/Game/Maps/Meshing_Auto5.umap'
[2018.09.09-21.41.20:919][688]LogFileHelpers: Editor autosave (incl. sublevels) for '/Game/Maps/Meshing' took 0.565
[2018.09.09-21.41.20:919][688]LogFileHelpers: Editor autosave (incl. sublevels) for all levels took 0.565
[2018.09.09-21.41.20:921][688]OBJ SavePackage: Generating thumbnails for [1] asset(s) in package [/Game/Meshes/WallLeft] ([1] browsable assets)...
[2018.09.09-21.41.20:937][688]OBJ SavePackage:     Rendered thumbnail for [StaticMesh /Game/Meshes/WallLeft.WallLeft]
[2018.09.09-21.41.20:937][688]OBJ SavePackage: Finished generating thumbnails for package [/Game/Meshes/WallLeft]
[2018.09.09-21.41.20:937][688]Cmd: OBJ SAVEPACKAGE PACKAGE="/Game/Meshes/WallLeft" FILE="E:/Unreal Projects/BeyondHuman/Saved/Autosaves/Game/Meshes/WallLeft_Auto5.uasset" SILENT=false AUTOSAVING=true
[2018.09.09-21.41.20:956][688]LogSavePackage: Moving 'E:/Unreal Projects/BeyondHuman/Saved/WallLeft_Auto5802AF2844DFFEBF62973629F71CF527D.tmp' to 'E:/Unreal Projects/BeyondHuman/Saved/Autosaves/Game/Meshes/WallLeft_Auto5.uasset'
[2018.09.09-21.41.20:957][688]LogFileHelpers: Auto-saving content packages took 0.037
[2018.09.09-21.41.31:246][955]LogEditorViewport: Clicking on Actor (LMB): StaticMeshActor (CeilingPillar (6))
[2018.09.09-21.43.01:258][130]LogEditorViewport: Clicking on Actor (LMB): StaticMeshActor (WallFront)
[2018.09.09-21.45.01:339][832]LogEditorViewport: Clicking on Actor (LMB): BP_MountedLight_C (MountedLight5)
[2018.09.09-21.45.02:000][873]LogEditorViewport: Clicking on Actor (LMB): StaticMeshActor (WallLeft)
[2018.09.09-21.45.09:125][352]LogEditorViewport: Clicking on Actor (LMB): BP_MountedLight_C (MountedLight8)
[2018.09.09-21.45.10:279][437]LogEditorViewport: Clicking on Actor (LMB): StaticMeshActor (TunnelCorner (9))
[2018.09.09-21.45.16:343][881]LogEditorViewport: Clicking on Actor (LMB): StaticMeshActor (WallLeft)
[2018.09.09-21.45.22:639][136]LogEditorViewport: Clicking on Actor (LMB): StaticMeshActor (WallLeft)
[2018.09.09-21.45.23:287][171]LogEditorViewport: Clicking on Actor (LMB): StaticMeshActor (GirderTRI)
[2018.09.09-21.47.24:059][920]LogSlate: FSceneViewport::OnFocusLost() reason 2
[2018.09.09-21.47.25:005][943]LogEditorViewport: Clicking on Actor (LMB): StaticMeshActor (WallLeft)
[2018.09.09-21.47.25:513][976]LogEditorViewport: Clicking on Actor (context menu): StaticMeshActor (WallLeft)
[2018.09.09-21.47.25:554][976]LogSlate: FSceneViewport::OnFocusLost() reason 2
[2018.09.09-21.47.26:425][ 51]LogSlate: FSceneViewport::OnFocusLost() reason 2
[2018.09.09-21.47.28:283][169]LogEditorFactories: Performing atomic reimport of [E:/Dropbox (Personal)/Docs/Projects/Beyond Human/Exports/Architecture/WallLeft.fbx]
[2018.09.09-21.47.28:311][169]LogFbx: Loading FBX Scene from E:/Dropbox (Personal)/Docs/Projects/Beyond Human/Exports/Architecture/WallLeft.fbx
[2018.09.09-21.47.28:320][169]LogFbx: FBX Scene Loaded Succesfully
[2018.09.09-21.47.28:382][169]LogStaticMesh: Building static mesh WallLeft...
[2018.09.09-21.47.28:422][169]LogStaticMesh: Built static mesh [0.04s] /Game/Meshes/WallLeft.WallLeft
[2018.09.09-21.47.28:446][169]LogEditorFactories: -- imported successfully
[2018.09.09-21.47.34:475][554]LogEditorViewport: Clicking on Actor (LMB): StaticMeshActor (PipeHolderD25)
[2018.09.09-21.47.37:576][730]LogSlate: FSceneViewport::OnFocusLost() reason 0
[2018.09.09-21.48.03:176][581]LogEditorViewport: Clicking on Actor (LMB): StaticMeshActor (WallLeft)
[2018.09.09-21.48.29:603][997]LogSlate: FSceneViewport::OnFocusLost() reason 0
[2018.09.09-21.48.30:800][  0]LogSlate: Window 'Save Content' being destroyed
[2018.09.09-21.48.31:036][  0]Cmd: OBJ SAVEPACKAGE PACKAGE="/Game/Maps/Meshing" FILE="E:/Unreal Projects/BeyondHuman/Content/Maps/Meshing.umap" SILENT=true AUTOSAVING=false KEEPDIRTY=false
[2018.09.09-21.48.31:594][  0]LogSavePackage: Moving 'E:/Unreal Projects/BeyondHuman/Saved/Meshing2CCDAF8D469843DF249BF6992E6E4029.tmp' to 'E:/Unreal Projects/BeyondHuman/Content/Maps/Meshing.umap'
[2018.09.09-21.48.31:634][  0]LogFileHelpers: Saving map 'Meshing' took 0.807
[2018.09.09-21.48.31:653][  0]Cmd: OBJ SAVEPACKAGE PACKAGE="/Game/Meshes/WallLeft" FILE="E:/Unreal Projects/BeyondHuman/Content/Meshes/WallLeft.uasset" SILENT=true
[2018.09.09-21.48.31:671][  0]LogSavePackage: Moving 'E:/Unreal Projects/BeyondHuman/Saved/WallLeft7D676D4E49ADE63922729B92AD23629C.tmp' to 'E:/Unreal Projects/BeyondHuman/Content/Meshes/WallLeft.uasset'
[2018.09.09-21.49.30:595][213]LogEditorViewport: Clicking on Actor (LMB): StaticMeshActor (PipeHolderD28)
[2018.09.09-21.49.31:590][292]Cmd: EDIT COPY
[2018.09.09-21.49.31:847][312]Cmd: EDIT PASTE
[2018.09.09-21.49.35:203][510]Cmd: TRANSACTION UNDO
[2018.09.09-21.49.35:203][510]LogEditorTransaction: Undo Rotate Actors
[2018.09.09-21.49.36:468][601]LogSlate: FSceneViewport::OnFocusLost() reason 0
[2018.09.09-21.49.42:465][ 22]Cmd: CAMERA ALIGN ACTIVEVIEWPORTONLY
[2018.09.09-21.49.46:015][288]Cmd: CAMERA ALIGN ACTIVEVIEWPORTONLY
[2018.09.09-21.49.50:302][591]Cmd: TRANSACTION UNDO
[2018.09.09-21.49.50:302][591]LogEditorTransaction: Undo Move Actors
[2018.09.09-21.49.50:827][621]LogSlate: FSceneViewport::OnFocusLost() reason 0
[2018.09.09-21.49.50:889][628]Cmd: MODE GRID=1
[2018.09.09-21.49.55:980][950]Cmd: EDIT COPY
[2018.09.09-21.49.56:220][968]Cmd: EDIT PASTE
[2018.09.09-21.49.58:172][105]Cmd: CAMERA ALIGN ACTIVEVIEWPORTONLY
[2018.09.09-21.50.04:598][550]LogEditorViewport: Clicking on Actor (LMB): StaticMeshActor (PipeHolderD32)
[2018.09.09-21.50.07:264][740]Cmd: EDIT COPY
[2018.09.09-21.50.07:799][779]Cmd: EDIT PASTE
[2018.09.09-21.50.18:598][527]LogEditorViewport: Clicking on Actor (LMB): StaticMeshActor (PipeHolderD35)
[2018.09.09-21.50.28:823][250]Cmd: EDIT COPY
[2018.09.09-21.50.29:064][268]Cmd: EDIT PASTE
[2018.09.09-21.50.32:277][498]LogEditorViewport: Clicking on Actor (LMB): StaticMeshActor (TunnelCorner (9))
[2018.09.09-21.50.35:137][670]LogEditorViewport: Clicking on Actor (LMB): StaticMeshActor (PipeHolderD34)
[2018.09.09-21.50.37:628][850]LogEditorViewport: Clicking on Actor (LMB): StaticMeshActor (GirderSQ (5)8)
[2018.09.09-21.50.44:843][180]LogEditorViewport: Clicking on Actor (LMB): StaticMeshActor (CeilingPillar (6))
[2018.09.09-21.50.53:308][642]LogSlate: FSceneViewport::OnFocusLost() reason 0
[2018.09.09-21.50.54:285][644]LogSlate: Window 'Save Content' being destroyed
[2018.09.09-21.50.54:517][644]Cmd: OBJ SAVEPACKAGE PACKAGE="/Game/Maps/Meshing" FILE="E:/Unreal Projects/BeyondHuman/Content/Maps/Meshing.umap" SILENT=true AUTOSAVING=false KEEPDIRTY=false
[2018.09.09-21.50.55:026][644]LogSavePackage: Moving 'E:/Unreal Projects/BeyondHuman/Saved/Meshing80ECD52D473E9AC8397D9C94D69FDC8D.tmp' to 'E:/Unreal Projects/BeyondHuman/Content/Maps/Meshing.umap'
[2018.09.09-21.50.55:044][644]LogFileHelpers: Saving map 'Meshing' took 0.735
[2018.09.09-21.51.38:793][995]LogSlate: FSceneViewport::OnFocusLost() reason 0
[2018.09.09-21.51.51:190][198]LogSlate: Window 'BeyondHuman - Unreal Editor' being destroyed
[2018.09.09-21.51.51:403][199]Cmd: QUIT_EDITOR
[2018.09.09-21.51.51:421][199]LogWindowsTextInputMethodSystem: Display: IME system now deactivated.
[2018.09.09-21.51.51:431][199]LogExit: Preparing to exit.
[2018.09.09-21.51.52:007][199]LogExit: Editor shut down
[2018.09.09-21.51.52:008][199]LogExit: Transaction tracking system shut down
[2018.09.09-21.51.52:714][199]LogExit: Object subsystem successfully closed.
[2018.09.09-21.51.52:736][199]LogShaderCompilers: Display: Shaders left to compile 0
[2018.09.09-21.51.52:740][199]LogD3D11RHI: Shutdown
[2018.09.09-21.51.52:740][199]LogD3D11RHI: CleanupD3DDevice
[2018.09.09-21.51.52:747][199]LogD3D11RHI: ~FD3D11DynamicRHI
[2018.09.09-21.51.52:777][199]LogModuleManager: Shutting down and abandoning module MeshBuilder (620)
[2018.09.09-21.51.52:777][199]LogModuleManager: Shutting down and abandoning module HierarchicalLODOutliner (618)
[2018.09.09-21.51.52:777][199]LogModuleManager: Shutting down and abandoning module SceneOutliner (616)
[2018.09.09-21.51.52:777][199]LogModuleManager: Shutting down and abandoning module AddContentDialog (614)
[2018.09.09-21.51.52:777][199]LogModuleManager: Shutting down and abandoning module WidgetCarousel (613)
[2018.09.09-21.51.52:777][199]LogModuleManager: Shutting down and abandoning module EditorWidgets (610)
[2018.09.09-21.51.52:777][199]LogModuleManager: Shutting down and abandoning module CollectionManager (608)
[2018.09.09-21.51.52:778][199]LogModuleManager: Shutting down and abandoning module StatsViewer (606)
[2018.09.09-21.51.52:778][199]LogModuleManager: Shutting down and abandoning module FoliageEdit (604)
[2018.09.09-21.51.52:778][199]LogModuleManager: Shutting down and abandoning module LandscapeEditor (602)
[2018.09.09-21.51.52:778][199]LogModuleManager: Shutting down and abandoning module MeshPaintMode (600)
[2018.09.09-21.51.52:778][199]LogModuleManager: Shutting down and abandoning module SceneDepthPickerMode (598)
[2018.09.09-21.51.52:778][199]LogModuleManager: Shutting down and abandoning module ActorPickerMode (596)
[2018.09.09-21.51.52:778][199]LogModuleManager: Shutting down and abandoning module GeometryMode (594)
[2018.09.09-21.51.52:778][199]LogModuleManager: Shutting down and abandoning module TextureAlignMode (592)
[2018.09.09-21.51.52:778][199]LogModuleManager: Shutting down and abandoning module BspMode (590)
[2018.09.09-21.51.52:778][199]LogModuleManager: Shutting down and abandoning module PIEPreviewDeviceProfileSelector (588)
[2018.09.09-21.51.52:778][199]LogModuleManager: Shutting down and abandoning module SequenceRecorderSections (586)
[2018.09.09-21.51.52:778][199]LogModuleManager: Shutting down and abandoning module AutomationWorker (584)
[2018.09.09-21.51.52:778][199]LogModuleManager: Shutting down and abandoning module AudioCaptureEditor (582)
[2018.09.09-21.51.52:778][199]LogModuleManager: Shutting down and abandoning module SequenceRecorder (581)
[2018.09.09-21.51.52:778][199]LogModuleManager: Shutting down and abandoning module MatineeToLevelSequence (578)
[2018.09.09-21.51.52:778][199]LogModuleManager: Shutting down and abandoning module LevelSequenceEditor (576)
[2018.09.09-21.51.52:778][199]LogModuleManager: Shutting down and abandoning module PlacementMode (575)
[2018.09.09-21.51.52:778][199]LogModuleManager: Shutting down and abandoning module MaterialEditor (574)
[2018.09.09-21.51.52:778][199]LogModuleManager: Shutting down and abandoning module WmfMediaFactory (570)
[2018.09.09-21.51.52:778][199]LogModuleManager: Shutting down and abandoning module WmfMediaEditor (568)
[2018.09.09-21.51.52:778][199]LogModuleManager: Shutting down and abandoning module MediaPlayerEditor (566)
[2018.09.09-21.51.52:778][199]LogModuleManager: Shutting down and abandoning module OpenExrWrapper (564)
[2018.09.09-21.51.52:778][199]LogModuleManager: Shutting down and abandoning module ImgMediaFactory (562)
[2018.09.09-21.51.52:778][199]LogModuleManager: Shutting down and abandoning module ImgMediaEditor (560)
[2018.09.09-21.51.52:778][199]LogModuleManager: Shutting down and abandoning module AvfMediaFactory (558)
[2018.09.09-21.51.52:778][199]LogModuleManager: Shutting down and abandoning module AvfMediaEditor (556)
[2018.09.09-21.51.52:778][199]LogModuleManager: Shutting down and abandoning module AndroidMediaFactory (554)
[2018.09.09-21.51.52:778][199]LogModuleManager: Shutting down and abandoning module AndroidMediaEditor (552)
[2018.09.09-21.51.52:778][199]LogModuleManager: Shutting down and abandoning module MagicLeapCameraPreviewFactory (550)
[2018.09.09-21.51.52:778][199]LogModuleManager: Shutting down and abandoning module MagicLeapMediaFactory (548)
[2018.09.09-21.51.52:778][199]LogModuleManager: Shutting down and abandoning module MagicLeapMediaEditor (546)
[2018.09.09-21.51.52:779][199]LogModuleManager: Shutting down and abandoning module CharacterAI (544)
[2018.09.09-21.51.52:779][199]LogModuleManager: Shutting down and abandoning module SmartSnapping (542)
[2018.09.09-21.51.52:779][199]LogModuleManager: Shutting down and abandoning module SessionServices (540)
[2018.09.09-21.51.52:779][199]LogModuleManager: Shutting down and abandoning module ViewportSnapping (538)
[2018.09.09-21.51.52:779][199]LogModuleManager: Shutting down and abandoning module ViewportInteraction (536)
[2018.09.09-21.51.52:779][199]LogModuleManager: Shutting down and abandoning module ClothPainter (534)
[2018.09.09-21.51.52:779][199]LogModuleManager: Shutting down and abandoning module SkeletalMeshEditor (533)
[2018.09.09-21.51.52:779][199]LogModuleManager: Shutting down and abandoning module LogVisualizer (530)
[2018.09.09-21.51.52:779][199]LogModuleManager: Shutting down and abandoning module IntroTutorials (528)
[2018.09.09-21.51.52:779][199]LogModuleManager: Shutting down and abandoning module GameProjectGeneration (527)
[2018.09.09-21.51.52:779][199]LogModuleManager: Shutting down and abandoning module LuminPlatformEditor (524)
[2018.09.09-21.51.52:779][199]LogModuleManager: Shutting down and abandoning module IOSPlatformEditor (522)
[2018.09.09-21.51.52:779][199]LogModuleManager: Shutting down and abandoning module HTML5PlatformEditor (520)
[2018.09.09-21.51.52:779][199]LogModuleManager: Shutting down and abandoning module AndroidPlatformEditor (518)
[2018.09.09-21.51.52:779][199]LogModuleManager: Shutting down and abandoning module AndroidDeviceDetection (517)
[2018.09.09-21.51.53:526][199]LogModuleManager: Shutting down and abandoning module WindowsPlatformEditor (514)
[2018.09.09-21.51.53:526][199]LogModuleManager: Shutting down and abandoning module LuminRuntimeSettings (512)
[2018.09.09-21.51.53:526][199]LogModuleManager: Shutting down and abandoning module IOSRuntimeSettings (510)
[2018.09.09-21.51.53:526][199]LogModuleManager: Shutting down and abandoning module AndroidRuntimeSettings (508)
[2018.09.09-21.51.53:526][199]LogModuleManager: Shutting down and abandoning module InputBindingEditor (506)
[2018.09.09-21.51.53:526][199]LogModuleManager: Shutting down and abandoning module MergeActors (504)
[2018.09.09-21.51.53:526][199]LogModuleManager: Shutting down and abandoning module LocalizationDashboard (502)
[2018.09.09-21.51.53:526][199]LogModuleManager: Shutting down and abandoning module LocalizationService (501)
[2018.09.09-21.51.53:526][199]LogModuleManager: Shutting down and abandoning module HardwareTargeting (498)
[2018.09.09-21.51.53:526][199]LogModuleManager: Shutting down and abandoning module DeviceProfileEditor (496)
[2018.09.09-21.51.53:526][199]LogModuleManager: Shutting down and abandoning module UndoHistory (494)
[2018.09.09-21.51.53:526][199]LogModuleManager: Shutting down and abandoning module XmlParser (492)
[2018.09.09-21.51.53:526][199]LogModuleManager: Shutting down and abandoning module Blutility (490)
[2018.09.09-21.51.53:526][199]LogModuleManager: Shutting down and abandoning module ProjectSettingsViewer (488)
[2018.09.09-21.51.53:526][199]LogModuleManager: Shutting down and abandoning module ProjectTargetPlatformEditor (487)
[2018.09.09-21.51.53:527][199]LogModuleManager: Shutting down and abandoning module EditorSettingsViewer (484)
[2018.09.09-21.51.53:527][199]LogModuleManager: Shutting down and abandoning module SettingsEditor (482)
[2018.09.09-21.51.53:527][199]LogModuleManager: Shutting down and abandoning module ProjectLauncher (480)
[2018.09.09-21.51.53:527][199]LogModuleManager: Shutting down and abandoning module SessionFrontend (478)
[2018.09.09-21.51.53:527][199]LogModuleManager: Shutting down and abandoning module ProfilerClient (476)
[2018.09.09-21.51.53:527][199]LogModuleManager: Shutting down and abandoning module DeviceManager (474)
[2018.09.09-21.51.53:527][199]LogModuleManager: Shutting down and abandoning module TargetDeviceServices (473)
[2018.09.09-21.51.53:581][199]LogModuleManager: Shutting down and abandoning module AutomationController (470)
[2018.09.09-21.51.53:581][199]LogModuleManager: Shutting down and abandoning module AutomationWindow (468)
[2018.09.09-21.51.53:581][199]LogModuleManager: Shutting down and abandoning module Layers (466)
[2018.09.09-21.51.53:581][199]LogModuleManager: Shutting down and abandoning module ComponentVisualizers (464)
[2018.09.09-21.51.53:581][199]LogModuleManager: Shutting down and abandoning module DetailCustomizations (462)
[2018.09.09-21.51.53:581][199]LogModuleManager: Shutting down and abandoning module PackagesDialog (460)
[2018.09.09-21.51.53:581][199]LogModuleManager: Shutting down and abandoning module Persona (458)
[2018.09.09-21.51.53:581][199]LogModuleManager: Shutting down and abandoning module AdvancedPreviewScene (457)
[2018.09.09-21.51.53:581][199]LogModuleManager: Shutting down and abandoning module AnimGraph (455)
[2018.09.09-21.51.53:581][199]LogModuleManager: Shutting down and abandoning module Kismet (452)
[2018.09.09-21.51.53:581][199]LogModuleManager: Shutting down and abandoning module GraphEditor (450)
[2018.09.09-21.51.53:582][199]LogModuleManager: Shutting down and abandoning module ClassViewer (448)
[2018.09.09-21.51.53:582][199]LogModuleManager: Shutting down and abandoning module Toolbox (446)
[2018.09.09-21.51.53:582][199]LogModuleManager: Shutting down and abandoning module ModuleUI (444)
[2018.09.09-21.51.53:582][199]LogModuleManager: Shutting down and abandoning module MovieSceneTools (442)
[2018.09.09-21.51.53:582][199]LogModuleManager: Shutting down and abandoning module OutputLog (440)
[2018.09.09-21.51.53:582][199]LogModuleManager: Shutting down and abandoning module GammaUI (438)
[2018.09.09-21.51.53:582][199]LogModuleManager: Shutting down and abandoning module Documentation (436)
[2018.09.09-21.51.53:582][199]LogModuleManager: Shutting down and abandoning module MovieSceneTracks (434)
[2018.09.09-21.51.53:582][199]LogModuleManager: Shutting down and abandoning module MovieScene (432)
[2018.09.09-21.51.53:582][199]LogModuleManager: Shutting down and abandoning module StreamingPauseRendering (430)
[2018.09.09-21.51.53:582][199]LogModuleManager: Shutting down and abandoning module LauncherPlatform (428)
[2018.09.09-21.51.53:582][199]LogModuleManager: Shutting down and abandoning module AnalyticsET (426)
[2018.09.09-21.51.53:582][199]LogModuleManager: Shutting down and abandoning module PortalServices (424)
[2018.09.09-21.51.53:582][199]LogModuleManager: Shutting down and abandoning module PortalRpc (422)
[2018.09.09-21.51.53:582][199]LogModuleManager: Shutting down and abandoning module MessagingRpc (420)
[2018.09.09-21.51.53:582][199]LogModuleManager: Shutting down and abandoning module AIModule (418)
[2018.09.09-21.51.53:582][199]LogModuleManager: Shutting down and abandoning module GameplayDebugger (417)
[2018.09.09-21.51.53:582][199]LogModuleManager: Shutting down and abandoning module AITestSuite (415)
[2018.09.09-21.51.53:582][199]LogModuleManager: Shutting down and abandoning module NavigationSystem (413)
[2018.09.09-21.51.53:582][199]LogModuleManager: Shutting down and abandoning module DesktopPlatform (410)
[2018.09.09-21.51.53:582][199]LogModuleManager: Shutting down and abandoning module ProfilerService (408)
[2018.09.09-21.51.53:759][199]LogModuleManager: Shutting down and abandoning module TaskGraph (406)
[2018.09.09-21.51.53:759][199]LogModuleManager: Shutting down and abandoning module SubstanceLiveLink (404)
[2018.09.09-21.51.53:759][199]LogModuleManager: Shutting down and abandoning module SubstanceSource (402)
[2018.09.09-21.51.53:762][199]LogModuleManager: Shutting down and abandoning module SubstanceEditor (400)
[2018.09.09-21.51.53:763][199]LogModuleManager: Shutting down and abandoning module SteamVRController (398)
[2018.09.09-21.51.53:763][199]LogModuleManager: Shutting down and abandoning module ProceduralMeshComponentEditor (396)
[2018.09.09-21.51.53:763][199]LogModuleManager: Shutting down and abandoning module ProceduralMeshComponent (394)
[2018.09.09-21.51.53:763][199]LogModuleManager: Shutting down and abandoning module OculusInput (392)
[2018.09.09-21.51.53:763][199]LogModuleManager: Shutting down and abandoning module MobilePatchingUtils (390)
[2018.09.09-21.51.53:763][199]LogModuleManager: Shutting down and abandoning module EditableMesh (388)
[2018.09.09-21.51.53:763][199]LogModuleManager: Shutting down and abandoning module CustomMeshComponent (386)
[2018.09.09-21.51.53:763][199]LogModuleManager: Shutting down and abandoning module CableComponent (384)
[2018.09.09-21.51.53:763][199]LogModuleManager: Shutting down and abandoning module AudioCapture (382)
[2018.09.09-21.51.53:763][199]LogModuleManager: Shutting down and abandoning module ArchVisCharacter (380)
[2018.09.09-21.51.53:763][199]LogModuleManager: Shutting down and abandoning module AndroidPermission (378)
[2018.09.09-21.51.53:763][199]LogModuleManager: Shutting down and abandoning module NUTUnrealEngine4 (376)
[2018.09.09-21.51.53:763][199]LogModuleManager: Shutting down and abandoning module NetcodeUnitTest (374)
[2018.09.09-21.51.53:763][199]LogModuleManager: Shutting down and abandoning module MediaCompositingEditor (372)
[2018.09.09-21.51.53:763][199]LogModuleManager: Shutting down and abandoning module MediaCompositing (370)
[2018.09.09-21.51.53:763][199]LogModuleManager: Shutting down and abandoning module LinearTimecode (368)
[2018.09.09-21.51.53:763][199]LogModuleManager: Shutting down and abandoning module ImgMedia (366)
[2018.09.09-21.51.53:766][199]LogModuleManager: Shutting down and abandoning module HTML5Networking (364)
[2018.09.09-21.51.53:766][199]LogModuleManager: Shutting down and abandoning module GeometryCacheTracks (362)
[2018.09.09-21.51.53:766][199]LogModuleManager: Shutting down and abandoning module GeometryCacheSequencer (360)
[2018.09.09-21.51.53:766][199]LogModuleManager: Shutting down and abandoning module BackChannel (358)
[2018.09.09-21.51.53:766][199]LogModuleManager: Shutting down and abandoning module AppleVision (356)
[2018.09.09-21.51.53:766][199]LogModuleManager: Shutting down and abandoning module AppleImageUtils (354)
[2018.09.09-21.51.53:766][199]LogModuleManager: Shutting down and abandoning module AlembicImporter (352)
[2018.09.09-21.51.53:766][199]LogModuleManager: Shutting down and abandoning module AlembicLibrary (351)
[2018.09.09-21.51.53:766][199]LogModuleManager: Shutting down and abandoning module GeometryCache (350)
[2018.09.09-21.51.53:766][199]LogModuleManager: Shutting down and abandoning module GeometryCacheEd (349)
[2018.09.09-21.51.53:767][199]LogModuleManager: Shutting down and abandoning module DatasmithContentEditor (344)
[2018.09.09-21.51.53:767][199]LogModuleManager: Shutting down and abandoning module DatasmithContent (342)
[2018.09.09-21.51.53:767][199]LogModuleManager: Shutting down and abandoning module SpeedTreeImporter (340)
[2018.09.09-21.51.53:767][199]LogModuleManager: Shutting down and abandoning module PluginBrowser (338)
[2018.09.09-21.51.53:767][199]LogModuleManager: Shutting down and abandoning module MobileLauncherProfileWizard (336)
[2018.09.09-21.51.53:767][199]LogModuleManager: Shutting down and abandoning module PolygonModeling (334)
[2018.09.09-21.51.53:767][199]LogModuleManager: Shutting down and abandoning module MeshEditor (332)
[2018.09.09-21.51.53:767][199]LogModuleManager: Shutting down and abandoning module CryptoKeysOpenSSL (330)
[2018.09.09-21.51.53:767][199]LogModuleManager: Shutting down and abandoning module CryptoKeys (328)
[2018.09.09-21.51.53:767][199]LogModuleManager: Shutting down and abandoning module VisualStudioSourceCodeAccess (326)
[2018.09.09-21.51.53:767][199]LogModuleManager: Shutting down and abandoning module VisualStudioCodeSourceCodeAccess (324)
[2018.09.09-21.51.53:767][199]LogModuleManager: Shutting down and abandoning module UObjectPlugin (322)
[2018.09.09-21.51.53:767][199]LogModuleManager: Shutting down and abandoning module SubversionSourceControl (320)
[2018.09.09-21.51.53:767][199]LogModuleManager: Shutting down and abandoning module PerforceSourceControl (318)
[2018.09.09-21.51.53:767][199]LogModuleManager: Shutting down and abandoning module GitSourceControl (316)
[2018.09.09-21.51.53:767][199]LogModuleManager: Shutting down and abandoning module SourceControl (315)
[2018.09.09-21.51.53:767][199]LogModuleManager: Shutting down and abandoning module CLionSourceCodeAccess (312)
[2018.09.09-21.51.53:768][199]LogModuleManager: Shutting down and abandoning module LightPropagationVolumeEditor (310)
[2018.09.09-21.51.53:768][199]LogModuleManager: Shutting down and abandoning module PaperTiledImporter (308)
[2018.09.09-21.51.53:768][199]LogModuleManager: Shutting down and abandoning module PaperSpriteSheetImporter (306)
[2018.09.09-21.51.53:768][199]LogModuleManager: Shutting down and abandoning module Paper2DEditor (304)
[2018.09.09-21.51.53:768][199]LogModuleManager: Shutting down and abandoning module MeshPaint (303)
[2018.09.09-21.51.53:768][199]LogModuleManager: Shutting down and abandoning module RuntimePhysXCooking (300)
[2018.09.09-21.51.53:768][199]LogModuleManager: Shutting down and abandoning module PhysXVehiclesEditor (298)
[2018.09.09-21.51.53:768][199]LogModuleManager: Shutting down and abandoning module PhysXVehicles (296)
[2018.09.09-21.51.53:768][199]LogModuleManager: Shutting down and abandoning module OculusEditor (294)
[2018.09.09-21.51.53:768][199]LogModuleManager: Shutting down and abandoning module LocationServicesBPLibrary (292)
[2018.09.09-21.51.53:768][199]LogModuleManager: Shutting down and abandoning module ImmediatePhysicsEditor (290)
[2018.09.09-21.51.53:768][199]LogModuleManager: Shutting down and abandoning module ImmediatePhysics (288)
[2018.09.09-21.51.53:768][199]LogModuleManager: Shutting down and abandoning module ActorSequence (286)
[2018.09.09-21.51.53:768][199]LogModuleManager: Shutting down and abandoning module UdpMessaging (284)
[2018.09.09-21.51.53:869][199]LogModuleManager: Shutting down and abandoning module TcpMessaging (282)
[2018.09.09-21.51.53:970][199]LogModuleManager: Shutting down and abandoning module SubstanceCore (280)
[2018.09.09-21.51.53:971][199]LogModuleManager: Shutting down and abandoning module MagicLeapAudio (278)
[2018.09.09-21.51.53:971][199]LogModuleManager: Shutting down and abandoning module GameplayTagsEditor (276)
[2018.09.09-21.51.53:971][199]LogModuleManager: Shutting down and abandoning module FacialAnimationEditor (274)
[2018.09.09-21.51.53:971][199]LogModuleManager: Shutting down and abandoning module FacialAnimation (272)
[2018.09.09-21.51.53:971][199]LogModuleManager: Shutting down and abandoning module DataValidation (270)
[2018.09.09-21.51.53:971][199]LogModuleManager: Shutting down and abandoning module AssetManagerEditor (268)
[2018.09.09-21.51.53:971][199]LogModuleManager: Shutting down and abandoning module LevelEditor (267)
[2018.09.09-21.51.53:972][199]LogModuleManager: Shutting down and abandoning module PixelInspectorModule (266)
[2018.09.09-21.51.53:972][199]LogModuleManager: Shutting down and abandoning module CommonMenuExtensions (264)
[2018.09.09-21.51.53:972][199]LogModuleManager: Shutting down and abandoning module MainFrame (262)
[2018.09.09-21.51.53:972][199]LogModuleManager: Shutting down and abandoning module HotReload (261)
[2018.09.09-21.51.53:972][199]LogModuleManager: Shutting down and abandoning module ContentBrowser (257)
[2018.09.09-21.51.53:973][199]LogModuleManager: Shutting down and abandoning module TreeMap (255)
[2018.09.09-21.51.53:973][199]LogModuleManager: Shutting down and abandoning module LightPropagationVolumeRuntime (252)
[2018.09.09-21.51.53:973][199]LogModuleManager: Shutting down and abandoning module AISupportModule (250)
[2018.09.09-21.51.53:973][199]LogModuleManager: Shutting down and abandoning module Paper2D (248)
[2018.09.09-21.51.53:973][199]LogModuleManager: Shutting down and abandoning module WindowsMoviePlayer (246)
[2018.09.09-21.51.53:973][199]LogModuleManager: Shutting down and abandoning module WmfMedia (244)
[2018.09.09-21.51.53:975][199]LogModuleManager: Shutting down and abandoning module Media (243)
[2018.09.09-21.51.53:981][199]LogModuleManager: Shutting down and abandoning module PacketHandler (240)
[2018.09.09-21.51.53:981][199]LogModuleManager: Shutting down and abandoning module ClothingSystemEditor (238)
[2018.09.09-21.51.53:981][199]LogModuleManager: Shutting down and abandoning module ClothingSystemRuntime (236)
[2018.09.09-21.51.53:981][199]LogModuleManager: Shutting down and abandoning module MediaAssets (234)
[2018.09.09-21.51.53:981][199]LogModuleManager: Shutting down and abandoning module Overlay (232)
[2018.09.09-21.51.53:981][199]LogModuleManager: Shutting down and abandoning module OverlayEditor (231)
[2018.09.09-21.51.53:981][199]LogModuleManager: Shutting down and abandoning module VREditor (228)
[2018.09.09-21.51.53:981][199]LogModuleManager: Shutting down and abandoning module StringTableEditor (226)
[2018.09.09-21.51.53:982][199]LogModuleManager: Shutting down and abandoning module GameplayTasksEditor (224)
[2018.09.09-21.51.53:982][199]LogModuleManager: Shutting down and abandoning module BehaviorTreeEditor (222)
[2018.09.09-21.51.53:982][199]LogModuleManager: Shutting down and abandoning module FunctionalTesting (220)
[2018.09.09-21.51.53:982][199]LogModuleManager: Shutting down and abandoning module CollisionAnalyzer (218)
[2018.09.09-21.51.53:982][199]LogModuleManager: Shutting down and abandoning module WorkspaceMenuStructure (217)
[2018.09.09-21.51.53:982][199]LogModuleManager: Shutting down and abandoning module UMG (214)
[2018.09.09-21.51.53:982][199]LogModuleManager: Shutting down and abandoning module UMGEditor (213)
[2018.09.09-21.51.53:982][199]LogModuleManager: Shutting down and abandoning module Sequencer (212)
[2018.09.09-21.51.53:982][199]LogModuleManager: Shutting down and abandoning module MessageLog (209)
[2018.09.09-21.51.53:982][199]LogModuleManager: Shutting down and abandoning module SlateReflector (204)
[2018.09.09-21.51.53:982][199]LogModuleManager: Shutting down and abandoning module Slate (202)
[2018.09.09-21.51.53:982][199]LogModuleManager: Shutting down and abandoning module EditorStyle (200)
[2018.09.09-21.51.53:984][199]LogModuleManager: Shutting down and abandoning module MRMesh (198)
[2018.09.09-21.51.53:984][199]LogModuleManager: Shutting down and abandoning module SourceCodeAccess (196)
[2018.09.09-21.51.53:984][199]LogModuleManager: Shutting down and abandoning module HeadMountedDisplay (194)
[2018.09.09-21.51.53:984][199]LogModuleManager: Shutting down and abandoning module XAudio2 (192)
[2018.09.09-21.51.53:984][199]LogModuleManager: Shutting down and abandoning module Networking (190)
[2018.09.09-21.51.53:984][199]LogModuleManager: Shutting down and abandoning module Core (188)
[2018.09.09-21.51.53:984][199]LogModuleManager: Shutting down and abandoning module LevelSequence (186)
[2018.09.09-21.51.53:984][199]LogModuleManager: Shutting down and abandoning module KismetCompiler (184)
[2018.09.09-21.51.53:984][199]LogModuleManager: Shutting down and abandoning module MeshUtilities (182)
[2018.09.09-21.51.53:984][199]LogModuleManager: Shutting down and abandoning module MeshMergeUtilities (181)
[2018.09.09-21.51.53:984][199]LogModuleManager: Shutting down and abandoning module MeshReductionInterface (180)
[2018.09.09-21.51.53:984][199]LogModuleManager: Shutting down and abandoning module SimplygonSwarm (179)
[2018.09.09-21.51.53:984][199]LogModuleManager: Shutting down and abandoning module ProxyLODMeshReduction (177)
[2018.09.09-21.51.53:984][199]LogModuleManager: Shutting down and abandoning module SimplygonMeshReduction (175)
[2018.09.09-21.51.53:984][199]LogModuleManager: Shutting down and abandoning module QuadricMeshReduction (173)
[2018.09.09-21.51.53:984][199]LogModuleManager: Shutting down and abandoning module MaterialBaking (169)
[2018.09.09-21.51.53:984][199]LogModuleManager: Shutting down and abandoning module DirectoryWatcher (165)
[2018.09.09-21.51.53:984][199]LogModuleManager: Shutting down and abandoning module DerivedDataCache (162)
[2018.09.09-21.51.54:067][199]LogDerivedDataCache: Shutdown
[2018.09.09-21.51.54:067][199]LogModuleManager: Shutting down and abandoning module XGEController (160)
[2018.09.09-21.51.54:067][199]LogXGEController: Cleaning working directory: C:/Users/mikey/AppData/Local/Temp/UnrealXGEWorkingDir/
[2018.09.09-21.51.54:068][199]LogModuleManager: Shutting down and abandoning module TargetPlatform (158)
[2018.09.09-21.51.54:068][199]LogModuleManager: Shutting down and abandoning module VulkanShaderFormat (157)
[2018.09.09-21.51.54:068][199]LogModuleManager: Shutting down and abandoning module ShaderFormatVectorVM (155)
[2018.09.09-21.51.54:068][199]LogModuleManager: Shutting down and abandoning module ShaderFormatOpenGL (153)
[2018.09.09-21.51.54:068][199]LogModuleManager: Shutting down and abandoning module ShaderFormatD3D (151)
[2018.09.09-21.51.54:068][199]LogModuleManager: Shutting down and abandoning module MetalShaderFormat (149)
[2018.09.09-21.51.54:068][199]LogModuleManager: Shutting down and abandoning module TextureFormatUncompressed (147)
[2018.09.09-21.51.54:068][199]LogModuleManager: Shutting down and abandoning module TextureFormatPVR (145)
[2018.09.09-21.51.54:068][199]LogModuleManager: Shutting down and abandoning module TextureFormatDXT (143)
[2018.09.09-21.51.54:068][199]LogModuleManager: Shutting down and abandoning module TextureFormatIntelISPCTexComp (141)
[2018.09.09-21.51.54:068][199]LogModuleManager: Shutting down and abandoning module TextureFormatASTC (139)
[2018.09.09-21.51.54:068][199]LogModuleManager: Shutting down and abandoning module ImageWrapper (138)
[2018.09.09-21.51.54:068][199]LogModuleManager: Shutting down and abandoning module TextureFormatAndroid (135)
[2018.09.09-21.51.54:068][199]LogModuleManager: Shutting down and abandoning module AudioFormatOpus (133)
[2018.09.09-21.51.54:068][199]LogModuleManager: Shutting down and abandoning module AudioFormatOgg (131)
[2018.09.09-21.51.54:068][199]LogModuleManager: Shutting down and abandoning module AudioFormatADPCM (129)
[2018.09.09-21.51.54:068][199]LogModuleManager: Shutting down and abandoning module LuminTargetPlatform (127)
[2018.09.09-21.51.54:068][199]LogModuleManager: Shutting down and abandoning module LinuxTargetPlatform (125)
[2018.09.09-21.51.54:068][199]LogModuleManager: Shutting down and abandoning module LinuxServerTargetPlatform (123)
[2018.09.09-21.51.54:068][199]LogModuleManager: Shutting down and abandoning module LinuxNoEditorTargetPlatform (121)
[2018.09.09-21.51.54:068][199]LogModuleManager: Shutting down and abandoning module LinuxClientTargetPlatform (119)
[2018.09.09-21.51.54:068][199]LogModuleManager: Shutting down and abandoning module TVOSTargetPlatform (117)
[2018.09.09-21.51.54:069][199]LogModuleManager: Shutting down and abandoning module Messaging (115)
[2018.09.09-21.51.54:069][199]LogModuleManager: Shutting down and abandoning module IOSTargetPlatform (113)
[2018.09.09-21.51.54:070][199]LogModuleManager: Shutting down and abandoning module HTML5TargetPlatform (111)
[2018.09.09-21.51.54:070][199]LogModuleManager: Shutting down and abandoning module AndroidTargetPlatform (109)
[2018.09.09-21.51.54:077][199]LogModuleManager: Shutting down and abandoning module WindowsTargetPlatform (107)
[2018.09.09-21.51.54:077][199]LogModuleManager: Shutting down and abandoning module WindowsServerTargetPlatform (105)
[2018.09.09-21.51.54:077][199]LogModuleManager: Shutting down and abandoning module WindowsNoEditorTargetPlatform (103)
[2018.09.09-21.51.54:077][199]LogModuleManager: Shutting down and abandoning module WindowsClientTargetPlatform (101)
[2018.09.09-21.51.54:077][199]LogModuleManager: Shutting down and abandoning module MacTargetPlatform (99)
[2018.09.09-21.51.54:077][199]LogModuleManager: Shutting down and abandoning module MacServerTargetPlatform (97)
[2018.09.09-21.51.54:077][199]LogModuleManager: Shutting down and abandoning module MacNoEditorTargetPlatform (95)
[2018.09.09-21.51.54:077][199]LogModuleManager: Shutting down and abandoning module MacClientTargetPlatform (93)
[2018.09.09-21.51.54:077][199]LogModuleManager: Shutting down and abandoning module AllDesktopTargetPlatform (91)
[2018.09.09-21.51.54:077][199]LogModuleManager: Shutting down and abandoning module InputCore (88)
[2018.09.09-21.51.54:077][199]LogModuleManager: Shutting down and abandoning module Settings (86)
[2018.09.09-21.51.54:077][199]LogModuleManager: Shutting down and abandoning module PhysXCooking (84)
[2018.09.09-21.51.54:077][199]LogModuleManager: Shutting down and abandoning module SteamVR (82)
[2018.09.09-21.51.54:077][199]LogModuleManager: Shutting down and abandoning module OculusHMD (80)
[2018.09.09-21.51.54:077][199]LogModuleManager: Shutting down and abandoning module ExampleDeviceProfileSelector (78)
[2018.09.09-21.51.54:077][199]LogModuleManager: Shutting down and abandoning module LauncherChunkInstaller (76)
[2018.09.09-21.51.54:077][199]LogModuleManager: Shutting down and abandoning module OnlineBlueprintSupport (74)
[2018.09.09-21.51.54:077][199]LogModuleManager: Shutting down and abandoning module OnlineSubsystem (70)
[2018.09.09-21.51.54:078][199]LogModuleManager: Shutting down and abandoning module XMPP (65)
[2018.09.09-21.51.54:078][199]LogModuleManager: Shutting down and abandoning module WebSockets (64)
[2018.09.09-21.51.54:089][199]LogModuleManager: Shutting down and abandoning module HTTP (61)
[2018.09.09-21.51.54:089][199]LogHttp: Display: Http module shutting down, but needs to wait on 1 outstanding Http requests:
[2018.09.09-21.51.54:089][199]LogHttp: Display: 	verb=[POST] url=[https://datarouter.ol.epicgames.com/datarouter/api/v1/public/data?SessionID=%7B5BE33A82-47A2-F457-D19F-C89A9B0C128B%7D&AppID=UEEditor.Rocket.Release&AppVersion=4.20.0-4212847%2B%2B%2BUE4%2BRelease-4.20&UserID=ec07022c4af9fd51145d0db19289c0e8%7C9aea4035aae84fc6a50e2bbd0bcac9c5%7Ccbe8bf3f-5855-4af8-b073-42d59ac0a56b&AppEnvironment=datacollector-binary&UploadType=eteventstream] status=Processing
[2018.09.09-21.51.54:118][199]LogModuleManager: Shutting down and abandoning module SSL (60)
[2018.09.09-21.51.54:119][199]LogModuleManager: Shutting down and abandoning module MagicLeapEmulator (56)
[2018.09.09-21.51.54:119][199]LogModuleManager: Shutting down and abandoning module MagicLeapPrivileges (54)
[2018.09.09-21.51.54:119][199]LogModuleManager: Shutting down and abandoning module MagicLeapIdentity (52)
[2018.09.09-21.51.54:119][199]LogModuleManager: Shutting down and abandoning module MagicLeapHelperVulkan (50)
[2018.09.09-21.51.54:119][199]LogModuleManager: Shutting down and abandoning module MagicLeapHelperOpenGL (48)
[2018.09.09-21.51.54:119][199]LogModuleManager: Shutting down and abandoning module MagicLeapSecureStorage (46)
[2018.09.09-21.51.54:119][199]LogModuleManager: Shutting down and abandoning module MagicLeapGestures (44)
[2018.09.09-21.51.54:119][199]LogModuleManager: Shutting down and abandoning module MagicLeapEyeTracker (42)
[2018.09.09-21.51.54:119][199]LogModuleManager: Shutting down and abandoning module MagicLeapController (40)
[2018.09.09-21.51.54:119][199]LogSlate: Slate User Destroyed.  User Index 0, Is Virtual User: 0
[2018.09.09-21.51.54:119][199]LogModuleManager: Shutting down and abandoning module MagicLeap (38)
[2018.09.09-21.51.54:120][199]LogModuleManager: Shutting down and abandoning module AnimationModifiers (36)
[2018.09.09-21.51.54:120][199]LogModuleManager: Shutting down and abandoning module PropertyEditor (35)
[2018.09.09-21.51.54:120][199]LogModuleManager: Shutting down and abandoning module AudioEditor (32)
[2018.09.09-21.51.54:120][199]LogModuleManager: Shutting down and abandoning module TextureCompressor (30)
[2018.09.09-21.51.54:120][199]LogModuleManager: Shutting down and abandoning module ShaderCore (28)
[2018.09.09-21.51.54:120][199]LogModuleManager: Shutting down and abandoning module Landscape (26)
[2018.09.09-21.51.54:120][199]LogModuleManager: Shutting down and abandoning module SlateRHIRenderer (24)
[2018.09.09-21.51.54:120][199]LogModuleManager: Shutting down and abandoning module OpenGLDrv (22)
[2018.09.09-21.51.54:120][199]LogModuleManager: Shutting down and abandoning module D3D11RHI (20)
[2018.09.09-21.51.54:120][199]LogModuleManager: Shutting down and abandoning module AnimGraphRuntime (18)
[2018.09.09-21.51.54:120][199]LogModuleManager: Shutting down and abandoning module Renderer (16)
[2018.09.09-21.51.54:120][199]LogModuleManager: Shutting down and abandoning module Engine (14)
[2018.09.09-21.51.54:120][199]LogModuleManager: Shutting down and abandoning module CoreUObject (12)
[2018.09.09-21.51.54:120][199]LogModuleManager: Shutting down and abandoning module NetworkFile (10)
[2018.09.09-21.51.54:120][199]LogModuleManager: Shutting down and abandoning module CookedIterativeFile (8)
[2018.09.09-21.51.54:120][199]LogModuleManager: Shutting down and abandoning module StreamingFile (6)
[2018.09.09-21.51.54:120][199]LogModuleManager: Shutting down and abandoning module SandboxFile (4)
[2018.09.09-21.51.54:120][199]LogModuleManager: Shutting down and abandoning module PakFile (2)
[2018.09.09-21.51.54:126][199]LogExit: Exiting.
[2018.09.09-21.51.54:137][199]Log file closed, 09/09/18 22:51:54
