Log file open, 09/13/18 11:00:29
LogWindows: Failed to load 'aqProf.dll' (GetLastError=126)
LogWindows: File 'aqProf.dll' does not exist
LogWindows: Failed to load 'VSPerf140.dll' (GetLastError=126)
LogWindows: File 'VSPerf140.dll' does not exist
LogWindows: Failed to load 'VtuneApi.dll' (GetLastError=126)
LogWindows: File 'VtuneApi.dll' does not exist
LogWindows: Failed to load 'VtuneApi32e.dll' (GetLastError=126)
LogWindows: File 'VtuneApi32e.dll' does not exist
LogInit: Display: Running engine for game: BeyondHuman
LogPlatformFile: Not using cached read wrapper
LogTaskGraph: Started task graph with 5 named threads and 23 total threads with 3 sets of task threads.
LogStats: Stats thread started at 8.366471
LogD3D11RHI: Loaded GFSDK_Aftermath_Lib.x64.dll
LogICUInternationalization: Display: ICU TimeZone Detection - Raw Offset: +0:00, Platform Override: ''
LogPluginManager: Mounting plugin Paper2D
LogPluginManager: Mounting plugin AISupport
LogPluginManager: Mounting plugin LightPropagationVolume
LogPluginManager: Mounting plugin CLionSourceCodeAccess
LogPluginManager: Mounting plugin CodeLiteSourceCodeAccess
LogPluginManager: Mounting plugin GitSourceControl
LogPluginManager: Mounting plugin KDevelopSourceCodeAccess
LogPluginManager: Mounting plugin NullSourceCodeAccess
LogPluginManager: Mounting plugin PerforceSourceControl
LogPluginManager: Mounting plugin SubversionSourceControl
LogPluginManager: Mounting plugin UObjectPlugin
LogPluginManager: Mounting plugin VisualStudioCodeSourceCodeAccess
LogPluginManager: Mounting plugin VisualStudioSourceCodeAccess
LogPluginManager: Mounting plugin XCodeSourceCodeAccess
LogPluginManager: Mounting plugin AssetManagerEditor
LogPluginManager: Mounting plugin CryptoKeys
LogPluginManager: Mounting plugin DataValidation
LogPluginManager: Mounting plugin FacialAnimation
LogPluginManager: Mounting plugin GameplayTagsEditor
LogPluginManager: Mounting plugin MacGraphicsSwitching
LogPluginManager: Mounting plugin MeshEditor
LogPluginManager: Mounting plugin MobileLauncherProfileWizard
LogPluginManager: Mounting plugin PluginBrowser
LogPluginManager: Mounting plugin SpeedTreeImporter
LogPluginManager: Mounting plugin DatasmithContent
LogPluginManager: Mounting plugin AlembicImporter
LogPluginManager: Mounting plugin AppleImageUtils
LogPluginManager: Mounting plugin AppleVision
LogPluginManager: Mounting plugin BackChannel
LogPluginManager: Mounting plugin CharacterAI
LogPluginManager: Mounting plugin GeometryCache
LogPluginManager: Mounting plugin HTML5Networking
LogPluginManager: Mounting plugin ProxyLODPlugin
LogPluginManager: Mounting plugin MagicLeap
LogPluginManager: Mounting plugin MagicLeapEmulator
LogPluginManager: Mounting plugin MagicLeapMedia
LogPluginManager: Mounting plugin Substance
LogPluginManager: Mounting plugin AndroidMedia
LogPluginManager: Mounting plugin AvfMedia
LogPluginManager: Mounting plugin ImgMedia
LogPluginManager: Mounting plugin LinearTimecode
LogPluginManager: Mounting plugin MediaCompositing
LogPluginManager: Mounting plugin MediaPlayerEditor
LogPluginManager: Mounting plugin WmfMedia
LogPluginManager: Mounting plugin TcpMessaging
LogPluginManager: Mounting plugin UdpMessaging
LogPluginManager: Mounting plugin ActorSequence
LogPluginManager: Mounting plugin LevelSequenceEditor
LogPluginManager: Mounting plugin MatineeToLevelSequence
LogPluginManager: Mounting plugin NetcodeUnitTest
LogPluginManager: Mounting plugin NUTUnrealEngine4
LogPluginManager: Mounting plugin OnlineSubsystemGooglePlay
LogPluginManager: Mounting plugin OnlineSubsystemIOS
LogPluginManager: Mounting plugin OnlineSubsystem
LogPluginManager: Mounting plugin OnlineSubsystemNull
LogPluginManager: Mounting plugin OnlineSubsystemUtils
LogPluginManager: Mounting plugin LauncherChunkInstaller
LogPluginManager: Mounting plugin AndroidDeviceProfileSelector
LogPluginManager: Mounting plugin AndroidMoviePlayer
LogPluginManager: Mounting plugin AndroidPermission
LogPluginManager: Mounting plugin AppleMoviePlayer
LogPluginManager: Mounting plugin ArchVisCharacter
LogPluginManager: Mounting plugin AudioCapture
LogPluginManager: Mounting plugin CableComponent
LogPluginManager: Mounting plugin CustomMeshComponent
LogPluginManager: Mounting plugin EditableMesh
LogPluginManager: Mounting plugin ExampleDeviceProfileSelector
LogPluginManager: Mounting plugin GoogleCloudMessaging
LogPluginManager: Mounting plugin ImmediatePhysics
LogPluginManager: Mounting plugin IOSDeviceProfileSelector
LogPluginManager: Mounting plugin LinuxDeviceProfileSelector
LogPluginManager: Mounting plugin LocationServicesBPLibrary
LogPluginManager: Mounting plugin MobilePatchingUtils
LogPluginManager: Mounting plugin OculusVR
LogPluginManager: Plugin shader directory ../../../Engine/Plugins/Runtime/Oculus/OculusVR/Shaders found
LogPluginManager: Mapping shader source directory ../../../Engine/Plugins/Runtime/Oculus/OculusVR/Shaders to virtual directory /Plugin/OculusVR
LogPluginManager: Mounting plugin PhysXVehicles
LogPluginManager: Mounting plugin ProceduralMeshComponent
LogPluginManager: Mounting plugin RuntimePhysXCooking
LogPluginManager: Mounting plugin SteamVR
LogPluginManager: Mounting plugin WindowsMoviePlayer
LogStreaming: Display: Took  0.399s to configure plugins.
LogInit: Using libcurl 7.55.1-DEV
LogInit:  - built for x86_64-pc-win32
LogInit:  - supports SSL with OpenSSL/1.0.2h
LogInit:  - supports HTTP deflate (compression) using libz 1.2.8
LogInit:  - other features:
LogInit:      CURL_VERSION_SSL
LogInit:      CURL_VERSION_LIBZ
LogInit:      CURL_VERSION_IPV6
LogInit:      CURL_VERSION_ASYNCHDNS
LogInit:      CURL_VERSION_LARGEFILE
LogInit:      CURL_VERSION_IDN
LogInit:  CurlRequestOptions (configurable via config and command line):
LogInit:  - bVerifyPeer = false  - Libcurl will NOT verify peer certificate
LogInit:  - bUseHttpProxy = false  - Libcurl will NOT use HTTP proxy
LogInit:  - bDontReuseConnections = false  - Libcurl will reuse connections
LogInit:  - CertBundlePath = nullptr  - Libcurl will use whatever was configured at build time.
LogInit:  - MaxHostConnections = 16  - Libcurl will limit the number of connections to a host
LogInit:  - LocalHostAddr = Default
LogInit:  - BufferSize = 65536
LogInit: WinSock: version 1.1 (2.2), MaxSocks=32767, MaxUdp=65467
LogInit: Build: ++UE4+Release-4.20-CL-4212847
LogInit: Engine Version: 4.20.0-4212847+++UE4+Release-4.20
LogInit: Compatible Engine Version: 4.20.0-4212847+++UE4+Release-4.20
LogInit: Net CL: 4212847
LogInit: OS: Windows 10 (), CPU: Intel(R) Core(TM) i7-6700HQ CPU @ 2.60GHz, GPU: Intel(R) HD Graphics 530
LogInit: Compiled (64-bit): Jul 14 2018 09:51:14
LogInit: Compiled with Visual C++: 19.13.26129.00
LogInit: Build Configuration: Development
LogInit: Branch Name: ++UE4+Release-4.20
LogInit: Command Line:  
LogInit: Base Directory: C:/Program Files/Epic Games/UE_4.20/Engine/Binaries/Win64/
LogInit: Installed Engine Build: 1
LogDevObjectVersion: Number of dev versions registered: 20
LogDevObjectVersion:   Dev-Blueprints (B0D832E4-1F89-4F0D-ACCF-7EB736FD4AA2): 10
LogDevObjectVersion:   Dev-Build (E1C64328-A22C-4D53-A36C-8E866417BD8C): 0
LogDevObjectVersion:   Dev-Core (375EC13C-06E4-48FB-B500-84F0262A717E): 2
LogDevObjectVersion:   Dev-Editor (E4B068ED-F494-42E9-A231-DA0B2E46BB41): 24
LogDevObjectVersion:   Dev-Framework (CFFC743F-43B0-4480-9391-14DF171D2073): 34
LogDevObjectVersion:   Dev-Mobile (B02B49B5-BB20-44E9-A304-32B752E40360): 2
LogDevObjectVersion:   Dev-Networking (A4E4105C-59A1-49B5-A7C5-40C4547EDFEE): 0
LogDevObjectVersion:   Dev-Online (39C831C9-5AE6-47DC-9A44-9C173E1C8E7C): 0
LogDevObjectVersion:   Dev-Physics (78F01B33-EBEA-4F98-B9B4-84EACCB95AA2): 0
LogDevObjectVersion:   Dev-Platform (6631380F-2D4D-43E0-8009-CF276956A95A): 0
LogDevObjectVersion:   Dev-Rendering (12F88B9F-8875-4AFC-A67C-D90C383ABD29): 26
LogDevObjectVersion:   Dev-Sequencer (7B5AE74C-D270-4C10-A958-57980B212A5A): 9
LogDevObjectVersion:   Dev-VR (D7296918-1DD6-4BDD-9DE2-64A83CC13884): 2
LogDevObjectVersion:   Dev-LoadTimes (C2A15278-BFE7-4AFE-6C17-90FF531DF755): 1
LogDevObjectVersion:   Private-Geometry (6EACA3D4-40EC-4CC1-B786-8BED09428FC5): 3
LogDevObjectVersion:   Dev-AnimPhys (29E575DD-E0A3-4627-9D10-D276232CDCEA): 17
LogDevObjectVersion:   Dev-ReflectionCapture (6B266CEC-1EC7-4B8F-A30B-E4D90942FC07): 1
LogDevObjectVersion:   Dev-Automation (0DF73D61-A23F-47EA-B727-89E90C41499A): 1
LogDevObjectVersion:   FortniteMain (601D1886-AC64-4F84-AA16-D3DE0DEAC7D6): 12
LogDevObjectVersion:   Dev-Enterprise (9DFFBCD6-494F-0158-E221-12823C92A888): 1
LogStreaming: Display: Took  0.070s to delete old logs.
LogInit: Presizing for max 8388607 objects, including 0 objects not considered by GC, pre-allocating 0 bytes for permanent pool.
LogInit: Object subsystem initialized
[2018.09.13-10.00.36:766][  0]LogInit: Selected Device Profile: [Windows]
[2018.09.13-10.00.36:766][  0]LogInit: Applying CVar settings loaded from the selected device profile: [Windows]
[2018.09.13-10.00.36:963][  0]LogHAL: Display: Platform has ~ 8 GB [8456720384 / 8589934592 / 8], which maps to Default [LargestMinGB=32, LargerMinGB=12, DefaultMinGB=8, SmallerMinGB=6, SmallestMinGB=0)
[2018.09.13-10.00.36:963][  0]LogInit: Setting Device Profile CVar: [[r.Vulkan.UseRealUBs:1]]
[2018.09.13-10.00.36:963][  0]LogInit: Going up to parent DeviceProfile []
[2018.09.13-10.00.37:072][  0]LogInit: Computer: DESKTOP-MKF8VAK
[2018.09.13-10.00.37:072][  0]LogInit: User: mikey
[2018.09.13-10.00.37:072][  0]LogInit: CPU Page size=4096, Cores=4
[2018.09.13-10.00.37:072][  0]LogInit: High frequency timer resolution =2.531247 MHz
[2018.09.13-10.00.37:072][  0]LogMemory: Memory total: Physical=7.9GB (8GB approx)
[2018.09.13-10.00.37:072][  0]LogMemory: Platform Memory Stats for Windows
[2018.09.13-10.00.37:072][  0]LogMemory: Process Physical Memory: 99.51 MB used, 99.51 MB peak
[2018.09.13-10.00.37:072][  0]LogMemory: Process Virtual Memory: 91.01 MB used, 91.01 MB peak
[2018.09.13-10.00.37:072][  0]LogMemory: Physical Memory: 3362.19 MB used,  4702.77 MB free, 8064.96 MB total
[2018.09.13-10.00.37:072][  0]LogMemory: Virtual Memory: 4640.08 MB used,  4702.77 MB free, 134217728.00 MB total
[2018.09.13-10.00.39:293][  0]LogInit: Using OS detected language (en-US).
[2018.09.13-10.00.39:293][  0]LogInit: Using OS detected locale (en-GB).
[2018.09.13-10.00.39:297][  0]LogTextLocalizationManager: No specific localization for 'en-US' exists, so the 'en' localization will be used.
[2018.09.13-10.00.43:384][  0]LogStreaming: Display: Took  4.091s to InitEngineTextLocalization.
[2018.09.13-10.00.43:384][  0]LogInit: Setting process to per monitor DPI aware
[2018.09.13-10.00.44:669][  0]LogSlate: New Slate User Created.  User Index 0, Is Virtual User: 0
[2018.09.13-10.00.44:669][  0]LogSlate: Slate User Registered.  User Index 0, Is Virtual User: 0
[2018.09.13-10.00.50:788][  0]LogHMD: Failed to initialize OpenVR with code 110
[2018.09.13-10.00.50:788][  0]LogD3D11RHI: D3D11 adapters:
[2018.09.13-10.00.50:836][  0]LogD3D11RHI:    0. 'NVIDIA GeForce GTX 960M' (Feature Level 11_0)
[2018.09.13-10.00.50:836][  0]LogD3D11RHI:       4065/0/4032 MB DedicatedVideo/DedicatedSystem/SharedSystem, Outputs:2, VendorId:0x10de
[2018.09.13-10.00.50:860][  0]LogD3D11RHI:    1. 'Intel(R) HD Graphics 530' (Feature Level 11_0)
[2018.09.13-10.00.50:860][  0]LogD3D11RHI:       128/0/4032 MB DedicatedVideo/DedicatedSystem/SharedSystem, Outputs:0, VendorId:0x8086
[2018.09.13-10.00.50:863][  0]LogD3D11RHI:    2. 'Microsoft Basic Render Driver' (Feature Level 11_0)
[2018.09.13-10.00.50:863][  0]LogD3D11RHI:       0/0/4032 MB DedicatedVideo/DedicatedSystem/SharedSystem, Outputs:0, VendorId:0x1414
[2018.09.13-10.00.50:863][  0]LogD3D11RHI: Chosen D3D11 Adapter: 0
[2018.09.13-10.00.50:895][  0]LogD3D11RHI: Creating new Direct3DDevice
[2018.09.13-10.00.50:895][  0]LogD3D11RHI:     GPU DeviceId: 0x139b (for the marketing name, search the web for "GPU Device Id")
[2018.09.13-10.00.50:918][  0]LogWindows: EnumDisplayDevices:
[2018.09.13-10.00.50:918][  0]LogWindows:    0. 'Intel(R) HD Graphics 530' (P:0 D:1)
[2018.09.13-10.00.50:920][  0]LogWindows:    1. 'Intel(R) HD Graphics 530' (P:1 D:1)
[2018.09.13-10.00.50:921][  0]LogWindows:    2. 'Intel(R) HD Graphics 530' (P:0 D:0)
[2018.09.13-10.00.50:921][  0]LogWindows: DebugString: PrimaryIsNotTheChoosenAdapter PrimaryIsNotTheChoosenAdapter PrimaryIsNotTheChoosenAdapter FoundDriverCount:0 
[2018.09.13-10.00.50:921][  0]LogD3D11RHI:     Adapter Name: NVIDIA GeForce GTX 960M
[2018.09.13-10.00.50:921][  0]LogD3D11RHI:   Driver Version: Unknown (internal:Unknown, unified:Unknown)
[2018.09.13-10.00.50:921][  0]LogD3D11RHI:      Driver Date: Unknown
[2018.09.13-10.00.50:921][  0]LogRHI: Texture pool is 2846 MB (70% of 4065 MB)
[2018.09.13-10.00.51:099][  0]LogD3D11RHI: Async texture creation enabled
[2018.09.13-10.00.51:348][  0]LogD3D11RHI: GPU Timing Frequency: 1000.000000 (Debug: 2 6)
[2018.09.13-10.00.51:507][  0]LogShaderCompilers: Guid format shader working directory is -21 characters bigger than the processId version (../../../../../../Users/mikey/Documents/Unreal Projects/BeyondHuman/Intermediate/Shaders/WorkingDirectory/4508/).
[2018.09.13-10.00.51:507][  0]LogShaderCompilers: Cleaned the shader compiler working directory 'C:/Users/mikey/AppData/Local/Temp/UnrealShaderWorkingDir/92D0843A42DD488C05A419AC19FEEECD/'.
[2018.09.13-10.00.54:173][  0]LogTemp: Display: Loaded TP AllDesktopTargetPlatform
[2018.09.13-10.00.54:225][  0]LogTemp: Display: Loaded TP MacClientTargetPlatform
[2018.09.13-10.00.54:267][  0]LogTemp: Display: Loaded TP MacNoEditorTargetPlatform
[2018.09.13-10.00.54:298][  0]LogTemp: Display: Loaded TP MacServerTargetPlatform
[2018.09.13-10.00.54:394][  0]LogTemp: Display: Loaded TP MacTargetPlatform
[2018.09.13-10.00.54:439][  0]LogTemp: Display: Loaded TP WindowsClientTargetPlatform
[2018.09.13-10.00.54:497][  0]LogTemp: Display: Loaded TP WindowsNoEditorTargetPlatform
[2018.09.13-10.00.54:534][  0]LogTemp: Display: Loaded TP WindowsServerTargetPlatform
[2018.09.13-10.00.54:567][  0]LogTemp: Display: Loaded TP WindowsTargetPlatform
[2018.09.13-10.00.54:689][  0]LogTemp: Display: Loaded TP AndroidTargetPlatform
[2018.09.13-10.00.54:689][  0]LogTemp: Display: Loaded TP AndroidTargetPlatform
[2018.09.13-10.00.54:689][  0]LogTemp: Display: Loaded TP AndroidTargetPlatform
[2018.09.13-10.00.54:689][  0]LogTemp: Display: Loaded TP AndroidTargetPlatform
[2018.09.13-10.00.54:689][  0]LogTemp: Display: Loaded TP AndroidTargetPlatform
[2018.09.13-10.00.54:689][  0]LogTemp: Display: Loaded TP AndroidTargetPlatform
[2018.09.13-10.00.54:689][  0]LogTemp: Display: Loaded TP AndroidTargetPlatform
[2018.09.13-10.00.54:689][  0]LogTemp: Display: Loaded TP AndroidTargetPlatform
[2018.09.13-10.00.54:689][  0]LogTemp: Display: Loaded TP AndroidTargetPlatform
[2018.09.13-10.00.54:689][  0]LogTemp: Display: Loaded TP AndroidTargetPlatform
[2018.09.13-10.00.54:689][  0]LogTemp: Display: Loaded TP AndroidTargetPlatform
[2018.09.13-10.00.54:690][  0]LogTemp: Display: Loaded TP AndroidTargetPlatform
[2018.09.13-10.00.54:690][  0]LogTemp: Display: Loaded TP AndroidTargetPlatform
[2018.09.13-10.00.54:690][  0]LogTemp: Display: Loaded TP AndroidTargetPlatform
[2018.09.13-10.00.54:690][  0]LogTemp: Display: Loaded TP AndroidTargetPlatform
[2018.09.13-10.00.54:690][  0]LogTemp: Display: Loaded TP AndroidTargetPlatform
[2018.09.13-10.00.54:690][  0]LogTemp: Display: Loaded TP AndroidTargetPlatform
[2018.09.13-10.00.54:690][  0]LogTemp: Display: Loaded TP AndroidTargetPlatform
[2018.09.13-10.00.54:763][  0]LogTemp: Display: Loaded TP HTML5TargetPlatform
[2018.09.13-10.00.55:019][  0]LogTemp: Display: Loaded TP IOSTargetPlatform
[2018.09.13-10.00.55:019][  0]LogTemp: Display: Loaded TP IOSTargetPlatform
[2018.09.13-10.00.55:137][  0]LogTemp: Display: Loaded TP TVOSTargetPlatform
[2018.09.13-10.00.55:137][  0]LogTemp: Display: Loaded TP TVOSTargetPlatform
[2018.09.13-10.00.55:232][  0]LogTemp: Display: Loaded TP LinuxClientTargetPlatform
[2018.09.13-10.00.55:266][  0]LogTemp: Display: Loaded TP LinuxNoEditorTargetPlatform
[2018.09.13-10.00.55:365][  0]LogTemp: Display: Loaded TP LinuxServerTargetPlatform
[2018.09.13-10.00.55:436][  0]LogTemp: Display: Loaded TP LinuxTargetPlatform
[2018.09.13-10.00.55:466][  0]LogTemp: Display: Loaded TP LuminTargetPlatform
[2018.09.13-10.00.55:466][  0]LogTargetPlatformManager: Display: Building Assets For Windows
[2018.09.13-10.00.58:036][  0]LogXGEController: Cleaning working directory: C:/Users/mikey/AppData/Local/Temp/UnrealXGEWorkingDir/
[2018.09.13-10.00.58:036][  0]LogXGEController: Cannot use XGE Controller as Incredibuild is not installed on this machine.
[2018.09.13-10.00.58:036][  0]LogShaderCompilers: Cannot use XGE Shader Compiler as Incredibuild is not installed on this machine.
[2018.09.13-10.00.58:036][  0]LogShaderCompilers: Display: Using Local Shader Compiler.
[2018.09.13-10.01.01:987][  0]LogDerivedDataCache: Display: Max Cache Size: 512 MB
[2018.09.13-10.01.04:190][  0]LogDerivedDataCache: Loaded boot cache 2.17s 71MB C:/Users/mikey/AppData/Local/UnrealEngine/4.20/DerivedDataCache/Boot.ddc.
[2018.09.13-10.01.04:191][  0]LogDerivedDataCache: Display: Loaded Boot cache: C:/Users/mikey/AppData/Local/UnrealEngine/4.20/DerivedDataCache/Boot.ddc
[2018.09.13-10.01.04:192][  0]LogDerivedDataCache: FDerivedDataBackendGraph:  Pak pak cache file ../../../../../../Users/mikey/Documents/Unreal Projects/BeyondHuman/DerivedDataCache/DDC.ddp not found, will not use a pak cache.
[2018.09.13-10.01.04:192][  0]LogDerivedDataCache: Unable to find inner node Pak for hierarchical cache Hierarchy.
[2018.09.13-10.01.04:192][  0]LogDerivedDataCache: FDerivedDataBackendGraph:  CompressedPak pak cache file ../../../../../../Users/mikey/Documents/Unreal Projects/BeyondHuman/DerivedDataCache/Compressed.ddp not found, will not use a pak cache.
[2018.09.13-10.01.04:192][  0]LogDerivedDataCache: Unable to find inner node CompressedPak for hierarchical cache Hierarchy.
[2018.09.13-10.01.04:263][  0]LogDerivedDataCache: Display: Pak cache opened for reading ../../../Engine/DerivedDataCache/Compressed.ddp.
[2018.09.13-10.01.04:280][  0]LogDerivedDataCache: Using Local data cache path C:/Users/mikey/AppData/Local/UnrealEngine/Common/DerivedDataCache: Writable
[2018.09.13-10.01.04:280][  0]LogDerivedDataCache: Shared data cache path not found in *engine.ini, will not use an Shared cache.
[2018.09.13-10.01.04:281][  0]LogDerivedDataCache: Unable to find inner node Shared for hierarchical cache Hierarchy.
[2018.09.13-10.01.04:330][  0]LogMaterial: Verifying Global Shaders for PCD3D_SM5
[2018.09.13-10.01.04:365][  0]LogSlate: Using FreeType 2.6.0
[2018.09.13-10.01.04:545][  0]LogSlate: SlateFontServices - WITH_FREETYPE: 1, WITH_HARFBUZZ: 1
[2018.09.13-10.01.08:583][  0]LogAssetRegistry: FAssetRegistry took 0.0534 seconds to start up
[2018.09.13-10.01.16:230][  0]LogInit: Selected Device Profile: [Windows]
[2018.09.13-10.01.18:960][  0]LogSimplygon: Simplygon DLL not present - disabling.
[2018.09.13-10.01.19:590][  0]LogMeshReduction: Using SimplygonSwarm for distributed automatic mesh merging
[2018.09.13-10.01.19:590][  0]LogMeshReduction: Using ProxyLODMeshReduction for automatic mesh merging
[2018.09.13-10.01.19:590][  0]LogMeshReduction: Using QuadricMeshReduction for automatic static mesh reduction
[2018.09.13-10.01.19:590][  0]LogMeshReduction: No automatic skeletal mesh reduction module available
[2018.09.13-10.01.20:213][  0]LogNetVersion: BeyondHuman 1.0.0, NetCL: 4212847, EngineNetVer: 5, GameNetVer: 0 (Checksum: 671501493)
[2018.09.13-10.01.38:896][  0]LogPackageLocalizationCache: Processed 11 localized package path(s) for 2 prioritized culture(s) in 2.178270 seconds
[2018.09.13-10.01.39:330][  0]LogUObjectArray: 38425 objects as part of root set at end of initial load.
[2018.09.13-10.01.39:330][  0]LogUObjectAllocator: 6690864 out of 0 bytes used by permanent object pool.
[2018.09.13-10.01.39:330][  0]LogUObjectArray: CloseDisregardForGC: 0/0 objects in disregard for GC pool
[2018.09.13-10.03.29:915][  0]LogSubstanceCoreModule: Substance [CPU] Engine Loaded, Max Texture Size = 2048
[2018.09.13-10.03.30:243][  0]LogTcpMessaging: Initializing TcpMessaging bridge
[2018.09.13-10.03.30:326][  0]LogUdpMessaging: Initializing bridge on interface 0.0.0.0:0 to multicast group 230.0.0.1:6666.
[2018.09.13-10.03.34:879][  0]SourceControl: Source control is disabled
[2018.09.13-10.03.34:879][  0]SourceControl: Source control is disabled
[2018.09.13-10.03.35:235][  0]SourceControl: Source control is disabled
[2018.09.13-10.03.35:304][  0]SourceControl: Source control is disabled
[2018.09.13-10.03.53:843][  0]LogAndroidPermission: UAndroidPermissionCallbackProxy::GetInstance
[2018.09.13-10.03.55:015][  0]LogOcInput: OculusInput pre-init called
[2018.09.13-10.04.10:687][  0]LogEngine: Initializing Engine...
[2018.09.13-10.04.11:191][  0]LogHMD: Failed to initialize OpenVR with code 110
[2018.09.13-10.04.11:664][  0]LogStats: UGameplayTagsManager::ConstructGameplayTagTree: ImportINI prefixes -  0.043 s
[2018.09.13-10.04.11:664][  0]LogStats: UGameplayTagsManager::ConstructGameplayTagTree: Construct from data asset -  0.000 s
[2018.09.13-10.04.11:666][  0]LogStats: UGameplayTagsManager::ConstructGameplayTagTree: ImportINI -  0.000 s
[2018.09.13-10.04.11:666][  0]LogStats: UGameplayTagsManager::ConstructGameplayTagTree: GameplayTagTreeChangedEvent.Broadcast -  0.000 s
[2018.09.13-10.04.15:421][  0]LogInit: Initializing FReadOnlyCVARCache
[2018.09.13-10.04.16:004][  0]LogAIModule: Creating AISystem for world Untitled
[2018.09.13-10.04.16:217][  0]LogInit: XAudio2 using 'Speakers / Headphones (Realtek Audio)' : 2 channels at 48 kHz using 32 bits per sample (channel mask 0x3)
[2018.09.13-10.04.16:248][  0]LogInit: FAudioDevice initialized.
[2018.09.13-10.04.16:328][  0]LogNetVersion: Set ProjectVersion to 1.0.0.0. Version Checksum will be recalculated on next use.
[2018.09.13-10.04.18:822][  0]LogDerivedDataCache: Saved boot cache 2.49s 71MB C:/Users/mikey/AppData/Local/UnrealEngine/4.20/DerivedDataCache/Boot.ddc.
[2018.09.13-10.04.18:847][  0]LogInit: Texture streaming: Enabled
[2018.09.13-10.04.23:620][  0]LogEngineSessionManager: EngineSessionManager initialized
[2018.09.13-10.04.23:698][  0]LogEngineSessionManager: EngineSessionManager sent abnormal shutdown report. Type=AbnormalShutdown, SessionId={9676FA65-4D85-A2F6-9D4A-E2BB75846CEB}
[2018.09.13-10.04.24:161][  0]LogInit: Transaction tracking system initialized
[2018.09.13-10.04.26:604][  0]BlueprintLog: New page: Editor Load
[2018.09.13-10.04.35:543][  0]LocalizationService: Localization service is disabled
[2018.09.13-10.04.52:187][  0]LogFileCache: Scanning file cache for directory 'C:/Users/mikey/Documents/Unreal Projects/BeyondHuman/Content/' took 0.02s
[2018.09.13-10.04.52:187][  0]LogCook: Display: Max memory allowance for cook 16384mb min free memory 0mb
[2018.09.13-10.04.52:187][  0]LogCook: Display: Mobile HDR setting 1
[2018.09.13-10.04.52:426][  0]LogGameplayTags: Display: UGameplayTagsManager::DoneAddingNativeTags. DelegateIsBound: 0
[2018.09.13-10.04.52:426][  0]LogStats: UGameplayTagsManager::ConstructGameplayTagTree: ImportINI prefixes -  0.000 s
[2018.09.13-10.04.52:426][  0]LogStats: UGameplayTagsManager::ConstructGameplayTagTree: Construct from data asset -  0.000 s
[2018.09.13-10.04.52:426][  0]LogStats: UGameplayTagsManager::ConstructGameplayTagTree: ImportINI -  0.000 s
[2018.09.13-10.04.52:426][  0]LogStats: UGameplayTagsManager::ConstructGameplayTagTree: GameplayTagTreeChangedEvent.Broadcast -  0.000 s
[2018.09.13-10.05.01:620][  0]SourceControl: Source control is disabled
[2018.09.13-10.05.01:915][  0]LogSlate: Took 0.038367 seconds to synchronously load lazily loaded font '../../../Engine/Content/Slate/Fonts/Roboto-Regular.ttf' (155K)
[2018.09.13-10.05.25:971][  0]LogSlate: Window 'Restore Packages' being destroyed
[2018.09.13-10.05.25:976][  0]LogWindowsTextInputMethodSystem: Display: IME system now deactivated.
[2018.09.13-10.05.26:120][  0]LogWindowsTextInputMethodSystem: Display: IME system now deactivated.
[2018.09.13-10.05.28:930][  0]LogSlate: Window 'Unable to Check Out From Source Control!' being destroyed
[2018.09.13-10.05.28:930][  0]LogWindowsTextInputMethodSystem: Display: IME system now deactivated.
[2018.09.13-10.05.32:601][  0]LogWindowsTextInputMethodSystem: Display: IME system now deactivated.
[2018.09.13-10.05.32:604][  0]Cmd: MAP LOAD FILE="../../../../../../Users/mikey/Documents/Unreal Projects/BeyondHuman/Content/Maps/Meshing.umap" TEMPLATE=0 SHOWPROGRESS=1 FEATURELEVEL=3
[2018.09.13-10.05.32:628][  0]LightingResults: New page: Lighting Build
[2018.09.13-10.05.32:808][  0]MapCheck: New page: Map Check
[2018.09.13-10.05.32:808][  0]LightingResults: New page: Lighting Build
[2018.09.13-10.10.44:547][  0]LogAIModule: Creating AISystem for world Meshing
[2018.09.13-10.10.52:538][  0]LogEditorServer: Finished looking for orphan Actors (0.010 secs)
[2018.09.13-10.10.55:391][  0]Cmd: MAP CHECKDEP NOCLEARLOG
[2018.09.13-10.11.25:832][  0]MapCheck: Map check complete: 0 Error(s), 0 Warning(s), took 30,328.268ms to complete.
[2018.09.13-10.11.25:885][  0]LogFileHelpers: Loading map 'Meshing' took 353.282
[2018.09.13-10.11.44:387][  0]LogSlate: Updating window title bar state: overlay mode, drag disabled, window buttons hidden, title bar hidden
[2018.09.13-10.11.44:636][  0]LogSlate: Updating window title bar state: overlay mode, drag disabled, window buttons hidden, title bar hidden
[2018.09.13-10.11.44:665][  0]LogSlate: Updating window title bar state: overlay mode, drag disabled, window buttons hidden, title bar hidden
[2018.09.13-10.11.44:686][  0]LogSlate: Updating window title bar state: overlay mode, drag disabled, window buttons hidden, title bar hidden
[2018.09.13-10.11.45:306][  0]LogCollectionManager: Loaded 0 collections in 0.006762 seconds
[2018.09.13-10.11.46:491][  0]LogFileCache: Scanning file cache for directory 'C:/Users/mikey/Documents/Unreal Projects/BeyondHuman/Saved/Collections/' took 0.01s
[2018.09.13-10.11.46:491][  0]LogFileCache: Scanning file cache for directory 'C:/Users/mikey/Documents/Unreal Projects/BeyondHuman/Content/Developers/mikey/Collections/' took 0.01s
[2018.09.13-10.11.46:491][  0]LogFileCache: Scanning file cache for directory 'C:/Users/mikey/Documents/Unreal Projects/BeyondHuman/Content/Collections/' took 0.01s
[2018.09.13-10.11.46:491][  0]LogCollectionManager: Rebuilt the GUID cache for 0 collections in 0.000001 seconds
[2018.09.13-10.11.48:168][  0]LogContentBrowser: Native class hierarchy populated in 1.6315 seconds. Added 2586 classes and 609 folders.
[2018.09.13-10.11.49:390][  0]LogContentBrowser: Native class hierarchy updated for 'WidgetCarousel' in 0.0003 seconds. Added 0 classes and 0 folders.
[2018.09.13-10.11.53:318][  0]LogContentBrowser: Native class hierarchy updated for 'AddContentDialog' in 0.0006 seconds. Added 0 classes and 0 folders.
[2018.09.13-10.11.53:712][  0]LogContentBrowser: Native class hierarchy updated for 'SceneOutliner' in 0.0009 seconds. Added 1 classes and 2 folders.
[2018.09.13-10.11.56:688][  0]LogSlate: Took 0.038042 seconds to synchronously load lazily loaded font '../../../Engine/Content/Slate/Fonts/Roboto-Bold.ttf' (160K)
[2018.09.13-10.11.56:883][  0]LogSlate: Took 0.084331 seconds to synchronously load lazily loaded font '../../../Engine/Content/Editor/Slate/Fonts/FontAwesome.ttf' (139K)
[2018.09.13-10.11.59:619][  0]LogRenderer: Reallocating scene render targets to support 1016x500 Format 9 NumSamples 1 (Frame:1).
[2018.09.13-10.12.05:600][  0]LogContentBrowser: Native class hierarchy updated for 'HierarchicalLODOutliner' in 0.0009 seconds. Added 0 classes and 0 folders.
[2018.09.13-10.12.05:600][  0]LogLoad: (Engine Initialization) Total time: 745.05 seconds
[2018.09.13-10.12.05:600][  0]LogLoad: (Engine Initialization) Total Blueprint compile time: 0.00 seconds
[2018.09.13-10.12.05:948][  0]LogEditorViewport: Clicking on Actor (LMB): StaticMeshActor (BuildingAngled)
[2018.09.13-10.12.09:197][  0]LogEditorViewport: Clicking on Actor (LMB): StaticMeshActor (BuildingEntrance)
[2018.09.13-10.12.10:703][  0]LogContentStreaming: Texture pool size now 3000 MB
[2018.09.13-10.12.13:306][  1]LogSubstanceLiveLink: Warning: Unable to send data along socket, closing connection
[2018.09.13-10.12.14:337][  1]LogEditorViewport: Clicking on Actor (context menu): StaticMeshActor (CementBlock2)
[2018.09.13-10.12.15:404][  1]LogSlate: FSceneViewport::OnFocusLost() reason 2
[2018.09.13-10.12.16:170][  1]LogSlate: Took 0.076273 seconds to synchronously load lazily loaded font '../../../Engine/Content/Slate/Fonts/Roboto-Light.ttf' (167K)
[2018.09.13-10.12.17:986][  2]LogSlate: Took 0.001142 seconds to synchronously load lazily loaded font '../../../Engine/Content/Slate/Fonts/Roboto-Light.ttf' (167K)
[2018.09.13-10.12.24:145][ 21]LogAssetRegistry: Asset discovery search completed in 675.5875 seconds
[2018.09.13-10.12.24:311][ 21]LogCollectionManager: Rebuilt the object cache for 0 collections in 0.000002 seconds (found 0 objects)
[2018.09.13-10.12.24:311][ 21]LogCollectionManager: Fixed up redirectors for 0 collections in 0.000185 seconds (updated 0 objects)
[2018.09.13-10.12.25:115][ 25]LogSlate: FSceneViewport::OnFocusLost() reason 0
[2018.09.13-10.12.48:956][694]LogSlate: FSceneViewport::OnFocusLost() reason 0
[2018.09.13-10.13.04:502][414]LogSlate: FSceneViewport::OnFocusLost() reason 0
[2018.09.13-10.13.19:458][846]LogAssetEditorManager: Opening Asset editor for MaterialInstanceConstant /Game/Materials/Mi_RoadBlock.Mi_RoadBlock
[2018.09.13-10.13.25:945][846]LogRenderer: Reallocating scene render targets to support 1336x924 Format 9 NumSamples 1 (Frame:1).
[2018.09.13-10.14.31:174][ 19]LogSlate: FSceneViewport::OnFocusLost() reason 2
[2018.09.13-10.14.37:791][ 61]LogSlate: FSceneViewport::OnFocusLost() reason 2
[2018.09.13-10.14.41:672][132]LogEditorViewport: Clicking on Actor (LMB): StaticMeshActor (BuildingEntrance)
[2018.09.13-10.14.48:098][305]LogEditorViewport: Clicking on Actor (LMB): StaticMeshActor (WallFront)
[2018.09.13-10.14.49:587][313]LogEditorViewport: Clicking on Actor (LMB): StaticMeshActor (BuildingTall_Signs)
[2018.09.13-10.14.52:916][378]LogSlate: FSceneViewport::OnFocusLost() reason 0
[2018.09.13-10.15.11:893][985]LogSlate: FSceneViewport::OnFocusLost() reason 0
[2018.09.13-10.15.45:226][599]LogSlate: FSceneViewport::OnFocusLost() reason 2
[2018.09.13-10.15.47:738][663]LogSlate: FSceneViewport::OnFocusLost() reason 0
[2018.09.13-10.16.01:744][712]LogSlate: FSceneViewport::OnFocusLost() reason 2
[2018.09.13-10.16.03:140][740]LogSlate: FSceneViewport::OnFocusLost() reason 0
[2018.09.13-10.16.06:288][741]LogSlate: Window 'Save Content' being destroyed
[2018.09.13-10.16.06:359][741]LogSlate: FSceneViewport::OnFocusLost() reason 2
[2018.09.13-10.16.07:107][741]Cmd: OBJ SAVEPACKAGE PACKAGE="/Game/Maps/Meshing" FILE="../../../../../../Users/mikey/Documents/Unreal Projects/BeyondHuman/Content/Maps/Meshing.umap" SILENT=true AUTOSAVING=false KEEPDIRTY=false
[2018.09.13-10.16.19:235][741]LogSavePackage: Moving '../../../../../../Users/mikey/Documents/Unreal Projects/BeyondHuman/Saved/Meshing5D3527BD446D3C2A85D22397E962A83E.tmp' to '../../../../../../Users/mikey/Documents/Unreal Projects/BeyondHuman/Content/Maps/Meshing.umap'
[2018.09.13-10.16.19:715][741]LogFileHelpers: Saving map 'Meshing' took 13.274
[2018.09.13-10.16.19:891][741]Cmd: OBJ SAVEPACKAGE PACKAGE="/Game/Materials/Mi_RoadBlock" FILE="../../../../../../Users/mikey/Documents/Unreal Projects/BeyondHuman/Content/Materials/Mi_RoadBlock.uasset" SILENT=true
[2018.09.13-10.16.20:381][741]LogMaterial: Display: Missing cached shader map for material FDebugViewModeMaterialProxy Mi_RoadBlock, compiling. 
[2018.09.13-10.16.37:145][741]LogShaderCompilers: Display: Shaders left to compile 1
[2018.09.13-10.16.37:310][741]TextureStreamingBuild: Display: Compiling optional shaders took 17.131 seconds.
[2018.09.13-10.16.37:598][741]LogSavePackage: Moving '../../../../../../Users/mikey/Documents/Unreal Projects/BeyondHuman/Saved/Mi_RoadBlock9F01CF314A1546363199368AF075A3AA.tmp' to '../../../../../../Users/mikey/Documents/Unreal Projects/BeyondHuman/Content/Materials/Mi_RoadBlock.uasset'
[2018.09.13-10.16.39:095][774]LogSlate: FSceneViewport::OnFocusLost() reason 2
[2018.09.13-10.17.37:316][512]LogEditorViewport: Clicking on Actor (context menu): StaticMeshActor (WallRight)
[2018.09.13-10.17.37:698][512]LogSlate: FSceneViewport::OnFocusLost() reason 2
[2018.09.13-10.17.39:188][554]LogEditorViewport: Clicking on Actor (context menu): StaticMeshActor (WallRight)
[2018.09.13-10.17.39:389][554]LogSlate: FSceneViewport::OnFocusLost() reason 2
[2018.09.13-10.18.02:276][893]LogSlate: FSceneViewport::OnFocusLost() reason 2
[2018.09.13-10.18.05:165][967]LogSlate: FSceneViewport::OnFocusLost() reason 2
[2018.09.13-10.18.09:716][106]LogSlate: FSceneViewport::OnFocusLost() reason 0
[2018.09.13-10.18.53:381][237]LogSlate: FSceneViewport::OnFocusLost() reason 2
[2018.09.13-10.18.53:421][237]LogSlate: FSceneViewport::OnFocusLost() reason 2
[2018.09.13-10.19.18:569][ 51]LogSlate: FSceneViewport::OnFocusLost() reason 2
[2018.09.13-10.19.32:864][623]LogSlate: FSceneViewport::OnFocusLost() reason 2
[2018.09.13-10.20.38:715][458]LogSlate: FSceneViewport::OnFocusLost() reason 2
[2018.09.13-10.20.40:167][499]LogSlate: FSceneViewport::OnFocusLost() reason 0
[2018.09.13-10.20.40:369][501]LogSlate: Window 'Mi_RoadBlock' being destroyed
[2018.09.13-10.20.40:431][501]LogSlate: Window 'Mi_RoadBlock' being destroyed
[2018.09.13-10.20.41:600][521]LogEditorViewport: Clicking on Actor (context menu): StaticMeshActor (GirderSQ (6))
[2018.09.13-10.20.41:748][521]LogSlate: FSceneViewport::OnFocusLost() reason 2
[2018.09.13-11.10.33:587][390]LogSlate: FSceneViewport::OnFocusLost() reason 0
[2018.09.13-11.10.38:050][390]LogSlate: Window 'BeyondHuman - Unreal Editor' being destroyed
[2018.09.13-11.10.38:195][390]LogWindowsTextInputMethodSystem: Display: IME system now deactivated.
[2018.09.13-11.10.43:883][391]Cmd: QUIT_EDITOR
[2018.09.13-11.10.48:934][391]LogExit: Preparing to exit.
