Log file open, 09/13/18 10:23:43
LogWindows: Failed to load 'aqProf.dll' (GetLastError=126)
LogWindows: File 'aqProf.dll' does not exist
LogWindows: Failed to load 'VSPerf140.dll' (GetLastError=126)
LogWindows: File 'VSPerf140.dll' does not exist
LogWindows: Failed to load 'VtuneApi.dll' (GetLastError=126)
LogWindows: File 'VtuneApi.dll' does not exist
LogWindows: Failed to load 'VtuneApi32e.dll' (GetLastError=126)
LogWindows: File 'VtuneApi32e.dll' does not exist
LogInit: Display: Running engine for game: BeyondHuman
LogPlatformFile: Not using cached read wrapper
LogTaskGraph: Started task graph with 5 named threads and 23 total threads with 3 sets of task threads.
LogStats: Stats thread started at 19.621306
LogD3D11RHI: Loaded GFSDK_Aftermath_Lib.x64.dll
LogICUInternationalization: Display: ICU TimeZone Detection - Raw Offset: +0:00, Platform Override: ''
LogPluginManager: Mounting plugin Paper2D
LogPluginManager: Mounting plugin AISupport
LogPluginManager: Mounting plugin LightPropagationVolume
LogPluginManager: Mounting plugin CLionSourceCodeAccess
LogPluginManager: Mounting plugin CodeLiteSourceCodeAccess
LogPluginManager: Mounting plugin GitSourceControl
LogPluginManager: Mounting plugin KDevelopSourceCodeAccess
LogPluginManager: Mounting plugin NullSourceCodeAccess
LogPluginManager: Mounting plugin PerforceSourceControl
LogPluginManager: Mounting plugin SubversionSourceControl
LogPluginManager: Mounting plugin UObjectPlugin
LogPluginManager: Mounting plugin VisualStudioCodeSourceCodeAccess
LogPluginManager: Mounting plugin VisualStudioSourceCodeAccess
LogPluginManager: Mounting plugin XCodeSourceCodeAccess
LogPluginManager: Mounting plugin AssetManagerEditor
LogPluginManager: Mounting plugin CryptoKeys
LogPluginManager: Mounting plugin DataValidation
LogPluginManager: Mounting plugin FacialAnimation
LogPluginManager: Mounting plugin GameplayTagsEditor
LogPluginManager: Mounting plugin MacGraphicsSwitching
LogPluginManager: Mounting plugin MeshEditor
LogPluginManager: Mounting plugin MobileLauncherProfileWizard
LogPluginManager: Mounting plugin PluginBrowser
LogPluginManager: Mounting plugin SpeedTreeImporter
LogPluginManager: Mounting plugin DatasmithContent
LogPluginManager: Mounting plugin AlembicImporter
LogPluginManager: Mounting plugin AppleImageUtils
LogPluginManager: Mounting plugin AppleVision
LogPluginManager: Mounting plugin BackChannel
LogPluginManager: Mounting plugin CharacterAI
LogPluginManager: Mounting plugin GeometryCache
LogPluginManager: Mounting plugin HTML5Networking
LogPluginManager: Mounting plugin ProxyLODPlugin
LogPluginManager: Mounting plugin MagicLeap
LogPluginManager: Mounting plugin MagicLeapEmulator
LogPluginManager: Mounting plugin MagicLeapMedia
LogPluginManager: Mounting plugin Substance
LogPluginManager: Mounting plugin AndroidMedia
LogPluginManager: Mounting plugin AvfMedia
LogPluginManager: Mounting plugin ImgMedia
LogPluginManager: Mounting plugin LinearTimecode
LogPluginManager: Mounting plugin MediaCompositing
LogPluginManager: Mounting plugin MediaPlayerEditor
LogPluginManager: Mounting plugin WmfMedia
LogPluginManager: Mounting plugin TcpMessaging
LogPluginManager: Mounting plugin UdpMessaging
LogPluginManager: Mounting plugin ActorSequence
LogPluginManager: Mounting plugin LevelSequenceEditor
LogPluginManager: Mounting plugin MatineeToLevelSequence
LogPluginManager: Mounting plugin NetcodeUnitTest
LogPluginManager: Mounting plugin NUTUnrealEngine4
LogPluginManager: Mounting plugin OnlineSubsystemGooglePlay
LogPluginManager: Mounting plugin OnlineSubsystemIOS
LogPluginManager: Mounting plugin OnlineSubsystem
LogPluginManager: Mounting plugin OnlineSubsystemNull
LogPluginManager: Mounting plugin OnlineSubsystemUtils
LogPluginManager: Mounting plugin LauncherChunkInstaller
LogPluginManager: Mounting plugin AndroidDeviceProfileSelector
LogPluginManager: Mounting plugin AndroidMoviePlayer
LogPluginManager: Mounting plugin AndroidPermission
LogPluginManager: Mounting plugin AppleMoviePlayer
LogPluginManager: Mounting plugin ArchVisCharacter
LogPluginManager: Mounting plugin AudioCapture
LogPluginManager: Mounting plugin CableComponent
LogPluginManager: Mounting plugin CustomMeshComponent
LogPluginManager: Mounting plugin EditableMesh
LogPluginManager: Mounting plugin ExampleDeviceProfileSelector
LogPluginManager: Mounting plugin GoogleCloudMessaging
LogPluginManager: Mounting plugin ImmediatePhysics
LogPluginManager: Mounting plugin IOSDeviceProfileSelector
LogPluginManager: Mounting plugin LinuxDeviceProfileSelector
LogPluginManager: Mounting plugin LocationServicesBPLibrary
LogPluginManager: Mounting plugin MobilePatchingUtils
LogPluginManager: Mounting plugin OculusVR
LogPluginManager: Plugin shader directory ../../../Engine/Plugins/Runtime/Oculus/OculusVR/Shaders found
LogPluginManager: Mapping shader source directory ../../../Engine/Plugins/Runtime/Oculus/OculusVR/Shaders to virtual directory /Plugin/OculusVR
LogPluginManager: Mounting plugin PhysXVehicles
LogPluginManager: Mounting plugin ProceduralMeshComponent
LogPluginManager: Mounting plugin RuntimePhysXCooking
LogPluginManager: Mounting plugin SteamVR
LogPluginManager: Mounting plugin WindowsMoviePlayer
LogStreaming: Display: Took  0.374s to configure plugins.
LogInit: Using libcurl 7.55.1-DEV
LogInit:  - built for x86_64-pc-win32
LogInit:  - supports SSL with OpenSSL/1.0.2h
LogInit:  - supports HTTP deflate (compression) using libz 1.2.8
LogInit:  - other features:
LogInit:      CURL_VERSION_SSL
LogInit:      CURL_VERSION_LIBZ
LogInit:      CURL_VERSION_IPV6
LogInit:      CURL_VERSION_ASYNCHDNS
LogInit:      CURL_VERSION_LARGEFILE
LogInit:      CURL_VERSION_IDN
LogInit:  CurlRequestOptions (configurable via config and command line):
LogInit:  - bVerifyPeer = false  - Libcurl will NOT verify peer certificate
LogInit:  - bUseHttpProxy = false  - Libcurl will NOT use HTTP proxy
LogInit:  - bDontReuseConnections = false  - Libcurl will reuse connections
LogInit:  - CertBundlePath = nullptr  - Libcurl will use whatever was configured at build time.
LogInit:  - MaxHostConnections = 16  - Libcurl will limit the number of connections to a host
LogInit:  - LocalHostAddr = Default
LogInit:  - BufferSize = 65536
LogInit: WinSock: version 1.1 (2.2), MaxSocks=32767, MaxUdp=65467
LogInit: Build: ++UE4+Release-4.20-CL-4212847
LogInit: Engine Version: 4.20.0-4212847+++UE4+Release-4.20
LogInit: Compatible Engine Version: 4.20.0-4212847+++UE4+Release-4.20
LogInit: Net CL: 4212847
LogInit: OS: Windows 10 (), CPU: Intel(R) Core(TM) i7-6700HQ CPU @ 2.60GHz, GPU: Intel(R) HD Graphics 530
LogInit: Compiled (64-bit): Jul 14 2018 09:51:14
LogInit: Compiled with Visual C++: 19.13.26129.00
LogInit: Build Configuration: Development
LogInit: Branch Name: ++UE4+Release-4.20
LogInit: Command Line:  
LogInit: Base Directory: C:/Program Files/Epic Games/UE_4.20/Engine/Binaries/Win64/
LogInit: Installed Engine Build: 1
LogDevObjectVersion: Number of dev versions registered: 20
LogDevObjectVersion:   Dev-Blueprints (B0D832E4-1F89-4F0D-ACCF-7EB736FD4AA2): 10
LogDevObjectVersion:   Dev-Build (E1C64328-A22C-4D53-A36C-8E866417BD8C): 0
LogDevObjectVersion:   Dev-Core (375EC13C-06E4-48FB-B500-84F0262A717E): 2
LogDevObjectVersion:   Dev-Editor (E4B068ED-F494-42E9-A231-DA0B2E46BB41): 24
LogDevObjectVersion:   Dev-Framework (CFFC743F-43B0-4480-9391-14DF171D2073): 34
LogDevObjectVersion:   Dev-Mobile (B02B49B5-BB20-44E9-A304-32B752E40360): 2
LogDevObjectVersion:   Dev-Networking (A4E4105C-59A1-49B5-A7C5-40C4547EDFEE): 0
LogDevObjectVersion:   Dev-Online (39C831C9-5AE6-47DC-9A44-9C173E1C8E7C): 0
LogDevObjectVersion:   Dev-Physics (78F01B33-EBEA-4F98-B9B4-84EACCB95AA2): 0
LogDevObjectVersion:   Dev-Platform (6631380F-2D4D-43E0-8009-CF276956A95A): 0
LogDevObjectVersion:   Dev-Rendering (12F88B9F-8875-4AFC-A67C-D90C383ABD29): 26
LogDevObjectVersion:   Dev-Sequencer (7B5AE74C-D270-4C10-A958-57980B212A5A): 9
LogDevObjectVersion:   Dev-VR (D7296918-1DD6-4BDD-9DE2-64A83CC13884): 2
LogDevObjectVersion:   Dev-LoadTimes (C2A15278-BFE7-4AFE-6C17-90FF531DF755): 1
LogDevObjectVersion:   Private-Geometry (6EACA3D4-40EC-4CC1-B786-8BED09428FC5): 3
LogDevObjectVersion:   Dev-AnimPhys (29E575DD-E0A3-4627-9D10-D276232CDCEA): 17
LogDevObjectVersion:   Dev-ReflectionCapture (6B266CEC-1EC7-4B8F-A30B-E4D90942FC07): 1
LogDevObjectVersion:   Dev-Automation (0DF73D61-A23F-47EA-B727-89E90C41499A): 1
LogDevObjectVersion:   FortniteMain (601D1886-AC64-4F84-AA16-D3DE0DEAC7D6): 12
LogDevObjectVersion:   Dev-Enterprise (9DFFBCD6-494F-0158-E221-12823C92A888): 1
LogStreaming: Display: Took  0.065s to delete old logs.
LogInit: Presizing for max 8388607 objects, including 0 objects not considered by GC, pre-allocating 0 bytes for permanent pool.
LogInit: Object subsystem initialized
[2018.09.13-09.23.50:087][  0]LogInit: Selected Device Profile: [Windows]
[2018.09.13-09.23.50:101][  0]LogInit: Applying CVar settings loaded from the selected device profile: [Windows]
[2018.09.13-09.23.50:185][  0]LogHAL: Display: Platform has ~ 8 GB [8456720384 / 8589934592 / 8], which maps to Default [LargestMinGB=32, LargerMinGB=12, DefaultMinGB=8, SmallerMinGB=6, SmallestMinGB=0)
[2018.09.13-09.23.50:186][  0]LogInit: Setting Device Profile CVar: [[r.Vulkan.UseRealUBs:1]]
[2018.09.13-09.23.50:197][  0]LogInit: Going up to parent DeviceProfile []
[2018.09.13-09.23.50:260][  0]LogInit: Computer: DESKTOP-MKF8VAK
[2018.09.13-09.23.50:260][  0]LogInit: User: mikey
[2018.09.13-09.23.50:260][  0]LogInit: CPU Page size=4096, Cores=4
[2018.09.13-09.23.50:260][  0]LogInit: High frequency timer resolution =2.531247 MHz
[2018.09.13-09.23.50:260][  0]LogMemory: Memory total: Physical=7.9GB (8GB approx)
[2018.09.13-09.23.50:260][  0]LogMemory: Platform Memory Stats for Windows
[2018.09.13-09.23.50:260][  0]LogMemory: Process Physical Memory: 99.54 MB used, 99.54 MB peak
[2018.09.13-09.23.50:260][  0]LogMemory: Process Virtual Memory: 90.79 MB used, 90.79 MB peak
[2018.09.13-09.23.50:260][  0]LogMemory: Physical Memory: 5038.67 MB used,  3026.29 MB free, 8064.96 MB total
[2018.09.13-09.23.50:260][  0]LogMemory: Virtual Memory: 4640.08 MB used,  3026.29 MB free, 134217728.00 MB total
[2018.09.13-09.23.51:217][  0]LogInit: Using OS detected language (en-US).
[2018.09.13-09.23.51:217][  0]LogInit: Using OS detected locale (en-GB).
[2018.09.13-09.23.51:263][  0]LogTextLocalizationManager: No specific localization for 'en-US' exists, so the 'en' localization will be used.
[2018.09.13-09.23.52:391][  0]LogStreaming: Display: Took  1.059s to InitEngineTextLocalization.
[2018.09.13-09.23.52:432][  0]LogInit: Setting process to per monitor DPI aware
[2018.09.13-09.23.54:265][  0]LogSlate: New Slate User Created.  User Index 0, Is Virtual User: 0
[2018.09.13-09.23.54:265][  0]LogSlate: Slate User Registered.  User Index 0, Is Virtual User: 0
[2018.09.13-09.23.57:577][  0]LogHMD: Failed to initialize OpenVR with code 110
[2018.09.13-09.23.57:577][  0]LogD3D11RHI: D3D11 adapters:
[2018.09.13-09.23.57:665][  0]LogD3D11RHI:    0. 'NVIDIA GeForce GTX 960M' (Feature Level 11_0)
[2018.09.13-09.23.57:665][  0]LogD3D11RHI:       4065/0/4032 MB DedicatedVideo/DedicatedSystem/SharedSystem, Outputs:2, VendorId:0x10de
[2018.09.13-09.23.57:682][  0]LogD3D11RHI:    1. 'Intel(R) HD Graphics 530' (Feature Level 11_0)
[2018.09.13-09.23.57:682][  0]LogD3D11RHI:       128/0/4032 MB DedicatedVideo/DedicatedSystem/SharedSystem, Outputs:0, VendorId:0x8086
[2018.09.13-09.23.57:685][  0]LogD3D11RHI:    2. 'Microsoft Basic Render Driver' (Feature Level 11_0)
[2018.09.13-09.23.57:685][  0]LogD3D11RHI:       0/0/4032 MB DedicatedVideo/DedicatedSystem/SharedSystem, Outputs:0, VendorId:0x1414
[2018.09.13-09.23.57:685][  0]LogD3D11RHI: Chosen D3D11 Adapter: 0
[2018.09.13-09.23.57:706][  0]LogD3D11RHI: Creating new Direct3DDevice
[2018.09.13-09.23.57:706][  0]LogD3D11RHI:     GPU DeviceId: 0x139b (for the marketing name, search the web for "GPU Device Id")
[2018.09.13-09.23.57:727][  0]LogWindows: EnumDisplayDevices:
[2018.09.13-09.23.57:728][  0]LogWindows:    0. 'Intel(R) HD Graphics 530' (P:0 D:1)
[2018.09.13-09.23.57:728][  0]LogWindows:    1. 'Intel(R) HD Graphics 530' (P:1 D:1)
[2018.09.13-09.23.57:728][  0]LogWindows:    2. 'Intel(R) HD Graphics 530' (P:0 D:0)
[2018.09.13-09.23.57:728][  0]LogWindows: DebugString: PrimaryIsNotTheChoosenAdapter PrimaryIsNotTheChoosenAdapter PrimaryIsNotTheChoosenAdapter FoundDriverCount:0 
[2018.09.13-09.23.57:728][  0]LogD3D11RHI:     Adapter Name: NVIDIA GeForce GTX 960M
[2018.09.13-09.23.57:728][  0]LogD3D11RHI:   Driver Version: Unknown (internal:Unknown, unified:Unknown)
[2018.09.13-09.23.57:728][  0]LogD3D11RHI:      Driver Date: Unknown
[2018.09.13-09.23.57:728][  0]LogRHI: Texture pool is 2846 MB (70% of 4065 MB)
[2018.09.13-09.23.57:924][  0]LogD3D11RHI: Async texture creation enabled
[2018.09.13-09.23.58:222][  0]LogD3D11RHI: GPU Timing Frequency: 1000.000000 (Debug: 2 1)
[2018.09.13-09.23.58:337][  0]LogShaderCompilers: Guid format shader working directory is -21 characters bigger than the processId version (../../../../../../Users/mikey/Documents/Unreal Projects/BeyondHuman/Intermediate/Shaders/WorkingDirectory/1344/).
[2018.09.13-09.23.58:338][  0]LogShaderCompilers: Cleaned the shader compiler working directory 'C:/Users/mikey/AppData/Local/Temp/UnrealShaderWorkingDir/D7525437492435DAD3AD78AC98038D4B/'.
[2018.09.13-09.24.00:078][  0]LogTemp: Display: Loaded TP AllDesktopTargetPlatform
[2018.09.13-09.24.00:110][  0]LogTemp: Display: Loaded TP MacClientTargetPlatform
[2018.09.13-09.24.00:149][  0]LogTemp: Display: Loaded TP MacNoEditorTargetPlatform
[2018.09.13-09.24.00:194][  0]LogTemp: Display: Loaded TP MacServerTargetPlatform
[2018.09.13-09.24.00:261][  0]LogTemp: Display: Loaded TP MacTargetPlatform
[2018.09.13-09.24.00:317][  0]LogTemp: Display: Loaded TP WindowsClientTargetPlatform
[2018.09.13-09.24.00:384][  0]LogTemp: Display: Loaded TP WindowsNoEditorTargetPlatform
[2018.09.13-09.24.00:450][  0]LogTemp: Display: Loaded TP WindowsServerTargetPlatform
[2018.09.13-09.24.00:497][  0]LogTemp: Display: Loaded TP WindowsTargetPlatform
[2018.09.13-09.24.00:709][  0]LogTemp: Display: Loaded TP AndroidTargetPlatform
[2018.09.13-09.24.00:709][  0]LogTemp: Display: Loaded TP AndroidTargetPlatform
[2018.09.13-09.24.00:709][  0]LogTemp: Display: Loaded TP AndroidTargetPlatform
[2018.09.13-09.24.00:709][  0]LogTemp: Display: Loaded TP AndroidTargetPlatform
[2018.09.13-09.24.00:709][  0]LogTemp: Display: Loaded TP AndroidTargetPlatform
[2018.09.13-09.24.00:709][  0]LogTemp: Display: Loaded TP AndroidTargetPlatform
[2018.09.13-09.24.00:709][  0]LogTemp: Display: Loaded TP AndroidTargetPlatform
[2018.09.13-09.24.00:709][  0]LogTemp: Display: Loaded TP AndroidTargetPlatform
[2018.09.13-09.24.00:710][  0]LogTemp: Display: Loaded TP AndroidTargetPlatform
[2018.09.13-09.24.00:710][  0]LogTemp: Display: Loaded TP AndroidTargetPlatform
[2018.09.13-09.24.00:710][  0]LogTemp: Display: Loaded TP AndroidTargetPlatform
[2018.09.13-09.24.00:710][  0]LogTemp: Display: Loaded TP AndroidTargetPlatform
[2018.09.13-09.24.00:710][  0]LogTemp: Display: Loaded TP AndroidTargetPlatform
[2018.09.13-09.24.00:710][  0]LogTemp: Display: Loaded TP AndroidTargetPlatform
[2018.09.13-09.24.00:710][  0]LogTemp: Display: Loaded TP AndroidTargetPlatform
[2018.09.13-09.24.00:710][  0]LogTemp: Display: Loaded TP AndroidTargetPlatform
[2018.09.13-09.24.00:710][  0]LogTemp: Display: Loaded TP AndroidTargetPlatform
[2018.09.13-09.24.00:710][  0]LogTemp: Display: Loaded TP AndroidTargetPlatform
[2018.09.13-09.24.00:798][  0]LogTemp: Display: Loaded TP HTML5TargetPlatform
[2018.09.13-09.24.01:052][  0]LogTemp: Display: Loaded TP IOSTargetPlatform
[2018.09.13-09.24.01:052][  0]LogTemp: Display: Loaded TP IOSTargetPlatform
[2018.09.13-09.24.01:147][  0]LogTemp: Display: Loaded TP TVOSTargetPlatform
[2018.09.13-09.24.01:147][  0]LogTemp: Display: Loaded TP TVOSTargetPlatform
[2018.09.13-09.24.01:195][  0]LogTemp: Display: Loaded TP LinuxClientTargetPlatform
[2018.09.13-09.24.01:227][  0]LogTemp: Display: Loaded TP LinuxNoEditorTargetPlatform
[2018.09.13-09.24.01:284][  0]LogTemp: Display: Loaded TP LinuxServerTargetPlatform
[2018.09.13-09.24.01:360][  0]LogTemp: Display: Loaded TP LinuxTargetPlatform
[2018.09.13-09.24.01:380][  0]LogTemp: Display: Loaded TP LuminTargetPlatform
[2018.09.13-09.24.01:381][  0]LogTargetPlatformManager: Display: Building Assets For Windows
[2018.09.13-09.24.02:401][  0]LogXGEController: Cleaning working directory: C:/Users/mikey/AppData/Local/Temp/UnrealXGEWorkingDir/
[2018.09.13-09.24.02:401][  0]LogXGEController: Cannot use XGE Controller as Incredibuild is not installed on this machine.
[2018.09.13-09.24.02:401][  0]LogShaderCompilers: Cannot use XGE Shader Compiler as Incredibuild is not installed on this machine.
[2018.09.13-09.24.02:401][  0]LogShaderCompilers: Display: Using Local Shader Compiler.
[2018.09.13-09.24.05:884][  0]LogDerivedDataCache: Display: Max Cache Size: 512 MB
[2018.09.13-09.24.06:897][  0]LogDerivedDataCache: Loaded boot cache 0.98s 71MB C:/Users/mikey/AppData/Local/UnrealEngine/4.20/DerivedDataCache/Boot.ddc.
[2018.09.13-09.24.06:899][  0]LogDerivedDataCache: Display: Loaded Boot cache: C:/Users/mikey/AppData/Local/UnrealEngine/4.20/DerivedDataCache/Boot.ddc
[2018.09.13-09.24.06:899][  0]LogDerivedDataCache: FDerivedDataBackendGraph:  Pak pak cache file ../../../../../../Users/mikey/Documents/Unreal Projects/BeyondHuman/DerivedDataCache/DDC.ddp not found, will not use a pak cache.
[2018.09.13-09.24.06:899][  0]LogDerivedDataCache: Unable to find inner node Pak for hierarchical cache Hierarchy.
[2018.09.13-09.24.06:899][  0]LogDerivedDataCache: FDerivedDataBackendGraph:  CompressedPak pak cache file ../../../../../../Users/mikey/Documents/Unreal Projects/BeyondHuman/DerivedDataCache/Compressed.ddp not found, will not use a pak cache.
[2018.09.13-09.24.06:899][  0]LogDerivedDataCache: Unable to find inner node CompressedPak for hierarchical cache Hierarchy.
[2018.09.13-09.24.06:944][  0]LogDerivedDataCache: Display: Pak cache opened for reading ../../../Engine/DerivedDataCache/Compressed.ddp.
[2018.09.13-09.24.06:975][  0]LogDerivedDataCache: Using Local data cache path C:/Users/mikey/AppData/Local/UnrealEngine/Common/DerivedDataCache: Writable
[2018.09.13-09.24.06:975][  0]LogDerivedDataCache: Shared data cache path not found in *engine.ini, will not use an Shared cache.
[2018.09.13-09.24.06:975][  0]LogDerivedDataCache: Unable to find inner node Shared for hierarchical cache Hierarchy.
[2018.09.13-09.24.07:077][  0]LogMaterial: Verifying Global Shaders for PCD3D_SM5
[2018.09.13-09.24.07:159][  0]LogSlate: Using FreeType 2.6.0
[2018.09.13-09.24.07:465][  0]LogSlate: SlateFontServices - WITH_FREETYPE: 1, WITH_HARFBUZZ: 1
[2018.09.13-09.24.09:292][  0]LogAssetRegistry: FAssetRegistry took 0.0330 seconds to start up
[2018.09.13-09.24.13:019][  0]LogInit: Selected Device Profile: [Windows]
[2018.09.13-09.24.17:479][  0]LogSimplygon: Simplygon DLL not present - disabling.
[2018.09.13-09.24.17:949][  0]LogMeshReduction: Using SimplygonSwarm for distributed automatic mesh merging
[2018.09.13-09.24.17:950][  0]LogMeshReduction: Using ProxyLODMeshReduction for automatic mesh merging
[2018.09.13-09.24.17:951][  0]LogMeshReduction: Using QuadricMeshReduction for automatic static mesh reduction
[2018.09.13-09.24.17:951][  0]LogMeshReduction: No automatic skeletal mesh reduction module available
[2018.09.13-09.24.18:727][  0]LogNetVersion: BeyondHuman 1.0.0, NetCL: 4212847, EngineNetVer: 5, GameNetVer: 0 (Checksum: 671501493)
[2018.09.13-09.24.25:255][  0]LogPackageLocalizationCache: Processed 11 localized package path(s) for 2 prioritized culture(s) in 0.151854 seconds
[2018.09.13-09.24.25:332][  0]LogUObjectArray: 38425 objects as part of root set at end of initial load.
[2018.09.13-09.24.25:332][  0]LogUObjectAllocator: 6690864 out of 0 bytes used by permanent object pool.
[2018.09.13-09.24.25:332][  0]LogUObjectArray: CloseDisregardForGC: 0/0 objects in disregard for GC pool
[2018.09.13-09.24.57:046][  0]LogSubstanceCoreModule: Substance [CPU] Engine Loaded, Max Texture Size = 2048
[2018.09.13-09.24.57:165][  0]LogTcpMessaging: Initializing TcpMessaging bridge
[2018.09.13-09.24.57:200][  0]LogUdpMessaging: Initializing bridge on interface 0.0.0.0:0 to multicast group 230.0.0.1:6666.
[2018.09.13-09.24.58:805][  0]SourceControl: Source control is disabled
[2018.09.13-09.24.58:806][  0]SourceControl: Source control is disabled
[2018.09.13-09.24.58:887][  0]SourceControl: Source control is disabled
[2018.09.13-09.24.58:909][  0]SourceControl: Source control is disabled
[2018.09.13-09.25.00:273][  0]LogAndroidPermission: UAndroidPermissionCallbackProxy::GetInstance
[2018.09.13-09.25.00:562][  0]LogOcInput: OculusInput pre-init called
[2018.09.13-09.25.02:181][  0]LogEngine: Initializing Engine...
[2018.09.13-09.25.02:206][  0]LogHMD: Failed to initialize OpenVR with code 110
[2018.09.13-09.25.02:230][  0]LogStats: UGameplayTagsManager::ConstructGameplayTagTree: ImportINI prefixes -  0.000 s
[2018.09.13-09.25.02:230][  0]LogStats: UGameplayTagsManager::ConstructGameplayTagTree: Construct from data asset -  0.000 s
[2018.09.13-09.25.02:230][  0]LogStats: UGameplayTagsManager::ConstructGameplayTagTree: ImportINI -  0.000 s
[2018.09.13-09.25.02:230][  0]LogStats: UGameplayTagsManager::ConstructGameplayTagTree: GameplayTagTreeChangedEvent.Broadcast -  0.000 s
[2018.09.13-09.25.03:232][  0]LogInit: Initializing FReadOnlyCVARCache
[2018.09.13-09.25.03:906][  0]LogAIModule: Creating AISystem for world Untitled
[2018.09.13-09.25.04:144][  0]LogInit: XAudio2 using 'Speakers / Headphones (Realtek Audio)' : 2 channels at 48 kHz using 32 bits per sample (channel mask 0x3)
[2018.09.13-09.25.04:622][  0]LogInit: FAudioDevice initialized.
[2018.09.13-09.25.04:623][  0]LogNetVersion: Set ProjectVersion to 1.0.0.0. Version Checksum will be recalculated on next use.
[2018.09.13-09.25.05:516][  0]LogDerivedDataCache: Saved boot cache 0.89s 71MB C:/Users/mikey/AppData/Local/UnrealEngine/4.20/DerivedDataCache/Boot.ddc.
[2018.09.13-09.25.05:528][  0]LogInit: Texture streaming: Enabled
[2018.09.13-09.25.05:972][  0]LogEngineSessionManager: EngineSessionManager initialized
[2018.09.13-09.25.06:430][  0]LogInit: Transaction tracking system initialized
[2018.09.13-09.25.08:937][  0]BlueprintLog: New page: Editor Load
[2018.09.13-09.25.11:678][  0]LocalizationService: Localization service is disabled
[2018.09.13-09.25.17:063][  0]LogCook: Display: Max memory allowance for cook 16384mb min free memory 0mb
[2018.09.13-09.25.17:101][  0]LogFileCache: Scanning file cache for directory 'C:/Users/mikey/Documents/Unreal Projects/BeyondHuman/Content/' took 0.02s
[2018.09.13-09.25.17:101][  0]LogCook: Display: Mobile HDR setting 1
[2018.09.13-09.25.17:107][  0]LogGameplayTags: Display: UGameplayTagsManager::DoneAddingNativeTags. DelegateIsBound: 0
[2018.09.13-09.25.17:107][  0]LogStats: UGameplayTagsManager::ConstructGameplayTagTree: ImportINI prefixes -  0.000 s
[2018.09.13-09.25.17:107][  0]LogStats: UGameplayTagsManager::ConstructGameplayTagTree: Construct from data asset -  0.000 s
[2018.09.13-09.25.17:107][  0]LogStats: UGameplayTagsManager::ConstructGameplayTagTree: ImportINI -  0.000 s
[2018.09.13-09.25.17:107][  0]LogStats: UGameplayTagsManager::ConstructGameplayTagTree: GameplayTagTreeChangedEvent.Broadcast -  0.000 s
[2018.09.13-09.25.22:288][  0]SourceControl: Source control is disabled
[2018.09.13-09.25.22:311][  0]Cmd: MAP LOAD FILE="../../../../../../Users/mikey/Documents/Unreal Projects/BeyondHuman/Content/Maps/Meshing.umap" TEMPLATE=0 SHOWPROGRESS=1 FEATURELEVEL=3
[2018.09.13-09.25.22:331][  0]LightingResults: New page: Lighting Build
[2018.09.13-09.25.22:457][  0]MapCheck: New page: Map Check
[2018.09.13-09.25.22:457][  0]LightingResults: New page: Lighting Build
[2018.09.13-09.32.15:340][  0]LogAIModule: Creating AISystem for world Meshing
[2018.09.13-09.32.21:086][  0]LogEditorServer: Finished looking for orphan Actors (0.016 secs)
[2018.09.13-09.32.24:110][  0]Cmd: MAP CHECKDEP NOCLEARLOG
[2018.09.13-09.32.57:390][  0]MapCheck: Map check complete: 0 Error(s), 0 Warning(s), took 33,194.345ms to complete.
[2018.09.13-09.32.57:508][  0]LogFileHelpers: Loading map 'Meshing' took 455.219
[2018.09.13-09.33.20:473][  0]LogSlate: Updating window title bar state: overlay mode, drag disabled, window buttons hidden, title bar hidden
[2018.09.13-09.33.20:775][  0]LogSlate: Updating window title bar state: overlay mode, drag disabled, window buttons hidden, title bar hidden
[2018.09.13-09.33.20:788][  0]LogSlate: Updating window title bar state: overlay mode, drag disabled, window buttons hidden, title bar hidden
[2018.09.13-09.33.20:799][  0]LogSlate: Updating window title bar state: overlay mode, drag disabled, window buttons hidden, title bar hidden
[2018.09.13-09.33.24:268][  0]LogCollectionManager: Loaded 0 collections in 0.006345 seconds
[2018.09.13-09.33.27:922][  0]LogFileCache: Scanning file cache for directory 'C:/Users/mikey/Documents/Unreal Projects/BeyondHuman/Saved/Collections/' took 0.02s
[2018.09.13-09.33.27:922][  0]LogFileCache: Scanning file cache for directory 'C:/Users/mikey/Documents/Unreal Projects/BeyondHuman/Content/Developers/mikey/Collections/' took 0.05s
[2018.09.13-09.33.27:922][  0]LogFileCache: Scanning file cache for directory 'C:/Users/mikey/Documents/Unreal Projects/BeyondHuman/Content/Collections/' took 0.05s
[2018.09.13-09.33.27:922][  0]LogCollectionManager: Rebuilt the GUID cache for 0 collections in 0.000002 seconds
[2018.09.13-09.33.28:544][  0]LogContentBrowser: Native class hierarchy populated in 0.6028 seconds. Added 2586 classes and 609 folders.
[2018.09.13-09.33.31:020][  0]LogContentBrowser: Native class hierarchy updated for 'WidgetCarousel' in 0.0003 seconds. Added 0 classes and 0 folders.
[2018.09.13-09.33.42:823][  0]LogContentBrowser: Native class hierarchy updated for 'AddContentDialog' in 0.0004 seconds. Added 0 classes and 0 folders.
[2018.09.13-09.33.45:031][  0]LogContentBrowser: Native class hierarchy updated for 'SceneOutliner' in 0.0007 seconds. Added 1 classes and 2 folders.
[2018.09.13-09.34.19:399][  0]LogSlate: Took 0.905982 seconds to synchronously load lazily loaded font '../../../Engine/Content/Slate/Fonts/Roboto-Regular.ttf' (155K)
[2018.09.13-09.34.20:749][  0]LogSlate: Took 0.139495 seconds to synchronously load lazily loaded font '../../../Engine/Content/Slate/Fonts/Roboto-Bold.ttf' (160K)
[2018.09.13-09.34.22:030][  0]LogSlate: Took 0.270462 seconds to synchronously load lazily loaded font '../../../Engine/Content/Editor/Slate/Fonts/FontAwesome.ttf' (139K)
[2018.09.13-09.34.31:903][  0]LogRenderer: Reallocating scene render targets to support 1016x500 Format 9 NumSamples 1 (Frame:1).
[2018.09.13-09.34.45:428][  0]LogContentBrowser: Native class hierarchy updated for 'HierarchicalLODOutliner' in 0.0003 seconds. Added 0 classes and 0 folders.
[2018.09.13-09.34.45:428][  0]LogLoad: (Engine Initialization) Total time: 737.25 seconds
[2018.09.13-09.34.45:428][  0]LogLoad: (Engine Initialization) Total Blueprint compile time: 0.00 seconds
[2018.09.13-09.34.49:612][  0]LogContentStreaming: Texture pool size now 3000 MB
[2018.09.13-09.34.51:089][  1]LogSubstanceLiveLink: Warning: Unable to send data along socket, closing connection
[2018.09.13-09.34.52:336][  1]LogSlate: Took 0.055466 seconds to synchronously load lazily loaded font '../../../Engine/Content/Slate/Fonts/Roboto-Light.ttf' (167K)
[2018.09.13-09.35.12:699][ 35]LogAssetRegistry: Asset discovery search completed in 663.4291 seconds
[2018.09.13-09.35.13:461][ 35]LogCollectionManager: Rebuilt the object cache for 0 collections in 0.000001 seconds (found 0 objects)
[2018.09.13-09.35.13:461][ 35]LogCollectionManager: Fixed up redirectors for 0 collections in 0.046646 seconds (updated 0 objects)
[2018.09.13-09.35.44:971][226]LogEditorViewport: Clicking on Actor (context menu): StaticMeshActor (Ground)
[2018.09.13-09.35.53:056][226]LogSlate: FSceneViewport::OnFocusLost() reason 2
[2018.09.13-09.35.53:366][226]LogEditorViewport: Clicking on Actor (LMB): StaticMeshActor (Ground)
[2018.09.13-09.35.58:869][227]LogEditorViewport: Clicking on Actor (context menu): StaticMeshActor (BlockHolder5)
[2018.09.13-09.35.58:958][227]LogSlate: FSceneViewport::OnFocusLost() reason 2
[2018.09.13-09.35.58:974][227]LogEditorViewport: Clicking on Actor (context menu): StaticMeshActor (BlockHolder5)
[2018.09.13-09.35.59:015][227]LogSlate: FSceneViewport::OnFocusLost() reason 2
[2018.09.13-09.36.10:245][707]LogEditorViewport: Clicking on Actor (LMB): StaticMeshActor (CementBlock4)
[2018.09.13-09.36.11:154][756]LogEditorViewport: Clicking on Actor (LMB): StaticMeshActor (CementBlock3)
[2018.09.13-09.36.11:529][775]LogEditorViewport: Clicking on Actor (LMB): StaticMeshActor (CementBlock4)
[2018.09.13-09.36.12:557][820]LogSlate: FSceneViewport::OnFocusLost() reason 0
[2018.09.13-09.37.37:795][230]LogSlate: Took 0.003889 seconds to synchronously load lazily loaded font '../../../Engine/Content/Slate/Fonts/Roboto-Light.ttf' (167K)
[2018.09.13-09.37.38:154][230]LogFactory: FactoryCreateFile: Texture with ReimportTextureFactory (0 0 C:\Users\mikey\Dropbox\Docs\Projects\Beyond Human\SourceImages\Props\RoadBlock_M_RoadBlock_Roughness.png)
[2018.09.13-09.37.38:398][230]LogTexture: Display: Building textures: RoadBlock_M_RoadBlock_Roughness (AutoDXT, 1024X1024)
[2018.09.13-09.37.39:007][230]LogFactory: FactoryCreateFile: Texture with ReimportTextureFactory (0 0 C:\Users\mikey\Dropbox\Docs\Projects\Beyond Human\SourceImages\Props\RoadBlock_M_RoadBlock_BaseColor.png)
[2018.09.13-09.37.39:060][230]LogTexture: Display: Building textures: RoadBlock_M_RoadBlock_BaseColor (AutoDXT, 1024X1024)
[2018.09.13-09.37.39:543][230]LogFactory: FactoryCreateFile: Texture with ReimportTextureFactory (0 0 C:\Users\mikey\Dropbox\Docs\Projects\Beyond Human\SourceImages\Props\RoadBlock_M_RoadBlock_Metallic.png)
[2018.09.13-09.37.40:013][230]LogTexture: Display: Building textures: RoadBlock_M_RoadBlock_Metallic (AutoDXT, 1024X1024)
[2018.09.13-09.37.40:119][230]LogFactory: FactoryCreateFile: Texture with ReimportTextureFactory (0 0 C:\Users\mikey\Dropbox\Docs\Projects\Beyond Human\SourceImages\Props\RoadBlock_M_RoadBlock_Normal.png)
[2018.09.13-09.37.40:420][230]LogTexture: Display: Building textures: RoadBlock_M_RoadBlock_Normal (BC5, 1024X1024)
[2018.09.13-09.37.51:314][606]LogSlate: FSceneViewport::OnFocusLost() reason 0
[2018.09.13-09.38.06:565][283]Cmd: OBJ SAVEPACKAGE PACKAGE="/Game/Materials/Mi_RoadBlocks" FILE="../../../../../../Users/mikey/Documents/Unreal Projects/BeyondHuman/Content/Materials/Mi_RoadBlocks.uasset" SILENT=true
[2018.09.13-09.38.07:445][283]LogSavePackage: Moving '../../../../../../Users/mikey/Documents/Unreal Projects/BeyondHuman/Saved/Mi_RoadBlocks116AC02A4410DDD217A47DA7A11E64F0.tmp' to '../../../../../../Users/mikey/Documents/Unreal Projects/BeyondHuman/Content/Materials/Mi_RoadBlocks.uasset'
[2018.09.13-09.38.15:932][610]Cmd: OBJ SAVEPACKAGE PACKAGE="/Game/Materials/Mi_RoadBlock" FILE="../../../../../../Users/mikey/Documents/Unreal Projects/BeyondHuman/Content/Materials/Mi_RoadBlock.uasset" SILENT=true
[2018.09.13-09.38.15:947][610]LogSavePackage: Moving '../../../../../../Users/mikey/Documents/Unreal Projects/BeyondHuman/Saved/Mi_RoadBlock5FDC31FE47A4E9293F3BBEA3E201CA87.tmp' to '../../../../../../Users/mikey/Documents/Unreal Projects/BeyondHuman/Content/Materials/Mi_RoadBlock.uasset'
[2018.09.13-09.38.31:821][331]LogAssetEditorManager: Opening Asset editor for MaterialInstanceConstant /Game/Materials/Mi_RoadBlock.Mi_RoadBlock
[2018.09.13-09.38.35:653][331]LogRenderer: Reallocating scene render targets to support 1336x924 Format 9 NumSamples 1 (Frame:1).
[2018.09.13-09.40.13:983][894]LogRenderer: Reallocating scene render targets to support 1336x932 Format 9 NumSamples 1 (Frame:4).
[2018.09.13-09.41.17:266][596]LogRenderer: Reallocating scene render targets to support 1336x964 Format 9 NumSamples 1 (Frame:8).
[2018.09.13-09.44.48:302][362]LogSavePackage: Moving '../../../../../../Users/mikey/Documents/Unreal Projects/BeyondHuman/Saved/Meshing_Auto1B65633474B892EB4DADBECA293DB3029.tmp' to '../../../../../../Users/mikey/Documents/Unreal Projects/BeyondHuman/Saved/Autosaves/Game/Maps/Meshing_Auto1.umap'
[2018.09.13-09.44.48:373][362]LogFileHelpers: Editor autosave (incl. sublevels) for '/Game/Maps/Meshing' took 1.825
[2018.09.13-09.44.48:373][362]LogFileHelpers: Editor autosave (incl. sublevels) for all levels took 1.825
[2018.09.13-09.44.48:395][362]OBJ SavePackage: Generating thumbnails for [1] asset(s) in package [/Game/Textures/Props/RoadBlock_M_RoadBlock_Roughness] ([1] browsable assets)...
[2018.09.13-09.44.48:404][362]OBJ SavePackage:     Rendered thumbnail for [Texture2D /Game/Textures/Props/RoadBlock_M_RoadBlock_Roughness.RoadBlock_M_RoadBlock_Roughness]
[2018.09.13-09.44.48:404][362]OBJ SavePackage: Finished generating thumbnails for package [/Game/Textures/Props/RoadBlock_M_RoadBlock_Roughness]
[2018.09.13-09.44.48:465][362]LogSavePackage: Moving '../../../../../../Users/mikey/Documents/Unreal Projects/BeyondHuman/Saved/RoadBlock_M_RoadBlock_Roughness_0804AE624C67A5CFF0F802915EF76883.tmp' to '../../../../../../Users/mikey/Documents/Unreal Projects/BeyondHuman/Saved/Autosaves/Game/Textures/Props/RoadBlock_M_RoadBlock_Roughness_Auto1.uasset'
[2018.09.13-09.44.48:501][362]OBJ SavePackage: Generating thumbnails for [1] asset(s) in package [/Game/Textures/Props/RoadBlock_M_RoadBlock_BaseColor] ([1] browsable assets)...
[2018.09.13-09.44.48:510][362]OBJ SavePackage:     Rendered thumbnail for [Texture2D /Game/Textures/Props/RoadBlock_M_RoadBlock_BaseColor.RoadBlock_M_RoadBlock_BaseColor]
[2018.09.13-09.44.48:510][362]OBJ SavePackage: Finished generating thumbnails for package [/Game/Textures/Props/RoadBlock_M_RoadBlock_BaseColor]
[2018.09.13-09.44.48:529][362]LogSavePackage: Moving '../../../../../../Users/mikey/Documents/Unreal Projects/BeyondHuman/Saved/RoadBlock_M_RoadBlock_BaseColor_4DF184DB482A3061FE8D2AAC22DDAB99.tmp' to '../../../../../../Users/mikey/Documents/Unreal Projects/BeyondHuman/Saved/Autosaves/Game/Textures/Props/RoadBlock_M_RoadBlock_BaseColor_Auto1.uasset'
[2018.09.13-09.44.48:532][362]OBJ SavePackage: Generating thumbnails for [1] asset(s) in package [/Game/Textures/Props/RoadBlock_M_RoadBlock_Metallic] ([1] browsable assets)...
[2018.09.13-09.44.48:539][362]OBJ SavePackage:     Rendered thumbnail for [Texture2D /Game/Textures/Props/RoadBlock_M_RoadBlock_Metallic.RoadBlock_M_RoadBlock_Metallic]
[2018.09.13-09.44.48:539][362]OBJ SavePackage: Finished generating thumbnails for package [/Game/Textures/Props/RoadBlock_M_RoadBlock_Metallic]
[2018.09.13-09.44.48:548][362]LogSavePackage: Moving '../../../../../../Users/mikey/Documents/Unreal Projects/BeyondHuman/Saved/RoadBlock_M_RoadBlock_Metallic_ACAED659242BAAF40D32177B3C8E75241.tmp' to '../../../../../../Users/mikey/Documents/Unreal Projects/BeyondHuman/Saved/Autosaves/Game/Textures/Props/RoadBlock_M_RoadBlock_Metallic_Auto1.uasset'
[2018.09.13-09.44.48:550][362]OBJ SavePackage: Generating thumbnails for [1] asset(s) in package [/Game/Textures/Props/RoadBlock_M_RoadBlock_Normal] ([1] browsable assets)...
[2018.09.13-09.44.48:558][362]OBJ SavePackage:     Rendered thumbnail for [Texture2D /Game/Textures/Props/RoadBlock_M_RoadBlock_Normal.RoadBlock_M_RoadBlock_Normal]
[2018.09.13-09.44.48:558][362]OBJ SavePackage: Finished generating thumbnails for package [/Game/Textures/Props/RoadBlock_M_RoadBlock_Normal]
[2018.09.13-09.44.48:581][362]LogSavePackage: Moving '../../../../../../Users/mikey/Documents/Unreal Projects/BeyondHuman/Saved/RoadBlock_M_RoadBlock_Normal_AutBE4818E94F9CE92190605281B9CC6E9D.tmp' to '../../../../../../Users/mikey/Documents/Unreal Projects/BeyondHuman/Saved/Autosaves/Game/Textures/Props/RoadBlock_M_RoadBlock_Normal_Auto1.uasset'
[2018.09.13-09.44.48:584][362]LogFileHelpers: Auto-saving content packages took 0.206
