Log file open, 07/29/18 23:12:02
LogWindows: Failed to load 'aqProf.dll' (GetLastError=126)
LogWindows: File 'aqProf.dll' does not exist
LogWindows: Failed to load 'VtuneApi.dll' (GetLastError=126)
LogWindows: File 'VtuneApi.dll' does not exist
LogWindows: Failed to load 'VtuneApi32e.dll' (GetLastError=126)
LogWindows: File 'VtuneApi32e.dll' does not exist
LogInit: Display: Running engine for game: BeyondHuman
LogPlatformFile: Not using cached read wrapper
LogTaskGraph: Started task graph with 5 named threads and 23 total threads with 3 sets of task threads.
LogStats: Stats thread started at 0.297839
LogD3D11RHI: Loaded GFSDK_Aftermath_Lib.x64.dll
LogICUInternationalization: Display: ICU TimeZone Detection - Raw Offset: +0:00, Platform Override: ''
LogPluginManager: Mounting plugin Paper2D
LogPluginManager: Mounting plugin AISupport
LogPluginManager: Mounting plugin LightPropagationVolume
LogPluginManager: Mounting plugin CLionSourceCodeAccess
LogPluginManager: Mounting plugin CodeLiteSourceCodeAccess
LogPluginManager: Mounting plugin GitSourceControl
LogPluginManager: Mounting plugin KDevelopSourceCodeAccess
LogPluginManager: Mounting plugin NullSourceCodeAccess
LogPluginManager: Mounting plugin PerforceSourceControl
LogPluginManager: Mounting plugin SubversionSourceControl
LogPluginManager: Mounting plugin UObjectPlugin
LogPluginManager: Mounting plugin VisualStudioCodeSourceCodeAccess
LogPluginManager: Mounting plugin VisualStudioSourceCodeAccess
LogPluginManager: Mounting plugin XCodeSourceCodeAccess
LogPluginManager: Mounting plugin AssetManagerEditor
LogPluginManager: Mounting plugin CryptoKeys
LogPluginManager: Mounting plugin DataValidation
LogPluginManager: Mounting plugin FacialAnimation
LogPluginManager: Mounting plugin GameplayTagsEditor
LogPluginManager: Mounting plugin MacGraphicsSwitching
LogPluginManager: Mounting plugin MeshEditor
LogPluginManager: Mounting plugin MobileLauncherProfileWizard
LogPluginManager: Mounting plugin PluginBrowser
LogPluginManager: Mounting plugin SpeedTreeImporter
LogPluginManager: Mounting plugin DatasmithContent
LogPluginManager: Mounting plugin AlembicImporter
LogPluginManager: Mounting plugin AppleImageUtils
LogPluginManager: Mounting plugin AppleVision
LogPluginManager: Mounting plugin BackChannel
LogPluginManager: Mounting plugin CharacterAI
LogPluginManager: Mounting plugin GeometryCache
LogPluginManager: Mounting plugin HTML5Networking
LogPluginManager: Mounting plugin ProxyLODPlugin
LogPluginManager: Mounting plugin MagicLeap
LogPluginManager: Mounting plugin MagicLeapEmulator
LogPluginManager: Mounting plugin MagicLeapMedia
LogPluginManager: Mounting plugin Substance
LogPluginManager: Mounting plugin AndroidMedia
LogPluginManager: Mounting plugin AvfMedia
LogPluginManager: Mounting plugin ImgMedia
LogPluginManager: Mounting plugin LinearTimecode
LogPluginManager: Mounting plugin MediaCompositing
LogPluginManager: Mounting plugin MediaPlayerEditor
LogPluginManager: Mounting plugin WmfMedia
LogPluginManager: Mounting plugin TcpMessaging
LogPluginManager: Mounting plugin UdpMessaging
LogPluginManager: Mounting plugin ActorSequence
LogPluginManager: Mounting plugin LevelSequenceEditor
LogPluginManager: Mounting plugin MatineeToLevelSequence
LogPluginManager: Mounting plugin NetcodeUnitTest
LogPluginManager: Mounting plugin NUTUnrealEngine4
LogPluginManager: Mounting plugin OnlineSubsystemGooglePlay
LogPluginManager: Mounting plugin OnlineSubsystemIOS
LogPluginManager: Mounting plugin OnlineSubsystem
LogPluginManager: Mounting plugin OnlineSubsystemNull
LogPluginManager: Mounting plugin OnlineSubsystemUtils
LogPluginManager: Mounting plugin LauncherChunkInstaller
LogPluginManager: Mounting plugin AndroidDeviceProfileSelector
LogPluginManager: Mounting plugin AndroidMoviePlayer
LogPluginManager: Mounting plugin AndroidPermission
LogPluginManager: Mounting plugin AppleMoviePlayer
LogPluginManager: Mounting plugin ArchVisCharacter
LogPluginManager: Mounting plugin AudioCapture
LogPluginManager: Mounting plugin CableComponent
LogPluginManager: Mounting plugin CustomMeshComponent
LogPluginManager: Mounting plugin EditableMesh
LogPluginManager: Mounting plugin ExampleDeviceProfileSelector
LogPluginManager: Mounting plugin GoogleCloudMessaging
LogPluginManager: Mounting plugin ImmediatePhysics
LogPluginManager: Mounting plugin IOSDeviceProfileSelector
LogPluginManager: Mounting plugin LinuxDeviceProfileSelector
LogPluginManager: Mounting plugin LocationServicesBPLibrary
LogPluginManager: Mounting plugin MobilePatchingUtils
LogPluginManager: Mounting plugin OculusVR
LogPluginManager: Plugin shader directory ../../../Engine/Plugins/Runtime/Oculus/OculusVR/Shaders found
LogPluginManager: Mapping shader source directory ../../../Engine/Plugins/Runtime/Oculus/OculusVR/Shaders to virtual directory /Plugin/OculusVR
LogPluginManager: Mounting plugin PhysXVehicles
LogPluginManager: Mounting plugin ProceduralMeshComponent
LogPluginManager: Mounting plugin RuntimePhysXCooking
LogPluginManager: Mounting plugin SteamVR
LogPluginManager: Mounting plugin WindowsMoviePlayer
LogStreaming: Display: Took  0.327s to configure plugins.
LogInit: Using libcurl 7.55.1-DEV
LogInit:  - built for x86_64-pc-win32
LogInit:  - supports SSL with OpenSSL/1.0.2h
LogInit:  - supports HTTP deflate (compression) using libz 1.2.8
LogInit:  - other features:
LogInit:      CURL_VERSION_SSL
LogInit:      CURL_VERSION_LIBZ
LogInit:      CURL_VERSION_IPV6
LogInit:      CURL_VERSION_ASYNCHDNS
LogInit:      CURL_VERSION_LARGEFILE
LogInit:      CURL_VERSION_IDN
LogInit:  CurlRequestOptions (configurable via config and command line):
LogInit:  - bVerifyPeer = false  - Libcurl will NOT verify peer certificate
LogInit:  - bUseHttpProxy = false  - Libcurl will NOT use HTTP proxy
LogInit:  - bDontReuseConnections = false  - Libcurl will reuse connections
LogInit:  - CertBundlePath = nullptr  - Libcurl will use whatever was configured at build time.
LogInit:  - MaxHostConnections = 16  - Libcurl will limit the number of connections to a host
LogInit:  - LocalHostAddr = Default
LogInit:  - BufferSize = 65536
LogInit: WinSock: version 1.1 (2.2), MaxSocks=32767, MaxUdp=65467
LogInit: Build: ++UE4+Release-4.20-CL-4212847
LogInit: Engine Version: 4.20.0-4212847+++UE4+Release-4.20
LogInit: Compatible Engine Version: 4.20.0-4212847+++UE4+Release-4.20
LogInit: Net CL: 4212847
LogInit: OS: Windows 10 (), CPU:        Intel(R) Core(TM) i7-2600K CPU @ 3.40GHz, GPU: NVIDIA GeForce GTX 970
LogInit: Compiled (64-bit): Jul 14 2018 09:51:14
LogInit: Compiled with Visual C++: 19.13.26129.00
LogInit: Build Configuration: Development
LogInit: Branch Name: ++UE4+Release-4.20
LogInit: Command Line: 
LogInit: Base Directory: C:/Program Files/Epic Games/UE_4.20/Engine/Binaries/Win64/
LogInit: Installed Engine Build: 1
LogDevObjectVersion: Number of dev versions registered: 20
LogDevObjectVersion:   Dev-Blueprints (B0D832E4-1F89-4F0D-ACCF-7EB736FD4AA2): 10
LogDevObjectVersion:   Dev-Build (E1C64328-A22C-4D53-A36C-8E866417BD8C): 0
LogDevObjectVersion:   Dev-Core (375EC13C-06E4-48FB-B500-84F0262A717E): 2
LogDevObjectVersion:   Dev-Editor (E4B068ED-F494-42E9-A231-DA0B2E46BB41): 24
LogDevObjectVersion:   Dev-Framework (CFFC743F-43B0-4480-9391-14DF171D2073): 34
LogDevObjectVersion:   Dev-Mobile (B02B49B5-BB20-44E9-A304-32B752E40360): 2
LogDevObjectVersion:   Dev-Networking (A4E4105C-59A1-49B5-A7C5-40C4547EDFEE): 0
LogDevObjectVersion:   Dev-Online (39C831C9-5AE6-47DC-9A44-9C173E1C8E7C): 0
LogDevObjectVersion:   Dev-Physics (78F01B33-EBEA-4F98-B9B4-84EACCB95AA2): 0
LogDevObjectVersion:   Dev-Platform (6631380F-2D4D-43E0-8009-CF276956A95A): 0
LogDevObjectVersion:   Dev-Rendering (12F88B9F-8875-4AFC-A67C-D90C383ABD29): 26
LogDevObjectVersion:   Dev-Sequencer (7B5AE74C-D270-4C10-A958-57980B212A5A): 9
LogDevObjectVersion:   Dev-VR (D7296918-1DD6-4BDD-9DE2-64A83CC13884): 2
LogDevObjectVersion:   Dev-LoadTimes (C2A15278-BFE7-4AFE-6C17-90FF531DF755): 1
LogDevObjectVersion:   Private-Geometry (6EACA3D4-40EC-4CC1-B786-8BED09428FC5): 3
LogDevObjectVersion:   Dev-AnimPhys (29E575DD-E0A3-4627-9D10-D276232CDCEA): 17
LogDevObjectVersion:   Dev-ReflectionCapture (6B266CEC-1EC7-4B8F-A30B-E4D90942FC07): 1
LogDevObjectVersion:   Dev-Automation (0DF73D61-A23F-47EA-B727-89E90C41499A): 1
LogDevObjectVersion:   FortniteMain (601D1886-AC64-4F84-AA16-D3DE0DEAC7D6): 12
LogDevObjectVersion:   Dev-Enterprise (9DFFBCD6-494F-0158-E221-12823C92A888): 1
LogStreaming: Display: Took  0.028s to delete old logs.
LogInit: Presizing for max 8388607 objects, including 0 objects not considered by GC, pre-allocating 0 bytes for permanent pool.
LogInit: Object subsystem initialized
[2018.07.29-22.12.03:210][  0]LogInit: Selected Device Profile: [Windows]
[2018.07.29-22.12.03:210][  0]LogInit: Applying CVar settings loaded from the selected device profile: [Windows]
[2018.07.29-22.12.03:237][  0]LogHAL: Display: Platform has ~ 16 GB [17160146944 / 17179869184 / 16], which maps to Larger [LargestMinGB=32, LargerMinGB=12, DefaultMinGB=8, SmallerMinGB=6, SmallestMinGB=0)
[2018.07.29-22.12.03:237][  0]LogInit: Setting Device Profile CVar: [[r.Vulkan.UseRealUBs:1]]
[2018.07.29-22.12.03:237][  0]LogInit: Going up to parent DeviceProfile []
[2018.07.29-22.12.03:237][  0]LogInit: Computer: DESKTOP-45O6R3R
[2018.07.29-22.12.03:237][  0]LogInit: User: mikey
[2018.07.29-22.12.03:237][  0]LogInit: CPU Page size=4096, Cores=4
[2018.07.29-22.12.03:237][  0]LogInit: High frequency timer resolution =3.331197 MHz
[2018.07.29-22.12.03:238][  0]LogMemory: Memory total: Physical=16.0GB (16GB approx)
[2018.07.29-22.12.03:238][  0]LogMemory: Platform Memory Stats for Windows
[2018.07.29-22.12.03:238][  0]LogMemory: Process Physical Memory: 99.54 MB used, 99.54 MB peak
[2018.07.29-22.12.03:238][  0]LogMemory: Process Virtual Memory: 91.01 MB used, 91.01 MB peak
[2018.07.29-22.12.03:238][  0]LogMemory: Physical Memory: 7724.40 MB used,  8640.79 MB free, 16365.19 MB total
[2018.07.29-22.12.03:238][  0]LogMemory: Virtual Memory: 4639.31 MB used,  8640.79 MB free, 134217728.00 MB total
[2018.07.29-22.12.03:262][  0]LogInit: Using OS detected language (en-US).
[2018.07.29-22.12.03:262][  0]LogInit: Using OS detected locale (en-GB).
[2018.07.29-22.12.03:263][  0]LogTextLocalizationManager: No specific localization for 'en-US' exists, so the 'en' localization will be used.
[2018.07.29-22.12.03:709][  0]LogStreaming: Display: Took  0.448s to InitEngineTextLocalization.
[2018.07.29-22.12.03:709][  0]LogInit: Setting process to per monitor DPI aware
[2018.07.29-22.12.03:771][  0]LogSlate: New Slate User Created.  User Index 0, Is Virtual User: 0
[2018.07.29-22.12.03:772][  0]LogSlate: Slate User Registered.  User Index 0, Is Virtual User: 0
[2018.07.29-22.12.04:062][  0]LogHMD: Failed to initialize OpenVR with code 126
[2018.07.29-22.12.04:062][  0]LogD3D11RHI: D3D11 adapters:
[2018.07.29-22.12.04:122][  0]LogD3D11RHI:    0. 'NVIDIA GeForce GTX 970' (Feature Level 11_0)
[2018.07.29-22.12.04:122][  0]LogD3D11RHI:       4058/0/8182 MB DedicatedVideo/DedicatedSystem/SharedSystem, Outputs:3, VendorId:0x10de
[2018.07.29-22.12.04:124][  0]LogD3D11RHI:    1. 'Microsoft Basic Render Driver' (Feature Level 11_0)
[2018.07.29-22.12.04:124][  0]LogD3D11RHI:       0/0/8182 MB DedicatedVideo/DedicatedSystem/SharedSystem, Outputs:0, VendorId:0x1414
[2018.07.29-22.12.04:124][  0]LogD3D11RHI: Chosen D3D11 Adapter: 0
[2018.07.29-22.12.04:135][  0]LogD3D11RHI: Creating new Direct3DDevice
[2018.07.29-22.12.04:135][  0]LogD3D11RHI:     GPU DeviceId: 0x13c2 (for the marketing name, search the web for "GPU Device Id")
[2018.07.29-22.12.04:135][  0]LogWindows: EnumDisplayDevices:
[2018.07.29-22.12.04:135][  0]LogWindows:    0. 'NVIDIA GeForce GTX 970' (P:1 D:1)
[2018.07.29-22.12.04:136][  0]LogWindows:    1. 'NVIDIA GeForce GTX 970' (P:0 D:1)
[2018.07.29-22.12.04:136][  0]LogWindows:    2. 'NVIDIA GeForce GTX 970' (P:0 D:1)
[2018.07.29-22.12.04:137][  0]LogWindows:    3. 'NVIDIA GeForce GTX 970' (P:0 D:0)
[2018.07.29-22.12.04:137][  0]LogWindows: DebugString: FoundDriverCount:4 
[2018.07.29-22.12.04:137][  0]LogD3D11RHI:     Adapter Name: NVIDIA GeForce GTX 970
[2018.07.29-22.12.04:137][  0]LogD3D11RHI:   Driver Version: 388.13 (internal:23.21.13.8813, unified:388.13)
[2018.07.29-22.12.04:137][  0]LogD3D11RHI:      Driver Date: 10-27-2017
[2018.07.29-22.12.04:137][  0]LogRHI: Texture pool is 2840 MB (70% of 4058 MB)
[2018.07.29-22.12.04:178][  0]LogD3D11RHI: Async texture creation enabled
[2018.07.29-22.12.04:190][  0]LogD3D11RHI: GPU Timing Frequency: 1000.000000 (Debug: 2 1)
[2018.07.29-22.12.04:336][  0]LogShaderCompilers: Guid format shader working directory is 16 characters bigger than the processId version (E:/Unreal Projects/BeyondHuman/Intermediate/Shaders/WorkingDirectory/4800/).
[2018.07.29-22.12.04:336][  0]LogShaderCompilers: Cleaned the shader compiler working directory 'C:/Users/mikey/AppData/Local/Temp/UnrealShaderWorkingDir/FE18570C40609A6F3FBF198D3E728C5A/'.
[2018.07.29-22.12.04:775][  0]LogTemp: Display: Loaded TP AllDesktopTargetPlatform
[2018.07.29-22.12.04:791][  0]LogTemp: Display: Loaded TP MacClientTargetPlatform
[2018.07.29-22.12.04:806][  0]LogTemp: Display: Loaded TP MacNoEditorTargetPlatform
[2018.07.29-22.12.04:822][  0]LogTemp: Display: Loaded TP MacServerTargetPlatform
[2018.07.29-22.12.04:839][  0]LogTemp: Display: Loaded TP MacTargetPlatform
[2018.07.29-22.12.04:855][  0]LogTemp: Display: Loaded TP WindowsClientTargetPlatform
[2018.07.29-22.12.04:870][  0]LogTemp: Display: Loaded TP WindowsNoEditorTargetPlatform
[2018.07.29-22.12.04:886][  0]LogTemp: Display: Loaded TP WindowsServerTargetPlatform
[2018.07.29-22.12.04:893][  0]LogTemp: Display: Loaded TP WindowsTargetPlatform
[2018.07.29-22.12.04:998][  0]LogTemp: Display: Loaded TP AndroidTargetPlatform
[2018.07.29-22.12.04:998][  0]LogTemp: Display: Loaded TP AndroidTargetPlatform
[2018.07.29-22.12.04:998][  0]LogTemp: Display: Loaded TP AndroidTargetPlatform
[2018.07.29-22.12.04:998][  0]LogTemp: Display: Loaded TP AndroidTargetPlatform
[2018.07.29-22.12.04:998][  0]LogTemp: Display: Loaded TP AndroidTargetPlatform
[2018.07.29-22.12.04:998][  0]LogTemp: Display: Loaded TP AndroidTargetPlatform
[2018.07.29-22.12.04:998][  0]LogTemp: Display: Loaded TP AndroidTargetPlatform
[2018.07.29-22.12.04:998][  0]LogTemp: Display: Loaded TP AndroidTargetPlatform
[2018.07.29-22.12.04:998][  0]LogTemp: Display: Loaded TP AndroidTargetPlatform
[2018.07.29-22.12.04:998][  0]LogTemp: Display: Loaded TP AndroidTargetPlatform
[2018.07.29-22.12.04:998][  0]LogTemp: Display: Loaded TP AndroidTargetPlatform
[2018.07.29-22.12.04:998][  0]LogTemp: Display: Loaded TP AndroidTargetPlatform
[2018.07.29-22.12.04:998][  0]LogTemp: Display: Loaded TP AndroidTargetPlatform
[2018.07.29-22.12.04:998][  0]LogTemp: Display: Loaded TP AndroidTargetPlatform
[2018.07.29-22.12.04:998][  0]LogTemp: Display: Loaded TP AndroidTargetPlatform
[2018.07.29-22.12.04:998][  0]LogTemp: Display: Loaded TP AndroidTargetPlatform
[2018.07.29-22.12.04:998][  0]LogTemp: Display: Loaded TP AndroidTargetPlatform
[2018.07.29-22.12.04:998][  0]LogTemp: Display: Loaded TP AndroidTargetPlatform
[2018.07.29-22.12.05:000][  0]LogTemp: Display: Loaded TP HTML5TargetPlatform
[2018.07.29-22.12.05:071][  0]LogTemp: Display: Loaded TP IOSTargetPlatform
[2018.07.29-22.12.05:071][  0]LogTemp: Display: Loaded TP IOSTargetPlatform
[2018.07.29-22.12.05:100][  0]LogTemp: Display: Loaded TP TVOSTargetPlatform
[2018.07.29-22.12.05:100][  0]LogTemp: Display: Loaded TP TVOSTargetPlatform
[2018.07.29-22.12.05:116][  0]LogTemp: Display: Loaded TP LinuxClientTargetPlatform
[2018.07.29-22.12.05:132][  0]LogTemp: Display: Loaded TP LinuxNoEditorTargetPlatform
[2018.07.29-22.12.05:147][  0]LogTemp: Display: Loaded TP LinuxServerTargetPlatform
[2018.07.29-22.12.05:165][  0]LogTemp: Display: Loaded TP LinuxTargetPlatform
[2018.07.29-22.12.05:176][  0]LogTemp: Display: Loaded TP LuminTargetPlatform
[2018.07.29-22.12.05:177][  0]LogTargetPlatformManager: Display: Building Assets For Windows
[2018.07.29-22.12.05:248][  0]LogXGEController: Cannot use XGE Controller as Incredibuild is not installed on this machine.
[2018.07.29-22.12.05:249][  0]LogShaderCompilers: Cannot use XGE Shader Compiler as Incredibuild is not installed on this machine.
[2018.07.29-22.12.05:249][  0]LogShaderCompilers: Display: Using Local Shader Compiler.
[2018.07.29-22.12.06:193][  0]LogDerivedDataCache: Display: Max Cache Size: 512 MB
[2018.07.29-22.12.06:261][  0]LogDerivedDataCache: Loaded boot cache 0.07s 71MB C:/Users/mikey/AppData/Local/UnrealEngine/4.20/DerivedDataCache/Boot.ddc.
[2018.07.29-22.12.06:262][  0]LogDerivedDataCache: Display: Loaded Boot cache: C:/Users/mikey/AppData/Local/UnrealEngine/4.20/DerivedDataCache/Boot.ddc
[2018.07.29-22.12.06:262][  0]LogDerivedDataCache: FDerivedDataBackendGraph:  Pak pak cache file E:/Unreal Projects/BeyondHuman/DerivedDataCache/DDC.ddp not found, will not use a pak cache.
[2018.07.29-22.12.06:262][  0]LogDerivedDataCache: Unable to find inner node Pak for hierarchical cache Hierarchy.
[2018.07.29-22.12.06:262][  0]LogDerivedDataCache: FDerivedDataBackendGraph:  CompressedPak pak cache file E:/Unreal Projects/BeyondHuman/DerivedDataCache/Compressed.ddp not found, will not use a pak cache.
[2018.07.29-22.12.06:262][  0]LogDerivedDataCache: Unable to find inner node CompressedPak for hierarchical cache Hierarchy.
[2018.07.29-22.12.06:277][  0]LogDerivedDataCache: Display: Pak cache opened for reading ../../../Engine/DerivedDataCache/Compressed.ddp.
[2018.07.29-22.12.06:289][  0]LogDerivedDataCache: Using Local data cache path C:/Users/mikey/AppData/Local/UnrealEngine/Common/DerivedDataCache: Writable
[2018.07.29-22.12.06:289][  0]LogDerivedDataCache: Shared data cache path not found in *engine.ini, will not use an Shared cache.
[2018.07.29-22.12.06:289][  0]LogDerivedDataCache: Unable to find inner node Shared for hierarchical cache Hierarchy.
[2018.07.29-22.12.06:317][  0]LogMaterial: Verifying Global Shaders for PCD3D_SM5
[2018.07.29-22.12.06:319][  0]LogSlate: Using FreeType 2.6.0
[2018.07.29-22.12.06:320][  0]LogSlate: SlateFontServices - WITH_FREETYPE: 1, WITH_HARFBUZZ: 1
[2018.07.29-22.12.06:416][  0]LogAssetRegistry: FAssetRegistry took 0.0276 seconds to start up
[2018.07.29-22.12.06:839][  0]LogInit: Selected Device Profile: [Windows]
[2018.07.29-22.12.07:013][  0]LogSimplygon: Simplygon DLL not present - disabling.
[2018.07.29-22.12.07:018][  0]LogMeshReduction: Using SimplygonSwarm for distributed automatic mesh merging
[2018.07.29-22.12.07:018][  0]LogMeshReduction: Using ProxyLODMeshReduction for automatic mesh merging
[2018.07.29-22.12.07:018][  0]LogMeshReduction: Using QuadricMeshReduction for automatic static mesh reduction
[2018.07.29-22.12.07:018][  0]LogMeshReduction: No automatic skeletal mesh reduction module available
[2018.07.29-22.12.07:050][  0]LogNetVersion: BeyondHuman 1.0.0, NetCL: 4212847, EngineNetVer: 5, GameNetVer: 0 (Checksum: 671501493)
[2018.07.29-22.12.07:706][  0]LogPackageLocalizationCache: Processed 11 localized package path(s) for 2 prioritized culture(s) in 0.110345 seconds
[2018.07.29-22.12.07:716][  0]LogUObjectArray: 38425 objects as part of root set at end of initial load.
[2018.07.29-22.12.07:716][  0]LogUObjectAllocator: 6690864 out of 0 bytes used by permanent object pool.
[2018.07.29-22.12.07:716][  0]LogUObjectArray: CloseDisregardForGC: 0/0 objects in disregard for GC pool
[2018.07.29-22.12.08:772][  0]LogSubstanceCoreModule: Substance [CPU] Engine Loaded, Max Texture Size = 2048
[2018.07.29-22.12.08:786][  0]LogTcpMessaging: Initializing TcpMessaging bridge
[2018.07.29-22.12.08:800][  0]LogUdpMessaging: Initializing bridge on interface 0.0.0.0:0 to multicast group 230.0.0.1:6666.
[2018.07.29-22.12.08:979][  0]SourceControl: Source control is disabled
[2018.07.29-22.12.08:979][  0]SourceControl: Source control is disabled
[2018.07.29-22.12.08:981][  0]SourceControl: Source control is disabled
[2018.07.29-22.12.08:982][  0]SourceControl: Source control is disabled
[2018.07.29-22.12.09:165][  0]LogAndroidPermission: UAndroidPermissionCallbackProxy::GetInstance
[2018.07.29-22.12.09:355][  0]LogOcInput: OculusInput pre-init called
[2018.07.29-22.12.09:599][  0]LogEngine: Initializing Engine...
[2018.07.29-22.12.09:626][  0]LogHMD: Failed to initialize OpenVR with code 126
[2018.07.29-22.12.09:627][  0]LogStats: UGameplayTagsManager::ConstructGameplayTagTree: ImportINI prefixes -  0.000 s
[2018.07.29-22.12.09:627][  0]LogStats: UGameplayTagsManager::ConstructGameplayTagTree: Construct from data asset -  0.000 s
[2018.07.29-22.12.09:628][  0]LogStats: UGameplayTagsManager::ConstructGameplayTagTree: ImportINI -  0.000 s
[2018.07.29-22.12.09:628][  0]LogStats: UGameplayTagsManager::ConstructGameplayTagTree: GameplayTagTreeChangedEvent.Broadcast -  0.000 s
[2018.07.29-22.12.09:881][  0]LogInit: Initializing FReadOnlyCVARCache
[2018.07.29-22.12.09:897][  0]LogAIModule: Creating AISystem for world Untitled
[2018.07.29-22.12.09:949][  0]LogInit: XAudio2 using 'Speakers (High Definition Audio Device)' : 2 channels at 44.1 kHz using 16 bits per sample (channel mask 0x3)
[2018.07.29-22.12.09:972][  0]LogInit: FAudioDevice initialized.
[2018.07.29-22.12.09:972][  0]LogNetVersion: Set ProjectVersion to 1.0.0.0. Version Checksum will be recalculated on next use.
[2018.07.29-22.12.10:057][  0]LogDerivedDataCache: Saved boot cache 0.08s 71MB C:/Users/mikey/AppData/Local/UnrealEngine/4.20/DerivedDataCache/Boot.ddc.
[2018.07.29-22.12.10:067][  0]LogInit: Texture streaming: Enabled
[2018.07.29-22.12.10:089][  0]LogEngineSessionManager: EngineSessionManager initialized
[2018.07.29-22.12.10:102][  0]LogInit: Transaction tracking system initialized
[2018.07.29-22.12.10:130][  0]BlueprintLog: New page: Editor Load
[2018.07.29-22.12.10:212][  0]LocalizationService: Localization service is disabled
[2018.07.29-22.12.10:515][  0]LogCook: Display: Max memory allowance for cook 16384mb min free memory 0mb
[2018.07.29-22.12.10:515][  0]LogCook: Display: Mobile HDR setting 1
[2018.07.29-22.12.10:515][  0]LogGameplayTags: Display: UGameplayTagsManager::DoneAddingNativeTags. DelegateIsBound: 0
[2018.07.29-22.12.10:516][  0]LogStats: UGameplayTagsManager::ConstructGameplayTagTree: ImportINI prefixes -  0.000 s
[2018.07.29-22.12.10:516][  0]LogStats: UGameplayTagsManager::ConstructGameplayTagTree: Construct from data asset -  0.000 s
[2018.07.29-22.12.10:516][  0]LogStats: UGameplayTagsManager::ConstructGameplayTagTree: ImportINI -  0.000 s
[2018.07.29-22.12.10:516][  0]LogStats: UGameplayTagsManager::ConstructGameplayTagTree: GameplayTagTreeChangedEvent.Broadcast -  0.000 s
[2018.07.29-22.12.10:523][  0]LogFileCache: Scanning file cache for directory 'E:/Unreal Projects/BeyondHuman/Content/' took 0.01s
[2018.07.29-22.12.10:654][  0]SourceControl: Source control is disabled
[2018.07.29-22.12.10:654][  0]Cmd: MAP LOAD FILE="E:/Unreal Projects/BeyondHuman/Content/Maps/Meshing.umap" TEMPLATE=0 SHOWPROGRESS=1 FEATURELEVEL=3
[2018.07.29-22.12.10:721][  0]LightingResults: New page: Lighting Build
[2018.07.29-22.12.10:725][  0]MapCheck: New page: Map Check
[2018.07.29-22.12.10:725][  0]LightingResults: New page: Lighting Build
[2018.07.29-22.12.23:334][  0]LogAIModule: Creating AISystem for world Meshing
[2018.07.29-22.12.23:415][  0]LogEditorServer: Finished looking for orphan Actors (0.000 secs)
[2018.07.29-22.12.23:445][  0]Cmd: MAP CHECKDEP NOCLEARLOG
[2018.07.29-22.12.23:606][  0]MapCheck: Map check complete: 0 Error(s), 0 Warning(s), took 160.921ms to complete.
[2018.07.29-22.12.23:606][  0]LogFileHelpers: Loading map 'Meshing' took 12.952
[2018.07.29-22.12.23:784][  0]LogSlate: Updating window title bar state: overlay mode, drag disabled, window buttons hidden, title bar hidden
[2018.07.29-22.12.23:794][  0]LogSlate: Updating window title bar state: overlay mode, drag disabled, window buttons hidden, title bar hidden
[2018.07.29-22.12.23:803][  0]LogSlate: Updating window title bar state: overlay mode, drag disabled, window buttons hidden, title bar hidden
[2018.07.29-22.12.23:811][  0]LogSlate: Updating window title bar state: overlay mode, drag disabled, window buttons hidden, title bar hidden
[2018.07.29-22.12.23:824][  0]LogCollectionManager: Loaded 0 collections in 0.001581 seconds
[2018.07.29-22.12.23:894][  0]LogFileCache: Scanning file cache for directory 'E:/Unreal Projects/BeyondHuman/Saved/Collections/' took 0.01s
[2018.07.29-22.12.23:894][  0]LogFileCache: Scanning file cache for directory 'E:/Unreal Projects/BeyondHuman/Content/Developers/mikey/Collections/' took 0.01s
[2018.07.29-22.12.23:894][  0]LogFileCache: Scanning file cache for directory 'E:/Unreal Projects/BeyondHuman/Content/Collections/' took 0.01s
[2018.07.29-22.12.23:894][  0]LogCollectionManager: Rebuilt the GUID cache for 0 collections in 0.000000 seconds
[2018.07.29-22.12.23:908][  0]LogContentBrowser: Native class hierarchy populated in 0.0123 seconds. Added 2586 classes and 609 folders.
[2018.07.29-22.12.23:921][  0]LogContentBrowser: Native class hierarchy updated for 'WidgetCarousel' in 0.0003 seconds. Added 0 classes and 0 folders.
[2018.07.29-22.12.24:096][  0]LogContentBrowser: Native class hierarchy updated for 'AddContentDialog' in 0.0003 seconds. Added 0 classes and 0 folders.
[2018.07.29-22.12.24:112][  0]LogContentBrowser: Native class hierarchy updated for 'SceneOutliner' in 0.0003 seconds. Added 1 classes and 2 folders.
[2018.07.29-22.12.24:194][  0]LogSlate: Took 0.000213 seconds to synchronously load lazily loaded font '../../../Engine/Content/Slate/Fonts/Roboto-Regular.ttf' (155K)
[2018.07.29-22.12.24:200][  0]LogSlate: Took 0.004062 seconds to synchronously load lazily loaded font '../../../Engine/Content/Slate/Fonts/Roboto-Bold.ttf' (160K)
[2018.07.29-22.12.24:215][  0]LogSlate: Took 0.005723 seconds to synchronously load lazily loaded font '../../../Engine/Content/Editor/Slate/Fonts/FontAwesome.ttf' (139K)
[2018.07.29-22.12.24:337][  0]LogRenderer: Reallocating scene render targets to support 1236x496 Format 9 NumSamples 1 (Frame:1).
[2018.07.29-22.12.24:553][  0]LogContentBrowser: Native class hierarchy updated for 'HierarchicalLODOutliner' in 0.0003 seconds. Added 0 classes and 0 folders.
[2018.07.29-22.12.24:553][  0]LogLoad: (Engine Initialization) Total time: 24.00 seconds
[2018.07.29-22.12.24:553][  0]LogLoad: (Engine Initialization) Total Blueprint compile time: 0.00 seconds
[2018.07.29-22.12.24:592][  0]LogContentStreaming: Texture pool size now 3000 MB
[2018.07.29-22.12.24:669][  0]LogRenderer: Reallocating scene render targets to support 1236x516 Format 9 NumSamples 1 (Frame:2).
[2018.07.29-22.12.24:670][  0]LogSlate: Took 0.001571 seconds to synchronously load lazily loaded font '../../../Engine/Content/Slate/Fonts/Roboto-Light.ttf' (167K)
[2018.07.29-22.12.24:733][  1]LogSubstanceLiveLink: Warning: Unable to send data along socket, closing connection
[2018.07.29-22.12.24:800][  2]LogAssetRegistry: Asset discovery search completed in 18.4058 seconds
[2018.07.29-22.12.24:803][  2]LogCollectionManager: Rebuilt the object cache for 0 collections in 0.000001 seconds (found 0 objects)
[2018.07.29-22.12.24:803][  2]LogCollectionManager: Fixed up redirectors for 0 collections in 0.000096 seconds (updated 0 objects)
[2018.07.29-22.12.57:819][331]LogEditorViewport: Clicking on Actor (LMB): StaticMeshActor (BuildingTall)
[2018.07.29-22.12.58:346][353]LogEditorViewport: Clicking on Actor (context menu): StaticMeshActor (BuildingTall)
[2018.07.29-22.12.58:412][353]LogSlate: FSceneViewport::OnFocusLost() reason 2
[2018.07.29-22.12.59:240][429]LogSlate: FSceneViewport::OnFocusLost() reason 2
[2018.07.29-22.13.01:432][564]LogEditorFactories: Performing atomic reimport of [E:/Dropbox (Personal)/Docs/Projects/Beyond Human/Exports/Buildings/BuildingTall.fbx]
[2018.07.29-22.13.01:551][564]LogSlate: Took 0.003971 seconds to synchronously load lazily loaded font '../../../Engine/Content/Slate/Fonts/Roboto-Light.ttf' (167K)
[2018.07.29-22.13.01:596][564]LogFbx: Loading FBX Scene from E:/Dropbox (Personal)/Docs/Projects/Beyond Human/Exports/Buildings/BuildingTall.fbx
[2018.07.29-22.13.01:636][564]LogFbx: FBX Scene Loaded Succesfully
[2018.07.29-22.13.02:452][564]LogStaticMesh: Building static mesh BuildingTall...
[2018.07.29-22.13.03:686][564]LogStaticMesh: Built static mesh [1.23s] /Game/Meshes/BuildingTall.BuildingTall
[2018.07.29-22.13.03:821][564]LogStaticMesh: Warning: BuildingTall has degenerate tangent bases which will result in incorrect shading.  MikkTSpace relies on tangent bases and may result in mesh corruption, consider disabling this option.
[2018.07.29-22.13.03:822][564]LogStaticMesh: Warning: BuildingTall has some nearly zero bi-normals which can create some issues. (Tolerance of 1E-4)
[2018.07.29-22.13.10:773][564]LogSlate: Window 'Reimport Material Conflicts Resolution' being destroyed
[2018.07.29-22.13.10:790][564]LogEditorFactories: -- imported successfully
[2018.07.29-22.13.10:816][564]FBXImport: Warning: BuildingTall has degenerate tangent bases which will result in incorrect shading.  MikkTSpace relies on tangent bases and may result in mesh corruption, consider disabling this option. 
[2018.07.29-22.13.10:816][564]FBXImport: Warning: BuildingTall has some nearly zero bi-normals which can create some issues. (Tolerance of 1E-4) 
[2018.07.29-22.13.20:485][ 84]LogSlate: FSceneViewport::OnFocusLost() reason 0
[2018.07.29-22.13.50:391][669]LogEditorFactories: Performing atomic reimport of [E:/Dropbox (Personal)/Docs/Projects/Beyond Human/Exports/Buildings/BuildingTall.fbx]
[2018.07.29-22.13.50:460][669]LogFbx: Loading FBX Scene from E:/Dropbox (Personal)/Docs/Projects/Beyond Human/Exports/Buildings/BuildingTall.fbx
[2018.07.29-22.13.50:465][669]LogFbx: FBX Scene Loaded Succesfully
[2018.07.29-22.13.50:503][669]LogEditorFactories: Warning: -- import failed
[2018.07.29-22.13.50:505][669]FBXImport: Error: No FBX mesh found when reimport Unreal mesh 'BuildingTall'. The FBX file is crashed. 
[2018.07.29-22.13.54:564][901]LogSlate: Window 'Message Log' being destroyed
[2018.07.29-22.13.54:573][901]LogSlate: Window 'Message Log' being destroyed
[2018.07.29-22.13.58:388][110]Cmd: TRANSACTION UNDO
[2018.07.29-22.13.58:388][110]LogEditorTransaction: Undo Replace component used material
[2018.07.29-22.14.07:532][616]LogEditorFactories: Performing atomic reimport of [E:/Dropbox (Personal)/Docs/Projects/Beyond Human/Exports/Buildings/BuildingTall.fbx]
[2018.07.29-22.14.07:595][616]LogFbx: Loading FBX Scene from E:/Dropbox (Personal)/Docs/Projects/Beyond Human/Exports/Buildings/BuildingTall.fbx
[2018.07.29-22.14.07:600][616]LogFbx: FBX Scene Loaded Succesfully
[2018.07.29-22.14.07:636][616]LogEditorFactories: Warning: -- import failed
[2018.07.29-22.14.07:638][616]FBXImport: Error: No FBX mesh found when reimport Unreal mesh 'BuildingTall'. The FBX file is crashed. 
[2018.07.29-22.14.13:003][947]LogSlate: Window 'Message Log' being destroyed
[2018.07.29-22.14.13:012][947]LogSlate: Window 'Message Log' being destroyed
[2018.07.29-22.14.35:742][276]LogEditorFactories: Performing atomic reimport of [E:/Dropbox (Personal)/Docs/Projects/Beyond Human/Exports/Buildings/BuildingTall.fbx]
[2018.07.29-22.14.35:813][276]LogFbx: Loading FBX Scene from E:/Dropbox (Personal)/Docs/Projects/Beyond Human/Exports/Buildings/BuildingTall.fbx
[2018.07.29-22.14.35:847][276]LogFbx: FBX Scene Loaded Succesfully
[2018.07.29-22.14.36:557][276]LogStaticMesh: Building static mesh BuildingTall...
[2018.07.29-22.14.37:848][276]LogStaticMesh: Built static mesh [1.29s] /Game/Meshes/BuildingTall.BuildingTall
[2018.07.29-22.14.37:980][276]LogStaticMesh: Warning: BuildingTall has degenerate tangent bases which will result in incorrect shading.  MikkTSpace relies on tangent bases and may result in mesh corruption, consider disabling this option.
[2018.07.29-22.14.37:980][276]LogStaticMesh: Warning: BuildingTall has some nearly zero bi-normals which can create some issues. (Tolerance of 1E-4)
[2018.07.29-22.14.38:128][276]LogEditorFactories: -- imported successfully
[2018.07.29-22.14.38:151][276]FBXImport: Warning: BuildingTall has degenerate tangent bases which will result in incorrect shading.  MikkTSpace relies on tangent bases and may result in mesh corruption, consider disabling this option. 
[2018.07.29-22.14.38:151][276]FBXImport: Warning: BuildingTall has some nearly zero bi-normals which can create some issues. (Tolerance of 1E-4) 
[2018.07.29-22.14.47:922][811]LogEditorViewport: Clicking on Actor (LMB): StaticMeshActor (Ground)
[2018.07.29-22.14.47:967][811]LogEditorViewport: Clicking on Component (LMB): StaticMeshComponent (StaticMeshComponent0)
[2018.07.29-22.14.53:105][152]LogEditorViewport: Clicking on Actor (LMB): StaticMeshActor (BuildingAngled)
[2018.07.29-22.15.11:402][340]LogSlate: FSceneViewport::OnFocusLost() reason 0
[2018.07.29-22.15.17:340][671]LogRenderer: Reallocating scene render targets to support 1236x520 Format 9 NumSamples 1 (Frame:4784).
[2018.07.29-22.15.17:424][672]LogRenderer: Reallocating scene render targets to support 1236x528 Format 9 NumSamples 1 (Frame:4786).
[2018.07.29-22.15.17:510][673]LogRenderer: Reallocating scene render targets to support 1236x556 Format 9 NumSamples 1 (Frame:4788).
[2018.07.29-22.15.17:594][674]LogRenderer: Reallocating scene render targets to support 1236x580 Format 9 NumSamples 1 (Frame:4790).
[2018.07.29-22.15.17:677][675]LogRenderer: Reallocating scene render targets to support 1236x600 Format 9 NumSamples 1 (Frame:4792).
[2018.07.29-22.15.17:757][676]LogRenderer: Reallocating scene render targets to support 1236x632 Format 9 NumSamples 1 (Frame:4794).
[2018.07.29-22.15.17:831][677]LogRenderer: Reallocating scene render targets to support 1236x684 Format 9 NumSamples 1 (Frame:4796).
[2018.07.29-22.15.17:908][678]LogRenderer: Reallocating scene render targets to support 1236x712 Format 9 NumSamples 1 (Frame:4798).
[2018.07.29-22.15.17:981][679]LogRenderer: Reallocating scene render targets to support 1236x728 Format 9 NumSamples 1 (Frame:4800).
[2018.07.29-22.15.18:066][680]LogRenderer: Reallocating scene render targets to support 1236x740 Format 9 NumSamples 1 (Frame:4802).
[2018.07.29-22.15.18:144][681]LogRenderer: Reallocating scene render targets to support 1236x744 Format 9 NumSamples 1 (Frame:4804).
[2018.07.29-22.15.31:284][485]LogEditorViewport: Clicking on Actor (LMB): StaticMeshActor (WallBack)
[2018.07.29-22.15.31:331][485]LogEditorViewport: Clicking on Component (LMB): StaticMeshComponent (StaticMeshComponent0)
[2018.07.29-22.15.42:432][202]LogEditorViewport: Clicking on Actor (LMB): StaticMeshActor (Ground)
[2018.07.29-22.15.49:398][622]LogEditorViewport: Clicking on Actor (context menu): StaticMeshActor (BuildingAngled)
[2018.07.29-22.15.49:513][622]LogSlate: FSceneViewport::OnFocusLost() reason 2
[2018.07.29-22.15.49:525][622]LogEditorViewport: Clicking on Actor (context menu): StaticMeshActor (BuildingAngled)
[2018.07.29-22.15.49:599][622]LogSlate: FSceneViewport::OnFocusLost() reason 2
[2018.07.29-22.15.50:189][649]LogEditorViewport: Clicking on Actor (context menu): StaticMeshActor (BuildingAngled)
[2018.07.29-22.15.50:251][649]LogSlate: FSceneViewport::OnFocusLost() reason 2
[2018.07.29-22.15.58:594][184]LogEditorViewport: Clicking on Actor (LMB): StaticMeshActor (Scaffold)
[2018.07.29-22.16.00:368][285]LogSlate: FSceneViewport::OnFocusLost() reason 0
[2018.07.29-22.16.04:968][600]LogEditorViewport: Clicking on Actor (LMB): StaticMeshActor (GirderSQ (5)11)
[2018.07.29-22.16.53:286][568]LogEditorViewport: Clicking on Actor (LMB): StaticMeshActor (Ladder2)
[2018.07.29-22.16.53:331][568]LogEditorViewport: Clicking on Component (LMB): StaticMeshComponent (StaticMeshComponent0)
[2018.07.29-22.17.26:652][556]LogSlate: FSceneViewport::OnFocusLost() reason 0
[2018.07.29-22.17.45:551][699]LogSlate: FSceneViewport::OnFocusLost() reason 2
[2018.07.29-22.17.45:890][735]LogSlate: FSceneViewport::OnFocusLost() reason 2
[2018.07.29-22.17.46:398][773]LogSlate: FSceneViewport::OnFocusLost() reason 2
[2018.07.29-22.18.10:321][ 19]LogSlate: FSceneViewport::OnFocusLost() reason 0
[2018.07.29-22.18.13:718][228]LogEditorViewport: Clicking on Actor (context menu): StaticMeshActor (HandrailX4 (7))
[2018.07.29-22.18.13:824][228]LogSlate: FSceneViewport::OnFocusLost() reason 2
[2018.07.29-22.18.13:893][229]LogEditorViewport: Clicking on Actor (context menu): StaticMeshActor (HandrailX4 (7))
[2018.07.29-22.18.13:956][229]LogSlate: FSceneViewport::OnFocusLost() reason 2
[2018.07.29-22.18.25:748][  3]LogEditorViewport: Clicking on Actor (context menu): StaticMeshActor (BuildingEntrance)
[2018.07.29-22.18.25:853][  3]LogSlate: FSceneViewport::OnFocusLost() reason 2
[2018.07.29-22.18.26:698][ 88]LogEditorViewport: Clicking on Actor (LMB): StaticMeshActor (BuildingEntrance)
[2018.07.29-22.18.29:762][286]LogEditorViewport: Clicking on Actor (LMB): StaticMeshActor (WallFront)
[2018.07.29-22.18.51:654][677]LogEditorViewport: Clicking on Actor (LMB): StaticMeshActor (GirderTRI (3))
[2018.07.29-22.18.56:956][ 24]LogSlate: FSceneViewport::OnFocusLost() reason 0
[2018.07.29-22.19.23:899][822]LogEditorViewport: Clicking on Actor (LMB): StaticMeshActor (BuildingTall)
[2018.07.29-22.19.23:946][822]LogEditorViewport: Clicking on Component (LMB): StaticMeshComponent (StaticMeshComponent0)
[2018.07.29-22.19.26:136][961]LogSlate: FSceneViewport::OnFocusLost() reason 0
[2018.07.29-22.19.45:409][210]LogSlate: FSceneViewport::OnFocusLost() reason 0
[2018.07.29-22.19.58:235][ 67]LogSlate: FSceneViewport::OnFocusLost() reason 0
[2018.07.29-22.20.02:602][349]LogEditorViewport: Clicking on Component (context menu): StaticMeshComponent (StaticMeshComponent0)
[2018.07.29-22.20.02:660][349]LogSlate: FSceneViewport::OnFocusLost() reason 2
[2018.07.29-22.20.14:516][170]LogSlate: FSceneViewport::OnFocusLost() reason 0
[2018.07.29-22.21.00:747][675]LogEditorViewport: Clicking on Actor (context menu): StaticMeshActor (WallFront)
[2018.07.29-22.21.00:843][675]LogSlate: FSceneViewport::OnFocusLost() reason 2
[2018.07.29-22.21.19:647][898]LogSlate: FSceneViewport::OnFocusLost() reason 2
[2018.07.29-22.21.37:559][225]LogSlate: FSceneViewport::OnFocusLost() reason 0
[2018.07.29-22.21.39:387][348]LogEditorViewport: Clicking on Actor (context menu): StaticMeshActor (CeilingPillar)
[2018.07.29-22.21.39:494][348]LogSlate: FSceneViewport::OnFocusLost() reason 2
[2018.07.29-22.21.41:375][503]LogEditorViewport: Clicking on Actor (LMB): StaticMeshActor (GirderSQ (5)10)
[2018.07.29-22.21.41:426][503]LogEditorViewport: Clicking on Component (LMB): StaticMeshComponent (StaticMeshComponent0)
[2018.07.29-22.22.21:589][989]LogSlate: FSceneViewport::OnFocusLost() reason 0
[2018.07.29-22.22.24:884][ 52]LogSlate: Window 'Save Content' being destroyed
[2018.07.29-22.22.24:922][ 52]LogSlate: FSceneViewport::OnFocusLost() reason 2
[2018.07.29-22.22.25:094][ 52]Cmd: OBJ SAVEPACKAGE PACKAGE="/Game/Maps/Meshing" FILE="E:/Unreal Projects/BeyondHuman/Content/Maps/Meshing.umap" SILENT=true AUTOSAVING=false KEEPDIRTY=false
[2018.07.29-22.22.25:511][ 52]LogSavePackage: Moving 'E:/Unreal Projects/BeyondHuman/Saved/Meshing98A304484132005713B0579DC5C77DCE.tmp' to 'E:/Unreal Projects/BeyondHuman/Content/Maps/Meshing.umap'
[2018.07.29-22.22.25:548][ 52]LogFileHelpers: Saving map 'Meshing' took 0.616
[2018.07.29-22.22.25:567][ 52]Cmd: OBJ SAVEPACKAGE PACKAGE="/Game/Meshes/BuildingTall" FILE="E:/Unreal Projects/BeyondHuman/Content/Meshes/BuildingTall.uasset" SILENT=true
[2018.07.29-22.22.25:618][ 52]LogSavePackage: Moving 'E:/Unreal Projects/BeyondHuman/Saved/BuildingTall192649994982A202EF52AA9BBE627B45.tmp' to 'E:/Unreal Projects/BeyondHuman/Content/Meshes/BuildingTall.uasset'
[2018.07.29-22.22.29:614][289]LogSlate: FSceneViewport::OnFocusLost() reason 0
[2018.07.29-22.22.30:003][328]LogSlate: Window 'BeyondHuman - Unreal Editor' being destroyed
[2018.07.29-22.22.30:185][329]Cmd: QUIT_EDITOR
[2018.07.29-22.22.30:205][329]LogWindowsTextInputMethodSystem: Display: IME system now deactivated.
[2018.07.29-22.22.30:215][329]LogExit: Preparing to exit.
[2018.07.29-22.22.31:110][329]LogExit: Editor shut down
[2018.07.29-22.22.31:111][329]LogExit: Transaction tracking system shut down
[2018.07.29-22.22.31:764][329]LogExit: Object subsystem successfully closed.
[2018.07.29-22.22.31:785][329]LogShaderCompilers: Display: Shaders left to compile 0
[2018.07.29-22.22.31:789][329]LogD3D11RHI: Shutdown
[2018.07.29-22.22.31:789][329]LogD3D11RHI: CleanupD3DDevice
[2018.07.29-22.22.31:792][329]LogD3D11RHI: ~FD3D11DynamicRHI
[2018.07.29-22.22.31:821][329]LogModuleManager: Shutting down and abandoning module HierarchicalLODUtilities (622)
[2018.07.29-22.22.31:821][329]LogModuleManager: Shutting down and abandoning module MeshBuilder (620)
[2018.07.29-22.22.31:821][329]LogModuleManager: Shutting down and abandoning module HierarchicalLODOutliner (618)
[2018.07.29-22.22.31:821][329]LogModuleManager: Shutting down and abandoning module SceneOutliner (616)
[2018.07.29-22.22.31:821][329]LogModuleManager: Shutting down and abandoning module AddContentDialog (614)
[2018.07.29-22.22.31:821][329]LogModuleManager: Shutting down and abandoning module WidgetCarousel (613)
[2018.07.29-22.22.31:821][329]LogModuleManager: Shutting down and abandoning module EditorWidgets (610)
[2018.07.29-22.22.31:822][329]LogModuleManager: Shutting down and abandoning module CollectionManager (608)
[2018.07.29-22.22.31:822][329]LogModuleManager: Shutting down and abandoning module StatsViewer (606)
[2018.07.29-22.22.31:822][329]LogModuleManager: Shutting down and abandoning module FoliageEdit (604)
[2018.07.29-22.22.31:822][329]LogModuleManager: Shutting down and abandoning module LandscapeEditor (602)
[2018.07.29-22.22.31:822][329]LogModuleManager: Shutting down and abandoning module MeshPaintMode (600)
[2018.07.29-22.22.31:822][329]LogModuleManager: Shutting down and abandoning module SceneDepthPickerMode (598)
[2018.07.29-22.22.31:822][329]LogModuleManager: Shutting down and abandoning module ActorPickerMode (596)
[2018.07.29-22.22.31:822][329]LogModuleManager: Shutting down and abandoning module GeometryMode (594)
[2018.07.29-22.22.31:822][329]LogModuleManager: Shutting down and abandoning module TextureAlignMode (592)
[2018.07.29-22.22.31:822][329]LogModuleManager: Shutting down and abandoning module BspMode (590)
[2018.07.29-22.22.31:822][329]LogModuleManager: Shutting down and abandoning module PIEPreviewDeviceProfileSelector (588)
[2018.07.29-22.22.31:822][329]LogModuleManager: Shutting down and abandoning module SequenceRecorderSections (586)
[2018.07.29-22.22.31:822][329]LogModuleManager: Shutting down and abandoning module AutomationWorker (584)
[2018.07.29-22.22.31:822][329]LogModuleManager: Shutting down and abandoning module AudioCaptureEditor (582)
[2018.07.29-22.22.31:822][329]LogModuleManager: Shutting down and abandoning module SequenceRecorder (581)
[2018.07.29-22.22.31:822][329]LogModuleManager: Shutting down and abandoning module MatineeToLevelSequence (578)
[2018.07.29-22.22.31:822][329]LogModuleManager: Shutting down and abandoning module LevelSequenceEditor (576)
[2018.07.29-22.22.31:822][329]LogModuleManager: Shutting down and abandoning module PlacementMode (575)
[2018.07.29-22.22.31:822][329]LogModuleManager: Shutting down and abandoning module MaterialEditor (574)
[2018.07.29-22.22.31:822][329]LogModuleManager: Shutting down and abandoning module WmfMediaFactory (570)
[2018.07.29-22.22.31:822][329]LogModuleManager: Shutting down and abandoning module WmfMediaEditor (568)
[2018.07.29-22.22.31:822][329]LogModuleManager: Shutting down and abandoning module MediaPlayerEditor (566)
[2018.07.29-22.22.31:822][329]LogModuleManager: Shutting down and abandoning module OpenExrWrapper (564)
[2018.07.29-22.22.31:822][329]LogModuleManager: Shutting down and abandoning module ImgMediaFactory (562)
[2018.07.29-22.22.31:822][329]LogModuleManager: Shutting down and abandoning module ImgMediaEditor (560)
[2018.07.29-22.22.31:822][329]LogModuleManager: Shutting down and abandoning module AvfMediaFactory (558)
[2018.07.29-22.22.31:822][329]LogModuleManager: Shutting down and abandoning module AvfMediaEditor (556)
[2018.07.29-22.22.31:822][329]LogModuleManager: Shutting down and abandoning module AndroidMediaFactory (554)
[2018.07.29-22.22.31:823][329]LogModuleManager: Shutting down and abandoning module AndroidMediaEditor (552)
[2018.07.29-22.22.31:823][329]LogModuleManager: Shutting down and abandoning module MagicLeapCameraPreviewFactory (550)
[2018.07.29-22.22.31:823][329]LogModuleManager: Shutting down and abandoning module MagicLeapMediaFactory (548)
[2018.07.29-22.22.31:823][329]LogModuleManager: Shutting down and abandoning module MagicLeapMediaEditor (546)
[2018.07.29-22.22.31:823][329]LogModuleManager: Shutting down and abandoning module CharacterAI (544)
[2018.07.29-22.22.31:823][329]LogModuleManager: Shutting down and abandoning module SmartSnapping (542)
[2018.07.29-22.22.31:823][329]LogModuleManager: Shutting down and abandoning module SessionServices (540)
[2018.07.29-22.22.31:823][329]LogModuleManager: Shutting down and abandoning module ViewportSnapping (538)
[2018.07.29-22.22.31:823][329]LogModuleManager: Shutting down and abandoning module ViewportInteraction (536)
[2018.07.29-22.22.31:823][329]LogModuleManager: Shutting down and abandoning module ClothPainter (534)
[2018.07.29-22.22.31:823][329]LogModuleManager: Shutting down and abandoning module SkeletalMeshEditor (533)
[2018.07.29-22.22.31:823][329]LogModuleManager: Shutting down and abandoning module LogVisualizer (530)
[2018.07.29-22.22.31:823][329]LogModuleManager: Shutting down and abandoning module IntroTutorials (528)
[2018.07.29-22.22.31:823][329]LogModuleManager: Shutting down and abandoning module GameProjectGeneration (527)
[2018.07.29-22.22.31:823][329]LogModuleManager: Shutting down and abandoning module LuminPlatformEditor (524)
[2018.07.29-22.22.31:823][329]LogModuleManager: Shutting down and abandoning module IOSPlatformEditor (522)
[2018.07.29-22.22.31:823][329]LogModuleManager: Shutting down and abandoning module HTML5PlatformEditor (520)
[2018.07.29-22.22.31:823][329]LogModuleManager: Shutting down and abandoning module AndroidPlatformEditor (518)
[2018.07.29-22.22.31:823][329]LogModuleManager: Shutting down and abandoning module AndroidDeviceDetection (517)
[2018.07.29-22.22.32:514][329]LogModuleManager: Shutting down and abandoning module WindowsPlatformEditor (514)
[2018.07.29-22.22.32:514][329]LogModuleManager: Shutting down and abandoning module LuminRuntimeSettings (512)
[2018.07.29-22.22.32:514][329]LogModuleManager: Shutting down and abandoning module IOSRuntimeSettings (510)
[2018.07.29-22.22.32:514][329]LogModuleManager: Shutting down and abandoning module AndroidRuntimeSettings (508)
[2018.07.29-22.22.32:514][329]LogModuleManager: Shutting down and abandoning module InputBindingEditor (506)
[2018.07.29-22.22.32:514][329]LogModuleManager: Shutting down and abandoning module MergeActors (504)
[2018.07.29-22.22.32:514][329]LogModuleManager: Shutting down and abandoning module LocalizationDashboard (502)
[2018.07.29-22.22.32:514][329]LogModuleManager: Shutting down and abandoning module LocalizationService (501)
[2018.07.29-22.22.32:515][329]LogModuleManager: Shutting down and abandoning module HardwareTargeting (498)
[2018.07.29-22.22.32:515][329]LogModuleManager: Shutting down and abandoning module DeviceProfileEditor (496)
[2018.07.29-22.22.32:515][329]LogModuleManager: Shutting down and abandoning module UndoHistory (494)
[2018.07.29-22.22.32:515][329]LogModuleManager: Shutting down and abandoning module XmlParser (492)
[2018.07.29-22.22.32:515][329]LogModuleManager: Shutting down and abandoning module Blutility (490)
[2018.07.29-22.22.32:515][329]LogModuleManager: Shutting down and abandoning module ProjectSettingsViewer (488)
[2018.07.29-22.22.32:515][329]LogModuleManager: Shutting down and abandoning module ProjectTargetPlatformEditor (487)
[2018.07.29-22.22.32:515][329]LogModuleManager: Shutting down and abandoning module EditorSettingsViewer (484)
[2018.07.29-22.22.32:515][329]LogModuleManager: Shutting down and abandoning module SettingsEditor (482)
[2018.07.29-22.22.32:515][329]LogModuleManager: Shutting down and abandoning module ProjectLauncher (480)
[2018.07.29-22.22.32:515][329]LogModuleManager: Shutting down and abandoning module SessionFrontend (478)
[2018.07.29-22.22.32:515][329]LogModuleManager: Shutting down and abandoning module ProfilerClient (476)
[2018.07.29-22.22.32:515][329]LogModuleManager: Shutting down and abandoning module DeviceManager (474)
[2018.07.29-22.22.32:515][329]LogModuleManager: Shutting down and abandoning module TargetDeviceServices (473)
[2018.07.29-22.22.32:568][329]LogModuleManager: Shutting down and abandoning module AutomationController (470)
[2018.07.29-22.22.32:568][329]LogModuleManager: Shutting down and abandoning module AutomationWindow (468)
[2018.07.29-22.22.32:568][329]LogModuleManager: Shutting down and abandoning module Layers (466)
[2018.07.29-22.22.32:568][329]LogModuleManager: Shutting down and abandoning module ComponentVisualizers (464)
[2018.07.29-22.22.32:568][329]LogModuleManager: Shutting down and abandoning module DetailCustomizations (462)
[2018.07.29-22.22.32:568][329]LogModuleManager: Shutting down and abandoning module PackagesDialog (460)
[2018.07.29-22.22.32:568][329]LogModuleManager: Shutting down and abandoning module Persona (458)
[2018.07.29-22.22.32:569][329]LogModuleManager: Shutting down and abandoning module AdvancedPreviewScene (457)
[2018.07.29-22.22.32:569][329]LogModuleManager: Shutting down and abandoning module AnimGraph (455)
[2018.07.29-22.22.32:569][329]LogModuleManager: Shutting down and abandoning module Kismet (452)
[2018.07.29-22.22.32:569][329]LogModuleManager: Shutting down and abandoning module GraphEditor (450)
[2018.07.29-22.22.32:569][329]LogModuleManager: Shutting down and abandoning module ClassViewer (448)
[2018.07.29-22.22.32:569][329]LogModuleManager: Shutting down and abandoning module Toolbox (446)
[2018.07.29-22.22.32:569][329]LogModuleManager: Shutting down and abandoning module ModuleUI (444)
[2018.07.29-22.22.32:569][329]LogModuleManager: Shutting down and abandoning module MovieSceneTools (442)
[2018.07.29-22.22.32:569][329]LogModuleManager: Shutting down and abandoning module OutputLog (440)
[2018.07.29-22.22.32:569][329]LogModuleManager: Shutting down and abandoning module GammaUI (438)
[2018.07.29-22.22.32:569][329]LogModuleManager: Shutting down and abandoning module Documentation (436)
[2018.07.29-22.22.32:569][329]LogModuleManager: Shutting down and abandoning module MovieSceneTracks (434)
[2018.07.29-22.22.32:569][329]LogModuleManager: Shutting down and abandoning module MovieScene (432)
[2018.07.29-22.22.32:569][329]LogModuleManager: Shutting down and abandoning module StreamingPauseRendering (430)
[2018.07.29-22.22.32:569][329]LogModuleManager: Shutting down and abandoning module LauncherPlatform (428)
[2018.07.29-22.22.32:569][329]LogModuleManager: Shutting down and abandoning module AnalyticsET (426)
[2018.07.29-22.22.32:569][329]LogModuleManager: Shutting down and abandoning module PortalServices (424)
[2018.07.29-22.22.32:569][329]LogModuleManager: Shutting down and abandoning module PortalRpc (422)
[2018.07.29-22.22.32:569][329]LogModuleManager: Shutting down and abandoning module MessagingRpc (420)
[2018.07.29-22.22.32:569][329]LogModuleManager: Shutting down and abandoning module AIModule (418)
[2018.07.29-22.22.32:570][329]LogModuleManager: Shutting down and abandoning module GameplayDebugger (417)
[2018.07.29-22.22.32:570][329]LogModuleManager: Shutting down and abandoning module AITestSuite (415)
[2018.07.29-22.22.32:570][329]LogModuleManager: Shutting down and abandoning module NavigationSystem (413)
[2018.07.29-22.22.32:570][329]LogModuleManager: Shutting down and abandoning module DesktopPlatform (410)
[2018.07.29-22.22.32:570][329]LogModuleManager: Shutting down and abandoning module ProfilerService (408)
[2018.07.29-22.22.32:705][329]LogModuleManager: Shutting down and abandoning module TaskGraph (406)
[2018.07.29-22.22.32:705][329]LogModuleManager: Shutting down and abandoning module SubstanceLiveLink (404)
[2018.07.29-22.22.32:705][329]LogModuleManager: Shutting down and abandoning module SubstanceSource (402)
[2018.07.29-22.22.32:706][329]LogModuleManager: Shutting down and abandoning module SubstanceEditor (400)
[2018.07.29-22.22.32:706][329]LogModuleManager: Shutting down and abandoning module SteamVRController (398)
[2018.07.29-22.22.32:706][329]LogModuleManager: Shutting down and abandoning module ProceduralMeshComponentEditor (396)
[2018.07.29-22.22.32:706][329]LogModuleManager: Shutting down and abandoning module ProceduralMeshComponent (394)
[2018.07.29-22.22.32:706][329]LogModuleManager: Shutting down and abandoning module OculusInput (392)
[2018.07.29-22.22.32:706][329]LogModuleManager: Shutting down and abandoning module MobilePatchingUtils (390)
[2018.07.29-22.22.32:706][329]LogModuleManager: Shutting down and abandoning module EditableMesh (388)
[2018.07.29-22.22.32:706][329]LogModuleManager: Shutting down and abandoning module CustomMeshComponent (386)
[2018.07.29-22.22.32:706][329]LogModuleManager: Shutting down and abandoning module CableComponent (384)
[2018.07.29-22.22.32:706][329]LogModuleManager: Shutting down and abandoning module AudioCapture (382)
[2018.07.29-22.22.32:706][329]LogModuleManager: Shutting down and abandoning module ArchVisCharacter (380)
[2018.07.29-22.22.32:706][329]LogModuleManager: Shutting down and abandoning module AndroidPermission (378)
[2018.07.29-22.22.32:706][329]LogModuleManager: Shutting down and abandoning module NUTUnrealEngine4 (376)
[2018.07.29-22.22.32:706][329]LogModuleManager: Shutting down and abandoning module NetcodeUnitTest (374)
[2018.07.29-22.22.32:706][329]LogModuleManager: Shutting down and abandoning module MediaCompositingEditor (372)
[2018.07.29-22.22.32:706][329]LogModuleManager: Shutting down and abandoning module MediaCompositing (370)
[2018.07.29-22.22.32:706][329]LogModuleManager: Shutting down and abandoning module LinearTimecode (368)
[2018.07.29-22.22.32:706][329]LogModuleManager: Shutting down and abandoning module ImgMedia (366)
[2018.07.29-22.22.32:709][329]LogModuleManager: Shutting down and abandoning module HTML5Networking (364)
[2018.07.29-22.22.32:709][329]LogModuleManager: Shutting down and abandoning module GeometryCacheTracks (362)
[2018.07.29-22.22.32:709][329]LogModuleManager: Shutting down and abandoning module GeometryCacheSequencer (360)
[2018.07.29-22.22.32:709][329]LogModuleManager: Shutting down and abandoning module BackChannel (358)
[2018.07.29-22.22.32:709][329]LogModuleManager: Shutting down and abandoning module AppleVision (356)
[2018.07.29-22.22.32:709][329]LogModuleManager: Shutting down and abandoning module AppleImageUtils (354)
[2018.07.29-22.22.32:709][329]LogModuleManager: Shutting down and abandoning module AlembicImporter (352)
[2018.07.29-22.22.32:709][329]LogModuleManager: Shutting down and abandoning module AlembicLibrary (351)
[2018.07.29-22.22.32:710][329]LogModuleManager: Shutting down and abandoning module GeometryCache (350)
[2018.07.29-22.22.32:710][329]LogModuleManager: Shutting down and abandoning module GeometryCacheEd (349)
[2018.07.29-22.22.32:710][329]LogModuleManager: Shutting down and abandoning module DatasmithContentEditor (344)
[2018.07.29-22.22.32:710][329]LogModuleManager: Shutting down and abandoning module DatasmithContent (342)
[2018.07.29-22.22.32:710][329]LogModuleManager: Shutting down and abandoning module SpeedTreeImporter (340)
[2018.07.29-22.22.32:710][329]LogModuleManager: Shutting down and abandoning module PluginBrowser (338)
[2018.07.29-22.22.32:710][329]LogModuleManager: Shutting down and abandoning module MobileLauncherProfileWizard (336)
[2018.07.29-22.22.32:710][329]LogModuleManager: Shutting down and abandoning module PolygonModeling (334)
[2018.07.29-22.22.32:710][329]LogModuleManager: Shutting down and abandoning module MeshEditor (332)
[2018.07.29-22.22.32:710][329]LogModuleManager: Shutting down and abandoning module CryptoKeysOpenSSL (330)
[2018.07.29-22.22.32:710][329]LogModuleManager: Shutting down and abandoning module CryptoKeys (328)
[2018.07.29-22.22.32:710][329]LogModuleManager: Shutting down and abandoning module VisualStudioSourceCodeAccess (326)
[2018.07.29-22.22.32:710][329]LogModuleManager: Shutting down and abandoning module VisualStudioCodeSourceCodeAccess (324)
[2018.07.29-22.22.32:710][329]LogModuleManager: Shutting down and abandoning module UObjectPlugin (322)
[2018.07.29-22.22.32:710][329]LogModuleManager: Shutting down and abandoning module SubversionSourceControl (320)
[2018.07.29-22.22.32:710][329]LogModuleManager: Shutting down and abandoning module PerforceSourceControl (318)
[2018.07.29-22.22.32:710][329]LogModuleManager: Shutting down and abandoning module GitSourceControl (316)
[2018.07.29-22.22.32:710][329]LogModuleManager: Shutting down and abandoning module SourceControl (315)
[2018.07.29-22.22.32:711][329]LogModuleManager: Shutting down and abandoning module CLionSourceCodeAccess (312)
[2018.07.29-22.22.32:711][329]LogModuleManager: Shutting down and abandoning module LightPropagationVolumeEditor (310)
[2018.07.29-22.22.32:711][329]LogModuleManager: Shutting down and abandoning module PaperTiledImporter (308)
[2018.07.29-22.22.32:711][329]LogModuleManager: Shutting down and abandoning module PaperSpriteSheetImporter (306)
[2018.07.29-22.22.32:711][329]LogModuleManager: Shutting down and abandoning module Paper2DEditor (304)
[2018.07.29-22.22.32:711][329]LogModuleManager: Shutting down and abandoning module MeshPaint (303)
[2018.07.29-22.22.32:711][329]LogModuleManager: Shutting down and abandoning module RuntimePhysXCooking (300)
[2018.07.29-22.22.32:711][329]LogModuleManager: Shutting down and abandoning module PhysXVehiclesEditor (298)
[2018.07.29-22.22.32:711][329]LogModuleManager: Shutting down and abandoning module PhysXVehicles (296)
[2018.07.29-22.22.32:711][329]LogModuleManager: Shutting down and abandoning module OculusEditor (294)
[2018.07.29-22.22.32:711][329]LogModuleManager: Shutting down and abandoning module LocationServicesBPLibrary (292)
[2018.07.29-22.22.32:711][329]LogModuleManager: Shutting down and abandoning module ImmediatePhysicsEditor (290)
[2018.07.29-22.22.32:711][329]LogModuleManager: Shutting down and abandoning module ImmediatePhysics (288)
[2018.07.29-22.22.32:711][329]LogModuleManager: Shutting down and abandoning module ActorSequence (286)
[2018.07.29-22.22.32:711][329]LogModuleManager: Shutting down and abandoning module UdpMessaging (284)
[2018.07.29-22.22.32:811][329]LogModuleManager: Shutting down and abandoning module TcpMessaging (282)
[2018.07.29-22.22.32:912][329]LogModuleManager: Shutting down and abandoning module SubstanceCore (280)
[2018.07.29-22.22.32:912][329]LogModuleManager: Shutting down and abandoning module MagicLeapAudio (278)
[2018.07.29-22.22.32:912][329]LogModuleManager: Shutting down and abandoning module GameplayTagsEditor (276)
[2018.07.29-22.22.32:912][329]LogModuleManager: Shutting down and abandoning module FacialAnimationEditor (274)
[2018.07.29-22.22.32:912][329]LogModuleManager: Shutting down and abandoning module FacialAnimation (272)
[2018.07.29-22.22.32:912][329]LogModuleManager: Shutting down and abandoning module DataValidation (270)
[2018.07.29-22.22.32:912][329]LogModuleManager: Shutting down and abandoning module AssetManagerEditor (268)
[2018.07.29-22.22.32:912][329]LogModuleManager: Shutting down and abandoning module LevelEditor (267)
[2018.07.29-22.22.32:913][329]LogModuleManager: Shutting down and abandoning module PixelInspectorModule (266)
[2018.07.29-22.22.32:913][329]LogModuleManager: Shutting down and abandoning module CommonMenuExtensions (264)
[2018.07.29-22.22.32:913][329]LogModuleManager: Shutting down and abandoning module MainFrame (262)
[2018.07.29-22.22.32:913][329]LogModuleManager: Shutting down and abandoning module HotReload (261)
[2018.07.29-22.22.32:914][329]LogModuleManager: Shutting down and abandoning module ContentBrowser (257)
[2018.07.29-22.22.32:915][329]LogModuleManager: Shutting down and abandoning module TreeMap (255)
[2018.07.29-22.22.32:915][329]LogModuleManager: Shutting down and abandoning module LightPropagationVolumeRuntime (252)
[2018.07.29-22.22.32:915][329]LogModuleManager: Shutting down and abandoning module AISupportModule (250)
[2018.07.29-22.22.32:915][329]LogModuleManager: Shutting down and abandoning module Paper2D (248)
[2018.07.29-22.22.32:915][329]LogModuleManager: Shutting down and abandoning module WindowsMoviePlayer (246)
[2018.07.29-22.22.32:915][329]LogModuleManager: Shutting down and abandoning module WmfMedia (244)
[2018.07.29-22.22.32:916][329]LogModuleManager: Shutting down and abandoning module Media (243)
[2018.07.29-22.22.32:922][329]LogModuleManager: Shutting down and abandoning module PacketHandler (240)
[2018.07.29-22.22.32:922][329]LogModuleManager: Shutting down and abandoning module ClothingSystemEditor (238)
[2018.07.29-22.22.32:923][329]LogModuleManager: Shutting down and abandoning module ClothingSystemRuntime (236)
[2018.07.29-22.22.32:923][329]LogModuleManager: Shutting down and abandoning module MediaAssets (234)
[2018.07.29-22.22.32:923][329]LogModuleManager: Shutting down and abandoning module Overlay (232)
[2018.07.29-22.22.32:923][329]LogModuleManager: Shutting down and abandoning module OverlayEditor (231)
[2018.07.29-22.22.32:923][329]LogModuleManager: Shutting down and abandoning module VREditor (228)
[2018.07.29-22.22.32:923][329]LogModuleManager: Shutting down and abandoning module StringTableEditor (226)
[2018.07.29-22.22.32:923][329]LogModuleManager: Shutting down and abandoning module GameplayTasksEditor (224)
[2018.07.29-22.22.32:923][329]LogModuleManager: Shutting down and abandoning module BehaviorTreeEditor (222)
[2018.07.29-22.22.32:923][329]LogModuleManager: Shutting down and abandoning module FunctionalTesting (220)
[2018.07.29-22.22.32:923][329]LogModuleManager: Shutting down and abandoning module CollisionAnalyzer (218)
[2018.07.29-22.22.32:923][329]LogModuleManager: Shutting down and abandoning module WorkspaceMenuStructure (217)
[2018.07.29-22.22.32:923][329]LogModuleManager: Shutting down and abandoning module UMG (214)
[2018.07.29-22.22.32:923][329]LogModuleManager: Shutting down and abandoning module UMGEditor (213)
[2018.07.29-22.22.32:923][329]LogModuleManager: Shutting down and abandoning module Sequencer (212)
[2018.07.29-22.22.32:923][329]LogModuleManager: Shutting down and abandoning module MessageLog (209)
[2018.07.29-22.22.32:923][329]LogModuleManager: Shutting down and abandoning module SlateReflector (204)
[2018.07.29-22.22.32:923][329]LogModuleManager: Shutting down and abandoning module Slate (202)
[2018.07.29-22.22.32:923][329]LogModuleManager: Shutting down and abandoning module EditorStyle (200)
[2018.07.29-22.22.32:925][329]LogModuleManager: Shutting down and abandoning module MRMesh (198)
[2018.07.29-22.22.32:925][329]LogModuleManager: Shutting down and abandoning module SourceCodeAccess (196)
[2018.07.29-22.22.32:925][329]LogModuleManager: Shutting down and abandoning module HeadMountedDisplay (194)
[2018.07.29-22.22.32:925][329]LogModuleManager: Shutting down and abandoning module XAudio2 (192)
[2018.07.29-22.22.32:925][329]LogModuleManager: Shutting down and abandoning module Networking (190)
[2018.07.29-22.22.32:925][329]LogModuleManager: Shutting down and abandoning module Core (188)
[2018.07.29-22.22.32:925][329]LogModuleManager: Shutting down and abandoning module LevelSequence (186)
[2018.07.29-22.22.32:925][329]LogModuleManager: Shutting down and abandoning module KismetCompiler (184)
[2018.07.29-22.22.32:925][329]LogModuleManager: Shutting down and abandoning module MeshUtilities (182)
[2018.07.29-22.22.32:925][329]LogModuleManager: Shutting down and abandoning module MeshMergeUtilities (181)
[2018.07.29-22.22.32:925][329]LogModuleManager: Shutting down and abandoning module MeshReductionInterface (180)
[2018.07.29-22.22.32:925][329]LogModuleManager: Shutting down and abandoning module SimplygonSwarm (179)
[2018.07.29-22.22.32:925][329]LogModuleManager: Shutting down and abandoning module ProxyLODMeshReduction (177)
[2018.07.29-22.22.32:925][329]LogModuleManager: Shutting down and abandoning module SimplygonMeshReduction (175)
[2018.07.29-22.22.32:925][329]LogModuleManager: Shutting down and abandoning module QuadricMeshReduction (173)
[2018.07.29-22.22.32:925][329]LogModuleManager: Shutting down and abandoning module MaterialBaking (169)
[2018.07.29-22.22.32:925][329]LogModuleManager: Shutting down and abandoning module DirectoryWatcher (165)
[2018.07.29-22.22.32:925][329]LogModuleManager: Shutting down and abandoning module DerivedDataCache (162)
[2018.07.29-22.22.33:018][329]LogDerivedDataCache: Shutdown
[2018.07.29-22.22.33:018][329]LogModuleManager: Shutting down and abandoning module XGEController (160)
[2018.07.29-22.22.33:018][329]LogModuleManager: Shutting down and abandoning module TargetPlatform (158)
[2018.07.29-22.22.33:018][329]LogModuleManager: Shutting down and abandoning module VulkanShaderFormat (157)
[2018.07.29-22.22.33:018][329]LogModuleManager: Shutting down and abandoning module ShaderFormatVectorVM (155)
[2018.07.29-22.22.33:018][329]LogModuleManager: Shutting down and abandoning module ShaderFormatOpenGL (153)
[2018.07.29-22.22.33:018][329]LogModuleManager: Shutting down and abandoning module ShaderFormatD3D (151)
[2018.07.29-22.22.33:018][329]LogModuleManager: Shutting down and abandoning module MetalShaderFormat (149)
[2018.07.29-22.22.33:018][329]LogModuleManager: Shutting down and abandoning module TextureFormatUncompressed (147)
[2018.07.29-22.22.33:018][329]LogModuleManager: Shutting down and abandoning module TextureFormatPVR (145)
[2018.07.29-22.22.33:018][329]LogModuleManager: Shutting down and abandoning module TextureFormatDXT (143)
[2018.07.29-22.22.33:018][329]LogModuleManager: Shutting down and abandoning module TextureFormatIntelISPCTexComp (141)
[2018.07.29-22.22.33:018][329]LogModuleManager: Shutting down and abandoning module TextureFormatASTC (139)
[2018.07.29-22.22.33:018][329]LogModuleManager: Shutting down and abandoning module ImageWrapper (138)
[2018.07.29-22.22.33:018][329]LogModuleManager: Shutting down and abandoning module TextureFormatAndroid (135)
[2018.07.29-22.22.33:018][329]LogModuleManager: Shutting down and abandoning module AudioFormatOpus (133)
[2018.07.29-22.22.33:018][329]LogModuleManager: Shutting down and abandoning module AudioFormatOgg (131)
[2018.07.29-22.22.33:018][329]LogModuleManager: Shutting down and abandoning module AudioFormatADPCM (129)
[2018.07.29-22.22.33:018][329]LogModuleManager: Shutting down and abandoning module LuminTargetPlatform (127)
[2018.07.29-22.22.33:018][329]LogModuleManager: Shutting down and abandoning module LinuxTargetPlatform (125)
[2018.07.29-22.22.33:018][329]LogModuleManager: Shutting down and abandoning module LinuxServerTargetPlatform (123)
[2018.07.29-22.22.33:018][329]LogModuleManager: Shutting down and abandoning module LinuxNoEditorTargetPlatform (121)
[2018.07.29-22.22.33:018][329]LogModuleManager: Shutting down and abandoning module LinuxClientTargetPlatform (119)
[2018.07.29-22.22.33:018][329]LogModuleManager: Shutting down and abandoning module TVOSTargetPlatform (117)
[2018.07.29-22.22.33:019][329]LogModuleManager: Shutting down and abandoning module Messaging (115)
[2018.07.29-22.22.33:019][329]LogModuleManager: Shutting down and abandoning module IOSTargetPlatform (113)
[2018.07.29-22.22.33:020][329]LogModuleManager: Shutting down and abandoning module HTML5TargetPlatform (111)
[2018.07.29-22.22.33:020][329]LogModuleManager: Shutting down and abandoning module AndroidTargetPlatform (109)
[2018.07.29-22.22.33:027][329]LogModuleManager: Shutting down and abandoning module WindowsTargetPlatform (107)
[2018.07.29-22.22.33:027][329]LogModuleManager: Shutting down and abandoning module WindowsServerTargetPlatform (105)
[2018.07.29-22.22.33:027][329]LogModuleManager: Shutting down and abandoning module WindowsNoEditorTargetPlatform (103)
[2018.07.29-22.22.33:027][329]LogModuleManager: Shutting down and abandoning module WindowsClientTargetPlatform (101)
[2018.07.29-22.22.33:027][329]LogModuleManager: Shutting down and abandoning module MacTargetPlatform (99)
[2018.07.29-22.22.33:027][329]LogModuleManager: Shutting down and abandoning module MacServerTargetPlatform (97)
[2018.07.29-22.22.33:027][329]LogModuleManager: Shutting down and abandoning module MacNoEditorTargetPlatform (95)
[2018.07.29-22.22.33:027][329]LogModuleManager: Shutting down and abandoning module MacClientTargetPlatform (93)
[2018.07.29-22.22.33:027][329]LogModuleManager: Shutting down and abandoning module AllDesktopTargetPlatform (91)
[2018.07.29-22.22.33:027][329]LogModuleManager: Shutting down and abandoning module InputCore (88)
[2018.07.29-22.22.33:027][329]LogModuleManager: Shutting down and abandoning module Settings (86)
[2018.07.29-22.22.33:027][329]LogModuleManager: Shutting down and abandoning module PhysXCooking (84)
[2018.07.29-22.22.33:027][329]LogModuleManager: Shutting down and abandoning module SteamVR (82)
[2018.07.29-22.22.33:027][329]LogModuleManager: Shutting down and abandoning module OculusHMD (80)
[2018.07.29-22.22.33:027][329]LogModuleManager: Shutting down and abandoning module ExampleDeviceProfileSelector (78)
[2018.07.29-22.22.33:027][329]LogModuleManager: Shutting down and abandoning module LauncherChunkInstaller (76)
[2018.07.29-22.22.33:027][329]LogModuleManager: Shutting down and abandoning module OnlineBlueprintSupport (74)
[2018.07.29-22.22.33:027][329]LogModuleManager: Shutting down and abandoning module OnlineSubsystem (70)
[2018.07.29-22.22.33:028][329]LogModuleManager: Shutting down and abandoning module XMPP (65)
[2018.07.29-22.22.33:028][329]LogModuleManager: Shutting down and abandoning module WebSockets (64)
[2018.07.29-22.22.33:031][329]LogModuleManager: Shutting down and abandoning module HTTP (61)
[2018.07.29-22.22.33:031][329]LogHttp: Display: Http module shutting down, but needs to wait on 1 outstanding Http requests:
[2018.07.29-22.22.33:031][329]LogHttp: Display: 	verb=[POST] url=[https://datarouter.ol.epicgames.com/datarouter/api/v1/public/data?SessionID=%7BB64127A3-4FBB-58BD-9C5D-5DAC6E9E95DC%7D&AppID=UEEditor.Rocket.Release&AppVersion=4.20.0-4212847%2B%2B%2BUE4%2BRelease-4.20&UserID=ec07022c4af9fd51145d0db19289c0e8%7C9aea4035aae84fc6a50e2bbd0bcac9c5%7Ccbe8bf3f-5855-4af8-b073-42d59ac0a56b&AppEnvironment=datacollector-binary&UploadType=eteventstream] status=Processing
[2018.07.29-22.22.33:034][329]LogModuleManager: Shutting down and abandoning module SSL (60)
[2018.07.29-22.22.33:035][329]LogModuleManager: Shutting down and abandoning module MagicLeapEmulator (56)
[2018.07.29-22.22.33:035][329]LogModuleManager: Shutting down and abandoning module MagicLeapPrivileges (54)
[2018.07.29-22.22.33:035][329]LogModuleManager: Shutting down and abandoning module MagicLeapIdentity (52)
[2018.07.29-22.22.33:035][329]LogModuleManager: Shutting down and abandoning module MagicLeapHelperVulkan (50)
[2018.07.29-22.22.33:035][329]LogModuleManager: Shutting down and abandoning module MagicLeapHelperOpenGL (48)
[2018.07.29-22.22.33:035][329]LogModuleManager: Shutting down and abandoning module MagicLeapSecureStorage (46)
[2018.07.29-22.22.33:035][329]LogModuleManager: Shutting down and abandoning module MagicLeapGestures (44)
[2018.07.29-22.22.33:035][329]LogModuleManager: Shutting down and abandoning module MagicLeapEyeTracker (42)
[2018.07.29-22.22.33:035][329]LogModuleManager: Shutting down and abandoning module MagicLeapController (40)
[2018.07.29-22.22.33:036][329]LogSlate: Slate User Destroyed.  User Index 0, Is Virtual User: 0
[2018.07.29-22.22.33:036][329]LogModuleManager: Shutting down and abandoning module MagicLeap (38)
[2018.07.29-22.22.33:036][329]LogModuleManager: Shutting down and abandoning module AnimationModifiers (36)
[2018.07.29-22.22.33:036][329]LogModuleManager: Shutting down and abandoning module PropertyEditor (35)
[2018.07.29-22.22.33:036][329]LogModuleManager: Shutting down and abandoning module AudioEditor (32)
[2018.07.29-22.22.33:036][329]LogModuleManager: Shutting down and abandoning module TextureCompressor (30)
[2018.07.29-22.22.33:036][329]LogModuleManager: Shutting down and abandoning module ShaderCore (28)
[2018.07.29-22.22.33:036][329]LogModuleManager: Shutting down and abandoning module Landscape (26)
[2018.07.29-22.22.33:036][329]LogModuleManager: Shutting down and abandoning module SlateRHIRenderer (24)
[2018.07.29-22.22.33:036][329]LogModuleManager: Shutting down and abandoning module OpenGLDrv (22)
[2018.07.29-22.22.33:036][329]LogModuleManager: Shutting down and abandoning module D3D11RHI (20)
[2018.07.29-22.22.33:036][329]LogModuleManager: Shutting down and abandoning module AnimGraphRuntime (18)
[2018.07.29-22.22.33:036][329]LogModuleManager: Shutting down and abandoning module Renderer (16)
[2018.07.29-22.22.33:036][329]LogModuleManager: Shutting down and abandoning module Engine (14)
[2018.07.29-22.22.33:036][329]LogModuleManager: Shutting down and abandoning module CoreUObject (12)
[2018.07.29-22.22.33:036][329]LogModuleManager: Shutting down and abandoning module NetworkFile (10)
[2018.07.29-22.22.33:036][329]LogModuleManager: Shutting down and abandoning module CookedIterativeFile (8)
[2018.07.29-22.22.33:036][329]LogModuleManager: Shutting down and abandoning module StreamingFile (6)
[2018.07.29-22.22.33:036][329]LogModuleManager: Shutting down and abandoning module SandboxFile (4)
[2018.07.29-22.22.33:036][329]LogModuleManager: Shutting down and abandoning module PakFile (2)
[2018.07.29-22.22.33:042][329]LogExit: Exiting.
[2018.07.29-22.22.33:045][329]Log file closed, 07/29/18 23:22:33
