Log file open, 09/13/18 21:06:05
LogWindows: Failed to load 'aqProf.dll' (GetLastError=126)
LogWindows: File 'aqProf.dll' does not exist
LogWindows: Failed to load 'VtuneApi.dll' (GetLastError=126)
LogWindows: File 'VtuneApi.dll' does not exist
LogWindows: Failed to load 'VtuneApi32e.dll' (GetLastError=126)
LogWindows: File 'VtuneApi32e.dll' does not exist
LogInit: Display: Running engine for game: BeyondHuman
LogPlatformFile: Not using cached read wrapper
LogTaskGraph: Started task graph with 5 named threads and 23 total threads with 3 sets of task threads.
LogStats: Stats thread started at 0.299615
LogD3D11RHI: Loaded GFSDK_Aftermath_Lib.x64.dll
LogICUInternationalization: Display: ICU TimeZone Detection - Raw Offset: +0:00, Platform Override: ''
LogPluginManager: Mounting plugin Paper2D
LogPluginManager: Mounting plugin AISupport
LogPluginManager: Mounting plugin LightPropagationVolume
LogPluginManager: Mounting plugin CLionSourceCodeAccess
LogPluginManager: Mounting plugin CodeLiteSourceCodeAccess
LogPluginManager: Mounting plugin GitSourceControl
LogPluginManager: Mounting plugin KDevelopSourceCodeAccess
LogPluginManager: Mounting plugin NullSourceCodeAccess
LogPluginManager: Mounting plugin PerforceSourceControl
LogPluginManager: Mounting plugin SubversionSourceControl
LogPluginManager: Mounting plugin UObjectPlugin
LogPluginManager: Mounting plugin VisualStudioCodeSourceCodeAccess
LogPluginManager: Mounting plugin VisualStudioSourceCodeAccess
LogPluginManager: Mounting plugin XCodeSourceCodeAccess
LogPluginManager: Mounting plugin AssetManagerEditor
LogPluginManager: Mounting plugin CryptoKeys
LogPluginManager: Mounting plugin DataValidation
LogPluginManager: Mounting plugin FacialAnimation
LogPluginManager: Mounting plugin GameplayTagsEditor
LogPluginManager: Mounting plugin MacGraphicsSwitching
LogPluginManager: Mounting plugin MeshEditor
LogPluginManager: Mounting plugin MobileLauncherProfileWizard
LogPluginManager: Mounting plugin PluginBrowser
LogPluginManager: Mounting plugin SpeedTreeImporter
LogPluginManager: Mounting plugin DatasmithContent
LogPluginManager: Mounting plugin AlembicImporter
LogPluginManager: Mounting plugin AppleImageUtils
LogPluginManager: Mounting plugin AppleVision
LogPluginManager: Mounting plugin BackChannel
LogPluginManager: Mounting plugin CharacterAI
LogPluginManager: Mounting plugin GeometryCache
LogPluginManager: Mounting plugin HTML5Networking
LogPluginManager: Mounting plugin ProxyLODPlugin
LogPluginManager: Mounting plugin MagicLeap
LogPluginManager: Mounting plugin MagicLeapEmulator
LogPluginManager: Mounting plugin MagicLeapMedia
LogPluginManager: Mounting plugin Substance
LogPluginManager: Mounting plugin AndroidMedia
LogPluginManager: Mounting plugin AvfMedia
LogPluginManager: Mounting plugin ImgMedia
LogPluginManager: Mounting plugin LinearTimecode
LogPluginManager: Mounting plugin MediaCompositing
LogPluginManager: Mounting plugin MediaPlayerEditor
LogPluginManager: Mounting plugin WmfMedia
LogPluginManager: Mounting plugin TcpMessaging
LogPluginManager: Mounting plugin UdpMessaging
LogPluginManager: Mounting plugin ActorSequence
LogPluginManager: Mounting plugin LevelSequenceEditor
LogPluginManager: Mounting plugin MatineeToLevelSequence
LogPluginManager: Mounting plugin NetcodeUnitTest
LogPluginManager: Mounting plugin NUTUnrealEngine4
LogPluginManager: Mounting plugin OnlineSubsystemGooglePlay
LogPluginManager: Mounting plugin OnlineSubsystemIOS
LogPluginManager: Mounting plugin OnlineSubsystem
LogPluginManager: Mounting plugin OnlineSubsystemNull
LogPluginManager: Mounting plugin OnlineSubsystemUtils
LogPluginManager: Mounting plugin LauncherChunkInstaller
LogPluginManager: Mounting plugin AndroidDeviceProfileSelector
LogPluginManager: Mounting plugin AndroidMoviePlayer
LogPluginManager: Mounting plugin AndroidPermission
LogPluginManager: Mounting plugin AppleMoviePlayer
LogPluginManager: Mounting plugin ArchVisCharacter
LogPluginManager: Mounting plugin AudioCapture
LogPluginManager: Mounting plugin CableComponent
LogPluginManager: Mounting plugin CustomMeshComponent
LogPluginManager: Mounting plugin EditableMesh
LogPluginManager: Mounting plugin ExampleDeviceProfileSelector
LogPluginManager: Mounting plugin GoogleCloudMessaging
LogPluginManager: Mounting plugin ImmediatePhysics
LogPluginManager: Mounting plugin IOSDeviceProfileSelector
LogPluginManager: Mounting plugin LinuxDeviceProfileSelector
LogPluginManager: Mounting plugin LocationServicesBPLibrary
LogPluginManager: Mounting plugin MobilePatchingUtils
LogPluginManager: Mounting plugin OculusVR
LogPluginManager: Plugin shader directory ../../../Engine/Plugins/Runtime/Oculus/OculusVR/Shaders found
LogPluginManager: Mapping shader source directory ../../../Engine/Plugins/Runtime/Oculus/OculusVR/Shaders to virtual directory /Plugin/OculusVR
LogPluginManager: Mounting plugin PhysXVehicles
LogPluginManager: Mounting plugin ProceduralMeshComponent
LogPluginManager: Mounting plugin RuntimePhysXCooking
LogPluginManager: Mounting plugin SteamVR
LogPluginManager: Mounting plugin WindowsMoviePlayer
LogStreaming: Display: Took  0.101s to configure plugins.
LogInit: Using libcurl 7.55.1-DEV
LogInit:  - built for x86_64-pc-win32
LogInit:  - supports SSL with OpenSSL/1.0.2h
LogInit:  - supports HTTP deflate (compression) using libz 1.2.8
LogInit:  - other features:
LogInit:      CURL_VERSION_SSL
LogInit:      CURL_VERSION_LIBZ
LogInit:      CURL_VERSION_IPV6
LogInit:      CURL_VERSION_ASYNCHDNS
LogInit:      CURL_VERSION_LARGEFILE
LogInit:      CURL_VERSION_IDN
LogInit:  CurlRequestOptions (configurable via config and command line):
LogInit:  - bVerifyPeer = false  - Libcurl will NOT verify peer certificate
LogInit:  - bUseHttpProxy = false  - Libcurl will NOT use HTTP proxy
LogInit:  - bDontReuseConnections = false  - Libcurl will reuse connections
LogInit:  - CertBundlePath = nullptr  - Libcurl will use whatever was configured at build time.
LogInit:  - MaxHostConnections = 16  - Libcurl will limit the number of connections to a host
LogInit:  - LocalHostAddr = Default
LogInit:  - BufferSize = 65536
LogInit: WinSock: version 1.1 (2.2), MaxSocks=32767, MaxUdp=65467
LogInit: Build: ++UE4+Release-4.20-CL-4212847
LogInit: Engine Version: 4.20.0-4212847+++UE4+Release-4.20
LogInit: Compatible Engine Version: 4.20.0-4212847+++UE4+Release-4.20
LogInit: Net CL: 4212847
LogInit: OS: Windows 10 (), CPU:        Intel(R) Core(TM) i7-2600K CPU @ 3.40GHz, GPU: NVIDIA GeForce GTX 970
LogInit: Compiled (64-bit): Jul 14 2018 09:51:14
LogInit: Compiled with Visual C++: 19.13.26129.00
LogInit: Build Configuration: Development
LogInit: Branch Name: ++UE4+Release-4.20
LogInit: Command Line:  
LogInit: Base Directory: C:/Program Files/Epic Games/UE_4.20/Engine/Binaries/Win64/
LogInit: Installed Engine Build: 1
LogDevObjectVersion: Number of dev versions registered: 20
LogDevObjectVersion:   Dev-Blueprints (B0D832E4-1F89-4F0D-ACCF-7EB736FD4AA2): 10
LogDevObjectVersion:   Dev-Build (E1C64328-A22C-4D53-A36C-8E866417BD8C): 0
LogDevObjectVersion:   Dev-Core (375EC13C-06E4-48FB-B500-84F0262A717E): 2
LogDevObjectVersion:   Dev-Editor (E4B068ED-F494-42E9-A231-DA0B2E46BB41): 24
LogDevObjectVersion:   Dev-Framework (CFFC743F-43B0-4480-9391-14DF171D2073): 34
LogDevObjectVersion:   Dev-Mobile (B02B49B5-BB20-44E9-A304-32B752E40360): 2
LogDevObjectVersion:   Dev-Networking (A4E4105C-59A1-49B5-A7C5-40C4547EDFEE): 0
LogDevObjectVersion:   Dev-Online (39C831C9-5AE6-47DC-9A44-9C173E1C8E7C): 0
LogDevObjectVersion:   Dev-Physics (78F01B33-EBEA-4F98-B9B4-84EACCB95AA2): 0
LogDevObjectVersion:   Dev-Platform (6631380F-2D4D-43E0-8009-CF276956A95A): 0
LogDevObjectVersion:   Dev-Rendering (12F88B9F-8875-4AFC-A67C-D90C383ABD29): 26
LogDevObjectVersion:   Dev-Sequencer (7B5AE74C-D270-4C10-A958-57980B212A5A): 9
LogDevObjectVersion:   Dev-VR (D7296918-1DD6-4BDD-9DE2-64A83CC13884): 2
LogDevObjectVersion:   Dev-LoadTimes (C2A15278-BFE7-4AFE-6C17-90FF531DF755): 1
LogDevObjectVersion:   Private-Geometry (6EACA3D4-40EC-4CC1-B786-8BED09428FC5): 3
LogDevObjectVersion:   Dev-AnimPhys (29E575DD-E0A3-4627-9D10-D276232CDCEA): 17
LogDevObjectVersion:   Dev-ReflectionCapture (6B266CEC-1EC7-4B8F-A30B-E4D90942FC07): 1
LogDevObjectVersion:   Dev-Automation (0DF73D61-A23F-47EA-B727-89E90C41499A): 1
LogDevObjectVersion:   FortniteMain (601D1886-AC64-4F84-AA16-D3DE0DEAC7D6): 12
LogDevObjectVersion:   Dev-Enterprise (9DFFBCD6-494F-0158-E221-12823C92A888): 1
LogStreaming: Display: Took  0.002s to delete old logs.
LogInit: Presizing for max 8388607 objects, including 0 objects not considered by GC, pre-allocating 0 bytes for permanent pool.
LogInit: Object subsystem initialized
[2018.09.13-20.06.06:333][  0]LogInit: Selected Device Profile: [Windows]
[2018.09.13-20.06.06:333][  0]LogInit: Applying CVar settings loaded from the selected device profile: [Windows]
[2018.09.13-20.06.06:342][  0]LogHAL: Display: Platform has ~ 16 GB [17160146944 / 17179869184 / 16], which maps to Larger [LargestMinGB=32, LargerMinGB=12, DefaultMinGB=8, SmallerMinGB=6, SmallestMinGB=0)
[2018.09.13-20.06.06:342][  0]LogInit: Setting Device Profile CVar: [[r.Vulkan.UseRealUBs:1]]
[2018.09.13-20.06.06:342][  0]LogInit: Going up to parent DeviceProfile []
[2018.09.13-20.06.06:342][  0]LogInit: Computer: DESKTOP-45O6R3R
[2018.09.13-20.06.06:342][  0]LogInit: User: mikey
[2018.09.13-20.06.06:343][  0]LogInit: CPU Page size=4096, Cores=4
[2018.09.13-20.06.06:343][  0]LogInit: High frequency timer resolution =3.331194 MHz
[2018.09.13-20.06.06:343][  0]LogMemory: Memory total: Physical=16.0GB (16GB approx)
[2018.09.13-20.06.06:343][  0]LogMemory: Platform Memory Stats for Windows
[2018.09.13-20.06.06:343][  0]LogMemory: Process Physical Memory: 99.95 MB used, 99.95 MB peak
[2018.09.13-20.06.06:343][  0]LogMemory: Process Virtual Memory: 91.04 MB used, 91.04 MB peak
[2018.09.13-20.06.06:343][  0]LogMemory: Physical Memory: 5084.55 MB used,  11280.64 MB free, 16365.19 MB total
[2018.09.13-20.06.06:343][  0]LogMemory: Virtual Memory: 4640.43 MB used,  11280.64 MB free, 134217728.00 MB total
[2018.09.13-20.06.06:369][  0]LogInit: Using OS detected language (en-US).
[2018.09.13-20.06.06:370][  0]LogInit: Using OS detected locale (en-GB).
[2018.09.13-20.06.06:371][  0]LogTextLocalizationManager: No specific localization for 'en-US' exists, so the 'en' localization will be used.
[2018.09.13-20.06.06:845][  0]LogStreaming: Display: Took  0.476s to InitEngineTextLocalization.
[2018.09.13-20.06.06:845][  0]LogInit: Setting process to per monitor DPI aware
[2018.09.13-20.06.06:916][  0]LogSlate: New Slate User Created.  User Index 0, Is Virtual User: 0
[2018.09.13-20.06.06:917][  0]LogSlate: Slate User Registered.  User Index 0, Is Virtual User: 0
[2018.09.13-20.06.07:245][  0]LogHMD: Failed to initialize OpenVR with code 126
[2018.09.13-20.06.07:245][  0]LogD3D11RHI: D3D11 adapters:
[2018.09.13-20.06.07:303][  0]LogD3D11RHI:    0. 'NVIDIA GeForce GTX 970' (Feature Level 11_0)
[2018.09.13-20.06.07:303][  0]LogD3D11RHI:       4058/0/8182 MB DedicatedVideo/DedicatedSystem/SharedSystem, Outputs:3, VendorId:0x10de
[2018.09.13-20.06.07:305][  0]LogD3D11RHI:    1. 'Microsoft Basic Render Driver' (Feature Level 11_0)
[2018.09.13-20.06.07:305][  0]LogD3D11RHI:       0/0/8182 MB DedicatedVideo/DedicatedSystem/SharedSystem, Outputs:0, VendorId:0x1414
[2018.09.13-20.06.07:305][  0]LogD3D11RHI: Chosen D3D11 Adapter: 0
[2018.09.13-20.06.07:313][  0]LogD3D11RHI: Creating new Direct3DDevice
[2018.09.13-20.06.07:314][  0]LogD3D11RHI:     GPU DeviceId: 0x13c2 (for the marketing name, search the web for "GPU Device Id")
[2018.09.13-20.06.07:314][  0]LogWindows: EnumDisplayDevices:
[2018.09.13-20.06.07:314][  0]LogWindows:    0. 'NVIDIA GeForce GTX 970' (P:1 D:1)
[2018.09.13-20.06.07:314][  0]LogWindows:    1. 'NVIDIA GeForce GTX 970' (P:0 D:1)
[2018.09.13-20.06.07:314][  0]LogWindows:    2. 'NVIDIA GeForce GTX 970' (P:0 D:1)
[2018.09.13-20.06.07:315][  0]LogWindows:    3. 'NVIDIA GeForce GTX 970' (P:0 D:0)
[2018.09.13-20.06.07:315][  0]LogWindows: DebugString: FoundDriverCount:4 
[2018.09.13-20.06.07:315][  0]LogD3D11RHI:     Adapter Name: NVIDIA GeForce GTX 970
[2018.09.13-20.06.07:315][  0]LogD3D11RHI:   Driver Version: 388.13 (internal:23.21.13.8813, unified:388.13)
[2018.09.13-20.06.07:315][  0]LogD3D11RHI:      Driver Date: 10-27-2017
[2018.09.13-20.06.07:315][  0]LogRHI: Texture pool is 2840 MB (70% of 4058 MB)
[2018.09.13-20.06.07:361][  0]LogD3D11RHI: Async texture creation enabled
[2018.09.13-20.06.07:386][  0]LogD3D11RHI: GPU Timing Frequency: 1000.000000 (Debug: 2 1)
[2018.09.13-20.06.07:532][  0]LogShaderCompilers: Guid format shader working directory is 16 characters bigger than the processId version (E:/Unreal Projects/BeyondHuman/Intermediate/Shaders/WorkingDirectory/1976/).
[2018.09.13-20.06.07:532][  0]LogShaderCompilers: Cleaned the shader compiler working directory 'C:/Users/mikey/AppData/Local/Temp/UnrealShaderWorkingDir/4C84AC2A4AE5C760CEA01CB098BB98A6/'.
[2018.09.13-20.06.07:875][  0]LogTemp: Display: Loaded TP AllDesktopTargetPlatform
[2018.09.13-20.06.07:891][  0]LogTemp: Display: Loaded TP MacClientTargetPlatform
[2018.09.13-20.06.07:906][  0]LogTemp: Display: Loaded TP MacNoEditorTargetPlatform
[2018.09.13-20.06.07:922][  0]LogTemp: Display: Loaded TP MacServerTargetPlatform
[2018.09.13-20.06.07:938][  0]LogTemp: Display: Loaded TP MacTargetPlatform
[2018.09.13-20.06.07:954][  0]LogTemp: Display: Loaded TP WindowsClientTargetPlatform
[2018.09.13-20.06.07:970][  0]LogTemp: Display: Loaded TP WindowsNoEditorTargetPlatform
[2018.09.13-20.06.07:985][  0]LogTemp: Display: Loaded TP WindowsServerTargetPlatform
[2018.09.13-20.06.07:993][  0]LogTemp: Display: Loaded TP WindowsTargetPlatform
[2018.09.13-20.06.08:084][  0]LogTemp: Display: Loaded TP AndroidTargetPlatform
[2018.09.13-20.06.08:084][  0]LogTemp: Display: Loaded TP AndroidTargetPlatform
[2018.09.13-20.06.08:084][  0]LogTemp: Display: Loaded TP AndroidTargetPlatform
[2018.09.13-20.06.08:084][  0]LogTemp: Display: Loaded TP AndroidTargetPlatform
[2018.09.13-20.06.08:084][  0]LogTemp: Display: Loaded TP AndroidTargetPlatform
[2018.09.13-20.06.08:084][  0]LogTemp: Display: Loaded TP AndroidTargetPlatform
[2018.09.13-20.06.08:084][  0]LogTemp: Display: Loaded TP AndroidTargetPlatform
[2018.09.13-20.06.08:084][  0]LogTemp: Display: Loaded TP AndroidTargetPlatform
[2018.09.13-20.06.08:084][  0]LogTemp: Display: Loaded TP AndroidTargetPlatform
[2018.09.13-20.06.08:084][  0]LogTemp: Display: Loaded TP AndroidTargetPlatform
[2018.09.13-20.06.08:084][  0]LogTemp: Display: Loaded TP AndroidTargetPlatform
[2018.09.13-20.06.08:084][  0]LogTemp: Display: Loaded TP AndroidTargetPlatform
[2018.09.13-20.06.08:084][  0]LogTemp: Display: Loaded TP AndroidTargetPlatform
[2018.09.13-20.06.08:084][  0]LogTemp: Display: Loaded TP AndroidTargetPlatform
[2018.09.13-20.06.08:084][  0]LogTemp: Display: Loaded TP AndroidTargetPlatform
[2018.09.13-20.06.08:084][  0]LogTemp: Display: Loaded TP AndroidTargetPlatform
[2018.09.13-20.06.08:084][  0]LogTemp: Display: Loaded TP AndroidTargetPlatform
[2018.09.13-20.06.08:084][  0]LogTemp: Display: Loaded TP AndroidTargetPlatform
[2018.09.13-20.06.08:087][  0]LogTemp: Display: Loaded TP HTML5TargetPlatform
[2018.09.13-20.06.08:152][  0]LogTemp: Display: Loaded TP IOSTargetPlatform
[2018.09.13-20.06.08:152][  0]LogTemp: Display: Loaded TP IOSTargetPlatform
[2018.09.13-20.06.08:180][  0]LogTemp: Display: Loaded TP TVOSTargetPlatform
[2018.09.13-20.06.08:180][  0]LogTemp: Display: Loaded TP TVOSTargetPlatform
[2018.09.13-20.06.08:196][  0]LogTemp: Display: Loaded TP LinuxClientTargetPlatform
[2018.09.13-20.06.08:210][  0]LogTemp: Display: Loaded TP LinuxNoEditorTargetPlatform
[2018.09.13-20.06.08:225][  0]LogTemp: Display: Loaded TP LinuxServerTargetPlatform
[2018.09.13-20.06.08:241][  0]LogTemp: Display: Loaded TP LinuxTargetPlatform
[2018.09.13-20.06.08:251][  0]LogTemp: Display: Loaded TP LuminTargetPlatform
[2018.09.13-20.06.08:252][  0]LogTargetPlatformManager: Display: Building Assets For Windows
[2018.09.13-20.06.08:318][  0]LogXGEController: Cleaning working directory: C:/Users/mikey/AppData/Local/Temp/UnrealXGEWorkingDir/
[2018.09.13-20.06.08:318][  0]LogXGEController: Cannot use XGE Controller as Incredibuild is not installed on this machine.
[2018.09.13-20.06.08:318][  0]LogShaderCompilers: Cannot use XGE Shader Compiler as Incredibuild is not installed on this machine.
[2018.09.13-20.06.08:318][  0]LogShaderCompilers: Display: Using Local Shader Compiler.
[2018.09.13-20.06.09:324][  0]LogDerivedDataCache: Display: Max Cache Size: 512 MB
[2018.09.13-20.06.09:396][  0]LogDerivedDataCache: Loaded boot cache 0.07s 71MB C:/Users/mikey/AppData/Local/UnrealEngine/4.20/DerivedDataCache/Boot.ddc.
[2018.09.13-20.06.09:397][  0]LogDerivedDataCache: Display: Loaded Boot cache: C:/Users/mikey/AppData/Local/UnrealEngine/4.20/DerivedDataCache/Boot.ddc
[2018.09.13-20.06.09:397][  0]LogDerivedDataCache: FDerivedDataBackendGraph:  Pak pak cache file E:/Unreal Projects/BeyondHuman/DerivedDataCache/DDC.ddp not found, will not use a pak cache.
[2018.09.13-20.06.09:397][  0]LogDerivedDataCache: Unable to find inner node Pak for hierarchical cache Hierarchy.
[2018.09.13-20.06.09:397][  0]LogDerivedDataCache: FDerivedDataBackendGraph:  CompressedPak pak cache file E:/Unreal Projects/BeyondHuman/DerivedDataCache/Compressed.ddp not found, will not use a pak cache.
[2018.09.13-20.06.09:397][  0]LogDerivedDataCache: Unable to find inner node CompressedPak for hierarchical cache Hierarchy.
[2018.09.13-20.06.09:413][  0]LogDerivedDataCache: Display: Pak cache opened for reading ../../../Engine/DerivedDataCache/Compressed.ddp.
[2018.09.13-20.06.09:425][  0]LogDerivedDataCache: Using Local data cache path C:/Users/mikey/AppData/Local/UnrealEngine/Common/DerivedDataCache: Writable
[2018.09.13-20.06.09:425][  0]LogDerivedDataCache: Shared data cache path not found in *engine.ini, will not use an Shared cache.
[2018.09.13-20.06.09:425][  0]LogDerivedDataCache: Unable to find inner node Shared for hierarchical cache Hierarchy.
[2018.09.13-20.06.09:448][  0]LogMaterial: Verifying Global Shaders for PCD3D_SM5
[2018.09.13-20.06.09:449][  0]LogSlate: Using FreeType 2.6.0
[2018.09.13-20.06.09:450][  0]LogSlate: SlateFontServices - WITH_FREETYPE: 1, WITH_HARFBUZZ: 1
[2018.09.13-20.06.09:547][  0]LogAssetRegistry: FAssetRegistry took 0.0293 seconds to start up
[2018.09.13-20.06.10:021][  0]LogInit: Selected Device Profile: [Windows]
[2018.09.13-20.06.10:197][  0]LogSimplygon: Simplygon DLL not present - disabling.
[2018.09.13-20.06.10:203][  0]LogMeshReduction: Using SimplygonSwarm for distributed automatic mesh merging
[2018.09.13-20.06.10:204][  0]LogMeshReduction: Using ProxyLODMeshReduction for automatic mesh merging
[2018.09.13-20.06.10:204][  0]LogMeshReduction: Using QuadricMeshReduction for automatic static mesh reduction
[2018.09.13-20.06.10:204][  0]LogMeshReduction: No automatic skeletal mesh reduction module available
[2018.09.13-20.06.10:235][  0]LogNetVersion: BeyondHuman 1.0.0, NetCL: 4212847, EngineNetVer: 5, GameNetVer: 0 (Checksum: 671501493)
[2018.09.13-20.06.10:831][  0]LogPackageLocalizationCache: Processed 11 localized package path(s) for 2 prioritized culture(s) in 0.103875 seconds
[2018.09.13-20.06.10:841][  0]LogUObjectArray: 38425 objects as part of root set at end of initial load.
[2018.09.13-20.06.10:841][  0]LogUObjectAllocator: 6690864 out of 0 bytes used by permanent object pool.
[2018.09.13-20.06.10:841][  0]LogUObjectArray: CloseDisregardForGC: 0/0 objects in disregard for GC pool
[2018.09.13-20.06.11:913][  0]LogSubstanceCoreModule: Substance [CPU] Engine Loaded, Max Texture Size = 2048
[2018.09.13-20.06.11:920][  0]LogTcpMessaging: Initializing TcpMessaging bridge
[2018.09.13-20.06.11:934][  0]LogUdpMessaging: Initializing bridge on interface 0.0.0.0:0 to multicast group 230.0.0.1:6666.
[2018.09.13-20.06.12:104][  0]SourceControl: Source control is disabled
[2018.09.13-20.06.12:104][  0]SourceControl: Source control is disabled
[2018.09.13-20.06.12:106][  0]SourceControl: Source control is disabled
[2018.09.13-20.06.12:107][  0]SourceControl: Source control is disabled
[2018.09.13-20.06.12:306][  0]LogAndroidPermission: UAndroidPermissionCallbackProxy::GetInstance
[2018.09.13-20.06.12:442][  0]LogOcInput: OculusInput pre-init called
[2018.09.13-20.06.12:632][  0]LogEngine: Initializing Engine...
[2018.09.13-20.06.12:653][  0]LogHMD: Failed to initialize OpenVR with code 126
[2018.09.13-20.06.12:655][  0]LogStats: UGameplayTagsManager::ConstructGameplayTagTree: ImportINI prefixes -  0.000 s
[2018.09.13-20.06.12:655][  0]LogStats: UGameplayTagsManager::ConstructGameplayTagTree: Construct from data asset -  0.000 s
[2018.09.13-20.06.12:655][  0]LogStats: UGameplayTagsManager::ConstructGameplayTagTree: ImportINI -  0.000 s
[2018.09.13-20.06.12:655][  0]LogStats: UGameplayTagsManager::ConstructGameplayTagTree: GameplayTagTreeChangedEvent.Broadcast -  0.000 s
[2018.09.13-20.06.12:906][  0]LogInit: Initializing FReadOnlyCVARCache
[2018.09.13-20.06.12:929][  0]LogAIModule: Creating AISystem for world Untitled
[2018.09.13-20.06.12:981][  0]LogInit: XAudio2 using 'Speakers (High Definition Audio Device)' : 2 channels at 44.1 kHz using 16 bits per sample (channel mask 0x3)
[2018.09.13-20.06.12:999][  0]LogInit: FAudioDevice initialized.
[2018.09.13-20.06.12:999][  0]LogNetVersion: Set ProjectVersion to 1.0.0.0. Version Checksum will be recalculated on next use.
[2018.09.13-20.06.13:086][  0]LogDerivedDataCache: Saved boot cache 0.09s 71MB C:/Users/mikey/AppData/Local/UnrealEngine/4.20/DerivedDataCache/Boot.ddc.
[2018.09.13-20.06.13:097][  0]LogInit: Texture streaming: Enabled
[2018.09.13-20.06.13:125][  0]LogEngineSessionManager: EngineSessionManager initialized
[2018.09.13-20.06.13:125][  0]LogEngineSessionManager: EngineSessionManager sent abnormal shutdown report. Type=Crashed, SessionId={EAE8CBFC-47E8-B719-521A-4EA14AEECC1F}
[2018.09.13-20.06.13:138][  0]LogInit: Transaction tracking system initialized
[2018.09.13-20.06.13:170][  0]BlueprintLog: New page: Editor Load
[2018.09.13-20.06.13:276][  0]LocalizationService: Localization service is disabled
[2018.09.13-20.06.13:592][  0]LogCook: Display: Max memory allowance for cook 16384mb min free memory 0mb
[2018.09.13-20.06.13:592][  0]LogCook: Display: Mobile HDR setting 1
[2018.09.13-20.06.13:592][  0]LogGameplayTags: Display: UGameplayTagsManager::DoneAddingNativeTags. DelegateIsBound: 0
[2018.09.13-20.06.13:592][  0]LogStats: UGameplayTagsManager::ConstructGameplayTagTree: ImportINI prefixes -  0.000 s
[2018.09.13-20.06.13:592][  0]LogStats: UGameplayTagsManager::ConstructGameplayTagTree: Construct from data asset -  0.000 s
[2018.09.13-20.06.13:593][  0]LogStats: UGameplayTagsManager::ConstructGameplayTagTree: ImportINI -  0.000 s
[2018.09.13-20.06.13:593][  0]LogStats: UGameplayTagsManager::ConstructGameplayTagTree: GameplayTagTreeChangedEvent.Broadcast -  0.000 s
[2018.09.13-20.06.13:748][  0]LogFileCache: Scanning file cache for directory 'E:/Unreal Projects/BeyondHuman/Content/' took 0.02s
[2018.09.13-20.06.13:758][  0]SourceControl: Source control is disabled
[2018.09.13-20.06.13:759][  0]Cmd: MAP LOAD FILE="E:/Unreal Projects/BeyondHuman/Content/Maps/Meshing.umap" TEMPLATE=0 SHOWPROGRESS=1 FEATURELEVEL=3
[2018.09.13-20.06.13:759][  0]LightingResults: New page: Lighting Build
[2018.09.13-20.06.13:762][  0]MapCheck: New page: Map Check
[2018.09.13-20.06.13:763][  0]LightingResults: New page: Lighting Build
[2018.09.13-20.06.18:719][  0]LogAIModule: Creating AISystem for world Meshing
[2018.09.13-20.06.18:854][  0]LogEditorServer: Finished looking for orphan Actors (0.000 secs)
[2018.09.13-20.06.18:895][  0]Cmd: MAP CHECKDEP NOCLEARLOG
[2018.09.13-20.06.19:132][  0]MapCheck: Map check complete: 0 Error(s), 0 Warning(s), took 237.917ms to complete.
[2018.09.13-20.06.19:132][  0]LogFileHelpers: Loading map 'Meshing' took 5.373
[2018.09.13-20.06.19:267][  0]LogSlate: Updating window title bar state: overlay mode, drag disabled, window buttons hidden, title bar hidden
[2018.09.13-20.06.19:277][  0]LogSlate: Updating window title bar state: overlay mode, drag disabled, window buttons hidden, title bar hidden
[2018.09.13-20.06.19:286][  0]LogSlate: Updating window title bar state: overlay mode, drag disabled, window buttons hidden, title bar hidden
[2018.09.13-20.06.19:295][  0]LogSlate: Updating window title bar state: overlay mode, drag disabled, window buttons hidden, title bar hidden
[2018.09.13-20.06.19:302][  0]LogCollectionManager: Loaded 0 collections in 0.001476 seconds
[2018.09.13-20.06.19:358][  0]LogFileCache: Scanning file cache for directory 'E:/Unreal Projects/BeyondHuman/Saved/Collections/' took 0.01s
[2018.09.13-20.06.19:358][  0]LogFileCache: Scanning file cache for directory 'E:/Unreal Projects/BeyondHuman/Content/Developers/mikey/Collections/' took 0.01s
[2018.09.13-20.06.19:358][  0]LogFileCache: Scanning file cache for directory 'E:/Unreal Projects/BeyondHuman/Content/Collections/' took 0.01s
[2018.09.13-20.06.19:358][  0]LogCollectionManager: Rebuilt the GUID cache for 0 collections in 0.000001 seconds
[2018.09.13-20.06.19:374][  0]LogContentBrowser: Native class hierarchy populated in 0.0160 seconds. Added 2586 classes and 609 folders.
[2018.09.13-20.06.19:381][  0]LogContentBrowser: Native class hierarchy updated for 'WidgetCarousel' in 0.0003 seconds. Added 0 classes and 0 folders.
[2018.09.13-20.06.19:442][  0]LogContentBrowser: Native class hierarchy updated for 'AddContentDialog' in 0.0004 seconds. Added 0 classes and 0 folders.
[2018.09.13-20.06.19:447][  0]LogContentBrowser: Native class hierarchy updated for 'SceneOutliner' in 0.0003 seconds. Added 1 classes and 2 folders.
[2018.09.13-20.06.19:471][  0]LogSlate: Took 0.000377 seconds to synchronously load lazily loaded font '../../../Engine/Content/Slate/Fonts/Roboto-Regular.ttf' (155K)
[2018.09.13-20.06.19:474][  0]LogSlate: Took 0.000269 seconds to synchronously load lazily loaded font '../../../Engine/Content/Slate/Fonts/Roboto-Bold.ttf' (160K)
[2018.09.13-20.06.19:482][  0]LogSlate: Took 0.000278 seconds to synchronously load lazily loaded font '../../../Engine/Content/Editor/Slate/Fonts/FontAwesome.ttf' (139K)
[2018.09.13-20.06.19:642][  0]LogRenderer: Reallocating scene render targets to support 1236x592 Format 10 NumSamples 1 (Frame:1).
[2018.09.13-20.06.19:953][  0]LogContentBrowser: Native class hierarchy updated for 'HierarchicalLODOutliner' in 0.0003 seconds. Added 0 classes and 0 folders.
[2018.09.13-20.06.19:953][  0]LogLoad: (Engine Initialization) Total time: 15.45 seconds
[2018.09.13-20.06.19:953][  0]LogLoad: (Engine Initialization) Total Blueprint compile time: 0.00 seconds
[2018.09.13-20.06.19:989][  0]LogContentStreaming: Texture pool size now 3000 MB
[2018.09.13-20.06.20:079][  0]LogRenderer: Reallocating scene render targets to support 1236x608 Format 10 NumSamples 1 (Frame:2).
[2018.09.13-20.06.20:079][  0]LogSlate: Took 0.000260 seconds to synchronously load lazily loaded font '../../../Engine/Content/Slate/Fonts/Roboto-Light.ttf' (167K)
[2018.09.13-20.06.20:121][  1]LogSubstanceLiveLink: Warning: Unable to send data along socket, closing connection
[2018.09.13-20.06.20:185][  2]LogAssetRegistry: Asset discovery search completed in 10.6613 seconds
[2018.09.13-20.06.20:188][  2]LogCollectionManager: Rebuilt the object cache for 0 collections in 0.000001 seconds (found 0 objects)
[2018.09.13-20.06.20:188][  2]LogCollectionManager: Fixed up redirectors for 0 collections in 0.000068 seconds (updated 0 objects)
[2018.09.13-20.06.21:524][  6]LogSlate: Took 0.000269 seconds to synchronously load lazily loaded font '../../../Engine/Content/Slate/Fonts/Roboto-Light.ttf' (167K)
[2018.09.13-20.06.24:678][ 16]LogSlate: FSceneViewport::OnFocusLost() reason 0
[2018.09.13-20.08.04:860][369]LogSlate: FSceneViewport::OnFocusLost() reason 0
[2018.09.13-20.08.56:325][126]LogFactory: FactoryCreateFile: SubstanceInstanceFactory with ReimportSubstanceFactory (0 0 E:\Dropbox (Personal)\Docs\Resources\Textures\Substances\brass.sbsar)
[2018.09.13-20.08.57:863][126]LogSlate: Window 'Substance Import Options' being destroyed
[2018.09.13-20.08.58:324][126]LogMaterial: Display: Missing cached shader map for material Brass_MAT, compiling. 
[2018.09.13-20.08.58:382][126]LogShaderCompilers: Display: Shaders left to compile 22
[2018.09.13-20.08.58:382][126]LogShaderCompilers: Display: Shaders left to compile 12
[2018.09.13-20.08.58:382][126]LogShaderCompilers: Display: Shaders left to compile 2
[2018.09.13-20.09.03:397][338]LogSlate: FSceneViewport::OnFocusLost() reason 0
[2018.09.13-20.09.10:401][717]LogSlate: FSceneViewport::OnFocusLost() reason 0
[2018.09.13-20.09.10:579][727]LogAssetEditorManager: Opening Asset editor for SubstanceGraphInstance /Game/Substance/Brass_INST.Brass_INST
[2018.09.13-20.09.50:067][662]LogEditorViewport: Clicking on Actor (LMB): StaticMeshActor (BuildingRound)
[2018.09.13-20.09.53:795][828]Cmd: TRANSACTION UNDO
[2018.09.13-20.09.53:795][828]LogEditorTransaction: Undo Clicking on Actors
[2018.09.13-20.09.54:056][834]Cmd: TRANSACTION UNDO
[2018.09.13-20.09.54:056][834]LogEditorTransaction: Undo Substance set input
[2018.09.13-20.09.54:217][837]Cmd: TRANSACTION UNDO
[2018.09.13-20.09.54:217][837]LogEditorTransaction: Undo Substance set input
[2018.09.13-20.09.54:599][855]Cmd: TRANSACTION UNDO
[2018.09.13-20.09.54:599][855]LogEditorTransaction: Undo Substance set input
[2018.09.13-20.09.54:873][871]Cmd: TRANSACTION UNDO
[2018.09.13-20.09.54:873][871]LogEditorTransaction: Undo Substance set input
[2018.09.13-20.09.55:044][881]Cmd: TRANSACTION UNDO
[2018.09.13-20.09.55:044][881]LogEditorTransaction: Undo Create Actors
[2018.09.13-20.09.57:556][996]LogSlate: FSceneViewport::OnFocusLost() reason 0
[2018.09.13-20.10.03:053][199]LogSlate: Window 'Delete Assets' being destroyed
[2018.09.13-20.10.03:064][199]LogSlate: Window 'Brass_INST*' being destroyed
[2018.09.13-20.10.05:439][199]LogMaterial: Display: Missing cached shader map for material Brass_MAT, compiling. 
[2018.09.13-20.10.05:441][199]LogMaterial: Warning: /Game/Substance/Brass_MAT.Brass_MAT (no disk path found): Failed to compile Material for platform PCD3D_SM5, Default Material will be used in game.
[2018.09.13-20.10.05:441][199]LogMaterial: 	(Node TextureSampleParameter2D) Param2D> Requires Texture2D
[2018.09.13-20.10.05:444][199]LogMaterial: Display: Missing cached shader map for material Brass_MAT, compiling. 
[2018.09.13-20.10.05:444][199]LogMaterial: Warning: /Game/Substance/Brass_MAT.Brass_MAT (no disk path found): Failed to compile Material for platform PCD3D_SM5, Default Material will be used in game.
[2018.09.13-20.10.05:444][199]LogMaterial: 	(Node TextureSampleParameter2D) Param2D> Requires Texture2D
[2018.09.13-20.10.05:447][199]LogMaterial: Display: Missing cached shader map for material Brass_MAT, compiling. 
[2018.09.13-20.10.05:448][199]LogMaterial: Warning: /Game/Substance/Brass_MAT.Brass_MAT (no disk path found): Failed to compile Material for platform PCD3D_SM5, Default Material will be used in game.
[2018.09.13-20.10.05:448][199]LogMaterial: 	(Node TextureSampleParameter2D) Param2D> Requires Texture2D
[2018.09.13-20.10.05:450][199]LogMaterial: Display: Missing cached shader map for material Brass_MAT, compiling. 
[2018.09.13-20.10.05:451][199]LogMaterial: Warning: /Game/Substance/Brass_MAT.Brass_MAT (no disk path found): Failed to compile Material for platform PCD3D_SM5, Default Material will be used in game.
[2018.09.13-20.10.05:451][199]LogMaterial: 	(Node TextureSampleParameter2D) Param2D> Requires Texture2D
[2018.09.13-20.10.27:237][416]LogSlate: FSceneViewport::OnFocusLost() reason 0
[2018.09.13-20.10.38:123][969]LogSlate: FSceneViewport::OnFocusLost() reason 0
[2018.09.13-20.11.00:524][227]LogSlate: FSceneViewport::OnFocusLost() reason 0
[2018.09.13-20.11.20:971][ 74]LogEditorViewport: Clicking on Actor (LMB): StaticMeshActor (WalkwayUpper)
[2018.09.13-20.11.25:399][220]LogSlate: FSceneViewport::OnFocusLost() reason 0
[2018.09.13-20.11.30:625][417]LogAssetEditorManager: Opening Asset editor for SubstanceGraphInstance /Game/Substance/BeePatternPlastic/Bees_Pattern_Plastic_Blue_INST.Bees_Pattern_Plastic_Blue_INST
[2018.09.13-20.11.38:241][634]LogThreadingWindows: Error: Runnable thread RenderThread 28 crashed.
[2018.09.13-20.11.38:242][634]LogWindows: Error: === Critical error: ===
[2018.09.13-20.11.38:242][634]LogWindows: Error: 
[2018.09.13-20.11.38:242][634]LogWindows: Error: Assertion failed: (GIsCriticalError || !NumMarks) [File:D:\Build\++UE4\Sync\Engine\Source\Runtime\Core\Public\Misc/MemStack.h] [Line: 89] 
[2018.09.13-20.11.38:242][634]LogWindows: Error: 
[2018.09.13-20.11.38:242][634]LogWindows: Error: 
[2018.09.13-20.11.38:242][634]LogWindows: Error: 
[2018.09.13-20.11.38:242][634]LogWindows: Error: 
[2018.09.13-20.11.38:242][634]LogWindows: Error: Crash in runnable thread RenderThread 28
[2018.09.13-20.11.38:245][634]LogWindows: Windows GetLastError: The operation completed successfully. (0)
[2018.09.13-20.11.38:245][634]LogWindows: Error: HandleError re-entered.
[2018.09.13-20.11.38:245][634]LogWindows: FPlatformMisc::RequestExit(1)
[2018.09.13-20.11.38:259][634]Log file closed, 09/13/18 21:11:38
