Log file open, 08/15/18 15:18:40
LogWindows: Failed to load 'aqProf.dll' (GetLastError=126)
LogWindows: File 'aqProf.dll' does not exist
LogWindows: Failed to load 'VSPerf140.dll' (GetLastError=126)
LogWindows: File 'VSPerf140.dll' does not exist
LogWindows: Failed to load 'VtuneApi.dll' (GetLastError=126)
LogWindows: File 'VtuneApi.dll' does not exist
LogWindows: Failed to load 'VtuneApi32e.dll' (GetLastError=126)
LogWindows: File 'VtuneApi32e.dll' does not exist
LogInit: Display: Running engine for game: BeyondHuman
LogPlatformFile: Not using cached read wrapper
LogTaskGraph: Started task graph with 5 named threads and 23 total threads with 3 sets of task threads.
LogStats: Stats thread started at 4.709932
LogD3D11RHI: Loaded GFSDK_Aftermath_Lib.x64.dll
LogICUInternationalization: Display: ICU TimeZone Detection - Raw Offset: +0:00, Platform Override: ''
LogPluginManager: Mounting plugin Paper2D
LogPluginManager: Mounting plugin AISupport
LogPluginManager: Mounting plugin LightPropagationVolume
LogPluginManager: Mounting plugin CLionSourceCodeAccess
LogPluginManager: Mounting plugin CodeLiteSourceCodeAccess
LogPluginManager: Mounting plugin GitSourceControl
LogPluginManager: Mounting plugin KDevelopSourceCodeAccess
LogPluginManager: Mounting plugin NullSourceCodeAccess
LogPluginManager: Mounting plugin PerforceSourceControl
LogPluginManager: Mounting plugin SubversionSourceControl
LogPluginManager: Mounting plugin UObjectPlugin
LogPluginManager: Mounting plugin VisualStudioCodeSourceCodeAccess
LogPluginManager: Mounting plugin VisualStudioSourceCodeAccess
LogPluginManager: Mounting plugin XCodeSourceCodeAccess
LogPluginManager: Mounting plugin AssetManagerEditor
LogPluginManager: Mounting plugin CryptoKeys
LogPluginManager: Mounting plugin DataValidation
LogPluginManager: Mounting plugin FacialAnimation
LogPluginManager: Mounting plugin GameplayTagsEditor
LogPluginManager: Mounting plugin MacGraphicsSwitching
LogPluginManager: Mounting plugin MeshEditor
LogPluginManager: Mounting plugin MobileLauncherProfileWizard
LogPluginManager: Mounting plugin PluginBrowser
LogPluginManager: Mounting plugin SpeedTreeImporter
LogPluginManager: Mounting plugin DatasmithContent
LogPluginManager: Mounting plugin AlembicImporter
LogPluginManager: Mounting plugin AppleImageUtils
LogPluginManager: Mounting plugin AppleVision
LogPluginManager: Mounting plugin BackChannel
LogPluginManager: Mounting plugin CharacterAI
LogPluginManager: Mounting plugin GeometryCache
LogPluginManager: Mounting plugin HTML5Networking
LogPluginManager: Mounting plugin ProxyLODPlugin
LogPluginManager: Mounting plugin MagicLeap
LogPluginManager: Mounting plugin MagicLeapEmulator
LogPluginManager: Mounting plugin MagicLeapMedia
LogPluginManager: Mounting plugin Substance
LogPluginManager: Mounting plugin AndroidMedia
LogPluginManager: Mounting plugin AvfMedia
LogPluginManager: Mounting plugin ImgMedia
LogPluginManager: Mounting plugin LinearTimecode
LogPluginManager: Mounting plugin MediaCompositing
LogPluginManager: Mounting plugin MediaPlayerEditor
LogPluginManager: Mounting plugin WmfMedia
LogPluginManager: Mounting plugin TcpMessaging
LogPluginManager: Mounting plugin UdpMessaging
LogPluginManager: Mounting plugin ActorSequence
LogPluginManager: Mounting plugin LevelSequenceEditor
LogPluginManager: Mounting plugin MatineeToLevelSequence
LogPluginManager: Mounting plugin NetcodeUnitTest
LogPluginManager: Mounting plugin NUTUnrealEngine4
LogPluginManager: Mounting plugin OnlineSubsystemGooglePlay
LogPluginManager: Mounting plugin OnlineSubsystemIOS
LogPluginManager: Mounting plugin OnlineSubsystem
LogPluginManager: Mounting plugin OnlineSubsystemNull
LogPluginManager: Mounting plugin OnlineSubsystemUtils
LogPluginManager: Mounting plugin LauncherChunkInstaller
LogPluginManager: Mounting plugin AndroidDeviceProfileSelector
LogPluginManager: Mounting plugin AndroidMoviePlayer
LogPluginManager: Mounting plugin AndroidPermission
LogPluginManager: Mounting plugin AppleMoviePlayer
LogPluginManager: Mounting plugin ArchVisCharacter
LogPluginManager: Mounting plugin AudioCapture
LogPluginManager: Mounting plugin CableComponent
LogPluginManager: Mounting plugin CustomMeshComponent
LogPluginManager: Mounting plugin EditableMesh
LogPluginManager: Mounting plugin ExampleDeviceProfileSelector
LogPluginManager: Mounting plugin GoogleCloudMessaging
LogPluginManager: Mounting plugin ImmediatePhysics
LogPluginManager: Mounting plugin IOSDeviceProfileSelector
LogPluginManager: Mounting plugin LinuxDeviceProfileSelector
LogPluginManager: Mounting plugin LocationServicesBPLibrary
LogPluginManager: Mounting plugin MobilePatchingUtils
LogPluginManager: Mounting plugin OculusVR
LogPluginManager: Plugin shader directory ../../../Engine/Plugins/Runtime/Oculus/OculusVR/Shaders found
LogPluginManager: Mapping shader source directory ../../../Engine/Plugins/Runtime/Oculus/OculusVR/Shaders to virtual directory /Plugin/OculusVR
LogPluginManager: Mounting plugin PhysXVehicles
LogPluginManager: Mounting plugin ProceduralMeshComponent
LogPluginManager: Mounting plugin RuntimePhysXCooking
LogPluginManager: Mounting plugin SteamVR
LogPluginManager: Mounting plugin WindowsMoviePlayer
LogStreaming: Display: Took  0.451s to configure plugins.
LogInit: Using libcurl 7.55.1-DEV
LogInit:  - built for x86_64-pc-win32
LogInit:  - supports SSL with OpenSSL/1.0.2h
LogInit:  - supports HTTP deflate (compression) using libz 1.2.8
LogInit:  - other features:
LogInit:      CURL_VERSION_SSL
LogInit:      CURL_VERSION_LIBZ
LogInit:      CURL_VERSION_IPV6
LogInit:      CURL_VERSION_ASYNCHDNS
LogInit:      CURL_VERSION_LARGEFILE
LogInit:      CURL_VERSION_IDN
LogInit:  CurlRequestOptions (configurable via config and command line):
LogInit:  - bVerifyPeer = false  - Libcurl will NOT verify peer certificate
LogInit:  - bUseHttpProxy = false  - Libcurl will NOT use HTTP proxy
LogInit:  - bDontReuseConnections = false  - Libcurl will reuse connections
LogInit:  - CertBundlePath = nullptr  - Libcurl will use whatever was configured at build time.
LogInit:  - MaxHostConnections = 16  - Libcurl will limit the number of connections to a host
LogInit:  - LocalHostAddr = Default
LogInit:  - BufferSize = 65536
LogInit: WinSock: version 1.1 (2.2), MaxSocks=32767, MaxUdp=65467
LogInit: Build: ++UE4+Release-4.20-CL-4212847
LogInit: Engine Version: 4.20.0-4212847+++UE4+Release-4.20
LogInit: Compatible Engine Version: 4.20.0-4212847+++UE4+Release-4.20
LogInit: Net CL: 4212847
LogInit: OS: Windows 10 (), CPU: Intel(R) Core(TM) i7-6700HQ CPU @ 2.60GHz, GPU: Intel(R) HD Graphics 530
LogInit: Compiled (64-bit): Jul 14 2018 09:51:14
LogInit: Compiled with Visual C++: 19.13.26129.00
LogInit: Build Configuration: Development
LogInit: Branch Name: ++UE4+Release-4.20
LogInit: Command Line:  
LogInit: Base Directory: C:/Program Files/Epic Games/UE_4.20/Engine/Binaries/Win64/
LogInit: Installed Engine Build: 1
LogDevObjectVersion: Number of dev versions registered: 20
LogDevObjectVersion:   Dev-Blueprints (B0D832E4-1F89-4F0D-ACCF-7EB736FD4AA2): 10
LogDevObjectVersion:   Dev-Build (E1C64328-A22C-4D53-A36C-8E866417BD8C): 0
LogDevObjectVersion:   Dev-Core (375EC13C-06E4-48FB-B500-84F0262A717E): 2
LogDevObjectVersion:   Dev-Editor (E4B068ED-F494-42E9-A231-DA0B2E46BB41): 24
LogDevObjectVersion:   Dev-Framework (CFFC743F-43B0-4480-9391-14DF171D2073): 34
LogDevObjectVersion:   Dev-Mobile (B02B49B5-BB20-44E9-A304-32B752E40360): 2
LogDevObjectVersion:   Dev-Networking (A4E4105C-59A1-49B5-A7C5-40C4547EDFEE): 0
LogDevObjectVersion:   Dev-Online (39C831C9-5AE6-47DC-9A44-9C173E1C8E7C): 0
LogDevObjectVersion:   Dev-Physics (78F01B33-EBEA-4F98-B9B4-84EACCB95AA2): 0
LogDevObjectVersion:   Dev-Platform (6631380F-2D4D-43E0-8009-CF276956A95A): 0
LogDevObjectVersion:   Dev-Rendering (12F88B9F-8875-4AFC-A67C-D90C383ABD29): 26
LogDevObjectVersion:   Dev-Sequencer (7B5AE74C-D270-4C10-A958-57980B212A5A): 9
LogDevObjectVersion:   Dev-VR (D7296918-1DD6-4BDD-9DE2-64A83CC13884): 2
LogDevObjectVersion:   Dev-LoadTimes (C2A15278-BFE7-4AFE-6C17-90FF531DF755): 1
LogDevObjectVersion:   Private-Geometry (6EACA3D4-40EC-4CC1-B786-8BED09428FC5): 3
LogDevObjectVersion:   Dev-AnimPhys (29E575DD-E0A3-4627-9D10-D276232CDCEA): 17
LogDevObjectVersion:   Dev-ReflectionCapture (6B266CEC-1EC7-4B8F-A30B-E4D90942FC07): 1
LogDevObjectVersion:   Dev-Automation (0DF73D61-A23F-47EA-B727-89E90C41499A): 1
LogDevObjectVersion:   FortniteMain (601D1886-AC64-4F84-AA16-D3DE0DEAC7D6): 12
LogDevObjectVersion:   Dev-Enterprise (9DFFBCD6-494F-0158-E221-12823C92A888): 1
LogStreaming: Display: Took  0.009s to delete old logs.
LogInit: Presizing for max 8388607 objects, including 0 objects not considered by GC, pre-allocating 0 bytes for permanent pool.
LogInit: Object subsystem initialized
[2018.08.15-14.18.45:112][  0]LogInit: Selected Device Profile: [Windows]
[2018.08.15-14.18.45:112][  0]LogInit: Applying CVar settings loaded from the selected device profile: [Windows]
[2018.08.15-14.18.45:232][  0]LogHAL: Display: Platform has ~ 8 GB [8456720384 / 8589934592 / 8], which maps to Default [LargestMinGB=32, LargerMinGB=12, DefaultMinGB=8, SmallerMinGB=6, SmallestMinGB=0)
[2018.08.15-14.18.45:257][  0]LogInit: Setting Device Profile CVar: [[r.Vulkan.UseRealUBs:1]]
[2018.08.15-14.18.45:258][  0]LogInit: Going up to parent DeviceProfile []
[2018.08.15-14.18.45:329][  0]LogInit: Computer: DESKTOP-MKF8VAK
[2018.08.15-14.18.45:329][  0]LogInit: User: mikey
[2018.08.15-14.18.45:329][  0]LogInit: CPU Page size=4096, Cores=4
[2018.08.15-14.18.45:329][  0]LogInit: High frequency timer resolution =2.531247 MHz
[2018.08.15-14.18.45:329][  0]LogMemory: Memory total: Physical=7.9GB (8GB approx)
[2018.08.15-14.18.45:329][  0]LogMemory: Platform Memory Stats for Windows
[2018.08.15-14.18.45:329][  0]LogMemory: Process Physical Memory: 99.38 MB used, 99.38 MB peak
[2018.08.15-14.18.45:329][  0]LogMemory: Process Virtual Memory: 90.98 MB used, 90.98 MB peak
[2018.08.15-14.18.45:329][  0]LogMemory: Physical Memory: 5422.81 MB used,  2642.15 MB free, 8064.96 MB total
[2018.08.15-14.18.45:329][  0]LogMemory: Virtual Memory: 4638.96 MB used,  2642.15 MB free, 134217728.00 MB total
[2018.08.15-14.18.46:777][  0]LogInit: Using OS detected language (en-US).
[2018.08.15-14.18.46:778][  0]LogInit: Using OS detected locale (en-GB).
[2018.08.15-14.18.46:821][  0]LogTextLocalizationManager: No specific localization for 'en-US' exists, so the 'en' localization will be used.
[2018.08.15-14.18.48:137][  0]LogStreaming: Display: Took  1.321s to InitEngineTextLocalization.
[2018.08.15-14.18.48:155][  0]LogInit: Setting process to per monitor DPI aware
[2018.08.15-14.18.50:007][  0]LogSlate: New Slate User Created.  User Index 0, Is Virtual User: 0
[2018.08.15-14.18.50:008][  0]LogSlate: Slate User Registered.  User Index 0, Is Virtual User: 0
[2018.08.15-14.18.53:423][  0]LogHMD: Failed to initialize OpenVR with code 110
[2018.08.15-14.18.53:423][  0]LogD3D11RHI: D3D11 adapters:
[2018.08.15-14.18.53:657][  0]LogD3D11RHI:    0. 'NVIDIA GeForce GTX 960M' (Feature Level 11_0)
[2018.08.15-14.18.53:657][  0]LogD3D11RHI:       4065/0/4032 MB DedicatedVideo/DedicatedSystem/SharedSystem, Outputs:2, VendorId:0x10de
[2018.08.15-14.18.53:750][  0]LogD3D11RHI:    1. 'Intel(R) HD Graphics 530' (Feature Level 11_0)
[2018.08.15-14.18.53:750][  0]LogD3D11RHI:       128/0/4032 MB DedicatedVideo/DedicatedSystem/SharedSystem, Outputs:0, VendorId:0x8086
[2018.08.15-14.18.53:768][  0]LogD3D11RHI:    2. 'Microsoft Basic Render Driver' (Feature Level 11_0)
[2018.08.15-14.18.53:768][  0]LogD3D11RHI:       0/0/4032 MB DedicatedVideo/DedicatedSystem/SharedSystem, Outputs:0, VendorId:0x1414
[2018.08.15-14.18.53:768][  0]LogD3D11RHI: Chosen D3D11 Adapter: 0
[2018.08.15-14.18.53:838][  0]LogD3D11RHI: Creating new Direct3DDevice
[2018.08.15-14.18.53:838][  0]LogD3D11RHI:     GPU DeviceId: 0x139b (for the marketing name, search the web for "GPU Device Id")
[2018.08.15-14.18.53:850][  0]LogWindows: EnumDisplayDevices:
[2018.08.15-14.18.53:850][  0]LogWindows:    0. 'Intel(R) HD Graphics 530' (P:0 D:1)
[2018.08.15-14.18.53:851][  0]LogWindows:    1. 'Intel(R) HD Graphics 530' (P:1 D:1)
[2018.08.15-14.18.53:852][  0]LogWindows:    2. 'Intel(R) HD Graphics 530' (P:0 D:0)
[2018.08.15-14.18.53:852][  0]LogWindows: DebugString: PrimaryIsNotTheChoosenAdapter PrimaryIsNotTheChoosenAdapter PrimaryIsNotTheChoosenAdapter FoundDriverCount:0 
[2018.08.15-14.18.53:852][  0]LogD3D11RHI:     Adapter Name: NVIDIA GeForce GTX 960M
[2018.08.15-14.18.53:852][  0]LogD3D11RHI:   Driver Version: Unknown (internal:Unknown, unified:Unknown)
[2018.08.15-14.18.53:852][  0]LogD3D11RHI:      Driver Date: Unknown
[2018.08.15-14.18.53:852][  0]LogRHI: Texture pool is 2846 MB (70% of 4065 MB)
[2018.08.15-14.18.53:965][  0]LogD3D11RHI: Async texture creation enabled
[2018.08.15-14.18.54:484][  0]LogD3D11RHI: GPU Timing Frequency: 1000.000000 (Debug: 2 2)
[2018.08.15-14.18.54:605][  0]LogShaderCompilers: Guid format shader working directory is -22 characters bigger than the processId version (../../../../../../Users/mikey/Documents/Unreal Projects/BeyondHuman/Intermediate/Shaders/WorkingDirectory/16852/).
[2018.08.15-14.18.54:605][  0]LogShaderCompilers: Cleaned the shader compiler working directory 'C:/Users/mikey/AppData/Local/Temp/UnrealShaderWorkingDir/4F8EA1ED43E6DAC4082436BFE3AD22F5/'.
[2018.08.15-14.19.03:058][  0]LogTemp: Display: Loaded TP AllDesktopTargetPlatform
[2018.08.15-14.19.03:132][  0]LogTemp: Display: Loaded TP MacClientTargetPlatform
[2018.08.15-14.19.03:199][  0]LogTemp: Display: Loaded TP MacNoEditorTargetPlatform
[2018.08.15-14.19.03:248][  0]LogTemp: Display: Loaded TP MacServerTargetPlatform
[2018.08.15-14.19.03:340][  0]LogTemp: Display: Loaded TP MacTargetPlatform
[2018.08.15-14.19.03:441][  0]LogTemp: Display: Loaded TP WindowsClientTargetPlatform
[2018.08.15-14.19.03:536][  0]LogTemp: Display: Loaded TP WindowsNoEditorTargetPlatform
[2018.08.15-14.19.03:578][  0]LogTemp: Display: Loaded TP WindowsServerTargetPlatform
[2018.08.15-14.19.03:645][  0]LogTemp: Display: Loaded TP WindowsTargetPlatform
[2018.08.15-14.19.03:825][  0]LogTemp: Display: Loaded TP AndroidTargetPlatform
[2018.08.15-14.19.03:825][  0]LogTemp: Display: Loaded TP AndroidTargetPlatform
[2018.08.15-14.19.03:825][  0]LogTemp: Display: Loaded TP AndroidTargetPlatform
[2018.08.15-14.19.03:825][  0]LogTemp: Display: Loaded TP AndroidTargetPlatform
[2018.08.15-14.19.03:825][  0]LogTemp: Display: Loaded TP AndroidTargetPlatform
[2018.08.15-14.19.03:825][  0]LogTemp: Display: Loaded TP AndroidTargetPlatform
[2018.08.15-14.19.03:826][  0]LogTemp: Display: Loaded TP AndroidTargetPlatform
[2018.08.15-14.19.03:826][  0]LogTemp: Display: Loaded TP AndroidTargetPlatform
[2018.08.15-14.19.03:826][  0]LogTemp: Display: Loaded TP AndroidTargetPlatform
[2018.08.15-14.19.03:826][  0]LogTemp: Display: Loaded TP AndroidTargetPlatform
[2018.08.15-14.19.03:826][  0]LogTemp: Display: Loaded TP AndroidTargetPlatform
[2018.08.15-14.19.03:826][  0]LogTemp: Display: Loaded TP AndroidTargetPlatform
[2018.08.15-14.19.03:826][  0]LogTemp: Display: Loaded TP AndroidTargetPlatform
[2018.08.15-14.19.03:826][  0]LogTemp: Display: Loaded TP AndroidTargetPlatform
[2018.08.15-14.19.03:826][  0]LogTemp: Display: Loaded TP AndroidTargetPlatform
[2018.08.15-14.19.03:826][  0]LogTemp: Display: Loaded TP AndroidTargetPlatform
[2018.08.15-14.19.03:826][  0]LogTemp: Display: Loaded TP AndroidTargetPlatform
[2018.08.15-14.19.03:826][  0]LogTemp: Display: Loaded TP AndroidTargetPlatform
[2018.08.15-14.19.03:919][  0]LogTemp: Display: Loaded TP HTML5TargetPlatform
[2018.08.15-14.19.04:186][  0]LogTemp: Display: Loaded TP IOSTargetPlatform
[2018.08.15-14.19.04:186][  0]LogTemp: Display: Loaded TP IOSTargetPlatform
[2018.08.15-14.19.04:261][  0]LogTemp: Display: Loaded TP TVOSTargetPlatform
[2018.08.15-14.19.04:261][  0]LogTemp: Display: Loaded TP TVOSTargetPlatform
[2018.08.15-14.19.04:300][  0]LogTemp: Display: Loaded TP LinuxClientTargetPlatform
[2018.08.15-14.19.04:333][  0]LogTemp: Display: Loaded TP LinuxNoEditorTargetPlatform
[2018.08.15-14.19.04:415][  0]LogTemp: Display: Loaded TP LinuxServerTargetPlatform
[2018.08.15-14.19.04:508][  0]LogTemp: Display: Loaded TP LinuxTargetPlatform
[2018.08.15-14.19.04:549][  0]LogTemp: Display: Loaded TP LuminTargetPlatform
[2018.08.15-14.19.04:549][  0]LogTargetPlatformManager: Display: Building Assets For Windows
[2018.08.15-14.19.06:387][  0]LogXGEController: Cleaning working directory: C:/Users/mikey/AppData/Local/Temp/UnrealXGEWorkingDir/
[2018.08.15-14.19.06:387][  0]LogXGEController: Cannot use XGE Controller as Incredibuild is not installed on this machine.
[2018.08.15-14.19.06:387][  0]LogShaderCompilers: Cannot use XGE Shader Compiler as Incredibuild is not installed on this machine.
[2018.08.15-14.19.06:387][  0]LogShaderCompilers: Display: Using Local Shader Compiler.
[2018.08.15-14.19.10:311][  0]LogDerivedDataCache: Display: Max Cache Size: 512 MB
[2018.08.15-14.19.11:212][  0]LogDerivedDataCache: Loaded boot cache 0.90s 71MB C:/Users/mikey/AppData/Local/UnrealEngine/4.20/DerivedDataCache/Boot.ddc.
[2018.08.15-14.19.11:214][  0]LogDerivedDataCache: Display: Loaded Boot cache: C:/Users/mikey/AppData/Local/UnrealEngine/4.20/DerivedDataCache/Boot.ddc
[2018.08.15-14.19.11:214][  0]LogDerivedDataCache: FDerivedDataBackendGraph:  Pak pak cache file ../../../../../../Users/mikey/Documents/Unreal Projects/BeyondHuman/DerivedDataCache/DDC.ddp not found, will not use a pak cache.
[2018.08.15-14.19.11:214][  0]LogDerivedDataCache: Unable to find inner node Pak for hierarchical cache Hierarchy.
[2018.08.15-14.19.11:214][  0]LogDerivedDataCache: FDerivedDataBackendGraph:  CompressedPak pak cache file ../../../../../../Users/mikey/Documents/Unreal Projects/BeyondHuman/DerivedDataCache/Compressed.ddp not found, will not use a pak cache.
[2018.08.15-14.19.11:214][  0]LogDerivedDataCache: Unable to find inner node CompressedPak for hierarchical cache Hierarchy.
[2018.08.15-14.19.11:321][  0]LogDerivedDataCache: Display: Pak cache opened for reading ../../../Engine/DerivedDataCache/Compressed.ddp.
[2018.08.15-14.19.11:378][  0]LogDerivedDataCache: Using Local data cache path C:/Users/mikey/AppData/Local/UnrealEngine/Common/DerivedDataCache: Writable
[2018.08.15-14.19.11:378][  0]LogDerivedDataCache: Shared data cache path not found in *engine.ini, will not use an Shared cache.
[2018.08.15-14.19.11:378][  0]LogDerivedDataCache: Unable to find inner node Shared for hierarchical cache Hierarchy.
[2018.08.15-14.19.11:514][  0]LogMaterial: Verifying Global Shaders for PCD3D_SM5
[2018.08.15-14.19.11:559][  0]LogSlate: Using FreeType 2.6.0
[2018.08.15-14.19.11:754][  0]LogSlate: SlateFontServices - WITH_FREETYPE: 1, WITH_HARFBUZZ: 1
[2018.08.15-14.19.13:746][  0]LogAssetRegistry: FAssetRegistry took 0.0515 seconds to start up
[2018.08.15-14.19.18:810][  0]LogInit: Selected Device Profile: [Windows]
[2018.08.15-14.19.24:744][  0]LogSimplygon: Simplygon DLL not present - disabling.
[2018.08.15-14.19.25:597][  0]LogMeshReduction: Using SimplygonSwarm for distributed automatic mesh merging
[2018.08.15-14.19.25:597][  0]LogMeshReduction: Using ProxyLODMeshReduction for automatic mesh merging
[2018.08.15-14.19.25:597][  0]LogMeshReduction: Using QuadricMeshReduction for automatic static mesh reduction
[2018.08.15-14.19.25:597][  0]LogMeshReduction: No automatic skeletal mesh reduction module available
[2018.08.15-14.19.28:020][  0]LogNetVersion: BeyondHuman 1.0.0, NetCL: 4212847, EngineNetVer: 5, GameNetVer: 0 (Checksum: 671501493)
[2018.08.15-14.19.41:085][  0]LogPackageLocalizationCache: Processed 11 localized package path(s) for 2 prioritized culture(s) in 0.187193 seconds
[2018.08.15-14.19.41:160][  0]LogUObjectArray: 38425 objects as part of root set at end of initial load.
[2018.08.15-14.19.41:160][  0]LogUObjectAllocator: 6690864 out of 0 bytes used by permanent object pool.
[2018.08.15-14.19.41:160][  0]LogUObjectArray: CloseDisregardForGC: 0/0 objects in disregard for GC pool
[2018.08.15-14.21.19:550][  0]LogSubstanceCoreModule: Substance [CPU] Engine Loaded, Max Texture Size = 2048
[2018.08.15-14.21.20:060][  0]LogTcpMessaging: Initializing TcpMessaging bridge
[2018.08.15-14.21.20:333][  0]LogUdpMessaging: Initializing bridge on interface 0.0.0.0:0 to multicast group 230.0.0.1:6666.
[2018.08.15-14.21.27:459][  0]SourceControl: Source control is disabled
[2018.08.15-14.21.27:503][  0]SourceControl: Source control is disabled
[2018.08.15-14.21.28:007][  0]SourceControl: Source control is disabled
[2018.08.15-14.21.28:085][  0]SourceControl: Source control is disabled
[2018.08.15-14.21.35:301][  0]LogAndroidPermission: UAndroidPermissionCallbackProxy::GetInstance
[2018.08.15-14.21.36:039][  0]LogOcInput: OculusInput pre-init called
[2018.08.15-14.21.40:445][  0]LogEngine: Initializing Engine...
[2018.08.15-14.21.40:585][  0]LogHMD: Failed to initialize OpenVR with code 110
[2018.08.15-14.21.40:737][  0]LogStats: UGameplayTagsManager::ConstructGameplayTagTree: ImportINI prefixes -  0.000 s
[2018.08.15-14.21.40:738][  0]LogStats: UGameplayTagsManager::ConstructGameplayTagTree: Construct from data asset -  0.000 s
[2018.08.15-14.21.40:738][  0]LogStats: UGameplayTagsManager::ConstructGameplayTagTree: ImportINI -  0.000 s
[2018.08.15-14.21.40:738][  0]LogStats: UGameplayTagsManager::ConstructGameplayTagTree: GameplayTagTreeChangedEvent.Broadcast -  0.000 s
[2018.08.15-14.21.42:007][  0]LogInit: Initializing FReadOnlyCVARCache
[2018.08.15-14.21.43:963][  0]LogAIModule: Creating AISystem for world Untitled
[2018.08.15-14.21.44:686][  0]LogInit: XAudio2 using 'Speakers / Headphones (Realtek Audio)' : 2 channels at 48 kHz using 32 bits per sample (channel mask 0x3)
[2018.08.15-14.21.45:074][  0]LogInit: FAudioDevice initialized.
[2018.08.15-14.21.45:133][  0]LogNetVersion: Set ProjectVersion to 1.0.0.0. Version Checksum will be recalculated on next use.
[2018.08.15-14.21.45:537][  0]LogDerivedDataCache: Saved boot cache 0.40s 71MB C:/Users/mikey/AppData/Local/UnrealEngine/4.20/DerivedDataCache/Boot.ddc.
[2018.08.15-14.21.45:619][  0]LogInit: Texture streaming: Enabled
[2018.08.15-14.21.46:748][  0]LogEngineSessionManager: EngineSessionManager initialized
[2018.08.15-14.21.48:359][  0]LogInit: Transaction tracking system initialized
[2018.08.15-14.21.51:336][  0]BlueprintLog: New page: Editor Load
[2018.08.15-14.21.59:048][  0]LocalizationService: Localization service is disabled
[2018.08.15-14.22.07:677][  0]LogFileCache: Scanning file cache for directory 'C:/Users/mikey/Documents/Unreal Projects/BeyondHuman/Content/' took 0.10s
[2018.08.15-14.22.07:677][  0]LogCook: Display: Max memory allowance for cook 16384mb min free memory 0mb
[2018.08.15-14.22.07:689][  0]LogCook: Display: Mobile HDR setting 1
[2018.08.15-14.22.07:752][  0]LogGameplayTags: Display: UGameplayTagsManager::DoneAddingNativeTags. DelegateIsBound: 0
[2018.08.15-14.22.07:752][  0]LogStats: UGameplayTagsManager::ConstructGameplayTagTree: ImportINI prefixes -  0.000 s
[2018.08.15-14.22.07:752][  0]LogStats: UGameplayTagsManager::ConstructGameplayTagTree: Construct from data asset -  0.000 s
[2018.08.15-14.22.07:753][  0]LogStats: UGameplayTagsManager::ConstructGameplayTagTree: ImportINI -  0.000 s
[2018.08.15-14.22.07:753][  0]LogStats: UGameplayTagsManager::ConstructGameplayTagTree: GameplayTagTreeChangedEvent.Broadcast -  0.000 s
[2018.08.15-14.22.14:557][  0]SourceControl: Source control is disabled
[2018.08.15-14.22.14:627][  0]Cmd: MAP LOAD FILE="../../../../../../Users/mikey/Documents/Unreal Projects/BeyondHuman/Content/Maps/Meshing.umap" TEMPLATE=0 SHOWPROGRESS=1 FEATURELEVEL=3
[2018.08.15-14.22.14:658][  0]LightingResults: New page: Lighting Build
[2018.08.15-14.22.15:154][  0]MapCheck: New page: Map Check
[2018.08.15-14.22.15:154][  0]LightingResults: New page: Lighting Build
[2018.08.15-14.22.15:173][  0]LogGarbage: Warning: 8.777492 ms for acquiring GC lock
[2018.08.15-14.22.47:527][  0]LogTexture: Display: Building textures: BuildingSmall_M_BuildingSmall_Emissive (AutoDXT, 2048X2048)
[2018.08.15-14.22.47:527][  0]LogTexture: Display: Building textures: BuildingSmall_M_BuildingSmall_BaseColor (AutoDXT, 2048X2048)
[2018.08.15-14.22.47:528][  0]LogTexture: Display: Building textures: BuildingSmall_M_BuildingSmall_Metallic (AutoDXT, 2048X2048)
[2018.08.15-14.22.47:528][  0]LogTexture: Display: Building textures: BuildingSmall_M_BuildingSmall_Roughness (AutoDXT, 2048X2048)
[2018.08.15-14.23.03:115][  0]LogTexture: Display: Building textures: BuildingSmall_M_BuildingSmall_Normal (BC5, 2048X2048)
[2018.08.15-14.23.12:948][  0]LogStaticMesh: Building static mesh BuildingSmall...
[2018.08.15-14.23.13:365][  0]LogStaticMesh: Built static mesh [0.42s] /Game/Meshes/BuildingSmall.BuildingSmall
[2018.08.15-14.23.32:577][  0]LogAIModule: Creating AISystem for world Meshing
[2018.08.15-14.23.34:614][  0]LogEditorServer: Finished looking for orphan Actors (0.016 secs)
[2018.08.15-14.23.35:063][  0]Cmd: MAP CHECKDEP NOCLEARLOG
[2018.08.15-14.23.35:740][  0]MapCheck: Map check complete: 0 Error(s), 0 Warning(s), took 677.394ms to complete.
[2018.08.15-14.23.35:943][  0]LogFileHelpers: Loading map 'Meshing' took 81.345
[2018.08.15-14.23.47:610][  0]LogSlate: Updating window title bar state: overlay mode, drag disabled, window buttons hidden, title bar hidden
[2018.08.15-14.23.47:664][  0]LogSlate: Updating window title bar state: overlay mode, drag disabled, window buttons hidden, title bar hidden
[2018.08.15-14.23.47:680][  0]LogSlate: Updating window title bar state: overlay mode, drag disabled, window buttons hidden, title bar hidden
[2018.08.15-14.23.47:696][  0]LogSlate: Updating window title bar state: overlay mode, drag disabled, window buttons hidden, title bar hidden
[2018.08.15-14.23.48:044][  0]LogCollectionManager: Loaded 0 collections in 0.002593 seconds
[2018.08.15-14.23.48:377][  0]LogFileCache: Scanning file cache for directory 'C:/Users/mikey/Documents/Unreal Projects/BeyondHuman/Saved/Collections/' took 0.01s
[2018.08.15-14.23.48:377][  0]LogFileCache: Scanning file cache for directory 'C:/Users/mikey/Documents/Unreal Projects/BeyondHuman/Content/Developers/mikey/Collections/' took 0.01s
[2018.08.15-14.23.48:377][  0]LogFileCache: Scanning file cache for directory 'C:/Users/mikey/Documents/Unreal Projects/BeyondHuman/Content/Collections/' took 0.01s
[2018.08.15-14.23.48:377][  0]LogCollectionManager: Rebuilt the GUID cache for 0 collections in 0.000001 seconds
[2018.08.15-14.23.48:407][  0]LogContentBrowser: Native class hierarchy populated in 0.0177 seconds. Added 2586 classes and 609 folders.
[2018.08.15-14.23.48:657][  0]LogContentBrowser: Native class hierarchy updated for 'WidgetCarousel' in 0.0006 seconds. Added 0 classes and 0 folders.
[2018.08.15-14.23.50:193][  0]LogContentBrowser: Native class hierarchy updated for 'AddContentDialog' in 0.0004 seconds. Added 0 classes and 0 folders.
[2018.08.15-14.23.50:332][  0]LogContentBrowser: Native class hierarchy updated for 'SceneOutliner' in 0.0005 seconds. Added 1 classes and 2 folders.
[2018.08.15-14.23.52:532][  0]LogSlate: Took 0.417968 seconds to synchronously load lazily loaded font '../../../Engine/Content/Slate/Fonts/Roboto-Regular.ttf' (155K)
[2018.08.15-14.23.52:792][  0]LogSlate: Took 0.088650 seconds to synchronously load lazily loaded font '../../../Engine/Content/Slate/Fonts/Roboto-Bold.ttf' (160K)
[2018.08.15-14.23.52:976][  0]LogSlate: Took 0.100597 seconds to synchronously load lazily loaded font '../../../Engine/Content/Editor/Slate/Fonts/FontAwesome.ttf' (139K)
[2018.08.15-14.23.54:516][  0]LogRenderer: Reallocating scene render targets to support 1016x676 Format 9 NumSamples 1 (Frame:1).
[2018.08.15-14.23.58:213][  0]LogContentBrowser: Native class hierarchy updated for 'HierarchicalLODOutliner' in 0.0009 seconds. Added 0 classes and 0 folders.
[2018.08.15-14.23.58:213][  0]LogLoad: (Engine Initialization) Total time: 339.80 seconds
[2018.08.15-14.23.58:213][  0]LogLoad: (Engine Initialization) Total Blueprint compile time: 0.00 seconds
[2018.08.15-14.23.58:716][  0]LogSlate: FSceneViewport::OnFocusLost() reason 2
[2018.08.15-14.23.59:272][  0]LogEditorViewport: Clicking on Actor (LMB): StaticMeshActor (Ground)
[2018.08.15-14.24.04:413][  0]LogEditorViewport: Clicking on Actor (LMB): StaticMeshActor (Ground)
[2018.08.15-14.24.04:881][  0]LogEditorViewport: Clicking on Actor (LMB): StaticMeshActor (Ground)
[2018.08.15-14.24.05:186][  0]LogWindowsTextInputMethodSystem: Display: IME system now deactivated.
[2018.08.15-14.24.06:381][  0]LogContentStreaming: Texture pool size now 3000 MB
[2018.08.15-14.24.08:365][  1]LogSubstanceLiveLink: Warning: Unable to send data along socket, closing connection
[2018.08.15-14.24.09:380][  1]LogSlate: Took 0.047490 seconds to synchronously load lazily loaded font '../../../Engine/Content/Slate/Fonts/Roboto-Light.ttf' (167K)
[2018.08.15-14.24.10:103][  5]LogAssetRegistry: Asset discovery search completed in 296.3793 seconds
[2018.08.15-14.24.10:173][  5]LogCollectionManager: Rebuilt the object cache for 0 collections in 0.000002 seconds (found 0 objects)
[2018.08.15-14.24.10:173][  5]LogCollectionManager: Fixed up redirectors for 0 collections in 0.000109 seconds (updated 0 objects)
[2018.08.15-14.25.35:778][702]LogEditorViewport: Clicking on Actor (LMB): StaticMeshActor (WallFront)
[2018.08.15-14.25.41:912][884]LogEditorViewport: Clicking on Actor (LMB): StaticMeshActor (BuildingEntrance)
[2018.08.15-14.25.46:863][ 63]LogDerivedDataCache: Warning: C:/Users/mikey/AppData/Local/UnrealEngine/Common/DerivedDataCache is very slow (0.35MB/s) when accessing C:/Users/mikey/AppData/Local/UnrealEngine/Common/DerivedDataCache/5/4/6/TEXTURE_68A083899C6F4316B8CE0E2958EDE2C2_AUTODXT_C865592D4277B8A6238E88A45EA15__E3D57674B49114610A980039B7133A6D09DC2E7E.udd, consider disabling it.
[2018.08.15-14.25.57:397][419]LogEditorViewport: Clicking on Actor (LMB): StaticMeshActor (WallFront)
[2018.08.15-14.25.59:544][492]LogEditorViewport: Clicking on Actor (LMB): StaticMeshActor (BuildingEntrance)
[2018.08.15-14.26.00:435][524]LogEditorViewport: Clicking on Actor (LMB): StaticMeshActor (BuildingEntrance)
[2018.08.15-14.26.01:369][544]LogEditorViewport: Clicking on Actor (LMB): StaticMeshActor (BuildingEntrance)
[2018.08.15-14.26.48:994][814]LogEditorViewport: Clicking on Actor (LMB): StaticMeshActor (WallFront)
[2018.08.15-14.26.59:108][144]LogSlate: FSceneViewport::OnFocusLost() reason 0
[2018.08.15-14.27.39:160][281]Cmd: TRANSACTION UNDO
[2018.08.15-14.27.39:160][281]LogEditorTransaction: Undo Move Actors
[2018.08.15-14.27.39:317][281]LogSlate: Took 0.101556 seconds to synchronously load lazily loaded font '../../../Engine/Content/Slate/Fonts/Roboto-Light.ttf' (167K)
[2018.08.15-14.27.51:057][798]LogSlate: FSceneViewport::OnFocusLost() reason 2
[2018.08.15-14.28.07:260][722]LogSlate: FSceneViewport::OnFocusLost() reason 0
[2018.08.15-14.33.58:665][  8]LogFileHelpers: Editor autosave (incl. sublevels) for '/Game/Maps/Meshing' took 0.041
[2018.08.15-14.36.57:707][773]LogSlate: FSceneViewport::OnFocusLost() reason 2
[2018.08.15-14.36.58:960][843]LogSlate: FSceneViewport::OnFocusLost() reason 2
[2018.08.15-14.37.03:489][ 37]LogEditorViewport: Clicking on Actor (LMB): StaticMeshActor (WallFront)
[2018.08.15-14.37.05:833][134]LogSlate: FSceneViewport::OnFocusLost() reason 0
[2018.08.15-14.37.30:692][927]LogEditorFactories: Performing atomic reimport of [C:/Users/mikey/Dropbox/Docs/Projects/Beyond Human/Exports/Buildings/WallFront.fbx]
[2018.08.15-14.37.31:167][927]LogFbx: Loading FBX Scene from C:/Users/mikey/Dropbox/Docs/Projects/Beyond Human/Exports/Buildings/WallFront.fbx
[2018.08.15-14.37.31:256][927]LogFbx: FBX Scene Loaded Succesfully
[2018.08.15-14.37.31:629][927]LogStaticMesh: Building static mesh WallFront...
[2018.08.15-14.37.31:673][927]LogStaticMesh: Built static mesh [0.04s] /Game/Meshes/WallFront.WallFront
[2018.08.15-14.37.31:731][927]LogStaticMesh: Warning: WallFront has some nearly zero bi-normals which can create some issues. (Tolerance of 1E-4)
[2018.08.15-14.37.37:073][927]LogSlate: Window 'Reimport Material Conflicts Resolution' being destroyed
[2018.08.15-14.37.37:228][927]LogEditorFactories: -- imported successfully
[2018.08.15-14.37.37:268][927]FBXImport: Warning: No smoothing group information was found in this FBX scene.  Please make sure to enable the 'Export Smoothing Groups' option in the FBX Exporter plug-in before exporting the file.  Even for tools that don't support smoothing groups, the FBX Exporter will generate appropriate smoothing data at export-time so that correct vertex normals can be inferred while importing. 
[2018.08.15-14.37.37:268][927]FBXImport: Warning: WallFront has some nearly zero bi-normals which can create some issues. (Tolerance of 1E-4) 
[2018.08.15-14.37.42:411][184]LogEditorViewport: Clicking on Actor (LMB): StaticMeshActor (BuildingEntrance)
[2018.08.15-14.37.44:389][280]LogEditorViewport: Clicking on Actor (LMB): StaticMeshActor (WallFront)
[2018.08.15-14.37.45:239][320]LogEditorViewport: Clicking on Actor (LMB): StaticMeshActor (BuildingEntrance)
[2018.08.15-14.40.02:937][791]LogSlate: FSceneViewport::OnFocusLost() reason 2
[2018.08.15-14.40.03:743][807]LogEditorViewport: Clicking on Actor (LMB): StaticMeshActor (BuildingEntrance)
[2018.08.15-14.40.04:049][819]LogEditorViewport: Clicking on Actor (context menu): StaticMeshActor (BuildingEntrance)
[2018.08.15-14.40.04:565][819]LogSlate: FSceneViewport::OnFocusLost() reason 2
[2018.08.15-14.40.05:728][881]LogSlate: FSceneViewport::OnFocusLost() reason 2
[2018.08.15-14.40.11:577][972]LogEditorFactories: Performing atomic reimport of [C:/Users/mikey/Dropbox/Docs/Projects/Beyond Human/Exports/Buildings/BuildingEntrance.fbx]
[2018.08.15-14.40.11:666][972]LogFbx: Loading FBX Scene from C:/Users/mikey/Dropbox/Docs/Projects/Beyond Human/Exports/Buildings/BuildingEntrance.fbx
[2018.08.15-14.40.11:679][972]LogFbx: FBX Scene Loaded Succesfully
[2018.08.15-14.40.11:839][972]LogStaticMesh: Building static mesh BuildingEntrance...
[2018.08.15-14.40.11:943][972]LogStaticMesh: Built static mesh [0.10s] /Game/Meshes/BuildingEntrance.BuildingEntrance
[2018.08.15-14.40.11:956][972]LogStaticMesh: Warning: BuildingEntrance has degenerate tangent bases which will result in incorrect shading.  MikkTSpace relies on tangent bases and may result in mesh corruption, consider disabling this option.
[2018.08.15-14.40.11:956][972]LogStaticMesh: Warning: BuildingEntrance has some nearly zero bi-normals which can create some issues. (Tolerance of 1E-4)
[2018.08.15-14.40.12:002][972]LogEditorFactories: -- imported successfully
[2018.08.15-14.40.12:012][972]FBXImport: Warning: No smoothing group information was found in this FBX scene.  Please make sure to enable the 'Export Smoothing Groups' option in the FBX Exporter plug-in before exporting the file.  Even for tools that don't support smoothing groups, the FBX Exporter will generate appropriate smoothing data at export-time so that correct vertex normals can be inferred while importing. 
[2018.08.15-14.40.12:012][972]FBXImport: Warning: BuildingEntrance has degenerate tangent bases which will result in incorrect shading.  MikkTSpace relies on tangent bases and may result in mesh corruption, consider disabling this option. 
[2018.08.15-14.40.12:012][972]FBXImport: Warning: BuildingEntrance has some nearly zero bi-normals which can create some issues. (Tolerance of 1E-4) 
[2018.08.15-14.40.30:057][846]LogSlate: FSceneViewport::OnFocusLost() reason 0
[2018.08.15-14.40.31:302][848]LogSlate: Window 'Save Content' being destroyed
[2018.08.15-14.40.32:787][848]Cmd: OBJ SAVEPACKAGE PACKAGE="/Game/Maps/Meshing" FILE="../../../../../../Users/mikey/Documents/Unreal Projects/BeyondHuman/Content/Maps/Meshing.umap" SILENT=true AUTOSAVING=false KEEPDIRTY=false
[2018.08.15-14.40.33:717][848]LogSavePackage: Moving '../../../../../../Users/mikey/Documents/Unreal Projects/BeyondHuman/Saved/Meshing5C484BD643BCEAAD112AA6A404B3EE9F.tmp' to '../../../../../../Users/mikey/Documents/Unreal Projects/BeyondHuman/Content/Maps/Meshing.umap'
[2018.08.15-14.40.33:846][848]LogFileHelpers: Saving map 'Meshing' took 2.352
[2018.08.15-14.40.33:915][848]Cmd: OBJ SAVEPACKAGE PACKAGE="/Game/Meshes/BuildingEntrance" FILE="../../../../../../Users/mikey/Documents/Unreal Projects/BeyondHuman/Content/Meshes/BuildingEntrance.uasset" SILENT=true
[2018.08.15-14.40.33:968][848]LogSavePackage: Moving '../../../../../../Users/mikey/Documents/Unreal Projects/BeyondHuman/Saved/BuildingEntrance1D1A47364F658BF56FBDEF869F34D15B.tmp' to '../../../../../../Users/mikey/Documents/Unreal Projects/BeyondHuman/Content/Meshes/BuildingEntrance.uasset'
[2018.08.15-14.40.34:016][848]Cmd: OBJ SAVEPACKAGE PACKAGE="/Game/Meshes/WallFront" FILE="../../../../../../Users/mikey/Documents/Unreal Projects/BeyondHuman/Content/Meshes/WallFront.uasset" SILENT=true
[2018.08.15-14.40.34:053][848]LogSavePackage: Moving '../../../../../../Users/mikey/Documents/Unreal Projects/BeyondHuman/Saved/WallFront31EDE8F24140DA70877E00A7A8C2A4DE.tmp' to '../../../../../../Users/mikey/Documents/Unreal Projects/BeyondHuman/Content/Meshes/WallFront.uasset'
[2018.08.15-14.41.22:863][ 94]LogEditorFactories: Performing atomic reimport of [C:/Users/mikey/Dropbox/Docs/Projects/Beyond Human/Exports/Buildings/BuildingEntrance.fbx]
[2018.08.15-14.41.22:918][ 94]LogFbx: Loading FBX Scene from C:/Users/mikey/Dropbox/Docs/Projects/Beyond Human/Exports/Buildings/BuildingEntrance.fbx
[2018.08.15-14.41.22:931][ 94]LogFbx: FBX Scene Loaded Succesfully
[2018.08.15-14.41.23:163][ 94]LogStaticMesh: Building static mesh BuildingEntrance...
[2018.08.15-14.41.23:298][ 94]LogStaticMesh: Built static mesh [0.23s] /Game/Meshes/BuildingEntrance.BuildingEntrance
[2018.08.15-14.41.23:434][ 94]LogStaticMesh: Warning: BuildingEntrance has degenerate tangent bases which will result in incorrect shading.  MikkTSpace relies on tangent bases and may result in mesh corruption, consider disabling this option.
[2018.08.15-14.41.23:434][ 94]LogStaticMesh: Warning: BuildingEntrance has some nearly zero bi-normals which can create some issues. (Tolerance of 1E-4)
[2018.08.15-14.41.23:559][ 94]LogEditorFactories: -- imported successfully
[2018.08.15-14.41.23:571][ 94]FBXImport: Warning: No smoothing group information was found in this FBX scene.  Please make sure to enable the 'Export Smoothing Groups' option in the FBX Exporter plug-in before exporting the file.  Even for tools that don't support smoothing groups, the FBX Exporter will generate appropriate smoothing data at export-time so that correct vertex normals can be inferred while importing. 
[2018.08.15-14.41.23:571][ 94]FBXImport: Warning: BuildingEntrance has degenerate tangent bases which will result in incorrect shading.  MikkTSpace relies on tangent bases and may result in mesh corruption, consider disabling this option. 
[2018.08.15-14.41.23:572][ 94]FBXImport: Warning: BuildingEntrance has some nearly zero bi-normals which can create some issues. (Tolerance of 1E-4) 
[2018.08.15-14.41.50:369][347]LogSlate: FSceneViewport::OnFocusLost() reason 2
[2018.08.15-14.47.21:374][551]LogSlate: FSceneViewport::OnFocusLost() reason 2
[2018.08.15-14.47.35:102][248]LogSlate: FSceneViewport::OnFocusLost() reason 2
[2018.08.15-14.47.36:193][309]LogSlate: FSceneViewport::OnFocusLost() reason 2
[2018.08.15-14.47.38:073][418]LogSlate: FSceneViewport::OnFocusLost() reason 2
[2018.08.15-14.47.38:094][418]LogSlate: FSceneViewport::OnFocusLost() reason 2
[2018.08.15-14.47.38:952][468]LogSlate: FSceneViewport::OnFocusLost() reason 2
[2018.08.15-14.47.42:139][657]LogSlate: FSceneViewport::OnFocusLost() reason 2
[2018.08.15-14.47.43:781][753]LogSlate: FSceneViewport::OnFocusLost() reason 2
[2018.08.15-14.47.45:475][853]LogSlate: FSceneViewport::OnFocusLost() reason 2
[2018.08.15-14.48.02:745][790]LogRenderer: Reallocating scene render targets to support 1016x676 Format 10 NumSamples 1 (Frame:9357).
[2018.08.15-14.48.12:205][219]LogSlate: FSceneViewport::OnFocusLost() reason 2
[2018.08.15-14.48.15:296][397]LogSlate: FSceneViewport::OnFocusLost() reason 2
[2018.08.15-14.48.19:161][562]LogSlate: FSceneViewport::OnFocusLost() reason 0
[2018.08.15-14.48.23:124][684]LogSlate: FSceneViewport::OnFocusLost() reason 0
[2018.08.15-14.48.25:807][684]LogSlate: Window 'Save Content' being destroyed
[2018.08.15-14.48.25:829][684]LogSlate: FSceneViewport::OnFocusLost() reason 2
[2018.08.15-14.48.26:046][684]Cmd: OBJ SAVEPACKAGE PACKAGE="/Game/Maps/Meshing" FILE="../../../../../../Users/mikey/Documents/Unreal Projects/BeyondHuman/Content/Maps/Meshing.umap" SILENT=true AUTOSAVING=false KEEPDIRTY=false
[2018.08.15-14.48.26:611][684]LogSavePackage: Moving '../../../../../../Users/mikey/Documents/Unreal Projects/BeyondHuman/Saved/Meshing666587F047D3C67E2A04948C4698D147.tmp' to '../../../../../../Users/mikey/Documents/Unreal Projects/BeyondHuman/Content/Maps/Meshing.umap'
[2018.08.15-14.48.26:645][684]LogFileHelpers: Saving map 'Meshing' took 0.791
[2018.08.15-14.48.26:716][684]Cmd: OBJ SAVEPACKAGE PACKAGE="/Game/Meshes/BuildingEntrance" FILE="../../../../../../Users/mikey/Documents/Unreal Projects/BeyondHuman/Content/Meshes/BuildingEntrance.uasset" SILENT=true
[2018.08.15-14.48.26:785][684]LogSavePackage: Moving '../../../../../../Users/mikey/Documents/Unreal Projects/BeyondHuman/Saved/BuildingEntranceFA42BA6B4C38042974D6D5AC8ECFC9AC.tmp' to '../../../../../../Users/mikey/Documents/Unreal Projects/BeyondHuman/Content/Meshes/BuildingEntrance.uasset'
[2018.08.15-14.48.41:621][ 38]LogEditorViewport: Clicking on Actor (LMB): StaticMeshActor (GirderSQ (6))
[2018.08.15-14.48.42:165][ 55]LogEditorViewport: Clicking on Actor (LMB): StaticMeshActor (GirderTRI (6)2)
[2018.08.15-14.49.26:897][ 10]LogEditorViewport: Clicking on Actor (LMB): StaticMeshActor (BuildingAngled)
[2018.08.15-14.49.30:007][ 96]LogEditorViewport: Clicking on Actor (LMB): StaticMeshActor (Stairs (2))
[2018.08.15-14.52.36:398][424]LogEditorViewport: Clicking on Actor (LMB): StaticMeshActor (Stairs)
[2018.08.15-15.08.16:585][862]LogEditorViewport: Clicking on Actor (LMB): StaticMeshActor (BuildingSmall)
[2018.08.15-15.27.32:659][456]LogSlate: FSceneViewport::OnFocusLost() reason 0
[2018.08.15-15.28.21:839][926]LogSlate: FSceneViewport::OnFocusLost() reason 0
[2018.08.15-15.45.31:982][993]LogEditorViewport: Clicking on Actor (LMB): StaticMeshActor (BuildingEntrance)
[2018.08.15-15.45.35:137][ 32]LogEditorViewport: Clicking on Actor (context menu): StaticMeshActor (BuildingEntrance)
[2018.08.15-15.45.36:152][ 32]LogSlate: FSceneViewport::OnFocusLost() reason 2
[2018.08.15-15.45.39:348][ 89]LogSlate: FSceneViewport::OnFocusLost() reason 2
[2018.08.15-15.45.42:409][184]LogEditorFactories: Performing atomic reimport of [C:/Users/mikey/Dropbox/Docs/Projects/Beyond Human/Exports/Buildings/BuildingEntrance.fbx]
[2018.08.15-15.45.43:310][184]LogFbx: Loading FBX Scene from C:/Users/mikey/Dropbox/Docs/Projects/Beyond Human/Exports/Buildings/BuildingEntrance.fbx
[2018.08.15-15.45.43:377][184]LogFbx: FBX Scene Loaded Succesfully
[2018.08.15-15.45.43:774][184]LogStaticMesh: Building static mesh BuildingEntrance...
[2018.08.15-15.45.43:953][184]LogStaticMesh: Built static mesh [0.18s] /Game/Meshes/BuildingEntrance.BuildingEntrance
[2018.08.15-15.45.44:062][184]LogStaticMesh: Warning: BuildingEntrance has degenerate tangent bases which will result in incorrect shading.  MikkTSpace relies on tangent bases and may result in mesh corruption, consider disabling this option.
[2018.08.15-15.45.44:077][184]LogStaticMesh: Warning: BuildingEntrance has some nearly zero bi-normals which can create some issues. (Tolerance of 1E-4)
[2018.08.15-15.45.45:888][184]LogSlate: Window 'Reimport Material Conflicts Resolution' being destroyed
[2018.08.15-15.45.45:920][184]LogEditorFactories: -- imported successfully
[2018.08.15-15.45.45:947][184]FBXImport: Warning: No smoothing group information was found in this FBX scene.  Please make sure to enable the 'Export Smoothing Groups' option in the FBX Exporter plug-in before exporting the file.  Even for tools that don't support smoothing groups, the FBX Exporter will generate appropriate smoothing data at export-time so that correct vertex normals can be inferred while importing. 
[2018.08.15-15.45.45:947][184]FBXImport: Warning: BuildingEntrance has degenerate tangent bases which will result in incorrect shading.  MikkTSpace relies on tangent bases and may result in mesh corruption, consider disabling this option. 
[2018.08.15-15.45.45:947][184]FBXImport: Warning: BuildingEntrance has some nearly zero bi-normals which can create some issues. (Tolerance of 1E-4) 
[2018.08.15-15.45.54:214][441]LogSlate: FSceneViewport::OnFocusLost() reason 2
[2018.08.15-15.46.05:875][  2]LogSlate: FSceneViewport::OnFocusLost() reason 0
[2018.08.15-15.46.06:131][  6]LogAssetEditorManager: Opening Asset editor for StaticMesh /Game/Meshes/BuildingEntrance.BuildingEntrance
[2018.08.15-15.46.14:629][  6]LogRenderer: Reallocating scene render targets to support 1168x688 Format 10 NumSamples 1 (Frame:1).
[2018.08.15-15.46.14:630][  6]LogSlate: Took 0.015133 seconds to synchronously load lazily loaded font '../../../Engine/Content/Slate/Fonts/Roboto-Italic.ttf' (157K)
[2018.08.15-15.46.19:932][220]LogSlate: FSceneViewport::OnFocusLost() reason 0
[2018.08.15-15.46.20:391][223]Cmd: OBJ SAVEPACKAGE PACKAGE="/Game/Maps/Meshing" FILE="../../../../../../Users/mikey/Documents/Unreal Projects/BeyondHuman/Content/Maps/Meshing.umap" SILENT=true AUTOSAVING=false KEEPDIRTY=false
[2018.08.15-15.46.22:166][223]LogSavePackage: Moving '../../../../../../Users/mikey/Documents/Unreal Projects/BeyondHuman/Saved/Meshing1D4E3E0D432E2303E2392D833C0381DB.tmp' to '../../../../../../Users/mikey/Documents/Unreal Projects/BeyondHuman/Content/Maps/Meshing.umap'
[2018.08.15-15.46.26:235][372]LogSlate: FSceneViewport::OnFocusLost() reason 0
[2018.08.15-15.46.26:379][376]LogSlate: Window 'BuildingEntrance*' being destroyed
[2018.08.15-15.46.26:407][376]LogSlate: Window 'BuildingEntrance*' being destroyed
[2018.08.15-15.46.28:281][376]LogSlate: FSceneViewport::OnFocusLost() reason 0
[2018.08.15-15.46.33:128][620]LogSlate: FSceneViewport::OnFocusLost() reason 0
[2018.08.15-15.46.33:297][625]LogAssetEditorManager: Opening Asset editor for StaticMesh /Game/Meshes/BuildingAngled.BuildingAngled
[2018.08.15-15.46.44:659][ 45]LogSlate: FSceneViewport::OnFocusLost() reason 0
[2018.08.15-15.47.13:448][131]LogRenderer: Reallocating scene render targets to support 1252x892 Format 10 NumSamples 1 (Frame:1332).
[2018.08.15-15.47.31:769][642]LogSlate: FSceneViewport::OnFocusLost() reason 0
[2018.08.15-15.47.31:823][645]LogSlate: Window 'BuildingAngled' being destroyed
[2018.08.15-15.47.31:835][645]LogSlate: Window 'BuildingAngled' being destroyed
[2018.08.15-15.47.37:404][945]LogEditorViewport: Clicking on Actor (LMB): StaticMeshActor (BuildingAngled)
[2018.08.15-15.47.46:388][392]LogSlate: FSceneViewport::OnFocusLost() reason 0
[2018.08.15-15.47.58:520][735]LogSlate: Window 'Delete Assets' being destroyed
[2018.08.15-15.50.12:274][210]LogEditorViewport: Clicking on Actor (LMB): StaticMeshActor (BuildingEntrance)
[2018.08.15-15.50.17:348][440]LogSlate: FSceneViewport::OnFocusLost() reason 0
[2018.08.15-15.50.24:643][738]LogSlate: FSceneViewport::OnFocusLost() reason 0
[2018.08.15-15.50.46:015][703]LogSlate: FSceneViewport::OnFocusLost() reason 0
[2018.08.15-15.50.50:687][861]LogEditorFactories: Performing atomic reimport of [C:/Users/mikey/Dropbox/Docs/Projects/Beyond Human/Exports/Buildings/BuildingEntrance.fbx]
[2018.08.15-15.50.50:840][861]LogFbx: Loading FBX Scene from C:/Users/mikey/Dropbox/Docs/Projects/Beyond Human/Exports/Buildings/BuildingEntrance.fbx
[2018.08.15-15.50.50:866][861]LogFbx: FBX Scene Loaded Succesfully
[2018.08.15-15.50.51:009][861]LogStaticMesh: Building static mesh BuildingEntrance...
[2018.08.15-15.50.51:116][861]LogStaticMesh: Built static mesh [0.11s] /Game/Meshes/BuildingEntrance.BuildingEntrance
[2018.08.15-15.50.51:151][861]LogStaticMesh: Warning: BuildingEntrance has degenerate tangent bases which will result in incorrect shading.  MikkTSpace relies on tangent bases and may result in mesh corruption, consider disabling this option.
[2018.08.15-15.50.51:151][861]LogStaticMesh: Warning: BuildingEntrance has some nearly zero bi-normals which can create some issues. (Tolerance of 1E-4)
[2018.08.15-15.50.51:178][861]LogEditorFactories: -- imported successfully
[2018.08.15-15.50.51:189][861]FBXImport: Warning: No smoothing group information was found in this FBX scene.  Please make sure to enable the 'Export Smoothing Groups' option in the FBX Exporter plug-in before exporting the file.  Even for tools that don't support smoothing groups, the FBX Exporter will generate appropriate smoothing data at export-time so that correct vertex normals can be inferred while importing. 
[2018.08.15-15.50.51:189][861]FBXImport: Warning: BuildingEntrance has degenerate tangent bases which will result in incorrect shading.  MikkTSpace relies on tangent bases and may result in mesh corruption, consider disabling this option. 
[2018.08.15-15.50.51:189][861]FBXImport: Warning: BuildingEntrance has some nearly zero bi-normals which can create some issues. (Tolerance of 1E-4) 
[2018.08.15-15.50.55:502][ 66]LogSlate: FSceneViewport::OnFocusLost() reason 0
[2018.08.15-15.51.00:708][264]LogSlate: FSceneViewport::OnFocusLost() reason 0
[2018.08.15-15.51.09:707][681]LogEditorViewport: Clicking on Actor (LMB): StaticMeshActor (BuildingEntrance)
[2018.08.15-15.51.10:695][739]LogEditorViewport: Clicking on Actor (LMB): StaticMeshActor (Stairs)
[2018.08.15-15.51.17:722][140]LogSlate: FSceneViewport::OnFocusLost() reason 2
[2018.08.15-15.51.21:654][301]LogEditorViewport: Clicking on Actor (LMB): BP_SearchLight_C (BP_SearchLight7)
[2018.08.15-15.51.22:717][301]LogEditorViewport: Clicking on Actor (LMB): StaticMeshActor (WallLeft)
[2018.08.15-15.51.35:109][781]LogSlate: FSceneViewport::OnFocusLost() reason 0
[2018.08.15-15.51.37:854][847]LogEditorViewport: Clicking on Actor (LMB): StaticMeshActor (WallLeft)
[2018.08.15-15.51.38:802][875]LogEditorViewport: Clicking on Actor (LMB): StaticMeshActor (WallLeft)
[2018.08.15-15.51.51:476][280]LogEditorViewport: Clicking on Actor (LMB): StaticMeshActor (Stairs (2))
[2018.08.15-15.51.52:516][302]LogEditorViewport: Clicking on Actor (LMB): StaticMeshActor (BuildingSmall)
[2018.08.15-15.51.53:409][318]LogEditorViewport: Clicking on Actor (LMB): StaticMeshActor (BuildingEntrance)
[2018.08.15-15.51.56:439][408]LogEditorViewport: Clicking on Actor (LMB): StaticMeshActor (Stairs)
[2018.08.15-15.51.58:197][444]LogEditorViewport: Clicking on Actor (LMB): StaticMeshActor (TunnelSlope)
[2018.08.15-15.55.35:749][514]LogSlate: FSceneViewport::OnFocusLost() reason 0
[2018.08.15-15.55.36:812][515]LogSlate: Window 'Save Content' being destroyed
[2018.08.15-15.55.36:931][515]LogSlate: FSceneViewport::OnFocusLost() reason 2
[2018.08.15-15.55.48:758][515]Cmd: OBJ SAVEPACKAGE PACKAGE="/Game/Maps/Meshing" FILE="../../../../../../Users/mikey/Documents/Unreal Projects/BeyondHuman/Content/Maps/Meshing.umap" SILENT=true AUTOSAVING=false KEEPDIRTY=false
[2018.08.15-15.55.49:166][515]LogSavePackage: Moving '../../../../../../Users/mikey/Documents/Unreal Projects/BeyondHuman/Saved/MeshingF0C1BC474F6777F9AC25E4A4D476B1E9.tmp' to '../../../../../../Users/mikey/Documents/Unreal Projects/BeyondHuman/Content/Maps/Meshing.umap'
[2018.08.15-15.55.49:184][515]LogFileHelpers: Saving map 'Meshing' took 12.231
[2018.08.15-15.55.49:319][515]Cmd: OBJ SAVEPACKAGE PACKAGE="/Game/Meshes/BuildingAngled" FILE="../../../../../../Users/mikey/Documents/Unreal Projects/BeyondHuman/Content/Meshes/BuildingAngled.uasset" SILENT=true
[2018.08.15-15.55.49:567][515]LogSavePackage: Moving '../../../../../../Users/mikey/Documents/Unreal Projects/BeyondHuman/Saved/BuildingAngledBDB8B497497BFC92491C04B5C18BDDE4.tmp' to '../../../../../../Users/mikey/Documents/Unreal Projects/BeyondHuman/Content/Meshes/BuildingAngled.uasset'
[2018.08.15-15.55.49:668][515]Cmd: OBJ SAVEPACKAGE PACKAGE="/Game/Meshes/BuildingEntrance" FILE="../../../../../../Users/mikey/Documents/Unreal Projects/BeyondHuman/Content/Meshes/BuildingEntrance.uasset" SILENT=true
[2018.08.15-15.55.49:729][515]LogSavePackage: Moving '../../../../../../Users/mikey/Documents/Unreal Projects/BeyondHuman/Saved/BuildingEntrance3B1EF11F4FE784C3AF52328A1AFE17E5.tmp' to '../../../../../../Users/mikey/Documents/Unreal Projects/BeyondHuman/Content/Meshes/BuildingEntrance.uasset'
[2018.08.15-15.55.52:326][580]LogSlate: FSceneViewport::OnFocusLost() reason 0
[2018.08.15-15.55.52:665][582]LogSlate: Window 'BeyondHuman - Unreal Editor' being destroyed
[2018.08.15-15.55.52:709][582]LogWindowsTextInputMethodSystem: Display: IME system now deactivated.
[2018.08.15-15.55.53:952][583]Cmd: QUIT_EDITOR
[2018.08.15-15.55.55:062][583]LogExit: Preparing to exit.
[2018.08.15-15.55.57:479][583]LogExit: Editor shut down
[2018.08.15-15.55.57:483][583]LogExit: Transaction tracking system shut down
[2018.08.15-15.56.07:571][583]LogExit: Object subsystem successfully closed.
[2018.08.15-15.56.08:356][583]LogShaderCompilers: Display: Shaders left to compile 0
[2018.08.15-15.56.08:441][583]LogD3D11RHI: Shutdown
[2018.08.15-15.56.08:442][583]LogD3D11RHI: CleanupD3DDevice
[2018.08.15-15.56.08:999][583]LogD3D11RHI: ~FD3D11DynamicRHI
[2018.08.15-15.56.10:857][583]LogModuleManager: Shutting down and abandoning module HierarchicalLODUtilities (624)
[2018.08.15-15.56.10:857][583]LogModuleManager: Shutting down and abandoning module StaticMeshEditor (622)
[2018.08.15-15.56.10:857][583]LogModuleManager: Shutting down and abandoning module HierarchicalLODOutliner (620)
[2018.08.15-15.56.10:857][583]LogModuleManager: Shutting down and abandoning module SceneOutliner (618)
[2018.08.15-15.56.10:857][583]LogModuleManager: Shutting down and abandoning module AddContentDialog (616)
[2018.08.15-15.56.11:204][583]LogModuleManager: Shutting down and abandoning module WidgetCarousel (615)
[2018.08.15-15.56.11:205][583]LogModuleManager: Shutting down and abandoning module EditorWidgets (612)
[2018.08.15-15.56.11:205][583]LogModuleManager: Shutting down and abandoning module CollectionManager (610)
[2018.08.15-15.56.11:223][583]LogModuleManager: Shutting down and abandoning module MeshBuilder (608)
[2018.08.15-15.56.11:223][583]LogModuleManager: Shutting down and abandoning module StatsViewer (606)
[2018.08.15-15.56.11:254][583]LogModuleManager: Shutting down and abandoning module FoliageEdit (604)
[2018.08.15-15.56.11:254][583]LogModuleManager: Shutting down and abandoning module LandscapeEditor (602)
[2018.08.15-15.56.11:341][583]LogModuleManager: Shutting down and abandoning module MeshPaintMode (600)
[2018.08.15-15.56.11:365][583]LogModuleManager: Shutting down and abandoning module SceneDepthPickerMode (598)
[2018.08.15-15.56.11:365][583]LogModuleManager: Shutting down and abandoning module ActorPickerMode (596)
[2018.08.15-15.56.11:365][583]LogModuleManager: Shutting down and abandoning module GeometryMode (594)
[2018.08.15-15.56.11:387][583]LogModuleManager: Shutting down and abandoning module TextureAlignMode (592)
[2018.08.15-15.56.11:387][583]LogModuleManager: Shutting down and abandoning module BspMode (590)
[2018.08.15-15.56.11:387][583]LogModuleManager: Shutting down and abandoning module PIEPreviewDeviceProfileSelector (588)
[2018.08.15-15.56.11:387][583]LogModuleManager: Shutting down and abandoning module SequenceRecorderSections (586)
[2018.08.15-15.56.11:388][583]LogModuleManager: Shutting down and abandoning module AutomationWorker (584)
[2018.08.15-15.56.11:388][583]LogModuleManager: Shutting down and abandoning module AudioCaptureEditor (582)
[2018.08.15-15.56.11:388][583]LogModuleManager: Shutting down and abandoning module SequenceRecorder (581)
[2018.08.15-15.56.11:408][583]LogModuleManager: Shutting down and abandoning module MatineeToLevelSequence (578)
[2018.08.15-15.56.11:408][583]LogModuleManager: Shutting down and abandoning module LevelSequenceEditor (576)
[2018.08.15-15.56.11:468][583]LogModuleManager: Shutting down and abandoning module PlacementMode (575)
[2018.08.15-15.56.11:469][583]LogModuleManager: Shutting down and abandoning module MaterialEditor (574)
[2018.08.15-15.56.11:556][583]LogModuleManager: Shutting down and abandoning module WmfMediaFactory (570)
[2018.08.15-15.56.11:556][583]LogModuleManager: Shutting down and abandoning module WmfMediaEditor (568)
[2018.08.15-15.56.11:556][583]LogModuleManager: Shutting down and abandoning module MediaPlayerEditor (566)
[2018.08.15-15.56.11:585][583]LogModuleManager: Shutting down and abandoning module OpenExrWrapper (564)
[2018.08.15-15.56.11:585][583]LogModuleManager: Shutting down and abandoning module ImgMediaFactory (562)
[2018.08.15-15.56.11:585][583]LogModuleManager: Shutting down and abandoning module ImgMediaEditor (560)
[2018.08.15-15.56.11:585][583]LogModuleManager: Shutting down and abandoning module AvfMediaFactory (558)
[2018.08.15-15.56.11:585][583]LogModuleManager: Shutting down and abandoning module AvfMediaEditor (556)
[2018.08.15-15.56.11:585][583]LogModuleManager: Shutting down and abandoning module AndroidMediaFactory (554)
[2018.08.15-15.56.11:585][583]LogModuleManager: Shutting down and abandoning module AndroidMediaEditor (552)
[2018.08.15-15.56.11:585][583]LogModuleManager: Shutting down and abandoning module MagicLeapCameraPreviewFactory (550)
[2018.08.15-15.56.11:585][583]LogModuleManager: Shutting down and abandoning module MagicLeapMediaFactory (548)
[2018.08.15-15.56.11:586][583]LogModuleManager: Shutting down and abandoning module MagicLeapMediaEditor (546)
[2018.08.15-15.56.11:586][583]LogModuleManager: Shutting down and abandoning module CharacterAI (544)
[2018.08.15-15.56.11:586][583]LogModuleManager: Shutting down and abandoning module SmartSnapping (542)
[2018.08.15-15.56.11:586][583]LogModuleManager: Shutting down and abandoning module SessionServices (540)
[2018.08.15-15.56.11:587][583]LogModuleManager: Shutting down and abandoning module ViewportSnapping (538)
[2018.08.15-15.56.11:587][583]LogModuleManager: Shutting down and abandoning module ViewportInteraction (536)
[2018.08.15-15.56.11:587][583]LogModuleManager: Shutting down and abandoning module ClothPainter (534)
[2018.08.15-15.56.11:641][583]LogModuleManager: Shutting down and abandoning module SkeletalMeshEditor (533)
[2018.08.15-15.56.11:678][583]LogModuleManager: Shutting down and abandoning module LogVisualizer (530)
[2018.08.15-15.56.11:718][583]LogModuleManager: Shutting down and abandoning module IntroTutorials (528)
[2018.08.15-15.56.11:751][583]LogModuleManager: Shutting down and abandoning module GameProjectGeneration (527)
[2018.08.15-15.56.11:771][583]LogModuleManager: Shutting down and abandoning module LuminPlatformEditor (524)
[2018.08.15-15.56.11:771][583]LogModuleManager: Shutting down and abandoning module IOSPlatformEditor (522)
[2018.08.15-15.56.11:790][583]LogModuleManager: Shutting down and abandoning module HTML5PlatformEditor (520)
[2018.08.15-15.56.11:790][583]LogModuleManager: Shutting down and abandoning module AndroidPlatformEditor (518)
[2018.08.15-15.56.11:792][583]LogModuleManager: Shutting down and abandoning module AndroidDeviceDetection (517)
[2018.08.15-15.56.12:579][583]LogModuleManager: Shutting down and abandoning module WindowsPlatformEditor (514)
[2018.08.15-15.56.12:579][583]LogModuleManager: Shutting down and abandoning module LuminRuntimeSettings (512)
[2018.08.15-15.56.12:579][583]LogModuleManager: Shutting down and abandoning module IOSRuntimeSettings (510)
[2018.08.15-15.56.12:579][583]LogModuleManager: Shutting down and abandoning module AndroidRuntimeSettings (508)
[2018.08.15-15.56.12:579][583]LogModuleManager: Shutting down and abandoning module InputBindingEditor (506)
[2018.08.15-15.56.12:581][583]LogModuleManager: Shutting down and abandoning module MergeActors (504)
[2018.08.15-15.56.12:639][583]LogModuleManager: Shutting down and abandoning module LocalizationDashboard (502)
[2018.08.15-15.56.12:670][583]LogModuleManager: Shutting down and abandoning module LocalizationService (501)
[2018.08.15-15.56.12:671][583]LogModuleManager: Shutting down and abandoning module HardwareTargeting (498)
[2018.08.15-15.56.12:671][583]LogModuleManager: Shutting down and abandoning module DeviceProfileEditor (496)
[2018.08.15-15.56.12:672][583]LogModuleManager: Shutting down and abandoning module UndoHistory (494)
[2018.08.15-15.56.12:691][583]LogModuleManager: Shutting down and abandoning module XmlParser (492)
[2018.08.15-15.56.12:712][583]LogModuleManager: Shutting down and abandoning module Blutility (490)
[2018.08.15-15.56.12:723][583]LogModuleManager: Shutting down and abandoning module ProjectSettingsViewer (488)
[2018.08.15-15.56.12:723][583]LogModuleManager: Shutting down and abandoning module ProjectTargetPlatformEditor (487)
[2018.08.15-15.56.12:725][583]LogModuleManager: Shutting down and abandoning module EditorSettingsViewer (484)
[2018.08.15-15.56.12:725][583]LogModuleManager: Shutting down and abandoning module SettingsEditor (482)
[2018.08.15-15.56.12:744][583]LogModuleManager: Shutting down and abandoning module ProjectLauncher (480)
[2018.08.15-15.56.12:761][583]LogModuleManager: Shutting down and abandoning module SessionFrontend (478)
[2018.08.15-15.56.12:773][583]LogModuleManager: Shutting down and abandoning module ProfilerClient (476)
[2018.08.15-15.56.12:781][583]LogModuleManager: Shutting down and abandoning module DeviceManager (474)
[2018.08.15-15.56.12:798][583]LogModuleManager: Shutting down and abandoning module TargetDeviceServices (473)
[2018.08.15-15.56.12:891][583]LogModuleManager: Shutting down and abandoning module AutomationController (470)
[2018.08.15-15.56.12:893][583]LogModuleManager: Shutting down and abandoning module AutomationWindow (468)
[2018.08.15-15.56.12:922][583]LogModuleManager: Shutting down and abandoning module Layers (466)
[2018.08.15-15.56.12:971][583]LogModuleManager: Shutting down and abandoning module ComponentVisualizers (464)
[2018.08.15-15.56.12:972][583]LogModuleManager: Shutting down and abandoning module DetailCustomizations (462)
[2018.08.15-15.56.12:974][583]LogModuleManager: Shutting down and abandoning module PackagesDialog (460)
[2018.08.15-15.56.12:974][583]LogModuleManager: Shutting down and abandoning module Persona (458)
[2018.08.15-15.56.13:040][583]LogModuleManager: Shutting down and abandoning module AdvancedPreviewScene (457)
[2018.08.15-15.56.13:040][583]LogModuleManager: Shutting down and abandoning module AnimGraph (455)
[2018.08.15-15.56.13:041][583]LogModuleManager: Shutting down and abandoning module Kismet (452)
[2018.08.15-15.56.13:072][583]LogModuleManager: Shutting down and abandoning module GraphEditor (450)
[2018.08.15-15.56.13:136][583]LogModuleManager: Shutting down and abandoning module ClassViewer (448)
[2018.08.15-15.56.13:160][583]LogModuleManager: Shutting down and abandoning module Toolbox (446)
[2018.08.15-15.56.13:160][583]LogModuleManager: Shutting down and abandoning module ModuleUI (444)
[2018.08.15-15.56.13:180][583]LogModuleManager: Shutting down and abandoning module MovieSceneTools (442)
[2018.08.15-15.56.13:298][583]LogModuleManager: Shutting down and abandoning module OutputLog (440)
[2018.08.15-15.56.13:298][583]LogModuleManager: Shutting down and abandoning module GammaUI (438)
[2018.08.15-15.56.13:299][583]LogModuleManager: Shutting down and abandoning module Documentation (436)
[2018.08.15-15.56.13:299][583]LogModuleManager: Shutting down and abandoning module MovieSceneTracks (434)
[2018.08.15-15.56.13:299][583]LogModuleManager: Shutting down and abandoning module MovieScene (432)
[2018.08.15-15.56.13:299][583]LogModuleManager: Shutting down and abandoning module StreamingPauseRendering (430)
[2018.08.15-15.56.13:300][583]LogModuleManager: Shutting down and abandoning module LauncherPlatform (428)
[2018.08.15-15.56.13:300][583]LogModuleManager: Shutting down and abandoning module AnalyticsET (426)
[2018.08.15-15.56.13:300][583]LogModuleManager: Shutting down and abandoning module PortalServices (424)
[2018.08.15-15.56.13:300][583]LogModuleManager: Shutting down and abandoning module PortalRpc (422)
[2018.08.15-15.56.13:300][583]LogModuleManager: Shutting down and abandoning module MessagingRpc (420)
[2018.08.15-15.56.13:300][583]LogModuleManager: Shutting down and abandoning module AIModule (418)
[2018.08.15-15.56.13:332][583]LogModuleManager: Shutting down and abandoning module GameplayDebugger (417)
[2018.08.15-15.56.13:344][583]LogModuleManager: Shutting down and abandoning module AITestSuite (415)
[2018.08.15-15.56.13:366][583]LogModuleManager: Shutting down and abandoning module NavigationSystem (413)
[2018.08.15-15.56.13:366][583]LogModuleManager: Shutting down and abandoning module DesktopPlatform (410)
[2018.08.15-15.56.13:375][583]LogModuleManager: Shutting down and abandoning module ProfilerService (408)
[2018.08.15-15.56.13:405][583]LogModuleManager: Shutting down and abandoning module TaskGraph (406)
[2018.08.15-15.56.13:449][583]LogModuleManager: Shutting down and abandoning module SubstanceLiveLink (404)
[2018.08.15-15.56.13:449][583]LogModuleManager: Shutting down and abandoning module SubstanceSource (402)
[2018.08.15-15.56.13:456][583]LogModuleManager: Shutting down and abandoning module SubstanceEditor (400)
[2018.08.15-15.56.13:458][583]LogModuleManager: Shutting down and abandoning module SteamVRController (398)
[2018.08.15-15.56.13:458][583]LogModuleManager: Shutting down and abandoning module ProceduralMeshComponentEditor (396)
[2018.08.15-15.56.13:458][583]LogModuleManager: Shutting down and abandoning module ProceduralMeshComponent (394)
[2018.08.15-15.56.13:477][583]LogModuleManager: Shutting down and abandoning module OculusInput (392)
[2018.08.15-15.56.13:478][583]LogModuleManager: Shutting down and abandoning module MobilePatchingUtils (390)
[2018.08.15-15.56.13:478][583]LogModuleManager: Shutting down and abandoning module EditableMesh (388)
[2018.08.15-15.56.13:479][583]LogModuleManager: Shutting down and abandoning module CustomMeshComponent (386)
[2018.08.15-15.56.13:479][583]LogModuleManager: Shutting down and abandoning module CableComponent (384)
[2018.08.15-15.56.13:479][583]LogModuleManager: Shutting down and abandoning module AudioCapture (382)
[2018.08.15-15.56.13:479][583]LogModuleManager: Shutting down and abandoning module ArchVisCharacter (380)
[2018.08.15-15.56.13:479][583]LogModuleManager: Shutting down and abandoning module AndroidPermission (378)
[2018.08.15-15.56.13:479][583]LogModuleManager: Shutting down and abandoning module NUTUnrealEngine4 (376)
[2018.08.15-15.56.13:479][583]LogModuleManager: Shutting down and abandoning module NetcodeUnitTest (374)
[2018.08.15-15.56.13:526][583]LogModuleManager: Shutting down and abandoning module MediaCompositingEditor (372)
[2018.08.15-15.56.13:526][583]LogModuleManager: Shutting down and abandoning module MediaCompositing (370)
[2018.08.15-15.56.13:527][583]LogModuleManager: Shutting down and abandoning module LinearTimecode (368)
[2018.08.15-15.56.13:527][583]LogModuleManager: Shutting down and abandoning module ImgMedia (366)
[2018.08.15-15.56.13:541][583]LogModuleManager: Shutting down and abandoning module HTML5Networking (364)
[2018.08.15-15.56.13:541][583]LogModuleManager: Shutting down and abandoning module GeometryCacheTracks (362)
[2018.08.15-15.56.13:541][583]LogModuleManager: Shutting down and abandoning module GeometryCacheSequencer (360)
[2018.08.15-15.56.13:541][583]LogModuleManager: Shutting down and abandoning module BackChannel (358)
[2018.08.15-15.56.13:543][583]LogModuleManager: Shutting down and abandoning module AppleVision (356)
[2018.08.15-15.56.13:543][583]LogModuleManager: Shutting down and abandoning module AppleImageUtils (354)
[2018.08.15-15.56.13:543][583]LogModuleManager: Shutting down and abandoning module AlembicImporter (352)
[2018.08.15-15.56.13:544][583]LogModuleManager: Shutting down and abandoning module AlembicLibrary (351)
[2018.08.15-15.56.13:544][583]LogModuleManager: Shutting down and abandoning module GeometryCache (350)
[2018.08.15-15.56.13:544][583]LogModuleManager: Shutting down and abandoning module GeometryCacheEd (349)
[2018.08.15-15.56.13:544][583]LogModuleManager: Shutting down and abandoning module DatasmithContentEditor (344)
[2018.08.15-15.56.13:554][583]LogModuleManager: Shutting down and abandoning module DatasmithContent (342)
[2018.08.15-15.56.13:556][583]LogModuleManager: Shutting down and abandoning module SpeedTreeImporter (340)
[2018.08.15-15.56.13:556][583]LogModuleManager: Shutting down and abandoning module PluginBrowser (338)
[2018.08.15-15.56.13:584][583]LogModuleManager: Shutting down and abandoning module MobileLauncherProfileWizard (336)
[2018.08.15-15.56.13:594][583]LogModuleManager: Shutting down and abandoning module PolygonModeling (334)
[2018.08.15-15.56.13:595][583]LogModuleManager: Shutting down and abandoning module MeshEditor (332)
[2018.08.15-15.56.13:605][583]LogModuleManager: Shutting down and abandoning module CryptoKeysOpenSSL (330)
[2018.08.15-15.56.13:614][583]LogModuleManager: Shutting down and abandoning module CryptoKeys (328)
[2018.08.15-15.56.13:614][583]LogModuleManager: Shutting down and abandoning module VisualStudioSourceCodeAccess (326)
[2018.08.15-15.56.13:621][583]LogModuleManager: Shutting down and abandoning module VisualStudioCodeSourceCodeAccess (324)
[2018.08.15-15.56.13:621][583]LogModuleManager: Shutting down and abandoning module UObjectPlugin (322)
[2018.08.15-15.56.13:621][583]LogModuleManager: Shutting down and abandoning module SubversionSourceControl (320)
[2018.08.15-15.56.13:633][583]LogModuleManager: Shutting down and abandoning module PerforceSourceControl (318)
[2018.08.15-15.56.13:651][583]LogModuleManager: Shutting down and abandoning module GitSourceControl (316)
[2018.08.15-15.56.13:665][583]LogModuleManager: Shutting down and abandoning module SourceControl (315)
[2018.08.15-15.56.13:665][583]LogModuleManager: Shutting down and abandoning module CLionSourceCodeAccess (312)
[2018.08.15-15.56.13:665][583]LogModuleManager: Shutting down and abandoning module LightPropagationVolumeEditor (310)
[2018.08.15-15.56.13:665][583]LogModuleManager: Shutting down and abandoning module PaperTiledImporter (308)
[2018.08.15-15.56.13:665][583]LogModuleManager: Shutting down and abandoning module PaperSpriteSheetImporter (306)
[2018.08.15-15.56.13:665][583]LogModuleManager: Shutting down and abandoning module Paper2DEditor (304)
[2018.08.15-15.56.13:687][583]LogModuleManager: Shutting down and abandoning module MeshPaint (303)
[2018.08.15-15.56.13:710][583]LogModuleManager: Shutting down and abandoning module RuntimePhysXCooking (300)
[2018.08.15-15.56.13:710][583]LogModuleManager: Shutting down and abandoning module PhysXVehiclesEditor (298)
[2018.08.15-15.56.13:710][583]LogModuleManager: Shutting down and abandoning module PhysXVehicles (296)
[2018.08.15-15.56.13:710][583]LogModuleManager: Shutting down and abandoning module OculusEditor (294)
[2018.08.15-15.56.13:710][583]LogModuleManager: Shutting down and abandoning module LocationServicesBPLibrary (292)
[2018.08.15-15.56.13:710][583]LogModuleManager: Shutting down and abandoning module ImmediatePhysicsEditor (290)
[2018.08.15-15.56.13:710][583]LogModuleManager: Shutting down and abandoning module ImmediatePhysics (288)
[2018.08.15-15.56.13:726][583]LogModuleManager: Shutting down and abandoning module ActorSequence (286)
[2018.08.15-15.56.13:726][583]LogModuleManager: Shutting down and abandoning module UdpMessaging (284)
[2018.08.15-15.56.13:827][583]LogModuleManager: Shutting down and abandoning module TcpMessaging (282)
[2018.08.15-15.56.13:928][583]LogModuleManager: Shutting down and abandoning module SubstanceCore (280)
[2018.08.15-15.56.13:976][583]LogModuleManager: Shutting down and abandoning module MagicLeapAudio (278)
[2018.08.15-15.56.13:977][583]LogModuleManager: Shutting down and abandoning module GameplayTagsEditor (276)
[2018.08.15-15.56.14:009][583]LogModuleManager: Shutting down and abandoning module FacialAnimationEditor (274)
[2018.08.15-15.56.14:009][583]LogModuleManager: Shutting down and abandoning module FacialAnimation (272)
[2018.08.15-15.56.14:009][583]LogModuleManager: Shutting down and abandoning module DataValidation (270)
[2018.08.15-15.56.14:009][583]LogModuleManager: Shutting down and abandoning module AssetManagerEditor (268)
[2018.08.15-15.56.14:023][583]LogModuleManager: Shutting down and abandoning module LevelEditor (267)
[2018.08.15-15.56.14:051][583]LogModuleManager: Shutting down and abandoning module PixelInspectorModule (266)
[2018.08.15-15.56.14:072][583]LogModuleManager: Shutting down and abandoning module CommonMenuExtensions (264)
[2018.08.15-15.56.14:073][583]LogModuleManager: Shutting down and abandoning module MainFrame (262)
[2018.08.15-15.56.14:074][583]LogModuleManager: Shutting down and abandoning module HotReload (261)
[2018.08.15-15.56.14:166][583]LogModuleManager: Shutting down and abandoning module ContentBrowser (257)
[2018.08.15-15.56.14:175][583]LogModuleManager: Shutting down and abandoning module TreeMap (255)
[2018.08.15-15.56.14:190][583]LogModuleManager: Shutting down and abandoning module LightPropagationVolumeRuntime (252)
[2018.08.15-15.56.14:190][583]LogModuleManager: Shutting down and abandoning module AISupportModule (250)
[2018.08.15-15.56.14:191][583]LogModuleManager: Shutting down and abandoning module Paper2D (248)
[2018.08.15-15.56.14:191][583]LogModuleManager: Shutting down and abandoning module WindowsMoviePlayer (246)
[2018.08.15-15.56.14:209][583]LogModuleManager: Shutting down and abandoning module WmfMedia (244)
[2018.08.15-15.56.14:225][583]LogModuleManager: Shutting down and abandoning module Media (243)
[2018.08.15-15.56.14:234][583]LogModuleManager: Shutting down and abandoning module PacketHandler (240)
[2018.08.15-15.56.14:234][583]LogModuleManager: Shutting down and abandoning module ClothingSystemEditor (238)
[2018.08.15-15.56.14:234][583]LogModuleManager: Shutting down and abandoning module ClothingSystemRuntime (236)
[2018.08.15-15.56.14:260][583]LogModuleManager: Shutting down and abandoning module MediaAssets (234)
[2018.08.15-15.56.14:260][583]LogModuleManager: Shutting down and abandoning module Overlay (232)
[2018.08.15-15.56.14:260][583]LogModuleManager: Shutting down and abandoning module OverlayEditor (231)
[2018.08.15-15.56.14:260][583]LogModuleManager: Shutting down and abandoning module VREditor (228)
[2018.08.15-15.56.14:276][583]LogModuleManager: Shutting down and abandoning module StringTableEditor (226)
[2018.08.15-15.56.14:294][583]LogModuleManager: Shutting down and abandoning module GameplayTasksEditor (224)
[2018.08.15-15.56.14:294][583]LogModuleManager: Shutting down and abandoning module BehaviorTreeEditor (222)
[2018.08.15-15.56.14:362][583]LogModuleManager: Shutting down and abandoning module FunctionalTesting (220)
[2018.08.15-15.56.14:362][583]LogModuleManager: Shutting down and abandoning module CollisionAnalyzer (218)
[2018.08.15-15.56.14:409][583]LogModuleManager: Shutting down and abandoning module WorkspaceMenuStructure (217)
[2018.08.15-15.56.14:409][583]LogModuleManager: Shutting down and abandoning module UMG (214)
[2018.08.15-15.56.14:430][583]LogModuleManager: Shutting down and abandoning module UMGEditor (213)
[2018.08.15-15.56.14:465][583]LogModuleManager: Shutting down and abandoning module Sequencer (212)
[2018.08.15-15.56.14:556][583]LogModuleManager: Shutting down and abandoning module MessageLog (209)
[2018.08.15-15.56.14:556][583]LogModuleManager: Shutting down and abandoning module SlateReflector (204)
[2018.08.15-15.56.14:595][583]LogModuleManager: Shutting down and abandoning module Slate (202)
[2018.08.15-15.56.14:595][583]LogModuleManager: Shutting down and abandoning module EditorStyle (200)
[2018.08.15-15.56.14:686][583]LogModuleManager: Shutting down and abandoning module MRMesh (198)
[2018.08.15-15.56.14:686][583]LogModuleManager: Shutting down and abandoning module SourceCodeAccess (196)
[2018.08.15-15.56.14:686][583]LogModuleManager: Shutting down and abandoning module HeadMountedDisplay (194)
[2018.08.15-15.56.14:686][583]LogModuleManager: Shutting down and abandoning module XAudio2 (192)
[2018.08.15-15.56.14:706][583]LogModuleManager: Shutting down and abandoning module Networking (190)
[2018.08.15-15.56.14:706][583]LogModuleManager: Shutting down and abandoning module Core (188)
[2018.08.15-15.56.14:706][583]LogModuleManager: Shutting down and abandoning module LevelSequence (186)
[2018.08.15-15.56.14:706][583]LogModuleManager: Shutting down and abandoning module KismetCompiler (184)
[2018.08.15-15.56.14:706][583]LogModuleManager: Shutting down and abandoning module MeshUtilities (182)
[2018.08.15-15.56.14:775][583]LogModuleManager: Shutting down and abandoning module MeshMergeUtilities (181)
[2018.08.15-15.56.14:791][583]LogModuleManager: Shutting down and abandoning module MeshReductionInterface (180)
[2018.08.15-15.56.14:791][583]LogModuleManager: Shutting down and abandoning module SimplygonSwarm (179)
[2018.08.15-15.56.14:797][583]LogModuleManager: Shutting down and abandoning module ProxyLODMeshReduction (177)
[2018.08.15-15.56.14:829][583]LogModuleManager: Shutting down and abandoning module SimplygonMeshReduction (175)
[2018.08.15-15.56.14:844][583]LogModuleManager: Shutting down and abandoning module QuadricMeshReduction (173)
[2018.08.15-15.56.14:870][583]LogModuleManager: Shutting down and abandoning module MaterialBaking (169)
[2018.08.15-15.56.14:888][583]LogModuleManager: Shutting down and abandoning module DirectoryWatcher (165)
[2018.08.15-15.56.14:981][583]LogModuleManager: Shutting down and abandoning module DerivedDataCache (162)
[2018.08.15-15.56.15:076][583]LogDerivedDataCache: Shutdown
[2018.08.15-15.56.15:076][583]LogModuleManager: Shutting down and abandoning module XGEController (160)
[2018.08.15-15.56.15:078][583]LogXGEController: Cleaning working directory: C:/Users/mikey/AppData/Local/Temp/UnrealXGEWorkingDir/
[2018.08.15-15.56.15:122][583]LogModuleManager: Shutting down and abandoning module TargetPlatform (158)
[2018.08.15-15.56.15:158][583]LogModuleManager: Shutting down and abandoning module VulkanShaderFormat (157)
[2018.08.15-15.56.15:170][583]LogModuleManager: Shutting down and abandoning module ShaderFormatVectorVM (155)
[2018.08.15-15.56.15:191][583]LogModuleManager: Shutting down and abandoning module ShaderFormatOpenGL (153)
[2018.08.15-15.56.15:206][583]LogModuleManager: Shutting down and abandoning module ShaderFormatD3D (151)
[2018.08.15-15.56.15:207][583]LogModuleManager: Shutting down and abandoning module MetalShaderFormat (149)
[2018.08.15-15.56.15:228][583]LogModuleManager: Shutting down and abandoning module TextureFormatUncompressed (147)
[2018.08.15-15.56.15:248][583]LogModuleManager: Shutting down and abandoning module TextureFormatPVR (145)
[2018.08.15-15.56.15:248][583]LogModuleManager: Shutting down and abandoning module TextureFormatDXT (143)
[2018.08.15-15.56.15:249][583]LogModuleManager: Shutting down and abandoning module TextureFormatIntelISPCTexComp (141)
[2018.08.15-15.56.15:274][583]LogModuleManager: Shutting down and abandoning module TextureFormatASTC (139)
[2018.08.15-15.56.15:274][583]LogModuleManager: Shutting down and abandoning module ImageWrapper (138)
[2018.08.15-15.56.15:274][583]LogModuleManager: Shutting down and abandoning module TextureFormatAndroid (135)
[2018.08.15-15.56.15:294][583]LogModuleManager: Shutting down and abandoning module AudioFormatOpus (133)
[2018.08.15-15.56.15:296][583]LogModuleManager: Shutting down and abandoning module AudioFormatOgg (131)
[2018.08.15-15.56.15:296][583]LogModuleManager: Shutting down and abandoning module AudioFormatADPCM (129)
[2018.08.15-15.56.15:296][583]LogModuleManager: Shutting down and abandoning module LuminTargetPlatform (127)
[2018.08.15-15.56.15:296][583]LogModuleManager: Shutting down and abandoning module LinuxTargetPlatform (125)
[2018.08.15-15.56.15:297][583]LogModuleManager: Shutting down and abandoning module LinuxServerTargetPlatform (123)
[2018.08.15-15.56.15:297][583]LogModuleManager: Shutting down and abandoning module LinuxNoEditorTargetPlatform (121)
[2018.08.15-15.56.15:310][583]LogModuleManager: Shutting down and abandoning module LinuxClientTargetPlatform (119)
[2018.08.15-15.56.15:324][583]LogModuleManager: Shutting down and abandoning module TVOSTargetPlatform (117)
[2018.08.15-15.56.15:526][583]LogModuleManager: Shutting down and abandoning module Messaging (115)
[2018.08.15-15.56.15:526][583]LogModuleManager: Shutting down and abandoning module IOSTargetPlatform (113)
[2018.08.15-15.56.15:585][583]LogModuleManager: Shutting down and abandoning module HTML5TargetPlatform (111)
[2018.08.15-15.56.15:585][583]LogModuleManager: Shutting down and abandoning module AndroidTargetPlatform (109)
[2018.08.15-15.56.16:119][583]LogModuleManager: Shutting down and abandoning module WindowsTargetPlatform (107)
[2018.08.15-15.56.16:120][583]LogModuleManager: Shutting down and abandoning module WindowsServerTargetPlatform (105)
[2018.08.15-15.56.16:120][583]LogModuleManager: Shutting down and abandoning module WindowsNoEditorTargetPlatform (103)
[2018.08.15-15.56.16:141][583]LogModuleManager: Shutting down and abandoning module WindowsClientTargetPlatform (101)
[2018.08.15-15.56.16:141][583]LogModuleManager: Shutting down and abandoning module MacTargetPlatform (99)
[2018.08.15-15.56.16:161][583]LogModuleManager: Shutting down and abandoning module MacServerTargetPlatform (97)
[2018.08.15-15.56.16:161][583]LogModuleManager: Shutting down and abandoning module MacNoEditorTargetPlatform (95)
[2018.08.15-15.56.16:182][583]LogModuleManager: Shutting down and abandoning module MacClientTargetPlatform (93)
[2018.08.15-15.56.16:182][583]LogModuleManager: Shutting down and abandoning module AllDesktopTargetPlatform (91)
[2018.08.15-15.56.16:182][583]LogModuleManager: Shutting down and abandoning module InputCore (88)
[2018.08.15-15.56.16:182][583]LogModuleManager: Shutting down and abandoning module Settings (86)
[2018.08.15-15.56.16:211][583]LogModuleManager: Shutting down and abandoning module PhysXCooking (84)
[2018.08.15-15.56.16:211][583]LogModuleManager: Shutting down and abandoning module SteamVR (82)
[2018.08.15-15.56.16:211][583]LogModuleManager: Shutting down and abandoning module OculusHMD (80)
[2018.08.15-15.56.16:230][583]LogModuleManager: Shutting down and abandoning module ExampleDeviceProfileSelector (78)
[2018.08.15-15.56.16:230][583]LogModuleManager: Shutting down and abandoning module LauncherChunkInstaller (76)
[2018.08.15-15.56.16:230][583]LogModuleManager: Shutting down and abandoning module OnlineBlueprintSupport (74)
[2018.08.15-15.56.16:230][583]LogModuleManager: Shutting down and abandoning module OnlineSubsystem (70)
[2018.08.15-15.56.16:282][583]LogModuleManager: Shutting down and abandoning module XMPP (65)
[2018.08.15-15.56.16:329][583]LogModuleManager: Shutting down and abandoning module WebSockets (64)
[2018.08.15-15.56.16:422][583]LogModuleManager: Shutting down and abandoning module HTTP (61)
[2018.08.15-15.56.16:448][583]LogHttp: Display: Http module shutting down, but needs to wait on 1 outstanding Http requests:
[2018.08.15-15.56.16:448][583]LogHttp: Display: 	verb=[POST] url=[https://datarouter.ol.epicgames.com/datarouter/api/v1/public/data?SessionID=%7B60A67199-46B4-E9AA-C02F-A48B381FAC8B%7D&AppID=UEEditor.Rocket.Release&AppVersion=4.20.0-4212847%2B%2B%2BUE4%2BRelease-4.20&UserID=31027a594662a0b97be24a9d90c3d532%7C9aea4035aae84fc6a50e2bbd0bcac9c5%7C272cb1e4-9c96-41d3-8475-4726cc712451&AppEnvironment=datacollector-binary&UploadType=eteventstream] status=Processing
[2018.08.15-15.56.16:480][583]LogModuleManager: Shutting down and abandoning module SSL (60)
[2018.08.15-15.56.16:526][583]LogModuleManager: Shutting down and abandoning module MagicLeapEmulator (56)
[2018.08.15-15.56.16:526][583]LogModuleManager: Shutting down and abandoning module MagicLeapPrivileges (54)
[2018.08.15-15.56.16:526][583]LogModuleManager: Shutting down and abandoning module MagicLeapIdentity (52)
[2018.08.15-15.56.16:526][583]LogModuleManager: Shutting down and abandoning module MagicLeapHelperVulkan (50)
[2018.08.15-15.56.16:526][583]LogModuleManager: Shutting down and abandoning module MagicLeapHelperOpenGL (48)
[2018.08.15-15.56.16:526][583]LogModuleManager: Shutting down and abandoning module MagicLeapSecureStorage (46)
[2018.08.15-15.56.16:526][583]LogModuleManager: Shutting down and abandoning module MagicLeapGestures (44)
[2018.08.15-15.56.16:537][583]LogModuleManager: Shutting down and abandoning module MagicLeapEyeTracker (42)
[2018.08.15-15.56.16:537][583]LogModuleManager: Shutting down and abandoning module MagicLeapController (40)
[2018.08.15-15.56.16:583][583]LogSlate: Slate User Destroyed.  User Index 0, Is Virtual User: 0
[2018.08.15-15.56.16:584][583]LogModuleManager: Shutting down and abandoning module MagicLeap (38)
[2018.08.15-15.56.16:603][583]LogModuleManager: Shutting down and abandoning module AnimationModifiers (36)
[2018.08.15-15.56.16:643][583]LogModuleManager: Shutting down and abandoning module PropertyEditor (35)
[2018.08.15-15.56.16:693][583]LogModuleManager: Shutting down and abandoning module AudioEditor (32)
[2018.08.15-15.56.16:735][583]LogModuleManager: Shutting down and abandoning module TextureCompressor (30)
[2018.08.15-15.56.16:752][583]LogModuleManager: Shutting down and abandoning module ShaderCore (28)
[2018.08.15-15.56.16:752][583]LogModuleManager: Shutting down and abandoning module Landscape (26)
[2018.08.15-15.56.16:752][583]LogModuleManager: Shutting down and abandoning module SlateRHIRenderer (24)
[2018.08.15-15.56.16:768][583]LogModuleManager: Shutting down and abandoning module OpenGLDrv (22)
[2018.08.15-15.56.16:784][583]LogModuleManager: Shutting down and abandoning module D3D11RHI (20)
[2018.08.15-15.56.16:785][583]LogModuleManager: Shutting down and abandoning module AnimGraphRuntime (18)
[2018.08.15-15.56.16:785][583]LogModuleManager: Shutting down and abandoning module Renderer (16)
[2018.08.15-15.56.16:785][583]LogModuleManager: Shutting down and abandoning module Engine (14)
[2018.08.15-15.56.16:785][583]LogModuleManager: Shutting down and abandoning module CoreUObject (12)
[2018.08.15-15.56.16:785][583]LogModuleManager: Shutting down and abandoning module NetworkFile (10)
[2018.08.15-15.56.16:803][583]LogModuleManager: Shutting down and abandoning module CookedIterativeFile (8)
[2018.08.15-15.56.16:803][583]LogModuleManager: Shutting down and abandoning module StreamingFile (6)
[2018.08.15-15.56.16:804][583]LogModuleManager: Shutting down and abandoning module SandboxFile (4)
[2018.08.15-15.56.16:821][583]LogModuleManager: Shutting down and abandoning module PakFile (2)
[2018.08.15-15.56.16:898][583]LogExit: Exiting.
[2018.08.15-15.56.17:037][583]Log file closed, 08/15/18 16:56:17
