Log file open, 09/10/18 10:45:25
LogWindows: Failed to load 'aqProf.dll' (GetLastError=126)
LogWindows: File 'aqProf.dll' does not exist
LogWindows: Failed to load 'VSPerf140.dll' (GetLastError=126)
LogWindows: File 'VSPerf140.dll' does not exist
LogWindows: Failed to load 'VtuneApi.dll' (GetLastError=126)
LogWindows: File 'VtuneApi.dll' does not exist
LogWindows: Failed to load 'VtuneApi32e.dll' (GetLastError=126)
LogWindows: File 'VtuneApi32e.dll' does not exist
LogInit: Display: Running engine for game: BeyondHuman
LogPlatformFile: Not using cached read wrapper
LogTaskGraph: Started task graph with 5 named threads and 23 total threads with 3 sets of task threads.
LogStats: Stats thread started at 10.341541
LogD3D11RHI: Loaded GFSDK_Aftermath_Lib.x64.dll
LogICUInternationalization: Display: ICU TimeZone Detection - Raw Offset: +0:00, Platform Override: ''
LogPluginManager: Mounting plugin Paper2D
LogPluginManager: Mounting plugin AISupport
LogPluginManager: Mounting plugin LightPropagationVolume
LogPluginManager: Mounting plugin CLionSourceCodeAccess
LogPluginManager: Mounting plugin CodeLiteSourceCodeAccess
LogPluginManager: Mounting plugin GitSourceControl
LogPluginManager: Mounting plugin KDevelopSourceCodeAccess
LogPluginManager: Mounting plugin NullSourceCodeAccess
LogPluginManager: Mounting plugin PerforceSourceControl
LogPluginManager: Mounting plugin SubversionSourceControl
LogPluginManager: Mounting plugin UObjectPlugin
LogPluginManager: Mounting plugin VisualStudioCodeSourceCodeAccess
LogPluginManager: Mounting plugin VisualStudioSourceCodeAccess
LogPluginManager: Mounting plugin XCodeSourceCodeAccess
LogPluginManager: Mounting plugin AssetManagerEditor
LogPluginManager: Mounting plugin CryptoKeys
LogPluginManager: Mounting plugin DataValidation
LogPluginManager: Mounting plugin FacialAnimation
LogPluginManager: Mounting plugin GameplayTagsEditor
LogPluginManager: Mounting plugin MacGraphicsSwitching
LogPluginManager: Mounting plugin MeshEditor
LogPluginManager: Mounting plugin MobileLauncherProfileWizard
LogPluginManager: Mounting plugin PluginBrowser
LogPluginManager: Mounting plugin SpeedTreeImporter
LogPluginManager: Mounting plugin DatasmithContent
LogPluginManager: Mounting plugin AlembicImporter
LogPluginManager: Mounting plugin AppleImageUtils
LogPluginManager: Mounting plugin AppleVision
LogPluginManager: Mounting plugin BackChannel
LogPluginManager: Mounting plugin CharacterAI
LogPluginManager: Mounting plugin GeometryCache
LogPluginManager: Mounting plugin HTML5Networking
LogPluginManager: Mounting plugin ProxyLODPlugin
LogPluginManager: Mounting plugin MagicLeap
LogPluginManager: Mounting plugin MagicLeapEmulator
LogPluginManager: Mounting plugin MagicLeapMedia
LogPluginManager: Mounting plugin Substance
LogPluginManager: Mounting plugin AndroidMedia
LogPluginManager: Mounting plugin AvfMedia
LogPluginManager: Mounting plugin ImgMedia
LogPluginManager: Mounting plugin LinearTimecode
LogPluginManager: Mounting plugin MediaCompositing
LogPluginManager: Mounting plugin MediaPlayerEditor
LogPluginManager: Mounting plugin WmfMedia
LogPluginManager: Mounting plugin TcpMessaging
LogPluginManager: Mounting plugin UdpMessaging
LogPluginManager: Mounting plugin ActorSequence
LogPluginManager: Mounting plugin LevelSequenceEditor
LogPluginManager: Mounting plugin MatineeToLevelSequence
LogPluginManager: Mounting plugin NetcodeUnitTest
LogPluginManager: Mounting plugin NUTUnrealEngine4
LogPluginManager: Mounting plugin OnlineSubsystemGooglePlay
LogPluginManager: Mounting plugin OnlineSubsystemIOS
LogPluginManager: Mounting plugin OnlineSubsystem
LogPluginManager: Mounting plugin OnlineSubsystemNull
LogPluginManager: Mounting plugin OnlineSubsystemUtils
LogPluginManager: Mounting plugin LauncherChunkInstaller
LogPluginManager: Mounting plugin AndroidDeviceProfileSelector
LogPluginManager: Mounting plugin AndroidMoviePlayer
LogPluginManager: Mounting plugin AndroidPermission
LogPluginManager: Mounting plugin AppleMoviePlayer
LogPluginManager: Mounting plugin ArchVisCharacter
LogPluginManager: Mounting plugin AudioCapture
LogPluginManager: Mounting plugin CableComponent
LogPluginManager: Mounting plugin CustomMeshComponent
LogPluginManager: Mounting plugin EditableMesh
LogPluginManager: Mounting plugin ExampleDeviceProfileSelector
LogPluginManager: Mounting plugin GoogleCloudMessaging
LogPluginManager: Mounting plugin ImmediatePhysics
LogPluginManager: Mounting plugin IOSDeviceProfileSelector
LogPluginManager: Mounting plugin LinuxDeviceProfileSelector
LogPluginManager: Mounting plugin LocationServicesBPLibrary
LogPluginManager: Mounting plugin MobilePatchingUtils
LogPluginManager: Mounting plugin OculusVR
LogPluginManager: Plugin shader directory ../../../Engine/Plugins/Runtime/Oculus/OculusVR/Shaders found
LogPluginManager: Mapping shader source directory ../../../Engine/Plugins/Runtime/Oculus/OculusVR/Shaders to virtual directory /Plugin/OculusVR
LogPluginManager: Mounting plugin PhysXVehicles
LogPluginManager: Mounting plugin ProceduralMeshComponent
LogPluginManager: Mounting plugin RuntimePhysXCooking
LogPluginManager: Mounting plugin SteamVR
LogPluginManager: Mounting plugin WindowsMoviePlayer
LogStreaming: Display: Took  0.651s to configure plugins.
LogInit: Using libcurl 7.55.1-DEV
LogInit:  - built for x86_64-pc-win32
LogInit:  - supports SSL with OpenSSL/1.0.2h
LogInit:  - supports HTTP deflate (compression) using libz 1.2.8
LogInit:  - other features:
LogInit:      CURL_VERSION_SSL
LogInit:      CURL_VERSION_LIBZ
LogInit:      CURL_VERSION_IPV6
LogInit:      CURL_VERSION_ASYNCHDNS
LogInit:      CURL_VERSION_LARGEFILE
LogInit:      CURL_VERSION_IDN
LogInit:  CurlRequestOptions (configurable via config and command line):
LogInit:  - bVerifyPeer = false  - Libcurl will NOT verify peer certificate
LogInit:  - bUseHttpProxy = false  - Libcurl will NOT use HTTP proxy
LogInit:  - bDontReuseConnections = false  - Libcurl will reuse connections
LogInit:  - CertBundlePath = nullptr  - Libcurl will use whatever was configured at build time.
LogInit:  - MaxHostConnections = 16  - Libcurl will limit the number of connections to a host
LogInit:  - LocalHostAddr = Default
LogInit:  - BufferSize = 65536
LogInit: WinSock: version 1.1 (2.2), MaxSocks=32767, MaxUdp=65467
LogInit: Build: ++UE4+Release-4.20-CL-4212847
LogInit: Engine Version: 4.20.0-4212847+++UE4+Release-4.20
LogInit: Compatible Engine Version: 4.20.0-4212847+++UE4+Release-4.20
LogInit: Net CL: 4212847
LogInit: OS: Windows 10 (), CPU: Intel(R) Core(TM) i7-6700HQ CPU @ 2.60GHz, GPU: Intel(R) HD Graphics 530
LogInit: Compiled (64-bit): Jul 14 2018 09:51:14
LogInit: Compiled with Visual C++: 19.13.26129.00
LogInit: Build Configuration: Development
LogInit: Branch Name: ++UE4+Release-4.20
LogInit: Command Line:  
LogInit: Base Directory: C:/Program Files/Epic Games/UE_4.20/Engine/Binaries/Win64/
LogInit: Installed Engine Build: 1
LogDevObjectVersion: Number of dev versions registered: 20
LogDevObjectVersion:   Dev-Blueprints (B0D832E4-1F89-4F0D-ACCF-7EB736FD4AA2): 10
LogDevObjectVersion:   Dev-Build (E1C64328-A22C-4D53-A36C-8E866417BD8C): 0
LogDevObjectVersion:   Dev-Core (375EC13C-06E4-48FB-B500-84F0262A717E): 2
LogDevObjectVersion:   Dev-Editor (E4B068ED-F494-42E9-A231-DA0B2E46BB41): 24
LogDevObjectVersion:   Dev-Framework (CFFC743F-43B0-4480-9391-14DF171D2073): 34
LogDevObjectVersion:   Dev-Mobile (B02B49B5-BB20-44E9-A304-32B752E40360): 2
LogDevObjectVersion:   Dev-Networking (A4E4105C-59A1-49B5-A7C5-40C4547EDFEE): 0
LogDevObjectVersion:   Dev-Online (39C831C9-5AE6-47DC-9A44-9C173E1C8E7C): 0
LogDevObjectVersion:   Dev-Physics (78F01B33-EBEA-4F98-B9B4-84EACCB95AA2): 0
LogDevObjectVersion:   Dev-Platform (6631380F-2D4D-43E0-8009-CF276956A95A): 0
LogDevObjectVersion:   Dev-Rendering (12F88B9F-8875-4AFC-A67C-D90C383ABD29): 26
LogDevObjectVersion:   Dev-Sequencer (7B5AE74C-D270-4C10-A958-57980B212A5A): 9
LogDevObjectVersion:   Dev-VR (D7296918-1DD6-4BDD-9DE2-64A83CC13884): 2
LogDevObjectVersion:   Dev-LoadTimes (C2A15278-BFE7-4AFE-6C17-90FF531DF755): 1
LogDevObjectVersion:   Private-Geometry (6EACA3D4-40EC-4CC1-B786-8BED09428FC5): 3
LogDevObjectVersion:   Dev-AnimPhys (29E575DD-E0A3-4627-9D10-D276232CDCEA): 17
LogDevObjectVersion:   Dev-ReflectionCapture (6B266CEC-1EC7-4B8F-A30B-E4D90942FC07): 1
LogDevObjectVersion:   Dev-Automation (0DF73D61-A23F-47EA-B727-89E90C41499A): 1
LogDevObjectVersion:   FortniteMain (601D1886-AC64-4F84-AA16-D3DE0DEAC7D6): 12
LogDevObjectVersion:   Dev-Enterprise (9DFFBCD6-494F-0158-E221-12823C92A888): 1
LogStreaming: Display: Took  0.018s to delete old logs.
LogInit: Presizing for max 8388607 objects, including 0 objects not considered by GC, pre-allocating 0 bytes for permanent pool.
LogInit: Object subsystem initialized
[2018.09.10-09.45.32:129][  0]LogInit: Selected Device Profile: [Windows]
[2018.09.10-09.45.32:130][  0]LogInit: Applying CVar settings loaded from the selected device profile: [Windows]
[2018.09.10-09.45.32:250][  0]LogHAL: Display: Platform has ~ 8 GB [8456720384 / 8589934592 / 8], which maps to Default [LargestMinGB=32, LargerMinGB=12, DefaultMinGB=8, SmallerMinGB=6, SmallestMinGB=0)
[2018.09.10-09.45.32:287][  0]LogInit: Setting Device Profile CVar: [[r.Vulkan.UseRealUBs:1]]
[2018.09.10-09.45.32:288][  0]LogInit: Going up to parent DeviceProfile []
[2018.09.10-09.45.32:344][  0]LogInit: Computer: DESKTOP-MKF8VAK
[2018.09.10-09.45.32:344][  0]LogInit: User: mikey
[2018.09.10-09.45.32:344][  0]LogInit: CPU Page size=4096, Cores=4
[2018.09.10-09.45.32:344][  0]LogInit: High frequency timer resolution =2.531251 MHz
[2018.09.10-09.45.32:364][  0]LogMemory: Memory total: Physical=7.9GB (8GB approx)
[2018.09.10-09.45.32:364][  0]LogMemory: Platform Memory Stats for Windows
[2018.09.10-09.45.32:364][  0]LogMemory: Process Physical Memory: 99.18 MB used, 99.18 MB peak
[2018.09.10-09.45.32:364][  0]LogMemory: Process Virtual Memory: 90.97 MB used, 90.97 MB peak
[2018.09.10-09.45.32:365][  0]LogMemory: Physical Memory: 6461.32 MB used,  1603.64 MB free, 8064.96 MB total
[2018.09.10-09.45.32:365][  0]LogMemory: Virtual Memory: 4640.08 MB used,  1603.64 MB free, 134217728.00 MB total
[2018.09.10-09.45.34:227][  0]LogInit: Using OS detected language (en-US).
[2018.09.10-09.45.34:227][  0]LogInit: Using OS detected locale (en-GB).
[2018.09.10-09.45.34:310][  0]LogTextLocalizationManager: No specific localization for 'en-US' exists, so the 'en' localization will be used.
[2018.09.10-09.45.35:787][  0]LogStreaming: Display: Took  1.454s to InitEngineTextLocalization.
[2018.09.10-09.45.35:838][  0]LogInit: Setting process to per monitor DPI aware
[2018.09.10-09.45.40:967][  0]LogSlate: New Slate User Created.  User Index 0, Is Virtual User: 0
[2018.09.10-09.45.40:967][  0]LogSlate: Slate User Registered.  User Index 0, Is Virtual User: 0
[2018.09.10-09.45.44:828][  0]LogHMD: Failed to initialize OpenVR with code 110
[2018.09.10-09.45.44:839][  0]LogD3D11RHI: D3D11 adapters:
[2018.09.10-09.45.45:055][  0]LogD3D11RHI:    0. 'NVIDIA GeForce GTX 960M' (Feature Level 11_0)
[2018.09.10-09.45.45:055][  0]LogD3D11RHI:       4065/0/4032 MB DedicatedVideo/DedicatedSystem/SharedSystem, Outputs:2, VendorId:0x10de
[2018.09.10-09.45.45:103][  0]LogD3D11RHI:    1. 'Intel(R) HD Graphics 530' (Feature Level 11_0)
[2018.09.10-09.45.45:103][  0]LogD3D11RHI:       128/0/4032 MB DedicatedVideo/DedicatedSystem/SharedSystem, Outputs:0, VendorId:0x8086
[2018.09.10-09.45.45:109][  0]LogD3D11RHI:    2. 'Microsoft Basic Render Driver' (Feature Level 11_0)
[2018.09.10-09.45.45:109][  0]LogD3D11RHI:       0/0/4032 MB DedicatedVideo/DedicatedSystem/SharedSystem, Outputs:0, VendorId:0x1414
[2018.09.10-09.45.45:109][  0]LogD3D11RHI: Chosen D3D11 Adapter: 0
[2018.09.10-09.45.45:172][  0]LogD3D11RHI: Creating new Direct3DDevice
[2018.09.10-09.45.45:172][  0]LogD3D11RHI:     GPU DeviceId: 0x139b (for the marketing name, search the web for "GPU Device Id")
[2018.09.10-09.45.45:189][  0]LogWindows: EnumDisplayDevices:
[2018.09.10-09.45.45:189][  0]LogWindows:    0. 'Intel(R) HD Graphics 530' (P:0 D:1)
[2018.09.10-09.45.45:190][  0]LogWindows:    1. 'Intel(R) HD Graphics 530' (P:1 D:1)
[2018.09.10-09.45.45:191][  0]LogWindows:    2. 'Intel(R) HD Graphics 530' (P:0 D:0)
[2018.09.10-09.45.45:191][  0]LogWindows: DebugString: PrimaryIsNotTheChoosenAdapter PrimaryIsNotTheChoosenAdapter PrimaryIsNotTheChoosenAdapter FoundDriverCount:0 
[2018.09.10-09.45.45:191][  0]LogD3D11RHI:     Adapter Name: NVIDIA GeForce GTX 960M
[2018.09.10-09.45.45:191][  0]LogD3D11RHI:   Driver Version: Unknown (internal:Unknown, unified:Unknown)
[2018.09.10-09.45.45:191][  0]LogD3D11RHI:      Driver Date: Unknown
[2018.09.10-09.45.45:191][  0]LogRHI: Texture pool is 2846 MB (70% of 4065 MB)
[2018.09.10-09.45.45:271][  0]LogD3D11RHI: Async texture creation enabled
[2018.09.10-09.45.45:772][  0]LogD3D11RHI: GPU Timing Frequency: 1000.000000 (Debug: 2 2)
[2018.09.10-09.45.45:949][  0]LogShaderCompilers: Guid format shader working directory is -21 characters bigger than the processId version (../../../../../../Users/mikey/Documents/Unreal Projects/BeyondHuman/Intermediate/Shaders/WorkingDirectory/5916/).
[2018.09.10-09.45.45:950][  0]LogShaderCompilers: Cleaned the shader compiler working directory 'C:/Users/mikey/AppData/Local/Temp/UnrealShaderWorkingDir/F1BC708D44D38A1D966B6B9C05D83BD6/'.
[2018.09.10-09.45.55:529][  0]LogTemp: Display: Loaded TP AllDesktopTargetPlatform
[2018.09.10-09.45.55:592][  0]LogTemp: Display: Loaded TP MacClientTargetPlatform
[2018.09.10-09.45.55:839][  0]LogTemp: Display: Loaded TP MacNoEditorTargetPlatform
[2018.09.10-09.45.55:948][  0]LogTemp: Display: Loaded TP MacServerTargetPlatform
[2018.09.10-09.45.56:215][  0]LogTemp: Display: Loaded TP MacTargetPlatform
[2018.09.10-09.45.56:460][  0]LogTemp: Display: Loaded TP WindowsClientTargetPlatform
[2018.09.10-09.45.56:645][  0]LogTemp: Display: Loaded TP WindowsNoEditorTargetPlatform
[2018.09.10-09.45.56:795][  0]LogTemp: Display: Loaded TP WindowsServerTargetPlatform
[2018.09.10-09.45.56:990][  0]LogTemp: Display: Loaded TP WindowsTargetPlatform
[2018.09.10-09.45.57:340][  0]LogTemp: Display: Loaded TP AndroidTargetPlatform
[2018.09.10-09.45.57:340][  0]LogTemp: Display: Loaded TP AndroidTargetPlatform
[2018.09.10-09.45.57:340][  0]LogTemp: Display: Loaded TP AndroidTargetPlatform
[2018.09.10-09.45.57:340][  0]LogTemp: Display: Loaded TP AndroidTargetPlatform
[2018.09.10-09.45.57:340][  0]LogTemp: Display: Loaded TP AndroidTargetPlatform
[2018.09.10-09.45.57:340][  0]LogTemp: Display: Loaded TP AndroidTargetPlatform
[2018.09.10-09.45.57:340][  0]LogTemp: Display: Loaded TP AndroidTargetPlatform
[2018.09.10-09.45.57:340][  0]LogTemp: Display: Loaded TP AndroidTargetPlatform
[2018.09.10-09.45.57:340][  0]LogTemp: Display: Loaded TP AndroidTargetPlatform
[2018.09.10-09.45.57:340][  0]LogTemp: Display: Loaded TP AndroidTargetPlatform
[2018.09.10-09.45.57:340][  0]LogTemp: Display: Loaded TP AndroidTargetPlatform
[2018.09.10-09.45.57:340][  0]LogTemp: Display: Loaded TP AndroidTargetPlatform
[2018.09.10-09.45.57:340][  0]LogTemp: Display: Loaded TP AndroidTargetPlatform
[2018.09.10-09.45.57:340][  0]LogTemp: Display: Loaded TP AndroidTargetPlatform
[2018.09.10-09.45.57:340][  0]LogTemp: Display: Loaded TP AndroidTargetPlatform
[2018.09.10-09.45.57:340][  0]LogTemp: Display: Loaded TP AndroidTargetPlatform
[2018.09.10-09.45.57:340][  0]LogTemp: Display: Loaded TP AndroidTargetPlatform
[2018.09.10-09.45.57:340][  0]LogTemp: Display: Loaded TP AndroidTargetPlatform
[2018.09.10-09.45.57:498][  0]LogTemp: Display: Loaded TP HTML5TargetPlatform
[2018.09.10-09.45.57:943][  0]LogTemp: Display: Loaded TP IOSTargetPlatform
[2018.09.10-09.45.57:943][  0]LogTemp: Display: Loaded TP IOSTargetPlatform
[2018.09.10-09.45.58:210][  0]LogTemp: Display: Loaded TP TVOSTargetPlatform
[2018.09.10-09.45.58:210][  0]LogTemp: Display: Loaded TP TVOSTargetPlatform
[2018.09.10-09.45.58:359][  0]LogTemp: Display: Loaded TP LinuxClientTargetPlatform
[2018.09.10-09.45.58:773][  0]LogTemp: Display: Loaded TP LinuxNoEditorTargetPlatform
[2018.09.10-09.45.59:051][  0]LogTemp: Display: Loaded TP LinuxServerTargetPlatform
[2018.09.10-09.45.59:269][  0]LogTemp: Display: Loaded TP LinuxTargetPlatform
[2018.09.10-09.45.59:302][  0]LogTemp: Display: Loaded TP LuminTargetPlatform
[2018.09.10-09.45.59:302][  0]LogTargetPlatformManager: Display: Building Assets For Windows
[2018.09.10-09.46.03:712][  0]LogXGEController: Cleaning working directory: C:/Users/mikey/AppData/Local/Temp/UnrealXGEWorkingDir/
[2018.09.10-09.46.03:713][  0]LogXGEController: Cannot use XGE Controller as Incredibuild is not installed on this machine.
[2018.09.10-09.46.03:713][  0]LogShaderCompilers: Cannot use XGE Shader Compiler as Incredibuild is not installed on this machine.
[2018.09.10-09.46.03:745][  0]LogShaderCompilers: Display: Using Local Shader Compiler.
[2018.09.10-09.46.15:260][  0]LogDerivedDataCache: Display: Max Cache Size: 512 MB
[2018.09.10-09.46.16:684][  0]LogDerivedDataCache: Loaded boot cache 1.40s 71MB C:/Users/mikey/AppData/Local/UnrealEngine/4.20/DerivedDataCache/Boot.ddc.
[2018.09.10-09.46.16:685][  0]LogDerivedDataCache: Display: Loaded Boot cache: C:/Users/mikey/AppData/Local/UnrealEngine/4.20/DerivedDataCache/Boot.ddc
[2018.09.10-09.46.16:685][  0]LogDerivedDataCache: FDerivedDataBackendGraph:  Pak pak cache file ../../../../../../Users/mikey/Documents/Unreal Projects/BeyondHuman/DerivedDataCache/DDC.ddp not found, will not use a pak cache.
[2018.09.10-09.46.16:685][  0]LogDerivedDataCache: Unable to find inner node Pak for hierarchical cache Hierarchy.
[2018.09.10-09.46.16:685][  0]LogDerivedDataCache: FDerivedDataBackendGraph:  CompressedPak pak cache file ../../../../../../Users/mikey/Documents/Unreal Projects/BeyondHuman/DerivedDataCache/Compressed.ddp not found, will not use a pak cache.
[2018.09.10-09.46.16:685][  0]LogDerivedDataCache: Unable to find inner node CompressedPak for hierarchical cache Hierarchy.
[2018.09.10-09.46.16:957][  0]LogDerivedDataCache: Display: Pak cache opened for reading ../../../Engine/DerivedDataCache/Compressed.ddp.
[2018.09.10-09.46.16:986][  0]LogDerivedDataCache: Using Local data cache path C:/Users/mikey/AppData/Local/UnrealEngine/Common/DerivedDataCache: Writable
[2018.09.10-09.46.16:986][  0]LogDerivedDataCache: Shared data cache path not found in *engine.ini, will not use an Shared cache.
[2018.09.10-09.46.16:986][  0]LogDerivedDataCache: Unable to find inner node Shared for hierarchical cache Hierarchy.
[2018.09.10-09.46.17:514][  0]LogMaterial: Verifying Global Shaders for PCD3D_SM5
[2018.09.10-09.46.17:605][  0]LogSlate: Using FreeType 2.6.0
[2018.09.10-09.46.17:761][  0]LogSlate: SlateFontServices - WITH_FREETYPE: 1, WITH_HARFBUZZ: 1
[2018.09.10-09.46.19:816][  0]LogAssetRegistry: FAssetRegistry took 0.0941 seconds to start up
[2018.09.10-09.46.29:711][  0]LogInit: Selected Device Profile: [Windows]
[2018.09.10-09.46.35:459][  0]LogSimplygon: Simplygon DLL not present - disabling.
[2018.09.10-09.46.36:467][  0]LogMeshReduction: Using SimplygonSwarm for distributed automatic mesh merging
[2018.09.10-09.46.36:493][  0]LogMeshReduction: Using ProxyLODMeshReduction for automatic mesh merging
[2018.09.10-09.46.36:493][  0]LogMeshReduction: Using QuadricMeshReduction for automatic static mesh reduction
[2018.09.10-09.46.36:493][  0]LogMeshReduction: No automatic skeletal mesh reduction module available
[2018.09.10-09.46.40:027][  0]LogNetVersion: BeyondHuman 1.0.0, NetCL: 4212847, EngineNetVer: 5, GameNetVer: 0 (Checksum: 671501493)
[2018.09.10-09.46.55:836][  0]LogPackageLocalizationCache: Processed 11 localized package path(s) for 2 prioritized culture(s) in 0.233682 seconds
[2018.09.10-09.46.55:969][  0]LogUObjectArray: 38425 objects as part of root set at end of initial load.
[2018.09.10-09.46.55:969][  0]LogUObjectAllocator: 6690864 out of 0 bytes used by permanent object pool.
[2018.09.10-09.46.55:969][  0]LogUObjectArray: CloseDisregardForGC: 0/0 objects in disregard for GC pool
[2018.09.10-09.48.28:168][  0]LogSubstanceCoreModule: Substance [CPU] Engine Loaded, Max Texture Size = 2048
[2018.09.10-09.48.28:923][  0]LogTcpMessaging: Initializing TcpMessaging bridge
[2018.09.10-09.48.29:102][  0]LogUdpMessaging: Initializing bridge on interface 0.0.0.0:0 to multicast group 230.0.0.1:6666.
[2018.09.10-09.48.37:708][  0]SourceControl: Source control is disabled
[2018.09.10-09.48.37:752][  0]SourceControl: Source control is disabled
[2018.09.10-09.48.38:722][  0]SourceControl: Source control is disabled
[2018.09.10-09.48.38:918][  0]SourceControl: Source control is disabled
[2018.09.10-09.48.47:158][  0]LogAndroidPermission: UAndroidPermissionCallbackProxy::GetInstance
[2018.09.10-09.48.48:809][  0]LogOcInput: OculusInput pre-init called
[2018.09.10-09.48.55:720][  0]LogEngine: Initializing Engine...
[2018.09.10-09.48.56:014][  0]LogHMD: Failed to initialize OpenVR with code 110
[2018.09.10-09.48.56:133][  0]LogStats: UGameplayTagsManager::ConstructGameplayTagTree: ImportINI prefixes -  0.009 s
[2018.09.10-09.48.56:133][  0]LogStats: UGameplayTagsManager::ConstructGameplayTagTree: Construct from data asset -  0.000 s
[2018.09.10-09.48.56:133][  0]LogStats: UGameplayTagsManager::ConstructGameplayTagTree: ImportINI -  0.000 s
[2018.09.10-09.48.56:133][  0]LogStats: UGameplayTagsManager::ConstructGameplayTagTree: GameplayTagTreeChangedEvent.Broadcast -  0.000 s
[2018.09.10-09.48.56:994][  0]LogInit: Initializing FReadOnlyCVARCache
[2018.09.10-09.49.05:045][  0]LogAIModule: Creating AISystem for world Untitled
[2018.09.10-09.49.07:124][  0]LogInit: XAudio2 using 'Speakers / Headphones (Realtek Audio)' : 2 channels at 48 kHz using 32 bits per sample (channel mask 0x3)
[2018.09.10-09.49.08:116][  0]LogInit: FAudioDevice initialized.
[2018.09.10-09.49.08:175][  0]LogNetVersion: Set ProjectVersion to 1.0.0.0. Version Checksum will be recalculated on next use.
[2018.09.10-09.49.08:865][  0]LogDerivedDataCache: Saved boot cache 0.69s 71MB C:/Users/mikey/AppData/Local/UnrealEngine/4.20/DerivedDataCache/Boot.ddc.
[2018.09.10-09.49.09:326][  0]LogInit: Texture streaming: Enabled
[2018.09.10-09.49.10:338][  0]LogEngineSessionManager: EngineSessionManager initialized
[2018.09.10-09.49.11:038][  0]LogInit: Transaction tracking system initialized
[2018.09.10-09.49.15:921][  0]BlueprintLog: New page: Editor Load
[2018.09.10-09.49.21:270][  0]LocalizationService: Localization service is disabled
[2018.09.10-09.49.30:508][  0]LogFileCache: Scanning file cache for directory 'C:/Users/mikey/Documents/Unreal Projects/BeyondHuman/Content/' took 0.08s
[2018.09.10-09.49.30:508][  0]LogCook: Display: Max memory allowance for cook 16384mb min free memory 0mb
[2018.09.10-09.49.30:520][  0]LogCook: Display: Mobile HDR setting 1
[2018.09.10-09.49.30:604][  0]LogGameplayTags: Display: UGameplayTagsManager::DoneAddingNativeTags. DelegateIsBound: 0
[2018.09.10-09.49.30:628][  0]LogStats: UGameplayTagsManager::ConstructGameplayTagTree: ImportINI prefixes -  0.000 s
[2018.09.10-09.49.30:628][  0]LogStats: UGameplayTagsManager::ConstructGameplayTagTree: Construct from data asset -  0.000 s
[2018.09.10-09.49.30:629][  0]LogStats: UGameplayTagsManager::ConstructGameplayTagTree: ImportINI -  0.000 s
[2018.09.10-09.49.30:629][  0]LogStats: UGameplayTagsManager::ConstructGameplayTagTree: GameplayTagTreeChangedEvent.Broadcast -  0.000 s
[2018.09.10-09.49.39:832][  0]SourceControl: Source control is disabled
[2018.09.10-09.49.39:935][  0]Cmd: MAP LOAD FILE="../../../../../../Users/mikey/Documents/Unreal Projects/BeyondHuman/Content/Maps/Meshing.umap" TEMPLATE=0 SHOWPROGRESS=1 FEATURELEVEL=3
[2018.09.10-09.49.39:999][  0]LightingResults: New page: Lighting Build
[2018.09.10-09.49.40:547][  0]MapCheck: New page: Map Check
[2018.09.10-09.49.40:547][  0]LightingResults: New page: Lighting Build
[2018.09.10-09.49.40:557][  0]LogGarbage: Warning: 8.527009 ms for acquiring GC lock
[2018.09.10-09.50.34:720][  0]LogMaterial: Display: Missing cached shader map for material Bees_Pattern_Plastic_Black_MAT, compiling. 
[2018.09.10-09.50.35:084][  0]LogShaderCompilers: Display: Shaders left to compile 22
[2018.09.10-09.50.35:084][  0]LogShaderCompilers: Display: Shaders left to compile 12
[2018.09.10-09.50.35:084][  0]LogShaderCompilers: Display: Shaders left to compile 2
[2018.09.10-09.50.53:170][  0]LogStaticMesh: Building static mesh WallLeft...
[2018.09.10-09.50.53:326][  0]LogStaticMesh: Built static mesh [0.17s] /Game/Meshes/WallLeft.WallLeft
[2018.09.10-09.50.53:635][  0]LogStaticMesh: Building static mesh WallFront...
[2018.09.10-09.50.53:781][  0]LogStaticMesh: Built static mesh [0.18s] /Game/Meshes/WallFront.WallFront
[2018.09.10-09.50.53:911][  0]LogStaticMesh: Building static mesh WallBack...
[2018.09.10-09.50.53:954][  0]LogStaticMesh: Built static mesh [0.07s] /Game/Meshes/WallBack.WallBack
[2018.09.10-09.51.06:740][  0]LogAIModule: Creating AISystem for world Meshing
[2018.09.10-09.51.12:176][  0]LogEditorServer: Finished looking for orphan Actors (0.003 secs)
[2018.09.10-09.51.13:564][  0]MapCheck: Repaired painted vertex colors in 0.1s for 6 components in /Game/Maps/Meshing.  Resave map to fix. 
[2018.09.10-09.51.13:564][  0]MapCheck: Warning: Spent 0.1s repairing painted vertex colors due to static mesh re-imports!  This will happen every load until the maps are resaved. 
[2018.09.10-09.51.13:592][  0]Cmd: MAP CHECKDEP NOCLEARLOG
[2018.09.10-09.51.19:778][  0]MapCheck: Map check complete: 0 Error(s), 1 Warning(s), took 6,185.449ms to complete.
[2018.09.10-09.51.21:307][  0]LogFileHelpers: Loading map 'Meshing' took 101.443
[2018.09.10-09.51.33:196][  0]LogSlate: Updating window title bar state: overlay mode, drag disabled, window buttons hidden, title bar hidden
[2018.09.10-09.51.33:510][  0]LogSlate: Updating window title bar state: overlay mode, drag disabled, window buttons hidden, title bar hidden
[2018.09.10-09.51.33:520][  0]LogSlate: Updating window title bar state: overlay mode, drag disabled, window buttons hidden, title bar hidden
[2018.09.10-09.51.33:532][  0]LogSlate: Updating window title bar state: overlay mode, drag disabled, window buttons hidden, title bar hidden
[2018.09.10-09.51.34:569][  0]LogCollectionManager: Loaded 0 collections in 0.090724 seconds
[2018.09.10-09.51.35:849][  0]LogFileCache: Scanning file cache for directory 'C:/Users/mikey/Documents/Unreal Projects/BeyondHuman/Saved/Collections/' took 0.01s
[2018.09.10-09.51.35:849][  0]LogFileCache: Scanning file cache for directory 'C:/Users/mikey/Documents/Unreal Projects/BeyondHuman/Content/Developers/mikey/Collections/' took 0.01s
[2018.09.10-09.51.35:849][  0]LogFileCache: Scanning file cache for directory 'C:/Users/mikey/Documents/Unreal Projects/BeyondHuman/Content/Collections/' took 0.01s
[2018.09.10-09.51.35:849][  0]LogCollectionManager: Rebuilt the GUID cache for 0 collections in 0.000001 seconds
[2018.09.10-09.51.35:892][  0]LogContentBrowser: Native class hierarchy populated in 0.0180 seconds. Added 2586 classes and 609 folders.
[2018.09.10-09.51.36:584][  0]LogContentBrowser: Native class hierarchy updated for 'WidgetCarousel' in 0.0004 seconds. Added 0 classes and 0 folders.
[2018.09.10-09.51.42:970][  0]LogContentBrowser: Native class hierarchy updated for 'AddContentDialog' in 0.0008 seconds. Added 0 classes and 0 folders.
[2018.09.10-09.51.43:651][  0]LogContentBrowser: Native class hierarchy updated for 'SceneOutliner' in 0.0005 seconds. Added 1 classes and 2 folders.
[2018.09.10-09.51.47:682][  0]LogSlate: Took 0.372333 seconds to synchronously load lazily loaded font '../../../Engine/Content/Slate/Fonts/Roboto-Regular.ttf' (155K)
[2018.09.10-09.51.47:977][  0]LogSlate: Took 0.113455 seconds to synchronously load lazily loaded font '../../../Engine/Content/Slate/Fonts/Roboto-Bold.ttf' (160K)
[2018.09.10-09.51.48:436][  0]LogSlate: Took 0.300250 seconds to synchronously load lazily loaded font '../../../Engine/Content/Editor/Slate/Fonts/FontAwesome.ttf' (139K)
[2018.09.10-09.51.51:042][  0]LogRenderer: Reallocating scene render targets to support 1016x608 Format 9 NumSamples 1 (Frame:1).
[2018.09.10-09.51.55:736][  0]LogContentBrowser: Native class hierarchy updated for 'HierarchicalLODOutliner' in 0.0009 seconds. Added 0 classes and 0 folders.
[2018.09.10-09.51.55:737][  0]LogLoad: (Engine Initialization) Total time: 454.88 seconds
[2018.09.10-09.51.55:737][  0]LogLoad: (Engine Initialization) Total Blueprint compile time: 0.00 seconds
[2018.09.10-09.51.56:605][  0]LogContentStreaming: Texture pool size now 3000 MB
[2018.09.10-09.51.57:861][  0]LogSlate: Took 0.057843 seconds to synchronously load lazily loaded font '../../../Engine/Content/Slate/Fonts/Roboto-Light.ttf' (167K)
[2018.09.10-09.51.58:178][  1]LogSubstanceLiveLink: Warning: Unable to send data along socket, closing connection
[2018.09.10-09.52.01:447][  7]LogAssetRegistry: Asset discovery search completed in 341.6866 seconds
[2018.09.10-09.52.01:563][  7]LogCollectionManager: Rebuilt the object cache for 0 collections in 0.000006 seconds (found 0 objects)
[2018.09.10-09.52.01:564][  7]LogCollectionManager: Fixed up redirectors for 0 collections in 0.000312 seconds (updated 0 objects)
[2018.09.10-09.58.19:721][299]LogEditorViewport: Clicking on Actor (LMB): BP_MountedLight_C (MountedLight6)
[2018.09.10-09.58.27:730][613]LogSlate: FSceneViewport::OnFocusLost() reason 2
[2018.09.10-09.58.44:616][777]LogSlate: Took 0.100101 seconds to synchronously load lazily loaded font '../../../Engine/Content/Slate/Fonts/Roboto-Light.ttf' (167K)
[2018.09.10-09.58.44:644][777]LogSlate: FSceneViewport::OnFocusLost() reason 2
[2018.09.10-09.58.47:349][777]LogSlate: Window 'FBX Export Options' being destroyed
[2018.09.10-09.58.47:805][777]LogFbx: Warning: FBX version number for this version of the FBX SDK is 7.5.0


[2018.09.10-10.03.09:577][227]LogEditorViewport: Clicking on Actor (LMB): StaticMeshActor (CeilingPillar)
[2018.09.10-10.04.11:882][603]LogEditorViewport: Clicking on Actor (LMB): StaticMeshActor (WallRight)
[2018.09.10-10.04.55:646][112]LogEditorViewport: Clicking on Actor (LMB): StaticMeshActor (CeilingPillar)
[2018.09.10-10.07.54:664][367]LogEditorViewport: Clicking on Actor (LMB): StaticMeshActor (FuseBoxRD2)
[2018.09.10-10.08.01:933][710]LogEditorViewport: Clicking on Actor (LMB): StaticMeshActor (TunnelCorner)
[2018.09.10-10.08.17:156][514]LogEditorViewport: Clicking on Actor (LMB): StaticMeshActor (WallRight)
[2018.09.10-10.08.28:713][ 77]LogEditorViewport: Clicking on Actor (LMB): StaticMeshActor (FuseBoxRD2)
[2018.09.10-10.08.35:414][443]LogSlate: FSceneViewport::OnFocusLost() reason 2
[2018.09.10-10.08.36:949][532]LogSlate: FSceneViewport::OnFocusLost() reason 2
[2018.09.10-10.08.45:067][742]LogSlate: FSceneViewport::OnFocusLost() reason 2
[2018.09.10-10.08.46:054][742]LogSlate: Window 'FBX Export Options' being destroyed
[2018.09.10-10.08.46:109][742]LogFbx: Warning: FBX version number for this version of the FBX SDK is 7.5.0


[2018.09.10-10.09.12:976][869]LogSavePackage: Moving '../../../../../../Users/mikey/Documents/Unreal Projects/BeyondHuman/Saved/Meshing_Auto1103521D6464EC405EBC8DEBED03AA934.tmp' to '../../../../../../Users/mikey/Documents/Unreal Projects/BeyondHuman/Saved/Autosaves/Game/Maps/Meshing_Auto1.umap'
[2018.09.10-10.09.13:066][869]LogFileHelpers: Editor autosave (incl. sublevels) for '/Game/Maps/Meshing' took 1.278
[2018.09.10-10.09.13:067][869]LogFileHelpers: Editor autosave (incl. sublevels) for all levels took 1.278
[2018.09.10-10.12.17:311][560]LogEditorViewport: Clicking on Actor (LMB): StaticMeshActor (FuseBoxRD2)
[2018.09.10-10.12.23:281][879]Cmd: TRANSACTION UNDO
[2018.09.10-10.12.23:281][879]LogEditorTransaction: Undo Move Actors
[2018.09.10-10.14.00:926][925]LogEditorViewport: Clicking on Actor (LMB): BP_PillarHeavy_C (PillarHeavy2)
[2018.09.10-10.15.38:138][296]LogEditorViewport: Clicking on Actor (context menu): StaticMeshActor (BuildingAngled)
[2018.09.10-10.15.38:685][296]LogSlate: FSceneViewport::OnFocusLost() reason 2
[2018.09.10-10.15.40:699][353]LogEditorViewport: Clicking on Actor (LMB): StaticMeshActor (BuildingAngled)
[2018.09.10-10.15.41:851][386]LogEditorViewport: Clicking on Actor (LMB): StaticMeshActor (WallBack)
[2018.09.10-10.15.57:718][980]LogSlate: FSceneViewport::OnFocusLost() reason 0
[2018.09.10-10.15.58:898][980]LogSlate: Window 'Save Content' being destroyed
[2018.09.10-10.15.58:944][980]LogSlate: FSceneViewport::OnFocusLost() reason 2
[2018.09.10-10.16.06:490][980]Cmd: OBJ SAVEPACKAGE PACKAGE="/Game/Maps/Meshing" FILE="../../../../../../Users/mikey/Documents/Unreal Projects/BeyondHuman/Content/Maps/Meshing.umap" SILENT=true AUTOSAVING=false KEEPDIRTY=false
[2018.09.10-10.16.07:233][980]LogSavePackage: Moving '../../../../../../Users/mikey/Documents/Unreal Projects/BeyondHuman/Saved/Meshing4943A24F40EF693363BDF9A6BB0AFB97.tmp' to '../../../../../../Users/mikey/Documents/Unreal Projects/BeyondHuman/Content/Maps/Meshing.umap'
[2018.09.10-10.16.07:558][980]LogFileHelpers: Saving map 'Meshing' took 8.584
[2018.09.10-10.17.05:346][266]LogSlate: FSceneViewport::OnFocusLost() reason 0
[2018.09.10-10.25.22:275][608]LogEditorViewport: Clicking on Actor (context menu): StaticMeshActor (HandrailX4 (7))
[2018.09.10-10.25.22:402][608]LogSlate: FSceneViewport::OnFocusLost() reason 2
[2018.09.10-10.26.07:705][969]LogSavePackage: Moving '../../../../../../Users/mikey/Documents/Unreal Projects/BeyondHuman/Saved/Meshing_Auto23EA8E0BC45F8D273A15CAB943C37EF2D.tmp' to '../../../../../../Users/mikey/Documents/Unreal Projects/BeyondHuman/Saved/Autosaves/Game/Maps/Meshing_Auto2.umap'
[2018.09.10-10.26.07:711][969]LogFileHelpers: Editor autosave (incl. sublevels) for '/Game/Maps/Meshing' took 0.619
[2018.09.10-10.26.07:711][969]LogFileHelpers: Editor autosave (incl. sublevels) for all levels took 0.619
[2018.09.10-10.31.58:713][ 80]LogSlate: FSceneViewport::OnFocusLost() reason 0
[2018.09.10-10.32.51:611][212]LogEditorViewport: Clicking on Actor (LMB): StaticMeshActor (BuildingTall)
[2018.09.10-10.32.52:702][247]LogEditorViewport: Clicking on Actor (LMB): StaticMeshActor (WallLeft)
[2018.09.10-10.33.31:945][624]LogEditorViewport: Clicking on Actor (LMB): StaticMeshActor (WalkwayUpper)
[2018.09.10-10.33.35:229][750]LogSlate: FSceneViewport::OnFocusLost() reason 0
[2018.09.10-10.33.45:782][153]LogSlate: FSceneViewport::OnFocusLost() reason 0
[2018.09.10-10.39.51:196][552]LogEditorViewport: Clicking on Actor (LMB): StaticMeshActor (WallRight)
[2018.09.10-10.39.51:643][571]LogEditorViewport: Clicking on Actor (context menu): StaticMeshActor (WallRight)
[2018.09.10-10.39.51:753][571]LogSlate: FSceneViewport::OnFocusLost() reason 2
[2018.09.10-10.39.53:310][614]LogSlate: FSceneViewport::OnFocusLost() reason 2
[2018.09.10-10.39.56:492][705]LogEditorFactories: Performing atomic reimport of [C:/Users/mikey/Dropbox/Docs/Projects/Beyond Human/Exports/Architecture/WallRight.fbx]
[2018.09.10-10.39.57:237][705]LogFbx: Loading FBX Scene from C:/Users/mikey/Dropbox/Docs/Projects/Beyond Human/Exports/Architecture/WallRight.fbx
[2018.09.10-10.39.57:331][705]LogFbx: FBX Scene Loaded Succesfully
[2018.09.10-10.39.57:844][705]LogStaticMesh: Building static mesh WallRight...
[2018.09.10-10.39.57:912][705]LogStaticMesh: Built static mesh [0.08s] /Game/Meshes/WallRight.WallRight
[2018.09.10-10.39.59:965][705]LogSlate: Window 'Reimport Material Conflicts Resolution' being destroyed
[2018.09.10-10.40.00:023][705]LogEditorFactories: -- imported successfully
[2018.09.10-10.40.04:293][852]LogSlate: FSceneViewport::OnFocusLost() reason 2
[2018.09.10-10.40.11:983][294]LogSlate: FSceneViewport::OnFocusLost() reason 0
[2018.09.10-10.40.24:001][313]LogEditorViewport: Clicking on Actor (context menu): StaticMeshActor (WallRight)
[2018.09.10-10.40.24:167][313]LogSlate: FSceneViewport::OnFocusLost() reason 2
[2018.09.10-10.40.28:132][516]LogSlate: FSceneViewport::OnFocusLost() reason 0
[2018.09.10-10.40.30:152][622]LogEditorFactories: Performing atomic reimport of [C:/Users/mikey/Dropbox/Docs/Projects/Beyond Human/Exports/Architecture/WallRight.fbx]
[2018.09.10-10.40.30:203][622]LogFbx: Loading FBX Scene from C:/Users/mikey/Dropbox/Docs/Projects/Beyond Human/Exports/Architecture/WallRight.fbx
[2018.09.10-10.40.30:211][622]LogFbx: FBX Scene Loaded Succesfully
[2018.09.10-10.40.30:306][622]LogStaticMesh: Building static mesh WallRight...
[2018.09.10-10.40.30:345][622]LogStaticMesh: Built static mesh [0.05s] /Game/Meshes/WallRight.WallRight
[2018.09.10-10.40.30:373][622]LogEditorFactories: -- imported successfully
[2018.09.10-10.40.33:288][771]LogEditorFactories: Performing atomic reimport of [C:/Users/mikey/Dropbox/Docs/Projects/Beyond Human/Exports/Architecture/WallRight.fbx]
[2018.09.10-10.40.33:337][771]LogFbx: Loading FBX Scene from C:/Users/mikey/Dropbox/Docs/Projects/Beyond Human/Exports/Architecture/WallRight.fbx
[2018.09.10-10.40.33:345][771]LogFbx: FBX Scene Loaded Succesfully
[2018.09.10-10.40.33:401][771]LogStaticMesh: Building static mesh WallRight...
[2018.09.10-10.40.33:429][771]LogStaticMesh: Built static mesh [0.03s] /Game/Meshes/WallRight.WallRight
[2018.09.10-10.40.33:514][771]LogEditorFactories: -- imported successfully
[2018.09.10-10.40.34:235][798]LogAssetEditorManager: Opening Asset editor for StaticMesh /Game/Meshes/WallRight.WallRight
[2018.09.10-10.40.41:002][920]LogSlate: Took 0.048648 seconds to synchronously load lazily loaded font '../../../Engine/Content/Slate/Fonts/Roboto-Italic.ttf' (157K)
[2018.09.10-10.40.51:565][443]Cmd: TRANSACTION UNDO
[2018.09.10-10.40.51:565][443]LogEditorTransaction: Undo Replace component used material
[2018.09.10-10.41.41:645][968]LogSavePackage: Moving '../../../../../../Users/mikey/Documents/Unreal Projects/BeyondHuman/Saved/Meshing_Auto3A217898048F11326FE7105ABA91D1A79.tmp' to '../../../../../../Users/mikey/Documents/Unreal Projects/BeyondHuman/Saved/Autosaves/Game/Maps/Meshing_Auto3.umap'
[2018.09.10-10.41.41:651][968]LogFileHelpers: Editor autosave (incl. sublevels) for '/Game/Maps/Meshing' took 1.116
[2018.09.10-10.41.41:651][968]LogFileHelpers: Editor autosave (incl. sublevels) for all levels took 1.116
[2018.09.10-10.41.41:655][968]OBJ SavePackage: Generating thumbnails for [1] asset(s) in package [/Game/Meshes/WallRight] ([1] browsable assets)...
[2018.09.10-10.41.41:761][968]OBJ SavePackage:     Rendered thumbnail for [StaticMesh /Game/Meshes/WallRight.WallRight]
[2018.09.10-10.41.41:761][968]OBJ SavePackage: Finished generating thumbnails for package [/Game/Meshes/WallRight]
[2018.09.10-10.41.41:895][968]LogSavePackage: Moving '../../../../../../Users/mikey/Documents/Unreal Projects/BeyondHuman/Saved/WallRight_Auto3B457C83549595AF16550E2A511B95D1C.tmp' to '../../../../../../Users/mikey/Documents/Unreal Projects/BeyondHuman/Saved/Autosaves/Game/Meshes/WallRight_Auto3.uasset'
[2018.09.10-10.41.41:900][968]LogFileHelpers: Auto-saving content packages took 0.247
[2018.09.10-10.43.57:557][454]LogEditorViewport: Clicking on Actor (LMB): StaticMeshActor (WallRight)
[2018.09.10-10.43.57:959][477]LogEditorViewport: Clicking on Actor (LMB): StaticMeshActor (WallRight)
[2018.09.10-10.43.58:310][497]LogEditorViewport: Clicking on Actor (context menu): StaticMeshActor (WallRight)
[2018.09.10-10.43.58:365][497]LogSlate: FSceneViewport::OnFocusLost() reason 2
[2018.09.10-10.43.59:140][541]LogSlate: FSceneViewport::OnFocusLost() reason 2
[2018.09.10-10.44.01:217][617]LogEditorFactories: Performing atomic reimport of [C:/Users/mikey/Dropbox/Docs/Projects/Beyond Human/Exports/Architecture/WallRight.fbx]
[2018.09.10-10.44.01:308][617]LogFbx: Loading FBX Scene from C:/Users/mikey/Dropbox/Docs/Projects/Beyond Human/Exports/Architecture/WallRight.fbx
[2018.09.10-10.44.01:316][617]LogFbx: FBX Scene Loaded Succesfully
[2018.09.10-10.44.01:394][617]LogStaticMesh: Building static mesh WallRight...
[2018.09.10-10.44.01:417][617]LogStaticMesh: Built static mesh [0.02s] /Game/Meshes/WallRight.WallRight
[2018.09.10-10.44.01:471][617]LogEditorFactories: -- imported successfully
[2018.09.10-10.44.12:404][243]LogSlate: FSceneViewport::OnFocusLost() reason 2
[2018.09.10-10.44.25:023][693]LogEditorViewport: Clicking on Actor (LMB): StaticMeshActor (VentilationSML)
[2018.09.10-10.44.39:850][177]LogSlate: FSceneViewport::OnFocusLost() reason 0
[2018.09.10-10.44.40:922][179]LogSlate: Window 'Save Content' being destroyed
[2018.09.10-10.44.40:950][179]LogSlate: FSceneViewport::OnFocusLost() reason 2
[2018.09.10-10.44.45:755][179]Cmd: OBJ SAVEPACKAGE PACKAGE="/Game/Maps/Meshing" FILE="../../../../../../Users/mikey/Documents/Unreal Projects/BeyondHuman/Content/Maps/Meshing.umap" SILENT=true AUTOSAVING=false KEEPDIRTY=false
[2018.09.10-10.44.46:239][179]LogSavePackage: Moving '../../../../../../Users/mikey/Documents/Unreal Projects/BeyondHuman/Saved/Meshing0A16ED86469E24050828BFB789C3D209.tmp' to '../../../../../../Users/mikey/Documents/Unreal Projects/BeyondHuman/Content/Maps/Meshing.umap'
[2018.09.10-10.44.46:259][179]LogFileHelpers: Saving map 'Meshing' took 5.287
[2018.09.10-10.44.46:290][179]Cmd: OBJ SAVEPACKAGE PACKAGE="/Game/Meshes/WallRight" FILE="../../../../../../Users/mikey/Documents/Unreal Projects/BeyondHuman/Content/Meshes/WallRight.uasset" SILENT=true
[2018.09.10-10.44.46:322][179]LogSavePackage: Moving '../../../../../../Users/mikey/Documents/Unreal Projects/BeyondHuman/Saved/WallRight8E4864BE4C0A9BDEADDB63AE645C6ADD.tmp' to '../../../../../../Users/mikey/Documents/Unreal Projects/BeyondHuman/Content/Meshes/WallRight.uasset'
[2018.09.10-10.45.54:200][644]LogSlate: FSceneViewport::OnFocusLost() reason 2
[2018.09.10-10.45.56:186][715]Cmd: OBJ SAVEPACKAGE PACKAGE="/Game/Meshes/WallRight" FILE="../../../../../../Users/mikey/Documents/Unreal Projects/BeyondHuman/Content/Meshes/WallRight.uasset" SILENT=true
[2018.09.10-10.45.56:232][715]LogSavePackage: Moving '../../../../../../Users/mikey/Documents/Unreal Projects/BeyondHuman/Saved/WallRightB316282248A543E0187C0881C55E2539.tmp' to '../../../../../../Users/mikey/Documents/Unreal Projects/BeyondHuman/Content/Meshes/WallRight.uasset'
[2018.09.10-10.45.57:098][753]LogSlate: FSceneViewport::OnFocusLost() reason 0
[2018.09.10-10.45.57:279][757]LogSlate: Window 'WallRight' being destroyed
[2018.09.10-10.45.57:299][757]LogSlate: Window 'WallRight' being destroyed
[2018.09.10-10.54.15:263][749]LogEditorViewport: Clicking on Actor (LMB): StaticMeshActor (WallRight)
[2018.09.10-10.54.15:640][761]LogEditorViewport: Clicking on Actor (context menu): StaticMeshActor (WallRight)
[2018.09.10-10.54.15:783][761]LogSlate: FSceneViewport::OnFocusLost() reason 2
[2018.09.10-10.54.16:646][806]LogSlate: FSceneViewport::OnFocusLost() reason 2
[2018.09.10-10.54.18:648][897]LogEditorFactories: Performing atomic reimport of [C:/Users/mikey/Dropbox/Docs/Projects/Beyond Human/Exports/Architecture/WallRight.fbx]
[2018.09.10-10.54.18:712][897]LogFbx: Loading FBX Scene from C:/Users/mikey/Dropbox/Docs/Projects/Beyond Human/Exports/Architecture/WallRight.fbx
[2018.09.10-10.54.18:721][897]LogFbx: FBX Scene Loaded Succesfully
[2018.09.10-10.54.18:846][897]LogStaticMesh: Building static mesh WallRight...
[2018.09.10-10.54.18:882][897]LogStaticMesh: Built static mesh [0.04s] /Game/Meshes/WallRight.WallRight
[2018.09.10-10.54.18:975][897]LogEditorFactories: -- imported successfully
[2018.09.10-10.54.20:558][973]LogEditorViewport: Clicking on Actor (LMB): StaticMeshActor (HandrailX2 (5)2)
[2018.09.10-10.54.22:938][ 84]LogEditorViewport: Clicking on Actor (LMB): StaticMeshActor (GirderSQ (6)2)
[2018.09.10-10.54.23:656][105]LogEditorViewport: Clicking on Actor (LMB): StaticMeshActor (WallRight)
[2018.09.10-10.54.28:679][363]LogSlate: FSceneViewport::OnFocusLost() reason 0
[2018.09.10-10.54.39:140][874]LogSlate: FSceneViewport::OnFocusLost() reason 0
[2018.09.10-10.54.39:298][878]LogActorFactory: Actor Factory created PipeHolderD
[2018.09.10-10.54.40:211][911]LogActorFactory: Actor Factory created PipeHolderD
[2018.09.10-10.54.56:428][802]Cmd: TRANSACTION UNDO
[2018.09.10-10.54.56:428][802]LogEditorTransaction: Undo Scale Actors
[2018.09.10-10.54.57:941][880]Cmd: TRANSACTION UNDO
[2018.09.10-10.54.57:942][880]LogEditorTransaction: Undo Scale Actors
[2018.09.10-10.54.58:725][924]Cmd: CAMERA ALIGN ACTIVEVIEWPORTONLY
[2018.09.10-10.55.08:890][428]Cmd: TRANSACTION UNDO
[2018.09.10-10.55.08:890][428]LogEditorTransaction: Undo Scale Actors
[2018.09.10-10.55.13:673][665]LogSlate: FSceneViewport::OnFocusLost() reason 0
[2018.09.10-10.55.19:262][919]Cmd: EDIT COPY
[2018.09.10-10.55.19:772][919]Cmd: EDIT PASTE
[2018.09.10-10.55.24:011][139]Cmd: CAMERA ALIGN ACTIVEVIEWPORTONLY
[2018.09.10-10.55.30:768][516]LogSlate: FSceneViewport::OnFocusLost() reason 0
[2018.09.10-10.55.30:831][519]Cmd: MODE GRID=0
[2018.09.10-10.55.35:175][761]LogEditorViewport: Clicking on Actor (LMB): StaticMeshActor (WallRight)
[2018.09.10-10.55.35:637][783]LogEditorViewport: Clicking on Actor (LMB): StaticMeshActor (PipeHolderD37)
[2018.09.10-10.55.36:506][829]Cmd: CAMERA ALIGN ACTIVEVIEWPORTONLY
[2018.09.10-10.55.39:832][  8]LogEditorViewport: Clicking on Actor (LMB): StaticMeshActor (WallRight)
[2018.09.10-10.55.43:361][181]LogEditorViewport: Clicking on Actor (LMB): StaticMeshActor (PipeHolderD37)
[2018.09.10-10.55.45:072][271]Cmd: EDIT COPY
[2018.09.10-10.55.45:292][283]Cmd: EDIT PASTE
[2018.09.10-10.55.47:995][423]Cmd: CAMERA ALIGN ACTIVEVIEWPORTONLY
[2018.09.10-10.55.49:564][509]LogEditorViewport: Clicking on Actor (LMB): StaticMeshActor (PipeHolderD40)
[2018.09.10-10.55.51:636][620]Cmd: CAMERA ALIGN ACTIVEVIEWPORTONLY
[2018.09.10-10.55.56:278][863]LogEditorViewport: Clicking on Actor (LMB): StaticMeshActor (PipeHolderD39)
[2018.09.10-10.55.57:082][902]Cmd: CAMERA ALIGN ACTIVEVIEWPORTONLY
[2018.09.10-10.56.02:377][140]Cmd: TRANSACTION UNDO
[2018.09.10-10.56.02:377][140]LogEditorTransaction: Undo Move Actors
[2018.09.10-10.56.09:746][508]Cmd: TRANSACTION UNDO
[2018.09.10-10.56.09:746][508]LogEditorTransaction: Undo Scale Actors
[2018.09.10-10.56.14:685][748]LogEditorViewport: Clicking on Actor (LMB): StaticMeshActor (TunnelCorner)
[2018.09.10-10.56.17:909][906]LogEditorViewport: Clicking on Actor (LMB): StaticMeshActor (Ground)
[2018.09.10-10.56.34:328][632]LogSlate: FSceneViewport::OnFocusLost() reason 0
[2018.09.10-10.56.36:268][634]LogSlate: Window 'Save Content' being destroyed
[2018.09.10-10.56.36:561][634]Cmd: OBJ SAVEPACKAGE PACKAGE="/Game/Maps/Meshing" FILE="../../../../../../Users/mikey/Documents/Unreal Projects/BeyondHuman/Content/Maps/Meshing.umap" SILENT=true AUTOSAVING=false KEEPDIRTY=false
[2018.09.10-10.56.37:121][634]LogSavePackage: Moving '../../../../../../Users/mikey/Documents/Unreal Projects/BeyondHuman/Saved/Meshing1731777346A14B6CAB972E88B0BEAD38.tmp' to '../../../../../../Users/mikey/Documents/Unreal Projects/BeyondHuman/Content/Maps/Meshing.umap'
[2018.09.10-10.56.37:160][634]LogFileHelpers: Saving map 'Meshing' took 0.838
[2018.09.10-10.56.37:180][634]Cmd: OBJ SAVEPACKAGE PACKAGE="/Game/Meshes/WallRight" FILE="../../../../../../Users/mikey/Documents/Unreal Projects/BeyondHuman/Content/Meshes/WallRight.uasset" SILENT=true
[2018.09.10-10.56.37:267][634]LogSavePackage: Moving '../../../../../../Users/mikey/Documents/Unreal Projects/BeyondHuman/Saved/WallRightA271476F4898F616D2E47B82A2666812.tmp' to '../../../../../../Users/mikey/Documents/Unreal Projects/BeyondHuman/Content/Meshes/WallRight.uasset'
[2018.09.10-10.57.20:522][463]LogSlate: FSceneViewport::OnFocusLost() reason 0
[2018.09.10-10.57.27:082][724]LogSlate: FSceneViewport::OnFocusLost() reason 0
[2018.09.10-10.57.31:952][928]Cmd: CAMERA ALIGN ACTIVEVIEWPORTONLY
[2018.09.10-10.57.46:824][611]LogSlate: FSceneViewport::OnFocusLost() reason 0
[2018.09.10-10.57.54:132][960]Cmd: CAMERA ALIGN ACTIVEVIEWPORTONLY
[2018.09.10-10.58.24:501][314]LogSlate: FSceneViewport::OnFocusLost() reason 0
[2018.09.10-10.58.35:016][808]LogSlate: FSceneViewport::OnFocusLost() reason 0
[2018.09.10-10.58.42:484][151]LogSlate: FSceneViewport::OnFocusLost() reason 0
[2018.09.10-10.58.58:221][841]LogSlate: FSceneViewport::OnFocusLost() reason 0
[2018.09.10-10.59.43:052][865]LogSlate: FSceneViewport::OnFocusLost() reason 0
[2018.09.10-11.00.30:529][889]LogSlate: FSceneViewport::OnFocusLost() reason 0
[2018.09.10-11.00.51:238][772]LogSlate: FSceneViewport::OnFocusLost() reason 0
[2018.09.10-11.00.54:751][912]LogSlate: FSceneViewport::OnFocusLost() reason 0
[2018.09.10-11.01.36:665][877]LogSlate: FSceneViewport::OnFocusLost() reason 0
[2018.09.10-11.01.40:305][ 16]Cmd: DELETE
[2018.09.10-11.01.40:305][ 16]Cmd: ACTOR DELETE
[2018.09.10-11.01.40:656][ 16]LogEditorActor: Deleted Actor: PostProcessVolume
[2018.09.10-11.01.40:725][ 16]LogEditorActor: Deleted 1 Actors (0.408 secs)
[2018.09.10-11.01.45:098][236]LogSlate: FSceneViewport::OnFocusLost() reason 0
[2018.09.10-11.01.46:341][238]LogSlate: Window 'Save Content' being destroyed
[2018.09.10-11.01.46:621][238]Cmd: OBJ SAVEPACKAGE PACKAGE="/Game/Maps/Meshing" FILE="../../../../../../Users/mikey/Documents/Unreal Projects/BeyondHuman/Content/Maps/Meshing.umap" SILENT=true AUTOSAVING=false KEEPDIRTY=false
[2018.09.10-11.01.47:152][238]LogSavePackage: Moving '../../../../../../Users/mikey/Documents/Unreal Projects/BeyondHuman/Saved/MeshingDD186E894C884EF51580A2A149FE1310.tmp' to '../../../../../../Users/mikey/Documents/Unreal Projects/BeyondHuman/Content/Maps/Meshing.umap'
[2018.09.10-11.01.47:176][238]LogFileHelpers: Saving map 'Meshing' took 0.787
[2018.09.10-11.01.48:464][290]LogSlate: Window 'BeyondHuman - Unreal Editor' being destroyed
[2018.09.10-11.01.49:155][291]Cmd: QUIT_EDITOR
[2018.09.10-11.01.49:730][291]LogWindowsTextInputMethodSystem: Display: IME system now deactivated.
[2018.09.10-11.01.49:850][291]LogExit: Preparing to exit.
[2018.09.10-11.01.53:411][291]LogExit: Editor shut down
[2018.09.10-11.01.53:414][291]LogExit: Transaction tracking system shut down
[2018.09.10-11.01.59:800][291]LogExit: Object subsystem successfully closed.
[2018.09.10-11.02.01:155][291]LogShaderCompilers: Display: Shaders left to compile 0
[2018.09.10-11.02.01:306][291]LogD3D11RHI: Shutdown
[2018.09.10-11.02.01:335][291]LogD3D11RHI: CleanupD3DDevice
[2018.09.10-11.02.01:642][291]LogD3D11RHI: ~FD3D11DynamicRHI
[2018.09.10-11.02.06:251][291]LogModuleManager: Shutting down and abandoning module HierarchicalLODUtilities (624)
[2018.09.10-11.02.06:252][291]LogModuleManager: Shutting down and abandoning module StaticMeshEditor (622)
[2018.09.10-11.02.06:252][291]LogModuleManager: Shutting down and abandoning module HierarchicalLODOutliner (620)
[2018.09.10-11.02.06:253][291]LogModuleManager: Shutting down and abandoning module SceneOutliner (618)
[2018.09.10-11.02.06:253][291]LogModuleManager: Shutting down and abandoning module AddContentDialog (616)
[2018.09.10-11.02.06:373][291]LogModuleManager: Shutting down and abandoning module WidgetCarousel (615)
[2018.09.10-11.02.06:374][291]LogModuleManager: Shutting down and abandoning module EditorWidgets (612)
[2018.09.10-11.02.06:374][291]LogModuleManager: Shutting down and abandoning module CollectionManager (610)
[2018.09.10-11.02.06:401][291]LogModuleManager: Shutting down and abandoning module MeshBuilder (608)
[2018.09.10-11.02.06:401][291]LogModuleManager: Shutting down and abandoning module StatsViewer (606)
[2018.09.10-11.02.06:485][291]LogModuleManager: Shutting down and abandoning module FoliageEdit (604)
[2018.09.10-11.02.06:499][291]LogModuleManager: Shutting down and abandoning module LandscapeEditor (602)
[2018.09.10-11.02.06:742][291]LogModuleManager: Shutting down and abandoning module MeshPaintMode (600)
[2018.09.10-11.02.06:744][291]LogModuleManager: Shutting down and abandoning module SceneDepthPickerMode (598)
[2018.09.10-11.02.06:744][291]LogModuleManager: Shutting down and abandoning module ActorPickerMode (596)
[2018.09.10-11.02.06:744][291]LogModuleManager: Shutting down and abandoning module GeometryMode (594)
[2018.09.10-11.02.06:777][291]LogModuleManager: Shutting down and abandoning module TextureAlignMode (592)
[2018.09.10-11.02.06:777][291]LogModuleManager: Shutting down and abandoning module BspMode (590)
[2018.09.10-11.02.06:777][291]LogModuleManager: Shutting down and abandoning module PIEPreviewDeviceProfileSelector (588)
[2018.09.10-11.02.06:827][291]LogModuleManager: Shutting down and abandoning module SequenceRecorderSections (586)
[2018.09.10-11.02.06:828][291]LogModuleManager: Shutting down and abandoning module AutomationWorker (584)
[2018.09.10-11.02.06:830][291]LogModuleManager: Shutting down and abandoning module AudioCaptureEditor (582)
[2018.09.10-11.02.06:830][291]LogModuleManager: Shutting down and abandoning module SequenceRecorder (581)
[2018.09.10-11.02.06:895][291]LogModuleManager: Shutting down and abandoning module MatineeToLevelSequence (578)
[2018.09.10-11.02.06:897][291]LogModuleManager: Shutting down and abandoning module LevelSequenceEditor (576)
[2018.09.10-11.02.07:018][291]LogModuleManager: Shutting down and abandoning module PlacementMode (575)
[2018.09.10-11.02.07:018][291]LogModuleManager: Shutting down and abandoning module MaterialEditor (574)
[2018.09.10-11.02.07:078][291]LogModuleManager: Shutting down and abandoning module WmfMediaFactory (570)
[2018.09.10-11.02.07:079][291]LogModuleManager: Shutting down and abandoning module WmfMediaEditor (568)
[2018.09.10-11.02.07:079][291]LogModuleManager: Shutting down and abandoning module MediaPlayerEditor (566)
[2018.09.10-11.02.07:106][291]LogModuleManager: Shutting down and abandoning module OpenExrWrapper (564)
[2018.09.10-11.02.07:106][291]LogModuleManager: Shutting down and abandoning module ImgMediaFactory (562)
[2018.09.10-11.02.07:106][291]LogModuleManager: Shutting down and abandoning module ImgMediaEditor (560)
[2018.09.10-11.02.07:106][291]LogModuleManager: Shutting down and abandoning module AvfMediaFactory (558)
[2018.09.10-11.02.07:106][291]LogModuleManager: Shutting down and abandoning module AvfMediaEditor (556)
[2018.09.10-11.02.07:106][291]LogModuleManager: Shutting down and abandoning module AndroidMediaFactory (554)
[2018.09.10-11.02.07:106][291]LogModuleManager: Shutting down and abandoning module AndroidMediaEditor (552)
[2018.09.10-11.02.07:107][291]LogModuleManager: Shutting down and abandoning module MagicLeapCameraPreviewFactory (550)
[2018.09.10-11.02.07:107][291]LogModuleManager: Shutting down and abandoning module MagicLeapMediaFactory (548)
[2018.09.10-11.02.07:107][291]LogModuleManager: Shutting down and abandoning module MagicLeapMediaEditor (546)
[2018.09.10-11.02.07:107][291]LogModuleManager: Shutting down and abandoning module CharacterAI (544)
[2018.09.10-11.02.07:108][291]LogModuleManager: Shutting down and abandoning module SmartSnapping (542)
[2018.09.10-11.02.07:108][291]LogModuleManager: Shutting down and abandoning module SessionServices (540)
[2018.09.10-11.02.07:108][291]LogModuleManager: Shutting down and abandoning module ViewportSnapping (538)
[2018.09.10-11.02.07:109][291]LogModuleManager: Shutting down and abandoning module ViewportInteraction (536)
[2018.09.10-11.02.07:109][291]LogModuleManager: Shutting down and abandoning module ClothPainter (534)
[2018.09.10-11.02.07:151][291]LogModuleManager: Shutting down and abandoning module SkeletalMeshEditor (533)
[2018.09.10-11.02.07:189][291]LogModuleManager: Shutting down and abandoning module LogVisualizer (530)
[2018.09.10-11.02.07:238][291]LogModuleManager: Shutting down and abandoning module IntroTutorials (528)
[2018.09.10-11.02.07:284][291]LogModuleManager: Shutting down and abandoning module GameProjectGeneration (527)
[2018.09.10-11.02.07:302][291]LogModuleManager: Shutting down and abandoning module LuminPlatformEditor (524)
[2018.09.10-11.02.07:302][291]LogModuleManager: Shutting down and abandoning module IOSPlatformEditor (522)
[2018.09.10-11.02.07:312][291]LogModuleManager: Shutting down and abandoning module HTML5PlatformEditor (520)
[2018.09.10-11.02.07:312][291]LogModuleManager: Shutting down and abandoning module AndroidPlatformEditor (518)
[2018.09.10-11.02.07:313][291]LogModuleManager: Shutting down and abandoning module AndroidDeviceDetection (517)
[2018.09.10-11.02.08:598][291]LogModuleManager: Shutting down and abandoning module WindowsPlatformEditor (514)
[2018.09.10-11.02.08:598][291]LogModuleManager: Shutting down and abandoning module LuminRuntimeSettings (512)
[2018.09.10-11.02.08:598][291]LogModuleManager: Shutting down and abandoning module IOSRuntimeSettings (510)
[2018.09.10-11.02.08:598][291]LogModuleManager: Shutting down and abandoning module AndroidRuntimeSettings (508)
[2018.09.10-11.02.08:598][291]LogModuleManager: Shutting down and abandoning module InputBindingEditor (506)
[2018.09.10-11.02.08:600][291]LogModuleManager: Shutting down and abandoning module MergeActors (504)
[2018.09.10-11.02.08:638][291]LogModuleManager: Shutting down and abandoning module LocalizationDashboard (502)
[2018.09.10-11.02.08:723][291]LogModuleManager: Shutting down and abandoning module LocalizationService (501)
[2018.09.10-11.02.08:724][291]LogModuleManager: Shutting down and abandoning module HardwareTargeting (498)
[2018.09.10-11.02.08:724][291]LogModuleManager: Shutting down and abandoning module DeviceProfileEditor (496)
[2018.09.10-11.02.08:759][291]LogModuleManager: Shutting down and abandoning module UndoHistory (494)
[2018.09.10-11.02.08:778][291]LogModuleManager: Shutting down and abandoning module XmlParser (492)
[2018.09.10-11.02.08:779][291]LogModuleManager: Shutting down and abandoning module Blutility (490)
[2018.09.10-11.02.08:780][291]LogModuleManager: Shutting down and abandoning module ProjectSettingsViewer (488)
[2018.09.10-11.02.08:781][291]LogModuleManager: Shutting down and abandoning module ProjectTargetPlatformEditor (487)
[2018.09.10-11.02.08:781][291]LogModuleManager: Shutting down and abandoning module EditorSettingsViewer (484)
[2018.09.10-11.02.08:782][291]LogModuleManager: Shutting down and abandoning module SettingsEditor (482)
[2018.09.10-11.02.08:809][291]LogModuleManager: Shutting down and abandoning module ProjectLauncher (480)
[2018.09.10-11.02.08:925][291]LogModuleManager: Shutting down and abandoning module SessionFrontend (478)
[2018.09.10-11.02.08:971][291]LogModuleManager: Shutting down and abandoning module ProfilerClient (476)
[2018.09.10-11.02.09:001][291]LogModuleManager: Shutting down and abandoning module DeviceManager (474)
[2018.09.10-11.02.09:019][291]LogModuleManager: Shutting down and abandoning module TargetDeviceServices (473)
[2018.09.10-11.02.09:072][291]LogModuleManager: Shutting down and abandoning module AutomationController (470)
[2018.09.10-11.02.09:075][291]LogModuleManager: Shutting down and abandoning module AutomationWindow (468)
[2018.09.10-11.02.09:121][291]LogModuleManager: Shutting down and abandoning module Layers (466)
[2018.09.10-11.02.09:313][291]LogModuleManager: Shutting down and abandoning module ComponentVisualizers (464)
[2018.09.10-11.02.09:314][291]LogModuleManager: Shutting down and abandoning module DetailCustomizations (462)
[2018.09.10-11.02.09:348][291]LogModuleManager: Shutting down and abandoning module PackagesDialog (460)
[2018.09.10-11.02.09:348][291]LogModuleManager: Shutting down and abandoning module Persona (458)
[2018.09.10-11.02.09:538][291]LogModuleManager: Shutting down and abandoning module AdvancedPreviewScene (457)
[2018.09.10-11.02.09:538][291]LogModuleManager: Shutting down and abandoning module AnimGraph (455)
[2018.09.10-11.02.09:559][291]LogModuleManager: Shutting down and abandoning module Kismet (452)
[2018.09.10-11.02.09:670][291]LogModuleManager: Shutting down and abandoning module GraphEditor (450)
[2018.09.10-11.02.09:745][291]LogModuleManager: Shutting down and abandoning module ClassViewer (448)
[2018.09.10-11.02.09:747][291]LogModuleManager: Shutting down and abandoning module Toolbox (446)
[2018.09.10-11.02.09:747][291]LogModuleManager: Shutting down and abandoning module ModuleUI (444)
[2018.09.10-11.02.09:811][291]LogModuleManager: Shutting down and abandoning module MovieSceneTools (442)
[2018.09.10-11.02.09:910][291]LogModuleManager: Shutting down and abandoning module OutputLog (440)
[2018.09.10-11.02.09:937][291]LogModuleManager: Shutting down and abandoning module GammaUI (438)
[2018.09.10-11.02.09:938][291]LogModuleManager: Shutting down and abandoning module Documentation (436)
[2018.09.10-11.02.09:938][291]LogModuleManager: Shutting down and abandoning module MovieSceneTracks (434)
[2018.09.10-11.02.09:938][291]LogModuleManager: Shutting down and abandoning module MovieScene (432)
[2018.09.10-11.02.09:939][291]LogModuleManager: Shutting down and abandoning module StreamingPauseRendering (430)
[2018.09.10-11.02.09:940][291]LogModuleManager: Shutting down and abandoning module LauncherPlatform (428)
[2018.09.10-11.02.09:940][291]LogModuleManager: Shutting down and abandoning module AnalyticsET (426)
[2018.09.10-11.02.09:940][291]LogModuleManager: Shutting down and abandoning module PortalServices (424)
[2018.09.10-11.02.09:940][291]LogModuleManager: Shutting down and abandoning module PortalRpc (422)
[2018.09.10-11.02.09:940][291]LogModuleManager: Shutting down and abandoning module MessagingRpc (420)
[2018.09.10-11.02.09:940][291]LogModuleManager: Shutting down and abandoning module AIModule (418)
[2018.09.10-11.02.09:974][291]LogModuleManager: Shutting down and abandoning module GameplayDebugger (417)
[2018.09.10-11.02.09:977][291]LogModuleManager: Shutting down and abandoning module AITestSuite (415)
[2018.09.10-11.02.10:031][291]LogModuleManager: Shutting down and abandoning module NavigationSystem (413)
[2018.09.10-11.02.10:031][291]LogModuleManager: Shutting down and abandoning module DesktopPlatform (410)
[2018.09.10-11.02.10:073][291]LogModuleManager: Shutting down and abandoning module ProfilerService (408)
[2018.09.10-11.02.10:116][291]LogModuleManager: Shutting down and abandoning module TaskGraph (406)
[2018.09.10-11.02.10:159][291]LogModuleManager: Shutting down and abandoning module SubstanceLiveLink (404)
[2018.09.10-11.02.10:232][291]LogModuleManager: Shutting down and abandoning module SubstanceSource (402)
[2018.09.10-11.02.10:299][291]LogModuleManager: Shutting down and abandoning module SubstanceEditor (400)
[2018.09.10-11.02.10:368][291]LogModuleManager: Shutting down and abandoning module SteamVRController (398)
[2018.09.10-11.02.10:368][291]LogModuleManager: Shutting down and abandoning module ProceduralMeshComponentEditor (396)
[2018.09.10-11.02.10:368][291]LogModuleManager: Shutting down and abandoning module ProceduralMeshComponent (394)
[2018.09.10-11.02.10:395][291]LogModuleManager: Shutting down and abandoning module OculusInput (392)
[2018.09.10-11.02.10:395][291]LogModuleManager: Shutting down and abandoning module MobilePatchingUtils (390)
[2018.09.10-11.02.10:395][291]LogModuleManager: Shutting down and abandoning module EditableMesh (388)
[2018.09.10-11.02.10:420][291]LogModuleManager: Shutting down and abandoning module CustomMeshComponent (386)
[2018.09.10-11.02.10:421][291]LogModuleManager: Shutting down and abandoning module CableComponent (384)
[2018.09.10-11.02.10:421][291]LogModuleManager: Shutting down and abandoning module AudioCapture (382)
[2018.09.10-11.02.10:421][291]LogModuleManager: Shutting down and abandoning module ArchVisCharacter (380)
[2018.09.10-11.02.10:421][291]LogModuleManager: Shutting down and abandoning module AndroidPermission (378)
[2018.09.10-11.02.10:421][291]LogModuleManager: Shutting down and abandoning module NUTUnrealEngine4 (376)
[2018.09.10-11.02.10:421][291]LogModuleManager: Shutting down and abandoning module NetcodeUnitTest (374)
[2018.09.10-11.02.10:535][291]LogModuleManager: Shutting down and abandoning module MediaCompositingEditor (372)
[2018.09.10-11.02.10:536][291]LogModuleManager: Shutting down and abandoning module MediaCompositing (370)
[2018.09.10-11.02.10:536][291]LogModuleManager: Shutting down and abandoning module LinearTimecode (368)
[2018.09.10-11.02.10:536][291]LogModuleManager: Shutting down and abandoning module ImgMedia (366)
[2018.09.10-11.02.10:553][291]LogModuleManager: Shutting down and abandoning module HTML5Networking (364)
[2018.09.10-11.02.10:553][291]LogModuleManager: Shutting down and abandoning module GeometryCacheTracks (362)
[2018.09.10-11.02.10:553][291]LogModuleManager: Shutting down and abandoning module GeometryCacheSequencer (360)
[2018.09.10-11.02.10:553][291]LogModuleManager: Shutting down and abandoning module BackChannel (358)
[2018.09.10-11.02.10:554][291]LogModuleManager: Shutting down and abandoning module AppleVision (356)
[2018.09.10-11.02.10:554][291]LogModuleManager: Shutting down and abandoning module AppleImageUtils (354)
[2018.09.10-11.02.10:554][291]LogModuleManager: Shutting down and abandoning module AlembicImporter (352)
[2018.09.10-11.02.10:554][291]LogModuleManager: Shutting down and abandoning module AlembicLibrary (351)
[2018.09.10-11.02.10:554][291]LogModuleManager: Shutting down and abandoning module GeometryCache (350)
[2018.09.10-11.02.10:555][291]LogModuleManager: Shutting down and abandoning module GeometryCacheEd (349)
[2018.09.10-11.02.10:555][291]LogModuleManager: Shutting down and abandoning module DatasmithContentEditor (344)
[2018.09.10-11.02.10:556][291]LogModuleManager: Shutting down and abandoning module DatasmithContent (342)
[2018.09.10-11.02.10:557][291]LogModuleManager: Shutting down and abandoning module SpeedTreeImporter (340)
[2018.09.10-11.02.10:557][291]LogModuleManager: Shutting down and abandoning module PluginBrowser (338)
[2018.09.10-11.02.10:642][291]LogModuleManager: Shutting down and abandoning module MobileLauncherProfileWizard (336)
[2018.09.10-11.02.10:658][291]LogModuleManager: Shutting down and abandoning module PolygonModeling (334)
[2018.09.10-11.02.10:658][291]LogModuleManager: Shutting down and abandoning module MeshEditor (332)
[2018.09.10-11.02.10:683][291]LogModuleManager: Shutting down and abandoning module CryptoKeysOpenSSL (330)
[2018.09.10-11.02.10:688][291]LogModuleManager: Shutting down and abandoning module CryptoKeys (328)
[2018.09.10-11.02.10:688][291]LogModuleManager: Shutting down and abandoning module VisualStudioSourceCodeAccess (326)
[2018.09.10-11.02.10:740][291]LogModuleManager: Shutting down and abandoning module VisualStudioCodeSourceCodeAccess (324)
[2018.09.10-11.02.10:740][291]LogModuleManager: Shutting down and abandoning module UObjectPlugin (322)
[2018.09.10-11.02.10:740][291]LogModuleManager: Shutting down and abandoning module SubversionSourceControl (320)
[2018.09.10-11.02.10:785][291]LogModuleManager: Shutting down and abandoning module PerforceSourceControl (318)
[2018.09.10-11.02.10:888][291]LogModuleManager: Shutting down and abandoning module GitSourceControl (316)
[2018.09.10-11.02.10:964][291]LogModuleManager: Shutting down and abandoning module SourceControl (315)
[2018.09.10-11.02.10:965][291]LogModuleManager: Shutting down and abandoning module CLionSourceCodeAccess (312)
[2018.09.10-11.02.10:965][291]LogModuleManager: Shutting down and abandoning module LightPropagationVolumeEditor (310)
[2018.09.10-11.02.10:965][291]LogModuleManager: Shutting down and abandoning module PaperTiledImporter (308)
[2018.09.10-11.02.10:966][291]LogModuleManager: Shutting down and abandoning module PaperSpriteSheetImporter (306)
[2018.09.10-11.02.10:966][291]LogModuleManager: Shutting down and abandoning module Paper2DEditor (304)
[2018.09.10-11.02.10:998][291]LogModuleManager: Shutting down and abandoning module MeshPaint (303)
[2018.09.10-11.02.11:018][291]LogModuleManager: Shutting down and abandoning module RuntimePhysXCooking (300)
[2018.09.10-11.02.11:018][291]LogModuleManager: Shutting down and abandoning module PhysXVehiclesEditor (298)
[2018.09.10-11.02.11:019][291]LogModuleManager: Shutting down and abandoning module PhysXVehicles (296)
[2018.09.10-11.02.11:019][291]LogModuleManager: Shutting down and abandoning module OculusEditor (294)
[2018.09.10-11.02.11:096][291]LogModuleManager: Shutting down and abandoning module LocationServicesBPLibrary (292)
[2018.09.10-11.02.11:096][291]LogModuleManager: Shutting down and abandoning module ImmediatePhysicsEditor (290)
[2018.09.10-11.02.11:096][291]LogModuleManager: Shutting down and abandoning module ImmediatePhysics (288)
[2018.09.10-11.02.11:096][291]LogModuleManager: Shutting down and abandoning module ActorSequence (286)
[2018.09.10-11.02.11:096][291]LogModuleManager: Shutting down and abandoning module UdpMessaging (284)
[2018.09.10-11.02.11:197][291]LogModuleManager: Shutting down and abandoning module TcpMessaging (282)
[2018.09.10-11.02.11:300][291]LogModuleManager: Shutting down and abandoning module SubstanceCore (280)
[2018.09.10-11.02.11:341][291]LogModuleManager: Shutting down and abandoning module MagicLeapAudio (278)
[2018.09.10-11.02.11:341][291]LogModuleManager: Shutting down and abandoning module GameplayTagsEditor (276)
[2018.09.10-11.02.11:430][291]LogModuleManager: Shutting down and abandoning module FacialAnimationEditor (274)
[2018.09.10-11.02.11:442][291]LogModuleManager: Shutting down and abandoning module FacialAnimation (272)
[2018.09.10-11.02.11:442][291]LogModuleManager: Shutting down and abandoning module DataValidation (270)
[2018.09.10-11.02.11:442][291]LogModuleManager: Shutting down and abandoning module AssetManagerEditor (268)
[2018.09.10-11.02.11:454][291]LogModuleManager: Shutting down and abandoning module LevelEditor (267)
[2018.09.10-11.02.11:497][291]LogModuleManager: Shutting down and abandoning module PixelInspectorModule (266)
[2018.09.10-11.02.11:624][291]LogModuleManager: Shutting down and abandoning module CommonMenuExtensions (264)
[2018.09.10-11.02.11:625][291]LogModuleManager: Shutting down and abandoning module MainFrame (262)
[2018.09.10-11.02.11:625][291]LogModuleManager: Shutting down and abandoning module HotReload (261)
[2018.09.10-11.02.11:689][291]LogModuleManager: Shutting down and abandoning module ContentBrowser (257)
[2018.09.10-11.02.11:693][291]LogModuleManager: Shutting down and abandoning module TreeMap (255)
[2018.09.10-11.02.11:722][291]LogModuleManager: Shutting down and abandoning module LightPropagationVolumeRuntime (252)
[2018.09.10-11.02.11:722][291]LogModuleManager: Shutting down and abandoning module AISupportModule (250)
[2018.09.10-11.02.11:722][291]LogModuleManager: Shutting down and abandoning module Paper2D (248)
[2018.09.10-11.02.11:743][291]LogModuleManager: Shutting down and abandoning module WindowsMoviePlayer (246)
[2018.09.10-11.02.11:745][291]LogModuleManager: Shutting down and abandoning module WmfMedia (244)
[2018.09.10-11.02.11:748][291]LogModuleManager: Shutting down and abandoning module Media (243)
[2018.09.10-11.02.11:755][291]LogModuleManager: Shutting down and abandoning module PacketHandler (240)
[2018.09.10-11.02.11:756][291]LogModuleManager: Shutting down and abandoning module ClothingSystemEditor (238)
[2018.09.10-11.02.11:756][291]LogModuleManager: Shutting down and abandoning module ClothingSystemRuntime (236)
[2018.09.10-11.02.11:759][291]LogModuleManager: Shutting down and abandoning module MediaAssets (234)
[2018.09.10-11.02.11:759][291]LogModuleManager: Shutting down and abandoning module Overlay (232)
[2018.09.10-11.02.11:759][291]LogModuleManager: Shutting down and abandoning module OverlayEditor (231)
[2018.09.10-11.02.11:759][291]LogModuleManager: Shutting down and abandoning module VREditor (228)
[2018.09.10-11.02.11:827][291]LogModuleManager: Shutting down and abandoning module StringTableEditor (226)
[2018.09.10-11.02.11:829][291]LogModuleManager: Shutting down and abandoning module GameplayTasksEditor (224)
[2018.09.10-11.02.11:829][291]LogModuleManager: Shutting down and abandoning module BehaviorTreeEditor (222)
[2018.09.10-11.02.11:957][291]LogModuleManager: Shutting down and abandoning module FunctionalTesting (220)
[2018.09.10-11.02.11:973][291]LogModuleManager: Shutting down and abandoning module CollisionAnalyzer (218)
[2018.09.10-11.02.12:061][291]LogModuleManager: Shutting down and abandoning module WorkspaceMenuStructure (217)
[2018.09.10-11.02.12:189][291]LogModuleManager: Shutting down and abandoning module UMG (214)
[2018.09.10-11.02.12:208][291]LogModuleManager: Shutting down and abandoning module UMGEditor (213)
[2018.09.10-11.02.12:294][291]LogModuleManager: Shutting down and abandoning module Sequencer (212)
[2018.09.10-11.02.12:448][291]LogModuleManager: Shutting down and abandoning module MessageLog (209)
[2018.09.10-11.02.12:448][291]LogModuleManager: Shutting down and abandoning module SlateReflector (204)
[2018.09.10-11.02.12:579][291]LogModuleManager: Shutting down and abandoning module Slate (202)
[2018.09.10-11.02.12:579][291]LogModuleManager: Shutting down and abandoning module EditorStyle (200)
[2018.09.10-11.02.12:609][291]LogModuleManager: Shutting down and abandoning module MRMesh (198)
[2018.09.10-11.02.12:609][291]LogModuleManager: Shutting down and abandoning module SourceCodeAccess (196)
[2018.09.10-11.02.12:609][291]LogModuleManager: Shutting down and abandoning module HeadMountedDisplay (194)
[2018.09.10-11.02.12:609][291]LogModuleManager: Shutting down and abandoning module XAudio2 (192)
[2018.09.10-11.02.12:609][291]LogModuleManager: Shutting down and abandoning module Networking (190)
[2018.09.10-11.02.12:609][291]LogModuleManager: Shutting down and abandoning module Core (188)
[2018.09.10-11.02.12:609][291]LogModuleManager: Shutting down and abandoning module LevelSequence (186)
[2018.09.10-11.02.12:609][291]LogModuleManager: Shutting down and abandoning module KismetCompiler (184)
[2018.09.10-11.02.12:609][291]LogModuleManager: Shutting down and abandoning module MeshUtilities (182)
[2018.09.10-11.02.12:663][291]LogModuleManager: Shutting down and abandoning module MeshMergeUtilities (181)
[2018.09.10-11.02.12:665][291]LogModuleManager: Shutting down and abandoning module MeshReductionInterface (180)
[2018.09.10-11.02.12:665][291]LogModuleManager: Shutting down and abandoning module SimplygonSwarm (179)
[2018.09.10-11.02.12:694][291]LogModuleManager: Shutting down and abandoning module ProxyLODMeshReduction (177)
[2018.09.10-11.02.12:855][291]LogModuleManager: Shutting down and abandoning module SimplygonMeshReduction (175)
[2018.09.10-11.02.12:856][291]LogModuleManager: Shutting down and abandoning module QuadricMeshReduction (173)
[2018.09.10-11.02.12:857][291]LogModuleManager: Shutting down and abandoning module MaterialBaking (169)
[2018.09.10-11.02.12:883][291]LogModuleManager: Shutting down and abandoning module DirectoryWatcher (165)
[2018.09.10-11.02.12:884][291]LogModuleManager: Shutting down and abandoning module DerivedDataCache (162)
[2018.09.10-11.02.12:893][291]LogDerivedDataCache: Shutdown
[2018.09.10-11.02.12:893][291]LogModuleManager: Shutting down and abandoning module XGEController (160)
[2018.09.10-11.02.12:894][291]LogXGEController: Cleaning working directory: C:/Users/mikey/AppData/Local/Temp/UnrealXGEWorkingDir/
[2018.09.10-11.02.12:894][291]LogModuleManager: Shutting down and abandoning module TargetPlatform (158)
[2018.09.10-11.02.12:895][291]LogModuleManager: Shutting down and abandoning module VulkanShaderFormat (157)
[2018.09.10-11.02.12:921][291]LogModuleManager: Shutting down and abandoning module ShaderFormatVectorVM (155)
[2018.09.10-11.02.12:922][291]LogModuleManager: Shutting down and abandoning module ShaderFormatOpenGL (153)
[2018.09.10-11.02.12:957][291]LogModuleManager: Shutting down and abandoning module ShaderFormatD3D (151)
[2018.09.10-11.02.12:957][291]LogModuleManager: Shutting down and abandoning module MetalShaderFormat (149)
[2018.09.10-11.02.13:002][291]LogModuleManager: Shutting down and abandoning module TextureFormatUncompressed (147)
[2018.09.10-11.02.13:002][291]LogModuleManager: Shutting down and abandoning module TextureFormatPVR (145)
[2018.09.10-11.02.13:002][291]LogModuleManager: Shutting down and abandoning module TextureFormatDXT (143)
[2018.09.10-11.02.13:003][291]LogModuleManager: Shutting down and abandoning module TextureFormatIntelISPCTexComp (141)
[2018.09.10-11.02.13:006][291]LogModuleManager: Shutting down and abandoning module TextureFormatASTC (139)
[2018.09.10-11.02.13:006][291]LogModuleManager: Shutting down and abandoning module ImageWrapper (138)
[2018.09.10-11.02.13:006][291]LogModuleManager: Shutting down and abandoning module TextureFormatAndroid (135)
[2018.09.10-11.02.13:007][291]LogModuleManager: Shutting down and abandoning module AudioFormatOpus (133)
[2018.09.10-11.02.13:007][291]LogModuleManager: Shutting down and abandoning module AudioFormatOgg (131)
[2018.09.10-11.02.13:007][291]LogModuleManager: Shutting down and abandoning module AudioFormatADPCM (129)
[2018.09.10-11.02.13:008][291]LogModuleManager: Shutting down and abandoning module LuminTargetPlatform (127)
[2018.09.10-11.02.13:008][291]LogModuleManager: Shutting down and abandoning module LinuxTargetPlatform (125)
[2018.09.10-11.02.13:009][291]LogModuleManager: Shutting down and abandoning module LinuxServerTargetPlatform (123)
[2018.09.10-11.02.13:010][291]LogModuleManager: Shutting down and abandoning module LinuxNoEditorTargetPlatform (121)
[2018.09.10-11.02.13:011][291]LogModuleManager: Shutting down and abandoning module LinuxClientTargetPlatform (119)
[2018.09.10-11.02.13:012][291]LogModuleManager: Shutting down and abandoning module TVOSTargetPlatform (117)
[2018.09.10-11.02.13:042][291]LogModuleManager: Shutting down and abandoning module Messaging (115)
[2018.09.10-11.02.13:042][291]LogModuleManager: Shutting down and abandoning module IOSTargetPlatform (113)
[2018.09.10-11.02.13:057][291]LogModuleManager: Shutting down and abandoning module HTML5TargetPlatform (111)
[2018.09.10-11.02.13:057][291]LogModuleManager: Shutting down and abandoning module AndroidTargetPlatform (109)
[2018.09.10-11.02.13:120][291]LogModuleManager: Shutting down and abandoning module WindowsTargetPlatform (107)
[2018.09.10-11.02.13:121][291]LogModuleManager: Shutting down and abandoning module WindowsServerTargetPlatform (105)
[2018.09.10-11.02.13:121][291]LogModuleManager: Shutting down and abandoning module WindowsNoEditorTargetPlatform (103)
[2018.09.10-11.02.13:121][291]LogModuleManager: Shutting down and abandoning module WindowsClientTargetPlatform (101)
[2018.09.10-11.02.13:121][291]LogModuleManager: Shutting down and abandoning module MacTargetPlatform (99)
[2018.09.10-11.02.13:121][291]LogModuleManager: Shutting down and abandoning module MacServerTargetPlatform (97)
[2018.09.10-11.02.13:121][291]LogModuleManager: Shutting down and abandoning module MacNoEditorTargetPlatform (95)
[2018.09.10-11.02.13:122][291]LogModuleManager: Shutting down and abandoning module MacClientTargetPlatform (93)
[2018.09.10-11.02.13:124][291]LogModuleManager: Shutting down and abandoning module AllDesktopTargetPlatform (91)
[2018.09.10-11.02.13:124][291]LogModuleManager: Shutting down and abandoning module InputCore (88)
[2018.09.10-11.02.13:124][291]LogModuleManager: Shutting down and abandoning module Settings (86)
[2018.09.10-11.02.13:124][291]LogModuleManager: Shutting down and abandoning module PhysXCooking (84)
[2018.09.10-11.02.13:124][291]LogModuleManager: Shutting down and abandoning module SteamVR (82)
[2018.09.10-11.02.13:124][291]LogModuleManager: Shutting down and abandoning module OculusHMD (80)
[2018.09.10-11.02.13:139][291]LogModuleManager: Shutting down and abandoning module ExampleDeviceProfileSelector (78)
[2018.09.10-11.02.13:139][291]LogModuleManager: Shutting down and abandoning module LauncherChunkInstaller (76)
[2018.09.10-11.02.13:139][291]LogModuleManager: Shutting down and abandoning module OnlineBlueprintSupport (74)
[2018.09.10-11.02.13:139][291]LogModuleManager: Shutting down and abandoning module OnlineSubsystem (70)
[2018.09.10-11.02.13:195][291]LogModuleManager: Shutting down and abandoning module XMPP (65)
[2018.09.10-11.02.13:460][291]LogModuleManager: Shutting down and abandoning module WebSockets (64)
[2018.09.10-11.02.13:699][291]LogModuleManager: Shutting down and abandoning module HTTP (61)
[2018.09.10-11.02.13:731][291]LogHttp: Display: Http module shutting down, but needs to wait on 1 outstanding Http requests:
[2018.09.10-11.02.13:731][291]LogHttp: Display: 	verb=[POST] url=[https://datarouter.ol.epicgames.com/datarouter/api/v1/public/data?SessionID=%7BB979E41A-43EF-5B72-D992-E88072ADBE97%7D&AppID=UEEditor.Rocket.Release&AppVersion=4.20.0-4212847%2B%2B%2BUE4%2BRelease-4.20&UserID=31027a594662a0b97be24a9d90c3d532%7C9aea4035aae84fc6a50e2bbd0bcac9c5%7C272cb1e4-9c96-41d3-8475-4726cc712451&AppEnvironment=datacollector-binary&UploadType=eteventstream] status=Processing
[2018.09.10-11.02.13:741][291]LogModuleManager: Shutting down and abandoning module SSL (60)
[2018.09.10-11.02.13:765][291]LogModuleManager: Shutting down and abandoning module MagicLeapEmulator (56)
[2018.09.10-11.02.13:765][291]LogModuleManager: Shutting down and abandoning module MagicLeapPrivileges (54)
[2018.09.10-11.02.13:765][291]LogModuleManager: Shutting down and abandoning module MagicLeapIdentity (52)
[2018.09.10-11.02.13:765][291]LogModuleManager: Shutting down and abandoning module MagicLeapHelperVulkan (50)
[2018.09.10-11.02.13:765][291]LogModuleManager: Shutting down and abandoning module MagicLeapHelperOpenGL (48)
[2018.09.10-11.02.13:765][291]LogModuleManager: Shutting down and abandoning module MagicLeapSecureStorage (46)
[2018.09.10-11.02.13:765][291]LogModuleManager: Shutting down and abandoning module MagicLeapGestures (44)
[2018.09.10-11.02.13:786][291]LogModuleManager: Shutting down and abandoning module MagicLeapEyeTracker (42)
[2018.09.10-11.02.13:786][291]LogModuleManager: Shutting down and abandoning module MagicLeapController (40)
[2018.09.10-11.02.13:787][291]LogSlate: Slate User Destroyed.  User Index 0, Is Virtual User: 0
[2018.09.10-11.02.13:787][291]LogModuleManager: Shutting down and abandoning module MagicLeap (38)
[2018.09.10-11.02.13:810][291]LogModuleManager: Shutting down and abandoning module AnimationModifiers (36)
[2018.09.10-11.02.13:873][291]LogModuleManager: Shutting down and abandoning module PropertyEditor (35)
[2018.09.10-11.02.13:958][291]LogModuleManager: Shutting down and abandoning module AudioEditor (32)
[2018.09.10-11.02.14:054][291]LogModuleManager: Shutting down and abandoning module TextureCompressor (30)
[2018.09.10-11.02.14:058][291]LogModuleManager: Shutting down and abandoning module ShaderCore (28)
[2018.09.10-11.02.14:058][291]LogModuleManager: Shutting down and abandoning module Landscape (26)
[2018.09.10-11.02.14:058][291]LogModuleManager: Shutting down and abandoning module SlateRHIRenderer (24)
[2018.09.10-11.02.14:103][291]LogModuleManager: Shutting down and abandoning module OpenGLDrv (22)
[2018.09.10-11.02.14:148][291]LogModuleManager: Shutting down and abandoning module D3D11RHI (20)
[2018.09.10-11.02.14:148][291]LogModuleManager: Shutting down and abandoning module AnimGraphRuntime (18)
[2018.09.10-11.02.14:170][291]LogModuleManager: Shutting down and abandoning module Renderer (16)
[2018.09.10-11.02.14:170][291]LogModuleManager: Shutting down and abandoning module Engine (14)
[2018.09.10-11.02.14:170][291]LogModuleManager: Shutting down and abandoning module CoreUObject (12)
[2018.09.10-11.02.14:170][291]LogModuleManager: Shutting down and abandoning module NetworkFile (10)
[2018.09.10-11.02.14:171][291]LogModuleManager: Shutting down and abandoning module CookedIterativeFile (8)
[2018.09.10-11.02.14:171][291]LogModuleManager: Shutting down and abandoning module StreamingFile (6)
[2018.09.10-11.02.14:172][291]LogModuleManager: Shutting down and abandoning module SandboxFile (4)
[2018.09.10-11.02.14:172][291]LogModuleManager: Shutting down and abandoning module PakFile (2)
[2018.09.10-11.02.14:219][291]LogExit: Exiting.
[2018.09.10-11.02.14:333][291]Log file closed, 09/10/18 12:02:14
